<?xml version="1.0" encoding="UTF-8"?>
<testsuites name="PRICING-Test Plan Regresión Core" time="673.063" tests="19" failures="1" errors="0">
   <testsuite name="PRICING-Test Plan Regresión Core" tests="19" failures="1" errors="0" time="673.063" skipped="0" timestamp="09-12-2024T14:03:57" hostname="afernandezd - localhost" id="Test Suites/PRICING-Test Plan Regresión Core">
      <properties>
         <property name="deviceName" value=""/>
         <property name="devicePlatform"/>
         <property name="logFolder" value="/Users/afernandezd/Katalon Studio/Pricing-PrimeraPrueba/Reports/20241209_140354/PRICING-Test Plan Regresi\u00F3n Core/20241209_140354"/>
         <property name="logFiles" value="/Users/afernandezd/Katalon Studio/Pricing-PrimeraPrueba/Reports/20241209_140354/PRICING-Test Plan Regresi\u00F3n Core/20241209_140354/execution0.log"/>
         <property name="attachments" value="/Users/afernandezd/Katalon Studio/Pricing-PrimeraPrueba/Reports/20241209_140354/PRICING-Test Plan Regresi\u00F3n Core/20241209_140354/1733749495948.png, /Users/afernandezd/Katalon Studio/Pricing-PrimeraPrueba/Reports/20241209_140354/PRICING-Test Plan Regresi\u00F3n Core/20241209_140354/P-25-2167, /Users/afernandezd/Katalon Studio/Pricing-PrimeraPrueba/Reports/20241209_140354/PRICING-Test Plan Regresi\u00F3n Core/20241209_140354/P-25-2244, /Users/afernandezd/Katalon Studio/Pricing-PrimeraPrueba/Reports/20241209_140354/PRICING-Test Plan Regresi\u00F3n Core/20241209_140354/P25-2246, /Users/afernandezd/Katalon Studio/Pricing-PrimeraPrueba/Reports/20241209_140354/PRICING-Test Plan Regresi\u00F3n Core/20241209_140354/P-25-2166, /Users/afernandezd/Katalon Studio/Pricing-PrimeraPrueba/Reports/20241209_140354/PRICING-Test Plan Regresi\u00F3n Core/20241209_140354/P-25-2173, /Users/afernandezd/Katalon Studio/Pricing-PrimeraPrueba/Reports/20241209_140354/PRICING-Test Plan Regresi\u00F3n Core/20241209_140354/P25-2248, /Users/afernandezd/Katalon Studio/Pricing-PrimeraPrueba/Reports/20241209_140354/PRICING-Test Plan Regresi\u00F3n Core/20241209_140354/P-25-2175, /Users/afernandezd/Katalon Studio/Pricing-PrimeraPrueba/Reports/20241209_140354/PRICING-Test Plan Regresi\u00F3n Core/20241209_140354/P-25-2175, /Users/afernandezd/Katalon Studio/Pricing-PrimeraPrueba/Reports/20241209_140354/PRICING-Test Plan Regresi\u00F3n Core/20241209_140354/1733749775426.png, /Users/afernandezd/Katalon Studio/Pricing-PrimeraPrueba/Reports/20241209_140354/PRICING-Test Plan Regresi\u00F3n Core/20241209_140354/1733749832971.png, /Users/afernandezd/Katalon Studio/Pricing-PrimeraPrueba/Reports/20241209_140354/PRICING-Test Plan Regresi\u00F3n Core/20241209_140354/1733749899702.png, /Users/afernandezd/Katalon Studio/Pricing-PrimeraPrueba/Reports/20241209_140354/PRICING-Test Plan Regresi\u00F3n Core/20241209_140354/1733749970658.png, /Users/afernandezd/Katalon Studio/Pricing-PrimeraPrueba/Reports/20241209_140354/PRICING-Test Plan Regresi\u00F3n Core/20241209_140354/1733749990700.png, /Users/afernandezd/Katalon Studio/Pricing-PrimeraPrueba/Reports/20241209_140354/PRICING-Test Plan Regresi\u00F3n Core/20241209_140354/P-25-2172, /Users/afernandezd/Katalon Studio/Pricing-PrimeraPrueba/Reports/20241209_140354/PRICING-Test Plan Regresi\u00F3n Core/20241209_140354/P-25-2186, /Users/afernandezd/Katalon Studio/Pricing-PrimeraPrueba/Reports/20241209_140354/PRICING-Test Plan Regresi\u00F3n Core/20241209_140354/P-25-2186, /Users/afernandezd/Katalon Studio/Pricing-PrimeraPrueba/Reports/20241209_140354/PRICING-Test Plan Regresi\u00F3n Core/20241209_140354/P-25-2186, /Users/afernandezd/Katalon Studio/Pricing-PrimeraPrueba/Reports/20241209_140354/PRICING-Test Plan Regresi\u00F3n Core/20241209_140354/P-25-2186"/>
         <property name="hostName" value="afernandezd - localhost"/>
         <property name="os" value="Mac OS X 64bit"/>
         <property name="katalonVersion" value="9.5.0.217"/>
         <property name="browser" value="Chrome 131.0.0.0"/>
         <property name="hostAddress" value="127.0.0.1"/>
         <property name="sessionId" value="8a301aaa9a18b85529152c49bcf8e264"/>
         <property name="seleniumVersion" value="3.141.59"/>
         <property name="proxyInformation" value="ProxyInformation { proxyOption=NO_PROXY, proxyServerType=HTTP, username=, password=********, proxyServerAddress=, proxyServerPort=0, executionList=&quot;&quot;, isApplyToDesiredCapabilities=true }"/>
         <property name="platform" value="Mac OS X"/>
      </properties>
      <testcase name="Test Cases/PRICING-Test Plan Regresión Core/P25-LoginPricing-KO-pass" time="11.349" classname="Test Cases/PRICING-Test Plan Regresión Core/P25-LoginPricing-KO-pass" status="PASSED">
         <system-out><![CDATA[09-12-2024T14:03:57 - [TEST_CASE][PASSED] - Test Cases/PRICING-Test Plan Regresión Core/P25-LoginPricing-KO-pass: Test Cases/PRICING-Test Plan Regresión Core/P25-LoginPricing-KO-pass

09-12-2024T14:03:57 - [TEST_STEP][PASSED] - openBrowser(""): Browser is opened with url: ''

09-12-2024T14:03:57 - [MESSAGE][INFO] - Starting 'Chrome' driver

09-12-2024T14:03:57 - [MESSAGE][INFO] - Action delay is set to 0 milliseconds

09-12-2024T14:03:58 - [MESSAGE][PASSED] - Browser is opened with url: ''

09-12-2024T14:03:58 - [TEST_STEP][PASSED] - navigateToUrl("https://pre-sales.recordgo.cloud/login"): Navigate to 'https://pre-sales.recordgo.cloud/login' successfully

09-12-2024T14:04:05 - [MESSAGE][PASSED] - Navigate to 'https://pre-sales.recordgo.cloud/login' successfully

09-12-2024T14:04:05 - [TEST_STEP][PASSED] - maximizeWindow(): Current window maximized

09-12-2024T14:04:05 - [MESSAGE][PASSED] - Current window maximized

09-12-2024T14:04:05 - [TEST_STEP][PASSED] - setText(findTestObject("Pricing-Test Plan Regresión Core/Page_Login/input_Log in to your account__username"), "antonio.diego"): Text 'antonio.diego' is set on object 'Object Repository/Pricing-Test Plan Regresión Core/Page_Login/input_Log in to your account__username'

09-12-2024T14:04:06 - [MESSAGE][PASSED] - Text 'antonio.diego' is set on object 'Object Repository/Pricing-Test Plan Regresión Core/Page_Login/input_Log in to your account__username'

09-12-2024T14:04:06 - [TEST_STEP][PASSED] - setEncryptedText(findTestObject("Object Repository/Pricing-Test Plan Regresión Core/Page_Login/input_Log in to your account__password"), "y3nGvd+W12k="): Text ****** has been set on object 'Object Repository/Pricing-Test Plan Regresión Core/Page_Login/input_Log in to your account__password'

09-12-2024T14:04:06 - [MESSAGE][PASSED] - Text ****** has been set on object 'Object Repository/Pricing-Test Plan Regresión Core/Page_Login/input_Log in to your account__password'

09-12-2024T14:04:06 - [TEST_STEP][PASSED] - selectOptionByValue(findTestObject("Object Repository/Pricing-Test Plan Regresión Core/Page_Login/select_Select an option CANARY ISLAND"), "IC", true): All options with value 'IC' are selected in object 'Object Repository/Pricing-Test Plan Regresión Core/Page_Login/select_Select an option CANARY ISLAND'  using regular expression

09-12-2024T14:04:07 - [MESSAGE][PASSED] - All options with value 'IC' are selected in object 'Object Repository/Pricing-Test Plan Regresión Core/Page_Login/select_Select an option CANARY ISLAND'  using regular expression

09-12-2024T14:04:07 - [TEST_STEP][PASSED] - click(findTestObject("Object Repository/Pricing-Test Plan Regresión Core/Page_Login/button_Login")): Object: 'Object Repository/Pricing-Test Plan Regresión Core/Page_Login/button_Login' is clicked on

09-12-2024T14:04:08 - [MESSAGE][PASSED] - Object: 'Object Repository/Pricing-Test Plan Regresión Core/Page_Login/button_Login' is clicked on

09-12-2024T14:04:08 - [TEST_STEP][PASSED] - waitForElementPresent(findTestObject("Pricing-Test Plan Regresión Core/Page_Login/div_Invalid credentials"), 3): Object 'Object Repository/Pricing-Test Plan Regresión Core/Page_Login/div_Invalid credentials' is present

09-12-2024T14:04:08 - [MESSAGE][PASSED] - Object 'Object Repository/Pricing-Test Plan Regresión Core/Page_Login/div_Invalid credentials' is present

09-12-2024T14:04:08 - [TEST_STEP][PASSED] - waitForElementVisible(findTestObject("Pricing-Test Plan Regresión Core/Page_Login/div_Invalid credentials"), 3): Object 'Object Repository/Pricing-Test Plan Regresión Core/Page_Login/div_Invalid credentials' is visible

09-12-2024T14:04:08 - [MESSAGE][PASSED] - Object 'Object Repository/Pricing-Test Plan Regresión Core/Page_Login/div_Invalid credentials' is visible

09-12-2024T14:04:08 - [TEST_STEP][PASSED] - closeBrowser(): Browser is closed

09-12-2024T14:04:08 - [MESSAGE][PASSED] - Browser is closed]]></system-out>
         <system-err><![CDATA[]]></system-err>
      </testcase>
      <testcase name="Test Cases/PRICING-Test Plan Regresión Core/P25-LoginPricing-KO-user" time="9.358" classname="Test Cases/PRICING-Test Plan Regresión Core/P25-LoginPricing-KO-user" status="PASSED">
         <system-out><![CDATA[09-12-2024T14:04:08 - [TEST_CASE][PASSED] - Test Cases/PRICING-Test Plan Regresión Core/P25-LoginPricing-KO-user: Test Cases/PRICING-Test Plan Regresión Core/P25-LoginPricing-KO-user

09-12-2024T14:04:08 - [TEST_STEP][PASSED] - openBrowser(""): Browser is opened with url: ''

09-12-2024T14:04:08 - [MESSAGE][INFO] - Starting 'Chrome' driver

09-12-2024T14:04:08 - [MESSAGE][INFO] - Action delay is set to 0 milliseconds

09-12-2024T14:04:09 - [MESSAGE][PASSED] - Browser is opened with url: ''

09-12-2024T14:04:09 - [TEST_STEP][PASSED] - navigateToUrl("https://pre-sales.recordgo.cloud/login"): Navigate to 'https://pre-sales.recordgo.cloud/login' successfully

09-12-2024T14:04:14 - [MESSAGE][PASSED] - Navigate to 'https://pre-sales.recordgo.cloud/login' successfully

09-12-2024T14:04:14 - [TEST_STEP][PASSED] - maximizeWindow(): Current window maximized

09-12-2024T14:04:14 - [MESSAGE][PASSED] - Current window maximized

09-12-2024T14:04:14 - [TEST_STEP][PASSED] - setText(findTestObject("Pricing-Test Plan Regresión Core/Page_Login/input_Log in to your account__username"), "anio.diego"): Text 'anio.diego' is set on object 'Object Repository/Pricing-Test Plan Regresión Core/Page_Login/input_Log in to your account__username'

09-12-2024T14:04:15 - [MESSAGE][PASSED] - Text 'anio.diego' is set on object 'Object Repository/Pricing-Test Plan Regresión Core/Page_Login/input_Log in to your account__username'

09-12-2024T14:04:15 - [TEST_STEP][PASSED] - setEncryptedText(findTestObject("Object Repository/Pricing-Test Plan Regresión Core/Page_Login/input_Log in to your account__password"), "4WoE78dHD36JvULd0ZrVWg=="): Text ****** has been set on object 'Object Repository/Pricing-Test Plan Regresión Core/Page_Login/input_Log in to your account__password'

09-12-2024T14:04:15 - [MESSAGE][PASSED] - Text ****** has been set on object 'Object Repository/Pricing-Test Plan Regresión Core/Page_Login/input_Log in to your account__password'

09-12-2024T14:04:15 - [TEST_STEP][PASSED] - selectOptionByValue(findTestObject("Object Repository/Pricing-Test Plan Regresión Core/Page_Login/select_Select an option CANARY ISLAND"), "IC", true): All options with value 'IC' are selected in object 'Object Repository/Pricing-Test Plan Regresión Core/Page_Login/select_Select an option CANARY ISLAND'  using regular expression

09-12-2024T14:04:16 - [MESSAGE][PASSED] - All options with value 'IC' are selected in object 'Object Repository/Pricing-Test Plan Regresión Core/Page_Login/select_Select an option CANARY ISLAND'  using regular expression

09-12-2024T14:04:16 - [TEST_STEP][PASSED] - click(findTestObject("Object Repository/Pricing-Test Plan Regresión Core/Page_Login/button_Login")): Object: 'Object Repository/Pricing-Test Plan Regresión Core/Page_Login/button_Login' is clicked on

09-12-2024T14:04:17 - [MESSAGE][PASSED] - Object: 'Object Repository/Pricing-Test Plan Regresión Core/Page_Login/button_Login' is clicked on

09-12-2024T14:04:17 - [TEST_STEP][PASSED] - waitForElementPresent(findTestObject("Pricing-Test Plan Regresión Core/Page_Login/div_Invalid credentials"), 3): Object 'Object Repository/Pricing-Test Plan Regresión Core/Page_Login/div_Invalid credentials' is present

09-12-2024T14:04:17 - [MESSAGE][PASSED] - Object 'Object Repository/Pricing-Test Plan Regresión Core/Page_Login/div_Invalid credentials' is present

09-12-2024T14:04:17 - [TEST_STEP][PASSED] - waitForElementVisible(findTestObject("Pricing-Test Plan Regresión Core/Page_Login/div_Invalid credentials"), 3): Object 'Object Repository/Pricing-Test Plan Regresión Core/Page_Login/div_Invalid credentials' is visible

09-12-2024T14:04:18 - [MESSAGE][PASSED] - Object 'Object Repository/Pricing-Test Plan Regresión Core/Page_Login/div_Invalid credentials' is visible

09-12-2024T14:04:18 - [TEST_STEP][PASSED] - closeBrowser(): Browser is closed

09-12-2024T14:04:18 - [MESSAGE][PASSED] - Browser is closed]]></system-out>
         <system-err><![CDATA[]]></system-err>
      </testcase>
      <testcase name="Test Cases/PRICING-Test Plan Regresión Core/P25-LoginPricing-OK" time="10.487" classname="Test Cases/PRICING-Test Plan Regresión Core/P25-LoginPricing-OK" status="PASSED">
         <system-out><![CDATA[09-12-2024T14:04:18 - [TEST_CASE][PASSED] - Test Cases/PRICING-Test Plan Regresión Core/P25-LoginPricing-OK: Test Cases/PRICING-Test Plan Regresión Core/P25-LoginPricing-OK

09-12-2024T14:04:18 - [TEST_STEP][PASSED] - openBrowser(""): Browser is opened with url: ''

09-12-2024T14:04:18 - [MESSAGE][INFO] - Starting 'Chrome' driver

09-12-2024T14:04:18 - [MESSAGE][INFO] - Action delay is set to 0 milliseconds

09-12-2024T14:04:18 - [MESSAGE][PASSED] - Browser is opened with url: ''

09-12-2024T14:04:18 - [TEST_STEP][PASSED] - navigateToUrl("https://pre-sales.recordgo.cloud/login"): Navigate to 'https://pre-sales.recordgo.cloud/login' successfully

09-12-2024T14:04:24 - [MESSAGE][PASSED] - Navigate to 'https://pre-sales.recordgo.cloud/login' successfully

09-12-2024T14:04:24 - [TEST_STEP][PASSED] - maximizeWindow(): Current window maximized

09-12-2024T14:04:24 - [MESSAGE][PASSED] - Current window maximized

09-12-2024T14:04:24 - [TEST_STEP][PASSED] - setText(findTestObject("Pricing-Test Plan Regresión Core/Page_Login/input_Log in to your account__username"), "antonio.diego"): Text 'antonio.diego' is set on object 'Object Repository/Pricing-Test Plan Regresión Core/Page_Login/input_Log in to your account__username'

09-12-2024T14:04:25 - [MESSAGE][PASSED] - Text 'antonio.diego' is set on object 'Object Repository/Pricing-Test Plan Regresión Core/Page_Login/input_Log in to your account__username'

09-12-2024T14:04:25 - [TEST_STEP][PASSED] - setEncryptedText(findTestObject("Object Repository/Pricing-Test Plan Regresión Core/Page_Login/input_Log in to your account__password"), "4WoE78dHD36JvULd0ZrVWg=="): Text ****** has been set on object 'Object Repository/Pricing-Test Plan Regresión Core/Page_Login/input_Log in to your account__password'

09-12-2024T14:04:25 - [MESSAGE][PASSED] - Text ****** has been set on object 'Object Repository/Pricing-Test Plan Regresión Core/Page_Login/input_Log in to your account__password'

09-12-2024T14:04:25 - [TEST_STEP][PASSED] - selectOptionByValue(findTestObject("Object Repository/Pricing-Test Plan Regresión Core/Page_Login/select_Select an option CANARY ISLAND"), "IC", true): All options with value 'IC' are selected in object 'Object Repository/Pricing-Test Plan Regresión Core/Page_Login/select_Select an option CANARY ISLAND'  using regular expression

09-12-2024T14:04:26 - [MESSAGE][PASSED] - All options with value 'IC' are selected in object 'Object Repository/Pricing-Test Plan Regresión Core/Page_Login/select_Select an option CANARY ISLAND'  using regular expression

09-12-2024T14:04:26 - [TEST_STEP][PASSED] - click(findTestObject("Object Repository/Pricing-Test Plan Regresión Core/Page_Login/button_Login")): Object: 'Object Repository/Pricing-Test Plan Regresión Core/Page_Login/button_Login' is clicked on

09-12-2024T14:04:27 - [MESSAGE][PASSED] - Object: 'Object Repository/Pricing-Test Plan Regresión Core/Page_Login/button_Login' is clicked on

09-12-2024T14:04:27 - [TEST_STEP][PASSED] - waitForElementVisible(findTestObject("Pricing-Test Plan Regresión Core/Page_PRICING/img"), 0): Object 'Object Repository/Pricing-Test Plan Regresión Core/Page_PRICING/img' is visible

09-12-2024T14:04:27 - [MESSAGE][WARNING] - Timeout '0' is invalid. Using default page load timeout: '30'

09-12-2024T14:04:28 - [MESSAGE][PASSED] - Object 'Object Repository/Pricing-Test Plan Regresión Core/Page_PRICING/img' is visible

09-12-2024T14:04:28 - [TEST_STEP][PASSED] - verifyElementVisible(findTestObject("Object Repository/Pricing-Test Plan Regresión Core/Page_PRICING/img")): Object 'Object Repository/Pricing-Test Plan Regresión Core/Page_PRICING/img' is visible

09-12-2024T14:04:28 - [MESSAGE][PASSED] - Object 'Object Repository/Pricing-Test Plan Regresión Core/Page_PRICING/img' is visible

09-12-2024T14:04:28 - [TEST_STEP][PASSED] - closeBrowser(): Browser is closed

09-12-2024T14:04:28 - [MESSAGE][PASSED] - Browser is closed]]></system-out>
         <system-err><![CDATA[]]></system-err>
      </testcase>
      <testcase name="Test Cases/PRICING-Test Plan Regresión Core/P25-2163-PRODUCTOS-VisualizarProductos" time="27.653" classname="Test Cases/PRICING-Test Plan Regresión Core/P25-2163-PRODUCTOS-VisualizarProductos" status="PASSED">
         <system-out><![CDATA[09-12-2024T14:04:28 - [TEST_CASE][PASSED] - Test Cases/PRICING-Test Plan Regresión Core/P25-2163-PRODUCTOS-VisualizarProductos: Test Cases/PRICING-Test Plan Regresión Core/P25-2163-PRODUCTOS-VisualizarProductos

09-12-2024T14:04:28 - [TEST_STEP][PASSED] - openBrowser(""): Browser is opened with url: ''

09-12-2024T14:04:28 - [MESSAGE][INFO] - Starting 'Chrome' driver

09-12-2024T14:04:28 - [MESSAGE][INFO] - Action delay is set to 0 milliseconds

09-12-2024T14:04:29 - [MESSAGE][PASSED] - Browser is opened with url: ''

09-12-2024T14:04:29 - [TEST_STEP][PASSED] - navigateToUrl("https://pre-sales.recordgo.cloud/login"): Navigate to 'https://pre-sales.recordgo.cloud/login' successfully

09-12-2024T14:04:44 - [MESSAGE][PASSED] - Navigate to 'https://pre-sales.recordgo.cloud/login' successfully

09-12-2024T14:04:44 - [TEST_STEP][PASSED] - maximizeWindow(): Current window maximized

09-12-2024T14:04:44 - [MESSAGE][PASSED] - Current window maximized

09-12-2024T14:04:44 - [TEST_STEP][PASSED] - setText(findTestObject("Pricing-Test Plan Regresión Core/Page_Login/input_Log in to your account__username"), "antonio.diego"): Text 'antonio.diego' is set on object 'Object Repository/Pricing-Test Plan Regresión Core/Page_Login/input_Log in to your account__username'

09-12-2024T14:04:45 - [MESSAGE][PASSED] - Text 'antonio.diego' is set on object 'Object Repository/Pricing-Test Plan Regresión Core/Page_Login/input_Log in to your account__username'

09-12-2024T14:04:45 - [TEST_STEP][PASSED] - setEncryptedText(findTestObject("Object Repository/Pricing-Test Plan Regresión Core/Page_Login/input_Log in to your account__password"), "4WoE78dHD36JvULd0ZrVWg=="): Text ****** has been set on object 'Object Repository/Pricing-Test Plan Regresión Core/Page_Login/input_Log in to your account__password'

09-12-2024T14:04:45 - [MESSAGE][PASSED] - Text ****** has been set on object 'Object Repository/Pricing-Test Plan Regresión Core/Page_Login/input_Log in to your account__password'

09-12-2024T14:04:45 - [TEST_STEP][PASSED] - selectOptionByValue(findTestObject("Object Repository/Pricing-Test Plan Regresión Core/Page_Login/select_Select an option CANARY ISLAND"), "IC", true): All options with value 'IC' are selected in object 'Object Repository/Pricing-Test Plan Regresión Core/Page_Login/select_Select an option CANARY ISLAND'  using regular expression

09-12-2024T14:04:46 - [MESSAGE][PASSED] - All options with value 'IC' are selected in object 'Object Repository/Pricing-Test Plan Regresión Core/Page_Login/select_Select an option CANARY ISLAND'  using regular expression

09-12-2024T14:04:46 - [TEST_STEP][PASSED] - click(findTestObject("Object Repository/Pricing-Test Plan Regresión Core/Page_Login/button_Login")): Object: 'Object Repository/Pricing-Test Plan Regresión Core/Page_Login/button_Login' is clicked on

09-12-2024T14:04:48 - [MESSAGE][PASSED] - Object: 'Object Repository/Pricing-Test Plan Regresión Core/Page_Login/button_Login' is clicked on

09-12-2024T14:04:48 - [TEST_STEP][PASSED] - waitForElementVisible(findTestObject("Pricing-Test Plan Regresión Core/Page_PRICING/img"), 5): Object 'Object Repository/Pricing-Test Plan Regresión Core/Page_PRICING/img' is visible

09-12-2024T14:04:48 - [MESSAGE][PASSED] - Object 'Object Repository/Pricing-Test Plan Regresión Core/Page_PRICING/img' is visible

09-12-2024T14:04:48 - [TEST_STEP][PASSED] - verifyElementVisible(findTestObject("Object Repository/Pricing-Test Plan Regresión Core/Page_PRICING/img")): Object 'Object Repository/Pricing-Test Plan Regresión Core/Page_PRICING/img' is visible

09-12-2024T14:04:49 - [MESSAGE][PASSED] - Object 'Object Repository/Pricing-Test Plan Regresión Core/Page_PRICING/img' is visible

09-12-2024T14:04:49 - [TEST_STEP][PASSED] - waitForElementVisible(findTestObject("Pricing-Test Plan Regresión Core/Page_PRICING/span_PRODUCTOS"), 3): Object 'Object Repository/Pricing-Test Plan Regresión Core/Page_PRICING/span_PRODUCTOS' is visible

09-12-2024T14:04:49 - [MESSAGE][PASSED] - Object 'Object Repository/Pricing-Test Plan Regresión Core/Page_PRICING/span_PRODUCTOS' is visible

09-12-2024T14:04:49 - [TEST_STEP][PASSED] - click(findTestObject("Object Repository/Pricing-Test Plan Regresión Core/Page_PRICING/span_PRODUCTOS")): Object: 'Object Repository/Pricing-Test Plan Regresión Core/Page_PRICING/span_PRODUCTOS' is clicked on

09-12-2024T14:04:49 - [MESSAGE][PASSED] - Object: 'Object Repository/Pricing-Test Plan Regresión Core/Page_PRICING/span_PRODUCTOS' is clicked on

09-12-2024T14:04:49 - [TEST_STEP][PASSED] - waitForElementVisible(findTestObject("Pricing-Test Plan Regresión Core/Page_PRICING/span_Producto"), 3): Object 'Object Repository/Pricing-Test Plan Regresión Core/Page_PRICING/span_Producto' is visible

09-12-2024T14:04:49 - [MESSAGE][PASSED] - Object 'Object Repository/Pricing-Test Plan Regresión Core/Page_PRICING/span_Producto' is visible

09-12-2024T14:04:49 - [TEST_STEP][PASSED] - click(findTestObject("Object Repository/Pricing-Test Plan Regresión Core/Page_PRICING/span_Producto")): Object: 'Object Repository/Pricing-Test Plan Regresión Core/Page_PRICING/span_Producto' is clicked on

09-12-2024T14:04:49 - [MESSAGE][PASSED] - Object: 'Object Repository/Pricing-Test Plan Regresión Core/Page_PRICING/span_Producto' is clicked on

09-12-2024T14:04:49 - [TEST_STEP][PASSED] - waitForElementVisible(findTestObject("Pricing-Test Plan Regresión Core/Page_PRICING/span_Visualizar"), 3): Object 'Object Repository/Pricing-Test Plan Regresión Core/Page_PRICING/span_Visualizar' is visible

09-12-2024T14:04:50 - [MESSAGE][PASSED] - Object 'Object Repository/Pricing-Test Plan Regresión Core/Page_PRICING/span_Visualizar' is visible

09-12-2024T14:04:50 - [TEST_STEP][PASSED] - click(findTestObject("Object Repository/Pricing-Test Plan Regresión Core/Page_PRICING/span_Visualizar"), STOP_ON_FAILURE): Object: 'Object Repository/Pricing-Test Plan Regresión Core/Page_PRICING/span_Visualizar' is clicked on

09-12-2024T14:04:51 - [MESSAGE][PASSED] - Object: 'Object Repository/Pricing-Test Plan Regresión Core/Page_PRICING/span_Visualizar' is clicked on

09-12-2024T14:04:51 - [TEST_STEP][PASSED] - waitForElementVisible(findTestObject("Pricing-Test Plan Regresión Core/Page_Visualizar PRODUCTOS/div_Cdigo"), 3): Object 'Object Repository/Pricing-Test Plan Regresión Core/Page_Visualizar PRODUCTOS/div_Cdigo' is not visible after 3 second(s)

09-12-2024T14:04:55 - [MESSAGE][WARNING] - Object 'Object Repository/Pricing-Test Plan Regresión Core/Page_Visualizar PRODUCTOS/div_Cdigo' is not visible after 3 second(s)

09-12-2024T14:04:55 - [TEST_STEP][PASSED] - takeScreenshot(): Taking screenshot successfully

09-12-2024T14:04:56 - [MESSAGE][PASSED] - Taking screenshot successfully
[[ATTACHMENT|/Users/afernandezd/Katalon Studio/Pricing-PrimeraPrueba/Reports/20241209_140354/PRICING-Test Plan Regresi\u00F3n Core/20241209_140354/1733749495948.png]]

09-12-2024T14:04:56 - [TEST_STEP][PASSED] - verifyElementPresent(findTestObject("Pricing-Test Plan Regresión Core/Page_Visualizar PRODUCTOS/div_Cdigo"), 3): Object 'Object Repository/Pricing-Test Plan Regresión Core/Page_Visualizar PRODUCTOS/div_Cdigo' is present

09-12-2024T14:04:56 - [MESSAGE][PASSED] - Object 'Object Repository/Pricing-Test Plan Regresión Core/Page_Visualizar PRODUCTOS/div_Cdigo' is present

09-12-2024T14:04:56 - [TEST_STEP][PASSED] - closeBrowser(): Browser is closed

09-12-2024T14:04:56 - [MESSAGE][PASSED] - Browser is closed]]></system-out>
         <system-err><![CDATA[]]></system-err>
      </testcase>
      <testcase name="Test Cases/PRICING-Test Plan Regresión Core/P25-2167-PRODUCTOS-Visualizar productos-Ver Histórico" time="32.581" classname="Test Cases/PRICING-Test Plan Regresión Core/P25-2167-PRODUCTOS-Visualizar productos-Ver Histórico" status="PASSED">
         <system-out><![CDATA[09-12-2024T14:04:56 - [TEST_CASE][PASSED] - Test Cases/PRICING-Test Plan Regresión Core/P25-2167-PRODUCTOS-Visualizar productos-Ver Histórico: Test Cases/PRICING-Test Plan Regresión Core/P25-2167-PRODUCTOS-Visualizar productos-Ver Histórico

09-12-2024T14:04:56 - [TEST_STEP][PASSED] - openBrowser(""): Browser is opened with url: ''

09-12-2024T14:04:56 - [MESSAGE][INFO] - Starting 'Chrome' driver

09-12-2024T14:04:56 - [MESSAGE][INFO] - Action delay is set to 0 milliseconds

09-12-2024T14:04:57 - [MESSAGE][PASSED] - Browser is opened with url: ''

09-12-2024T14:04:57 - [TEST_STEP][PASSED] - navigateToUrl("https://pre-sales.recordgo.cloud/login"): Navigate to 'https://pre-sales.recordgo.cloud/login' successfully

09-12-2024T14:05:10 - [MESSAGE][PASSED] - Navigate to 'https://pre-sales.recordgo.cloud/login' successfully

09-12-2024T14:05:10 - [TEST_STEP][PASSED] - maximizeWindow(): Current window maximized

09-12-2024T14:05:11 - [MESSAGE][PASSED] - Current window maximized

09-12-2024T14:05:11 - [TEST_STEP][PASSED] - setText(findTestObject("Pricing-Test Plan Regresión Core/Page_Login/input_Log in to your account__username"), "antonio.diego"): Text 'antonio.diego' is set on object 'Object Repository/Pricing-Test Plan Regresión Core/Page_Login/input_Log in to your account__username'

09-12-2024T14:05:11 - [MESSAGE][PASSED] - Text 'antonio.diego' is set on object 'Object Repository/Pricing-Test Plan Regresión Core/Page_Login/input_Log in to your account__username'

09-12-2024T14:05:11 - [TEST_STEP][PASSED] - setEncryptedText(findTestObject("Object Repository/Pricing-Test Plan Regresión Core/Page_Login/input_Log in to your account__password"), "4WoE78dHD36JvULd0ZrVWg=="): Text ****** has been set on object 'Object Repository/Pricing-Test Plan Regresión Core/Page_Login/input_Log in to your account__password'

09-12-2024T14:05:11 - [MESSAGE][PASSED] - Text ****** has been set on object 'Object Repository/Pricing-Test Plan Regresión Core/Page_Login/input_Log in to your account__password'

09-12-2024T14:05:11 - [TEST_STEP][PASSED] - selectOptionByValue(findTestObject("Object Repository/Pricing-Test Plan Regresión Core/Page_Login/select_Select an option CANARY ISLAND"), "IC", true): All options with value 'IC' are selected in object 'Object Repository/Pricing-Test Plan Regresión Core/Page_Login/select_Select an option CANARY ISLAND'  using regular expression

09-12-2024T14:05:12 - [MESSAGE][PASSED] - All options with value 'IC' are selected in object 'Object Repository/Pricing-Test Plan Regresión Core/Page_Login/select_Select an option CANARY ISLAND'  using regular expression

09-12-2024T14:05:12 - [TEST_STEP][PASSED] - click(findTestObject("Pricing-Test Plan Regresión Core/Page_Login/button_Login")): Object: 'Object Repository/Pricing-Test Plan Regresión Core/Page_Login/button_Login' is clicked on

09-12-2024T14:05:14 - [MESSAGE][PASSED] - Object: 'Object Repository/Pricing-Test Plan Regresión Core/Page_Login/button_Login' is clicked on

09-12-2024T14:05:14 - [TEST_STEP][PASSED] - waitForElementVisible(findTestObject("Pricing-Test Plan Regresión Core/Page_PRICING/img"), 5): Object 'Object Repository/Pricing-Test Plan Regresión Core/Page_PRICING/img' is visible

09-12-2024T14:05:14 - [MESSAGE][PASSED] - Object 'Object Repository/Pricing-Test Plan Regresión Core/Page_PRICING/img' is visible

09-12-2024T14:05:14 - [TEST_STEP][PASSED] - waitForElementVisible(findTestObject("Pricing-Test Plan Regresión Core/Page_PRICING/span_PRODUCTOS"), 5): Object 'Object Repository/Pricing-Test Plan Regresión Core/Page_PRICING/span_PRODUCTOS' is visible

09-12-2024T14:05:15 - [MESSAGE][PASSED] - Object 'Object Repository/Pricing-Test Plan Regresión Core/Page_PRICING/span_PRODUCTOS' is visible

09-12-2024T14:05:15 - [TEST_STEP][PASSED] - click(findTestObject("Pricing-Test Plan Regresión Core/Page_PRICING/span_PRODUCTOS")): Object: 'Object Repository/Pricing-Test Plan Regresión Core/Page_PRICING/span_PRODUCTOS' is clicked on

09-12-2024T14:05:15 - [MESSAGE][PASSED] - Object: 'Object Repository/Pricing-Test Plan Regresión Core/Page_PRICING/span_PRODUCTOS' is clicked on

09-12-2024T14:05:15 - [TEST_STEP][PASSED] - waitForElementVisible(findTestObject("Pricing-Test Plan Regresión Core/Page_PRICING/span_Producto"), 5): Object 'Object Repository/Pricing-Test Plan Regresión Core/Page_PRICING/span_Producto' is visible

09-12-2024T14:05:15 - [MESSAGE][PASSED] - Object 'Object Repository/Pricing-Test Plan Regresión Core/Page_PRICING/span_Producto' is visible

09-12-2024T14:05:15 - [TEST_STEP][PASSED] - click(findTestObject("Pricing-Test Plan Regresión Core/Page_PRICING/span_Producto")): Object: 'Object Repository/Pricing-Test Plan Regresión Core/Page_PRICING/span_Producto' is clicked on

09-12-2024T14:05:15 - [MESSAGE][PASSED] - Object: 'Object Repository/Pricing-Test Plan Regresión Core/Page_PRICING/span_Producto' is clicked on

09-12-2024T14:05:15 - [TEST_STEP][PASSED] - waitForElementVisible(findTestObject("Pricing-Test Plan Regresión Core/Page_PRICING/span_Visualizar"), 5): Object 'Object Repository/Pricing-Test Plan Regresión Core/Page_PRICING/span_Visualizar' is visible

09-12-2024T14:05:16 - [MESSAGE][PASSED] - Object 'Object Repository/Pricing-Test Plan Regresión Core/Page_PRICING/span_Visualizar' is visible

09-12-2024T14:05:16 - [TEST_STEP][PASSED] - click(findTestObject("Pricing-Test Plan Regresión Core/Page_PRICING/span_Visualizar")): Object: 'Object Repository/Pricing-Test Plan Regresión Core/Page_PRICING/span_Visualizar' is clicked on

09-12-2024T14:05:17 - [MESSAGE][PASSED] - Object: 'Object Repository/Pricing-Test Plan Regresión Core/Page_PRICING/span_Visualizar' is clicked on

09-12-2024T14:05:17 - [TEST_STEP][PASSED] - waitForElementPresent(findTestObject("Pricing-Test Plan Regresión Core/Page_Visualizar PRODUCTOS/div_Cdigo"), 5): Object 'Object Repository/Pricing-Test Plan Regresión Core/Page_Visualizar PRODUCTOS/div_Cdigo' is present

09-12-2024T14:05:18 - [MESSAGE][PASSED] - Object 'Object Repository/Pricing-Test Plan Regresión Core/Page_Visualizar PRODUCTOS/div_Cdigo' is present

09-12-2024T14:05:18 - [TEST_STEP][PASSED] - waitForElementPresent(findTestObject("Pricing-Test Plan Regresión Core/Page_Visualizar PRODUCTOS/div_Opciones"), 5): Object 'Object Repository/Pricing-Test Plan Regresión Core/Page_Visualizar PRODUCTOS/div_Opciones' is not present after 5 second(s)

09-12-2024T14:05:24 - [MESSAGE][INFO] - Unable to find the element located by 'By.xpath: id("kt_content")/div[@id="app"]/div[@class="kt-portlet kt-portlet--bordered"]/div[@class="kt-portlet__body"]/div[@class="kt-datatable kt-datatable--default kt-datatable--brand kt-datatable--loaded"]/div[@class="bootstrap-table bootstrap4"]/div[@class="fixed-table-container"]/div[@class="fixed-table-body"]/table[@class="table table-bordered table-hover"]/thead[1]/tr[1]/th[7]/div[@class="th-inner"][count(. | //div[@class = 'th-inner ' and (text() = 'Opciones' or . = 'Opciones')]) = count(//div[@class = 'th-inner ' and (text() = 'Opciones' or . = 'Opciones')])]'. Please recheck the objects properties to make sure the desired element is located. 

09-12-2024T14:05:24 - [MESSAGE][WARNING] - Object 'Object Repository/Pricing-Test Plan Regresión Core/Page_Visualizar PRODUCTOS/div_Opciones' is not present after 5 second(s)

09-12-2024T14:05:24 - [TEST_STEP][PASSED] - waitForElementPresent(findTestObject("Pricing-Test Plan Regresión Core/Page_Visualizar PRODUCTOS/button_Filtros"), 5): Object 'Object Repository/Pricing-Test Plan Regresión Core/Page_Visualizar PRODUCTOS/button_Filtros' is present

09-12-2024T14:05:24 - [MESSAGE][PASSED] - Object 'Object Repository/Pricing-Test Plan Regresión Core/Page_Visualizar PRODUCTOS/button_Filtros' is present

09-12-2024T14:05:24 - [TEST_STEP][PASSED] - waitForElementPresent(findTestObject("Pricing-Test Plan Regresión Core/Page_Visualizar PRODUCTOS/IconHistorico"), 5): Object 'Object Repository/Pricing-Test Plan Regresión Core/Page_Visualizar PRODUCTOS/IconHistorico' is present

09-12-2024T14:05:24 - [MESSAGE][PASSED] - Object 'Object Repository/Pricing-Test Plan Regresión Core/Page_Visualizar PRODUCTOS/IconHistorico' is present

09-12-2024T14:05:24 - [TEST_STEP][PASSED] - doubleClick(findTestObject("Pricing-Test Plan Regresión Core/Page_Visualizar PRODUCTOS/IconHistorico")): Object: 'Object Repository/Pricing-Test Plan Regresión Core/Page_Visualizar PRODUCTOS/IconHistorico' is double clicked on

09-12-2024T14:05:25 - [MESSAGE][PASSED] - Object: 'Object Repository/Pricing-Test Plan Regresión Core/Page_Visualizar PRODUCTOS/IconHistorico' is double clicked on

09-12-2024T14:05:25 - [TEST_STEP][PASSED] - waitForElementPresent(findTestObject("Object Repository/Pricing-Test Plan Regresión Core/Page_Visualizar PRODUCTOS/h5_Histrico de producto"), 4): Object 'Object Repository/Pricing-Test Plan Regresión Core/Page_Visualizar PRODUCTOS/h5_Histrico de producto' is present

09-12-2024T14:05:26 - [MESSAGE][PASSED] - Object 'Object Repository/Pricing-Test Plan Regresión Core/Page_Visualizar PRODUCTOS/h5_Histrico de producto' is present

09-12-2024T14:05:26 - [TEST_STEP][PASSED] - waitForElementPresent(findTestObject("Object Repository/Pricing-Test Plan Regresión Core/Page_Visualizar PRODUCTOS/IconoOjoHist"), 4): Object 'Object Repository/Pricing-Test Plan Regresión Core/Page_Visualizar PRODUCTOS/IconoOjoHist' is present

09-12-2024T14:05:26 - [MESSAGE][PASSED] - Object 'Object Repository/Pricing-Test Plan Regresión Core/Page_Visualizar PRODUCTOS/IconoOjoHist' is present

09-12-2024T14:05:26 - [TEST_STEP][PASSED] - doubleClick(findTestObject("Object Repository/Pricing-Test Plan Regresión Core/Page_Visualizar PRODUCTOS/IconoOjoHist")): Object: 'Object Repository/Pricing-Test Plan Regresión Core/Page_Visualizar PRODUCTOS/IconoOjoHist' is double clicked on

09-12-2024T14:05:28 - [MESSAGE][PASSED] - Object: 'Object Repository/Pricing-Test Plan Regresión Core/Page_Visualizar PRODUCTOS/IconoOjoHist' is double clicked on

09-12-2024T14:05:28 - [TEST_STEP][PASSED] - takeScreenshot("P-25-2167"): Taking screenshot successfully

09-12-2024T14:05:28 - [MESSAGE][PASSED] - Taking screenshot successfully
[[ATTACHMENT|/Users/afernandezd/Katalon Studio/Pricing-PrimeraPrueba/Reports/20241209_140354/PRICING-Test Plan Regresi\u00F3n Core/20241209_140354/P-25-2167]]

09-12-2024T14:05:28 - [TEST_STEP][PASSED] - comment(""): 

09-12-2024T14:05:28 - [MESSAGE][INFO] - 

09-12-2024T14:05:28 - [TEST_STEP][PASSED] - closeBrowser(): Browser is closed

09-12-2024T14:05:28 - [MESSAGE][PASSED] - Browser is closed]]></system-out>
         <system-err><![CDATA[]]></system-err>
      </testcase>
      <testcase name="Test Cases/PRICING-Test Plan Regresión Core/P25-2244-PRODUCTOS-Visualizar productos-Ver detalle" time="31.223" classname="Test Cases/PRICING-Test Plan Regresión Core/P25-2244-PRODUCTOS-Visualizar productos-Ver detalle" status="PASSED">
         <system-out><![CDATA[09-12-2024T14:05:28 - [TEST_CASE][PASSED] - Test Cases/PRICING-Test Plan Regresión Core/P25-2244-PRODUCTOS-Visualizar productos-Ver detalle: Test Cases/PRICING-Test Plan Regresión Core/P25-2244-PRODUCTOS-Visualizar productos-Ver detalle

09-12-2024T14:05:29 - [TEST_STEP][PASSED] - openBrowser(""): Browser is opened with url: ''

09-12-2024T14:05:29 - [MESSAGE][INFO] - Starting 'Chrome' driver

09-12-2024T14:05:29 - [MESSAGE][INFO] - Action delay is set to 0 milliseconds

09-12-2024T14:05:29 - [MESSAGE][PASSED] - Browser is opened with url: ''

09-12-2024T14:05:29 - [TEST_STEP][PASSED] - navigateToUrl("https://pre-sales.recordgo.cloud/login"): Navigate to 'https://pre-sales.recordgo.cloud/login' successfully

09-12-2024T14:05:36 - [MESSAGE][PASSED] - Navigate to 'https://pre-sales.recordgo.cloud/login' successfully

09-12-2024T14:05:36 - [TEST_STEP][PASSED] - maximizeWindow(): Current window maximized

09-12-2024T14:05:36 - [MESSAGE][PASSED] - Current window maximized

09-12-2024T14:05:36 - [TEST_STEP][PASSED] - setText(findTestObject("Pricing-Test Plan Regresión Core/Page_Login/input_Log in to your account__username"), "antonio.diego"): Text 'antonio.diego' is set on object 'Object Repository/Pricing-Test Plan Regresión Core/Page_Login/input_Log in to your account__username'

09-12-2024T14:05:37 - [MESSAGE][PASSED] - Text 'antonio.diego' is set on object 'Object Repository/Pricing-Test Plan Regresión Core/Page_Login/input_Log in to your account__username'

09-12-2024T14:05:37 - [TEST_STEP][PASSED] - setEncryptedText(findTestObject("Object Repository/Pricing-Test Plan Regresión Core/Page_Login/input_Log in to your account__password"), "4WoE78dHD36JvULd0ZrVWg=="): Text ****** has been set on object 'Object Repository/Pricing-Test Plan Regresión Core/Page_Login/input_Log in to your account__password'

09-12-2024T14:05:37 - [MESSAGE][PASSED] - Text ****** has been set on object 'Object Repository/Pricing-Test Plan Regresión Core/Page_Login/input_Log in to your account__password'

09-12-2024T14:05:37 - [TEST_STEP][PASSED] - selectOptionByValue(findTestObject("Object Repository/Pricing-Test Plan Regresión Core/Page_Login/select_Select an option CANARY ISLAND"), "IC", true): All options with value 'IC' are selected in object 'Object Repository/Pricing-Test Plan Regresión Core/Page_Login/select_Select an option CANARY ISLAND'  using regular expression

09-12-2024T14:05:38 - [MESSAGE][PASSED] - All options with value 'IC' are selected in object 'Object Repository/Pricing-Test Plan Regresión Core/Page_Login/select_Select an option CANARY ISLAND'  using regular expression

09-12-2024T14:05:38 - [TEST_STEP][PASSED] - click(findTestObject("Pricing-Test Plan Regresión Core/Page_Login/button_Login")): Object: 'Object Repository/Pricing-Test Plan Regresión Core/Page_Login/button_Login' is clicked on

09-12-2024T14:05:40 - [MESSAGE][PASSED] - Object: 'Object Repository/Pricing-Test Plan Regresión Core/Page_Login/button_Login' is clicked on

09-12-2024T14:05:40 - [TEST_STEP][PASSED] - waitForElementVisible(findTestObject("Pricing-Test Plan Regresión Core/Page_PRICING/img"), 5): Object 'Object Repository/Pricing-Test Plan Regresión Core/Page_PRICING/img' is visible

09-12-2024T14:05:40 - [MESSAGE][PASSED] - Object 'Object Repository/Pricing-Test Plan Regresión Core/Page_PRICING/img' is visible

09-12-2024T14:05:40 - [TEST_STEP][PASSED] - waitForElementVisible(findTestObject("Pricing-Test Plan Regresión Core/Page_PRICING/span_PRODUCTOS"), 5): Object 'Object Repository/Pricing-Test Plan Regresión Core/Page_PRICING/span_PRODUCTOS' is visible

09-12-2024T14:05:40 - [MESSAGE][PASSED] - Object 'Object Repository/Pricing-Test Plan Regresión Core/Page_PRICING/span_PRODUCTOS' is visible

09-12-2024T14:05:40 - [TEST_STEP][PASSED] - click(findTestObject("Pricing-Test Plan Regresión Core/Page_PRICING/span_PRODUCTOS")): Object: 'Object Repository/Pricing-Test Plan Regresión Core/Page_PRICING/span_PRODUCTOS' is clicked on

09-12-2024T14:05:41 - [MESSAGE][PASSED] - Object: 'Object Repository/Pricing-Test Plan Regresión Core/Page_PRICING/span_PRODUCTOS' is clicked on

09-12-2024T14:05:41 - [TEST_STEP][PASSED] - waitForElementVisible(findTestObject("Pricing-Test Plan Regresión Core/Page_PRICING/span_Producto"), 5): Object 'Object Repository/Pricing-Test Plan Regresión Core/Page_PRICING/span_Producto' is visible

09-12-2024T14:05:41 - [MESSAGE][PASSED] - Object 'Object Repository/Pricing-Test Plan Regresión Core/Page_PRICING/span_Producto' is visible

09-12-2024T14:05:41 - [TEST_STEP][PASSED] - click(findTestObject("Pricing-Test Plan Regresión Core/Page_PRICING/span_Producto")): Object: 'Object Repository/Pricing-Test Plan Regresión Core/Page_PRICING/span_Producto' is clicked on

09-12-2024T14:05:41 - [MESSAGE][PASSED] - Object: 'Object Repository/Pricing-Test Plan Regresión Core/Page_PRICING/span_Producto' is clicked on

09-12-2024T14:05:41 - [TEST_STEP][PASSED] - waitForElementVisible(findTestObject("Pricing-Test Plan Regresión Core/Page_PRICING/span_Visualizar"), 5): Object 'Object Repository/Pricing-Test Plan Regresión Core/Page_PRICING/span_Visualizar' is visible

09-12-2024T14:05:41 - [MESSAGE][PASSED] - Object 'Object Repository/Pricing-Test Plan Regresión Core/Page_PRICING/span_Visualizar' is visible

09-12-2024T14:05:41 - [TEST_STEP][PASSED] - click(findTestObject("Pricing-Test Plan Regresión Core/Page_PRICING/span_Visualizar")): Object: 'Object Repository/Pricing-Test Plan Regresión Core/Page_PRICING/span_Visualizar' is clicked on

09-12-2024T14:05:43 - [MESSAGE][PASSED] - Object: 'Object Repository/Pricing-Test Plan Regresión Core/Page_PRICING/span_Visualizar' is clicked on

09-12-2024T14:05:43 - [TEST_STEP][PASSED] - waitForElementPresent(findTestObject("Pricing-Test Plan Regresión Core/Page_Visualizar PRODUCTOS/div_Cdigo"), 5): Object 'Object Repository/Pricing-Test Plan Regresión Core/Page_Visualizar PRODUCTOS/div_Cdigo' is present

09-12-2024T14:05:44 - [MESSAGE][PASSED] - Object 'Object Repository/Pricing-Test Plan Regresión Core/Page_Visualizar PRODUCTOS/div_Cdigo' is present

09-12-2024T14:05:44 - [TEST_STEP][PASSED] - waitForElementPresent(findTestObject("Pricing-Test Plan Regresión Core/Page_Visualizar PRODUCTOS/div_Opciones"), 5): Object 'Object Repository/Pricing-Test Plan Regresión Core/Page_Visualizar PRODUCTOS/div_Opciones' is not present after 5 second(s)

09-12-2024T14:05:50 - [MESSAGE][INFO] - Unable to find the element located by 'By.xpath: id("kt_content")/div[@id="app"]/div[@class="kt-portlet kt-portlet--bordered"]/div[@class="kt-portlet__body"]/div[@class="kt-datatable kt-datatable--default kt-datatable--brand kt-datatable--loaded"]/div[@class="bootstrap-table bootstrap4"]/div[@class="fixed-table-container"]/div[@class="fixed-table-body"]/table[@class="table table-bordered table-hover"]/thead[1]/tr[1]/th[7]/div[@class="th-inner"][count(. | //div[@class = 'th-inner ' and (text() = 'Opciones' or . = 'Opciones')]) = count(//div[@class = 'th-inner ' and (text() = 'Opciones' or . = 'Opciones')])]'. Please recheck the objects properties to make sure the desired element is located. 

09-12-2024T14:05:50 - [MESSAGE][WARNING] - Object 'Object Repository/Pricing-Test Plan Regresión Core/Page_Visualizar PRODUCTOS/div_Opciones' is not present after 5 second(s)

09-12-2024T14:05:50 - [TEST_STEP][PASSED] - waitForElementPresent(findTestObject("Pricing-Test Plan Regresión Core/Page_Visualizar PRODUCTOS/button_Filtros"), 6): Object 'Object Repository/Pricing-Test Plan Regresión Core/Page_Visualizar PRODUCTOS/button_Filtros' is present

09-12-2024T14:05:51 - [MESSAGE][PASSED] - Object 'Object Repository/Pricing-Test Plan Regresión Core/Page_Visualizar PRODUCTOS/button_Filtros' is present

09-12-2024T14:05:51 - [TEST_STEP][PASSED] - waitForElementPresent(findTestObject("Pricing-Test Plan Regresión Core/Page_Visualizar PRODUCTOS/IconoOjoProduct"), 4): Object 'Object Repository/Pricing-Test Plan Regresión Core/Page_Visualizar PRODUCTOS/IconoOjoProduct' is present

09-12-2024T14:05:51 - [MESSAGE][PASSED] - Object 'Object Repository/Pricing-Test Plan Regresión Core/Page_Visualizar PRODUCTOS/IconoOjoProduct' is present

09-12-2024T14:05:51 - [TEST_STEP][PASSED] - doubleClick(findTestObject("Pricing-Test Plan Regresión Core/Page_Visualizar PRODUCTOS/IconoOjoProduct")): Object: 'Object Repository/Pricing-Test Plan Regresión Core/Page_Visualizar PRODUCTOS/IconoOjoProduct' is double clicked on

09-12-2024T14:05:55 - [MESSAGE][PASSED] - Object: 'Object Repository/Pricing-Test Plan Regresión Core/Page_Visualizar PRODUCTOS/IconoOjoProduct' is double clicked on

09-12-2024T14:05:55 - [TEST_STEP][PASSED] - waitForElementPresent(findTestObject("Pricing-Test Plan Regresión Core/Page_Visualizar PRODUCTOS/h3_Mostrar Producto"), 3): Object 'Object Repository/Pricing-Test Plan Regresión Core/Page_Visualizar PRODUCTOS/h3_Mostrar Producto' is not present after 3 second(s)

09-12-2024T14:05:59 - [MESSAGE][INFO] - Unable to find the element located by 'By.xpath: //div[@id='kt_page_portlet']/div/div/h3'. Please recheck the objects properties to make sure the desired element is located. 

09-12-2024T14:05:59 - [MESSAGE][WARNING] - Object 'Object Repository/Pricing-Test Plan Regresión Core/Page_Visualizar PRODUCTOS/h3_Mostrar Producto' is not present after 3 second(s)

09-12-2024T14:05:59 - [TEST_STEP][PASSED] - takeScreenshot("P-25-2244"): Taking screenshot successfully

09-12-2024T14:05:59 - [MESSAGE][PASSED] - Taking screenshot successfully
[[ATTACHMENT|/Users/afernandezd/Katalon Studio/Pricing-PrimeraPrueba/Reports/20241209_140354/PRICING-Test Plan Regresi\u00F3n Core/20241209_140354/P-25-2244]]

09-12-2024T14:05:59 - [TEST_STEP][PASSED] - click(findTestObject("Pricing-Test Plan Regresión Core/Page_Visualizar PRODUCTOS/ExpandDatosBasicosProduct")): Object: 'Object Repository/Pricing-Test Plan Regresión Core/Page_Visualizar PRODUCTOS/ExpandDatosBasicosProduct' is clicked on

09-12-2024T14:06:00 - [MESSAGE][PASSED] - Object: 'Object Repository/Pricing-Test Plan Regresión Core/Page_Visualizar PRODUCTOS/ExpandDatosBasicosProduct' is clicked on

09-12-2024T14:06:00 - [TEST_STEP][PASSED] - closeBrowser(): Browser is closed

09-12-2024T14:06:00 - [MESSAGE][PASSED] - Browser is closed]]></system-out>
         <system-err><![CDATA[]]></system-err>
      </testcase>
      <testcase name="Test Cases/PRICING-Test Plan Regresión Core/P25-2246-PRODUCTOS-Visualizar tarifa de producto" time="18.287" classname="Test Cases/PRICING-Test Plan Regresión Core/P25-2246-PRODUCTOS-Visualizar tarifa de producto" status="PASSED">
         <system-out><![CDATA[09-12-2024T14:06:00 - [TEST_CASE][PASSED] - Test Cases/PRICING-Test Plan Regresión Core/P25-2246-PRODUCTOS-Visualizar tarifa de producto: Test Cases/PRICING-Test Plan Regresión Core/P25-2246-PRODUCTOS-Visualizar tarifa de producto

09-12-2024T14:06:00 - [TEST_STEP][PASSED] - openBrowser(""): Browser is opened with url: ''

09-12-2024T14:06:00 - [MESSAGE][INFO] - Starting 'Chrome' driver

09-12-2024T14:06:00 - [MESSAGE][INFO] - Action delay is set to 0 milliseconds

09-12-2024T14:06:00 - [MESSAGE][PASSED] - Browser is opened with url: ''

09-12-2024T14:06:00 - [TEST_STEP][PASSED] - navigateToUrl("https://pre-sales.recordgo.cloud/login"): Navigate to 'https://pre-sales.recordgo.cloud/login' successfully

09-12-2024T14:06:05 - [MESSAGE][PASSED] - Navigate to 'https://pre-sales.recordgo.cloud/login' successfully

09-12-2024T14:06:05 - [TEST_STEP][PASSED] - maximizeWindow(): Current window maximized

09-12-2024T14:06:06 - [MESSAGE][PASSED] - Current window maximized

09-12-2024T14:06:06 - [TEST_STEP][PASSED] - setText(findTestObject("Pricing-Test Plan Regresión Core/Page_Login/input_Log in to your account__username"), "antonio.diego"): Text 'antonio.diego' is set on object 'Object Repository/Pricing-Test Plan Regresión Core/Page_Login/input_Log in to your account__username'

09-12-2024T14:06:06 - [MESSAGE][PASSED] - Text 'antonio.diego' is set on object 'Object Repository/Pricing-Test Plan Regresión Core/Page_Login/input_Log in to your account__username'

09-12-2024T14:06:06 - [TEST_STEP][PASSED] - setEncryptedText(findTestObject("Object Repository/Pricing-Test Plan Regresión Core/Page_Login/input_Log in to your account__password"), "4WoE78dHD36JvULd0ZrVWg=="): Text ****** has been set on object 'Object Repository/Pricing-Test Plan Regresión Core/Page_Login/input_Log in to your account__password'

09-12-2024T14:06:07 - [MESSAGE][PASSED] - Text ****** has been set on object 'Object Repository/Pricing-Test Plan Regresión Core/Page_Login/input_Log in to your account__password'

09-12-2024T14:06:07 - [TEST_STEP][PASSED] - selectOptionByValue(findTestObject("Object Repository/Pricing-Test Plan Regresión Core/Page_Login/select_Select an option CANARY ISLAND"), "IC", true): All options with value 'IC' are selected in object 'Object Repository/Pricing-Test Plan Regresión Core/Page_Login/select_Select an option CANARY ISLAND'  using regular expression

09-12-2024T14:06:07 - [MESSAGE][PASSED] - All options with value 'IC' are selected in object 'Object Repository/Pricing-Test Plan Regresión Core/Page_Login/select_Select an option CANARY ISLAND'  using regular expression

09-12-2024T14:06:07 - [TEST_STEP][PASSED] - click(findTestObject("Object Repository/Pricing-Test Plan Regresión Core/Page_Login/button_Login")): Object: 'Object Repository/Pricing-Test Plan Regresión Core/Page_Login/button_Login' is clicked on

09-12-2024T14:06:09 - [MESSAGE][PASSED] - Object: 'Object Repository/Pricing-Test Plan Regresión Core/Page_Login/button_Login' is clicked on

09-12-2024T14:06:09 - [TEST_STEP][PASSED] - waitForElementVisible(findTestObject("Pricing-Test Plan Regresión Core/Page_PRICING/img"), 5): Object 'Object Repository/Pricing-Test Plan Regresión Core/Page_PRICING/img' is visible

09-12-2024T14:06:10 - [MESSAGE][PASSED] - Object 'Object Repository/Pricing-Test Plan Regresión Core/Page_PRICING/img' is visible

09-12-2024T14:06:10 - [TEST_STEP][PASSED] - verifyElementVisible(findTestObject("Object Repository/Pricing-Test Plan Regresión Core/Page_PRICING/img")): Object 'Object Repository/Pricing-Test Plan Regresión Core/Page_PRICING/img' is visible

09-12-2024T14:06:10 - [MESSAGE][PASSED] - Object 'Object Repository/Pricing-Test Plan Regresión Core/Page_PRICING/img' is visible

09-12-2024T14:06:10 - [TEST_STEP][PASSED] - waitForElementVisible(findTestObject("Pricing-Test Plan Regresión Core/Page_PRICING/span_PRODUCTOS"), 3): Object 'Object Repository/Pricing-Test Plan Regresión Core/Page_PRICING/span_PRODUCTOS' is visible

09-12-2024T14:06:10 - [MESSAGE][PASSED] - Object 'Object Repository/Pricing-Test Plan Regresión Core/Page_PRICING/span_PRODUCTOS' is visible

09-12-2024T14:06:10 - [TEST_STEP][PASSED] - click(findTestObject("Object Repository/Pricing-Test Plan Regresión Core/Page_PRICING/span_PRODUCTOS")): Object: 'Object Repository/Pricing-Test Plan Regresión Core/Page_PRICING/span_PRODUCTOS' is clicked on

09-12-2024T14:06:10 - [MESSAGE][PASSED] - Object: 'Object Repository/Pricing-Test Plan Regresión Core/Page_PRICING/span_PRODUCTOS' is clicked on

09-12-2024T14:06:10 - [TEST_STEP][PASSED] - click(findTestObject("Object Repository/Pricing-Test Plan Regresión Core/Page_PRICING/span_Tarifas")): Object: 'Object Repository/Pricing-Test Plan Regresión Core/Page_PRICING/span_Tarifas' is clicked on

09-12-2024T14:06:11 - [MESSAGE][PASSED] - Object: 'Object Repository/Pricing-Test Plan Regresión Core/Page_PRICING/span_Tarifas' is clicked on

09-12-2024T14:06:11 - [TEST_STEP][PASSED] - waitForElementPresent(findTestObject("Pricing-Test Plan Regresión Core/Page_PRICING/span_Visualizar_tarifas"), 3): Object 'Object Repository/Pricing-Test Plan Regresión Core/Page_PRICING/span_Visualizar_tarifas' is present

09-12-2024T14:06:11 - [MESSAGE][PASSED] - Object 'Object Repository/Pricing-Test Plan Regresión Core/Page_PRICING/span_Visualizar_tarifas' is present

09-12-2024T14:06:11 - [TEST_STEP][PASSED] - doubleClick(findTestObject("Pricing-Test Plan Regresión Core/Page_PRICING/span_Visualizar_tarifas")): Object: 'Object Repository/Pricing-Test Plan Regresión Core/Page_PRICING/span_Visualizar_tarifas' is double clicked on

09-12-2024T14:06:12 - [MESSAGE][PASSED] - Object: 'Object Repository/Pricing-Test Plan Regresión Core/Page_PRICING/span_Visualizar_tarifas' is double clicked on

09-12-2024T14:06:12 - [TEST_STEP][PASSED] - waitForElementPresent(findTestObject("Object Repository/Pricing-Test Plan Regresión Core/Page_Visualizar COMPLEMENTOS/i_active_flaticon-eye"), 3): Object 'Object Repository/Pricing-Test Plan Regresión Core/Page_Visualizar COMPLEMENTOS/i_active_flaticon-eye' is not present after 3 second(s)

09-12-2024T14:06:17 - [MESSAGE][INFO] - Unable to find the element located by 'By.xpath: //i[@class = 'flaticon-eye']'. Please recheck the objects properties to make sure the desired element is located. 

09-12-2024T14:06:17 - [MESSAGE][WARNING] - Object 'Object Repository/Pricing-Test Plan Regresión Core/Page_Visualizar COMPLEMENTOS/i_active_flaticon-eye' is not present after 3 second(s)

09-12-2024T14:06:17 - [TEST_STEP][PASSED] - waitForElementPresent(findTestObject("Object Repository/Pricing-Test Plan Regresión Core/Page_Visualizar PRODUCTOS/h1_Registros totales"), 3): Object 'Object Repository/Pricing-Test Plan Regresión Core/Page_Visualizar PRODUCTOS/h1_Registros totales' is present

09-12-2024T14:06:17 - [MESSAGE][PASSED] - Object 'Object Repository/Pricing-Test Plan Regresión Core/Page_Visualizar PRODUCTOS/h1_Registros totales' is present

09-12-2024T14:06:17 - [TEST_STEP][PASSED] - waitForElementPresent(findTestObject("Object Repository/Pricing-Test Plan Regresión Core/Page_Visualizar PRODUCTOS/div_Nombre interno"), 3): Object 'Object Repository/Pricing-Test Plan Regresión Core/Page_Visualizar PRODUCTOS/div_Nombre interno' is present

09-12-2024T14:06:17 - [MESSAGE][PASSED] - Object 'Object Repository/Pricing-Test Plan Regresión Core/Page_Visualizar PRODUCTOS/div_Nombre interno' is present

09-12-2024T14:06:17 - [TEST_STEP][PASSED] - verifyElementPresent(findTestObject("Object Repository/Pricing-Test Plan Regresión Core/Page_Visualizar PRODUCTOS/button_Filtros"), 3): Object 'Object Repository/Pricing-Test Plan Regresión Core/Page_Visualizar PRODUCTOS/button_Filtros' is present

09-12-2024T14:06:17 - [MESSAGE][PASSED] - Object 'Object Repository/Pricing-Test Plan Regresión Core/Page_Visualizar PRODUCTOS/button_Filtros' is present

09-12-2024T14:06:17 - [TEST_STEP][PASSED] - verifyElementPresent(findTestObject("Object Repository/Pricing-Test Plan Regresión Core/Page_Visualizar PRODUCTOS/div_Nombre interno"), 3): Object 'Object Repository/Pricing-Test Plan Regresión Core/Page_Visualizar PRODUCTOS/div_Nombre interno' is present

09-12-2024T14:06:17 - [MESSAGE][PASSED] - Object 'Object Repository/Pricing-Test Plan Regresión Core/Page_Visualizar PRODUCTOS/div_Nombre interno' is present

09-12-2024T14:06:17 - [TEST_STEP][PASSED] - takeScreenshot("P25-2246"): Taking screenshot successfully

09-12-2024T14:06:18 - [MESSAGE][PASSED] - Taking screenshot successfully
[[ATTACHMENT|/Users/afernandezd/Katalon Studio/Pricing-PrimeraPrueba/Reports/20241209_140354/PRICING-Test Plan Regresi\u00F3n Core/20241209_140354/P25-2246]]

09-12-2024T14:06:18 - [TEST_STEP][PASSED] - verifyElementPresent(findTestObject("Object Repository/Pricing-Test Plan Regresión Core/Page_Visualizar PRODUCTOS/h1_Registros totales"), 3): Object 'Object Repository/Pricing-Test Plan Regresión Core/Page_Visualizar PRODUCTOS/h1_Registros totales' is present

09-12-2024T14:06:18 - [MESSAGE][PASSED] - Object 'Object Repository/Pricing-Test Plan Regresión Core/Page_Visualizar PRODUCTOS/h1_Registros totales' is present

09-12-2024T14:06:18 - [TEST_STEP][PASSED] - closeBrowser(): Browser is closed

09-12-2024T14:06:18 - [MESSAGE][PASSED] - Browser is closed]]></system-out>
         <system-err><![CDATA[]]></system-err>
      </testcase>
      <testcase name="Test Cases/PRICING-Test Plan Regresión Core/P25-2166-PRODUCTOS-Visualizar productos-Clonar" time="43.579" classname="Test Cases/PRICING-Test Plan Regresión Core/P25-2166-PRODUCTOS-Visualizar productos-Clonar" status="PASSED">
         <system-out><![CDATA[09-12-2024T14:06:18 - [TEST_CASE][PASSED] - Test Cases/PRICING-Test Plan Regresión Core/P25-2166-PRODUCTOS-Visualizar productos-Clonar: Test Cases/PRICING-Test Plan Regresión Core/P25-2166-PRODUCTOS-Visualizar productos-Clonar

09-12-2024T14:06:18 - [TEST_STEP][PASSED] - openBrowser(""): Browser is opened with url: ''

09-12-2024T14:06:18 - [MESSAGE][INFO] - Starting 'Chrome' driver

09-12-2024T14:06:18 - [MESSAGE][INFO] - Action delay is set to 0 milliseconds

09-12-2024T14:06:19 - [MESSAGE][PASSED] - Browser is opened with url: ''

09-12-2024T14:06:19 - [TEST_STEP][PASSED] - navigateToUrl("https://pre-sales.recordgo.cloud/login"): Navigate to 'https://pre-sales.recordgo.cloud/login' successfully

09-12-2024T14:06:31 - [MESSAGE][PASSED] - Navigate to 'https://pre-sales.recordgo.cloud/login' successfully

09-12-2024T14:06:31 - [TEST_STEP][PASSED] - maximizeWindow(): Current window maximized

09-12-2024T14:06:32 - [MESSAGE][PASSED] - Current window maximized

09-12-2024T14:06:32 - [TEST_STEP][PASSED] - setText(findTestObject("Pricing-Test Plan Regresión Core/Page_Login/input_Log in to your account__username"), "antonio.diego"): Text 'antonio.diego' is set on object 'Object Repository/Pricing-Test Plan Regresión Core/Page_Login/input_Log in to your account__username'

09-12-2024T14:06:32 - [MESSAGE][PASSED] - Text 'antonio.diego' is set on object 'Object Repository/Pricing-Test Plan Regresión Core/Page_Login/input_Log in to your account__username'

09-12-2024T14:06:32 - [TEST_STEP][PASSED] - setEncryptedText(findTestObject("Object Repository/Pricing-Test Plan Regresión Core/Page_Login/input_Log in to your account__password"), "4WoE78dHD36JvULd0ZrVWg=="): Text ****** has been set on object 'Object Repository/Pricing-Test Plan Regresión Core/Page_Login/input_Log in to your account__password'

09-12-2024T14:06:32 - [MESSAGE][PASSED] - Text ****** has been set on object 'Object Repository/Pricing-Test Plan Regresión Core/Page_Login/input_Log in to your account__password'

09-12-2024T14:06:32 - [TEST_STEP][PASSED] - selectOptionByValue(findTestObject("Object Repository/Pricing-Test Plan Regresión Core/Page_Login/select_Select an option CANARY ISLAND"), "IC", true): All options with value 'IC' are selected in object 'Object Repository/Pricing-Test Plan Regresión Core/Page_Login/select_Select an option CANARY ISLAND'  using regular expression

09-12-2024T14:06:33 - [MESSAGE][PASSED] - All options with value 'IC' are selected in object 'Object Repository/Pricing-Test Plan Regresión Core/Page_Login/select_Select an option CANARY ISLAND'  using regular expression

09-12-2024T14:06:33 - [TEST_STEP][PASSED] - click(findTestObject("Pricing-Test Plan Regresión Core/Page_Login/button_Login")): Object: 'Object Repository/Pricing-Test Plan Regresión Core/Page_Login/button_Login' is clicked on

09-12-2024T14:06:35 - [MESSAGE][PASSED] - Object: 'Object Repository/Pricing-Test Plan Regresión Core/Page_Login/button_Login' is clicked on

09-12-2024T14:06:35 - [TEST_STEP][PASSED] - waitForElementVisible(findTestObject("Pricing-Test Plan Regresión Core/Page_PRICING/img"), 5): Object 'Object Repository/Pricing-Test Plan Regresión Core/Page_PRICING/img' is visible

09-12-2024T14:06:35 - [MESSAGE][PASSED] - Object 'Object Repository/Pricing-Test Plan Regresión Core/Page_PRICING/img' is visible

09-12-2024T14:06:35 - [TEST_STEP][PASSED] - waitForElementVisible(findTestObject("Pricing-Test Plan Regresión Core/Page_PRICING/span_PRODUCTOS"), 5): Object 'Object Repository/Pricing-Test Plan Regresión Core/Page_PRICING/span_PRODUCTOS' is visible

09-12-2024T14:06:36 - [MESSAGE][PASSED] - Object 'Object Repository/Pricing-Test Plan Regresión Core/Page_PRICING/span_PRODUCTOS' is visible

09-12-2024T14:06:36 - [TEST_STEP][PASSED] - click(findTestObject("Pricing-Test Plan Regresión Core/Page_PRICING/span_PRODUCTOS")): Object: 'Object Repository/Pricing-Test Plan Regresión Core/Page_PRICING/span_PRODUCTOS' is clicked on

09-12-2024T14:06:36 - [MESSAGE][PASSED] - Object: 'Object Repository/Pricing-Test Plan Regresión Core/Page_PRICING/span_PRODUCTOS' is clicked on

09-12-2024T14:06:36 - [TEST_STEP][PASSED] - waitForElementVisible(findTestObject("Pricing-Test Plan Regresión Core/Page_PRICING/span_Producto"), 5): Object 'Object Repository/Pricing-Test Plan Regresión Core/Page_PRICING/span_Producto' is visible

09-12-2024T14:06:36 - [MESSAGE][PASSED] - Object 'Object Repository/Pricing-Test Plan Regresión Core/Page_PRICING/span_Producto' is visible

09-12-2024T14:06:36 - [TEST_STEP][PASSED] - click(findTestObject("Pricing-Test Plan Regresión Core/Page_PRICING/span_Producto")): Object: 'Object Repository/Pricing-Test Plan Regresión Core/Page_PRICING/span_Producto' is clicked on

09-12-2024T14:06:36 - [MESSAGE][PASSED] - Object: 'Object Repository/Pricing-Test Plan Regresión Core/Page_PRICING/span_Producto' is clicked on

09-12-2024T14:06:36 - [TEST_STEP][PASSED] - waitForElementVisible(findTestObject("Pricing-Test Plan Regresión Core/Page_PRICING/span_Visualizar"), 5): Object 'Object Repository/Pricing-Test Plan Regresión Core/Page_PRICING/span_Visualizar' is visible

09-12-2024T14:06:37 - [MESSAGE][PASSED] - Object 'Object Repository/Pricing-Test Plan Regresión Core/Page_PRICING/span_Visualizar' is visible

09-12-2024T14:06:37 - [TEST_STEP][PASSED] - click(findTestObject("Pricing-Test Plan Regresión Core/Page_PRICING/span_Visualizar")): Object: 'Object Repository/Pricing-Test Plan Regresión Core/Page_PRICING/span_Visualizar' is clicked on

09-12-2024T14:06:38 - [MESSAGE][PASSED] - Object: 'Object Repository/Pricing-Test Plan Regresión Core/Page_PRICING/span_Visualizar' is clicked on

09-12-2024T14:06:38 - [TEST_STEP][PASSED] - waitForElementPresent(findTestObject("Pricing-Test Plan Regresión Core/Page_Visualizar PRODUCTOS/div_Cdigo"), 6): Object 'Object Repository/Pricing-Test Plan Regresión Core/Page_Visualizar PRODUCTOS/div_Cdigo' is present

09-12-2024T14:06:39 - [MESSAGE][PASSED] - Object 'Object Repository/Pricing-Test Plan Regresión Core/Page_Visualizar PRODUCTOS/div_Cdigo' is present

09-12-2024T14:06:39 - [TEST_STEP][PASSED] - waitForElementPresent(findTestObject("Pricing-Test Plan Regresión Core/Page_Visualizar PRODUCTOS/div_Opciones"), 6): Object 'Object Repository/Pricing-Test Plan Regresión Core/Page_Visualizar PRODUCTOS/div_Opciones' is not present after 6 second(s)

09-12-2024T14:06:46 - [MESSAGE][INFO] - Unable to find the element located by 'By.xpath: id("kt_content")/div[@id="app"]/div[@class="kt-portlet kt-portlet--bordered"]/div[@class="kt-portlet__body"]/div[@class="kt-datatable kt-datatable--default kt-datatable--brand kt-datatable--loaded"]/div[@class="bootstrap-table bootstrap4"]/div[@class="fixed-table-container"]/div[@class="fixed-table-body"]/table[@class="table table-bordered table-hover"]/thead[1]/tr[1]/th[7]/div[@class="th-inner"][count(. | //div[@class = 'th-inner ' and (text() = 'Opciones' or . = 'Opciones')]) = count(//div[@class = 'th-inner ' and (text() = 'Opciones' or . = 'Opciones')])]'. Please recheck the objects properties to make sure the desired element is located. 

09-12-2024T14:06:46 - [MESSAGE][WARNING] - Object 'Object Repository/Pricing-Test Plan Regresión Core/Page_Visualizar PRODUCTOS/div_Opciones' is not present after 6 second(s)

09-12-2024T14:06:46 - [TEST_STEP][PASSED] - waitForElementPresent(findTestObject("Pricing-Test Plan Regresión Core/Page_Visualizar PRODUCTOS/button_Filtros"), 6): Object 'Object Repository/Pricing-Test Plan Regresión Core/Page_Visualizar PRODUCTOS/button_Filtros' is present

09-12-2024T14:06:46 - [MESSAGE][PASSED] - Object 'Object Repository/Pricing-Test Plan Regresión Core/Page_Visualizar PRODUCTOS/button_Filtros' is present

09-12-2024T14:06:46 - [TEST_STEP][PASSED] - waitForElementPresent(findTestObject("Pricing-Test Plan Regresión Core/Page_Visualizar COMPLEMENTOS/IconoHojaClonarComplemento"), 5): Object 'Object Repository/Pricing-Test Plan Regresión Core/Page_Visualizar COMPLEMENTOS/IconoHojaClonarComplemento' is present

09-12-2024T14:06:47 - [MESSAGE][PASSED] - Object 'Object Repository/Pricing-Test Plan Regresión Core/Page_Visualizar COMPLEMENTOS/IconoHojaClonarComplemento' is present

09-12-2024T14:06:47 - [TEST_STEP][PASSED] - doubleClick(findTestObject("Pricing-Test Plan Regresión Core/Page_Visualizar COMPLEMENTOS/IconoHojaClonarComplemento")): Object: 'Object Repository/Pricing-Test Plan Regresión Core/Page_Visualizar COMPLEMENTOS/IconoHojaClonarComplemento' is double clicked on

09-12-2024T14:06:53 - [MESSAGE][PASSED] - Object: 'Object Repository/Pricing-Test Plan Regresión Core/Page_Visualizar COMPLEMENTOS/IconoHojaClonarComplemento' is double clicked on

09-12-2024T14:06:53 - [TEST_STEP][PASSED] - waitForElementPresent(findTestObject("Pricing-Test Plan Regresión Core/Page_Visualizar PRODUCTOS/h3_Clonar producto"), 4): Object 'Object Repository/Pricing-Test Plan Regresión Core/Page_Visualizar PRODUCTOS/h3_Clonar producto' is present

09-12-2024T14:06:57 - [MESSAGE][PASSED] - Object 'Object Repository/Pricing-Test Plan Regresión Core/Page_Visualizar PRODUCTOS/h3_Clonar producto' is present

09-12-2024T14:06:57 - [TEST_STEP][PASSED] - verifyElementPresent(findTestObject("Pricing-Test Plan Regresión Core/Page_Visualizar PRODUCTOS/h3_Clonar producto"), 4): Object 'Object Repository/Pricing-Test Plan Regresión Core/Page_Visualizar PRODUCTOS/h3_Clonar producto' is present

09-12-2024T14:06:57 - [MESSAGE][PASSED] - Object 'Object Repository/Pricing-Test Plan Regresión Core/Page_Visualizar PRODUCTOS/h3_Clonar producto' is present

09-12-2024T14:06:57 - [TEST_STEP][PASSED] - waitForElementPresent(findTestObject("Pricing-Test Plan Regresión Core/Page_Visualizar PRODUCTOS/button_CancelarClonarProduct"), 5): Object 'Object Repository/Pricing-Test Plan Regresión Core/Page_Visualizar PRODUCTOS/button_CancelarClonarProduct' is present

09-12-2024T14:06:57 - [MESSAGE][PASSED] - Object 'Object Repository/Pricing-Test Plan Regresión Core/Page_Visualizar PRODUCTOS/button_CancelarClonarProduct' is present

09-12-2024T14:06:57 - [TEST_STEP][PASSED] - takeScreenshot("P-25-2166"): Taking screenshot successfully

09-12-2024T14:06:58 - [MESSAGE][PASSED] - Taking screenshot successfully
[[ATTACHMENT|/Users/afernandezd/Katalon Studio/Pricing-PrimeraPrueba/Reports/20241209_140354/PRICING-Test Plan Regresi\u00F3n Core/20241209_140354/P-25-2166]]

09-12-2024T14:06:58 - [TEST_STEP][PASSED] - focus(findTestObject("Pricing-Test Plan Regresión Core/Page_Visualizar PRODUCTOS/button_CancelarClonarProduct"), STOP_ON_FAILURE): Object: 'Object Repository/Pricing-Test Plan Regresión Core/Page_Visualizar PRODUCTOS/button_CancelarClonarProduct' is focused

09-12-2024T14:06:58 - [MESSAGE][PASSED] - Object: 'Object Repository/Pricing-Test Plan Regresión Core/Page_Visualizar PRODUCTOS/button_CancelarClonarProduct' is focused

09-12-2024T14:06:58 - [TEST_STEP][PASSED] - verifyElementPresent(findTestObject("Pricing-Test Plan Regresión Core/Page_Visualizar PRODUCTOS/button_CancelarClonarProduct"), 5): Object 'Object Repository/Pricing-Test Plan Regresión Core/Page_Visualizar PRODUCTOS/button_CancelarClonarProduct' is present

09-12-2024T14:06:58 - [MESSAGE][PASSED] - Object 'Object Repository/Pricing-Test Plan Regresión Core/Page_Visualizar PRODUCTOS/button_CancelarClonarProduct' is present

09-12-2024T14:06:58 - [TEST_STEP][PASSED] - doubleClick(findTestObject("Pricing-Test Plan Regresión Core/Page_Visualizar PRODUCTOS/button_CancelarClonarProduct")): Object: 'Object Repository/Pricing-Test Plan Regresión Core/Page_Visualizar PRODUCTOS/button_CancelarClonarProduct' is double clicked on

09-12-2024T14:07:00 - [MESSAGE][PASSED] - Object: 'Object Repository/Pricing-Test Plan Regresión Core/Page_Visualizar PRODUCTOS/button_CancelarClonarProduct' is double clicked on

09-12-2024T14:07:00 - [TEST_STEP][PASSED] - waitForElementPresent(findTestObject("Pricing-Test Plan Regresión Core/Page_Visualizar PRODUCTOS/h1_Registros totales"), 5): Object 'Object Repository/Pricing-Test Plan Regresión Core/Page_Visualizar PRODUCTOS/h1_Registros totales' is present

09-12-2024T14:07:01 - [MESSAGE][PASSED] - Object 'Object Repository/Pricing-Test Plan Regresión Core/Page_Visualizar PRODUCTOS/h1_Registros totales' is present

09-12-2024T14:07:01 - [TEST_STEP][PASSED] - verifyElementPresent(findTestObject("Pricing-Test Plan Regresión Core/Page_Visualizar PRODUCTOS/h1_Registros totales"), 5): Object 'Object Repository/Pricing-Test Plan Regresión Core/Page_Visualizar PRODUCTOS/h1_Registros totales' is present

09-12-2024T14:07:01 - [MESSAGE][PASSED] - Object 'Object Repository/Pricing-Test Plan Regresión Core/Page_Visualizar PRODUCTOS/h1_Registros totales' is present

09-12-2024T14:07:01 - [TEST_STEP][PASSED] - closeBrowser(): Browser is closed

09-12-2024T14:07:02 - [MESSAGE][PASSED] - Browser is closed]]></system-out>
         <system-err><![CDATA[]]></system-err>
      </testcase>
      <testcase name="Test Cases/PRICING-Test Plan Regresión Core/P25-2173-COMPLEMENTOS-Visualizar Hoja Detalle de complemento" time="31.209" classname="Test Cases/PRICING-Test Plan Regresión Core/P25-2173-COMPLEMENTOS-Visualizar Hoja Detalle de complemento" status="PASSED">
         <system-out><![CDATA[09-12-2024T14:07:02 - [TEST_CASE][PASSED] - Test Cases/PRICING-Test Plan Regresión Core/P25-2173-COMPLEMENTOS-Visualizar Hoja Detalle de complemento: Test Cases/PRICING-Test Plan Regresión Core/P25-2173-COMPLEMENTOS-Visualizar Hoja Detalle de complemento

09-12-2024T14:07:02 - [TEST_STEP][PASSED] - openBrowser(""): Browser is opened with url: ''

09-12-2024T14:07:02 - [MESSAGE][INFO] - Starting 'Chrome' driver

09-12-2024T14:07:02 - [MESSAGE][INFO] - Action delay is set to 0 milliseconds

09-12-2024T14:07:02 - [MESSAGE][PASSED] - Browser is opened with url: ''

09-12-2024T14:07:02 - [TEST_STEP][PASSED] - navigateToUrl("https://pre-sales.recordgo.cloud/login"): Navigate to 'https://pre-sales.recordgo.cloud/login' successfully

09-12-2024T14:07:13 - [MESSAGE][PASSED] - Navigate to 'https://pre-sales.recordgo.cloud/login' successfully

09-12-2024T14:07:13 - [TEST_STEP][PASSED] - maximizeWindow(): Current window maximized

09-12-2024T14:07:13 - [MESSAGE][PASSED] - Current window maximized

09-12-2024T14:07:13 - [TEST_STEP][PASSED] - setText(findTestObject("Pricing-Test Plan Regresión Core/Page_Login/input_Log in to your account__username"), "antonio.diego"): Text 'antonio.diego' is set on object 'Object Repository/Pricing-Test Plan Regresión Core/Page_Login/input_Log in to your account__username'

09-12-2024T14:07:14 - [MESSAGE][PASSED] - Text 'antonio.diego' is set on object 'Object Repository/Pricing-Test Plan Regresión Core/Page_Login/input_Log in to your account__username'

09-12-2024T14:07:14 - [TEST_STEP][PASSED] - setEncryptedText(findTestObject("Object Repository/Pricing-Test Plan Regresión Core/Page_Login/input_Log in to your account__password"), "4WoE78dHD36JvULd0ZrVWg=="): Text ****** has been set on object 'Object Repository/Pricing-Test Plan Regresión Core/Page_Login/input_Log in to your account__password'

09-12-2024T14:07:14 - [MESSAGE][PASSED] - Text ****** has been set on object 'Object Repository/Pricing-Test Plan Regresión Core/Page_Login/input_Log in to your account__password'

09-12-2024T14:07:14 - [TEST_STEP][PASSED] - selectOptionByValue(findTestObject("Object Repository/Pricing-Test Plan Regresión Core/Page_Login/select_Select an option CANARY ISLAND"), "IC", true): All options with value 'IC' are selected in object 'Object Repository/Pricing-Test Plan Regresión Core/Page_Login/select_Select an option CANARY ISLAND'  using regular expression

09-12-2024T14:07:15 - [MESSAGE][PASSED] - All options with value 'IC' are selected in object 'Object Repository/Pricing-Test Plan Regresión Core/Page_Login/select_Select an option CANARY ISLAND'  using regular expression

09-12-2024T14:07:15 - [TEST_STEP][PASSED] - click(findTestObject("Pricing-Test Plan Regresión Core/Page_Login/button_Login")): Object: 'Object Repository/Pricing-Test Plan Regresión Core/Page_Login/button_Login' is clicked on

09-12-2024T14:07:17 - [MESSAGE][PASSED] - Object: 'Object Repository/Pricing-Test Plan Regresión Core/Page_Login/button_Login' is clicked on

09-12-2024T14:07:17 - [TEST_STEP][PASSED] - waitForElementVisible(findTestObject("Pricing-Test Plan Regresión Core/Page_PRICING/img"), 5): Object 'Object Repository/Pricing-Test Plan Regresión Core/Page_PRICING/img' is visible

09-12-2024T14:07:17 - [MESSAGE][PASSED] - Object 'Object Repository/Pricing-Test Plan Regresión Core/Page_PRICING/img' is visible

09-12-2024T14:07:17 - [TEST_STEP][PASSED] - waitForElementPresent(findTestObject("Pricing-Test Plan Regresión Core/Page_Visualizar COMPLEMENTOS/span_COMPLEMENTOS"), 5): Object 'Object Repository/Pricing-Test Plan Regresión Core/Page_Visualizar COMPLEMENTOS/span_COMPLEMENTOS' is present

09-12-2024T14:07:18 - [MESSAGE][PASSED] - Object 'Object Repository/Pricing-Test Plan Regresión Core/Page_Visualizar COMPLEMENTOS/span_COMPLEMENTOS' is present

09-12-2024T14:07:18 - [TEST_STEP][PASSED] - click(findTestObject("Object Repository/Pricing-Test Plan Regresión Core/Page_Visualizar COMPLEMENTOS/span_COMPLEMENTOS")): Object: 'Object Repository/Pricing-Test Plan Regresión Core/Page_Visualizar COMPLEMENTOS/span_COMPLEMENTOS' is clicked on

09-12-2024T14:07:18 - [MESSAGE][PASSED] - Object: 'Object Repository/Pricing-Test Plan Regresión Core/Page_Visualizar COMPLEMENTOS/span_COMPLEMENTOS' is clicked on

09-12-2024T14:07:18 - [TEST_STEP][PASSED] - waitForElementPresent(findTestObject("Pricing-Test Plan Regresión Core/Page_Visualizar COMPLEMENTOS/span_Complemento"), 5): Object 'Object Repository/Pricing-Test Plan Regresión Core/Page_Visualizar COMPLEMENTOS/span_Complemento' is present

09-12-2024T14:07:18 - [MESSAGE][PASSED] - Object 'Object Repository/Pricing-Test Plan Regresión Core/Page_Visualizar COMPLEMENTOS/span_Complemento' is present

09-12-2024T14:07:18 - [TEST_STEP][PASSED] - click(findTestObject("Object Repository/Pricing-Test Plan Regresión Core/Page_Visualizar COMPLEMENTOS/span_Complemento")): Object: 'Object Repository/Pricing-Test Plan Regresión Core/Page_Visualizar COMPLEMENTOS/span_Complemento' is clicked on

09-12-2024T14:07:18 - [MESSAGE][PASSED] - Object: 'Object Repository/Pricing-Test Plan Regresión Core/Page_Visualizar COMPLEMENTOS/span_Complemento' is clicked on

09-12-2024T14:07:18 - [TEST_STEP][PASSED] - waitForElementPresent(findTestObject("Pricing-Test Plan Regresión Core/Page_Visualizar COMPLEMENTOS/span_Visualizarmodificarclonar"), 5): Object 'Object Repository/Pricing-Test Plan Regresión Core/Page_Visualizar COMPLEMENTOS/span_Visualizarmodificarclonar' is present

09-12-2024T14:07:18 - [MESSAGE][PASSED] - Object 'Object Repository/Pricing-Test Plan Regresión Core/Page_Visualizar COMPLEMENTOS/span_Visualizarmodificarclonar' is present

09-12-2024T14:07:18 - [TEST_STEP][PASSED] - click(findTestObject("Object Repository/Pricing-Test Plan Regresión Core/Page_Visualizar COMPLEMENTOS/span_Visualizarmodificarclonar")): Object: 'Object Repository/Pricing-Test Plan Regresión Core/Page_Visualizar COMPLEMENTOS/span_Visualizarmodificarclonar' is clicked on

09-12-2024T14:07:21 - [MESSAGE][PASSED] - Object: 'Object Repository/Pricing-Test Plan Regresión Core/Page_Visualizar COMPLEMENTOS/span_Visualizarmodificarclonar' is clicked on

09-12-2024T14:07:21 - [TEST_STEP][PASSED] - waitForElementPresent(findTestObject("Pricing-Test Plan Regresión Core/Page_Visualizar COMPLEMENTOS/IconoHojaDetalleComplemento"), 5): Object 'Object Repository/Pricing-Test Plan Regresión Core/Page_Visualizar COMPLEMENTOS/IconoHojaDetalleComplemento' is present

09-12-2024T14:07:22 - [MESSAGE][PASSED] - Object 'Object Repository/Pricing-Test Plan Regresión Core/Page_Visualizar COMPLEMENTOS/IconoHojaDetalleComplemento' is present

09-12-2024T14:07:22 - [TEST_STEP][PASSED] - verifyElementPresent(findTestObject("Pricing-Test Plan Regresión Core/Page_Visualizar COMPLEMENTOS/IconoHojaDetalleComplemento"), 5): Object 'Object Repository/Pricing-Test Plan Regresión Core/Page_Visualizar COMPLEMENTOS/IconoHojaDetalleComplemento' is present

09-12-2024T14:07:22 - [MESSAGE][PASSED] - Object 'Object Repository/Pricing-Test Plan Regresión Core/Page_Visualizar COMPLEMENTOS/IconoHojaDetalleComplemento' is present

09-12-2024T14:07:22 - [TEST_STEP][PASSED] - doubleClick(findTestObject("Pricing-Test Plan Regresión Core/Page_Visualizar COMPLEMENTOS/IconoHojaDetalleComplemento")): Object: 'Object Repository/Pricing-Test Plan Regresión Core/Page_Visualizar COMPLEMENTOS/IconoHojaDetalleComplemento' is double clicked on

09-12-2024T14:07:22 - [MESSAGE][PASSED] - Object: 'Object Repository/Pricing-Test Plan Regresión Core/Page_Visualizar COMPLEMENTOS/IconoHojaDetalleComplemento' is double clicked on

09-12-2024T14:07:22 - [TEST_STEP][PASSED] - waitForElementPresent(findTestObject("Pricing-Test Plan Regresión Core/Page_Visualizar COMPLEMENTOS/h5_Histrico del complemento"), 5): Object 'Object Repository/Pricing-Test Plan Regresión Core/Page_Visualizar COMPLEMENTOS/h5_Histrico del complemento' is present

09-12-2024T14:07:24 - [MESSAGE][PASSED] - Object 'Object Repository/Pricing-Test Plan Regresión Core/Page_Visualizar COMPLEMENTOS/h5_Histrico del complemento' is present

09-12-2024T14:07:24 - [TEST_STEP][PASSED] - verifyElementPresent(findTestObject("Object Repository/Pricing-Test Plan Regresión Core/Page_Visualizar COMPLEMENTOS/h5_Histrico del complemento"), 5): Object 'Object Repository/Pricing-Test Plan Regresión Core/Page_Visualizar COMPLEMENTOS/h5_Histrico del complemento' is present

09-12-2024T14:07:24 - [MESSAGE][PASSED] - Object 'Object Repository/Pricing-Test Plan Regresión Core/Page_Visualizar COMPLEMENTOS/h5_Histrico del complemento' is present

09-12-2024T14:07:24 - [TEST_STEP][PASSED] - waitForElementPresent(findTestObject("Object Repository/Pricing-Test Plan Regresión Core/Page_Visualizar COMPLEMENTOS/div_id Complemento"), 5): Object 'Object Repository/Pricing-Test Plan Regresión Core/Page_Visualizar COMPLEMENTOS/div_id Complemento' is present

09-12-2024T14:07:24 - [MESSAGE][PASSED] - Object 'Object Repository/Pricing-Test Plan Regresión Core/Page_Visualizar COMPLEMENTOS/div_id Complemento' is present

09-12-2024T14:07:24 - [TEST_STEP][PASSED] - verifyElementPresent(findTestObject("Object Repository/Pricing-Test Plan Regresión Core/Page_Visualizar COMPLEMENTOS/div_id Complemento"), 5): Object 'Object Repository/Pricing-Test Plan Regresión Core/Page_Visualizar COMPLEMENTOS/div_id Complemento' is present

09-12-2024T14:07:24 - [MESSAGE][PASSED] - Object 'Object Repository/Pricing-Test Plan Regresión Core/Page_Visualizar COMPLEMENTOS/div_id Complemento' is present

09-12-2024T14:07:24 - [TEST_STEP][PASSED] - verifyElementPresent(findTestObject("Pricing-Test Plan Regresión Core/Page_Visualizar COMPLEMENTOS/IconoOjoHistoricoComplemento"), 5): Object 'Object Repository/Pricing-Test Plan Regresión Core/Page_Visualizar COMPLEMENTOS/IconoOjoHistoricoComplemento' is present

09-12-2024T14:07:24 - [MESSAGE][PASSED] - Object 'Object Repository/Pricing-Test Plan Regresión Core/Page_Visualizar COMPLEMENTOS/IconoOjoHistoricoComplemento' is present

09-12-2024T14:07:24 - [TEST_STEP][PASSED] - waitForElementPresent(findTestObject("Pricing-Test Plan Regresión Core/Page_Visualizar COMPLEMENTOS/IconoOjoHistoricoComplemento"), 5): Object 'Object Repository/Pricing-Test Plan Regresión Core/Page_Visualizar COMPLEMENTOS/IconoOjoHistoricoComplemento' is present

09-12-2024T14:07:25 - [MESSAGE][PASSED] - Object 'Object Repository/Pricing-Test Plan Regresión Core/Page_Visualizar COMPLEMENTOS/IconoOjoHistoricoComplemento' is present

09-12-2024T14:07:25 - [TEST_STEP][PASSED] - click(findTestObject("Pricing-Test Plan Regresión Core/Page_Visualizar COMPLEMENTOS/IconoOjoHistoricoComplemento")): Object: 'Object Repository/Pricing-Test Plan Regresión Core/Page_Visualizar COMPLEMENTOS/IconoOjoHistoricoComplemento' is clicked on

09-12-2024T14:07:25 - [MESSAGE][PASSED] - Object: 'Object Repository/Pricing-Test Plan Regresión Core/Page_Visualizar COMPLEMENTOS/IconoOjoHistoricoComplemento' is clicked on

09-12-2024T14:07:25 - [TEST_STEP][PASSED] - waitForElementPresent(findTestObject("Object Repository/Pricing-Test Plan Regresión Core/Page_Visualizar COMPLEMENTOS/h5_Versin seleccionada de complemento"), 5): Object 'Object Repository/Pricing-Test Plan Regresión Core/Page_Visualizar COMPLEMENTOS/h5_Versin seleccionada de complemento' is present

09-12-2024T14:07:25 - [MESSAGE][PASSED] - Object 'Object Repository/Pricing-Test Plan Regresión Core/Page_Visualizar COMPLEMENTOS/h5_Versin seleccionada de complemento' is present

09-12-2024T14:07:25 - [TEST_STEP][PASSED] - verifyElementPresent(findTestObject("Object Repository/Pricing-Test Plan Regresión Core/Page_Visualizar COMPLEMENTOS/h5_Versin seleccionada de complemento"), 5): Object 'Object Repository/Pricing-Test Plan Regresión Core/Page_Visualizar COMPLEMENTOS/h5_Versin seleccionada de complemento' is present

09-12-2024T14:07:26 - [MESSAGE][PASSED] - Object 'Object Repository/Pricing-Test Plan Regresión Core/Page_Visualizar COMPLEMENTOS/h5_Versin seleccionada de complemento' is present

09-12-2024T14:07:26 - [TEST_STEP][PASSED] - waitForElementPresent(findTestObject("Object Repository/Pricing-Test Plan Regresión Core/Page_Visualizar COMPLEMENTOS/modalBodyInfoComplemento"), 5): Object 'Object Repository/Pricing-Test Plan Regresión Core/Page_Visualizar COMPLEMENTOS/modalBodyInfoComplemento' is not present after 5 second(s)

09-12-2024T14:07:32 - [MESSAGE][INFO] - Unable to find the element located by 'By.xpath: //*[@div = 'data-v-b62db878' and @class = 'modal-body' and @id = 'complementView']'. Please recheck the objects properties to make sure the desired element is located. 

09-12-2024T14:07:32 - [MESSAGE][WARNING] - Object 'Object Repository/Pricing-Test Plan Regresión Core/Page_Visualizar COMPLEMENTOS/modalBodyInfoComplemento' is not present after 5 second(s)

09-12-2024T14:07:32 - [TEST_STEP][PASSED] - click(findTestObject("Object Repository/Pricing-Test Plan Regresión Core/Page_Visualizar COMPLEMENTOS/button_cerrarX")): Object: 'Object Repository/Pricing-Test Plan Regresión Core/Page_Visualizar COMPLEMENTOS/button_cerrarX' is clicked on

09-12-2024T14:07:32 - [MESSAGE][PASSED] - Object: 'Object Repository/Pricing-Test Plan Regresión Core/Page_Visualizar COMPLEMENTOS/button_cerrarX' is clicked on

09-12-2024T14:07:32 - [TEST_STEP][PASSED] - waitForElementPresent(findTestObject("Pricing-Test Plan Regresión Core/Page_Visualizar PRODUCTOS/h1_Registros totales"), 5): Object 'Object Repository/Pricing-Test Plan Regresión Core/Page_Visualizar PRODUCTOS/h1_Registros totales' is present

09-12-2024T14:07:32 - [MESSAGE][PASSED] - Object 'Object Repository/Pricing-Test Plan Regresión Core/Page_Visualizar PRODUCTOS/h1_Registros totales' is present

09-12-2024T14:07:32 - [TEST_STEP][PASSED] - takeScreenshot("P-25-2173"): Taking screenshot successfully

09-12-2024T14:07:32 - [MESSAGE][PASSED] - Taking screenshot successfully
[[ATTACHMENT|/Users/afernandezd/Katalon Studio/Pricing-PrimeraPrueba/Reports/20241209_140354/PRICING-Test Plan Regresi\u00F3n Core/20241209_140354/P-25-2173]]

09-12-2024T14:07:32 - [TEST_STEP][PASSED] - verifyElementPresent(findTestObject("Pricing-Test Plan Regresión Core/Page_Visualizar PRODUCTOS/h1_Registros totales"), 5): Object 'Object Repository/Pricing-Test Plan Regresión Core/Page_Visualizar PRODUCTOS/h1_Registros totales' is present

09-12-2024T14:07:33 - [MESSAGE][PASSED] - Object 'Object Repository/Pricing-Test Plan Regresión Core/Page_Visualizar PRODUCTOS/h1_Registros totales' is present

09-12-2024T14:07:33 - [TEST_STEP][PASSED] - closeBrowser(): Browser is closed

09-12-2024T14:07:33 - [MESSAGE][PASSED] - Browser is closed]]></system-out>
         <system-err><![CDATA[]]></system-err>
      </testcase>
      <testcase name="Test Cases/PRICING-Test Plan Regresión Core/P25-2248-COMPLEMENTOS-Visualizar Detalle de complemento" time="27.0" classname="Test Cases/PRICING-Test Plan Regresión Core/P25-2248-COMPLEMENTOS-Visualizar Detalle de complemento" status="PASSED">
         <system-out><![CDATA[09-12-2024T14:07:33 - [TEST_CASE][PASSED] - Test Cases/PRICING-Test Plan Regresión Core/P25-2248-COMPLEMENTOS-Visualizar Detalle de complemento: Test Cases/PRICING-Test Plan Regresión Core/P25-2248-COMPLEMENTOS-Visualizar Detalle de complemento

09-12-2024T14:07:33 - [TEST_STEP][PASSED] - openBrowser(""): Browser is opened with url: ''

09-12-2024T14:07:33 - [MESSAGE][INFO] - Starting 'Chrome' driver

09-12-2024T14:07:33 - [MESSAGE][INFO] - Action delay is set to 0 milliseconds

09-12-2024T14:07:33 - [MESSAGE][PASSED] - Browser is opened with url: ''

09-12-2024T14:07:33 - [TEST_STEP][PASSED] - navigateToUrl("https://pre-sales.recordgo.cloud/login"): Navigate to 'https://pre-sales.recordgo.cloud/login' successfully

09-12-2024T14:07:38 - [MESSAGE][PASSED] - Navigate to 'https://pre-sales.recordgo.cloud/login' successfully

09-12-2024T14:07:38 - [TEST_STEP][PASSED] - maximizeWindow(): Current window maximized

09-12-2024T14:07:39 - [MESSAGE][PASSED] - Current window maximized

09-12-2024T14:07:39 - [TEST_STEP][PASSED] - setText(findTestObject("Pricing-Test Plan Regresión Core/Page_Login/input_Log in to your account__username"), "antonio.diego"): Text 'antonio.diego' is set on object 'Object Repository/Pricing-Test Plan Regresión Core/Page_Login/input_Log in to your account__username'

09-12-2024T14:07:39 - [MESSAGE][PASSED] - Text 'antonio.diego' is set on object 'Object Repository/Pricing-Test Plan Regresión Core/Page_Login/input_Log in to your account__username'

09-12-2024T14:07:39 - [TEST_STEP][PASSED] - setEncryptedText(findTestObject("Object Repository/Pricing-Test Plan Regresión Core/Page_Login/input_Log in to your account__password"), "4WoE78dHD36JvULd0ZrVWg=="): Text ****** has been set on object 'Object Repository/Pricing-Test Plan Regresión Core/Page_Login/input_Log in to your account__password'

09-12-2024T14:07:40 - [MESSAGE][PASSED] - Text ****** has been set on object 'Object Repository/Pricing-Test Plan Regresión Core/Page_Login/input_Log in to your account__password'

09-12-2024T14:07:40 - [TEST_STEP][PASSED] - selectOptionByValue(findTestObject("Object Repository/Pricing-Test Plan Regresión Core/Page_Login/select_Select an option CANARY ISLAND"), "IC", true): All options with value 'IC' are selected in object 'Object Repository/Pricing-Test Plan Regresión Core/Page_Login/select_Select an option CANARY ISLAND'  using regular expression

09-12-2024T14:07:40 - [MESSAGE][PASSED] - All options with value 'IC' are selected in object 'Object Repository/Pricing-Test Plan Regresión Core/Page_Login/select_Select an option CANARY ISLAND'  using regular expression

09-12-2024T14:07:40 - [TEST_STEP][PASSED] - click(findTestObject("Pricing-Test Plan Regresión Core/Page_Login/button_Login")): Object: 'Object Repository/Pricing-Test Plan Regresión Core/Page_Login/button_Login' is clicked on

09-12-2024T14:07:47 - [MESSAGE][PASSED] - Object: 'Object Repository/Pricing-Test Plan Regresión Core/Page_Login/button_Login' is clicked on

09-12-2024T14:07:47 - [TEST_STEP][PASSED] - waitForElementVisible(findTestObject("Pricing-Test Plan Regresión Core/Page_PRICING/img"), 5): Object 'Object Repository/Pricing-Test Plan Regresión Core/Page_PRICING/img' is visible

09-12-2024T14:07:48 - [MESSAGE][PASSED] - Object 'Object Repository/Pricing-Test Plan Regresión Core/Page_PRICING/img' is visible

09-12-2024T14:07:48 - [TEST_STEP][PASSED] - verifyElementVisible(findTestObject("Object Repository/Pricing-Test Plan Regresión Core/Page_PRICING/img")): Object 'Object Repository/Pricing-Test Plan Regresión Core/Page_PRICING/img' is visible

09-12-2024T14:07:48 - [MESSAGE][PASSED] - Object 'Object Repository/Pricing-Test Plan Regresión Core/Page_PRICING/img' is visible

09-12-2024T14:07:48 - [TEST_STEP][PASSED] - waitForElementPresent(findTestObject("Pricing-Test Plan Regresión Core/Page_Visualizar COMPLEMENTOS/span_COMPLEMENTOS"), 5): Object 'Object Repository/Pricing-Test Plan Regresión Core/Page_Visualizar COMPLEMENTOS/span_COMPLEMENTOS' is present

09-12-2024T14:07:48 - [MESSAGE][PASSED] - Object 'Object Repository/Pricing-Test Plan Regresión Core/Page_Visualizar COMPLEMENTOS/span_COMPLEMENTOS' is present

09-12-2024T14:07:48 - [TEST_STEP][PASSED] - click(findTestObject("Object Repository/Pricing-Test Plan Regresión Core/Page_Visualizar COMPLEMENTOS/span_COMPLEMENTOS")): Object: 'Object Repository/Pricing-Test Plan Regresión Core/Page_Visualizar COMPLEMENTOS/span_COMPLEMENTOS' is clicked on

09-12-2024T14:07:48 - [MESSAGE][PASSED] - Object: 'Object Repository/Pricing-Test Plan Regresión Core/Page_Visualizar COMPLEMENTOS/span_COMPLEMENTOS' is clicked on

09-12-2024T14:07:48 - [TEST_STEP][PASSED] - waitForElementPresent(findTestObject("Pricing-Test Plan Regresión Core/Page_Visualizar COMPLEMENTOS/span_Complemento"), 5): Object 'Object Repository/Pricing-Test Plan Regresión Core/Page_Visualizar COMPLEMENTOS/span_Complemento' is present

09-12-2024T14:07:49 - [MESSAGE][PASSED] - Object 'Object Repository/Pricing-Test Plan Regresión Core/Page_Visualizar COMPLEMENTOS/span_Complemento' is present

09-12-2024T14:07:49 - [TEST_STEP][PASSED] - click(findTestObject("Object Repository/Pricing-Test Plan Regresión Core/Page_Visualizar COMPLEMENTOS/span_Complemento")): Object: 'Object Repository/Pricing-Test Plan Regresión Core/Page_Visualizar COMPLEMENTOS/span_Complemento' is clicked on

09-12-2024T14:07:49 - [MESSAGE][PASSED] - Object: 'Object Repository/Pricing-Test Plan Regresión Core/Page_Visualizar COMPLEMENTOS/span_Complemento' is clicked on

09-12-2024T14:07:49 - [TEST_STEP][PASSED] - waitForElementPresent(findTestObject("Pricing-Test Plan Regresión Core/Page_Visualizar COMPLEMENTOS/span_Visualizarmodificarclonar"), 5): Object 'Object Repository/Pricing-Test Plan Regresión Core/Page_Visualizar COMPLEMENTOS/span_Visualizarmodificarclonar' is present

09-12-2024T14:07:49 - [MESSAGE][PASSED] - Object 'Object Repository/Pricing-Test Plan Regresión Core/Page_Visualizar COMPLEMENTOS/span_Visualizarmodificarclonar' is present

09-12-2024T14:07:49 - [TEST_STEP][PASSED] - click(findTestObject("Object Repository/Pricing-Test Plan Regresión Core/Page_Visualizar COMPLEMENTOS/span_Visualizarmodificarclonar")): Object: 'Object Repository/Pricing-Test Plan Regresión Core/Page_Visualizar COMPLEMENTOS/span_Visualizarmodificarclonar' is clicked on

09-12-2024T14:07:51 - [MESSAGE][PASSED] - Object: 'Object Repository/Pricing-Test Plan Regresión Core/Page_Visualizar COMPLEMENTOS/span_Visualizarmodificarclonar' is clicked on

09-12-2024T14:07:51 - [TEST_STEP][PASSED] - waitForElementPresent(findTestObject("Pricing-Test Plan Regresión Core/Page_Visualizar COMPLEMENTOS/Button_Filtros_Desplegable"), 5): Object 'Object Repository/Pricing-Test Plan Regresión Core/Page_Visualizar COMPLEMENTOS/Button_Filtros_Desplegable' is present

09-12-2024T14:07:52 - [MESSAGE][PASSED] - Object 'Object Repository/Pricing-Test Plan Regresión Core/Page_Visualizar COMPLEMENTOS/Button_Filtros_Desplegable' is present

09-12-2024T14:07:52 - [TEST_STEP][PASSED] - verifyElementPresent(findTestObject("Pricing-Test Plan Regresión Core/Page_Visualizar COMPLEMENTOS/Button_Filtros_Desplegable"), 5): Object 'Object Repository/Pricing-Test Plan Regresión Core/Page_Visualizar COMPLEMENTOS/Button_Filtros_Desplegable' is present

09-12-2024T14:07:52 - [MESSAGE][PASSED] - Object 'Object Repository/Pricing-Test Plan Regresión Core/Page_Visualizar COMPLEMENTOS/Button_Filtros_Desplegable' is present

09-12-2024T14:07:52 - [TEST_STEP][PASSED] - waitForElementPresent(findTestObject("Pricing-Test Plan Regresión Core/Page_Visualizar COMPLEMENTOS/i_active_flaticon-eye"), 5): Object 'Object Repository/Pricing-Test Plan Regresión Core/Page_Visualizar COMPLEMENTOS/i_active_flaticon-eye' is present

09-12-2024T14:07:53 - [MESSAGE][PASSED] - Object 'Object Repository/Pricing-Test Plan Regresión Core/Page_Visualizar COMPLEMENTOS/i_active_flaticon-eye' is present

09-12-2024T14:07:53 - [TEST_STEP][PASSED] - verifyElementPresent(findTestObject("Pricing-Test Plan Regresión Core/Page_Visualizar COMPLEMENTOS/i_active_flaticon-eye"), 5): Object 'Object Repository/Pricing-Test Plan Regresión Core/Page_Visualizar COMPLEMENTOS/i_active_flaticon-eye' is present

09-12-2024T14:07:53 - [MESSAGE][PASSED] - Object 'Object Repository/Pricing-Test Plan Regresión Core/Page_Visualizar COMPLEMENTOS/i_active_flaticon-eye' is present

09-12-2024T14:07:53 - [TEST_STEP][PASSED] - doubleClick(findTestObject("Pricing-Test Plan Regresión Core/Page_Visualizar COMPLEMENTOS/i_active_flaticon-eye")): Object: 'Object Repository/Pricing-Test Plan Regresión Core/Page_Visualizar COMPLEMENTOS/i_active_flaticon-eye' is double clicked on

09-12-2024T14:07:55 - [MESSAGE][PASSED] - Object: 'Object Repository/Pricing-Test Plan Regresión Core/Page_Visualizar COMPLEMENTOS/i_active_flaticon-eye' is double clicked on

09-12-2024T14:07:55 - [TEST_STEP][PASSED] - waitForElementPresent(findTestObject("Pricing-Test Plan Regresión Core/Page_Visualizar COMPLEMENTOS/h3_Complemento"), 5): Object 'Object Repository/Pricing-Test Plan Regresión Core/Page_Visualizar COMPLEMENTOS/h3_Complemento' is present

09-12-2024T14:07:56 - [MESSAGE][PASSED] - Object 'Object Repository/Pricing-Test Plan Regresión Core/Page_Visualizar COMPLEMENTOS/h3_Complemento' is present

09-12-2024T14:07:56 - [TEST_STEP][PASSED] - verifyElementPresent(findTestObject("Pricing-Test Plan Regresión Core/Page_Visualizar COMPLEMENTOS/h3_Complemento"), 5): Object 'Object Repository/Pricing-Test Plan Regresión Core/Page_Visualizar COMPLEMENTOS/h3_Complemento' is present

09-12-2024T14:07:56 - [MESSAGE][PASSED] - Object 'Object Repository/Pricing-Test Plan Regresión Core/Page_Visualizar COMPLEMENTOS/h3_Complemento' is present

09-12-2024T14:07:56 - [TEST_STEP][PASSED] - waitForElementPresent(findTestObject("Object Repository/Pricing-Test Plan Regresión Core/Page_Visualizar COMPLEMENTOS/a_Ir al listado"), 5): Object 'Object Repository/Pricing-Test Plan Regresión Core/Page_Visualizar COMPLEMENTOS/a_Ir al listado' is present

09-12-2024T14:07:56 - [MESSAGE][PASSED] - Object 'Object Repository/Pricing-Test Plan Regresión Core/Page_Visualizar COMPLEMENTOS/a_Ir al listado' is present

09-12-2024T14:07:56 - [TEST_STEP][PASSED] - verifyElementPresent(findTestObject("Object Repository/Pricing-Test Plan Regresión Core/Page_Visualizar COMPLEMENTOS/a_Ir al listado"), 5): Object 'Object Repository/Pricing-Test Plan Regresión Core/Page_Visualizar COMPLEMENTOS/a_Ir al listado' is present

09-12-2024T14:07:56 - [MESSAGE][PASSED] - Object 'Object Repository/Pricing-Test Plan Regresión Core/Page_Visualizar COMPLEMENTOS/a_Ir al listado' is present

09-12-2024T14:07:56 - [TEST_STEP][PASSED] - focus(findTestObject("Pricing-Test Plan Regresión Core/Page_Visualizar COMPLEMENTOS/a_Ir al listado")): Object: 'Object Repository/Pricing-Test Plan Regresión Core/Page_Visualizar COMPLEMENTOS/a_Ir al listado' is focused

09-12-2024T14:07:57 - [MESSAGE][PASSED] - Object: 'Object Repository/Pricing-Test Plan Regresión Core/Page_Visualizar COMPLEMENTOS/a_Ir al listado' is focused

09-12-2024T14:07:57 - [TEST_STEP][PASSED] - click(findTestObject("Object Repository/Pricing-Test Plan Regresión Core/Page_Visualizar COMPLEMENTOS/a_Ir al listado")): Object: 'Object Repository/Pricing-Test Plan Regresión Core/Page_Visualizar COMPLEMENTOS/a_Ir al listado' is clicked on

09-12-2024T14:07:58 - [MESSAGE][PASSED] - Object: 'Object Repository/Pricing-Test Plan Regresión Core/Page_Visualizar COMPLEMENTOS/a_Ir al listado' is clicked on

09-12-2024T14:07:58 - [TEST_STEP][PASSED] - waitForElementPresent(findTestObject("Pricing-Test Plan Regresión Core/Page_Visualizar PRODUCTOS/h1_Registros totales"), 5): Object 'Object Repository/Pricing-Test Plan Regresión Core/Page_Visualizar PRODUCTOS/h1_Registros totales' is present

09-12-2024T14:07:59 - [MESSAGE][PASSED] - Object 'Object Repository/Pricing-Test Plan Regresión Core/Page_Visualizar PRODUCTOS/h1_Registros totales' is present

09-12-2024T14:07:59 - [TEST_STEP][PASSED] - takeScreenshot("P25-2248"): Taking screenshot successfully

09-12-2024T14:07:59 - [MESSAGE][PASSED] - Taking screenshot successfully
[[ATTACHMENT|/Users/afernandezd/Katalon Studio/Pricing-PrimeraPrueba/Reports/20241209_140354/PRICING-Test Plan Regresi\u00F3n Core/20241209_140354/P25-2248]]

09-12-2024T14:07:59 - [TEST_STEP][PASSED] - verifyElementPresent(findTestObject("Pricing-Test Plan Regresión Core/Page_Visualizar PRODUCTOS/h1_Registros totales"), 5): Object 'Object Repository/Pricing-Test Plan Regresión Core/Page_Visualizar PRODUCTOS/h1_Registros totales' is present

09-12-2024T14:08:00 - [MESSAGE][PASSED] - Object 'Object Repository/Pricing-Test Plan Regresión Core/Page_Visualizar PRODUCTOS/h1_Registros totales' is present

09-12-2024T14:08:00 - [TEST_STEP][PASSED] - closeBrowser(): Browser is closed

09-12-2024T14:08:00 - [MESSAGE][PASSED] - Browser is closed]]></system-out>
         <system-err><![CDATA[]]></system-err>
      </testcase>
      <testcase name="Test Cases/PRICING-Test Plan Regresión Core/P25-2175-COMPLEMENTOS-Visualizar tarifa de complementos" time="16.841" classname="Test Cases/PRICING-Test Plan Regresión Core/P25-2175-COMPLEMENTOS-Visualizar tarifa de complementos" status="PASSED">
         <system-out><![CDATA[09-12-2024T14:08:00 - [TEST_CASE][PASSED] - Test Cases/PRICING-Test Plan Regresión Core/P25-2175-COMPLEMENTOS-Visualizar tarifa de complementos: Test Cases/PRICING-Test Plan Regresión Core/P25-2175-COMPLEMENTOS-Visualizar tarifa de complementos

09-12-2024T14:08:00 - [TEST_STEP][PASSED] - openBrowser(""): Browser is opened with url: ''

09-12-2024T14:08:00 - [MESSAGE][INFO] - Starting 'Chrome' driver

09-12-2024T14:08:00 - [MESSAGE][INFO] - Action delay is set to 0 milliseconds

09-12-2024T14:08:00 - [MESSAGE][PASSED] - Browser is opened with url: ''

09-12-2024T14:08:00 - [TEST_STEP][PASSED] - navigateToUrl("https://pre-sales.recordgo.cloud/login"): Navigate to 'https://pre-sales.recordgo.cloud/login' successfully

09-12-2024T14:08:07 - [MESSAGE][PASSED] - Navigate to 'https://pre-sales.recordgo.cloud/login' successfully

09-12-2024T14:08:07 - [TEST_STEP][PASSED] - maximizeWindow(): Current window maximized

09-12-2024T14:08:07 - [MESSAGE][PASSED] - Current window maximized

09-12-2024T14:08:07 - [TEST_STEP][PASSED] - setText(findTestObject("Pricing-Test Plan Regresión Core/Page_Login/input_Log in to your account__username"), "antonio.diego"): Text 'antonio.diego' is set on object 'Object Repository/Pricing-Test Plan Regresión Core/Page_Login/input_Log in to your account__username'

09-12-2024T14:08:08 - [MESSAGE][PASSED] - Text 'antonio.diego' is set on object 'Object Repository/Pricing-Test Plan Regresión Core/Page_Login/input_Log in to your account__username'

09-12-2024T14:08:08 - [TEST_STEP][PASSED] - setEncryptedText(findTestObject("Object Repository/Pricing-Test Plan Regresión Core/Page_Login/input_Log in to your account__password"), "4WoE78dHD36JvULd0ZrVWg=="): Text ****** has been set on object 'Object Repository/Pricing-Test Plan Regresión Core/Page_Login/input_Log in to your account__password'

09-12-2024T14:08:08 - [MESSAGE][PASSED] - Text ****** has been set on object 'Object Repository/Pricing-Test Plan Regresión Core/Page_Login/input_Log in to your account__password'

09-12-2024T14:08:08 - [TEST_STEP][PASSED] - selectOptionByValue(findTestObject("Object Repository/Pricing-Test Plan Regresión Core/Page_Login/select_Select an option CANARY ISLAND"), "IC", true): All options with value 'IC' are selected in object 'Object Repository/Pricing-Test Plan Regresión Core/Page_Login/select_Select an option CANARY ISLAND'  using regular expression

09-12-2024T14:08:09 - [MESSAGE][PASSED] - All options with value 'IC' are selected in object 'Object Repository/Pricing-Test Plan Regresión Core/Page_Login/select_Select an option CANARY ISLAND'  using regular expression

09-12-2024T14:08:09 - [TEST_STEP][PASSED] - click(findTestObject("Pricing-Test Plan Regresión Core/Page_Login/button_Login")): Object: 'Object Repository/Pricing-Test Plan Regresión Core/Page_Login/button_Login' is clicked on

09-12-2024T14:08:11 - [MESSAGE][PASSED] - Object: 'Object Repository/Pricing-Test Plan Regresión Core/Page_Login/button_Login' is clicked on

09-12-2024T14:08:11 - [TEST_STEP][PASSED] - waitForElementVisible(findTestObject("Pricing-Test Plan Regresión Core/Page_PRICING/img"), 5): Object 'Object Repository/Pricing-Test Plan Regresión Core/Page_PRICING/img' is visible

09-12-2024T14:08:12 - [MESSAGE][PASSED] - Object 'Object Repository/Pricing-Test Plan Regresión Core/Page_PRICING/img' is visible

09-12-2024T14:08:12 - [TEST_STEP][PASSED] - waitForElementPresent(findTestObject("Pricing-Test Plan Regresión Core/Page_Visualizar COMPLEMENTOS/span_COMPLEMENTOS"), 5): Object 'Object Repository/Pricing-Test Plan Regresión Core/Page_Visualizar COMPLEMENTOS/span_COMPLEMENTOS' is present

09-12-2024T14:08:12 - [MESSAGE][PASSED] - Object 'Object Repository/Pricing-Test Plan Regresión Core/Page_Visualizar COMPLEMENTOS/span_COMPLEMENTOS' is present

09-12-2024T14:08:12 - [TEST_STEP][PASSED] - verifyElementPresent(findTestObject("Object Repository/Pricing-Test Plan Regresión Core/Page_Visualizar COMPLEMENTOS/span_COMPLEMENTOS"), 5): Object 'Object Repository/Pricing-Test Plan Regresión Core/Page_Visualizar COMPLEMENTOS/span_COMPLEMENTOS' is present

09-12-2024T14:08:12 - [MESSAGE][PASSED] - Object 'Object Repository/Pricing-Test Plan Regresión Core/Page_Visualizar COMPLEMENTOS/span_COMPLEMENTOS' is present

09-12-2024T14:08:12 - [TEST_STEP][PASSED] - click(findTestObject("Object Repository/Pricing-Test Plan Regresión Core/Page_Visualizar COMPLEMENTOS/span_COMPLEMENTOS")): Object: 'Object Repository/Pricing-Test Plan Regresión Core/Page_Visualizar COMPLEMENTOS/span_COMPLEMENTOS' is clicked on

09-12-2024T14:08:12 - [MESSAGE][PASSED] - Object: 'Object Repository/Pricing-Test Plan Regresión Core/Page_Visualizar COMPLEMENTOS/span_COMPLEMENTOS' is clicked on

09-12-2024T14:08:12 - [TEST_STEP][PASSED] - waitForElementPresent(findTestObject("Object Repository/Pricing-Test Plan Regresión Core/Page_Visualizar COMPLEMENTOS/span_Tarifa de complemento"), 5): Object 'Object Repository/Pricing-Test Plan Regresión Core/Page_Visualizar COMPLEMENTOS/span_Tarifa de complemento' is present

09-12-2024T14:08:12 - [MESSAGE][PASSED] - Object 'Object Repository/Pricing-Test Plan Regresión Core/Page_Visualizar COMPLEMENTOS/span_Tarifa de complemento' is present

09-12-2024T14:08:12 - [TEST_STEP][PASSED] - verifyElementPresent(findTestObject("Object Repository/Pricing-Test Plan Regresión Core/Page_Visualizar COMPLEMENTOS/span_Tarifa de complemento"), 5): Object 'Object Repository/Pricing-Test Plan Regresión Core/Page_Visualizar COMPLEMENTOS/span_Tarifa de complemento' is present

09-12-2024T14:08:13 - [MESSAGE][PASSED] - Object 'Object Repository/Pricing-Test Plan Regresión Core/Page_Visualizar COMPLEMENTOS/span_Tarifa de complemento' is present

09-12-2024T14:08:13 - [TEST_STEP][PASSED] - click(findTestObject("Object Repository/Pricing-Test Plan Regresión Core/Page_Visualizar COMPLEMENTOS/span_Tarifa de complemento")): Object: 'Object Repository/Pricing-Test Plan Regresión Core/Page_Visualizar COMPLEMENTOS/span_Tarifa de complemento' is clicked on

09-12-2024T14:08:13 - [MESSAGE][PASSED] - Object: 'Object Repository/Pricing-Test Plan Regresión Core/Page_Visualizar COMPLEMENTOS/span_Tarifa de complemento' is clicked on

09-12-2024T14:08:13 - [TEST_STEP][PASSED] - waitForElementPresent(findTestObject("Object Repository/Pricing-Test Plan Regresión Core/Page_Visualizar COMPLEMENTOS/span_Visualizarmodificar_TarifaCompl"), 5): Object 'Object Repository/Pricing-Test Plan Regresión Core/Page_Visualizar COMPLEMENTOS/span_Visualizarmodificar_TarifaCompl' is present

09-12-2024T14:08:13 - [MESSAGE][PASSED] - Object 'Object Repository/Pricing-Test Plan Regresión Core/Page_Visualizar COMPLEMENTOS/span_Visualizarmodificar_TarifaCompl' is present

09-12-2024T14:08:13 - [TEST_STEP][PASSED] - verifyElementPresent(findTestObject("Object Repository/Pricing-Test Plan Regresión Core/Page_Visualizar COMPLEMENTOS/span_Visualizarmodificar_TarifaCompl"), 5): Object 'Object Repository/Pricing-Test Plan Regresión Core/Page_Visualizar COMPLEMENTOS/span_Visualizarmodificar_TarifaCompl' is present

09-12-2024T14:08:13 - [MESSAGE][PASSED] - Object 'Object Repository/Pricing-Test Plan Regresión Core/Page_Visualizar COMPLEMENTOS/span_Visualizarmodificar_TarifaCompl' is present

09-12-2024T14:08:13 - [TEST_STEP][PASSED] - click(findTestObject("Object Repository/Pricing-Test Plan Regresión Core/Page_Visualizar COMPLEMENTOS/span_Visualizarmodificar_TarifaCompl")): Object: 'Object Repository/Pricing-Test Plan Regresión Core/Page_Visualizar COMPLEMENTOS/span_Visualizarmodificar_TarifaCompl' is clicked on

09-12-2024T14:08:15 - [MESSAGE][PASSED] - Object: 'Object Repository/Pricing-Test Plan Regresión Core/Page_Visualizar COMPLEMENTOS/span_Visualizarmodificar_TarifaCompl' is clicked on

09-12-2024T14:08:15 - [TEST_STEP][PASSED] - waitForElementPresent(findTestObject("Pricing-Test Plan Regresión Core/Page_Visualizar PRODUCTOS/h1_Registros totales"), 5): Object 'Object Repository/Pricing-Test Plan Regresión Core/Page_Visualizar PRODUCTOS/h1_Registros totales' is present

09-12-2024T14:08:15 - [MESSAGE][PASSED] - Object 'Object Repository/Pricing-Test Plan Regresión Core/Page_Visualizar PRODUCTOS/h1_Registros totales' is present

09-12-2024T14:08:15 - [TEST_STEP][PASSED] - verifyElementPresent(findTestObject("Pricing-Test Plan Regresión Core/Page_Visualizar PRODUCTOS/h1_Registros totales"), 5): Object 'Object Repository/Pricing-Test Plan Regresión Core/Page_Visualizar PRODUCTOS/h1_Registros totales' is present

09-12-2024T14:08:16 - [MESSAGE][PASSED] - Object 'Object Repository/Pricing-Test Plan Regresión Core/Page_Visualizar PRODUCTOS/h1_Registros totales' is present

09-12-2024T14:08:16 - [TEST_STEP][PASSED] - verifyElementPresent(findTestObject("Object Repository/Pricing-Test Plan Regresión Core/Page_Visualizar COMPLEMENTOS/button_Filtros"), 5): Object 'Object Repository/Pricing-Test Plan Regresión Core/Page_Visualizar COMPLEMENTOS/button_Filtros' is present

09-12-2024T14:08:16 - [MESSAGE][PASSED] - Object 'Object Repository/Pricing-Test Plan Regresión Core/Page_Visualizar COMPLEMENTOS/button_Filtros' is present

09-12-2024T14:08:16 - [TEST_STEP][PASSED] - waitForElementPresent(findTestObject("Pricing-Test Plan Regresión Core/Page_Visualizar COMPLEMENTOS/Button_Filtros_Desplegable"), 5): Object 'Object Repository/Pricing-Test Plan Regresión Core/Page_Visualizar COMPLEMENTOS/Button_Filtros_Desplegable' is present

09-12-2024T14:08:16 - [MESSAGE][PASSED] - Object 'Object Repository/Pricing-Test Plan Regresión Core/Page_Visualizar COMPLEMENTOS/Button_Filtros_Desplegable' is present

09-12-2024T14:08:16 - [TEST_STEP][PASSED] - takeScreenshot("P-25-2175"): Taking screenshot successfully

09-12-2024T14:08:16 - [MESSAGE][PASSED] - Taking screenshot successfully
[[ATTACHMENT|/Users/afernandezd/Katalon Studio/Pricing-PrimeraPrueba/Reports/20241209_140354/PRICING-Test Plan Regresi\u00F3n Core/20241209_140354/P-25-2175]]

09-12-2024T14:08:16 - [TEST_STEP][PASSED] - waitForElementPresent(findTestObject("Pricing-Test Plan Regresión Core/Page_Visualizar COMPLEMENTOS/button_Filtros"), 5): Object 'Object Repository/Pricing-Test Plan Regresión Core/Page_Visualizar COMPLEMENTOS/button_Filtros' is present

09-12-2024T14:08:17 - [MESSAGE][PASSED] - Object 'Object Repository/Pricing-Test Plan Regresión Core/Page_Visualizar COMPLEMENTOS/button_Filtros' is present

09-12-2024T14:08:17 - [TEST_STEP][PASSED] - closeBrowser(): Browser is closed

09-12-2024T14:08:17 - [MESSAGE][PASSED] - Browser is closed]]></system-out>
         <system-err><![CDATA[]]></system-err>
      </testcase>
      <testcase name="Test Cases/PRICING-Test Plan Regresión Core/P25-2177-COMPLEMENTOS-Clonar tarifa de complementos-Cancelar" time="23.245" classname="Test Cases/PRICING-Test Plan Regresión Core/P25-2177-COMPLEMENTOS-Clonar tarifa de complementos-Cancelar" status="PASSED">
         <system-out><![CDATA[09-12-2024T14:08:17 - [TEST_CASE][PASSED] - Test Cases/PRICING-Test Plan Regresión Core/P25-2177-COMPLEMENTOS-Clonar tarifa de complementos-Cancelar: Test Cases/PRICING-Test Plan Regresión Core/P25-2177-COMPLEMENTOS-Clonar tarifa de complementos-Cancelar

09-12-2024T14:08:17 - [TEST_STEP][PASSED] - openBrowser(""): Browser is opened with url: ''

09-12-2024T14:08:17 - [MESSAGE][INFO] - Starting 'Chrome' driver

09-12-2024T14:08:17 - [MESSAGE][INFO] - Action delay is set to 0 milliseconds

09-12-2024T14:08:17 - [MESSAGE][PASSED] - Browser is opened with url: ''

09-12-2024T14:08:17 - [TEST_STEP][PASSED] - navigateToUrl("https://pre-sales.recordgo.cloud/login"): Navigate to 'https://pre-sales.recordgo.cloud/login' successfully

09-12-2024T14:08:23 - [MESSAGE][PASSED] - Navigate to 'https://pre-sales.recordgo.cloud/login' successfully

09-12-2024T14:08:23 - [TEST_STEP][PASSED] - maximizeWindow(): Current window maximized

09-12-2024T14:08:23 - [MESSAGE][PASSED] - Current window maximized

09-12-2024T14:08:23 - [TEST_STEP][PASSED] - setText(findTestObject("Pricing-Test Plan Regresión Core/Page_Login/input_Log in to your account__username"), "antonio.diego"): Text 'antonio.diego' is set on object 'Object Repository/Pricing-Test Plan Regresión Core/Page_Login/input_Log in to your account__username'

09-12-2024T14:08:24 - [MESSAGE][PASSED] - Text 'antonio.diego' is set on object 'Object Repository/Pricing-Test Plan Regresión Core/Page_Login/input_Log in to your account__username'

09-12-2024T14:08:24 - [TEST_STEP][PASSED] - setEncryptedText(findTestObject("Object Repository/Pricing-Test Plan Regresión Core/Page_Login/input_Log in to your account__password"), "4WoE78dHD36JvULd0ZrVWg=="): Text ****** has been set on object 'Object Repository/Pricing-Test Plan Regresión Core/Page_Login/input_Log in to your account__password'

09-12-2024T14:08:24 - [MESSAGE][PASSED] - Text ****** has been set on object 'Object Repository/Pricing-Test Plan Regresión Core/Page_Login/input_Log in to your account__password'

09-12-2024T14:08:24 - [TEST_STEP][PASSED] - selectOptionByValue(findTestObject("Object Repository/Pricing-Test Plan Regresión Core/Page_Login/select_Select an option CANARY ISLAND"), "IC", true): All options with value 'IC' are selected in object 'Object Repository/Pricing-Test Plan Regresión Core/Page_Login/select_Select an option CANARY ISLAND'  using regular expression

09-12-2024T14:08:25 - [MESSAGE][PASSED] - All options with value 'IC' are selected in object 'Object Repository/Pricing-Test Plan Regresión Core/Page_Login/select_Select an option CANARY ISLAND'  using regular expression

09-12-2024T14:08:25 - [TEST_STEP][PASSED] - click(findTestObject("Pricing-Test Plan Regresión Core/Page_Login/button_Login")): Object: 'Object Repository/Pricing-Test Plan Regresión Core/Page_Login/button_Login' is clicked on

09-12-2024T14:08:29 - [MESSAGE][PASSED] - Object: 'Object Repository/Pricing-Test Plan Regresión Core/Page_Login/button_Login' is clicked on

09-12-2024T14:08:29 - [TEST_STEP][PASSED] - waitForElementVisible(findTestObject("Pricing-Test Plan Regresión Core/Page_PRICING/img"), 5): Object 'Object Repository/Pricing-Test Plan Regresión Core/Page_PRICING/img' is visible

09-12-2024T14:08:29 - [MESSAGE][PASSED] - Object 'Object Repository/Pricing-Test Plan Regresión Core/Page_PRICING/img' is visible

09-12-2024T14:08:29 - [TEST_STEP][PASSED] - waitForElementPresent(findTestObject("Pricing-Test Plan Regresión Core/Page_Visualizar COMPLEMENTOS/span_COMPLEMENTOS"), 5): Object 'Object Repository/Pricing-Test Plan Regresión Core/Page_Visualizar COMPLEMENTOS/span_COMPLEMENTOS' is present

09-12-2024T14:08:29 - [MESSAGE][PASSED] - Object 'Object Repository/Pricing-Test Plan Regresión Core/Page_Visualizar COMPLEMENTOS/span_COMPLEMENTOS' is present

09-12-2024T14:08:29 - [TEST_STEP][PASSED] - verifyElementPresent(findTestObject("Object Repository/Pricing-Test Plan Regresión Core/Page_Visualizar COMPLEMENTOS/span_COMPLEMENTOS"), 5): Object 'Object Repository/Pricing-Test Plan Regresión Core/Page_Visualizar COMPLEMENTOS/span_COMPLEMENTOS' is present

09-12-2024T14:08:29 - [MESSAGE][PASSED] - Object 'Object Repository/Pricing-Test Plan Regresión Core/Page_Visualizar COMPLEMENTOS/span_COMPLEMENTOS' is present

09-12-2024T14:08:29 - [TEST_STEP][PASSED] - click(findTestObject("Object Repository/Pricing-Test Plan Regresión Core/Page_Visualizar COMPLEMENTOS/span_COMPLEMENTOS")): Object: 'Object Repository/Pricing-Test Plan Regresión Core/Page_Visualizar COMPLEMENTOS/span_COMPLEMENTOS' is clicked on

09-12-2024T14:08:30 - [MESSAGE][PASSED] - Object: 'Object Repository/Pricing-Test Plan Regresión Core/Page_Visualizar COMPLEMENTOS/span_COMPLEMENTOS' is clicked on

09-12-2024T14:08:30 - [TEST_STEP][PASSED] - waitForElementPresent(findTestObject("Object Repository/Pricing-Test Plan Regresión Core/Page_Visualizar COMPLEMENTOS/span_Tarifa de complemento"), 5): Object 'Object Repository/Pricing-Test Plan Regresión Core/Page_Visualizar COMPLEMENTOS/span_Tarifa de complemento' is present

09-12-2024T14:08:30 - [MESSAGE][PASSED] - Object 'Object Repository/Pricing-Test Plan Regresión Core/Page_Visualizar COMPLEMENTOS/span_Tarifa de complemento' is present

09-12-2024T14:08:30 - [TEST_STEP][PASSED] - verifyElementPresent(findTestObject("Object Repository/Pricing-Test Plan Regresión Core/Page_Visualizar COMPLEMENTOS/span_Tarifa de complemento"), 5): Object 'Object Repository/Pricing-Test Plan Regresión Core/Page_Visualizar COMPLEMENTOS/span_Tarifa de complemento' is present

09-12-2024T14:08:30 - [MESSAGE][PASSED] - Object 'Object Repository/Pricing-Test Plan Regresión Core/Page_Visualizar COMPLEMENTOS/span_Tarifa de complemento' is present

09-12-2024T14:08:30 - [TEST_STEP][PASSED] - click(findTestObject("Object Repository/Pricing-Test Plan Regresión Core/Page_Visualizar COMPLEMENTOS/span_Tarifa de complemento")): Object: 'Object Repository/Pricing-Test Plan Regresión Core/Page_Visualizar COMPLEMENTOS/span_Tarifa de complemento' is clicked on

09-12-2024T14:08:30 - [MESSAGE][PASSED] - Object: 'Object Repository/Pricing-Test Plan Regresión Core/Page_Visualizar COMPLEMENTOS/span_Tarifa de complemento' is clicked on

09-12-2024T14:08:30 - [TEST_STEP][PASSED] - waitForElementPresent(findTestObject("Object Repository/Pricing-Test Plan Regresión Core/Page_Visualizar COMPLEMENTOS/span_Visualizarmodificar_TarifaCompl"), 5): Object 'Object Repository/Pricing-Test Plan Regresión Core/Page_Visualizar COMPLEMENTOS/span_Visualizarmodificar_TarifaCompl' is present

09-12-2024T14:08:31 - [MESSAGE][PASSED] - Object 'Object Repository/Pricing-Test Plan Regresión Core/Page_Visualizar COMPLEMENTOS/span_Visualizarmodificar_TarifaCompl' is present

09-12-2024T14:08:31 - [TEST_STEP][PASSED] - verifyElementPresent(findTestObject("Object Repository/Pricing-Test Plan Regresión Core/Page_Visualizar COMPLEMENTOS/span_Visualizarmodificar_TarifaCompl"), 5): Object 'Object Repository/Pricing-Test Plan Regresión Core/Page_Visualizar COMPLEMENTOS/span_Visualizarmodificar_TarifaCompl' is present

09-12-2024T14:08:31 - [MESSAGE][PASSED] - Object 'Object Repository/Pricing-Test Plan Regresión Core/Page_Visualizar COMPLEMENTOS/span_Visualizarmodificar_TarifaCompl' is present

09-12-2024T14:08:31 - [TEST_STEP][PASSED] - click(findTestObject("Object Repository/Pricing-Test Plan Regresión Core/Page_Visualizar COMPLEMENTOS/span_Visualizarmodificar_TarifaCompl")): Object: 'Object Repository/Pricing-Test Plan Regresión Core/Page_Visualizar COMPLEMENTOS/span_Visualizarmodificar_TarifaCompl' is clicked on

09-12-2024T14:08:32 - [MESSAGE][PASSED] - Object: 'Object Repository/Pricing-Test Plan Regresión Core/Page_Visualizar COMPLEMENTOS/span_Visualizarmodificar_TarifaCompl' is clicked on

09-12-2024T14:08:32 - [TEST_STEP][PASSED] - waitForElementPresent(findTestObject("Pricing-Test Plan Regresión Core/Page_Visualizar PRODUCTOS/h1_Registros totales"), 5): Object 'Object Repository/Pricing-Test Plan Regresión Core/Page_Visualizar PRODUCTOS/h1_Registros totales' is present

09-12-2024T14:08:33 - [MESSAGE][PASSED] - Object 'Object Repository/Pricing-Test Plan Regresión Core/Page_Visualizar PRODUCTOS/h1_Registros totales' is present

09-12-2024T14:08:33 - [TEST_STEP][PASSED] - verifyElementPresent(findTestObject("Pricing-Test Plan Regresión Core/Page_Visualizar PRODUCTOS/h1_Registros totales"), 5): Object 'Object Repository/Pricing-Test Plan Regresión Core/Page_Visualizar PRODUCTOS/h1_Registros totales' is present

09-12-2024T14:08:33 - [MESSAGE][PASSED] - Object 'Object Repository/Pricing-Test Plan Regresión Core/Page_Visualizar PRODUCTOS/h1_Registros totales' is present

09-12-2024T14:08:33 - [TEST_STEP][PASSED] - verifyElementPresent(findTestObject("Object Repository/Pricing-Test Plan Regresión Core/Page_Visualizar COMPLEMENTOS/button_Filtros"), 5): Object 'Object Repository/Pricing-Test Plan Regresión Core/Page_Visualizar COMPLEMENTOS/button_Filtros' is present

09-12-2024T14:08:33 - [MESSAGE][PASSED] - Object 'Object Repository/Pricing-Test Plan Regresión Core/Page_Visualizar COMPLEMENTOS/button_Filtros' is present

09-12-2024T14:08:33 - [TEST_STEP][PASSED] - waitForElementPresent(findTestObject("Pricing-Test Plan Regresión Core/Page_Visualizar COMPLEMENTOS/Button_Filtros_Desplegable"), 5): Object 'Object Repository/Pricing-Test Plan Regresión Core/Page_Visualizar COMPLEMENTOS/Button_Filtros_Desplegable' is present

09-12-2024T14:08:34 - [MESSAGE][PASSED] - Object 'Object Repository/Pricing-Test Plan Regresión Core/Page_Visualizar COMPLEMENTOS/Button_Filtros_Desplegable' is present

09-12-2024T14:08:34 - [TEST_STEP][PASSED] - waitForElementPresent(findTestObject("Pricing-Test Plan Regresión Core/Page_Visualizar COMPLEMENTOS/button_Filtros"), 5): Object 'Object Repository/Pricing-Test Plan Regresión Core/Page_Visualizar COMPLEMENTOS/button_Filtros' is present

09-12-2024T14:08:34 - [MESSAGE][PASSED] - Object 'Object Repository/Pricing-Test Plan Regresión Core/Page_Visualizar COMPLEMENTOS/button_Filtros' is present

09-12-2024T14:08:34 - [TEST_STEP][PASSED] - waitForElementPresent(findTestObject("Pricing-Test Plan Regresión Core/Page_Visualizar COMPLEMENTOS/IconoHojaClonarComplemento"), 5): Object 'Object Repository/Pricing-Test Plan Regresión Core/Page_Visualizar COMPLEMENTOS/IconoHojaClonarComplemento' is present

09-12-2024T14:08:34 - [MESSAGE][PASSED] - Object 'Object Repository/Pricing-Test Plan Regresión Core/Page_Visualizar COMPLEMENTOS/IconoHojaClonarComplemento' is present

09-12-2024T14:08:34 - [TEST_STEP][PASSED] - verifyElementPresent(findTestObject("Pricing-Test Plan Regresión Core/Page_Visualizar COMPLEMENTOS/IconoHojaClonarComplemento"), 5): Object 'Object Repository/Pricing-Test Plan Regresión Core/Page_Visualizar COMPLEMENTOS/IconoHojaClonarComplemento' is present

09-12-2024T14:08:34 - [MESSAGE][PASSED] - Object 'Object Repository/Pricing-Test Plan Regresión Core/Page_Visualizar COMPLEMENTOS/IconoHojaClonarComplemento' is present

09-12-2024T14:08:34 - [TEST_STEP][PASSED] - doubleClick(findTestObject("Pricing-Test Plan Regresión Core/Page_Visualizar COMPLEMENTOS/IconoHojaClonarComplemento")): Object: 'Object Repository/Pricing-Test Plan Regresión Core/Page_Visualizar COMPLEMENTOS/IconoHojaClonarComplemento' is double clicked on

09-12-2024T14:08:37 - [MESSAGE][PASSED] - Object: 'Object Repository/Pricing-Test Plan Regresión Core/Page_Visualizar COMPLEMENTOS/IconoHojaClonarComplemento' is double clicked on

09-12-2024T14:08:37 - [TEST_STEP][PASSED] - waitForElementPresent(findTestObject("Pricing-Test Plan Regresión Core/Page_Visualizar COMPLEMENTOS/button_CancelarClonar"), 5): Object 'Object Repository/Pricing-Test Plan Regresión Core/Page_Visualizar COMPLEMENTOS/button_CancelarClonar' is present

09-12-2024T14:08:38 - [MESSAGE][PASSED] - Object 'Object Repository/Pricing-Test Plan Regresión Core/Page_Visualizar COMPLEMENTOS/button_CancelarClonar' is present

09-12-2024T14:08:38 - [TEST_STEP][PASSED] - verifyElementPresent(findTestObject("Pricing-Test Plan Regresión Core/Page_Visualizar COMPLEMENTOS/button_CancelarClonar"), 5): Object 'Object Repository/Pricing-Test Plan Regresión Core/Page_Visualizar COMPLEMENTOS/button_CancelarClonar' is present

09-12-2024T14:08:38 - [MESSAGE][PASSED] - Object 'Object Repository/Pricing-Test Plan Regresión Core/Page_Visualizar COMPLEMENTOS/button_CancelarClonar' is present

09-12-2024T14:08:38 - [TEST_STEP][PASSED] - takeScreenshot("P-25-2175"): Taking screenshot successfully

09-12-2024T14:08:38 - [MESSAGE][PASSED] - Taking screenshot successfully
[[ATTACHMENT|/Users/afernandezd/Katalon Studio/Pricing-PrimeraPrueba/Reports/20241209_140354/PRICING-Test Plan Regresi\u00F3n Core/20241209_140354/P-25-2175]]

09-12-2024T14:08:38 - [TEST_STEP][PASSED] - doubleClick(findTestObject("Pricing-Test Plan Regresión Core/Page_Visualizar COMPLEMENTOS/button_CancelarClonar")): Object: 'Object Repository/Pricing-Test Plan Regresión Core/Page_Visualizar COMPLEMENTOS/button_CancelarClonar' is double clicked on

09-12-2024T14:08:40 - [MESSAGE][PASSED] - Object: 'Object Repository/Pricing-Test Plan Regresión Core/Page_Visualizar COMPLEMENTOS/button_CancelarClonar' is double clicked on

09-12-2024T14:08:40 - [TEST_STEP][PASSED] - closeBrowser(): Browser is closed

09-12-2024T14:08:40 - [MESSAGE][PASSED] - Browser is closed]]></system-out>
         <system-err><![CDATA[]]></system-err>
      </testcase>
      <testcase name="Test Cases/PRICING-Test Plan Regresión Core/P25-2179-COMPLEMENTOS-Visualizar-Articulo de complemento-Detalle" time="70.963" classname="Test Cases/PRICING-Test Plan Regresión Core/P25-2179-COMPLEMENTOS-Visualizar-Articulo de complemento-Detalle" status="FAILED">
         <failure type="FAILED" message="Test Cases/PRICING-Test Plan Regresión Core/P25-2179-COMPLEMENTOS-Visualizar-Articulo de complemento-Detalle FAILED.&#xa;Reason:&#xa;com.kms.katalon.core.exception.StepFailedException: Unable to double click on object 'Object Repository/Pricing-Test Plan Regresión Core/Page_Visualizar COMPLEMENTOS/button_Listado'&#xa;	at com.kms.katalon.core.webui.keyword.internal.WebUIKeywordMain.stepFailed(WebUIKeywordMain.groovy:64)&#xa;	at com.kms.katalon.core.webui.keyword.internal.WebUIKeywordMain.runKeyword(WebUIKeywordMain.groovy:26)&#xa;	at com.kms.katalon.core.webui.keyword.builtin.DoubleClickKeyword.doubleClick(DoubleClickKeyword.groovy:87)&#xa;	at com.kms.katalon.core.webui.keyword.builtin.DoubleClickKeyword.execute(DoubleClickKeyword.groovy:67)&#xa;	at com.kms.katalon.core.keyword.internal.KeywordExecutor.executeKeywordForPlatform(KeywordExecutor.groovy:74)&#xa;	at com.kms.katalon.core.webui.keyword.WebUiBuiltInKeywords.doubleClick(WebUiBuiltInKeywords.groovy:766)&#xa;	at P25-2179-COMPLEMENTOS-Visualizar-Articulo de complemento-Detalle.run(P25-2179-COMPLEMENTOS-Visualizar-Articulo de complemento-Detalle:79)&#xa;	at com.kms.katalon.core.main.ScriptEngine.run(ScriptEngine.java:194)&#xa;	at com.kms.katalon.core.main.ScriptEngine.runScriptAsRawText(ScriptEngine.java:119)&#xa;	at com.kms.katalon.core.main.TestCaseExecutor.runScript(TestCaseExecutor.java:448)&#xa;	at com.kms.katalon.core.main.TestCaseExecutor.doExecute(TestCaseExecutor.java:439)&#xa;	at com.kms.katalon.core.main.TestCaseExecutor.processExecutionPhase(TestCaseExecutor.java:418)&#xa;	at com.kms.katalon.core.main.TestCaseExecutor.accessMainPhase(TestCaseExecutor.java:410)&#xa;	at com.kms.katalon.core.main.TestCaseExecutor.execute(TestCaseExecutor.java:285)&#xa;	at com.kms.katalon.core.main.TestCaseExecutor.execute(TestCaseExecutor.java:369)&#xa;	at com.kms.katalon.core.main.TestCaseExecutor.execute(TestCaseExecutor.java:369)&#xa;	at com.kms.katalon.core.main.TestCaseExecutor.execute(TestCaseExecutor.java:369)&#xa;	at com.kms.katalon.core.common.CommonExecutor.accessTestCaseMainPhase(CommonExecutor.java:65)&#xa;	at com.kms.katalon.core.main.TestSuiteExecutor.accessTestSuiteMainPhase(TestSuiteExecutor.java:150)&#xa;	at com.kms.katalon.core.main.TestSuiteExecutor.execute(TestSuiteExecutor.java:106)&#xa;	at com.kms.katalon.core.main.TestCaseMain.startTestSuite(TestCaseMain.java:180)&#xa;	at TempTestSuite1733749434052.run(TempTestSuite1733749434052.groovy:35)&#xa;	at java.base/jdk.internal.reflect.NativeMethodAccessorImpl.invoke0(Native Method)&#xa;	at java.base/jdk.internal.reflect.NativeMethodAccessorImpl.invoke(NativeMethodAccessorImpl.java:77)&#xa;	at java.base/jdk.internal.reflect.DelegatingMethodAccessorImpl.invoke(DelegatingMethodAccessorImpl.java:43)&#xa;Caused by: com.kms.katalon.core.webui.exception.WebElementNotFoundException: Web element with id: 'Object Repository/Pricing-Test Plan Regresión Core/Page_Visualizar COMPLEMENTOS/button_Listado' located by '//*[@id=&quot;kt_portlet&quot;]/div[3]/div/a' not found&#xa;	at com.kms.katalon.core.webui.common.WebUiCommonHelper.findWebElement(WebUiCommonHelper.java:1426)&#xa;	at com.kms.katalon.core.webui.keyword.internal.WebUIAbstractKeyword.findWebElement(WebUIAbstractKeyword.groovy:27)&#xa;	at com.kms.katalon.core.webui.keyword.internal.WebUIAbstractKeyword.findWebElement(WebUIAbstractKeyword.groovy:26)&#xa;	at com.kms.katalon.core.webui.keyword.builtin.DoubleClickKeyword$_doubleClick_closure1.doCall(DoubleClickKeyword.groovy:77)&#xa;	at com.kms.katalon.core.webui.keyword.builtin.DoubleClickKeyword$_doubleClick_closure1.call(DoubleClickKeyword.groovy)&#xa;	at com.kms.katalon.core.webui.keyword.internal.WebUIKeywordMain.runKeyword(WebUIKeywordMain.groovy:20)&#xa;	... 23 more&#xa;"/>
         <system-out><![CDATA[09-12-2024T14:11:39 - [TEST_CASE][FAILED] - Test Cases/PRICING-Test Plan Regresión Core/P25-2179-COMPLEMENTOS-Visualizar-Articulo de complemento-Detalle: Test Cases/PRICING-Test Plan Regresión Core/P25-2179-COMPLEMENTOS-Visualizar-Articulo de complemento-Detalle FAILED.
Reason:
com.kms.katalon.core.exception.StepFailedException: Unable to double click on object 'Object Repository/Pricing-Test Plan Regresión Core/Page_Visualizar COMPLEMENTOS/button_Listado'
	at com.kms.katalon.core.webui.keyword.internal.WebUIKeywordMain.stepFailed(WebUIKeywordMain.groovy:64)
	at com.kms.katalon.core.webui.keyword.internal.WebUIKeywordMain.runKeyword(WebUIKeywordMain.groovy:26)
	at com.kms.katalon.core.webui.keyword.builtin.DoubleClickKeyword.doubleClick(DoubleClickKeyword.groovy:87)
	at com.kms.katalon.core.webui.keyword.builtin.DoubleClickKeyword.execute(DoubleClickKeyword.groovy:67)
	at com.kms.katalon.core.keyword.internal.KeywordExecutor.executeKeywordForPlatform(KeywordExecutor.groovy:74)
	at com.kms.katalon.core.webui.keyword.WebUiBuiltInKeywords.doubleClick(WebUiBuiltInKeywords.groovy:766)
	at P25-2179-COMPLEMENTOS-Visualizar-Articulo de complemento-Detalle.run(P25-2179-COMPLEMENTOS-Visualizar-Articulo de complemento-Detalle:79)
	at com.kms.katalon.core.main.ScriptEngine.run(ScriptEngine.java:194)
	at com.kms.katalon.core.main.ScriptEngine.runScriptAsRawText(ScriptEngine.java:119)
	at com.kms.katalon.core.main.TestCaseExecutor.runScript(TestCaseExecutor.java:448)
	at com.kms.katalon.core.main.TestCaseExecutor.doExecute(TestCaseExecutor.java:439)
	at com.kms.katalon.core.main.TestCaseExecutor.processExecutionPhase(TestCaseExecutor.java:418)
	at com.kms.katalon.core.main.TestCaseExecutor.accessMainPhase(TestCaseExecutor.java:410)
	at com.kms.katalon.core.main.TestCaseExecutor.execute(TestCaseExecutor.java:285)
	at com.kms.katalon.core.main.TestCaseExecutor.execute(TestCaseExecutor.java:369)
	at com.kms.katalon.core.main.TestCaseExecutor.execute(TestCaseExecutor.java:369)
	at com.kms.katalon.core.main.TestCaseExecutor.execute(TestCaseExecutor.java:369)
	at com.kms.katalon.core.common.CommonExecutor.accessTestCaseMainPhase(CommonExecutor.java:65)
	at com.kms.katalon.core.main.TestSuiteExecutor.accessTestSuiteMainPhase(TestSuiteExecutor.java:150)
	at com.kms.katalon.core.main.TestSuiteExecutor.execute(TestSuiteExecutor.java:106)
	at com.kms.katalon.core.main.TestCaseMain.startTestSuite(TestCaseMain.java:180)
	at TempTestSuite1733749434052.run(TempTestSuite1733749434052.groovy:35)
	at java.base/jdk.internal.reflect.NativeMethodAccessorImpl.invoke0(Native Method)
	at java.base/jdk.internal.reflect.NativeMethodAccessorImpl.invoke(NativeMethodAccessorImpl.java:77)
	at java.base/jdk.internal.reflect.DelegatingMethodAccessorImpl.invoke(DelegatingMethodAccessorImpl.java:43)
Caused by: com.kms.katalon.core.webui.exception.WebElementNotFoundException: Web element with id: 'Object Repository/Pricing-Test Plan Regresión Core/Page_Visualizar COMPLEMENTOS/button_Listado' located by '//*[@id="kt_portlet"]/div[3]/div/a' not found
	at com.kms.katalon.core.webui.common.WebUiCommonHelper.findWebElement(WebUiCommonHelper.java:1426)
	at com.kms.katalon.core.webui.keyword.internal.WebUIAbstractKeyword.findWebElement(WebUIAbstractKeyword.groovy:27)
	at com.kms.katalon.core.webui.keyword.internal.WebUIAbstractKeyword.findWebElement(WebUIAbstractKeyword.groovy:26)
	at com.kms.katalon.core.webui.keyword.builtin.DoubleClickKeyword$_doubleClick_closure1.doCall(DoubleClickKeyword.groovy:77)
	at com.kms.katalon.core.webui.keyword.builtin.DoubleClickKeyword$_doubleClick_closure1.call(DoubleClickKeyword.groovy)
	at com.kms.katalon.core.webui.keyword.internal.WebUIKeywordMain.runKeyword(WebUIKeywordMain.groovy:20)
	... 23 more


09-12-2024T14:11:39 - [TEST_STEP][PASSED] - openBrowser(""): Browser is opened with url: ''

09-12-2024T14:11:39 - [MESSAGE][WARNING] - A browser is already opened. Closing browser and opening a new one

09-12-2024T14:11:39 - [MESSAGE][INFO] - Starting 'Chrome' driver

09-12-2024T14:11:39 - [MESSAGE][INFO] - Action delay is set to 0 milliseconds

09-12-2024T14:11:40 - [MESSAGE][PASSED] - Browser is opened with url: ''

09-12-2024T14:11:40 - [TEST_STEP][PASSED] - navigateToUrl("https://pre-sales.recordgo.cloud/login"): Navigate to 'https://pre-sales.recordgo.cloud/login' successfully

09-12-2024T14:12:01 - [MESSAGE][PASSED] - Navigate to 'https://pre-sales.recordgo.cloud/login' successfully

09-12-2024T14:12:01 - [TEST_STEP][PASSED] - maximizeWindow(): Current window maximized

09-12-2024T14:12:01 - [MESSAGE][PASSED] - Current window maximized

09-12-2024T14:12:01 - [TEST_STEP][PASSED] - setText(findTestObject("Pricing-Test Plan Regresión Core/Page_Login/input_Log in to your account__username"), "antonio.diego"): Text 'antonio.diego' is set on object 'Object Repository/Pricing-Test Plan Regresión Core/Page_Login/input_Log in to your account__username'

09-12-2024T14:12:02 - [MESSAGE][PASSED] - Text 'antonio.diego' is set on object 'Object Repository/Pricing-Test Plan Regresión Core/Page_Login/input_Log in to your account__username'

09-12-2024T14:12:02 - [TEST_STEP][PASSED] - setEncryptedText(findTestObject("Object Repository/Pricing-Test Plan Regresión Core/Page_Login/input_Log in to your account__password"), "4WoE78dHD36JvULd0ZrVWg=="): Text ****** has been set on object 'Object Repository/Pricing-Test Plan Regresión Core/Page_Login/input_Log in to your account__password'

09-12-2024T14:12:02 - [MESSAGE][PASSED] - Text ****** has been set on object 'Object Repository/Pricing-Test Plan Regresión Core/Page_Login/input_Log in to your account__password'

09-12-2024T14:12:02 - [TEST_STEP][PASSED] - selectOptionByValue(findTestObject("Object Repository/Pricing-Test Plan Regresión Core/Page_Login/select_Select an option CANARY ISLAND"), "IC", true): All options with value 'IC' are selected in object 'Object Repository/Pricing-Test Plan Regresión Core/Page_Login/select_Select an option CANARY ISLAND'  using regular expression

09-12-2024T14:12:03 - [MESSAGE][PASSED] - All options with value 'IC' are selected in object 'Object Repository/Pricing-Test Plan Regresión Core/Page_Login/select_Select an option CANARY ISLAND'  using regular expression

09-12-2024T14:12:03 - [TEST_STEP][PASSED] - click(findTestObject("Pricing-Test Plan Regresión Core/Page_Login/button_Login")): Object: 'Object Repository/Pricing-Test Plan Regresión Core/Page_Login/button_Login' is clicked on

09-12-2024T14:12:06 - [MESSAGE][PASSED] - Object: 'Object Repository/Pricing-Test Plan Regresión Core/Page_Login/button_Login' is clicked on

09-12-2024T14:12:06 - [TEST_STEP][PASSED] - waitForElementVisible(findTestObject("Pricing-Test Plan Regresión Core/Page_PRICING/img"), 5): Object 'Object Repository/Pricing-Test Plan Regresión Core/Page_PRICING/img' is visible

09-12-2024T14:12:06 - [MESSAGE][PASSED] - Object 'Object Repository/Pricing-Test Plan Regresión Core/Page_PRICING/img' is visible

09-12-2024T14:12:06 - [TEST_STEP][PASSED] - waitForElementPresent(findTestObject("Pricing-Test Plan Regresión Core/Page_Visualizar COMPLEMENTOS/span_COMPLEMENTOS"), 5): Object 'Object Repository/Pricing-Test Plan Regresión Core/Page_Visualizar COMPLEMENTOS/span_COMPLEMENTOS' is present

09-12-2024T14:12:06 - [MESSAGE][PASSED] - Object 'Object Repository/Pricing-Test Plan Regresión Core/Page_Visualizar COMPLEMENTOS/span_COMPLEMENTOS' is present

09-12-2024T14:12:06 - [TEST_STEP][PASSED] - verifyElementPresent(findTestObject("Object Repository/Pricing-Test Plan Regresión Core/Page_Visualizar COMPLEMENTOS/span_COMPLEMENTOS"), 5): Object 'Object Repository/Pricing-Test Plan Regresión Core/Page_Visualizar COMPLEMENTOS/span_COMPLEMENTOS' is present

09-12-2024T14:12:06 - [MESSAGE][PASSED] - Object 'Object Repository/Pricing-Test Plan Regresión Core/Page_Visualizar COMPLEMENTOS/span_COMPLEMENTOS' is present

09-12-2024T14:12:06 - [TEST_STEP][PASSED] - click(findTestObject("Object Repository/Pricing-Test Plan Regresión Core/Page_Visualizar COMPLEMENTOS/span_COMPLEMENTOS")): Object: 'Object Repository/Pricing-Test Plan Regresión Core/Page_Visualizar COMPLEMENTOS/span_COMPLEMENTOS' is clicked on

09-12-2024T14:12:06 - [MESSAGE][PASSED] - Object: 'Object Repository/Pricing-Test Plan Regresión Core/Page_Visualizar COMPLEMENTOS/span_COMPLEMENTOS' is clicked on

09-12-2024T14:12:06 - [TEST_STEP][PASSED] - waitForElementPresent(findTestObject("Pricing-Test Plan Regresión Core/Page_Visualizar COMPLEMENTOS/span_Articulo de Complemento"), 3): Object 'Object Repository/Pricing-Test Plan Regresión Core/Page_Visualizar COMPLEMENTOS/span_Articulo de Complemento' is present

09-12-2024T14:12:07 - [MESSAGE][PASSED] - Object 'Object Repository/Pricing-Test Plan Regresión Core/Page_Visualizar COMPLEMENTOS/span_Articulo de Complemento' is present

09-12-2024T14:12:07 - [TEST_STEP][PASSED] - verifyElementPresent(findTestObject("Pricing-Test Plan Regresión Core/Page_Visualizar COMPLEMENTOS/span_Articulo de Complemento"), 3): Object 'Object Repository/Pricing-Test Plan Regresión Core/Page_Visualizar COMPLEMENTOS/span_Articulo de Complemento' is present

09-12-2024T14:12:07 - [MESSAGE][PASSED] - Object 'Object Repository/Pricing-Test Plan Regresión Core/Page_Visualizar COMPLEMENTOS/span_Articulo de Complemento' is present

09-12-2024T14:12:07 - [TEST_STEP][PASSED] - click(findTestObject("Pricing-Test Plan Regresión Core/Page_Visualizar COMPLEMENTOS/span_Articulo de Complemento")): Object: 'Object Repository/Pricing-Test Plan Regresión Core/Page_Visualizar COMPLEMENTOS/span_Articulo de Complemento' is clicked on

09-12-2024T14:12:07 - [MESSAGE][PASSED] - Object: 'Object Repository/Pricing-Test Plan Regresión Core/Page_Visualizar COMPLEMENTOS/span_Articulo de Complemento' is clicked on

09-12-2024T14:12:07 - [TEST_STEP][PASSED] - waitForElementPresent(findTestObject("Pricing-Test Plan Regresión Core/Page_Visualizar COMPLEMENTOS/span_Visualizarmodificar_ArtCompl"), 5): Object 'Object Repository/Pricing-Test Plan Regresión Core/Page_Visualizar COMPLEMENTOS/span_Visualizarmodificar_ArtCompl' is present

09-12-2024T14:12:07 - [MESSAGE][PASSED] - Object 'Object Repository/Pricing-Test Plan Regresión Core/Page_Visualizar COMPLEMENTOS/span_Visualizarmodificar_ArtCompl' is present

09-12-2024T14:12:07 - [TEST_STEP][PASSED] - verifyElementPresent(findTestObject("Pricing-Test Plan Regresión Core/Page_Visualizar COMPLEMENTOS/span_Visualizarmodificar_ArtCompl"), 5): Object 'Object Repository/Pricing-Test Plan Regresión Core/Page_Visualizar COMPLEMENTOS/span_Visualizarmodificar_ArtCompl' is present

09-12-2024T14:12:08 - [MESSAGE][PASSED] - Object 'Object Repository/Pricing-Test Plan Regresión Core/Page_Visualizar COMPLEMENTOS/span_Visualizarmodificar_ArtCompl' is present

09-12-2024T14:12:08 - [TEST_STEP][PASSED] - click(findTestObject("Pricing-Test Plan Regresión Core/Page_Visualizar COMPLEMENTOS/span_Visualizarmodificar_ArtCompl")): Object: 'Object Repository/Pricing-Test Plan Regresión Core/Page_Visualizar COMPLEMENTOS/span_Visualizarmodificar_ArtCompl' is clicked on

09-12-2024T14:12:10 - [MESSAGE][PASSED] - Object: 'Object Repository/Pricing-Test Plan Regresión Core/Page_Visualizar COMPLEMENTOS/span_Visualizarmodificar_ArtCompl' is clicked on

09-12-2024T14:12:10 - [TEST_STEP][PASSED] - waitForElementPresent(findTestObject("Pricing-Test Plan Regresión Core/Page_Visualizar COMPLEMENTOS/i_active_flaticon-eye"), 5): Object 'Object Repository/Pricing-Test Plan Regresión Core/Page_Visualizar COMPLEMENTOS/i_active_flaticon-eye' is present

09-12-2024T14:12:11 - [MESSAGE][PASSED] - Object 'Object Repository/Pricing-Test Plan Regresión Core/Page_Visualizar COMPLEMENTOS/i_active_flaticon-eye' is present

09-12-2024T14:12:11 - [TEST_STEP][PASSED] - verifyElementPresent(findTestObject("Pricing-Test Plan Regresión Core/Page_Visualizar COMPLEMENTOS/i_active_flaticon-eye"), 5): Object 'Object Repository/Pricing-Test Plan Regresión Core/Page_Visualizar COMPLEMENTOS/i_active_flaticon-eye' is present

09-12-2024T14:12:11 - [MESSAGE][PASSED] - Object 'Object Repository/Pricing-Test Plan Regresión Core/Page_Visualizar COMPLEMENTOS/i_active_flaticon-eye' is present

09-12-2024T14:12:11 - [TEST_STEP][PASSED] - doubleClick(findTestObject("Pricing-Test Plan Regresión Core/Page_Visualizar COMPLEMENTOS/i_active_flaticon-eye")): Object: 'Object Repository/Pricing-Test Plan Regresión Core/Page_Visualizar COMPLEMENTOS/i_active_flaticon-eye' is double clicked on

09-12-2024T14:12:12 - [MESSAGE][PASSED] - Object: 'Object Repository/Pricing-Test Plan Regresión Core/Page_Visualizar COMPLEMENTOS/i_active_flaticon-eye' is double clicked on

09-12-2024T14:12:12 - [TEST_STEP][PASSED] - waitForElementPresent(findTestObject("Pricing-Test Plan Regresión Core/Page_Visualizar COMPLEMENTOS/h3_MostrarArtículoComplemento"), 5): Object 'Object Repository/Pricing-Test Plan Regresión Core/Page_Visualizar COMPLEMENTOS/h3_MostrarArtículoComplemento' is present

09-12-2024T14:12:13 - [MESSAGE][PASSED] - Object 'Object Repository/Pricing-Test Plan Regresión Core/Page_Visualizar COMPLEMENTOS/h3_MostrarArtículoComplemento' is present

09-12-2024T14:12:13 - [TEST_STEP][PASSED] - verifyElementPresent(findTestObject("Pricing-Test Plan Regresión Core/Page_Visualizar COMPLEMENTOS/h3_MostrarArtículoComplemento"), 5): Object 'Object Repository/Pricing-Test Plan Regresión Core/Page_Visualizar COMPLEMENTOS/h3_MostrarArtículoComplemento' is present

09-12-2024T14:12:13 - [MESSAGE][PASSED] - Object 'Object Repository/Pricing-Test Plan Regresión Core/Page_Visualizar COMPLEMENTOS/h3_MostrarArtículoComplemento' is present

09-12-2024T14:12:13 - [TEST_STEP][PASSED] - waitForElementPresent(findTestObject("Pricing-Test Plan Regresión Core/Page_Visualizar COMPLEMENTOS/button_Listado"), 5): Object 'Object Repository/Pricing-Test Plan Regresión Core/Page_Visualizar COMPLEMENTOS/button_Listado' is not present after 5 second(s)

09-12-2024T14:12:19 - [MESSAGE][INFO] - Unable to find the element located by 'By.xpath: //*[@id="kt_portlet"]/div[3]/div/a'. Please recheck the objects properties to make sure the desired element is located. 

09-12-2024T14:12:19 - [MESSAGE][WARNING] - Object 'Object Repository/Pricing-Test Plan Regresión Core/Page_Visualizar COMPLEMENTOS/button_Listado' is not present after 5 second(s)

09-12-2024T14:12:19 - [TEST_STEP][FAILED] - doubleClick(findTestObject("Pricing-Test Plan Regresión Core/Page_Visualizar COMPLEMENTOS/button_Listado")): Unable to double click on object 'Object Repository/Pricing-Test Plan Regresión Core/Page_Visualizar COMPLEMENTOS/button_Listado' (Root cause: com.kms.katalon.core.exception.StepFailedException: Unable to double click on object 'Object Repository/Pricing-Test Plan Regresión Core/Page_Visualizar COMPLEMENTOS/button_Listado'
	at com.kms.katalon.core.webui.keyword.internal.WebUIKeywordMain.stepFailed(WebUIKeywordMain.groovy:64)
	at com.kms.katalon.core.webui.keyword.internal.WebUIKeywordMain.runKeyword(WebUIKeywordMain.groovy:26)
	at com.kms.katalon.core.webui.keyword.builtin.DoubleClickKeyword.doubleClick(DoubleClickKeyword.groovy:87)
	at com.kms.katalon.core.webui.keyword.builtin.DoubleClickKeyword.execute(DoubleClickKeyword.groovy:67)
	at com.kms.katalon.core.keyword.internal.KeywordExecutor.executeKeywordForPlatform(KeywordExecutor.groovy:74)
	at com.kms.katalon.core.webui.keyword.WebUiBuiltInKeywords.doubleClick(WebUiBuiltInKeywords.groovy:766)
	at P25-2179-COMPLEMENTOS-Visualizar-Articulo de complemento-Detalle.run(P25-2179-COMPLEMENTOS-Visualizar-Articulo de complemento-Detalle:79)
	at com.kms.katalon.core.main.ScriptEngine.run(ScriptEngine.java:194)
	at com.kms.katalon.core.main.ScriptEngine.runScriptAsRawText(ScriptEngine.java:119)
	at com.kms.katalon.core.main.TestCaseExecutor.runScript(TestCaseExecutor.java:448)
	at com.kms.katalon.core.main.TestCaseExecutor.doExecute(TestCaseExecutor.java:439)
	at com.kms.katalon.core.main.TestCaseExecutor.processExecutionPhase(TestCaseExecutor.java:418)
	at com.kms.katalon.core.main.TestCaseExecutor.accessMainPhase(TestCaseExecutor.java:410)
	at com.kms.katalon.core.main.TestCaseExecutor.execute(TestCaseExecutor.java:285)
	at com.kms.katalon.core.main.TestCaseExecutor.execute(TestCaseExecutor.java:369)
	at com.kms.katalon.core.main.TestCaseExecutor.execute(TestCaseExecutor.java:369)
	at com.kms.katalon.core.main.TestCaseExecutor.execute(TestCaseExecutor.java:369)
	at com.kms.katalon.core.common.CommonExecutor.accessTestCaseMainPhase(CommonExecutor.java:65)
	at com.kms.katalon.core.main.TestSuiteExecutor.accessTestSuiteMainPhase(TestSuiteExecutor.java:150)
	at com.kms.katalon.core.main.TestSuiteExecutor.execute(TestSuiteExecutor.java:106)
	at com.kms.katalon.core.main.TestCaseMain.startTestSuite(TestCaseMain.java:180)
	at TempTestSuite1733749434052.run(TempTestSuite1733749434052.groovy:35)
	at java.base/jdk.internal.reflect.NativeMethodAccessorImpl.invoke0(Native Method)
	at java.base/jdk.internal.reflect.NativeMethodAccessorImpl.invoke(NativeMethodAccessorImpl.java:77)
	at java.base/jdk.internal.reflect.DelegatingMethodAccessorImpl.invoke(DelegatingMethodAccessorImpl.java:43)
Caused by: com.kms.katalon.core.webui.exception.WebElementNotFoundException: Web element with id: 'Object Repository/Pricing-Test Plan Regresión Core/Page_Visualizar COMPLEMENTOS/button_Listado' located by '//*[@id="kt_portlet"]/div[3]/div/a' not found
	at com.kms.katalon.core.webui.common.WebUiCommonHelper.findWebElement(WebUiCommonHelper.java:1426)
	at com.kms.katalon.core.webui.keyword.internal.WebUIAbstractKeyword.findWebElement(WebUIAbstractKeyword.groovy:27)
	at com.kms.katalon.core.webui.keyword.internal.WebUIAbstractKeyword.findWebElement(WebUIAbstractKeyword.groovy:26)
	at com.kms.katalon.core.webui.keyword.builtin.DoubleClickKeyword$_doubleClick_closure1.doCall(DoubleClickKeyword.groovy:77)
	at com.kms.katalon.core.webui.keyword.builtin.DoubleClickKeyword$_doubleClick_closure1.call(DoubleClickKeyword.groovy)
	at com.kms.katalon.core.webui.keyword.internal.WebUIKeywordMain.runKeyword(WebUIKeywordMain.groovy:20)
	at com.kms.katalon.core.webui.keyword.builtin.DoubleClickKeyword.doubleClick(DoubleClickKeyword.groovy:87)
	at com.kms.katalon.core.webui.keyword.builtin.DoubleClickKeyword.execute(DoubleClickKeyword.groovy:67)
	at com.kms.katalon.core.keyword.internal.KeywordExecutor.executeKeywordForPlatform(KeywordExecutor.groovy:74)
	at com.kms.katalon.core.webui.keyword.WebUiBuiltInKeywords.doubleClick(WebUiBuiltInKeywords.groovy:766)
	at Script1711444730510.run(Script1711444730510.groovy:79)
	... 18 more
)

09-12-2024T14:12:50 - [MESSAGE][INFO] - Unable to find the element located by 'By.xpath: //*[@id="kt_portlet"]/div[3]/div/a'. Please recheck the objects properties to make sure the desired element is located. 

09-12-2024T14:12:50 - [MESSAGE][FAILED] - Unable to double click on object 'Object Repository/Pricing-Test Plan Regresión Core/Page_Visualizar COMPLEMENTOS/button_Listado' (Root cause: com.kms.katalon.core.exception.StepFailedException: Unable to double click on object 'Object Repository/Pricing-Test Plan Regresión Core/Page_Visualizar COMPLEMENTOS/button_Listado'
	at com.kms.katalon.core.webui.keyword.internal.WebUIKeywordMain.stepFailed(WebUIKeywordMain.groovy:64)
	at com.kms.katalon.core.webui.keyword.internal.WebUIKeywordMain.runKeyword(WebUIKeywordMain.groovy:26)
	at com.kms.katalon.core.webui.keyword.builtin.DoubleClickKeyword.doubleClick(DoubleClickKeyword.groovy:87)
	at com.kms.katalon.core.webui.keyword.builtin.DoubleClickKeyword.execute(DoubleClickKeyword.groovy:67)
	at com.kms.katalon.core.keyword.internal.KeywordExecutor.executeKeywordForPlatform(KeywordExecutor.groovy:74)
	at com.kms.katalon.core.webui.keyword.WebUiBuiltInKeywords.doubleClick(WebUiBuiltInKeywords.groovy:766)
	at P25-2179-COMPLEMENTOS-Visualizar-Articulo de complemento-Detalle.run(P25-2179-COMPLEMENTOS-Visualizar-Articulo de complemento-Detalle:79)
	at com.kms.katalon.core.main.ScriptEngine.run(ScriptEngine.java:194)
	at com.kms.katalon.core.main.ScriptEngine.runScriptAsRawText(ScriptEngine.java:119)
	at com.kms.katalon.core.main.TestCaseExecutor.runScript(TestCaseExecutor.java:448)
	at com.kms.katalon.core.main.TestCaseExecutor.doExecute(TestCaseExecutor.java:439)
	at com.kms.katalon.core.main.TestCaseExecutor.processExecutionPhase(TestCaseExecutor.java:418)
	at com.kms.katalon.core.main.TestCaseExecutor.accessMainPhase(TestCaseExecutor.java:410)
	at com.kms.katalon.core.main.TestCaseExecutor.execute(TestCaseExecutor.java:285)
	at com.kms.katalon.core.main.TestCaseExecutor.execute(TestCaseExecutor.java:369)
	at com.kms.katalon.core.main.TestCaseExecutor.execute(TestCaseExecutor.java:369)
	at com.kms.katalon.core.main.TestCaseExecutor.execute(TestCaseExecutor.java:369)
	at com.kms.katalon.core.common.CommonExecutor.accessTestCaseMainPhase(CommonExecutor.java:65)
	at com.kms.katalon.core.main.TestSuiteExecutor.accessTestSuiteMainPhase(TestSuiteExecutor.java:150)
	at com.kms.katalon.core.main.TestSuiteExecutor.execute(TestSuiteExecutor.java:106)
	at com.kms.katalon.core.main.TestCaseMain.startTestSuite(TestCaseMain.java:180)
	at TempTestSuite1733749434052.run(TempTestSuite1733749434052.groovy:35)
	at java.base/jdk.internal.reflect.NativeMethodAccessorImpl.invoke0(Native Method)
	at java.base/jdk.internal.reflect.NativeMethodAccessorImpl.invoke(NativeMethodAccessorImpl.java:77)
	at java.base/jdk.internal.reflect.DelegatingMethodAccessorImpl.invoke(DelegatingMethodAccessorImpl.java:43)
Caused by: com.kms.katalon.core.webui.exception.WebElementNotFoundException: Web element with id: 'Object Repository/Pricing-Test Plan Regresión Core/Page_Visualizar COMPLEMENTOS/button_Listado' located by '//*[@id="kt_portlet"]/div[3]/div/a' not found
	at com.kms.katalon.core.webui.common.WebUiCommonHelper.findWebElement(WebUiCommonHelper.java:1426)
	at com.kms.katalon.core.webui.keyword.internal.WebUIAbstractKeyword.findWebElement(WebUIAbstractKeyword.groovy:27)
	at com.kms.katalon.core.webui.keyword.internal.WebUIAbstractKeyword.findWebElement(WebUIAbstractKeyword.groovy:26)
	at com.kms.katalon.core.webui.keyword.builtin.DoubleClickKeyword$_doubleClick_closure1.doCall(DoubleClickKeyword.groovy:77)
	at com.kms.katalon.core.webui.keyword.builtin.DoubleClickKeyword$_doubleClick_closure1.call(DoubleClickKeyword.groovy)
	at com.kms.katalon.core.webui.keyword.internal.WebUIKeywordMain.runKeyword(WebUIKeywordMain.groovy:20)
	at com.kms.katalon.core.webui.keyword.builtin.DoubleClickKeyword.doubleClick(DoubleClickKeyword.groovy:87)
	at com.kms.katalon.core.webui.keyword.builtin.DoubleClickKeyword.execute(DoubleClickKeyword.groovy:67)
	at com.kms.katalon.core.keyword.internal.KeywordExecutor.executeKeywordForPlatform(KeywordExecutor.groovy:74)
	at com.kms.katalon.core.webui.keyword.WebUiBuiltInKeywords.doubleClick(WebUiBuiltInKeywords.groovy:766)
	at Script1711444730510.run(Script1711444730510.groovy:79)
	... 18 more
)
[[ATTACHMENT|/Users/afernandezd/Katalon Studio/Pricing-PrimeraPrueba/Reports/20241209_140354/PRICING-Test Plan Regresi\u00F3n Core/20241209_140354/1733749970658.png]]]]></system-out>
         <system-err><![CDATA[09-12-2024T14:11:39 - [TEST_CASE][FAILED] - Test Cases/PRICING-Test Plan Regresión Core/P25-2179-COMPLEMENTOS-Visualizar-Articulo de complemento-Detalle: Test Cases/PRICING-Test Plan Regresión Core/P25-2179-COMPLEMENTOS-Visualizar-Articulo de complemento-Detalle FAILED.
Reason:
com.kms.katalon.core.exception.StepFailedException: Unable to double click on object 'Object Repository/Pricing-Test Plan Regresión Core/Page_Visualizar COMPLEMENTOS/button_Listado'
	at com.kms.katalon.core.webui.keyword.internal.WebUIKeywordMain.stepFailed(WebUIKeywordMain.groovy:64)
	at com.kms.katalon.core.webui.keyword.internal.WebUIKeywordMain.runKeyword(WebUIKeywordMain.groovy:26)
	at com.kms.katalon.core.webui.keyword.builtin.DoubleClickKeyword.doubleClick(DoubleClickKeyword.groovy:87)
	at com.kms.katalon.core.webui.keyword.builtin.DoubleClickKeyword.execute(DoubleClickKeyword.groovy:67)
	at com.kms.katalon.core.keyword.internal.KeywordExecutor.executeKeywordForPlatform(KeywordExecutor.groovy:74)
	at com.kms.katalon.core.webui.keyword.WebUiBuiltInKeywords.doubleClick(WebUiBuiltInKeywords.groovy:766)
	at P25-2179-COMPLEMENTOS-Visualizar-Articulo de complemento-Detalle.run(P25-2179-COMPLEMENTOS-Visualizar-Articulo de complemento-Detalle:79)
	at com.kms.katalon.core.main.ScriptEngine.run(ScriptEngine.java:194)
	at com.kms.katalon.core.main.ScriptEngine.runScriptAsRawText(ScriptEngine.java:119)
	at com.kms.katalon.core.main.TestCaseExecutor.runScript(TestCaseExecutor.java:448)
	at com.kms.katalon.core.main.TestCaseExecutor.doExecute(TestCaseExecutor.java:439)
	at com.kms.katalon.core.main.TestCaseExecutor.processExecutionPhase(TestCaseExecutor.java:418)
	at com.kms.katalon.core.main.TestCaseExecutor.accessMainPhase(TestCaseExecutor.java:410)
	at com.kms.katalon.core.main.TestCaseExecutor.execute(TestCaseExecutor.java:285)
	at com.kms.katalon.core.main.TestCaseExecutor.execute(TestCaseExecutor.java:369)
	at com.kms.katalon.core.main.TestCaseExecutor.execute(TestCaseExecutor.java:369)
	at com.kms.katalon.core.main.TestCaseExecutor.execute(TestCaseExecutor.java:369)
	at com.kms.katalon.core.common.CommonExecutor.accessTestCaseMainPhase(CommonExecutor.java:65)
	at com.kms.katalon.core.main.TestSuiteExecutor.accessTestSuiteMainPhase(TestSuiteExecutor.java:150)
	at com.kms.katalon.core.main.TestSuiteExecutor.execute(TestSuiteExecutor.java:106)
	at com.kms.katalon.core.main.TestCaseMain.startTestSuite(TestCaseMain.java:180)
	at TempTestSuite1733749434052.run(TempTestSuite1733749434052.groovy:35)
	at java.base/jdk.internal.reflect.NativeMethodAccessorImpl.invoke0(Native Method)
	at java.base/jdk.internal.reflect.NativeMethodAccessorImpl.invoke(NativeMethodAccessorImpl.java:77)
	at java.base/jdk.internal.reflect.DelegatingMethodAccessorImpl.invoke(DelegatingMethodAccessorImpl.java:43)
Caused by: com.kms.katalon.core.webui.exception.WebElementNotFoundException: Web element with id: 'Object Repository/Pricing-Test Plan Regresión Core/Page_Visualizar COMPLEMENTOS/button_Listado' located by '//*[@id="kt_portlet"]/div[3]/div/a' not found
	at com.kms.katalon.core.webui.common.WebUiCommonHelper.findWebElement(WebUiCommonHelper.java:1426)
	at com.kms.katalon.core.webui.keyword.internal.WebUIAbstractKeyword.findWebElement(WebUIAbstractKeyword.groovy:27)
	at com.kms.katalon.core.webui.keyword.internal.WebUIAbstractKeyword.findWebElement(WebUIAbstractKeyword.groovy:26)
	at com.kms.katalon.core.webui.keyword.builtin.DoubleClickKeyword$_doubleClick_closure1.doCall(DoubleClickKeyword.groovy:77)
	at com.kms.katalon.core.webui.keyword.builtin.DoubleClickKeyword$_doubleClick_closure1.call(DoubleClickKeyword.groovy)
	at com.kms.katalon.core.webui.keyword.internal.WebUIKeywordMain.runKeyword(WebUIKeywordMain.groovy:20)
	... 23 more]]></system-err>
      </testcase>
      <testcase name="Test Cases/PRICING-Test Plan Regresión Core/P25-2182-COMPLEMENTOS-Visualizar-Agrupación de artículos-Detalle" time="20.422" classname="Test Cases/PRICING-Test Plan Regresión Core/P25-2182-COMPLEMENTOS-Visualizar-Agrupación de artículos-Detalle" status="PASSED">
         <system-out><![CDATA[09-12-2024T14:12:50 - [TEST_CASE][PASSED] - Test Cases/PRICING-Test Plan Regresión Core/P25-2182-COMPLEMENTOS-Visualizar-Agrupación de artículos-Detalle: Test Cases/PRICING-Test Plan Regresión Core/P25-2182-COMPLEMENTOS-Visualizar-Agrupación de artículos-Detalle

09-12-2024T14:12:50 - [TEST_STEP][PASSED] - openBrowser(""): Browser is opened with url: ''

09-12-2024T14:12:50 - [MESSAGE][WARNING] - A browser is already opened. Closing browser and opening a new one

09-12-2024T14:12:50 - [MESSAGE][INFO] - Starting 'Chrome' driver

09-12-2024T14:12:50 - [MESSAGE][INFO] - Action delay is set to 0 milliseconds

09-12-2024T14:12:51 - [MESSAGE][PASSED] - Browser is opened with url: ''

09-12-2024T14:12:51 - [TEST_STEP][PASSED] - navigateToUrl("https://pre-sales.recordgo.cloud/login"): Navigate to 'https://pre-sales.recordgo.cloud/login' successfully

09-12-2024T14:12:57 - [MESSAGE][PASSED] - Navigate to 'https://pre-sales.recordgo.cloud/login' successfully

09-12-2024T14:12:57 - [TEST_STEP][PASSED] - maximizeWindow(): Current window maximized

09-12-2024T14:12:57 - [MESSAGE][PASSED] - Current window maximized

09-12-2024T14:12:57 - [TEST_STEP][PASSED] - setText(findTestObject("Pricing-Test Plan Regresión Core/Page_Login/input_Log in to your account__username"), "antonio.diego"): Text 'antonio.diego' is set on object 'Object Repository/Pricing-Test Plan Regresión Core/Page_Login/input_Log in to your account__username'

09-12-2024T14:12:58 - [MESSAGE][PASSED] - Text 'antonio.diego' is set on object 'Object Repository/Pricing-Test Plan Regresión Core/Page_Login/input_Log in to your account__username'

09-12-2024T14:12:58 - [TEST_STEP][PASSED] - setEncryptedText(findTestObject("Object Repository/Pricing-Test Plan Regresión Core/Page_Login/input_Log in to your account__password"), "4WoE78dHD36JvULd0ZrVWg=="): Text ****** has been set on object 'Object Repository/Pricing-Test Plan Regresión Core/Page_Login/input_Log in to your account__password'

09-12-2024T14:12:58 - [MESSAGE][PASSED] - Text ****** has been set on object 'Object Repository/Pricing-Test Plan Regresión Core/Page_Login/input_Log in to your account__password'

09-12-2024T14:12:58 - [TEST_STEP][PASSED] - selectOptionByValue(findTestObject("Object Repository/Pricing-Test Plan Regresión Core/Page_Login/select_Select an option CANARY ISLAND"), "IC", true): All options with value 'IC' are selected in object 'Object Repository/Pricing-Test Plan Regresión Core/Page_Login/select_Select an option CANARY ISLAND'  using regular expression

09-12-2024T14:12:59 - [MESSAGE][PASSED] - All options with value 'IC' are selected in object 'Object Repository/Pricing-Test Plan Regresión Core/Page_Login/select_Select an option CANARY ISLAND'  using regular expression

09-12-2024T14:12:59 - [TEST_STEP][PASSED] - click(findTestObject("Pricing-Test Plan Regresión Core/Page_Login/button_Login")): Object: 'Object Repository/Pricing-Test Plan Regresión Core/Page_Login/button_Login' is clicked on

09-12-2024T14:13:01 - [MESSAGE][PASSED] - Object: 'Object Repository/Pricing-Test Plan Regresión Core/Page_Login/button_Login' is clicked on

09-12-2024T14:13:01 - [TEST_STEP][PASSED] - waitForElementVisible(findTestObject("Pricing-Test Plan Regresión Core/Page_PRICING/img"), 5): Object 'Object Repository/Pricing-Test Plan Regresión Core/Page_PRICING/img' is visible

09-12-2024T14:13:02 - [MESSAGE][PASSED] - Object 'Object Repository/Pricing-Test Plan Regresión Core/Page_PRICING/img' is visible

09-12-2024T14:13:02 - [TEST_STEP][PASSED] - waitForElementPresent(findTestObject("Pricing-Test Plan Regresión Core/Page_Visualizar COMPLEMENTOS/span_COMPLEMENTOS"), 5): Object 'Object Repository/Pricing-Test Plan Regresión Core/Page_Visualizar COMPLEMENTOS/span_COMPLEMENTOS' is present

09-12-2024T14:13:02 - [MESSAGE][PASSED] - Object 'Object Repository/Pricing-Test Plan Regresión Core/Page_Visualizar COMPLEMENTOS/span_COMPLEMENTOS' is present

09-12-2024T14:13:02 - [TEST_STEP][PASSED] - verifyElementPresent(findTestObject("Object Repository/Pricing-Test Plan Regresión Core/Page_Visualizar COMPLEMENTOS/span_COMPLEMENTOS"), 5): Object 'Object Repository/Pricing-Test Plan Regresión Core/Page_Visualizar COMPLEMENTOS/span_COMPLEMENTOS' is present

09-12-2024T14:13:02 - [MESSAGE][PASSED] - Object 'Object Repository/Pricing-Test Plan Regresión Core/Page_Visualizar COMPLEMENTOS/span_COMPLEMENTOS' is present

09-12-2024T14:13:02 - [TEST_STEP][PASSED] - click(findTestObject("Object Repository/Pricing-Test Plan Regresión Core/Page_Visualizar COMPLEMENTOS/span_COMPLEMENTOS")): Object: 'Object Repository/Pricing-Test Plan Regresión Core/Page_Visualizar COMPLEMENTOS/span_COMPLEMENTOS' is clicked on

09-12-2024T14:13:02 - [MESSAGE][PASSED] - Object: 'Object Repository/Pricing-Test Plan Regresión Core/Page_Visualizar COMPLEMENTOS/span_COMPLEMENTOS' is clicked on

09-12-2024T14:13:02 - [TEST_STEP][PASSED] - waitForElementPresent(findTestObject("Pricing-Test Plan Regresión Core/Page_Visualizar COMPLEMENTOS/span_Agrupación de artículos"), 3): Object 'Object Repository/Pricing-Test Plan Regresión Core/Page_Visualizar COMPLEMENTOS/span_Agrupación de artículos' is present

09-12-2024T14:13:03 - [MESSAGE][PASSED] - Object 'Object Repository/Pricing-Test Plan Regresión Core/Page_Visualizar COMPLEMENTOS/span_Agrupación de artículos' is present

09-12-2024T14:13:03 - [TEST_STEP][PASSED] - verifyElementPresent(findTestObject("Pricing-Test Plan Regresión Core/Page_Visualizar COMPLEMENTOS/span_Agrupación de artículos"), 3): Object 'Object Repository/Pricing-Test Plan Regresión Core/Page_Visualizar COMPLEMENTOS/span_Agrupación de artículos' is present

09-12-2024T14:13:03 - [MESSAGE][PASSED] - Object 'Object Repository/Pricing-Test Plan Regresión Core/Page_Visualizar COMPLEMENTOS/span_Agrupación de artículos' is present

09-12-2024T14:13:03 - [TEST_STEP][PASSED] - click(findTestObject("Pricing-Test Plan Regresión Core/Page_Visualizar COMPLEMENTOS/span_Agrupación de artículos")): Object: 'Object Repository/Pricing-Test Plan Regresión Core/Page_Visualizar COMPLEMENTOS/span_Agrupación de artículos' is clicked on

09-12-2024T14:13:03 - [MESSAGE][PASSED] - Object: 'Object Repository/Pricing-Test Plan Regresión Core/Page_Visualizar COMPLEMENTOS/span_Agrupación de artículos' is clicked on

09-12-2024T14:13:03 - [TEST_STEP][PASSED] - waitForElementPresent(findTestObject("Pricing-Test Plan Regresión Core/Page_Visualizar COMPLEMENTOS/span_Visualizarmodificar_AgrupArtículos"), 5): Object 'Object Repository/Pricing-Test Plan Regresión Core/Page_Visualizar COMPLEMENTOS/span_Visualizarmodificar_AgrupArtículos' is present

09-12-2024T14:13:03 - [MESSAGE][PASSED] - Object 'Object Repository/Pricing-Test Plan Regresión Core/Page_Visualizar COMPLEMENTOS/span_Visualizarmodificar_AgrupArtículos' is present

09-12-2024T14:13:03 - [TEST_STEP][PASSED] - verifyElementPresent(findTestObject("Pricing-Test Plan Regresión Core/Page_Visualizar COMPLEMENTOS/span_Visualizarmodificar_AgrupArtículos"), 5): Object 'Object Repository/Pricing-Test Plan Regresión Core/Page_Visualizar COMPLEMENTOS/span_Visualizarmodificar_AgrupArtículos' is present

09-12-2024T14:13:04 - [MESSAGE][PASSED] - Object 'Object Repository/Pricing-Test Plan Regresión Core/Page_Visualizar COMPLEMENTOS/span_Visualizarmodificar_AgrupArtículos' is present

09-12-2024T14:13:04 - [TEST_STEP][PASSED] - click(findTestObject("Pricing-Test Plan Regresión Core/Page_Visualizar COMPLEMENTOS/span_Visualizarmodificar_AgrupArtículos")): Object: 'Object Repository/Pricing-Test Plan Regresión Core/Page_Visualizar COMPLEMENTOS/span_Visualizarmodificar_AgrupArtículos' is clicked on

09-12-2024T14:13:05 - [MESSAGE][PASSED] - Object: 'Object Repository/Pricing-Test Plan Regresión Core/Page_Visualizar COMPLEMENTOS/span_Visualizarmodificar_AgrupArtículos' is clicked on

09-12-2024T14:13:05 - [TEST_STEP][PASSED] - waitForElementPresent(findTestObject("Pricing-Test Plan Regresión Core/Page_Visualizar COMPLEMENTOS/i_active_flaticon-eye"), 5): Object 'Object Repository/Pricing-Test Plan Regresión Core/Page_Visualizar COMPLEMENTOS/i_active_flaticon-eye' is present

09-12-2024T14:13:06 - [MESSAGE][PASSED] - Object 'Object Repository/Pricing-Test Plan Regresión Core/Page_Visualizar COMPLEMENTOS/i_active_flaticon-eye' is present

09-12-2024T14:13:06 - [TEST_STEP][PASSED] - verifyElementPresent(findTestObject("Pricing-Test Plan Regresión Core/Page_Visualizar COMPLEMENTOS/i_active_flaticon-eye"), 5): Object 'Object Repository/Pricing-Test Plan Regresión Core/Page_Visualizar COMPLEMENTOS/i_active_flaticon-eye' is present

09-12-2024T14:13:06 - [MESSAGE][PASSED] - Object 'Object Repository/Pricing-Test Plan Regresión Core/Page_Visualizar COMPLEMENTOS/i_active_flaticon-eye' is present

09-12-2024T14:13:06 - [TEST_STEP][PASSED] - doubleClick(findTestObject("Pricing-Test Plan Regresión Core/Page_Visualizar COMPLEMENTOS/i_active_flaticon-eye")): Object: 'Object Repository/Pricing-Test Plan Regresión Core/Page_Visualizar COMPLEMENTOS/i_active_flaticon-eye' is double clicked on

09-12-2024T14:13:07 - [MESSAGE][PASSED] - Object: 'Object Repository/Pricing-Test Plan Regresión Core/Page_Visualizar COMPLEMENTOS/i_active_flaticon-eye' is double clicked on

09-12-2024T14:13:07 - [TEST_STEP][PASSED] - waitForElementPresent(findTestObject("Pricing-Test Plan Regresión Core/Page_Visualizar COMPLEMENTOS/h3_Mostrar agrupación de articulos"), 5): Object 'Object Repository/Pricing-Test Plan Regresión Core/Page_Visualizar COMPLEMENTOS/h3_Mostrar agrupación de articulos' is present

09-12-2024T14:13:08 - [MESSAGE][PASSED] - Object 'Object Repository/Pricing-Test Plan Regresión Core/Page_Visualizar COMPLEMENTOS/h3_Mostrar agrupación de articulos' is present

09-12-2024T14:13:08 - [TEST_STEP][PASSED] - verifyElementPresent(findTestObject("Pricing-Test Plan Regresión Core/Page_Visualizar COMPLEMENTOS/h3_Mostrar agrupación de articulos"), 5): Object 'Object Repository/Pricing-Test Plan Regresión Core/Page_Visualizar COMPLEMENTOS/h3_Mostrar agrupación de articulos' is present

09-12-2024T14:13:08 - [MESSAGE][PASSED] - Object 'Object Repository/Pricing-Test Plan Regresión Core/Page_Visualizar COMPLEMENTOS/h3_Mostrar agrupación de articulos' is present

09-12-2024T14:13:08 - [TEST_STEP][PASSED] - waitForElementPresent(findTestObject("Pricing-Test Plan Regresión Core/Page_Visualizar COMPLEMENTOS/button_Listado"), 5): Object 'Object Repository/Pricing-Test Plan Regresión Core/Page_Visualizar COMPLEMENTOS/button_Listado' is present

09-12-2024T14:13:08 - [MESSAGE][PASSED] - Object 'Object Repository/Pricing-Test Plan Regresión Core/Page_Visualizar COMPLEMENTOS/button_Listado' is present

09-12-2024T14:13:08 - [TEST_STEP][PASSED] - doubleClick(findTestObject("Pricing-Test Plan Regresión Core/Page_Visualizar COMPLEMENTOS/button_Listado")): Object: 'Object Repository/Pricing-Test Plan Regresión Core/Page_Visualizar COMPLEMENTOS/button_Listado' is double clicked on

09-12-2024T14:13:09 - [MESSAGE][PASSED] - Object: 'Object Repository/Pricing-Test Plan Regresión Core/Page_Visualizar COMPLEMENTOS/button_Listado' is double clicked on

09-12-2024T14:13:09 - [TEST_STEP][PASSED] - waitForElementPresent(findTestObject("Pricing-Test Plan Regresión Core/Page_Visualizar PRODUCTOS/h1_Registros totales"), 5): Object 'Object Repository/Pricing-Test Plan Regresión Core/Page_Visualizar PRODUCTOS/h1_Registros totales' is present

09-12-2024T14:13:10 - [MESSAGE][PASSED] - Object 'Object Repository/Pricing-Test Plan Regresión Core/Page_Visualizar PRODUCTOS/h1_Registros totales' is present

09-12-2024T14:13:10 - [TEST_STEP][PASSED] - takeScreenshot(): Taking screenshot successfully

09-12-2024T14:13:10 - [MESSAGE][PASSED] - Taking screenshot successfully
[[ATTACHMENT|/Users/afernandezd/Katalon Studio/Pricing-PrimeraPrueba/Reports/20241209_140354/PRICING-Test Plan Regresi\u00F3n Core/20241209_140354/1733749990700.png]]

09-12-2024T14:13:10 - [TEST_STEP][PASSED] - verifyElementPresent(findTestObject("Pricing-Test Plan Regresión Core/Page_Visualizar PRODUCTOS/h1_Registros totales"), 5): Object 'Object Repository/Pricing-Test Plan Regresión Core/Page_Visualizar PRODUCTOS/h1_Registros totales' is present

09-12-2024T14:13:11 - [MESSAGE][PASSED] - Object 'Object Repository/Pricing-Test Plan Regresión Core/Page_Visualizar PRODUCTOS/h1_Registros totales' is present

09-12-2024T14:13:11 - [TEST_STEP][PASSED] - closeBrowser(): Browser is closed

09-12-2024T14:13:11 - [MESSAGE][PASSED] - Browser is closed]]></system-out>
         <system-err><![CDATA[]]></system-err>
      </testcase>
      <testcase name="Test Cases/PRICING-Test Plan Regresión Core/P25-2172-COMPLEMENTOS-Clonar complemento" time="22.323" classname="Test Cases/PRICING-Test Plan Regresión Core/P25-2172-COMPLEMENTOS-Clonar complemento" status="PASSED">
         <system-out><![CDATA[09-12-2024T14:13:11 - [TEST_CASE][PASSED] - Test Cases/PRICING-Test Plan Regresión Core/P25-2172-COMPLEMENTOS-Clonar complemento: Test Cases/PRICING-Test Plan Regresión Core/P25-2172-COMPLEMENTOS-Clonar complemento

09-12-2024T14:13:11 - [TEST_STEP][PASSED] - openBrowser(""): Browser is opened with url: ''

09-12-2024T14:13:11 - [MESSAGE][INFO] - Starting 'Chrome' driver

09-12-2024T14:13:11 - [MESSAGE][INFO] - Action delay is set to 0 milliseconds

09-12-2024T14:13:11 - [MESSAGE][PASSED] - Browser is opened with url: ''

09-12-2024T14:13:11 - [TEST_STEP][PASSED] - navigateToUrl("https://pre-sales.recordgo.cloud/login"): Navigate to 'https://pre-sales.recordgo.cloud/login' successfully

09-12-2024T14:13:16 - [MESSAGE][PASSED] - Navigate to 'https://pre-sales.recordgo.cloud/login' successfully

09-12-2024T14:13:16 - [TEST_STEP][PASSED] - maximizeWindow(): Current window maximized

09-12-2024T14:13:17 - [MESSAGE][PASSED] - Current window maximized

09-12-2024T14:13:17 - [TEST_STEP][PASSED] - setText(findTestObject("Pricing-Test Plan Regresión Core/Page_Login/input_Log in to your account__username"), "antonio.diego"): Text 'antonio.diego' is set on object 'Object Repository/Pricing-Test Plan Regresión Core/Page_Login/input_Log in to your account__username'

09-12-2024T14:13:17 - [MESSAGE][PASSED] - Text 'antonio.diego' is set on object 'Object Repository/Pricing-Test Plan Regresión Core/Page_Login/input_Log in to your account__username'

09-12-2024T14:13:17 - [TEST_STEP][PASSED] - setEncryptedText(findTestObject("Object Repository/Pricing-Test Plan Regresión Core/Page_Login/input_Log in to your account__password"), "4WoE78dHD36JvULd0ZrVWg=="): Text ****** has been set on object 'Object Repository/Pricing-Test Plan Regresión Core/Page_Login/input_Log in to your account__password'

09-12-2024T14:13:18 - [MESSAGE][PASSED] - Text ****** has been set on object 'Object Repository/Pricing-Test Plan Regresión Core/Page_Login/input_Log in to your account__password'

09-12-2024T14:13:18 - [TEST_STEP][PASSED] - selectOptionByValue(findTestObject("Object Repository/Pricing-Test Plan Regresión Core/Page_Login/select_Select an option CANARY ISLAND"), "IC", true): All options with value 'IC' are selected in object 'Object Repository/Pricing-Test Plan Regresión Core/Page_Login/select_Select an option CANARY ISLAND'  using regular expression

09-12-2024T14:13:18 - [MESSAGE][PASSED] - All options with value 'IC' are selected in object 'Object Repository/Pricing-Test Plan Regresión Core/Page_Login/select_Select an option CANARY ISLAND'  using regular expression

09-12-2024T14:13:18 - [TEST_STEP][PASSED] - click(findTestObject("Pricing-Test Plan Regresión Core/Page_Login/button_Login")): Object: 'Object Repository/Pricing-Test Plan Regresión Core/Page_Login/button_Login' is clicked on

09-12-2024T14:13:20 - [MESSAGE][PASSED] - Object: 'Object Repository/Pricing-Test Plan Regresión Core/Page_Login/button_Login' is clicked on

09-12-2024T14:13:20 - [TEST_STEP][PASSED] - waitForElementVisible(findTestObject("Pricing-Test Plan Regresión Core/Page_PRICING/img"), 5): Object 'Object Repository/Pricing-Test Plan Regresión Core/Page_PRICING/img' is visible

09-12-2024T14:13:21 - [MESSAGE][PASSED] - Object 'Object Repository/Pricing-Test Plan Regresión Core/Page_PRICING/img' is visible

09-12-2024T14:13:21 - [TEST_STEP][PASSED] - waitForElementPresent(findTestObject("Pricing-Test Plan Regresión Core/Page_Visualizar COMPLEMENTOS/span_COMPLEMENTOS"), 5): Object 'Object Repository/Pricing-Test Plan Regresión Core/Page_Visualizar COMPLEMENTOS/span_COMPLEMENTOS' is present

09-12-2024T14:13:21 - [MESSAGE][PASSED] - Object 'Object Repository/Pricing-Test Plan Regresión Core/Page_Visualizar COMPLEMENTOS/span_COMPLEMENTOS' is present

09-12-2024T14:13:21 - [TEST_STEP][PASSED] - verifyElementPresent(findTestObject("Object Repository/Pricing-Test Plan Regresión Core/Page_Visualizar COMPLEMENTOS/span_COMPLEMENTOS"), 5): Object 'Object Repository/Pricing-Test Plan Regresión Core/Page_Visualizar COMPLEMENTOS/span_COMPLEMENTOS' is present

09-12-2024T14:13:21 - [MESSAGE][PASSED] - Object 'Object Repository/Pricing-Test Plan Regresión Core/Page_Visualizar COMPLEMENTOS/span_COMPLEMENTOS' is present

09-12-2024T14:13:21 - [TEST_STEP][PASSED] - click(findTestObject("Object Repository/Pricing-Test Plan Regresión Core/Page_Visualizar COMPLEMENTOS/span_COMPLEMENTOS")): Object: 'Object Repository/Pricing-Test Plan Regresión Core/Page_Visualizar COMPLEMENTOS/span_COMPLEMENTOS' is clicked on

09-12-2024T14:13:21 - [MESSAGE][PASSED] - Object: 'Object Repository/Pricing-Test Plan Regresión Core/Page_Visualizar COMPLEMENTOS/span_COMPLEMENTOS' is clicked on

09-12-2024T14:13:21 - [TEST_STEP][PASSED] - waitForElementPresent(findTestObject("Pricing-Test Plan Regresión Core/Page_Visualizar COMPLEMENTOS/span_Complemento"), 5): Object 'Object Repository/Pricing-Test Plan Regresión Core/Page_Visualizar COMPLEMENTOS/span_Complemento' is present

09-12-2024T14:13:22 - [MESSAGE][PASSED] - Object 'Object Repository/Pricing-Test Plan Regresión Core/Page_Visualizar COMPLEMENTOS/span_Complemento' is present

09-12-2024T14:13:22 - [TEST_STEP][PASSED] - verifyElementPresent(findTestObject("Pricing-Test Plan Regresión Core/Page_Visualizar COMPLEMENTOS/span_Complemento"), 5): Object 'Object Repository/Pricing-Test Plan Regresión Core/Page_Visualizar COMPLEMENTOS/span_Complemento' is present

09-12-2024T14:13:22 - [MESSAGE][PASSED] - Object 'Object Repository/Pricing-Test Plan Regresión Core/Page_Visualizar COMPLEMENTOS/span_Complemento' is present

09-12-2024T14:13:22 - [TEST_STEP][PASSED] - click(findTestObject("Pricing-Test Plan Regresión Core/Page_Visualizar COMPLEMENTOS/span_Complemento")): Object: 'Object Repository/Pricing-Test Plan Regresión Core/Page_Visualizar COMPLEMENTOS/span_Complemento' is clicked on

09-12-2024T14:13:22 - [MESSAGE][PASSED] - Object: 'Object Repository/Pricing-Test Plan Regresión Core/Page_Visualizar COMPLEMENTOS/span_Complemento' is clicked on

09-12-2024T14:13:22 - [TEST_STEP][PASSED] - waitForElementPresent(findTestObject("Pricing-Test Plan Regresión Core/Page_Visualizar COMPLEMENTOS/span_Visualizarmodificarclonar"), 5): Object 'Object Repository/Pricing-Test Plan Regresión Core/Page_Visualizar COMPLEMENTOS/span_Visualizarmodificarclonar' is present

09-12-2024T14:13:22 - [MESSAGE][PASSED] - Object 'Object Repository/Pricing-Test Plan Regresión Core/Page_Visualizar COMPLEMENTOS/span_Visualizarmodificarclonar' is present

09-12-2024T14:13:22 - [TEST_STEP][PASSED] - verifyElementPresent(findTestObject("Pricing-Test Plan Regresión Core/Page_Visualizar COMPLEMENTOS/span_Visualizarmodificarclonar"), 5): Object 'Object Repository/Pricing-Test Plan Regresión Core/Page_Visualizar COMPLEMENTOS/span_Visualizarmodificarclonar' is present

09-12-2024T14:13:23 - [MESSAGE][PASSED] - Object 'Object Repository/Pricing-Test Plan Regresión Core/Page_Visualizar COMPLEMENTOS/span_Visualizarmodificarclonar' is present

09-12-2024T14:13:23 - [TEST_STEP][PASSED] - click(findTestObject("Pricing-Test Plan Regresión Core/Page_Visualizar COMPLEMENTOS/span_Visualizarmodificarclonar")): Object: 'Object Repository/Pricing-Test Plan Regresión Core/Page_Visualizar COMPLEMENTOS/span_Visualizarmodificarclonar' is clicked on

09-12-2024T14:13:25 - [MESSAGE][PASSED] - Object: 'Object Repository/Pricing-Test Plan Regresión Core/Page_Visualizar COMPLEMENTOS/span_Visualizarmodificarclonar' is clicked on

09-12-2024T14:13:25 - [TEST_STEP][PASSED] - waitForElementPresent(findTestObject("Pricing-Test Plan Regresión Core/Page_Visualizar PRODUCTOS/h1_Registros totales"), 5): Object 'Object Repository/Pricing-Test Plan Regresión Core/Page_Visualizar PRODUCTOS/h1_Registros totales' is present

09-12-2024T14:13:26 - [MESSAGE][PASSED] - Object 'Object Repository/Pricing-Test Plan Regresión Core/Page_Visualizar PRODUCTOS/h1_Registros totales' is present

09-12-2024T14:13:26 - [TEST_STEP][PASSED] - verifyElementPresent(findTestObject("Pricing-Test Plan Regresión Core/Page_Visualizar PRODUCTOS/h1_Registros totales"), 5): Object 'Object Repository/Pricing-Test Plan Regresión Core/Page_Visualizar PRODUCTOS/h1_Registros totales' is present

09-12-2024T14:13:26 - [MESSAGE][PASSED] - Object 'Object Repository/Pricing-Test Plan Regresión Core/Page_Visualizar PRODUCTOS/h1_Registros totales' is present

09-12-2024T14:13:26 - [TEST_STEP][PASSED] - verifyElementPresent(findTestObject("Object Repository/Pricing-Test Plan Regresión Core/Page_Visualizar COMPLEMENTOS/button_Filtros"), 5): Object 'Object Repository/Pricing-Test Plan Regresión Core/Page_Visualizar COMPLEMENTOS/button_Filtros' is present

09-12-2024T14:13:26 - [MESSAGE][PASSED] - Object 'Object Repository/Pricing-Test Plan Regresión Core/Page_Visualizar COMPLEMENTOS/button_Filtros' is present

09-12-2024T14:13:26 - [TEST_STEP][PASSED] - waitForElementPresent(findTestObject("Pricing-Test Plan Regresión Core/Page_Visualizar COMPLEMENTOS/Button_Filtros_Desplegable"), 5): Object 'Object Repository/Pricing-Test Plan Regresión Core/Page_Visualizar COMPLEMENTOS/Button_Filtros_Desplegable' is present

09-12-2024T14:13:26 - [MESSAGE][PASSED] - Object 'Object Repository/Pricing-Test Plan Regresión Core/Page_Visualizar COMPLEMENTOS/Button_Filtros_Desplegable' is present

09-12-2024T14:13:26 - [TEST_STEP][PASSED] - waitForElementPresent(findTestObject("Pricing-Test Plan Regresión Core/Page_Visualizar COMPLEMENTOS/button_Filtros"), 5): Object 'Object Repository/Pricing-Test Plan Regresión Core/Page_Visualizar COMPLEMENTOS/button_Filtros' is present

09-12-2024T14:13:26 - [MESSAGE][PASSED] - Object 'Object Repository/Pricing-Test Plan Regresión Core/Page_Visualizar COMPLEMENTOS/button_Filtros' is present

09-12-2024T14:13:26 - [TEST_STEP][PASSED] - waitForElementPresent(findTestObject("Pricing-Test Plan Regresión Core/Page_Visualizar COMPLEMENTOS/IconoHojaClonarComplemento"), 5): Object 'Object Repository/Pricing-Test Plan Regresión Core/Page_Visualizar COMPLEMENTOS/IconoHojaClonarComplemento' is present

09-12-2024T14:13:27 - [MESSAGE][PASSED] - Object 'Object Repository/Pricing-Test Plan Regresión Core/Page_Visualizar COMPLEMENTOS/IconoHojaClonarComplemento' is present

09-12-2024T14:13:27 - [TEST_STEP][PASSED] - verifyElementPresent(findTestObject("Pricing-Test Plan Regresión Core/Page_Visualizar COMPLEMENTOS/IconoHojaClonarComplemento"), 5): Object 'Object Repository/Pricing-Test Plan Regresión Core/Page_Visualizar COMPLEMENTOS/IconoHojaClonarComplemento' is present

09-12-2024T14:13:27 - [MESSAGE][PASSED] - Object 'Object Repository/Pricing-Test Plan Regresión Core/Page_Visualizar COMPLEMENTOS/IconoHojaClonarComplemento' is present

09-12-2024T14:13:27 - [TEST_STEP][PASSED] - doubleClick(findTestObject("Pricing-Test Plan Regresión Core/Page_Visualizar COMPLEMENTOS/IconoHojaClonarComplemento")): Object: 'Object Repository/Pricing-Test Plan Regresión Core/Page_Visualizar COMPLEMENTOS/IconoHojaClonarComplemento' is double clicked on

09-12-2024T14:13:29 - [MESSAGE][PASSED] - Object: 'Object Repository/Pricing-Test Plan Regresión Core/Page_Visualizar COMPLEMENTOS/IconoHojaClonarComplemento' is double clicked on

09-12-2024T14:13:29 - [TEST_STEP][PASSED] - focus(findTestObject("Pricing-Test Plan Regresión Core/Page_Visualizar COMPLEMENTOS/button_CancelarClonar")): Object: 'Object Repository/Pricing-Test Plan Regresión Core/Page_Visualizar COMPLEMENTOS/button_CancelarClonar' is focused

09-12-2024T14:13:30 - [MESSAGE][PASSED] - Object: 'Object Repository/Pricing-Test Plan Regresión Core/Page_Visualizar COMPLEMENTOS/button_CancelarClonar' is focused

09-12-2024T14:13:30 - [TEST_STEP][PASSED] - waitForElementPresent(findTestObject("Pricing-Test Plan Regresión Core/Page_Visualizar COMPLEMENTOS/button_CancelarClonar"), 5): Object 'Object Repository/Pricing-Test Plan Regresión Core/Page_Visualizar COMPLEMENTOS/button_CancelarClonar' is present

09-12-2024T14:13:30 - [MESSAGE][PASSED] - Object 'Object Repository/Pricing-Test Plan Regresión Core/Page_Visualizar COMPLEMENTOS/button_CancelarClonar' is present

09-12-2024T14:13:30 - [TEST_STEP][PASSED] - verifyElementPresent(findTestObject("Pricing-Test Plan Regresión Core/Page_Visualizar COMPLEMENTOS/button_CancelarClonar"), 5): Object 'Object Repository/Pricing-Test Plan Regresión Core/Page_Visualizar COMPLEMENTOS/button_CancelarClonar' is present

09-12-2024T14:13:30 - [MESSAGE][PASSED] - Object 'Object Repository/Pricing-Test Plan Regresión Core/Page_Visualizar COMPLEMENTOS/button_CancelarClonar' is present

09-12-2024T14:13:30 - [TEST_STEP][PASSED] - takeScreenshot("P-25-2172"): Taking screenshot successfully

09-12-2024T14:13:30 - [MESSAGE][PASSED] - Taking screenshot successfully
[[ATTACHMENT|/Users/afernandezd/Katalon Studio/Pricing-PrimeraPrueba/Reports/20241209_140354/PRICING-Test Plan Regresi\u00F3n Core/20241209_140354/P-25-2172]]

09-12-2024T14:13:30 - [TEST_STEP][PASSED] - doubleClick(findTestObject("Pricing-Test Plan Regresión Core/Page_Visualizar COMPLEMENTOS/button_CancelarClonar")): Object: 'Object Repository/Pricing-Test Plan Regresión Core/Page_Visualizar COMPLEMENTOS/button_CancelarClonar' is double clicked on

09-12-2024T14:13:33 - [MESSAGE][PASSED] - Object: 'Object Repository/Pricing-Test Plan Regresión Core/Page_Visualizar COMPLEMENTOS/button_CancelarClonar' is double clicked on

09-12-2024T14:13:33 - [TEST_STEP][PASSED] - closeBrowser(): Browser is closed

09-12-2024T14:13:33 - [MESSAGE][PASSED] - Browser is closed]]></system-out>
         <system-err><![CDATA[]]></system-err>
      </testcase>
      <testcase name="Test Cases/PRICING-Test Plan Regresión Core/P25-2186-POLITICAS-Visualizar Politica Combustible" time="23.962" classname="Test Cases/PRICING-Test Plan Regresión Core/P25-2186-POLITICAS-Visualizar Politica Combustible" status="PASSED">
         <system-out><![CDATA[09-12-2024T14:13:33 - [TEST_CASE][PASSED] - Test Cases/PRICING-Test Plan Regresión Core/P25-2186-POLITICAS-Visualizar Politica Combustible: Test Cases/PRICING-Test Plan Regresión Core/P25-2186-POLITICAS-Visualizar Politica Combustible

09-12-2024T14:13:33 - [TEST_STEP][PASSED] - openBrowser(""): Browser is opened with url: ''

09-12-2024T14:13:33 - [MESSAGE][INFO] - Starting 'Chrome' driver

09-12-2024T14:13:33 - [MESSAGE][INFO] - Action delay is set to 0 milliseconds

09-12-2024T14:13:34 - [MESSAGE][PASSED] - Browser is opened with url: ''

09-12-2024T14:13:34 - [TEST_STEP][PASSED] - navigateToUrl("https://pre-sales.recordgo.cloud/login"): Navigate to 'https://pre-sales.recordgo.cloud/login' successfully

09-12-2024T14:13:39 - [MESSAGE][PASSED] - Navigate to 'https://pre-sales.recordgo.cloud/login' successfully

09-12-2024T14:13:39 - [TEST_STEP][PASSED] - maximizeWindow(): Current window maximized

09-12-2024T14:13:39 - [MESSAGE][PASSED] - Current window maximized

09-12-2024T14:13:39 - [TEST_STEP][PASSED] - setText(findTestObject("Pricing-Test Plan Regresión Core/Page_Login/input_Log in to your account__username"), "antonio.diego"): Text 'antonio.diego' is set on object 'Object Repository/Pricing-Test Plan Regresión Core/Page_Login/input_Log in to your account__username'

09-12-2024T14:13:40 - [MESSAGE][PASSED] - Text 'antonio.diego' is set on object 'Object Repository/Pricing-Test Plan Regresión Core/Page_Login/input_Log in to your account__username'

09-12-2024T14:13:40 - [TEST_STEP][PASSED] - setEncryptedText(findTestObject("Object Repository/Pricing-Test Plan Regresión Core/Page_Login/input_Log in to your account__password"), "4WoE78dHD36JvULd0ZrVWg=="): Text ****** has been set on object 'Object Repository/Pricing-Test Plan Regresión Core/Page_Login/input_Log in to your account__password'

09-12-2024T14:13:40 - [MESSAGE][PASSED] - Text ****** has been set on object 'Object Repository/Pricing-Test Plan Regresión Core/Page_Login/input_Log in to your account__password'

09-12-2024T14:13:40 - [TEST_STEP][PASSED] - selectOptionByValue(findTestObject("Object Repository/Pricing-Test Plan Regresión Core/Page_Login/select_Select an option CANARY ISLAND"), "IC", true): All options with value 'IC' are selected in object 'Object Repository/Pricing-Test Plan Regresión Core/Page_Login/select_Select an option CANARY ISLAND'  using regular expression

09-12-2024T14:13:41 - [MESSAGE][PASSED] - All options with value 'IC' are selected in object 'Object Repository/Pricing-Test Plan Regresión Core/Page_Login/select_Select an option CANARY ISLAND'  using regular expression

09-12-2024T14:13:41 - [TEST_STEP][PASSED] - click(findTestObject("Pricing-Test Plan Regresión Core/Page_Login/button_Login")): Object: 'Object Repository/Pricing-Test Plan Regresión Core/Page_Login/button_Login' is clicked on

09-12-2024T14:13:43 - [MESSAGE][PASSED] - Object: 'Object Repository/Pricing-Test Plan Regresión Core/Page_Login/button_Login' is clicked on

09-12-2024T14:13:43 - [TEST_STEP][PASSED] - waitForElementVisible(findTestObject("Pricing-Test Plan Regresión Core/Page_PRICING/img"), 5): Object 'Object Repository/Pricing-Test Plan Regresión Core/Page_PRICING/img' is visible

09-12-2024T14:13:43 - [MESSAGE][PASSED] - Object 'Object Repository/Pricing-Test Plan Regresión Core/Page_PRICING/img' is visible

09-12-2024T14:13:43 - [TEST_STEP][PASSED] - waitForElementPresent(findTestObject("Pricing-Test Plan Regresión Core/Page_POLITICAS/span_POLITICAS"), 5): Object 'Object Repository/Pricing-Test Plan Regresión Core/Page_POLITICAS/span_POLITICAS' is present

09-12-2024T14:13:44 - [MESSAGE][PASSED] - Object 'Object Repository/Pricing-Test Plan Regresión Core/Page_POLITICAS/span_POLITICAS' is present

09-12-2024T14:13:44 - [TEST_STEP][PASSED] - verifyElementPresent(findTestObject("Pricing-Test Plan Regresión Core/Page_POLITICAS/span_POLITICAS"), 5): Object 'Object Repository/Pricing-Test Plan Regresión Core/Page_POLITICAS/span_POLITICAS' is present

09-12-2024T14:13:44 - [MESSAGE][PASSED] - Object 'Object Repository/Pricing-Test Plan Regresión Core/Page_POLITICAS/span_POLITICAS' is present

09-12-2024T14:13:44 - [TEST_STEP][PASSED] - click(findTestObject("Pricing-Test Plan Regresión Core/Page_POLITICAS/span_POLITICAS")): Object: 'Object Repository/Pricing-Test Plan Regresión Core/Page_POLITICAS/span_POLITICAS' is clicked on

09-12-2024T14:13:44 - [MESSAGE][PASSED] - Object: 'Object Repository/Pricing-Test Plan Regresión Core/Page_POLITICAS/span_POLITICAS' is clicked on

09-12-2024T14:13:44 - [TEST_STEP][PASSED] - waitForElementPresent(findTestObject("Pricing-Test Plan Regresión Core/Page_POLITICAS/span_Combustible"), 5): Object 'Object Repository/Pricing-Test Plan Regresión Core/Page_POLITICAS/span_Combustible' is present

09-12-2024T14:13:44 - [MESSAGE][PASSED] - Object 'Object Repository/Pricing-Test Plan Regresión Core/Page_POLITICAS/span_Combustible' is present

09-12-2024T14:13:44 - [TEST_STEP][PASSED] - verifyElementPresent(findTestObject("Pricing-Test Plan Regresión Core/Page_POLITICAS/span_Combustible"), 5): Object 'Object Repository/Pricing-Test Plan Regresión Core/Page_POLITICAS/span_Combustible' is present

09-12-2024T14:13:45 - [MESSAGE][PASSED] - Object 'Object Repository/Pricing-Test Plan Regresión Core/Page_POLITICAS/span_Combustible' is present

09-12-2024T14:13:45 - [TEST_STEP][PASSED] - click(findTestObject("Pricing-Test Plan Regresión Core/Page_POLITICAS/span_Combustible")): Object: 'Object Repository/Pricing-Test Plan Regresión Core/Page_POLITICAS/span_Combustible' is clicked on

09-12-2024T14:13:45 - [MESSAGE][PASSED] - Object: 'Object Repository/Pricing-Test Plan Regresión Core/Page_POLITICAS/span_Combustible' is clicked on

09-12-2024T14:13:45 - [TEST_STEP][PASSED] - waitForElementPresent(findTestObject("Pricing-Test Plan Regresión Core/Page_POLITICAS/span_VisualizarmodificarComb"), 5): Object 'Object Repository/Pricing-Test Plan Regresión Core/Page_POLITICAS/span_VisualizarmodificarComb' is present

09-12-2024T14:13:45 - [MESSAGE][PASSED] - Object 'Object Repository/Pricing-Test Plan Regresión Core/Page_POLITICAS/span_VisualizarmodificarComb' is present

09-12-2024T14:13:45 - [TEST_STEP][PASSED] - verifyElementPresent(findTestObject("Pricing-Test Plan Regresión Core/Page_POLITICAS/span_VisualizarmodificarComb"), 5): Object 'Object Repository/Pricing-Test Plan Regresión Core/Page_POLITICAS/span_VisualizarmodificarComb' is present

09-12-2024T14:13:45 - [MESSAGE][PASSED] - Object 'Object Repository/Pricing-Test Plan Regresión Core/Page_POLITICAS/span_VisualizarmodificarComb' is present

09-12-2024T14:13:45 - [TEST_STEP][PASSED] - click(findTestObject("Pricing-Test Plan Regresión Core/Page_POLITICAS/span_VisualizarmodificarComb")): Object: 'Object Repository/Pricing-Test Plan Regresión Core/Page_POLITICAS/span_VisualizarmodificarComb' is clicked on

09-12-2024T14:13:46 - [MESSAGE][PASSED] - Object: 'Object Repository/Pricing-Test Plan Regresión Core/Page_POLITICAS/span_VisualizarmodificarComb' is clicked on

09-12-2024T14:13:46 - [TEST_STEP][PASSED] - waitForElementPresent(findTestObject("Pricing-Test Plan Regresión Core/Page_Visualizar PRODUCTOS/h1_Registros totales"), 5): Object 'Object Repository/Pricing-Test Plan Regresión Core/Page_Visualizar PRODUCTOS/h1_Registros totales' is present

09-12-2024T14:13:47 - [MESSAGE][PASSED] - Object 'Object Repository/Pricing-Test Plan Regresión Core/Page_Visualizar PRODUCTOS/h1_Registros totales' is present

09-12-2024T14:13:47 - [TEST_STEP][PASSED] - verifyElementPresent(findTestObject("Pricing-Test Plan Regresión Core/Page_Visualizar PRODUCTOS/h1_Registros totales"), 5): Object 'Object Repository/Pricing-Test Plan Regresión Core/Page_Visualizar PRODUCTOS/h1_Registros totales' is present

09-12-2024T14:13:47 - [MESSAGE][PASSED] - Object 'Object Repository/Pricing-Test Plan Regresión Core/Page_Visualizar PRODUCTOS/h1_Registros totales' is present

09-12-2024T14:13:47 - [TEST_STEP][PASSED] - verifyElementPresent(findTestObject("Object Repository/Pricing-Test Plan Regresión Core/Page_Visualizar COMPLEMENTOS/button_Filtros"), 5): Object 'Object Repository/Pricing-Test Plan Regresión Core/Page_Visualizar COMPLEMENTOS/button_Filtros' is present

09-12-2024T14:13:47 - [MESSAGE][PASSED] - Object 'Object Repository/Pricing-Test Plan Regresión Core/Page_Visualizar COMPLEMENTOS/button_Filtros' is present

09-12-2024T14:13:47 - [TEST_STEP][PASSED] - waitForElementPresent(findTestObject("Pricing-Test Plan Regresión Core/Page_Visualizar COMPLEMENTOS/Button_Filtros_Desplegable"), 5): Object 'Object Repository/Pricing-Test Plan Regresión Core/Page_Visualizar COMPLEMENTOS/Button_Filtros_Desplegable' is present

09-12-2024T14:13:48 - [MESSAGE][PASSED] - Object 'Object Repository/Pricing-Test Plan Regresión Core/Page_Visualizar COMPLEMENTOS/Button_Filtros_Desplegable' is present

09-12-2024T14:13:48 - [TEST_STEP][PASSED] - takeScreenshot("P-25-2186"): Taking screenshot successfully

09-12-2024T14:13:48 - [MESSAGE][PASSED] - Taking screenshot successfully
[[ATTACHMENT|/Users/afernandezd/Katalon Studio/Pricing-PrimeraPrueba/Reports/20241209_140354/PRICING-Test Plan Regresi\u00F3n Core/20241209_140354/P-25-2186]]

09-12-2024T14:13:48 - [TEST_STEP][PASSED] - waitForElementPresent(findTestObject("Pricing-Test Plan Regresión Core/Page_Visualizar COMPLEMENTOS/button_Filtros"), 5): Object 'Object Repository/Pricing-Test Plan Regresión Core/Page_Visualizar COMPLEMENTOS/button_Filtros' is present

09-12-2024T14:13:48 - [MESSAGE][PASSED] - Object 'Object Repository/Pricing-Test Plan Regresión Core/Page_Visualizar COMPLEMENTOS/button_Filtros' is present

09-12-2024T14:13:48 - [TEST_STEP][PASSED] - waitForElementPresent(findTestObject("Pricing-Test Plan Regresión Core/Page_Visualizar COMPLEMENTOS/i_active_flaticon-eye"), 5): Object 'Object Repository/Pricing-Test Plan Regresión Core/Page_Visualizar COMPLEMENTOS/i_active_flaticon-eye' is present

09-12-2024T14:13:48 - [MESSAGE][PASSED] - Object 'Object Repository/Pricing-Test Plan Regresión Core/Page_Visualizar COMPLEMENTOS/i_active_flaticon-eye' is present

09-12-2024T14:13:48 - [TEST_STEP][PASSED] - verifyElementClickable(findTestObject("Pricing-Test Plan Regresión Core/Page_Visualizar COMPLEMENTOS/i_active_flaticon-eye"), STOP_ON_FAILURE): Object 'Object Repository/Pricing-Test Plan Regresión Core/Page_Visualizar COMPLEMENTOS/i_active_flaticon-eye' is clickable

09-12-2024T14:13:49 - [MESSAGE][PASSED] - Object 'Object Repository/Pricing-Test Plan Regresión Core/Page_Visualizar COMPLEMENTOS/i_active_flaticon-eye' is clickable

09-12-2024T14:13:49 - [TEST_STEP][PASSED] - doubleClick(findTestObject("Pricing-Test Plan Regresión Core/Page_Visualizar COMPLEMENTOS/i_active_flaticon-eye")): Object: 'Object Repository/Pricing-Test Plan Regresión Core/Page_Visualizar COMPLEMENTOS/i_active_flaticon-eye' is double clicked on

09-12-2024T14:13:50 - [MESSAGE][PASSED] - Object: 'Object Repository/Pricing-Test Plan Regresión Core/Page_Visualizar COMPLEMENTOS/i_active_flaticon-eye' is double clicked on

09-12-2024T14:13:50 - [TEST_STEP][PASSED] - waitForElementPresent(findTestObject("Pricing-Test Plan Regresión Core/Page_POLITICAS/h3_Política de combustible"), 5): Object 'Object Repository/Pricing-Test Plan Regresión Core/Page_POLITICAS/h3_Política de combustible' is present

09-12-2024T14:13:50 - [MESSAGE][PASSED] - Object 'Object Repository/Pricing-Test Plan Regresión Core/Page_POLITICAS/h3_Política de combustible' is present

09-12-2024T14:13:50 - [TEST_STEP][PASSED] - verifyElementPresent(findTestObject("Pricing-Test Plan Regresión Core/Page_POLITICAS/h3_Política de combustible"), 5): Object 'Object Repository/Pricing-Test Plan Regresión Core/Page_POLITICAS/h3_Política de combustible' is present

09-12-2024T14:13:50 - [MESSAGE][PASSED] - Object 'Object Repository/Pricing-Test Plan Regresión Core/Page_POLITICAS/h3_Política de combustible' is present

09-12-2024T14:13:50 - [TEST_STEP][PASSED] - waitForElementPresent(findTestObject("Pricing-Test Plan Regresión Core/Page_POLITICAS/a_Ir a listado"), 5): Object 'Object Repository/Pricing-Test Plan Regresión Core/Page_POLITICAS/a_Ir a listado' is present

09-12-2024T14:13:51 - [MESSAGE][PASSED] - Object 'Object Repository/Pricing-Test Plan Regresión Core/Page_POLITICAS/a_Ir a listado' is present

09-12-2024T14:13:51 - [TEST_STEP][PASSED] - waitForElementClickable(findTestObject("Pricing-Test Plan Regresión Core/Page_Visualizar COMPLEMENTOS/a_Ir al listado"), 5): Web element with id: 'Object Repository/Pricing-Test Plan Regresión Core/Page_Visualizar COMPLEMENTOS/a_Ir al listado' located by '//a[@class = 'btn btn-secondary' and (text() = 'Ir al listado' or . = 'Ir al listado')]' not found

09-12-2024T14:13:57 - [MESSAGE][INFO] - Unable to find the element located by 'By.xpath: //a[@class = 'btn btn-secondary' and (text() = 'Ir al listado' or . = 'Ir al listado')]'. Please recheck the objects properties to make sure the desired element is located. 

09-12-2024T14:13:57 - [MESSAGE][WARNING] - Web element with id: 'Object Repository/Pricing-Test Plan Regresión Core/Page_Visualizar COMPLEMENTOS/a_Ir al listado' located by '//a[@class = 'btn btn-secondary' and (text() = 'Ir al listado' or . = 'Ir al listado')]' not found

09-12-2024T14:13:57 - [TEST_STEP][PASSED] - closeBrowser(): Browser is closed

09-12-2024T14:13:57 - [MESSAGE][PASSED] - Browser is closed]]></system-out>
         <system-err><![CDATA[]]></system-err>
      </testcase>
      <testcase name="Test Cases/PRICING-Test Plan Regresión Core/P25-2186-POLITICAS-Visualizar Politica Combustible" time="24.727" classname="Test Cases/PRICING-Test Plan Regresión Core/P25-2186-POLITICAS-Visualizar Politica Combustible" status="PASSED">
         <system-out><![CDATA[09-12-2024T14:13:57 - [TEST_CASE][PASSED] - Test Cases/PRICING-Test Plan Regresión Core/P25-2186-POLITICAS-Visualizar Politica Combustible: Test Cases/PRICING-Test Plan Regresión Core/P25-2186-POLITICAS-Visualizar Politica Combustible

09-12-2024T14:13:57 - [TEST_STEP][PASSED] - openBrowser(""): Browser is opened with url: ''

09-12-2024T14:13:57 - [MESSAGE][INFO] - Starting 'Chrome' driver

09-12-2024T14:13:57 - [MESSAGE][INFO] - Action delay is set to 0 milliseconds

09-12-2024T14:13:58 - [MESSAGE][PASSED] - Browser is opened with url: ''

09-12-2024T14:13:58 - [TEST_STEP][PASSED] - navigateToUrl("https://pre-sales.recordgo.cloud/login"): Navigate to 'https://pre-sales.recordgo.cloud/login' successfully

09-12-2024T14:14:03 - [MESSAGE][PASSED] - Navigate to 'https://pre-sales.recordgo.cloud/login' successfully

09-12-2024T14:14:03 - [TEST_STEP][PASSED] - maximizeWindow(): Current window maximized

09-12-2024T14:14:03 - [MESSAGE][PASSED] - Current window maximized

09-12-2024T14:14:03 - [TEST_STEP][PASSED] - setText(findTestObject("Pricing-Test Plan Regresión Core/Page_Login/input_Log in to your account__username"), "antonio.diego"): Text 'antonio.diego' is set on object 'Object Repository/Pricing-Test Plan Regresión Core/Page_Login/input_Log in to your account__username'

09-12-2024T14:14:04 - [MESSAGE][PASSED] - Text 'antonio.diego' is set on object 'Object Repository/Pricing-Test Plan Regresión Core/Page_Login/input_Log in to your account__username'

09-12-2024T14:14:04 - [TEST_STEP][PASSED] - setEncryptedText(findTestObject("Object Repository/Pricing-Test Plan Regresión Core/Page_Login/input_Log in to your account__password"), "4WoE78dHD36JvULd0ZrVWg=="): Text ****** has been set on object 'Object Repository/Pricing-Test Plan Regresión Core/Page_Login/input_Log in to your account__password'

09-12-2024T14:14:04 - [MESSAGE][PASSED] - Text ****** has been set on object 'Object Repository/Pricing-Test Plan Regresión Core/Page_Login/input_Log in to your account__password'

09-12-2024T14:14:04 - [TEST_STEP][PASSED] - selectOptionByValue(findTestObject("Object Repository/Pricing-Test Plan Regresión Core/Page_Login/select_Select an option CANARY ISLAND"), "IC", true): All options with value 'IC' are selected in object 'Object Repository/Pricing-Test Plan Regresión Core/Page_Login/select_Select an option CANARY ISLAND'  using regular expression

09-12-2024T14:14:05 - [MESSAGE][PASSED] - All options with value 'IC' are selected in object 'Object Repository/Pricing-Test Plan Regresión Core/Page_Login/select_Select an option CANARY ISLAND'  using regular expression

09-12-2024T14:14:05 - [TEST_STEP][PASSED] - click(findTestObject("Pricing-Test Plan Regresión Core/Page_Login/button_Login")): Object: 'Object Repository/Pricing-Test Plan Regresión Core/Page_Login/button_Login' is clicked on

09-12-2024T14:14:07 - [MESSAGE][PASSED] - Object: 'Object Repository/Pricing-Test Plan Regresión Core/Page_Login/button_Login' is clicked on

09-12-2024T14:14:07 - [TEST_STEP][PASSED] - waitForElementVisible(findTestObject("Pricing-Test Plan Regresión Core/Page_PRICING/img"), 5): Object 'Object Repository/Pricing-Test Plan Regresión Core/Page_PRICING/img' is visible

09-12-2024T14:14:07 - [MESSAGE][PASSED] - Object 'Object Repository/Pricing-Test Plan Regresión Core/Page_PRICING/img' is visible

09-12-2024T14:14:07 - [TEST_STEP][PASSED] - waitForElementPresent(findTestObject("Pricing-Test Plan Regresión Core/Page_POLITICAS/span_POLITICAS"), 5): Object 'Object Repository/Pricing-Test Plan Regresión Core/Page_POLITICAS/span_POLITICAS' is present

09-12-2024T14:14:07 - [MESSAGE][PASSED] - Object 'Object Repository/Pricing-Test Plan Regresión Core/Page_POLITICAS/span_POLITICAS' is present

09-12-2024T14:14:07 - [TEST_STEP][PASSED] - verifyElementPresent(findTestObject("Pricing-Test Plan Regresión Core/Page_POLITICAS/span_POLITICAS"), 5): Object 'Object Repository/Pricing-Test Plan Regresión Core/Page_POLITICAS/span_POLITICAS' is present

09-12-2024T14:14:08 - [MESSAGE][PASSED] - Object 'Object Repository/Pricing-Test Plan Regresión Core/Page_POLITICAS/span_POLITICAS' is present

09-12-2024T14:14:08 - [TEST_STEP][PASSED] - click(findTestObject("Pricing-Test Plan Regresión Core/Page_POLITICAS/span_POLITICAS")): Object: 'Object Repository/Pricing-Test Plan Regresión Core/Page_POLITICAS/span_POLITICAS' is clicked on

09-12-2024T14:14:08 - [MESSAGE][PASSED] - Object: 'Object Repository/Pricing-Test Plan Regresión Core/Page_POLITICAS/span_POLITICAS' is clicked on

09-12-2024T14:14:08 - [TEST_STEP][PASSED] - waitForElementPresent(findTestObject("Pricing-Test Plan Regresión Core/Page_POLITICAS/span_Combustible"), 5): Object 'Object Repository/Pricing-Test Plan Regresión Core/Page_POLITICAS/span_Combustible' is present

09-12-2024T14:14:08 - [MESSAGE][PASSED] - Object 'Object Repository/Pricing-Test Plan Regresión Core/Page_POLITICAS/span_Combustible' is present

09-12-2024T14:14:08 - [TEST_STEP][PASSED] - verifyElementPresent(findTestObject("Pricing-Test Plan Regresión Core/Page_POLITICAS/span_Combustible"), 5): Object 'Object Repository/Pricing-Test Plan Regresión Core/Page_POLITICAS/span_Combustible' is present

09-12-2024T14:14:08 - [MESSAGE][PASSED] - Object 'Object Repository/Pricing-Test Plan Regresión Core/Page_POLITICAS/span_Combustible' is present

09-12-2024T14:14:08 - [TEST_STEP][PASSED] - click(findTestObject("Pricing-Test Plan Regresión Core/Page_POLITICAS/span_Combustible")): Object: 'Object Repository/Pricing-Test Plan Regresión Core/Page_POLITICAS/span_Combustible' is clicked on

09-12-2024T14:14:08 - [MESSAGE][PASSED] - Object: 'Object Repository/Pricing-Test Plan Regresión Core/Page_POLITICAS/span_Combustible' is clicked on

09-12-2024T14:14:08 - [TEST_STEP][PASSED] - waitForElementPresent(findTestObject("Pricing-Test Plan Regresión Core/Page_POLITICAS/span_VisualizarmodificarComb"), 5): Object 'Object Repository/Pricing-Test Plan Regresión Core/Page_POLITICAS/span_VisualizarmodificarComb' is present

09-12-2024T14:14:09 - [MESSAGE][PASSED] - Object 'Object Repository/Pricing-Test Plan Regresión Core/Page_POLITICAS/span_VisualizarmodificarComb' is present

09-12-2024T14:14:09 - [TEST_STEP][PASSED] - verifyElementPresent(findTestObject("Pricing-Test Plan Regresión Core/Page_POLITICAS/span_VisualizarmodificarComb"), 5): Object 'Object Repository/Pricing-Test Plan Regresión Core/Page_POLITICAS/span_VisualizarmodificarComb' is present

09-12-2024T14:14:09 - [MESSAGE][PASSED] - Object 'Object Repository/Pricing-Test Plan Regresión Core/Page_POLITICAS/span_VisualizarmodificarComb' is present

09-12-2024T14:14:09 - [TEST_STEP][PASSED] - click(findTestObject("Pricing-Test Plan Regresión Core/Page_POLITICAS/span_VisualizarmodificarComb")): Object: 'Object Repository/Pricing-Test Plan Regresión Core/Page_POLITICAS/span_VisualizarmodificarComb' is clicked on

09-12-2024T14:14:11 - [MESSAGE][PASSED] - Object: 'Object Repository/Pricing-Test Plan Regresión Core/Page_POLITICAS/span_VisualizarmodificarComb' is clicked on

09-12-2024T14:14:11 - [TEST_STEP][PASSED] - waitForElementPresent(findTestObject("Pricing-Test Plan Regresión Core/Page_Visualizar PRODUCTOS/h1_Registros totales"), 5): Object 'Object Repository/Pricing-Test Plan Regresión Core/Page_Visualizar PRODUCTOS/h1_Registros totales' is present

09-12-2024T14:14:11 - [MESSAGE][PASSED] - Object 'Object Repository/Pricing-Test Plan Regresión Core/Page_Visualizar PRODUCTOS/h1_Registros totales' is present

09-12-2024T14:14:11 - [TEST_STEP][PASSED] - verifyElementPresent(findTestObject("Pricing-Test Plan Regresión Core/Page_Visualizar PRODUCTOS/h1_Registros totales"), 5): Object 'Object Repository/Pricing-Test Plan Regresión Core/Page_Visualizar PRODUCTOS/h1_Registros totales' is present

09-12-2024T14:14:12 - [MESSAGE][PASSED] - Object 'Object Repository/Pricing-Test Plan Regresión Core/Page_Visualizar PRODUCTOS/h1_Registros totales' is present

09-12-2024T14:14:12 - [TEST_STEP][PASSED] - verifyElementPresent(findTestObject("Object Repository/Pricing-Test Plan Regresión Core/Page_Visualizar COMPLEMENTOS/button_Filtros"), 5): Object 'Object Repository/Pricing-Test Plan Regresión Core/Page_Visualizar COMPLEMENTOS/button_Filtros' is present

09-12-2024T14:14:12 - [MESSAGE][PASSED] - Object 'Object Repository/Pricing-Test Plan Regresión Core/Page_Visualizar COMPLEMENTOS/button_Filtros' is present

09-12-2024T14:14:12 - [TEST_STEP][PASSED] - waitForElementPresent(findTestObject("Pricing-Test Plan Regresión Core/Page_Visualizar COMPLEMENTOS/Button_Filtros_Desplegable"), 5): Object 'Object Repository/Pricing-Test Plan Regresión Core/Page_Visualizar COMPLEMENTOS/Button_Filtros_Desplegable' is present

09-12-2024T14:14:12 - [MESSAGE][PASSED] - Object 'Object Repository/Pricing-Test Plan Regresión Core/Page_Visualizar COMPLEMENTOS/Button_Filtros_Desplegable' is present

09-12-2024T14:14:12 - [TEST_STEP][PASSED] - takeScreenshot("P-25-2186"): Taking screenshot successfully

09-12-2024T14:14:13 - [MESSAGE][PASSED] - Taking screenshot successfully
[[ATTACHMENT|/Users/afernandezd/Katalon Studio/Pricing-PrimeraPrueba/Reports/20241209_140354/PRICING-Test Plan Regresi\u00F3n Core/20241209_140354/P-25-2186]]

09-12-2024T14:14:13 - [TEST_STEP][PASSED] - waitForElementPresent(findTestObject("Pricing-Test Plan Regresión Core/Page_Visualizar COMPLEMENTOS/button_Filtros"), 5): Object 'Object Repository/Pricing-Test Plan Regresión Core/Page_Visualizar COMPLEMENTOS/button_Filtros' is present

09-12-2024T14:14:13 - [MESSAGE][PASSED] - Object 'Object Repository/Pricing-Test Plan Regresión Core/Page_Visualizar COMPLEMENTOS/button_Filtros' is present

09-12-2024T14:14:13 - [TEST_STEP][PASSED] - waitForElementPresent(findTestObject("Pricing-Test Plan Regresión Core/Page_Visualizar COMPLEMENTOS/i_active_flaticon-eye"), 5): Object 'Object Repository/Pricing-Test Plan Regresión Core/Page_Visualizar COMPLEMENTOS/i_active_flaticon-eye' is present

09-12-2024T14:14:13 - [MESSAGE][PASSED] - Object 'Object Repository/Pricing-Test Plan Regresión Core/Page_Visualizar COMPLEMENTOS/i_active_flaticon-eye' is present

09-12-2024T14:14:13 - [TEST_STEP][PASSED] - verifyElementClickable(findTestObject("Pricing-Test Plan Regresión Core/Page_Visualizar COMPLEMENTOS/i_active_flaticon-eye"), STOP_ON_FAILURE): Object 'Object Repository/Pricing-Test Plan Regresión Core/Page_Visualizar COMPLEMENTOS/i_active_flaticon-eye' is clickable

09-12-2024T14:14:13 - [MESSAGE][PASSED] - Object 'Object Repository/Pricing-Test Plan Regresión Core/Page_Visualizar COMPLEMENTOS/i_active_flaticon-eye' is clickable

09-12-2024T14:14:13 - [TEST_STEP][PASSED] - doubleClick(findTestObject("Pricing-Test Plan Regresión Core/Page_Visualizar COMPLEMENTOS/i_active_flaticon-eye")): Object: 'Object Repository/Pricing-Test Plan Regresión Core/Page_Visualizar COMPLEMENTOS/i_active_flaticon-eye' is double clicked on

09-12-2024T14:14:14 - [MESSAGE][PASSED] - Object: 'Object Repository/Pricing-Test Plan Regresión Core/Page_Visualizar COMPLEMENTOS/i_active_flaticon-eye' is double clicked on

09-12-2024T14:14:14 - [TEST_STEP][PASSED] - waitForElementPresent(findTestObject("Pricing-Test Plan Regresión Core/Page_POLITICAS/h3_Política de combustible"), 5): Object 'Object Repository/Pricing-Test Plan Regresión Core/Page_POLITICAS/h3_Política de combustible' is present

09-12-2024T14:14:15 - [MESSAGE][PASSED] - Object 'Object Repository/Pricing-Test Plan Regresión Core/Page_POLITICAS/h3_Política de combustible' is present

09-12-2024T14:14:15 - [TEST_STEP][PASSED] - verifyElementPresent(findTestObject("Pricing-Test Plan Regresión Core/Page_POLITICAS/h3_Política de combustible"), 5): Object 'Object Repository/Pricing-Test Plan Regresión Core/Page_POLITICAS/h3_Política de combustible' is present

09-12-2024T14:14:15 - [MESSAGE][PASSED] - Object 'Object Repository/Pricing-Test Plan Regresión Core/Page_POLITICAS/h3_Política de combustible' is present

09-12-2024T14:14:15 - [TEST_STEP][PASSED] - waitForElementPresent(findTestObject("Pricing-Test Plan Regresión Core/Page_POLITICAS/a_Ir a listado"), 5): Object 'Object Repository/Pricing-Test Plan Regresión Core/Page_POLITICAS/a_Ir a listado' is present

09-12-2024T14:14:15 - [MESSAGE][PASSED] - Object 'Object Repository/Pricing-Test Plan Regresión Core/Page_POLITICAS/a_Ir a listado' is present

09-12-2024T14:14:15 - [TEST_STEP][PASSED] - waitForElementClickable(findTestObject("Pricing-Test Plan Regresión Core/Page_Visualizar COMPLEMENTOS/a_Ir al listado"), 5): Web element with id: 'Object Repository/Pricing-Test Plan Regresión Core/Page_Visualizar COMPLEMENTOS/a_Ir al listado' located by '//a[@class = 'btn btn-secondary' and (text() = 'Ir al listado' or . = 'Ir al listado')]' not found

09-12-2024T14:14:22 - [MESSAGE][INFO] - Unable to find the element located by 'By.xpath: //a[@class = 'btn btn-secondary' and (text() = 'Ir al listado' or . = 'Ir al listado')]'. Please recheck the objects properties to make sure the desired element is located. 

09-12-2024T14:14:22 - [MESSAGE][WARNING] - Web element with id: 'Object Repository/Pricing-Test Plan Regresión Core/Page_Visualizar COMPLEMENTOS/a_Ir al listado' located by '//a[@class = 'btn btn-secondary' and (text() = 'Ir al listado' or . = 'Ir al listado')]' not found

09-12-2024T14:14:22 - [TEST_STEP][PASSED] - closeBrowser(): Browser is closed

09-12-2024T14:14:22 - [MESSAGE][PASSED] - Browser is closed]]></system-out>
         <system-err><![CDATA[]]></system-err>
      </testcase>
      <testcase name="Test Cases/PRICING-Test Plan Regresión Core/P25-2192-PTE-RCore-POLITICAS-Visualizar Politica Modificaciones" time="23.994" classname="Test Cases/PRICING-Test Plan Regresión Core/P25-2192-PTE-RCore-POLITICAS-Visualizar Politica Modificaciones" status="PASSED">
         <system-out><![CDATA[09-12-2024T14:14:22 - [TEST_CASE][PASSED] - Test Cases/PRICING-Test Plan Regresión Core/P25-2192-PTE-RCore-POLITICAS-Visualizar Politica Modificaciones: Test Cases/PRICING-Test Plan Regresión Core/P25-2192-PTE-RCore-POLITICAS-Visualizar Politica Modificaciones

09-12-2024T14:14:22 - [TEST_STEP][PASSED] - openBrowser(""): Browser is opened with url: ''

09-12-2024T14:14:22 - [MESSAGE][INFO] - Starting 'Chrome' driver

09-12-2024T14:14:22 - [MESSAGE][INFO] - Action delay is set to 0 milliseconds

09-12-2024T14:14:22 - [MESSAGE][PASSED] - Browser is opened with url: ''

09-12-2024T14:14:22 - [TEST_STEP][PASSED] - navigateToUrl("https://pre-sales.recordgo.cloud/login"): Navigate to 'https://pre-sales.recordgo.cloud/login' successfully

09-12-2024T14:14:28 - [MESSAGE][PASSED] - Navigate to 'https://pre-sales.recordgo.cloud/login' successfully

09-12-2024T14:14:28 - [TEST_STEP][PASSED] - maximizeWindow(): Current window maximized

09-12-2024T14:14:28 - [MESSAGE][PASSED] - Current window maximized

09-12-2024T14:14:28 - [TEST_STEP][PASSED] - setText(findTestObject("Pricing-Test Plan Regresión Core/Page_Login/input_Log in to your account__username"), "antonio.diego"): Text 'antonio.diego' is set on object 'Object Repository/Pricing-Test Plan Regresión Core/Page_Login/input_Log in to your account__username'

09-12-2024T14:14:29 - [MESSAGE][PASSED] - Text 'antonio.diego' is set on object 'Object Repository/Pricing-Test Plan Regresión Core/Page_Login/input_Log in to your account__username'

09-12-2024T14:14:29 - [TEST_STEP][PASSED] - setEncryptedText(findTestObject("Object Repository/Pricing-Test Plan Regresión Core/Page_Login/input_Log in to your account__password"), "4WoE78dHD36JvULd0ZrVWg=="): Text ****** has been set on object 'Object Repository/Pricing-Test Plan Regresión Core/Page_Login/input_Log in to your account__password'

09-12-2024T14:14:29 - [MESSAGE][PASSED] - Text ****** has been set on object 'Object Repository/Pricing-Test Plan Regresión Core/Page_Login/input_Log in to your account__password'

09-12-2024T14:14:29 - [TEST_STEP][PASSED] - selectOptionByValue(findTestObject("Object Repository/Pricing-Test Plan Regresión Core/Page_Login/select_Select an option CANARY ISLAND"), "IC", true): All options with value 'IC' are selected in object 'Object Repository/Pricing-Test Plan Regresión Core/Page_Login/select_Select an option CANARY ISLAND'  using regular expression

09-12-2024T14:14:30 - [MESSAGE][PASSED] - All options with value 'IC' are selected in object 'Object Repository/Pricing-Test Plan Regresión Core/Page_Login/select_Select an option CANARY ISLAND'  using regular expression

09-12-2024T14:14:30 - [TEST_STEP][PASSED] - click(findTestObject("Pricing-Test Plan Regresión Core/Page_Login/button_Login")): Object: 'Object Repository/Pricing-Test Plan Regresión Core/Page_Login/button_Login' is clicked on

09-12-2024T14:14:32 - [MESSAGE][PASSED] - Object: 'Object Repository/Pricing-Test Plan Regresión Core/Page_Login/button_Login' is clicked on

09-12-2024T14:14:32 - [TEST_STEP][PASSED] - waitForElementVisible(findTestObject("Pricing-Test Plan Regresión Core/Page_PRICING/img"), 5): Object 'Object Repository/Pricing-Test Plan Regresión Core/Page_PRICING/img' is visible

09-12-2024T14:14:32 - [MESSAGE][PASSED] - Object 'Object Repository/Pricing-Test Plan Regresión Core/Page_PRICING/img' is visible

09-12-2024T14:14:32 - [TEST_STEP][PASSED] - waitForElementPresent(findTestObject("Pricing-Test Plan Regresión Core/Page_POLITICAS/span_POLITICAS"), 5): Object 'Object Repository/Pricing-Test Plan Regresión Core/Page_POLITICAS/span_POLITICAS' is present

09-12-2024T14:14:32 - [MESSAGE][PASSED] - Object 'Object Repository/Pricing-Test Plan Regresión Core/Page_POLITICAS/span_POLITICAS' is present

09-12-2024T14:14:32 - [TEST_STEP][PASSED] - verifyElementPresent(findTestObject("Pricing-Test Plan Regresión Core/Page_POLITICAS/span_POLITICAS"), 5): Object 'Object Repository/Pricing-Test Plan Regresión Core/Page_POLITICAS/span_POLITICAS' is present

09-12-2024T14:14:32 - [MESSAGE][PASSED] - Object 'Object Repository/Pricing-Test Plan Regresión Core/Page_POLITICAS/span_POLITICAS' is present

09-12-2024T14:14:32 - [TEST_STEP][PASSED] - click(findTestObject("Pricing-Test Plan Regresión Core/Page_POLITICAS/span_POLITICAS")): Object: 'Object Repository/Pricing-Test Plan Regresión Core/Page_POLITICAS/span_POLITICAS' is clicked on

09-12-2024T14:14:33 - [MESSAGE][PASSED] - Object: 'Object Repository/Pricing-Test Plan Regresión Core/Page_POLITICAS/span_POLITICAS' is clicked on

09-12-2024T14:14:33 - [TEST_STEP][PASSED] - waitForElementPresent(findTestObject("Pricing-Test Plan Regresión Core/Page_POLITICAS/span_Modificaciones"), 5): Object 'Object Repository/Pricing-Test Plan Regresión Core/Page_POLITICAS/span_Modificaciones' is present

09-12-2024T14:14:33 - [MESSAGE][PASSED] - Object 'Object Repository/Pricing-Test Plan Regresión Core/Page_POLITICAS/span_Modificaciones' is present

09-12-2024T14:14:33 - [TEST_STEP][PASSED] - verifyElementPresent(findTestObject("Pricing-Test Plan Regresión Core/Page_POLITICAS/span_Modificaciones"), 5): Object 'Object Repository/Pricing-Test Plan Regresión Core/Page_POLITICAS/span_Modificaciones' is present

09-12-2024T14:14:33 - [MESSAGE][PASSED] - Object 'Object Repository/Pricing-Test Plan Regresión Core/Page_POLITICAS/span_Modificaciones' is present

09-12-2024T14:14:33 - [TEST_STEP][PASSED] - click(findTestObject("Pricing-Test Plan Regresión Core/Page_POLITICAS/span_Modificaciones")): Object: 'Object Repository/Pricing-Test Plan Regresión Core/Page_POLITICAS/span_Modificaciones' is clicked on

09-12-2024T14:14:33 - [MESSAGE][PASSED] - Object: 'Object Repository/Pricing-Test Plan Regresión Core/Page_POLITICAS/span_Modificaciones' is clicked on

09-12-2024T14:14:33 - [TEST_STEP][PASSED] - waitForElementPresent(findTestObject("Pricing-Test Plan Regresión Core/Page_POLITICAS/span_VisualizarmodificarMod"), 5): Object 'Object Repository/Pricing-Test Plan Regresión Core/Page_POLITICAS/span_VisualizarmodificarMod' is present

09-12-2024T14:14:34 - [MESSAGE][PASSED] - Object 'Object Repository/Pricing-Test Plan Regresión Core/Page_POLITICAS/span_VisualizarmodificarMod' is present

09-12-2024T14:14:34 - [TEST_STEP][PASSED] - verifyElementPresent(findTestObject("Pricing-Test Plan Regresión Core/Page_POLITICAS/span_VisualizarmodificarMod"), 5): Object 'Object Repository/Pricing-Test Plan Regresión Core/Page_POLITICAS/span_VisualizarmodificarMod' is present

09-12-2024T14:14:34 - [MESSAGE][PASSED] - Object 'Object Repository/Pricing-Test Plan Regresión Core/Page_POLITICAS/span_VisualizarmodificarMod' is present

09-12-2024T14:14:34 - [TEST_STEP][PASSED] - click(findTestObject("Pricing-Test Plan Regresión Core/Page_POLITICAS/span_VisualizarmodificarMod")): Object: 'Object Repository/Pricing-Test Plan Regresión Core/Page_POLITICAS/span_VisualizarmodificarMod' is clicked on

09-12-2024T14:14:35 - [MESSAGE][PASSED] - Object: 'Object Repository/Pricing-Test Plan Regresión Core/Page_POLITICAS/span_VisualizarmodificarMod' is clicked on

09-12-2024T14:14:35 - [TEST_STEP][PASSED] - waitForElementPresent(findTestObject("Pricing-Test Plan Regresión Core/Page_Visualizar PRODUCTOS/h1_Registros totales"), 5): Object 'Object Repository/Pricing-Test Plan Regresión Core/Page_Visualizar PRODUCTOS/h1_Registros totales' is present

09-12-2024T14:14:36 - [MESSAGE][PASSED] - Object 'Object Repository/Pricing-Test Plan Regresión Core/Page_Visualizar PRODUCTOS/h1_Registros totales' is present

09-12-2024T14:14:36 - [TEST_STEP][PASSED] - verifyElementPresent(findTestObject("Pricing-Test Plan Regresión Core/Page_Visualizar PRODUCTOS/h1_Registros totales"), 5): Object 'Object Repository/Pricing-Test Plan Regresión Core/Page_Visualizar PRODUCTOS/h1_Registros totales' is present

09-12-2024T14:14:36 - [MESSAGE][PASSED] - Object 'Object Repository/Pricing-Test Plan Regresión Core/Page_Visualizar PRODUCTOS/h1_Registros totales' is present

09-12-2024T14:14:36 - [TEST_STEP][PASSED] - verifyElementPresent(findTestObject("Object Repository/Pricing-Test Plan Regresión Core/Page_Visualizar COMPLEMENTOS/button_Filtros"), 5): Object 'Object Repository/Pricing-Test Plan Regresión Core/Page_Visualizar COMPLEMENTOS/button_Filtros' is present

09-12-2024T14:14:36 - [MESSAGE][PASSED] - Object 'Object Repository/Pricing-Test Plan Regresión Core/Page_Visualizar COMPLEMENTOS/button_Filtros' is present

09-12-2024T14:14:36 - [TEST_STEP][PASSED] - waitForElementPresent(findTestObject("Pricing-Test Plan Regresión Core/Page_Visualizar COMPLEMENTOS/Button_Filtros_Desplegable"), 5): Object 'Object Repository/Pricing-Test Plan Regresión Core/Page_Visualizar COMPLEMENTOS/Button_Filtros_Desplegable' is present

09-12-2024T14:14:36 - [MESSAGE][PASSED] - Object 'Object Repository/Pricing-Test Plan Regresión Core/Page_Visualizar COMPLEMENTOS/Button_Filtros_Desplegable' is present

09-12-2024T14:14:36 - [TEST_STEP][PASSED] - takeScreenshot("P-25-2186"): Taking screenshot successfully

09-12-2024T14:14:37 - [MESSAGE][PASSED] - Taking screenshot successfully
[[ATTACHMENT|/Users/afernandezd/Katalon Studio/Pricing-PrimeraPrueba/Reports/20241209_140354/PRICING-Test Plan Regresi\u00F3n Core/20241209_140354/P-25-2186]]

09-12-2024T14:14:37 - [TEST_STEP][PASSED] - waitForElementPresent(findTestObject("Pricing-Test Plan Regresión Core/Page_Visualizar COMPLEMENTOS/button_Filtros"), 5): Object 'Object Repository/Pricing-Test Plan Regresión Core/Page_Visualizar COMPLEMENTOS/button_Filtros' is present

09-12-2024T14:14:37 - [MESSAGE][PASSED] - Object 'Object Repository/Pricing-Test Plan Regresión Core/Page_Visualizar COMPLEMENTOS/button_Filtros' is present

09-12-2024T14:14:37 - [TEST_STEP][PASSED] - waitForElementPresent(findTestObject("Pricing-Test Plan Regresión Core/Page_Visualizar COMPLEMENTOS/i_active_flaticon-eye"), 5): Object 'Object Repository/Pricing-Test Plan Regresión Core/Page_Visualizar COMPLEMENTOS/i_active_flaticon-eye' is present

09-12-2024T14:14:37 - [MESSAGE][PASSED] - Object 'Object Repository/Pricing-Test Plan Regresión Core/Page_Visualizar COMPLEMENTOS/i_active_flaticon-eye' is present

09-12-2024T14:14:37 - [TEST_STEP][PASSED] - verifyElementClickable(findTestObject("Pricing-Test Plan Regresión Core/Page_Visualizar COMPLEMENTOS/i_active_flaticon-eye"), STOP_ON_FAILURE): Object 'Object Repository/Pricing-Test Plan Regresión Core/Page_Visualizar COMPLEMENTOS/i_active_flaticon-eye' is clickable

09-12-2024T14:14:37 - [MESSAGE][PASSED] - Object 'Object Repository/Pricing-Test Plan Regresión Core/Page_Visualizar COMPLEMENTOS/i_active_flaticon-eye' is clickable

09-12-2024T14:14:37 - [TEST_STEP][PASSED] - doubleClick(findTestObject("Pricing-Test Plan Regresión Core/Page_Visualizar COMPLEMENTOS/i_active_flaticon-eye")): Object: 'Object Repository/Pricing-Test Plan Regresión Core/Page_Visualizar COMPLEMENTOS/i_active_flaticon-eye' is double clicked on

09-12-2024T14:14:38 - [MESSAGE][PASSED] - Object: 'Object Repository/Pricing-Test Plan Regresión Core/Page_Visualizar COMPLEMENTOS/i_active_flaticon-eye' is double clicked on

09-12-2024T14:14:39 - [TEST_STEP][PASSED] - waitForElementPresent(findTestObject("Pricing-Test Plan Regresión Core/Page_POLITICAS/h3_Política de modificación"), 5): Object 'Object Repository/Pricing-Test Plan Regresión Core/Page_POLITICAS/h3_Política de modificación' is present

09-12-2024T14:14:39 - [MESSAGE][PASSED] - Object 'Object Repository/Pricing-Test Plan Regresión Core/Page_POLITICAS/h3_Política de modificación' is present

09-12-2024T14:14:39 - [TEST_STEP][PASSED] - verifyElementPresent(findTestObject("Pricing-Test Plan Regresión Core/Page_POLITICAS/h3_Política de modificación"), 5): Object 'Object Repository/Pricing-Test Plan Regresión Core/Page_POLITICAS/h3_Política de modificación' is present

09-12-2024T14:14:39 - [MESSAGE][PASSED] - Object 'Object Repository/Pricing-Test Plan Regresión Core/Page_POLITICAS/h3_Política de modificación' is present

09-12-2024T14:14:39 - [TEST_STEP][PASSED] - waitForElementPresent(findTestObject("Pricing-Test Plan Regresión Core/Page_POLITICAS/a_Ir a listado"), 5): Object 'Object Repository/Pricing-Test Plan Regresión Core/Page_POLITICAS/a_Ir a listado' is present

09-12-2024T14:14:39 - [MESSAGE][PASSED] - Object 'Object Repository/Pricing-Test Plan Regresión Core/Page_POLITICAS/a_Ir a listado' is present

09-12-2024T14:14:39 - [TEST_STEP][PASSED] - waitForElementClickable(findTestObject("Pricing-Test Plan Regresión Core/Page_Visualizar COMPLEMENTOS/a_Ir al listado"), 5): Web element with id: 'Object Repository/Pricing-Test Plan Regresión Core/Page_Visualizar COMPLEMENTOS/a_Ir al listado' located by '//a[@class = 'btn btn-secondary' and (text() = 'Ir al listado' or . = 'Ir al listado')]' not found

09-12-2024T14:14:46 - [MESSAGE][INFO] - Unable to find the element located by 'By.xpath: //a[@class = 'btn btn-secondary' and (text() = 'Ir al listado' or . = 'Ir al listado')]'. Please recheck the objects properties to make sure the desired element is located. 

09-12-2024T14:14:46 - [MESSAGE][WARNING] - Web element with id: 'Object Repository/Pricing-Test Plan Regresión Core/Page_Visualizar COMPLEMENTOS/a_Ir al listado' located by '//a[@class = 'btn btn-secondary' and (text() = 'Ir al listado' or . = 'Ir al listado')]' not found

09-12-2024T14:14:46 - [TEST_STEP][PASSED] - closeBrowser(): Browser is closed

09-12-2024T14:14:46 - [MESSAGE][PASSED] - Browser is closed]]></system-out>
         <system-err><![CDATA[]]></system-err>
      </testcase>
      <testcase name="Test Cases/PRICING-Test Plan Regresión Core/P25-2189-RCore-POLITICAS-Visualizar Politica Kilometraje" time="24.352" classname="Test Cases/PRICING-Test Plan Regresión Core/P25-2189-RCore-POLITICAS-Visualizar Politica Kilometraje" status="PASSED">
         <system-out><![CDATA[09-12-2024T14:14:46 - [TEST_CASE][PASSED] - Test Cases/PRICING-Test Plan Regresión Core/P25-2189-RCore-POLITICAS-Visualizar Politica Kilometraje: Test Cases/PRICING-Test Plan Regresión Core/P25-2189-RCore-POLITICAS-Visualizar Politica Kilometraje

09-12-2024T14:14:46 - [TEST_STEP][PASSED] - openBrowser(""): Browser is opened with url: ''

09-12-2024T14:14:46 - [MESSAGE][INFO] - Starting 'Chrome' driver

09-12-2024T14:14:46 - [MESSAGE][INFO] - Action delay is set to 0 milliseconds

09-12-2024T14:14:46 - [MESSAGE][PASSED] - Browser is opened with url: ''

09-12-2024T14:14:46 - [TEST_STEP][PASSED] - navigateToUrl("https://pre-sales.recordgo.cloud/login"): Navigate to 'https://pre-sales.recordgo.cloud/login' successfully

09-12-2024T14:14:52 - [MESSAGE][PASSED] - Navigate to 'https://pre-sales.recordgo.cloud/login' successfully

09-12-2024T14:14:52 - [TEST_STEP][PASSED] - maximizeWindow(): Current window maximized

09-12-2024T14:14:52 - [MESSAGE][PASSED] - Current window maximized

09-12-2024T14:14:52 - [TEST_STEP][PASSED] - setText(findTestObject("Pricing-Test Plan Regresión Core/Page_Login/input_Log in to your account__username"), "antonio.diego"): Text 'antonio.diego' is set on object 'Object Repository/Pricing-Test Plan Regresión Core/Page_Login/input_Log in to your account__username'

09-12-2024T14:14:53 - [MESSAGE][PASSED] - Text 'antonio.diego' is set on object 'Object Repository/Pricing-Test Plan Regresión Core/Page_Login/input_Log in to your account__username'

09-12-2024T14:14:53 - [TEST_STEP][PASSED] - setEncryptedText(findTestObject("Object Repository/Pricing-Test Plan Regresión Core/Page_Login/input_Log in to your account__password"), "4WoE78dHD36JvULd0ZrVWg=="): Text ****** has been set on object 'Object Repository/Pricing-Test Plan Regresión Core/Page_Login/input_Log in to your account__password'

09-12-2024T14:14:53 - [MESSAGE][PASSED] - Text ****** has been set on object 'Object Repository/Pricing-Test Plan Regresión Core/Page_Login/input_Log in to your account__password'

09-12-2024T14:14:53 - [TEST_STEP][PASSED] - selectOptionByValue(findTestObject("Object Repository/Pricing-Test Plan Regresión Core/Page_Login/select_Select an option CANARY ISLAND"), "IC", true): All options with value 'IC' are selected in object 'Object Repository/Pricing-Test Plan Regresión Core/Page_Login/select_Select an option CANARY ISLAND'  using regular expression

09-12-2024T14:14:54 - [MESSAGE][PASSED] - All options with value 'IC' are selected in object 'Object Repository/Pricing-Test Plan Regresión Core/Page_Login/select_Select an option CANARY ISLAND'  using regular expression

09-12-2024T14:14:54 - [TEST_STEP][PASSED] - click(findTestObject("Pricing-Test Plan Regresión Core/Page_Login/button_Login")): Object: 'Object Repository/Pricing-Test Plan Regresión Core/Page_Login/button_Login' is clicked on

09-12-2024T14:14:55 - [MESSAGE][PASSED] - Object: 'Object Repository/Pricing-Test Plan Regresión Core/Page_Login/button_Login' is clicked on

09-12-2024T14:14:55 - [TEST_STEP][PASSED] - waitForElementVisible(findTestObject("Pricing-Test Plan Regresión Core/Page_PRICING/img"), 5): Object 'Object Repository/Pricing-Test Plan Regresión Core/Page_PRICING/img' is visible

09-12-2024T14:14:56 - [MESSAGE][PASSED] - Object 'Object Repository/Pricing-Test Plan Regresión Core/Page_PRICING/img' is visible

09-12-2024T14:14:56 - [TEST_STEP][PASSED] - waitForElementPresent(findTestObject("Pricing-Test Plan Regresión Core/Page_POLITICAS/span_POLITICAS"), 5): Object 'Object Repository/Pricing-Test Plan Regresión Core/Page_POLITICAS/span_POLITICAS' is present

09-12-2024T14:14:56 - [MESSAGE][PASSED] - Object 'Object Repository/Pricing-Test Plan Regresión Core/Page_POLITICAS/span_POLITICAS' is present

09-12-2024T14:14:56 - [TEST_STEP][PASSED] - verifyElementPresent(findTestObject("Pricing-Test Plan Regresión Core/Page_POLITICAS/span_POLITICAS"), 5): Object 'Object Repository/Pricing-Test Plan Regresión Core/Page_POLITICAS/span_POLITICAS' is present

09-12-2024T14:14:56 - [MESSAGE][PASSED] - Object 'Object Repository/Pricing-Test Plan Regresión Core/Page_POLITICAS/span_POLITICAS' is present

09-12-2024T14:14:56 - [TEST_STEP][PASSED] - click(findTestObject("Pricing-Test Plan Regresión Core/Page_POLITICAS/span_POLITICAS")): Object: 'Object Repository/Pricing-Test Plan Regresión Core/Page_POLITICAS/span_POLITICAS' is clicked on

09-12-2024T14:14:57 - [MESSAGE][PASSED] - Object: 'Object Repository/Pricing-Test Plan Regresión Core/Page_POLITICAS/span_POLITICAS' is clicked on

09-12-2024T14:14:57 - [TEST_STEP][PASSED] - waitForElementPresent(findTestObject("Pricing-Test Plan Regresión Core/Page_POLITICAS/span_Kilometraje"), 5): Object 'Object Repository/Pricing-Test Plan Regresión Core/Page_POLITICAS/span_Kilometraje' is present

09-12-2024T14:14:57 - [MESSAGE][PASSED] - Object 'Object Repository/Pricing-Test Plan Regresión Core/Page_POLITICAS/span_Kilometraje' is present

09-12-2024T14:14:57 - [TEST_STEP][PASSED] - verifyElementPresent(findTestObject("Pricing-Test Plan Regresión Core/Page_POLITICAS/span_Kilometraje"), 5): Object 'Object Repository/Pricing-Test Plan Regresión Core/Page_POLITICAS/span_Kilometraje' is present

09-12-2024T14:14:57 - [MESSAGE][PASSED] - Object 'Object Repository/Pricing-Test Plan Regresión Core/Page_POLITICAS/span_Kilometraje' is present

09-12-2024T14:14:57 - [TEST_STEP][PASSED] - click(findTestObject("Pricing-Test Plan Regresión Core/Page_POLITICAS/span_Kilometraje")): Object: 'Object Repository/Pricing-Test Plan Regresión Core/Page_POLITICAS/span_Kilometraje' is clicked on

09-12-2024T14:14:57 - [MESSAGE][PASSED] - Object: 'Object Repository/Pricing-Test Plan Regresión Core/Page_POLITICAS/span_Kilometraje' is clicked on

09-12-2024T14:14:57 - [TEST_STEP][PASSED] - waitForElementPresent(findTestObject("Pricing-Test Plan Regresión Core/Page_POLITICAS/span_VisualizarmodificarKilom"), 5): Object 'Object Repository/Pricing-Test Plan Regresión Core/Page_POLITICAS/span_VisualizarmodificarKilom' is present

09-12-2024T14:14:58 - [MESSAGE][PASSED] - Object 'Object Repository/Pricing-Test Plan Regresión Core/Page_POLITICAS/span_VisualizarmodificarKilom' is present

09-12-2024T14:14:58 - [TEST_STEP][PASSED] - verifyElementPresent(findTestObject("Pricing-Test Plan Regresión Core/Page_POLITICAS/span_VisualizarmodificarKilom"), 5): Object 'Object Repository/Pricing-Test Plan Regresión Core/Page_POLITICAS/span_VisualizarmodificarKilom' is present

09-12-2024T14:14:58 - [MESSAGE][PASSED] - Object 'Object Repository/Pricing-Test Plan Regresión Core/Page_POLITICAS/span_VisualizarmodificarKilom' is present

09-12-2024T14:14:58 - [TEST_STEP][PASSED] - click(findTestObject("Pricing-Test Plan Regresión Core/Page_POLITICAS/span_VisualizarmodificarKilom")): Object: 'Object Repository/Pricing-Test Plan Regresión Core/Page_POLITICAS/span_VisualizarmodificarKilom' is clicked on

09-12-2024T14:14:59 - [MESSAGE][PASSED] - Object: 'Object Repository/Pricing-Test Plan Regresión Core/Page_POLITICAS/span_VisualizarmodificarKilom' is clicked on

09-12-2024T14:14:59 - [TEST_STEP][PASSED] - waitForElementPresent(findTestObject("Pricing-Test Plan Regresión Core/Page_Visualizar PRODUCTOS/h1_Registros totales"), 5): Object 'Object Repository/Pricing-Test Plan Regresión Core/Page_Visualizar PRODUCTOS/h1_Registros totales' is present

09-12-2024T14:15:00 - [MESSAGE][PASSED] - Object 'Object Repository/Pricing-Test Plan Regresión Core/Page_Visualizar PRODUCTOS/h1_Registros totales' is present

09-12-2024T14:15:00 - [TEST_STEP][PASSED] - verifyElementPresent(findTestObject("Pricing-Test Plan Regresión Core/Page_Visualizar PRODUCTOS/h1_Registros totales"), 5): Object 'Object Repository/Pricing-Test Plan Regresión Core/Page_Visualizar PRODUCTOS/h1_Registros totales' is present

09-12-2024T14:15:00 - [MESSAGE][PASSED] - Object 'Object Repository/Pricing-Test Plan Regresión Core/Page_Visualizar PRODUCTOS/h1_Registros totales' is present

09-12-2024T14:15:00 - [TEST_STEP][PASSED] - verifyElementPresent(findTestObject("Object Repository/Pricing-Test Plan Regresión Core/Page_Visualizar COMPLEMENTOS/button_Filtros"), 5): Object 'Object Repository/Pricing-Test Plan Regresión Core/Page_Visualizar COMPLEMENTOS/button_Filtros' is present

09-12-2024T14:15:00 - [MESSAGE][PASSED] - Object 'Object Repository/Pricing-Test Plan Regresión Core/Page_Visualizar COMPLEMENTOS/button_Filtros' is present

09-12-2024T14:15:00 - [TEST_STEP][PASSED] - waitForElementPresent(findTestObject("Pricing-Test Plan Regresión Core/Page_Visualizar COMPLEMENTOS/Button_Filtros_Desplegable"), 5): Object 'Object Repository/Pricing-Test Plan Regresión Core/Page_Visualizar COMPLEMENTOS/Button_Filtros_Desplegable' is present

09-12-2024T14:15:00 - [MESSAGE][PASSED] - Object 'Object Repository/Pricing-Test Plan Regresión Core/Page_Visualizar COMPLEMENTOS/Button_Filtros_Desplegable' is present

09-12-2024T14:15:00 - [TEST_STEP][PASSED] - takeScreenshot("P-25-2186"): Taking screenshot successfully

09-12-2024T14:15:01 - [MESSAGE][PASSED] - Taking screenshot successfully
[[ATTACHMENT|/Users/afernandezd/Katalon Studio/Pricing-PrimeraPrueba/Reports/20241209_140354/PRICING-Test Plan Regresi\u00F3n Core/20241209_140354/P-25-2186]]

09-12-2024T14:15:01 - [TEST_STEP][PASSED] - waitForElementPresent(findTestObject("Pricing-Test Plan Regresión Core/Page_Visualizar COMPLEMENTOS/button_Filtros"), 5): Object 'Object Repository/Pricing-Test Plan Regresión Core/Page_Visualizar COMPLEMENTOS/button_Filtros' is present

09-12-2024T14:15:01 - [MESSAGE][PASSED] - Object 'Object Repository/Pricing-Test Plan Regresión Core/Page_Visualizar COMPLEMENTOS/button_Filtros' is present

09-12-2024T14:15:01 - [TEST_STEP][PASSED] - waitForElementPresent(findTestObject("Pricing-Test Plan Regresión Core/Page_Visualizar COMPLEMENTOS/i_active_flaticon-eye"), 5): Object 'Object Repository/Pricing-Test Plan Regresión Core/Page_Visualizar COMPLEMENTOS/i_active_flaticon-eye' is present

09-12-2024T14:15:01 - [MESSAGE][PASSED] - Object 'Object Repository/Pricing-Test Plan Regresión Core/Page_Visualizar COMPLEMENTOS/i_active_flaticon-eye' is present

09-12-2024T14:15:01 - [TEST_STEP][PASSED] - verifyElementClickable(findTestObject("Pricing-Test Plan Regresión Core/Page_Visualizar COMPLEMENTOS/i_active_flaticon-eye"), STOP_ON_FAILURE): Object 'Object Repository/Pricing-Test Plan Regresión Core/Page_Visualizar COMPLEMENTOS/i_active_flaticon-eye' is clickable

09-12-2024T14:15:01 - [MESSAGE][PASSED] - Object 'Object Repository/Pricing-Test Plan Regresión Core/Page_Visualizar COMPLEMENTOS/i_active_flaticon-eye' is clickable

09-12-2024T14:15:01 - [TEST_STEP][PASSED] - doubleClick(findTestObject("Pricing-Test Plan Regresión Core/Page_Visualizar COMPLEMENTOS/i_active_flaticon-eye")): Object: 'Object Repository/Pricing-Test Plan Regresión Core/Page_Visualizar COMPLEMENTOS/i_active_flaticon-eye' is double clicked on

09-12-2024T14:15:03 - [MESSAGE][PASSED] - Object: 'Object Repository/Pricing-Test Plan Regresión Core/Page_Visualizar COMPLEMENTOS/i_active_flaticon-eye' is double clicked on

09-12-2024T14:15:03 - [TEST_STEP][PASSED] - waitForElementPresent(findTestObject("Pricing-Test Plan Regresión Core/Page_POLITICAS/h3_Política de kilometraje"), 5): Object 'Object Repository/Pricing-Test Plan Regresión Core/Page_POLITICAS/h3_Política de kilometraje' is present

09-12-2024T14:15:03 - [MESSAGE][PASSED] - Object 'Object Repository/Pricing-Test Plan Regresión Core/Page_POLITICAS/h3_Política de kilometraje' is present

09-12-2024T14:15:03 - [TEST_STEP][PASSED] - verifyElementPresent(findTestObject("Pricing-Test Plan Regresión Core/Page_POLITICAS/h3_Política de kilometraje"), 5): Object 'Object Repository/Pricing-Test Plan Regresión Core/Page_POLITICAS/h3_Política de kilometraje' is present

09-12-2024T14:15:04 - [MESSAGE][PASSED] - Object 'Object Repository/Pricing-Test Plan Regresión Core/Page_POLITICAS/h3_Política de kilometraje' is present

09-12-2024T14:15:04 - [TEST_STEP][PASSED] - waitForElementPresent(findTestObject("Pricing-Test Plan Regresión Core/Page_POLITICAS/a_Ir a listado"), 5): Object 'Object Repository/Pricing-Test Plan Regresión Core/Page_POLITICAS/a_Ir a listado' is present

09-12-2024T14:15:04 - [MESSAGE][PASSED] - Object 'Object Repository/Pricing-Test Plan Regresión Core/Page_POLITICAS/a_Ir a listado' is present

09-12-2024T14:15:04 - [TEST_STEP][PASSED] - waitForElementClickable(findTestObject("Pricing-Test Plan Regresión Core/Page_Visualizar COMPLEMENTOS/a_Ir al listado"), 5): Web element with id: 'Object Repository/Pricing-Test Plan Regresión Core/Page_Visualizar COMPLEMENTOS/a_Ir al listado' located by '//a[@class = 'btn btn-secondary' and (text() = 'Ir al listado' or . = 'Ir al listado')]' not found

09-12-2024T14:15:10 - [MESSAGE][INFO] - Unable to find the element located by 'By.xpath: //a[@class = 'btn btn-secondary' and (text() = 'Ir al listado' or . = 'Ir al listado')]'. Please recheck the objects properties to make sure the desired element is located. 

09-12-2024T14:15:10 - [MESSAGE][WARNING] - Web element with id: 'Object Repository/Pricing-Test Plan Regresión Core/Page_Visualizar COMPLEMENTOS/a_Ir al listado' located by '//a[@class = 'btn btn-secondary' and (text() = 'Ir al listado' or . = 'Ir al listado')]' not found

09-12-2024T14:15:10 - [TEST_STEP][PASSED] - closeBrowser(): Browser is closed

09-12-2024T14:15:10 - [MESSAGE][PASSED] - Browser is closed]]></system-out>
         <system-err><![CDATA[]]></system-err>
      </testcase>
      <system-out><![CDATA[09-12-2024T14:03:57 - [TEST_SUITE][FAILED] - PRICING-Test Plan Regresión Core: Test Cases/PRICING-Test Plan Regresión Core/P25-2179-COMPLEMENTOS-Visualizar-Articulo de complemento-Detalle FAILED.
Reason:
com.kms.katalon.core.exception.StepFailedException: Unable to double click on object 'Object Repository/Pricing-Test Plan Regresión Core/Page_Visualizar COMPLEMENTOS/button_Listado'
	at com.kms.katalon.core.webui.keyword.internal.WebUIKeywordMain.stepFailed(WebUIKeywordMain.groovy:64)
	at com.kms.katalon.core.webui.keyword.internal.WebUIKeywordMain.runKeyword(WebUIKeywordMain.groovy:26)
	at com.kms.katalon.core.webui.keyword.builtin.DoubleClickKeyword.doubleClick(DoubleClickKeyword.groovy:87)
	at com.kms.katalon.core.webui.keyword.builtin.DoubleClickKeyword.execute(DoubleClickKeyword.groovy:67)
	at com.kms.katalon.core.keyword.internal.KeywordExecutor.executeKeywordForPlatform(KeywordExecutor.groovy:74)
	at com.kms.katalon.core.webui.keyword.WebUiBuiltInKeywords.doubleClick(WebUiBuiltInKeywords.groovy:766)
	at P25-2179-COMPLEMENTOS-Visualizar-Articulo de complemento-Detalle.run(P25-2179-COMPLEMENTOS-Visualizar-Articulo de complemento-Detalle:79)
	at com.kms.katalon.core.main.ScriptEngine.run(ScriptEngine.java:194)
	at com.kms.katalon.core.main.ScriptEngine.runScriptAsRawText(ScriptEngine.java:119)
	at com.kms.katalon.core.main.TestCaseExecutor.runScript(TestCaseExecutor.java:448)
	at com.kms.katalon.core.main.TestCaseExecutor.doExecute(TestCaseExecutor.java:439)
	at com.kms.katalon.core.main.TestCaseExecutor.processExecutionPhase(TestCaseExecutor.java:418)
	at com.kms.katalon.core.main.TestCaseExecutor.accessMainPhase(TestCaseExecutor.java:410)
	at com.kms.katalon.core.main.TestCaseExecutor.execute(TestCaseExecutor.java:285)
	at com.kms.katalon.core.common.CommonExecutor.accessTestCaseMainPhase(CommonExecutor.java:65)
	at com.kms.katalon.core.main.TestSuiteExecutor.accessTestSuiteMainPhase(TestSuiteExecutor.java:150)
	at com.kms.katalon.core.main.TestSuiteExecutor.execute(TestSuiteExecutor.java:106)
	at com.kms.katalon.core.main.TestCaseMain.startTestSuite(TestCaseMain.java:180)
	at TempTestSuite1733749434052.run(TempTestSuite1733749434052.groovy:35)
	at java.base/jdk.internal.reflect.NativeMethodAccessorImpl.invoke0(Native Method)
	at java.base/jdk.internal.reflect.NativeMethodAccessorImpl.invoke(NativeMethodAccessorImpl.java:77)
	at java.base/jdk.internal.reflect.DelegatingMethodAccessorImpl.invoke(DelegatingMethodAccessorImpl.java:43)
Caused by: com.kms.katalon.core.webui.exception.WebElementNotFoundException: Web element with id: 'Object Repository/Pricing-Test Plan Regresión Core/Page_Visualizar COMPLEMENTOS/button_Listado' located by '//*[@id="kt_portlet"]/div[3]/div/a' not found
	at com.kms.katalon.core.webui.common.WebUiCommonHelper.findWebElement(WebUiCommonHelper.java:1426)
	at com.kms.katalon.core.webui.keyword.internal.WebUIAbstractKeyword.findWebElement(WebUIAbstractKeyword.groovy:27)
	at com.kms.katalon.core.webui.keyword.internal.WebUIAbstractKeyword.findWebElement(WebUIAbstractKeyword.groovy:26)
	at com.kms.katalon.core.webui.keyword.builtin.DoubleClickKeyword$_doubleClick_closure1.doCall(DoubleClickKeyword.groovy:77)
	at com.kms.katalon.core.webui.keyword.builtin.DoubleClickKeyword$_doubleClick_closure1.call(DoubleClickKeyword.groovy)
	at com.kms.katalon.core.webui.keyword.internal.WebUIKeywordMain.runKeyword(WebUIKeywordMain.groovy:20)
	... 20 more]]></system-out>
      <system-err><![CDATA[09-12-2024T14:03:57 - [TEST_SUITE][FAILED] - PRICING-Test Plan Regresión Core: Test Cases/PRICING-Test Plan Regresión Core/P25-2179-COMPLEMENTOS-Visualizar-Articulo de complemento-Detalle FAILED.
Reason:
com.kms.katalon.core.exception.StepFailedException: Unable to double click on object 'Object Repository/Pricing-Test Plan Regresión Core/Page_Visualizar COMPLEMENTOS/button_Listado'
	at com.kms.katalon.core.webui.keyword.internal.WebUIKeywordMain.stepFailed(WebUIKeywordMain.groovy:64)
	at com.kms.katalon.core.webui.keyword.internal.WebUIKeywordMain.runKeyword(WebUIKeywordMain.groovy:26)
	at com.kms.katalon.core.webui.keyword.builtin.DoubleClickKeyword.doubleClick(DoubleClickKeyword.groovy:87)
	at com.kms.katalon.core.webui.keyword.builtin.DoubleClickKeyword.execute(DoubleClickKeyword.groovy:67)
	at com.kms.katalon.core.keyword.internal.KeywordExecutor.executeKeywordForPlatform(KeywordExecutor.groovy:74)
	at com.kms.katalon.core.webui.keyword.WebUiBuiltInKeywords.doubleClick(WebUiBuiltInKeywords.groovy:766)
	at P25-2179-COMPLEMENTOS-Visualizar-Articulo de complemento-Detalle.run(P25-2179-COMPLEMENTOS-Visualizar-Articulo de complemento-Detalle:79)
	at com.kms.katalon.core.main.ScriptEngine.run(ScriptEngine.java:194)
	at com.kms.katalon.core.main.ScriptEngine.runScriptAsRawText(ScriptEngine.java:119)
	at com.kms.katalon.core.main.TestCaseExecutor.runScript(TestCaseExecutor.java:448)
	at com.kms.katalon.core.main.TestCaseExecutor.doExecute(TestCaseExecutor.java:439)
	at com.kms.katalon.core.main.TestCaseExecutor.processExecutionPhase(TestCaseExecutor.java:418)
	at com.kms.katalon.core.main.TestCaseExecutor.accessMainPhase(TestCaseExecutor.java:410)
	at com.kms.katalon.core.main.TestCaseExecutor.execute(TestCaseExecutor.java:285)
	at com.kms.katalon.core.common.CommonExecutor.accessTestCaseMainPhase(CommonExecutor.java:65)
	at com.kms.katalon.core.main.TestSuiteExecutor.accessTestSuiteMainPhase(TestSuiteExecutor.java:150)
	at com.kms.katalon.core.main.TestSuiteExecutor.execute(TestSuiteExecutor.java:106)
	at com.kms.katalon.core.main.TestCaseMain.startTestSuite(TestCaseMain.java:180)
	at TempTestSuite1733749434052.run(TempTestSuite1733749434052.groovy:35)
	at java.base/jdk.internal.reflect.NativeMethodAccessorImpl.invoke0(Native Method)
	at java.base/jdk.internal.reflect.NativeMethodAccessorImpl.invoke(NativeMethodAccessorImpl.java:77)
	at java.base/jdk.internal.reflect.DelegatingMethodAccessorImpl.invoke(DelegatingMethodAccessorImpl.java:43)
Caused by: com.kms.katalon.core.webui.exception.WebElementNotFoundException: Web element with id: 'Object Repository/Pricing-Test Plan Regresión Core/Page_Visualizar COMPLEMENTOS/button_Listado' located by '//*[@id="kt_portlet"]/div[3]/div/a' not found
	at com.kms.katalon.core.webui.common.WebUiCommonHelper.findWebElement(WebUiCommonHelper.java:1426)
	at com.kms.katalon.core.webui.keyword.internal.WebUIAbstractKeyword.findWebElement(WebUIAbstractKeyword.groovy:27)
	at com.kms.katalon.core.webui.keyword.internal.WebUIAbstractKeyword.findWebElement(WebUIAbstractKeyword.groovy:26)
	at com.kms.katalon.core.webui.keyword.builtin.DoubleClickKeyword$_doubleClick_closure1.doCall(DoubleClickKeyword.groovy:77)
	at com.kms.katalon.core.webui.keyword.builtin.DoubleClickKeyword$_doubleClick_closure1.call(DoubleClickKeyword.groovy)
	at com.kms.katalon.core.webui.keyword.internal.WebUIKeywordMain.runKeyword(WebUIKeywordMain.groovy:20)
	... 20 more]]></system-err>
   </testsuite>
</testsuites>
