<?xml version="1.0" encoding="UTF-8"?>
<testsuites name="Test Plan Regresi贸n Core" time="64.956" tests="2" failures="0" errors="0">
   <testsuite name="Test Plan Regresi贸n Core" tests="2" failures="0" errors="0" time="64.956" skipped="0" timestamp="14-03-2024T15:16:21" hostname="afernandezd - 192.168.1.198" id="Test Suites/Test Plan Regresi贸n Core">
      <properties>
         <property name="deviceName" value=""/>
         <property name="devicePlatform" value=""/>
         <property name="logFolder" value="/Users/afernandezd/Katalon Studio/Pricing-PrimeraPrueba/Reports/20240314_151619/Test Plan Regresi\u00F3n Core/20240314_151620"/>
         <property name="logFiles" value="/Users/afernandezd/Katalon Studio/Pricing-PrimeraPrueba/Reports/20240314_151619/Test Plan Regresi\u00F3n Core/20240314_151620/execution0.log"/>
         <property name="attachments" value=""/>
         <property name="hostName" value="afernandezd - 192.168.1.198"/>
         <property name="os" value="Mac OS X 64bit"/>
         <property name="katalonVersion" value="9.3.1.212"/>
         <property name="browser" value="Chrome 122.0.0.0"/>
         <property name="hostAddress" value="192.168.1.198"/>
         <property name="sessionId" value="243a536accd282ceff25d02b60b63610"/>
         <property name="seleniumVersion" value="3.141.59"/>
         <property name="proxyInformation" value="ProxyInformation { proxyOption=NO_PROXY, proxyServerType=HTTP, username=, password=********, proxyServerAddress=, proxyServerPort=0, executionList=&quot;&quot;, isApplyToDesiredCapabilities=true }"/>
         <property name="platform" value="Mac OS X"/>
      </properties>
      <testcase name="Test Cases/P25-2167-LoginPricing" time="28.8" classname="Test Cases/P25-2167-LoginPricing" status="PASSED">
         <system-out><![CDATA[14-03-2024T15:16:21 - [TEST_CASE][PASSED] - Test Cases/P25-2167-LoginPricing: Test Cases/P25-2167-LoginPricing

14-03-2024T15:16:21 - [TEST_STEP][PASSED] - openBrowser(""): Browser is opened with url: ''

14-03-2024T15:16:21 - [MESSAGE][INFO] - Starting 'Chrome' driver

14-03-2024T15:16:21 - [MESSAGE][INFO] - Action delay is set to 0 milliseconds

14-03-2024T15:16:22 - [MESSAGE][PASSED] - Browser is opened with url: ''

14-03-2024T15:16:23 - [TEST_STEP][PASSED] - navigateToUrl("https://pre-pricing.recordgo.cloud/login"): Navigate to 'https://pre-pricing.recordgo.cloud/login' successfully

14-03-2024T15:16:44 - [MESSAGE][PASSED] - Navigate to 'https://pre-pricing.recordgo.cloud/login' successfully

14-03-2024T15:16:44 - [TEST_STEP][PASSED] - maximizeWindow(): Current window maximized

14-03-2024T15:16:45 - [MESSAGE][PASSED] - Current window maximized

14-03-2024T15:16:45 - [TEST_STEP][PASSED] - setText(findTestObject("Page_Login/input_Log in to your account__username"), "antonio.diego"): Text 'antonio.diego' is set on object 'Object Repository/Page_Login/input_Log in to your account__username'

14-03-2024T15:16:46 - [MESSAGE][PASSED] - Text 'antonio.diego' is set on object 'Object Repository/Page_Login/input_Log in to your account__username'

14-03-2024T15:16:46 - [TEST_STEP][PASSED] - setEncryptedText(findTestObject("Object Repository/Page_Login/input_Log in to your account__password"), "4WoE78dHD36JvULd0ZrVWg=="): Text ****** has been set on object 'Object Repository/Page_Login/input_Log in to your account__password'

14-03-2024T15:16:46 - [MESSAGE][PASSED] - Text ****** has been set on object 'Object Repository/Page_Login/input_Log in to your account__password'

14-03-2024T15:16:46 - [TEST_STEP][PASSED] - selectOptionByValue(findTestObject("Object Repository/Page_Login/select_Select an option CANARY ISLAND"), "IC", true): All options with value 'IC' are selected in object 'Object Repository/Page_Login/select_Select an option CANARY ISLAND'  using regular expression

14-03-2024T15:16:47 - [MESSAGE][PASSED] - All options with value 'IC' are selected in object 'Object Repository/Page_Login/select_Select an option CANARY ISLAND'  using regular expression

14-03-2024T15:16:47 - [TEST_STEP][PASSED] - click(findTestObject("Object Repository/Page_Login/button_Login")): Object: 'Object Repository/Page_Login/button_Login' is clicked on

14-03-2024T15:16:49 - [MESSAGE][PASSED] - Object: 'Object Repository/Page_Login/button_Login' is clicked on

14-03-2024T15:16:49 - [TEST_STEP][PASSED] - verifyElementVisible(findTestObject("Object Repository/Page_PRICING/img")): Object 'Object Repository/Page_PRICING/img' is visible

14-03-2024T15:16:50 - [MESSAGE][PASSED] - Object 'Object Repository/Page_PRICING/img' is visible]]></system-out>
         <system-err><![CDATA[]]></system-err>
      </testcase>
      <testcase name="Test Cases/P25-2167-VisualizarProductos" time="36.096" classname="Test Cases/P25-2167-VisualizarProductos" status="PASSED">
         <system-out><![CDATA[14-03-2024T15:16:50 - [TEST_CASE][PASSED] - Test Cases/P25-2167-VisualizarProductos: Test Cases/P25-2167-VisualizarProductos

14-03-2024T15:16:50 - [TEST_STEP][PASSED] - waitForElementVisible(findTestObject("Page_PRICING/span_PRODUCTOS"), 0): Object 'Object Repository/Page_PRICING/span_PRODUCTOS' is visible

14-03-2024T15:16:50 - [MESSAGE][WARNING] - Timeout '0' is invalid. Using default page load timeout: '30'

14-03-2024T15:16:50 - [MESSAGE][PASSED] - Object 'Object Repository/Page_PRICING/span_PRODUCTOS' is visible

14-03-2024T15:16:50 - [TEST_STEP][PASSED] - click(findTestObject("Object Repository/Page_PRICING/span_PRODUCTOS")): Object: 'Object Repository/Page_PRICING/span_PRODUCTOS' is clicked on

14-03-2024T15:16:51 - [MESSAGE][PASSED] - Object: 'Object Repository/Page_PRICING/span_PRODUCTOS' is clicked on

14-03-2024T15:16:51 - [TEST_STEP][PASSED] - waitForElementVisible(findTestObject("Page_PRICING/span_Producto"), 0): Object 'Object Repository/Page_PRICING/span_Producto' is visible

14-03-2024T15:16:51 - [MESSAGE][WARNING] - Timeout '0' is invalid. Using default page load timeout: '30'

14-03-2024T15:16:51 - [MESSAGE][PASSED] - Object 'Object Repository/Page_PRICING/span_Producto' is visible

14-03-2024T15:16:51 - [TEST_STEP][PASSED] - click(findTestObject("Object Repository/Page_PRICING/span_Producto")): Object: 'Object Repository/Page_PRICING/span_Producto' is clicked on

14-03-2024T15:16:51 - [MESSAGE][PASSED] - Object: 'Object Repository/Page_PRICING/span_Producto' is clicked on

14-03-2024T15:16:51 - [TEST_STEP][PASSED] - waitForElementVisible(findTestObject("Page_PRICING/span_Visualizar"), 0): Object 'Object Repository/Page_PRICING/span_Visualizar' is visible

14-03-2024T15:16:51 - [MESSAGE][WARNING] - Timeout '0' is invalid. Using default page load timeout: '30'

14-03-2024T15:16:52 - [MESSAGE][PASSED] - Object 'Object Repository/Page_PRICING/span_Visualizar' is visible

14-03-2024T15:16:52 - [TEST_STEP][PASSED] - click(findTestObject("Object Repository/Page_PRICING/span_Visualizar")): Object: 'Object Repository/Page_PRICING/span_Visualizar' is clicked on

14-03-2024T15:16:55 - [MESSAGE][PASSED] - Object: 'Object Repository/Page_PRICING/span_Visualizar' is clicked on

14-03-2024T15:16:55 - [TEST_STEP][PASSED] - waitForElementVisible(findTestObject("Page_Visualizar PRODUCTOS/div_Cdigo"), 0): Object 'Object Repository/Page_Visualizar PRODUCTOS/div_Cdigo' is not visible after 30 second(s)

14-03-2024T15:16:55 - [MESSAGE][WARNING] - Timeout '0' is invalid. Using default page load timeout: '30'

14-03-2024T15:17:26 - [MESSAGE][WARNING] - Object 'Object Repository/Page_Visualizar PRODUCTOS/div_Cdigo' is not visible after 30 second(s)

14-03-2024T15:17:26 - [TEST_STEP][PASSED] - verifyElementPresent(findTestObject("Object Repository/Page_Visualizar PRODUCTOS/div_Cdigo"), 0): Object 'Object Repository/Page_Visualizar PRODUCTOS/div_Cdigo' is present

14-03-2024T15:17:26 - [MESSAGE][WARNING] - Timeout '0' is invalid. Using default page load timeout: '30'

14-03-2024T15:17:26 - [MESSAGE][PASSED] - Object 'Object Repository/Page_Visualizar PRODUCTOS/div_Cdigo' is present]]></system-out>
         <system-err><![CDATA[]]></system-err>
      </testcase>
      <system-out><![CDATA[14-03-2024T15:16:21 - [TEST_SUITE][PASSED] - Test Plan Regresi贸n Core: Test Cases/P25-2167-VisualizarProductos]]></system-out>
      <system-err><![CDATA[]]></system-err>
   </testsuite>
</testsuites>
