<?xml version="1.0" encoding="UTF-8"?>
<testsuites name="Test Plan Regresión Core" time="67.989" tests="3" failures="0" errors="0">
   <testsuite name="Test Plan Regresión Core" tests="3" failures="0" errors="0" time="67.989" skipped="0" timestamp="20-03-2024T17:41:59" hostname="afernandezd - 192.168.1.25" id="Test Suites/Test Plan Regresión Core">
      <properties>
         <property name="deviceName" value=""/>
         <property name="devicePlatform" value=""/>
         <property name="logFolder" value="/Users/afernandezd/Katalon Studio/Pricing-PrimeraPrueba/Reports/20240320_174158/Test Plan Regresi\u00F3n Core/20240320_174158"/>
         <property name="logFiles" value="/Users/afernandezd/Katalon Studio/Pricing-PrimeraPrueba/Reports/20240320_174158/Test Plan Regresi\u00F3n Core/20240320_174158/execution0.log"/>
         <property name="attachments" value=""/>
         <property name="hostName" value="afernandezd - 192.168.1.25"/>
         <property name="os" value="Mac OS X 64bit"/>
         <property name="katalonVersion" value="9.3.1.212"/>
         <property name="browser" value="Chrome 122.0.0.0"/>
         <property name="hostAddress" value="192.168.1.25"/>
         <property name="sessionId" value="21ac115e428ffcfa622f1364ed091911"/>
         <property name="seleniumVersion" value="3.141.59"/>
         <property name="proxyInformation" value="ProxyInformation { proxyOption=NO_PROXY, proxyServerType=HTTP, username=, password=********, proxyServerAddress=, proxyServerPort=0, executionList=&quot;&quot;, isApplyToDesiredCapabilities=true }"/>
         <property name="platform" value="Mac OS X"/>
      </properties>
      <testcase name="Test Cases/P25-2167-LoginPricing" time="12.426" classname="Test Cases/P25-2167-LoginPricing" status="PASSED">
         <system-out><![CDATA[20-03-2024T17:41:59 - [TEST_CASE][PASSED] - Test Cases/P25-2167-LoginPricing: Test Cases/P25-2167-LoginPricing

20-03-2024T17:41:59 - [TEST_STEP][PASSED] - openBrowser(""): Browser is opened with url: ''

20-03-2024T17:41:59 - [MESSAGE][INFO] - Starting 'Chrome' driver

20-03-2024T17:41:59 - [MESSAGE][INFO] - Action delay is set to 0 milliseconds

20-03-2024T17:42:00 - [MESSAGE][PASSED] - Browser is opened with url: ''

20-03-2024T17:42:00 - [TEST_STEP][PASSED] - navigateToUrl("https://pre-pricing.recordgo.cloud/login"): Navigate to 'https://pre-pricing.recordgo.cloud/login' successfully

20-03-2024T17:42:01 - [MESSAGE][PASSED] - Navigate to 'https://pre-pricing.recordgo.cloud/login' successfully

20-03-2024T17:42:01 - [TEST_STEP][PASSED] - maximizeWindow(): Current window maximized

20-03-2024T17:42:05 - [MESSAGE][PASSED] - Current window maximized

20-03-2024T17:42:05 - [TEST_STEP][PASSED] - setText(findTestObject("Page_Login/input_Log in to your account__username"), "antonio.diego"): Text 'antonio.diego' is set on object 'Object Repository/Page_Login/input_Log in to your account__username'

20-03-2024T17:42:07 - [MESSAGE][PASSED] - Text 'antonio.diego' is set on object 'Object Repository/Page_Login/input_Log in to your account__username'

20-03-2024T17:42:07 - [TEST_STEP][PASSED] - setEncryptedText(findTestObject("Object Repository/Page_Login/input_Log in to your account__password"), "4WoE78dHD36JvULd0ZrVWg=="): Text ****** has been set on object 'Object Repository/Page_Login/input_Log in to your account__password'

20-03-2024T17:42:07 - [MESSAGE][PASSED] - Text ****** has been set on object 'Object Repository/Page_Login/input_Log in to your account__password'

20-03-2024T17:42:07 - [TEST_STEP][PASSED] - selectOptionByValue(findTestObject("Object Repository/Page_Login/select_Select an option CANARY ISLAND"), "IC", true): All options with value 'IC' are selected in object 'Object Repository/Page_Login/select_Select an option CANARY ISLAND'  using regular expression

20-03-2024T17:42:08 - [MESSAGE][PASSED] - All options with value 'IC' are selected in object 'Object Repository/Page_Login/select_Select an option CANARY ISLAND'  using regular expression

20-03-2024T17:42:08 - [TEST_STEP][PASSED] - click(findTestObject("Object Repository/Page_Login/button_Login")): Object: 'Object Repository/Page_Login/button_Login' is clicked on

20-03-2024T17:42:10 - [MESSAGE][PASSED] - Object: 'Object Repository/Page_Login/button_Login' is clicked on

20-03-2024T17:42:10 - [TEST_STEP][PASSED] - waitForElementVisible(findTestObject("Page_PRICING/img"), 0): Object 'Object Repository/Page_PRICING/img' is visible

20-03-2024T17:42:10 - [MESSAGE][WARNING] - Timeout '0' is invalid. Using default page load timeout: '30'

20-03-2024T17:42:11 - [MESSAGE][PASSED] - Object 'Object Repository/Page_PRICING/img' is visible

20-03-2024T17:42:11 - [TEST_STEP][PASSED] - verifyElementVisible(findTestObject("Object Repository/Page_PRICING/img")): Object 'Object Repository/Page_PRICING/img' is visible

20-03-2024T17:42:11 - [MESSAGE][PASSED] - Object 'Object Repository/Page_PRICING/img' is visible

20-03-2024T17:42:11 - [TEST_STEP][PASSED] - closeBrowser(): Browser is closed

20-03-2024T17:42:11 - [MESSAGE][PASSED] - Browser is closed]]></system-out>
         <system-err><![CDATA[]]></system-err>
      </testcase>
      <testcase name="Test Cases/P25-2167-VisualizarProductos" time="18.024" classname="Test Cases/P25-2167-VisualizarProductos" status="PASSED">
         <system-out><![CDATA[20-03-2024T17:42:11 - [TEST_CASE][PASSED] - Test Cases/P25-2167-VisualizarProductos: Test Cases/P25-2167-VisualizarProductos

20-03-2024T17:42:11 - [TEST_STEP][PASSED] - openBrowser(""): Browser is opened with url: ''

20-03-2024T17:42:11 - [MESSAGE][INFO] - Starting 'Chrome' driver

20-03-2024T17:42:11 - [MESSAGE][INFO] - Action delay is set to 0 milliseconds

20-03-2024T17:42:12 - [MESSAGE][PASSED] - Browser is opened with url: ''

20-03-2024T17:42:12 - [TEST_STEP][PASSED] - navigateToUrl("https://pre-pricing.recordgo.cloud/login"): Navigate to 'https://pre-pricing.recordgo.cloud/login' successfully

20-03-2024T17:42:16 - [MESSAGE][PASSED] - Navigate to 'https://pre-pricing.recordgo.cloud/login' successfully

20-03-2024T17:42:16 - [TEST_STEP][PASSED] - maximizeWindow(): Current window maximized

20-03-2024T17:42:16 - [MESSAGE][PASSED] - Current window maximized

20-03-2024T17:42:16 - [TEST_STEP][PASSED] - setText(findTestObject("Page_Login/input_Log in to your account__username"), "antonio.diego"): Text 'antonio.diego' is set on object 'Object Repository/Page_Login/input_Log in to your account__username'

20-03-2024T17:42:17 - [MESSAGE][PASSED] - Text 'antonio.diego' is set on object 'Object Repository/Page_Login/input_Log in to your account__username'

20-03-2024T17:42:17 - [TEST_STEP][PASSED] - setEncryptedText(findTestObject("Object Repository/Page_Login/input_Log in to your account__password"), "4WoE78dHD36JvULd0ZrVWg=="): Text ****** has been set on object 'Object Repository/Page_Login/input_Log in to your account__password'

20-03-2024T17:42:18 - [MESSAGE][PASSED] - Text ****** has been set on object 'Object Repository/Page_Login/input_Log in to your account__password'

20-03-2024T17:42:18 - [TEST_STEP][PASSED] - selectOptionByValue(findTestObject("Object Repository/Page_Login/select_Select an option CANARY ISLAND"), "IC", true): All options with value 'IC' are selected in object 'Object Repository/Page_Login/select_Select an option CANARY ISLAND'  using regular expression

20-03-2024T17:42:18 - [MESSAGE][PASSED] - All options with value 'IC' are selected in object 'Object Repository/Page_Login/select_Select an option CANARY ISLAND'  using regular expression

20-03-2024T17:42:18 - [TEST_STEP][PASSED] - click(findTestObject("Object Repository/Page_Login/button_Login")): Object: 'Object Repository/Page_Login/button_Login' is clicked on

20-03-2024T17:42:21 - [MESSAGE][PASSED] - Object: 'Object Repository/Page_Login/button_Login' is clicked on

20-03-2024T17:42:21 - [TEST_STEP][PASSED] - waitForElementVisible(findTestObject("Page_PRICING/img"), 5): Object 'Object Repository/Page_PRICING/img' is visible

20-03-2024T17:42:21 - [MESSAGE][PASSED] - Object 'Object Repository/Page_PRICING/img' is visible

20-03-2024T17:42:21 - [TEST_STEP][PASSED] - verifyElementVisible(findTestObject("Object Repository/Page_PRICING/img")): Object 'Object Repository/Page_PRICING/img' is visible

20-03-2024T17:42:22 - [MESSAGE][PASSED] - Object 'Object Repository/Page_PRICING/img' is visible

20-03-2024T17:42:22 - [TEST_STEP][PASSED] - waitForElementVisible(findTestObject("Page_PRICING/span_PRODUCTOS"), 3): Object 'Object Repository/Page_PRICING/span_PRODUCTOS' is visible

20-03-2024T17:42:22 - [MESSAGE][PASSED] - Object 'Object Repository/Page_PRICING/span_PRODUCTOS' is visible

20-03-2024T17:42:22 - [TEST_STEP][PASSED] - click(findTestObject("Object Repository/Page_PRICING/span_PRODUCTOS")): Object: 'Object Repository/Page_PRICING/span_PRODUCTOS' is clicked on

20-03-2024T17:42:22 - [MESSAGE][PASSED] - Object: 'Object Repository/Page_PRICING/span_PRODUCTOS' is clicked on

20-03-2024T17:42:22 - [TEST_STEP][PASSED] - waitForElementVisible(findTestObject("Page_PRICING/span_Producto"), 3): Object 'Object Repository/Page_PRICING/span_Producto' is visible

20-03-2024T17:42:23 - [MESSAGE][PASSED] - Object 'Object Repository/Page_PRICING/span_Producto' is visible

20-03-2024T17:42:23 - [TEST_STEP][PASSED] - click(findTestObject("Object Repository/Page_PRICING/span_Producto")): Object: 'Object Repository/Page_PRICING/span_Producto' is clicked on

20-03-2024T17:42:23 - [MESSAGE][PASSED] - Object: 'Object Repository/Page_PRICING/span_Producto' is clicked on

20-03-2024T17:42:23 - [TEST_STEP][PASSED] - waitForElementVisible(findTestObject("Page_PRICING/span_Visualizar"), 3): Object 'Object Repository/Page_PRICING/span_Visualizar' is visible

20-03-2024T17:42:23 - [MESSAGE][PASSED] - Object 'Object Repository/Page_PRICING/span_Visualizar' is visible

20-03-2024T17:42:23 - [TEST_STEP][PASSED] - click(findTestObject("Object Repository/Page_PRICING/span_Visualizar")): Object: 'Object Repository/Page_PRICING/span_Visualizar' is clicked on

20-03-2024T17:42:25 - [MESSAGE][PASSED] - Object: 'Object Repository/Page_PRICING/span_Visualizar' is clicked on

20-03-2024T17:42:25 - [TEST_STEP][PASSED] - waitForElementVisible(findTestObject("Page_Visualizar PRODUCTOS/div_Cdigo"), 3): Object 'Object Repository/Page_Visualizar PRODUCTOS/div_Cdigo' is not visible after 3 second(s)

20-03-2024T17:42:29 - [MESSAGE][WARNING] - Object 'Object Repository/Page_Visualizar PRODUCTOS/div_Cdigo' is not visible after 3 second(s)

20-03-2024T17:42:29 - [TEST_STEP][PASSED] - verifyElementPresent(findTestObject("Page_Visualizar PRODUCTOS/div_Cdigo"), 3): Object 'Object Repository/Page_Visualizar PRODUCTOS/div_Cdigo' is present

20-03-2024T17:42:29 - [MESSAGE][PASSED] - Object 'Object Repository/Page_Visualizar PRODUCTOS/div_Cdigo' is present

20-03-2024T17:42:29 - [TEST_STEP][PASSED] - closeBrowser(): Browser is closed

20-03-2024T17:42:29 - [MESSAGE][PASSED] - Browser is closed]]></system-out>
         <system-err><![CDATA[]]></system-err>
      </testcase>
      <testcase name="Test Cases/P25-2167-VerHistoricoProducto" time="37.475" classname="Test Cases/P25-2167-VerHistoricoProducto" status="PASSED">
         <system-out><![CDATA[20-03-2024T17:42:29 - [TEST_CASE][PASSED] - Test Cases/P25-2167-VerHistoricoProducto: Test Cases/P25-2167-VerHistoricoProducto

20-03-2024T17:42:29 - [TEST_STEP][PASSED] - openBrowser(""): Browser is opened with url: ''

20-03-2024T17:42:29 - [MESSAGE][INFO] - Starting 'Chrome' driver

20-03-2024T17:42:29 - [MESSAGE][INFO] - Action delay is set to 0 milliseconds

20-03-2024T17:42:30 - [MESSAGE][PASSED] - Browser is opened with url: ''

20-03-2024T17:42:30 - [TEST_STEP][PASSED] - navigateToUrl("https://pre-pricing.recordgo.cloud/login"): Navigate to 'https://pre-pricing.recordgo.cloud/login' successfully

20-03-2024T17:42:30 - [MESSAGE][PASSED] - Navigate to 'https://pre-pricing.recordgo.cloud/login' successfully

20-03-2024T17:42:30 - [TEST_STEP][PASSED] - maximizeWindow(): Current window maximized

20-03-2024T17:42:42 - [MESSAGE][PASSED] - Current window maximized

20-03-2024T17:42:42 - [TEST_STEP][PASSED] - setText(findTestObject("Page_Login/input_Log in to your account__username"), "antonio.diego"): Text 'antonio.diego' is set on object 'Object Repository/Page_Login/input_Log in to your account__username'

20-03-2024T17:42:43 - [MESSAGE][PASSED] - Text 'antonio.diego' is set on object 'Object Repository/Page_Login/input_Log in to your account__username'

20-03-2024T17:42:43 - [TEST_STEP][PASSED] - setEncryptedText(findTestObject("Object Repository/Page_Login/input_Log in to your account__password"), "4WoE78dHD36JvULd0ZrVWg=="): Text ****** has been set on object 'Object Repository/Page_Login/input_Log in to your account__password'

20-03-2024T17:42:43 - [MESSAGE][PASSED] - Text ****** has been set on object 'Object Repository/Page_Login/input_Log in to your account__password'

20-03-2024T17:42:43 - [TEST_STEP][PASSED] - selectOptionByValue(findTestObject("Object Repository/Page_Login/select_Select an option CANARY ISLAND"), "IC", true): All options with value 'IC' are selected in object 'Object Repository/Page_Login/select_Select an option CANARY ISLAND'  using regular expression

20-03-2024T17:42:44 - [MESSAGE][PASSED] - All options with value 'IC' are selected in object 'Object Repository/Page_Login/select_Select an option CANARY ISLAND'  using regular expression

20-03-2024T17:42:44 - [TEST_STEP][PASSED] - click(findTestObject("Page_Login/button_Login")): Object: 'Object Repository/Page_Login/button_Login' is clicked on

20-03-2024T17:42:48 - [MESSAGE][PASSED] - Object: 'Object Repository/Page_Login/button_Login' is clicked on

20-03-2024T17:42:48 - [TEST_STEP][PASSED] - waitForElementVisible(findTestObject("Page_PRICING/img"), 8): Object 'Object Repository/Page_PRICING/img' is visible

20-03-2024T17:42:49 - [MESSAGE][PASSED] - Object 'Object Repository/Page_PRICING/img' is visible

20-03-2024T17:42:49 - [TEST_STEP][PASSED] - waitForElementVisible(findTestObject("Page_PRICING/span_PRODUCTOS"), 8): Object 'Object Repository/Page_PRICING/span_PRODUCTOS' is visible

20-03-2024T17:42:49 - [MESSAGE][PASSED] - Object 'Object Repository/Page_PRICING/span_PRODUCTOS' is visible

20-03-2024T17:42:49 - [TEST_STEP][PASSED] - click(findTestObject("Page_PRICING/span_PRODUCTOS")): Object: 'Object Repository/Page_PRICING/span_PRODUCTOS' is clicked on

20-03-2024T17:42:49 - [MESSAGE][PASSED] - Object: 'Object Repository/Page_PRICING/span_PRODUCTOS' is clicked on

20-03-2024T17:42:49 - [TEST_STEP][PASSED] - waitForElementVisible(findTestObject("Page_PRICING/span_Producto"), 8): Object 'Object Repository/Page_PRICING/span_Producto' is visible

20-03-2024T17:42:50 - [MESSAGE][PASSED] - Object 'Object Repository/Page_PRICING/span_Producto' is visible

20-03-2024T17:42:50 - [TEST_STEP][PASSED] - click(findTestObject("Page_PRICING/span_Producto")): Object: 'Object Repository/Page_PRICING/span_Producto' is clicked on

20-03-2024T17:42:50 - [MESSAGE][PASSED] - Object: 'Object Repository/Page_PRICING/span_Producto' is clicked on

20-03-2024T17:42:50 - [TEST_STEP][PASSED] - waitForElementVisible(findTestObject("Page_PRICING/span_Visualizar"), 8): Object 'Object Repository/Page_PRICING/span_Visualizar' is visible

20-03-2024T17:42:50 - [MESSAGE][PASSED] - Object 'Object Repository/Page_PRICING/span_Visualizar' is visible

20-03-2024T17:42:50 - [TEST_STEP][PASSED] - click(findTestObject("Page_PRICING/span_Visualizar")): Object: 'Object Repository/Page_PRICING/span_Visualizar' is clicked on

20-03-2024T17:42:53 - [MESSAGE][PASSED] - Object: 'Object Repository/Page_PRICING/span_Visualizar' is clicked on

20-03-2024T17:42:53 - [TEST_STEP][PASSED] - waitForElementPresent(findTestObject("Page_Visualizar PRODUCTOS/div_Cdigo"), 6): Object 'Object Repository/Page_Visualizar PRODUCTOS/div_Cdigo' is present

20-03-2024T17:42:54 - [MESSAGE][PASSED] - Object 'Object Repository/Page_Visualizar PRODUCTOS/div_Cdigo' is present

20-03-2024T17:42:54 - [TEST_STEP][PASSED] - waitForElementPresent(findTestObject("Page_Visualizar PRODUCTOS/div_Opciones"), 6): Object 'Object Repository/Page_Visualizar PRODUCTOS/div_Opciones' is present

20-03-2024T17:43:01 - [MESSAGE][INFO] - Unable to find the element located by 'By.xpath: id("kt_content")/div[@id="app"]/div[@class="kt-portlet kt-portlet--bordered"]/div[@class="kt-portlet__body"]/div[@class="kt-datatable kt-datatable--default kt-datatable--brand kt-datatable--loaded"]/div[@class="bootstrap-table bootstrap4"]/div[@class="fixed-table-container"]/div[@class="fixed-table-body"]/table[@class="table table-bordered table-hover"]/thead[1]/tr[1]/th[7]/div[@class="th-inner"][count(. | //div[@class = 'th-inner ' and (text() = 'Opciones' or . = 'Opciones')]) = count(//div[@class = 'th-inner ' and (text() = 'Opciones' or . = 'Opciones')])]'. Please recheck the objects properties to make sure the desired element is located. 

20-03-2024T17:43:01 - [MESSAGE][WARNING] - [SELF-HEALING] Failed to find element with id 'Object Repository/Page_Visualizar PRODUCTOS/div_Opciones'. Try using Self-healing.

20-03-2024T17:43:01 - [MESSAGE][WARNING] - [SELF-HEALING] The current locator of test object 'Object Repository/Page_Visualizar PRODUCTOS/div_Opciones' was broken. Propose an alternative one: '//div[@id='app']/div[2]/div/div/div[2]/div[2]/div[2]/table/thead/tr/th[7]/div'.

20-03-2024T17:43:01 - [MESSAGE][PASSED] - Object 'Object Repository/Page_Visualizar PRODUCTOS/div_Opciones' is present

20-03-2024T17:43:01 - [TEST_STEP][PASSED] - waitForElementPresent(findTestObject("Page_Visualizar PRODUCTOS/button_Filtros"), 6): Object 'Object Repository/Page_Visualizar PRODUCTOS/button_Filtros' is present

20-03-2024T17:43:01 - [MESSAGE][PASSED] - Object 'Object Repository/Page_Visualizar PRODUCTOS/button_Filtros' is present

20-03-2024T17:43:01 - [TEST_STEP][PASSED] - waitForElementPresent(findTestObject("Page_Visualizar PRODUCTOS/IconHistorico"), 0): Object 'Object Repository/Page_Visualizar PRODUCTOS/IconHistorico' is present

20-03-2024T17:43:01 - [MESSAGE][WARNING] - Timeout '0' is invalid. Using default page load timeout: '30'

20-03-2024T17:43:02 - [MESSAGE][PASSED] - Object 'Object Repository/Page_Visualizar PRODUCTOS/IconHistorico' is present

20-03-2024T17:43:02 - [TEST_STEP][PASSED] - doubleClick(findTestObject("Page_Visualizar PRODUCTOS/IconHistorico")): Object: 'Object Repository/Page_Visualizar PRODUCTOS/IconHistorico' is double clicked on

20-03-2024T17:43:02 - [MESSAGE][PASSED] - Object: 'Object Repository/Page_Visualizar PRODUCTOS/IconHistorico' is double clicked on

20-03-2024T17:43:02 - [TEST_STEP][PASSED] - waitForElementPresent(findTestObject("Object Repository/Page_Visualizar PRODUCTOS/h5_Histrico de producto"), 4): Object 'Object Repository/Page_Visualizar PRODUCTOS/h5_Histrico de producto' is present

20-03-2024T17:43:03 - [MESSAGE][PASSED] - Object 'Object Repository/Page_Visualizar PRODUCTOS/h5_Histrico de producto' is present

20-03-2024T17:43:03 - [TEST_STEP][PASSED] - waitForElementPresent(findTestObject("Object Repository/Page_Visualizar PRODUCTOS/IconoOjo"), 4): Object 'Object Repository/Page_Visualizar PRODUCTOS/IconoOjo' is present

20-03-2024T17:43:03 - [MESSAGE][PASSED] - Object 'Object Repository/Page_Visualizar PRODUCTOS/IconoOjo' is present

20-03-2024T17:43:03 - [TEST_STEP][PASSED] - doubleClick(findTestObject("Object Repository/Page_Visualizar PRODUCTOS/IconoOjo")): Object: 'Object Repository/Page_Visualizar PRODUCTOS/IconoOjo' is double clicked on

20-03-2024T17:43:07 - [MESSAGE][PASSED] - Object: 'Object Repository/Page_Visualizar PRODUCTOS/IconoOjo' is double clicked on

20-03-2024T17:43:07 - [TEST_STEP][PASSED] - comment(""): 

20-03-2024T17:43:07 - [MESSAGE][INFO] - 

20-03-2024T17:43:07 - [TEST_STEP][PASSED] - closeBrowser(): Browser is closed

20-03-2024T17:43:07 - [MESSAGE][PASSED] - Browser is closed]]></system-out>
         <system-err><![CDATA[]]></system-err>
      </testcase>
      <system-out><![CDATA[20-03-2024T17:41:59 - [TEST_SUITE][PASSED] - Test Plan Regresión Core: Test Cases/P25-2167-VerHistoricoProducto]]></system-out>
      <system-err><![CDATA[]]></system-err>
   </testsuite>
</testsuites>
