<?xml version="1.0" encoding="UTF-8"?>
<testsuites name="Test Plan Regresión Core" time="129.367" tests="6" failures="0" errors="0">
   <testsuite name="Test Plan Regresión Core" tests="6" failures="0" errors="0" time="129.367" skipped="0" timestamp="20-03-2024T18:49:27" hostname="afernandezd - localhost" id="Test Suites/Test Plan Regresión Core">
      <properties>
         <property name="deviceName" value=""/>
         <property name="devicePlatform" value=""/>
         <property name="logFolder" value="/Users/afernandezd/Katalon Studio/Pricing-PrimeraPrueba/Reports/20240320_184926/Test Plan Regresi\u00F3n Core/20240320_184926"/>
         <property name="logFiles" value="/Users/afernandezd/Katalon Studio/Pricing-PrimeraPrueba/Reports/20240320_184926/Test Plan Regresi\u00F3n Core/20240320_184926/execution0.log"/>
         <property name="attachments" value=""/>
         <property name="hostName" value="afernandezd - localhost"/>
         <property name="os" value="Mac OS X 64bit"/>
         <property name="katalonVersion" value="9.3.1.212"/>
         <property name="browser" value="Chrome 122.0.0.0"/>
         <property name="hostAddress" value="127.0.0.1"/>
         <property name="sessionId" value="112029893d0b3162ee217590bcbc7b5f"/>
         <property name="seleniumVersion" value="3.141.59"/>
         <property name="proxyInformation" value="ProxyInformation { proxyOption=NO_PROXY, proxyServerType=HTTP, username=, password=********, proxyServerAddress=, proxyServerPort=0, executionList=&quot;&quot;, isApplyToDesiredCapabilities=true }"/>
         <property name="platform" value="Mac OS X"/>
      </properties>
      <testcase name="Test Cases/P25-LoginPricing-KO-user" time="17.746" classname="Test Cases/P25-LoginPricing-KO-user" status="PASSED">
         <system-out><![CDATA[20-03-2024T18:49:27 - [TEST_CASE][PASSED] - Test Cases/P25-LoginPricing-KO-user: Test Cases/P25-LoginPricing-KO-user

20-03-2024T18:49:27 - [TEST_STEP][PASSED] - openBrowser(""): Browser is opened with url: ''

20-03-2024T18:49:27 - [MESSAGE][INFO] - Starting 'Chrome' driver

20-03-2024T18:49:27 - [MESSAGE][INFO] - Action delay is set to 0 milliseconds

20-03-2024T18:49:28 - [MESSAGE][PASSED] - Browser is opened with url: ''

20-03-2024T18:49:28 - [TEST_STEP][PASSED] - navigateToUrl("https://pre-pricing.recordgo.cloud/login"): Navigate to 'https://pre-pricing.recordgo.cloud/login' successfully

20-03-2024T18:49:39 - [MESSAGE][PASSED] - Navigate to 'https://pre-pricing.recordgo.cloud/login' successfully

20-03-2024T18:49:39 - [TEST_STEP][PASSED] - maximizeWindow(): Current window maximized

20-03-2024T18:49:40 - [MESSAGE][PASSED] - Current window maximized

20-03-2024T18:49:40 - [TEST_STEP][PASSED] - setText(findTestObject("Page_Login/input_Log in to your account__username"), "anio.diego"): Text 'anio.diego' is set on object 'Object Repository/Page_Login/input_Log in to your account__username'

20-03-2024T18:49:41 - [MESSAGE][PASSED] - Text 'anio.diego' is set on object 'Object Repository/Page_Login/input_Log in to your account__username'

20-03-2024T18:49:41 - [TEST_STEP][PASSED] - setEncryptedText(findTestObject("Object Repository/Page_Login/input_Log in to your account__password"), "4WoE78dHD36JvULd0ZrVWg=="): Text ****** has been set on object 'Object Repository/Page_Login/input_Log in to your account__password'

20-03-2024T18:49:41 - [MESSAGE][PASSED] - Text ****** has been set on object 'Object Repository/Page_Login/input_Log in to your account__password'

20-03-2024T18:49:41 - [TEST_STEP][PASSED] - selectOptionByValue(findTestObject("Object Repository/Page_Login/select_Select an option CANARY ISLAND"), "IC", true): All options with value 'IC' are selected in object 'Object Repository/Page_Login/select_Select an option CANARY ISLAND'  using regular expression

20-03-2024T18:49:42 - [MESSAGE][PASSED] - All options with value 'IC' are selected in object 'Object Repository/Page_Login/select_Select an option CANARY ISLAND'  using regular expression

20-03-2024T18:49:42 - [TEST_STEP][PASSED] - click(findTestObject("Object Repository/Page_Login/button_Login")): Object: 'Object Repository/Page_Login/button_Login' is clicked on

20-03-2024T18:49:43 - [MESSAGE][PASSED] - Object: 'Object Repository/Page_Login/button_Login' is clicked on

20-03-2024T18:49:43 - [TEST_STEP][PASSED] - waitForElementPresent(findTestObject("Page_Login/div_Invalid credentials"), 3): Object 'Object Repository/Page_Login/div_Invalid credentials' is present

20-03-2024T18:49:44 - [MESSAGE][PASSED] - Object 'Object Repository/Page_Login/div_Invalid credentials' is present

20-03-2024T18:49:44 - [TEST_STEP][PASSED] - waitForElementVisible(findTestObject("Page_Login/div_Invalid credentials"), 3): Object 'Object Repository/Page_Login/div_Invalid credentials' is visible

20-03-2024T18:49:44 - [MESSAGE][PASSED] - Object 'Object Repository/Page_Login/div_Invalid credentials' is visible

20-03-2024T18:49:44 - [TEST_STEP][PASSED] - closeBrowser(): Browser is closed

20-03-2024T18:49:44 - [MESSAGE][PASSED] - Browser is closed]]></system-out>
         <system-err><![CDATA[]]></system-err>
      </testcase>
      <testcase name="Test Cases/P25-LoginPricing-KO-pass" time="15.063" classname="Test Cases/P25-LoginPricing-KO-pass" status="PASSED">
         <system-out><![CDATA[20-03-2024T18:49:44 - [TEST_CASE][PASSED] - Test Cases/P25-LoginPricing-KO-pass: Test Cases/P25-LoginPricing-KO-pass

20-03-2024T18:49:44 - [TEST_STEP][PASSED] - openBrowser(""): Browser is opened with url: ''

20-03-2024T18:49:44 - [MESSAGE][INFO] - Starting 'Chrome' driver

20-03-2024T18:49:44 - [MESSAGE][INFO] - Action delay is set to 0 milliseconds

20-03-2024T18:49:45 - [MESSAGE][PASSED] - Browser is opened with url: ''

20-03-2024T18:49:45 - [TEST_STEP][PASSED] - navigateToUrl("https://pre-pricing.recordgo.cloud/login"): Navigate to 'https://pre-pricing.recordgo.cloud/login' successfully

20-03-2024T18:49:54 - [MESSAGE][PASSED] - Navigate to 'https://pre-pricing.recordgo.cloud/login' successfully

20-03-2024T18:49:54 - [TEST_STEP][PASSED] - maximizeWindow(): Current window maximized

20-03-2024T18:49:55 - [MESSAGE][PASSED] - Current window maximized

20-03-2024T18:49:55 - [TEST_STEP][PASSED] - setText(findTestObject("Page_Login/input_Log in to your account__username"), "antonio.diego"): Text 'antonio.diego' is set on object 'Object Repository/Page_Login/input_Log in to your account__username'

20-03-2024T18:49:56 - [MESSAGE][PASSED] - Text 'antonio.diego' is set on object 'Object Repository/Page_Login/input_Log in to your account__username'

20-03-2024T18:49:56 - [TEST_STEP][PASSED] - setEncryptedText(findTestObject("Object Repository/Page_Login/input_Log in to your account__password"), "y3nGvd+W12k="): Text ****** has been set on object 'Object Repository/Page_Login/input_Log in to your account__password'

20-03-2024T18:49:56 - [MESSAGE][PASSED] - Text ****** has been set on object 'Object Repository/Page_Login/input_Log in to your account__password'

20-03-2024T18:49:56 - [TEST_STEP][PASSED] - selectOptionByValue(findTestObject("Object Repository/Page_Login/select_Select an option CANARY ISLAND"), "IC", true): All options with value 'IC' are selected in object 'Object Repository/Page_Login/select_Select an option CANARY ISLAND'  using regular expression

20-03-2024T18:49:57 - [MESSAGE][PASSED] - All options with value 'IC' are selected in object 'Object Repository/Page_Login/select_Select an option CANARY ISLAND'  using regular expression

20-03-2024T18:49:57 - [TEST_STEP][PASSED] - click(findTestObject("Object Repository/Page_Login/button_Login")): Object: 'Object Repository/Page_Login/button_Login' is clicked on

20-03-2024T18:49:58 - [MESSAGE][PASSED] - Object: 'Object Repository/Page_Login/button_Login' is clicked on

20-03-2024T18:49:58 - [TEST_STEP][PASSED] - waitForElementPresent(findTestObject("Page_Login/div_Invalid credentials"), 3): Object 'Object Repository/Page_Login/div_Invalid credentials' is present

20-03-2024T18:49:59 - [MESSAGE][PASSED] - Object 'Object Repository/Page_Login/div_Invalid credentials' is present

20-03-2024T18:49:59 - [TEST_STEP][PASSED] - waitForElementVisible(findTestObject("Page_Login/div_Invalid credentials"), 3): Object 'Object Repository/Page_Login/div_Invalid credentials' is visible

20-03-2024T18:49:59 - [MESSAGE][PASSED] - Object 'Object Repository/Page_Login/div_Invalid credentials' is visible

20-03-2024T18:49:59 - [TEST_STEP][PASSED] - closeBrowser(): Browser is closed

20-03-2024T18:49:59 - [MESSAGE][PASSED] - Browser is closed]]></system-out>
         <system-err><![CDATA[]]></system-err>
      </testcase>
      <testcase name="Test Cases/P25-LoginPricing-OK" time="12.289" classname="Test Cases/P25-LoginPricing-OK" status="PASSED">
         <system-out><![CDATA[20-03-2024T18:49:59 - [TEST_CASE][PASSED] - Test Cases/P25-LoginPricing-OK: Test Cases/P25-LoginPricing-OK

20-03-2024T18:49:59 - [TEST_STEP][PASSED] - openBrowser(""): Browser is opened with url: ''

20-03-2024T18:49:59 - [MESSAGE][INFO] - Starting 'Chrome' driver

20-03-2024T18:49:59 - [MESSAGE][INFO] - Action delay is set to 0 milliseconds

20-03-2024T18:50:00 - [MESSAGE][PASSED] - Browser is opened with url: ''

20-03-2024T18:50:00 - [TEST_STEP][PASSED] - navigateToUrl("https://pre-pricing.recordgo.cloud/login"): Navigate to 'https://pre-pricing.recordgo.cloud/login' successfully

20-03-2024T18:50:06 - [MESSAGE][PASSED] - Navigate to 'https://pre-pricing.recordgo.cloud/login' successfully

20-03-2024T18:50:06 - [TEST_STEP][PASSED] - maximizeWindow(): Current window maximized

20-03-2024T18:50:06 - [MESSAGE][PASSED] - Current window maximized

20-03-2024T18:50:06 - [TEST_STEP][PASSED] - setText(findTestObject("Page_Login/input_Log in to your account__username"), "antonio.diego"): Text 'antonio.diego' is set on object 'Object Repository/Page_Login/input_Log in to your account__username'

20-03-2024T18:50:08 - [MESSAGE][PASSED] - Text 'antonio.diego' is set on object 'Object Repository/Page_Login/input_Log in to your account__username'

20-03-2024T18:50:08 - [TEST_STEP][PASSED] - setEncryptedText(findTestObject("Object Repository/Page_Login/input_Log in to your account__password"), "4WoE78dHD36JvULd0ZrVWg=="): Text ****** has been set on object 'Object Repository/Page_Login/input_Log in to your account__password'

20-03-2024T18:50:08 - [MESSAGE][PASSED] - Text ****** has been set on object 'Object Repository/Page_Login/input_Log in to your account__password'

20-03-2024T18:50:08 - [TEST_STEP][PASSED] - selectOptionByValue(findTestObject("Object Repository/Page_Login/select_Select an option CANARY ISLAND"), "IC", true): All options with value 'IC' are selected in object 'Object Repository/Page_Login/select_Select an option CANARY ISLAND'  using regular expression

20-03-2024T18:50:09 - [MESSAGE][PASSED] - All options with value 'IC' are selected in object 'Object Repository/Page_Login/select_Select an option CANARY ISLAND'  using regular expression

20-03-2024T18:50:09 - [TEST_STEP][PASSED] - click(findTestObject("Object Repository/Page_Login/button_Login")): Object: 'Object Repository/Page_Login/button_Login' is clicked on

20-03-2024T18:50:11 - [MESSAGE][PASSED] - Object: 'Object Repository/Page_Login/button_Login' is clicked on

20-03-2024T18:50:11 - [TEST_STEP][PASSED] - waitForElementVisible(findTestObject("Page_PRICING/img"), 0): Object 'Object Repository/Page_PRICING/img' is visible

20-03-2024T18:50:11 - [MESSAGE][WARNING] - Timeout '0' is invalid. Using default page load timeout: '30'

20-03-2024T18:50:11 - [MESSAGE][PASSED] - Object 'Object Repository/Page_PRICING/img' is visible

20-03-2024T18:50:11 - [TEST_STEP][PASSED] - verifyElementVisible(findTestObject("Object Repository/Page_PRICING/img")): Object 'Object Repository/Page_PRICING/img' is visible

20-03-2024T18:50:12 - [MESSAGE][PASSED] - Object 'Object Repository/Page_PRICING/img' is visible

20-03-2024T18:50:12 - [TEST_STEP][PASSED] - closeBrowser(): Browser is closed

20-03-2024T18:50:12 - [MESSAGE][PASSED] - Browser is closed]]></system-out>
         <system-err><![CDATA[]]></system-err>
      </testcase>
      <testcase name="Test Cases/P25-2163-VisualizarProductos" time="26.601" classname="Test Cases/P25-2163-VisualizarProductos" status="PASSED">
         <system-out><![CDATA[20-03-2024T18:50:12 - [TEST_CASE][PASSED] - Test Cases/P25-2163-VisualizarProductos: Test Cases/P25-2163-VisualizarProductos

20-03-2024T18:50:12 - [TEST_STEP][PASSED] - openBrowser(""): Browser is opened with url: ''

20-03-2024T18:50:12 - [MESSAGE][INFO] - Starting 'Chrome' driver

20-03-2024T18:50:12 - [MESSAGE][INFO] - Action delay is set to 0 milliseconds

20-03-2024T18:50:12 - [MESSAGE][PASSED] - Browser is opened with url: ''

20-03-2024T18:50:12 - [TEST_STEP][PASSED] - navigateToUrl("https://pre-pricing.recordgo.cloud/login"): Navigate to 'https://pre-pricing.recordgo.cloud/login' successfully

20-03-2024T18:50:25 - [MESSAGE][PASSED] - Navigate to 'https://pre-pricing.recordgo.cloud/login' successfully

20-03-2024T18:50:25 - [TEST_STEP][PASSED] - maximizeWindow(): Current window maximized

20-03-2024T18:50:25 - [MESSAGE][PASSED] - Current window maximized

20-03-2024T18:50:25 - [TEST_STEP][PASSED] - setText(findTestObject("Page_Login/input_Log in to your account__username"), "antonio.diego"): Text 'antonio.diego' is set on object 'Object Repository/Page_Login/input_Log in to your account__username'

20-03-2024T18:50:26 - [MESSAGE][PASSED] - Text 'antonio.diego' is set on object 'Object Repository/Page_Login/input_Log in to your account__username'

20-03-2024T18:50:26 - [TEST_STEP][PASSED] - setEncryptedText(findTestObject("Object Repository/Page_Login/input_Log in to your account__password"), "4WoE78dHD36JvULd0ZrVWg=="): Text ****** has been set on object 'Object Repository/Page_Login/input_Log in to your account__password'

20-03-2024T18:50:27 - [MESSAGE][PASSED] - Text ****** has been set on object 'Object Repository/Page_Login/input_Log in to your account__password'

20-03-2024T18:50:27 - [TEST_STEP][PASSED] - selectOptionByValue(findTestObject("Object Repository/Page_Login/select_Select an option CANARY ISLAND"), "IC", true): All options with value 'IC' are selected in object 'Object Repository/Page_Login/select_Select an option CANARY ISLAND'  using regular expression

20-03-2024T18:50:27 - [MESSAGE][PASSED] - All options with value 'IC' are selected in object 'Object Repository/Page_Login/select_Select an option CANARY ISLAND'  using regular expression

20-03-2024T18:50:27 - [TEST_STEP][PASSED] - click(findTestObject("Object Repository/Page_Login/button_Login")): Object: 'Object Repository/Page_Login/button_Login' is clicked on

20-03-2024T18:50:29 - [MESSAGE][PASSED] - Object: 'Object Repository/Page_Login/button_Login' is clicked on

20-03-2024T18:50:29 - [TEST_STEP][PASSED] - waitForElementVisible(findTestObject("Page_PRICING/img"), 5): Object 'Object Repository/Page_PRICING/img' is visible

20-03-2024T18:50:30 - [MESSAGE][PASSED] - Object 'Object Repository/Page_PRICING/img' is visible

20-03-2024T18:50:30 - [TEST_STEP][PASSED] - verifyElementVisible(findTestObject("Object Repository/Page_PRICING/img")): Object 'Object Repository/Page_PRICING/img' is visible

20-03-2024T18:50:30 - [MESSAGE][PASSED] - Object 'Object Repository/Page_PRICING/img' is visible

20-03-2024T18:50:30 - [TEST_STEP][PASSED] - waitForElementVisible(findTestObject("Page_PRICING/span_PRODUCTOS"), 3): Object 'Object Repository/Page_PRICING/span_PRODUCTOS' is visible

20-03-2024T18:50:31 - [MESSAGE][PASSED] - Object 'Object Repository/Page_PRICING/span_PRODUCTOS' is visible

20-03-2024T18:50:31 - [TEST_STEP][PASSED] - click(findTestObject("Object Repository/Page_PRICING/span_PRODUCTOS")): Object: 'Object Repository/Page_PRICING/span_PRODUCTOS' is clicked on

20-03-2024T18:50:31 - [MESSAGE][PASSED] - Object: 'Object Repository/Page_PRICING/span_PRODUCTOS' is clicked on

20-03-2024T18:50:31 - [TEST_STEP][PASSED] - waitForElementVisible(findTestObject("Page_PRICING/span_Producto"), 3): Object 'Object Repository/Page_PRICING/span_Producto' is visible

20-03-2024T18:50:31 - [MESSAGE][PASSED] - Object 'Object Repository/Page_PRICING/span_Producto' is visible

20-03-2024T18:50:31 - [TEST_STEP][PASSED] - click(findTestObject("Object Repository/Page_PRICING/span_Producto")): Object: 'Object Repository/Page_PRICING/span_Producto' is clicked on

20-03-2024T18:50:32 - [MESSAGE][PASSED] - Object: 'Object Repository/Page_PRICING/span_Producto' is clicked on

20-03-2024T18:50:32 - [TEST_STEP][PASSED] - waitForElementVisible(findTestObject("Page_PRICING/span_Visualizar"), 3): Object 'Object Repository/Page_PRICING/span_Visualizar' is visible

20-03-2024T18:50:32 - [MESSAGE][PASSED] - Object 'Object Repository/Page_PRICING/span_Visualizar' is visible

20-03-2024T18:50:32 - [TEST_STEP][PASSED] - click(findTestObject("Object Repository/Page_PRICING/span_Visualizar")): Object: 'Object Repository/Page_PRICING/span_Visualizar' is clicked on

20-03-2024T18:50:34 - [MESSAGE][PASSED] - Object: 'Object Repository/Page_PRICING/span_Visualizar' is clicked on

20-03-2024T18:50:34 - [TEST_STEP][PASSED] - waitForElementVisible(findTestObject("Page_Visualizar PRODUCTOS/div_Cdigo"), 3): Object 'Object Repository/Page_Visualizar PRODUCTOS/div_Cdigo' is not visible after 3 second(s)

20-03-2024T18:50:38 - [MESSAGE][WARNING] - Object 'Object Repository/Page_Visualizar PRODUCTOS/div_Cdigo' is not visible after 3 second(s)

20-03-2024T18:50:38 - [TEST_STEP][PASSED] - verifyElementPresent(findTestObject("Page_Visualizar PRODUCTOS/div_Cdigo"), 3): Object 'Object Repository/Page_Visualizar PRODUCTOS/div_Cdigo' is present

20-03-2024T18:50:38 - [MESSAGE][PASSED] - Object 'Object Repository/Page_Visualizar PRODUCTOS/div_Cdigo' is present

20-03-2024T18:50:38 - [TEST_STEP][PASSED] - closeBrowser(): Browser is closed

20-03-2024T18:50:38 - [MESSAGE][PASSED] - Browser is closed]]></system-out>
         <system-err><![CDATA[]]></system-err>
      </testcase>
      <testcase name="Test Cases/P25-2167-Visualizar productos-Ver Histórico" time="26.602" classname="Test Cases/P25-2167-Visualizar productos-Ver Histórico" status="PASSED">
         <system-out><![CDATA[20-03-2024T18:50:38 - [TEST_CASE][PASSED] - Test Cases/P25-2167-Visualizar productos-Ver Histórico: Test Cases/P25-2167-Visualizar productos-Ver Histórico

20-03-2024T18:50:38 - [TEST_STEP][PASSED] - openBrowser(""): Browser is opened with url: ''

20-03-2024T18:50:38 - [MESSAGE][INFO] - Starting 'Chrome' driver

20-03-2024T18:50:38 - [MESSAGE][INFO] - Action delay is set to 0 milliseconds

20-03-2024T18:50:39 - [MESSAGE][PASSED] - Browser is opened with url: ''

20-03-2024T18:50:39 - [TEST_STEP][PASSED] - navigateToUrl("https://pre-pricing.recordgo.cloud/login"): Navigate to 'https://pre-pricing.recordgo.cloud/login' successfully

20-03-2024T18:50:43 - [MESSAGE][PASSED] - Navigate to 'https://pre-pricing.recordgo.cloud/login' successfully

20-03-2024T18:50:43 - [TEST_STEP][PASSED] - maximizeWindow(): Current window maximized

20-03-2024T18:50:44 - [MESSAGE][PASSED] - Current window maximized

20-03-2024T18:50:44 - [TEST_STEP][PASSED] - setText(findTestObject("Page_Login/input_Log in to your account__username"), "antonio.diego"): Text 'antonio.diego' is set on object 'Object Repository/Page_Login/input_Log in to your account__username'

20-03-2024T18:50:45 - [MESSAGE][PASSED] - Text 'antonio.diego' is set on object 'Object Repository/Page_Login/input_Log in to your account__username'

20-03-2024T18:50:45 - [TEST_STEP][PASSED] - setEncryptedText(findTestObject("Object Repository/Page_Login/input_Log in to your account__password"), "4WoE78dHD36JvULd0ZrVWg=="): Text ****** has been set on object 'Object Repository/Page_Login/input_Log in to your account__password'

20-03-2024T18:50:45 - [MESSAGE][PASSED] - Text ****** has been set on object 'Object Repository/Page_Login/input_Log in to your account__password'

20-03-2024T18:50:45 - [TEST_STEP][PASSED] - selectOptionByValue(findTestObject("Object Repository/Page_Login/select_Select an option CANARY ISLAND"), "IC", true): All options with value 'IC' are selected in object 'Object Repository/Page_Login/select_Select an option CANARY ISLAND'  using regular expression

20-03-2024T18:50:46 - [MESSAGE][PASSED] - All options with value 'IC' are selected in object 'Object Repository/Page_Login/select_Select an option CANARY ISLAND'  using regular expression

20-03-2024T18:50:46 - [TEST_STEP][PASSED] - click(findTestObject("Page_Login/button_Login")): Object: 'Object Repository/Page_Login/button_Login' is clicked on

20-03-2024T18:50:48 - [MESSAGE][PASSED] - Object: 'Object Repository/Page_Login/button_Login' is clicked on

20-03-2024T18:50:48 - [TEST_STEP][PASSED] - waitForElementVisible(findTestObject("Page_PRICING/img"), 8): Object 'Object Repository/Page_PRICING/img' is visible

20-03-2024T18:50:49 - [MESSAGE][PASSED] - Object 'Object Repository/Page_PRICING/img' is visible

20-03-2024T18:50:49 - [TEST_STEP][PASSED] - waitForElementVisible(findTestObject("Page_PRICING/span_PRODUCTOS"), 8): Object 'Object Repository/Page_PRICING/span_PRODUCTOS' is visible

20-03-2024T18:50:49 - [MESSAGE][PASSED] - Object 'Object Repository/Page_PRICING/span_PRODUCTOS' is visible

20-03-2024T18:50:49 - [TEST_STEP][PASSED] - click(findTestObject("Page_PRICING/span_PRODUCTOS")): Object: 'Object Repository/Page_PRICING/span_PRODUCTOS' is clicked on

20-03-2024T18:50:49 - [MESSAGE][PASSED] - Object: 'Object Repository/Page_PRICING/span_PRODUCTOS' is clicked on

20-03-2024T18:50:49 - [TEST_STEP][PASSED] - waitForElementVisible(findTestObject("Page_PRICING/span_Producto"), 8): Object 'Object Repository/Page_PRICING/span_Producto' is visible

20-03-2024T18:50:50 - [MESSAGE][PASSED] - Object 'Object Repository/Page_PRICING/span_Producto' is visible

20-03-2024T18:50:50 - [TEST_STEP][PASSED] - click(findTestObject("Page_PRICING/span_Producto")): Object: 'Object Repository/Page_PRICING/span_Producto' is clicked on

20-03-2024T18:50:50 - [MESSAGE][PASSED] - Object: 'Object Repository/Page_PRICING/span_Producto' is clicked on

20-03-2024T18:50:50 - [TEST_STEP][PASSED] - waitForElementVisible(findTestObject("Page_PRICING/span_Visualizar"), 8): Object 'Object Repository/Page_PRICING/span_Visualizar' is visible

20-03-2024T18:50:50 - [MESSAGE][PASSED] - Object 'Object Repository/Page_PRICING/span_Visualizar' is visible

20-03-2024T18:50:51 - [TEST_STEP][PASSED] - click(findTestObject("Page_PRICING/span_Visualizar")): Object: 'Object Repository/Page_PRICING/span_Visualizar' is clicked on

20-03-2024T18:50:52 - [MESSAGE][PASSED] - Object: 'Object Repository/Page_PRICING/span_Visualizar' is clicked on

20-03-2024T18:50:52 - [TEST_STEP][PASSED] - waitForElementPresent(findTestObject("Page_Visualizar PRODUCTOS/div_Cdigo"), 6): Object 'Object Repository/Page_Visualizar PRODUCTOS/div_Cdigo' is present

20-03-2024T18:50:53 - [MESSAGE][PASSED] - Object 'Object Repository/Page_Visualizar PRODUCTOS/div_Cdigo' is present

20-03-2024T18:50:53 - [TEST_STEP][PASSED] - waitForElementPresent(findTestObject("Page_Visualizar PRODUCTOS/div_Opciones"), 6): Object 'Object Repository/Page_Visualizar PRODUCTOS/div_Opciones' is present

20-03-2024T18:51:00 - [MESSAGE][INFO] - Unable to find the element located by 'By.xpath: id("kt_content")/div[@id="app"]/div[@class="kt-portlet kt-portlet--bordered"]/div[@class="kt-portlet__body"]/div[@class="kt-datatable kt-datatable--default kt-datatable--brand kt-datatable--loaded"]/div[@class="bootstrap-table bootstrap4"]/div[@class="fixed-table-container"]/div[@class="fixed-table-body"]/table[@class="table table-bordered table-hover"]/thead[1]/tr[1]/th[7]/div[@class="th-inner"][count(. | //div[@class = 'th-inner ' and (text() = 'Opciones' or . = 'Opciones')]) = count(//div[@class = 'th-inner ' and (text() = 'Opciones' or . = 'Opciones')])]'. Please recheck the objects properties to make sure the desired element is located. 

20-03-2024T18:51:00 - [MESSAGE][WARNING] - [SELF-HEALING] Failed to find element with id 'Object Repository/Page_Visualizar PRODUCTOS/div_Opciones'. Try using Self-healing.

20-03-2024T18:51:00 - [MESSAGE][WARNING] - [SELF-HEALING] The current locator of test object 'Object Repository/Page_Visualizar PRODUCTOS/div_Opciones' was broken. Propose an alternative one: '//div[@id='app']/div[2]/div/div/div[2]/div[2]/div[2]/table/thead/tr/th[7]/div'.

20-03-2024T18:51:00 - [MESSAGE][PASSED] - Object 'Object Repository/Page_Visualizar PRODUCTOS/div_Opciones' is present

20-03-2024T18:51:00 - [TEST_STEP][PASSED] - waitForElementPresent(findTestObject("Page_Visualizar PRODUCTOS/button_Filtros"), 6): Object 'Object Repository/Page_Visualizar PRODUCTOS/button_Filtros' is present

20-03-2024T18:51:01 - [MESSAGE][PASSED] - Object 'Object Repository/Page_Visualizar PRODUCTOS/button_Filtros' is present

20-03-2024T18:51:01 - [TEST_STEP][PASSED] - waitForElementPresent(findTestObject("Page_Visualizar PRODUCTOS/IconHistorico"), 0): Object 'Object Repository/Page_Visualizar PRODUCTOS/IconHistorico' is present

20-03-2024T18:51:01 - [MESSAGE][WARNING] - Timeout '0' is invalid. Using default page load timeout: '30'

20-03-2024T18:51:01 - [MESSAGE][PASSED] - Object 'Object Repository/Page_Visualizar PRODUCTOS/IconHistorico' is present

20-03-2024T18:51:01 - [TEST_STEP][PASSED] - doubleClick(findTestObject("Page_Visualizar PRODUCTOS/IconHistorico")): Object: 'Object Repository/Page_Visualizar PRODUCTOS/IconHistorico' is double clicked on

20-03-2024T18:51:01 - [MESSAGE][PASSED] - Object: 'Object Repository/Page_Visualizar PRODUCTOS/IconHistorico' is double clicked on

20-03-2024T18:51:01 - [TEST_STEP][PASSED] - waitForElementPresent(findTestObject("Object Repository/Page_Visualizar PRODUCTOS/h5_Histrico de producto"), 4): Object 'Object Repository/Page_Visualizar PRODUCTOS/h5_Histrico de producto' is present

20-03-2024T18:51:02 - [MESSAGE][PASSED] - Object 'Object Repository/Page_Visualizar PRODUCTOS/h5_Histrico de producto' is present

20-03-2024T18:51:02 - [TEST_STEP][PASSED] - waitForElementPresent(findTestObject("Object Repository/Page_Visualizar PRODUCTOS/IconoOjoHist"), 4): Object 'Object Repository/Page_Visualizar PRODUCTOS/IconoOjoHist' is present

20-03-2024T18:51:02 - [MESSAGE][PASSED] - Object 'Object Repository/Page_Visualizar PRODUCTOS/IconoOjoHist' is present

20-03-2024T18:51:02 - [TEST_STEP][PASSED] - doubleClick(findTestObject("Object Repository/Page_Visualizar PRODUCTOS/IconoOjoHist")): Object: 'Object Repository/Page_Visualizar PRODUCTOS/IconoOjoHist' is double clicked on

20-03-2024T18:51:05 - [MESSAGE][PASSED] - Object: 'Object Repository/Page_Visualizar PRODUCTOS/IconoOjoHist' is double clicked on

20-03-2024T18:51:05 - [TEST_STEP][PASSED] - comment(""): 

20-03-2024T18:51:05 - [MESSAGE][INFO] - 

20-03-2024T18:51:05 - [TEST_STEP][PASSED] - closeBrowser(): Browser is closed

20-03-2024T18:51:05 - [MESSAGE][PASSED] - Browser is closed]]></system-out>
         <system-err><![CDATA[]]></system-err>
      </testcase>
      <testcase name="Test Cases/P25-2244-Visualizar productos-Ver detalle" time="31.004" classname="Test Cases/P25-2244-Visualizar productos-Ver detalle" status="PASSED">
         <system-out><![CDATA[20-03-2024T18:51:05 - [TEST_CASE][PASSED] - Test Cases/P25-2244-Visualizar productos-Ver detalle: Test Cases/P25-2244-Visualizar productos-Ver detalle

20-03-2024T18:51:05 - [TEST_STEP][PASSED] - openBrowser(""): Browser is opened with url: ''

20-03-2024T18:51:05 - [MESSAGE][INFO] - Starting 'Chrome' driver

20-03-2024T18:51:05 - [MESSAGE][INFO] - Action delay is set to 0 milliseconds

20-03-2024T18:51:05 - [MESSAGE][PASSED] - Browser is opened with url: ''

20-03-2024T18:51:05 - [TEST_STEP][PASSED] - navigateToUrl("https://pre-pricing.recordgo.cloud/login"): Navigate to 'https://pre-pricing.recordgo.cloud/login' successfully

20-03-2024T18:51:15 - [MESSAGE][PASSED] - Navigate to 'https://pre-pricing.recordgo.cloud/login' successfully

20-03-2024T18:51:15 - [TEST_STEP][PASSED] - maximizeWindow(): Current window maximized

20-03-2024T18:51:16 - [MESSAGE][PASSED] - Current window maximized

20-03-2024T18:51:16 - [TEST_STEP][PASSED] - setText(findTestObject("Page_Login/input_Log in to your account__username"), "antonio.diego"): Text 'antonio.diego' is set on object 'Object Repository/Page_Login/input_Log in to your account__username'

20-03-2024T18:51:17 - [MESSAGE][PASSED] - Text 'antonio.diego' is set on object 'Object Repository/Page_Login/input_Log in to your account__username'

20-03-2024T18:51:17 - [TEST_STEP][PASSED] - setEncryptedText(findTestObject("Object Repository/Page_Login/input_Log in to your account__password"), "4WoE78dHD36JvULd0ZrVWg=="): Text ****** has been set on object 'Object Repository/Page_Login/input_Log in to your account__password'

20-03-2024T18:51:17 - [MESSAGE][PASSED] - Text ****** has been set on object 'Object Repository/Page_Login/input_Log in to your account__password'

20-03-2024T18:51:17 - [TEST_STEP][PASSED] - selectOptionByValue(findTestObject("Object Repository/Page_Login/select_Select an option CANARY ISLAND"), "IC", true): All options with value 'IC' are selected in object 'Object Repository/Page_Login/select_Select an option CANARY ISLAND'  using regular expression

20-03-2024T18:51:18 - [MESSAGE][PASSED] - All options with value 'IC' are selected in object 'Object Repository/Page_Login/select_Select an option CANARY ISLAND'  using regular expression

20-03-2024T18:51:18 - [TEST_STEP][PASSED] - click(findTestObject("Page_Login/button_Login")): Object: 'Object Repository/Page_Login/button_Login' is clicked on

20-03-2024T18:51:20 - [MESSAGE][PASSED] - Object: 'Object Repository/Page_Login/button_Login' is clicked on

20-03-2024T18:51:20 - [TEST_STEP][PASSED] - waitForElementVisible(findTestObject("Page_PRICING/img"), 8): Object 'Object Repository/Page_PRICING/img' is visible

20-03-2024T18:51:21 - [MESSAGE][PASSED] - Object 'Object Repository/Page_PRICING/img' is visible

20-03-2024T18:51:21 - [TEST_STEP][PASSED] - waitForElementVisible(findTestObject("Page_PRICING/span_PRODUCTOS"), 8): Object 'Object Repository/Page_PRICING/span_PRODUCTOS' is visible

20-03-2024T18:51:21 - [MESSAGE][PASSED] - Object 'Object Repository/Page_PRICING/span_PRODUCTOS' is visible

20-03-2024T18:51:21 - [TEST_STEP][PASSED] - click(findTestObject("Page_PRICING/span_PRODUCTOS")): Object: 'Object Repository/Page_PRICING/span_PRODUCTOS' is clicked on

20-03-2024T18:51:21 - [MESSAGE][PASSED] - Object: 'Object Repository/Page_PRICING/span_PRODUCTOS' is clicked on

20-03-2024T18:51:21 - [TEST_STEP][PASSED] - waitForElementVisible(findTestObject("Page_PRICING/span_Producto"), 8): Object 'Object Repository/Page_PRICING/span_Producto' is visible

20-03-2024T18:51:22 - [MESSAGE][PASSED] - Object 'Object Repository/Page_PRICING/span_Producto' is visible

20-03-2024T18:51:22 - [TEST_STEP][PASSED] - click(findTestObject("Page_PRICING/span_Producto")): Object: 'Object Repository/Page_PRICING/span_Producto' is clicked on

20-03-2024T18:51:22 - [MESSAGE][PASSED] - Object: 'Object Repository/Page_PRICING/span_Producto' is clicked on

20-03-2024T18:51:22 - [TEST_STEP][PASSED] - waitForElementVisible(findTestObject("Page_PRICING/span_Visualizar"), 8): Object 'Object Repository/Page_PRICING/span_Visualizar' is visible

20-03-2024T18:51:22 - [MESSAGE][PASSED] - Object 'Object Repository/Page_PRICING/span_Visualizar' is visible

20-03-2024T18:51:22 - [TEST_STEP][PASSED] - click(findTestObject("Page_PRICING/span_Visualizar")): Object: 'Object Repository/Page_PRICING/span_Visualizar' is clicked on

20-03-2024T18:51:24 - [MESSAGE][PASSED] - Object: 'Object Repository/Page_PRICING/span_Visualizar' is clicked on

20-03-2024T18:51:24 - [TEST_STEP][PASSED] - waitForElementPresent(findTestObject("Page_Visualizar PRODUCTOS/div_Cdigo"), 6): Object 'Object Repository/Page_Visualizar PRODUCTOS/div_Cdigo' is present

20-03-2024T18:51:25 - [MESSAGE][PASSED] - Object 'Object Repository/Page_Visualizar PRODUCTOS/div_Cdigo' is present

20-03-2024T18:51:25 - [TEST_STEP][PASSED] - waitForElementPresent(findTestObject("Page_Visualizar PRODUCTOS/div_Opciones"), 6): Object 'Object Repository/Page_Visualizar PRODUCTOS/div_Opciones' is present

20-03-2024T18:51:32 - [MESSAGE][INFO] - Unable to find the element located by 'By.xpath: id("kt_content")/div[@id="app"]/div[@class="kt-portlet kt-portlet--bordered"]/div[@class="kt-portlet__body"]/div[@class="kt-datatable kt-datatable--default kt-datatable--brand kt-datatable--loaded"]/div[@class="bootstrap-table bootstrap4"]/div[@class="fixed-table-container"]/div[@class="fixed-table-body"]/table[@class="table table-bordered table-hover"]/thead[1]/tr[1]/th[7]/div[@class="th-inner"][count(. | //div[@class = 'th-inner ' and (text() = 'Opciones' or . = 'Opciones')]) = count(//div[@class = 'th-inner ' and (text() = 'Opciones' or . = 'Opciones')])]'. Please recheck the objects properties to make sure the desired element is located. 

20-03-2024T18:51:32 - [MESSAGE][WARNING] - [SELF-HEALING] Failed to find element with id 'Object Repository/Page_Visualizar PRODUCTOS/div_Opciones'. Try using Self-healing.

20-03-2024T18:51:32 - [MESSAGE][WARNING] - [SELF-HEALING] The current locator of test object 'Object Repository/Page_Visualizar PRODUCTOS/div_Opciones' was broken. Propose an alternative one: '//div[@id='app']/div[2]/div/div/div[2]/div[2]/div[2]/table/thead/tr/th[7]/div'.

20-03-2024T18:51:32 - [MESSAGE][PASSED] - Object 'Object Repository/Page_Visualizar PRODUCTOS/div_Opciones' is present

20-03-2024T18:51:32 - [TEST_STEP][PASSED] - waitForElementPresent(findTestObject("Page_Visualizar PRODUCTOS/button_Filtros"), 6): Object 'Object Repository/Page_Visualizar PRODUCTOS/button_Filtros' is present

20-03-2024T18:51:33 - [MESSAGE][PASSED] - Object 'Object Repository/Page_Visualizar PRODUCTOS/button_Filtros' is present

20-03-2024T18:51:33 - [TEST_STEP][PASSED] - waitForElementPresent(findTestObject("Page_Visualizar PRODUCTOS/IconoOjoProduct"), 4): Object 'Object Repository/Page_Visualizar PRODUCTOS/IconoOjoProduct' is present

20-03-2024T18:51:33 - [MESSAGE][PASSED] - Object 'Object Repository/Page_Visualizar PRODUCTOS/IconoOjoProduct' is present

20-03-2024T18:51:33 - [TEST_STEP][PASSED] - doubleClick(findTestObject("Page_Visualizar PRODUCTOS/IconoOjoProduct")): Object: 'Object Repository/Page_Visualizar PRODUCTOS/IconoOjoProduct' is double clicked on

20-03-2024T18:51:35 - [MESSAGE][PASSED] - Object: 'Object Repository/Page_Visualizar PRODUCTOS/IconoOjoProduct' is double clicked on

20-03-2024T18:51:35 - [TEST_STEP][PASSED] - waitForElementPresent(findTestObject("Page_Visualizar PRODUCTOS/h3_Mostrar Producto"), 0): Object 'Object Repository/Page_Visualizar PRODUCTOS/h3_Mostrar Producto' is present

20-03-2024T18:51:35 - [MESSAGE][WARNING] - Timeout '0' is invalid. Using default page load timeout: '30'

20-03-2024T18:51:36 - [MESSAGE][PASSED] - Object 'Object Repository/Page_Visualizar PRODUCTOS/h3_Mostrar Producto' is present

20-03-2024T18:51:36 - [TEST_STEP][PASSED] - click(findTestObject("Page_Visualizar PRODUCTOS/ExpandDatosBasicosProduct")): Object: 'Object Repository/Page_Visualizar PRODUCTOS/ExpandDatosBasicosProduct' is clicked on

20-03-2024T18:51:36 - [MESSAGE][PASSED] - Object: 'Object Repository/Page_Visualizar PRODUCTOS/ExpandDatosBasicosProduct' is clicked on]]></system-out>
         <system-err><![CDATA[]]></system-err>
      </testcase>
      <system-out><![CDATA[20-03-2024T18:49:27 - [TEST_SUITE][PASSED] - Test Plan Regresión Core: Test Cases/P25-2244-Visualizar productos-Ver detalle]]></system-out>
      <system-err><![CDATA[]]></system-err>
   </testsuite>
</testsuites>
