<?xml version="1.0" encoding="UTF-8"?>
<testsuites name="Test Plan Regresión Core" time="161.33" tests="7" failures="0" errors="0">
   <testsuite name="Test Plan Regresión Core" tests="7" failures="0" errors="0" time="161.33" skipped="0" timestamp="21-03-2024T10:13:26" hostname="afernandezd - localhost" id="Test Suites/Test Plan Regresión Core">
      <properties>
         <property name="deviceName" value=""/>
         <property name="devicePlatform" value=""/>
         <property name="logFolder" value="/Users/afernandezd/Katalon Studio/Pricing-PrimeraPrueba/Reports/20240321_101324/Test Plan Regresi\u00F3n Core/20240321_101325"/>
         <property name="logFiles" value="/Users/afernandezd/Katalon Studio/Pricing-PrimeraPrueba/Reports/20240321_101324/Test Plan Regresi\u00F3n Core/20240321_101325/execution0.log"/>
         <property name="attachments" value=""/>
         <property name="hostName" value="afernandezd - localhost"/>
         <property name="os" value="Mac OS X 64bit"/>
         <property name="katalonVersion" value="9.3.1.212"/>
         <property name="browser" value="Chrome 123.0.0.0"/>
         <property name="hostAddress" value="127.0.0.1"/>
         <property name="sessionId" value="ae8cef35795171ace3da4325572ae8b6"/>
         <property name="seleniumVersion" value="3.141.59"/>
         <property name="proxyInformation" value="ProxyInformation { proxyOption=NO_PROXY, proxyServerType=HTTP, username=, password=********, proxyServerAddress=, proxyServerPort=0, executionList=&quot;&quot;, isApplyToDesiredCapabilities=true }"/>
         <property name="platform" value="Mac OS X"/>
      </properties>
      <testcase name="Test Cases/P25-LoginPricing-KO-user" time="12.483" classname="Test Cases/P25-LoginPricing-KO-user" status="PASSED">
         <system-out><![CDATA[21-03-2024T10:13:26 - [TEST_CASE][PASSED] - Test Cases/P25-LoginPricing-KO-user: Test Cases/P25-LoginPricing-KO-user

21-03-2024T10:13:27 - [TEST_STEP][PASSED] - openBrowser(""): Browser is opened with url: ''

21-03-2024T10:13:27 - [MESSAGE][INFO] - Starting 'Chrome' driver

21-03-2024T10:13:27 - [MESSAGE][INFO] - Action delay is set to 0 milliseconds

21-03-2024T10:13:28 - [MESSAGE][PASSED] - Browser is opened with url: ''

21-03-2024T10:13:28 - [TEST_STEP][PASSED] - navigateToUrl("https://pre-pricing.recordgo.cloud/login"): Navigate to 'https://pre-pricing.recordgo.cloud/login' successfully

21-03-2024T10:13:34 - [MESSAGE][PASSED] - Navigate to 'https://pre-pricing.recordgo.cloud/login' successfully

21-03-2024T10:13:34 - [TEST_STEP][PASSED] - maximizeWindow(): Current window maximized

21-03-2024T10:13:34 - [MESSAGE][PASSED] - Current window maximized

21-03-2024T10:13:34 - [TEST_STEP][PASSED] - setText(findTestObject("Page_Login/input_Log in to your account__username"), "anio.diego"): Text 'anio.diego' is set on object 'Object Repository/Page_Login/input_Log in to your account__username'

21-03-2024T10:13:35 - [MESSAGE][PASSED] - Text 'anio.diego' is set on object 'Object Repository/Page_Login/input_Log in to your account__username'

21-03-2024T10:13:35 - [TEST_STEP][PASSED] - setEncryptedText(findTestObject("Object Repository/Page_Login/input_Log in to your account__password"), "4WoE78dHD36JvULd0ZrVWg=="): Text ****** has been set on object 'Object Repository/Page_Login/input_Log in to your account__password'

21-03-2024T10:13:36 - [MESSAGE][PASSED] - Text ****** has been set on object 'Object Repository/Page_Login/input_Log in to your account__password'

21-03-2024T10:13:36 - [TEST_STEP][PASSED] - selectOptionByValue(findTestObject("Object Repository/Page_Login/select_Select an option CANARY ISLAND"), "IC", true): All options with value 'IC' are selected in object 'Object Repository/Page_Login/select_Select an option CANARY ISLAND'  using regular expression

21-03-2024T10:13:36 - [MESSAGE][PASSED] - All options with value 'IC' are selected in object 'Object Repository/Page_Login/select_Select an option CANARY ISLAND'  using regular expression

21-03-2024T10:13:36 - [TEST_STEP][PASSED] - click(findTestObject("Object Repository/Page_Login/button_Login")): Object: 'Object Repository/Page_Login/button_Login' is clicked on

21-03-2024T10:13:37 - [MESSAGE][PASSED] - Object: 'Object Repository/Page_Login/button_Login' is clicked on

21-03-2024T10:13:37 - [TEST_STEP][PASSED] - waitForElementPresent(findTestObject("Page_Login/div_Invalid credentials"), 3): Object 'Object Repository/Page_Login/div_Invalid credentials' is present

21-03-2024T10:13:39 - [MESSAGE][PASSED] - Object 'Object Repository/Page_Login/div_Invalid credentials' is present

21-03-2024T10:13:39 - [TEST_STEP][PASSED] - waitForElementVisible(findTestObject("Page_Login/div_Invalid credentials"), 3): Object 'Object Repository/Page_Login/div_Invalid credentials' is visible

21-03-2024T10:13:39 - [MESSAGE][PASSED] - Object 'Object Repository/Page_Login/div_Invalid credentials' is visible

21-03-2024T10:13:39 - [TEST_STEP][PASSED] - closeBrowser(): Browser is closed

21-03-2024T10:13:39 - [MESSAGE][PASSED] - Browser is closed]]></system-out>
         <system-err><![CDATA[]]></system-err>
      </testcase>
      <testcase name="Test Cases/P25-LoginPricing-KO-pass" time="11.362" classname="Test Cases/P25-LoginPricing-KO-pass" status="PASSED">
         <system-out><![CDATA[21-03-2024T10:13:39 - [TEST_CASE][PASSED] - Test Cases/P25-LoginPricing-KO-pass: Test Cases/P25-LoginPricing-KO-pass

21-03-2024T10:13:39 - [TEST_STEP][PASSED] - openBrowser(""): Browser is opened with url: ''

21-03-2024T10:13:39 - [MESSAGE][INFO] - Starting 'Chrome' driver

21-03-2024T10:13:39 - [MESSAGE][INFO] - Action delay is set to 0 milliseconds

21-03-2024T10:13:40 - [MESSAGE][PASSED] - Browser is opened with url: ''

21-03-2024T10:13:40 - [TEST_STEP][PASSED] - navigateToUrl("https://pre-pricing.recordgo.cloud/login"): Navigate to 'https://pre-pricing.recordgo.cloud/login' successfully

21-03-2024T10:13:45 - [MESSAGE][PASSED] - Navigate to 'https://pre-pricing.recordgo.cloud/login' successfully

21-03-2024T10:13:45 - [TEST_STEP][PASSED] - maximizeWindow(): Current window maximized

21-03-2024T10:13:45 - [MESSAGE][PASSED] - Current window maximized

21-03-2024T10:13:45 - [TEST_STEP][PASSED] - setText(findTestObject("Page_Login/input_Log in to your account__username"), "antonio.diego"): Text 'antonio.diego' is set on object 'Object Repository/Page_Login/input_Log in to your account__username'

21-03-2024T10:13:47 - [MESSAGE][PASSED] - Text 'antonio.diego' is set on object 'Object Repository/Page_Login/input_Log in to your account__username'

21-03-2024T10:13:47 - [TEST_STEP][PASSED] - setEncryptedText(findTestObject("Object Repository/Page_Login/input_Log in to your account__password"), "y3nGvd+W12k="): Text ****** has been set on object 'Object Repository/Page_Login/input_Log in to your account__password'

21-03-2024T10:13:47 - [MESSAGE][PASSED] - Text ****** has been set on object 'Object Repository/Page_Login/input_Log in to your account__password'

21-03-2024T10:13:47 - [TEST_STEP][PASSED] - selectOptionByValue(findTestObject("Object Repository/Page_Login/select_Select an option CANARY ISLAND"), "IC", true): All options with value 'IC' are selected in object 'Object Repository/Page_Login/select_Select an option CANARY ISLAND'  using regular expression

21-03-2024T10:13:48 - [MESSAGE][PASSED] - All options with value 'IC' are selected in object 'Object Repository/Page_Login/select_Select an option CANARY ISLAND'  using regular expression

21-03-2024T10:13:48 - [TEST_STEP][PASSED] - click(findTestObject("Object Repository/Page_Login/button_Login")): Object: 'Object Repository/Page_Login/button_Login' is clicked on

21-03-2024T10:13:49 - [MESSAGE][PASSED] - Object: 'Object Repository/Page_Login/button_Login' is clicked on

21-03-2024T10:13:49 - [TEST_STEP][PASSED] - waitForElementPresent(findTestObject("Page_Login/div_Invalid credentials"), 3): Object 'Object Repository/Page_Login/div_Invalid credentials' is present

21-03-2024T10:13:50 - [MESSAGE][PASSED] - Object 'Object Repository/Page_Login/div_Invalid credentials' is present

21-03-2024T10:13:50 - [TEST_STEP][PASSED] - waitForElementVisible(findTestObject("Page_Login/div_Invalid credentials"), 3): Object 'Object Repository/Page_Login/div_Invalid credentials' is visible

21-03-2024T10:13:50 - [MESSAGE][PASSED] - Object 'Object Repository/Page_Login/div_Invalid credentials' is visible

21-03-2024T10:13:50 - [TEST_STEP][PASSED] - closeBrowser(): Browser is closed

21-03-2024T10:13:50 - [MESSAGE][PASSED] - Browser is closed]]></system-out>
         <system-err><![CDATA[]]></system-err>
      </testcase>
      <testcase name="Test Cases/P25-LoginPricing-OK" time="21.132" classname="Test Cases/P25-LoginPricing-OK" status="PASSED">
         <system-out><![CDATA[21-03-2024T10:13:50 - [TEST_CASE][PASSED] - Test Cases/P25-LoginPricing-OK: Test Cases/P25-LoginPricing-OK

21-03-2024T10:13:50 - [TEST_STEP][PASSED] - openBrowser(""): Browser is opened with url: ''

21-03-2024T10:13:50 - [MESSAGE][INFO] - Starting 'Chrome' driver

21-03-2024T10:13:50 - [MESSAGE][INFO] - Action delay is set to 0 milliseconds

21-03-2024T10:13:51 - [MESSAGE][PASSED] - Browser is opened with url: ''

21-03-2024T10:13:51 - [TEST_STEP][PASSED] - navigateToUrl("https://pre-pricing.recordgo.cloud/login"): Navigate to 'https://pre-pricing.recordgo.cloud/login' successfully

21-03-2024T10:14:05 - [MESSAGE][PASSED] - Navigate to 'https://pre-pricing.recordgo.cloud/login' successfully

21-03-2024T10:14:05 - [TEST_STEP][PASSED] - maximizeWindow(): Current window maximized

21-03-2024T10:14:06 - [MESSAGE][PASSED] - Current window maximized

21-03-2024T10:14:06 - [TEST_STEP][PASSED] - setText(findTestObject("Page_Login/input_Log in to your account__username"), "antonio.diego"): Text 'antonio.diego' is set on object 'Object Repository/Page_Login/input_Log in to your account__username'

21-03-2024T10:14:07 - [MESSAGE][PASSED] - Text 'antonio.diego' is set on object 'Object Repository/Page_Login/input_Log in to your account__username'

21-03-2024T10:14:07 - [TEST_STEP][PASSED] - setEncryptedText(findTestObject("Object Repository/Page_Login/input_Log in to your account__password"), "4WoE78dHD36JvULd0ZrVWg=="): Text ****** has been set on object 'Object Repository/Page_Login/input_Log in to your account__password'

21-03-2024T10:14:07 - [MESSAGE][PASSED] - Text ****** has been set on object 'Object Repository/Page_Login/input_Log in to your account__password'

21-03-2024T10:14:07 - [TEST_STEP][PASSED] - selectOptionByValue(findTestObject("Object Repository/Page_Login/select_Select an option CANARY ISLAND"), "IC", true): All options with value 'IC' are selected in object 'Object Repository/Page_Login/select_Select an option CANARY ISLAND'  using regular expression

21-03-2024T10:14:08 - [MESSAGE][PASSED] - All options with value 'IC' are selected in object 'Object Repository/Page_Login/select_Select an option CANARY ISLAND'  using regular expression

21-03-2024T10:14:08 - [TEST_STEP][PASSED] - click(findTestObject("Object Repository/Page_Login/button_Login")): Object: 'Object Repository/Page_Login/button_Login' is clicked on

21-03-2024T10:14:10 - [MESSAGE][PASSED] - Object: 'Object Repository/Page_Login/button_Login' is clicked on

21-03-2024T10:14:10 - [TEST_STEP][PASSED] - waitForElementVisible(findTestObject("Page_PRICING/img"), 0): Object 'Object Repository/Page_PRICING/img' is visible

21-03-2024T10:14:10 - [MESSAGE][WARNING] - Timeout '0' is invalid. Using default page load timeout: '30'

21-03-2024T10:14:11 - [MESSAGE][PASSED] - Object 'Object Repository/Page_PRICING/img' is visible

21-03-2024T10:14:11 - [TEST_STEP][PASSED] - verifyElementVisible(findTestObject("Object Repository/Page_PRICING/img")): Object 'Object Repository/Page_PRICING/img' is visible

21-03-2024T10:14:11 - [MESSAGE][PASSED] - Object 'Object Repository/Page_PRICING/img' is visible

21-03-2024T10:14:11 - [TEST_STEP][PASSED] - closeBrowser(): Browser is closed

21-03-2024T10:14:11 - [MESSAGE][PASSED] - Browser is closed]]></system-out>
         <system-err><![CDATA[]]></system-err>
      </testcase>
      <testcase name="Test Cases/P25-2163-PRODUCTOS-VisualizarProductos" time="19.745" classname="Test Cases/P25-2163-PRODUCTOS-VisualizarProductos" status="PASSED">
         <system-out><![CDATA[21-03-2024T10:14:11 - [TEST_CASE][PASSED] - Test Cases/P25-2163-PRODUCTOS-VisualizarProductos: Test Cases/P25-2163-PRODUCTOS-VisualizarProductos

21-03-2024T10:14:11 - [TEST_STEP][PASSED] - openBrowser(""): Browser is opened with url: ''

21-03-2024T10:14:11 - [MESSAGE][INFO] - Starting 'Chrome' driver

21-03-2024T10:14:11 - [MESSAGE][INFO] - Action delay is set to 0 milliseconds

21-03-2024T10:14:12 - [MESSAGE][PASSED] - Browser is opened with url: ''

21-03-2024T10:14:12 - [TEST_STEP][PASSED] - navigateToUrl("https://pre-pricing.recordgo.cloud/login"): Navigate to 'https://pre-pricing.recordgo.cloud/login' successfully

21-03-2024T10:14:18 - [MESSAGE][PASSED] - Navigate to 'https://pre-pricing.recordgo.cloud/login' successfully

21-03-2024T10:14:18 - [TEST_STEP][PASSED] - maximizeWindow(): Current window maximized

21-03-2024T10:14:19 - [MESSAGE][PASSED] - Current window maximized

21-03-2024T10:14:19 - [TEST_STEP][PASSED] - setText(findTestObject("Page_Login/input_Log in to your account__username"), "antonio.diego"): Text 'antonio.diego' is set on object 'Object Repository/Page_Login/input_Log in to your account__username'

21-03-2024T10:14:20 - [MESSAGE][PASSED] - Text 'antonio.diego' is set on object 'Object Repository/Page_Login/input_Log in to your account__username'

21-03-2024T10:14:20 - [TEST_STEP][PASSED] - setEncryptedText(findTestObject("Object Repository/Page_Login/input_Log in to your account__password"), "4WoE78dHD36JvULd0ZrVWg=="): Text ****** has been set on object 'Object Repository/Page_Login/input_Log in to your account__password'

21-03-2024T10:14:20 - [MESSAGE][PASSED] - Text ****** has been set on object 'Object Repository/Page_Login/input_Log in to your account__password'

21-03-2024T10:14:20 - [TEST_STEP][PASSED] - selectOptionByValue(findTestObject("Object Repository/Page_Login/select_Select an option CANARY ISLAND"), "IC", true): All options with value 'IC' are selected in object 'Object Repository/Page_Login/select_Select an option CANARY ISLAND'  using regular expression

21-03-2024T10:14:21 - [MESSAGE][PASSED] - All options with value 'IC' are selected in object 'Object Repository/Page_Login/select_Select an option CANARY ISLAND'  using regular expression

21-03-2024T10:14:21 - [TEST_STEP][PASSED] - click(findTestObject("Object Repository/Page_Login/button_Login")): Object: 'Object Repository/Page_Login/button_Login' is clicked on

21-03-2024T10:14:23 - [MESSAGE][PASSED] - Object: 'Object Repository/Page_Login/button_Login' is clicked on

21-03-2024T10:14:23 - [TEST_STEP][PASSED] - waitForElementVisible(findTestObject("Page_PRICING/img"), 5): Object 'Object Repository/Page_PRICING/img' is visible

21-03-2024T10:14:23 - [MESSAGE][PASSED] - Object 'Object Repository/Page_PRICING/img' is visible

21-03-2024T10:14:23 - [TEST_STEP][PASSED] - verifyElementVisible(findTestObject("Object Repository/Page_PRICING/img")): Object 'Object Repository/Page_PRICING/img' is visible

21-03-2024T10:14:24 - [MESSAGE][PASSED] - Object 'Object Repository/Page_PRICING/img' is visible

21-03-2024T10:14:24 - [TEST_STEP][PASSED] - waitForElementVisible(findTestObject("Page_PRICING/span_PRODUCTOS"), 3): Object 'Object Repository/Page_PRICING/span_PRODUCTOS' is visible

21-03-2024T10:14:24 - [MESSAGE][PASSED] - Object 'Object Repository/Page_PRICING/span_PRODUCTOS' is visible

21-03-2024T10:14:24 - [TEST_STEP][PASSED] - click(findTestObject("Object Repository/Page_PRICING/span_PRODUCTOS")): Object: 'Object Repository/Page_PRICING/span_PRODUCTOS' is clicked on

21-03-2024T10:14:24 - [MESSAGE][PASSED] - Object: 'Object Repository/Page_PRICING/span_PRODUCTOS' is clicked on

21-03-2024T10:14:24 - [TEST_STEP][PASSED] - waitForElementVisible(findTestObject("Page_PRICING/span_Producto"), 3): Object 'Object Repository/Page_PRICING/span_Producto' is visible

21-03-2024T10:14:25 - [MESSAGE][PASSED] - Object 'Object Repository/Page_PRICING/span_Producto' is visible

21-03-2024T10:14:25 - [TEST_STEP][PASSED] - click(findTestObject("Object Repository/Page_PRICING/span_Producto")): Object: 'Object Repository/Page_PRICING/span_Producto' is clicked on

21-03-2024T10:14:25 - [MESSAGE][PASSED] - Object: 'Object Repository/Page_PRICING/span_Producto' is clicked on

21-03-2024T10:14:25 - [TEST_STEP][PASSED] - waitForElementVisible(findTestObject("Page_PRICING/span_Visualizar"), 3): Object 'Object Repository/Page_PRICING/span_Visualizar' is visible

21-03-2024T10:14:25 - [MESSAGE][PASSED] - Object 'Object Repository/Page_PRICING/span_Visualizar' is visible

21-03-2024T10:14:25 - [TEST_STEP][PASSED] - click(findTestObject("Object Repository/Page_PRICING/span_Visualizar"), STOP_ON_FAILURE): Object: 'Object Repository/Page_PRICING/span_Visualizar' is clicked on

21-03-2024T10:14:27 - [MESSAGE][PASSED] - Object: 'Object Repository/Page_PRICING/span_Visualizar' is clicked on

21-03-2024T10:14:27 - [TEST_STEP][PASSED] - waitForElementVisible(findTestObject("Page_Visualizar PRODUCTOS/div_Cdigo"), 3): Object 'Object Repository/Page_Visualizar PRODUCTOS/div_Cdigo' is not visible after 3 second(s)

21-03-2024T10:14:31 - [MESSAGE][WARNING] - Object 'Object Repository/Page_Visualizar PRODUCTOS/div_Cdigo' is not visible after 3 second(s)

21-03-2024T10:14:31 - [TEST_STEP][PASSED] - verifyElementPresent(findTestObject("Page_Visualizar PRODUCTOS/div_Cdigo"), 3): Object 'Object Repository/Page_Visualizar PRODUCTOS/div_Cdigo' is present

21-03-2024T10:14:31 - [MESSAGE][PASSED] - Object 'Object Repository/Page_Visualizar PRODUCTOS/div_Cdigo' is present

21-03-2024T10:14:31 - [TEST_STEP][PASSED] - closeBrowser(): Browser is closed

21-03-2024T10:14:31 - [MESSAGE][PASSED] - Browser is closed]]></system-out>
         <system-err><![CDATA[]]></system-err>
      </testcase>
      <testcase name="Test Cases/P25-2167-PRODUCTOS-Visualizar productos-Ver Histórico" time="34.659" classname="Test Cases/P25-2167-PRODUCTOS-Visualizar productos-Ver Histórico" status="PASSED">
         <system-out><![CDATA[21-03-2024T10:14:31 - [TEST_CASE][PASSED] - Test Cases/P25-2167-PRODUCTOS-Visualizar productos-Ver Histórico: Test Cases/P25-2167-PRODUCTOS-Visualizar productos-Ver Histórico

21-03-2024T10:14:31 - [TEST_STEP][PASSED] - openBrowser(""): Browser is opened with url: ''

21-03-2024T10:14:31 - [MESSAGE][INFO] - Starting 'Chrome' driver

21-03-2024T10:14:31 - [MESSAGE][INFO] - Action delay is set to 0 milliseconds

21-03-2024T10:14:32 - [MESSAGE][PASSED] - Browser is opened with url: ''

21-03-2024T10:14:32 - [TEST_STEP][PASSED] - navigateToUrl("https://pre-pricing.recordgo.cloud/login"): Navigate to 'https://pre-pricing.recordgo.cloud/login' successfully

21-03-2024T10:14:44 - [MESSAGE][PASSED] - Navigate to 'https://pre-pricing.recordgo.cloud/login' successfully

21-03-2024T10:14:44 - [TEST_STEP][PASSED] - maximizeWindow(): Current window maximized

21-03-2024T10:14:44 - [MESSAGE][PASSED] - Current window maximized

21-03-2024T10:14:44 - [TEST_STEP][PASSED] - setText(findTestObject("Page_Login/input_Log in to your account__username"), "antonio.diego"): Text 'antonio.diego' is set on object 'Object Repository/Page_Login/input_Log in to your account__username'

21-03-2024T10:14:45 - [MESSAGE][PASSED] - Text 'antonio.diego' is set on object 'Object Repository/Page_Login/input_Log in to your account__username'

21-03-2024T10:14:45 - [TEST_STEP][PASSED] - setEncryptedText(findTestObject("Object Repository/Page_Login/input_Log in to your account__password"), "4WoE78dHD36JvULd0ZrVWg=="): Text ****** has been set on object 'Object Repository/Page_Login/input_Log in to your account__password'

21-03-2024T10:14:45 - [MESSAGE][PASSED] - Text ****** has been set on object 'Object Repository/Page_Login/input_Log in to your account__password'

21-03-2024T10:14:45 - [TEST_STEP][PASSED] - selectOptionByValue(findTestObject("Object Repository/Page_Login/select_Select an option CANARY ISLAND"), "IC", true): All options with value 'IC' are selected in object 'Object Repository/Page_Login/select_Select an option CANARY ISLAND'  using regular expression

21-03-2024T10:14:46 - [MESSAGE][PASSED] - All options with value 'IC' are selected in object 'Object Repository/Page_Login/select_Select an option CANARY ISLAND'  using regular expression

21-03-2024T10:14:46 - [TEST_STEP][PASSED] - click(findTestObject("Page_Login/button_Login")): Object: 'Object Repository/Page_Login/button_Login' is clicked on

21-03-2024T10:14:49 - [MESSAGE][PASSED] - Object: 'Object Repository/Page_Login/button_Login' is clicked on

21-03-2024T10:14:49 - [TEST_STEP][PASSED] - waitForElementVisible(findTestObject("Page_PRICING/img"), 8): Object 'Object Repository/Page_PRICING/img' is visible

21-03-2024T10:14:50 - [MESSAGE][PASSED] - Object 'Object Repository/Page_PRICING/img' is visible

21-03-2024T10:14:50 - [TEST_STEP][PASSED] - waitForElementVisible(findTestObject("Page_PRICING/span_PRODUCTOS"), 8): Object 'Object Repository/Page_PRICING/span_PRODUCTOS' is visible

21-03-2024T10:14:50 - [MESSAGE][PASSED] - Object 'Object Repository/Page_PRICING/span_PRODUCTOS' is visible

21-03-2024T10:14:50 - [TEST_STEP][PASSED] - click(findTestObject("Page_PRICING/span_PRODUCTOS")): Object: 'Object Repository/Page_PRICING/span_PRODUCTOS' is clicked on

21-03-2024T10:14:50 - [MESSAGE][PASSED] - Object: 'Object Repository/Page_PRICING/span_PRODUCTOS' is clicked on

21-03-2024T10:14:50 - [TEST_STEP][PASSED] - waitForElementVisible(findTestObject("Page_PRICING/span_Producto"), 8): Object 'Object Repository/Page_PRICING/span_Producto' is visible

21-03-2024T10:14:51 - [MESSAGE][PASSED] - Object 'Object Repository/Page_PRICING/span_Producto' is visible

21-03-2024T10:14:51 - [TEST_STEP][PASSED] - click(findTestObject("Page_PRICING/span_Producto")): Object: 'Object Repository/Page_PRICING/span_Producto' is clicked on

21-03-2024T10:14:51 - [MESSAGE][PASSED] - Object: 'Object Repository/Page_PRICING/span_Producto' is clicked on

21-03-2024T10:14:51 - [TEST_STEP][PASSED] - waitForElementVisible(findTestObject("Page_PRICING/span_Visualizar"), 8): Object 'Object Repository/Page_PRICING/span_Visualizar' is visible

21-03-2024T10:14:51 - [MESSAGE][PASSED] - Object 'Object Repository/Page_PRICING/span_Visualizar' is visible

21-03-2024T10:14:51 - [TEST_STEP][PASSED] - click(findTestObject("Page_PRICING/span_Visualizar")): Object: 'Object Repository/Page_PRICING/span_Visualizar' is clicked on

21-03-2024T10:14:53 - [MESSAGE][PASSED] - Object: 'Object Repository/Page_PRICING/span_Visualizar' is clicked on

21-03-2024T10:14:53 - [TEST_STEP][PASSED] - waitForElementPresent(findTestObject("Page_Visualizar PRODUCTOS/div_Cdigo"), 6): Object 'Object Repository/Page_Visualizar PRODUCTOS/div_Cdigo' is present

21-03-2024T10:14:54 - [MESSAGE][PASSED] - Object 'Object Repository/Page_Visualizar PRODUCTOS/div_Cdigo' is present

21-03-2024T10:14:54 - [TEST_STEP][PASSED] - waitForElementPresent(findTestObject("Page_Visualizar PRODUCTOS/div_Opciones"), 6): Object 'Object Repository/Page_Visualizar PRODUCTOS/div_Opciones' is present

21-03-2024T10:15:01 - [MESSAGE][INFO] - Unable to find the element located by 'By.xpath: id("kt_content")/div[@id="app"]/div[@class="kt-portlet kt-portlet--bordered"]/div[@class="kt-portlet__body"]/div[@class="kt-datatable kt-datatable--default kt-datatable--brand kt-datatable--loaded"]/div[@class="bootstrap-table bootstrap4"]/div[@class="fixed-table-container"]/div[@class="fixed-table-body"]/table[@class="table table-bordered table-hover"]/thead[1]/tr[1]/th[7]/div[@class="th-inner"][count(. | //div[@class = 'th-inner ' and (text() = 'Opciones' or . = 'Opciones')]) = count(//div[@class = 'th-inner ' and (text() = 'Opciones' or . = 'Opciones')])]'. Please recheck the objects properties to make sure the desired element is located. 

21-03-2024T10:15:01 - [MESSAGE][WARNING] - [SELF-HEALING] Failed to find element with id 'Object Repository/Page_Visualizar PRODUCTOS/div_Opciones'. Try using Self-healing.

21-03-2024T10:15:01 - [MESSAGE][WARNING] - [SELF-HEALING] The current locator of test object 'Object Repository/Page_Visualizar PRODUCTOS/div_Opciones' was broken. Propose an alternative one: '//div[@id='app']/div[2]/div/div/div[2]/div[2]/div[2]/table/thead/tr/th[7]/div'.

21-03-2024T10:15:01 - [MESSAGE][PASSED] - Object 'Object Repository/Page_Visualizar PRODUCTOS/div_Opciones' is present

21-03-2024T10:15:01 - [TEST_STEP][PASSED] - waitForElementPresent(findTestObject("Page_Visualizar PRODUCTOS/button_Filtros"), 6): Object 'Object Repository/Page_Visualizar PRODUCTOS/button_Filtros' is present

21-03-2024T10:15:02 - [MESSAGE][PASSED] - Object 'Object Repository/Page_Visualizar PRODUCTOS/button_Filtros' is present

21-03-2024T10:15:02 - [TEST_STEP][PASSED] - waitForElementPresent(findTestObject("Page_Visualizar PRODUCTOS/IconHistorico"), 0): Object 'Object Repository/Page_Visualizar PRODUCTOS/IconHistorico' is present

21-03-2024T10:15:02 - [MESSAGE][WARNING] - Timeout '0' is invalid. Using default page load timeout: '30'

21-03-2024T10:15:02 - [MESSAGE][PASSED] - Object 'Object Repository/Page_Visualizar PRODUCTOS/IconHistorico' is present

21-03-2024T10:15:02 - [TEST_STEP][PASSED] - doubleClick(findTestObject("Page_Visualizar PRODUCTOS/IconHistorico")): Object: 'Object Repository/Page_Visualizar PRODUCTOS/IconHistorico' is double clicked on

21-03-2024T10:15:02 - [MESSAGE][PASSED] - Object: 'Object Repository/Page_Visualizar PRODUCTOS/IconHistorico' is double clicked on

21-03-2024T10:15:02 - [TEST_STEP][PASSED] - waitForElementPresent(findTestObject("Object Repository/Page_Visualizar PRODUCTOS/h5_Histrico de producto"), 4): Object 'Object Repository/Page_Visualizar PRODUCTOS/h5_Histrico de producto' is present

21-03-2024T10:15:03 - [MESSAGE][PASSED] - Object 'Object Repository/Page_Visualizar PRODUCTOS/h5_Histrico de producto' is present

21-03-2024T10:15:03 - [TEST_STEP][PASSED] - waitForElementPresent(findTestObject("Object Repository/Page_Visualizar PRODUCTOS/IconoOjoHist"), 4): Object 'Object Repository/Page_Visualizar PRODUCTOS/IconoOjoHist' is present

21-03-2024T10:15:03 - [MESSAGE][PASSED] - Object 'Object Repository/Page_Visualizar PRODUCTOS/IconoOjoHist' is present

21-03-2024T10:15:03 - [TEST_STEP][PASSED] - doubleClick(findTestObject("Object Repository/Page_Visualizar PRODUCTOS/IconoOjoHist")): Object: 'Object Repository/Page_Visualizar PRODUCTOS/IconoOjoHist' is double clicked on

21-03-2024T10:15:06 - [MESSAGE][PASSED] - Object: 'Object Repository/Page_Visualizar PRODUCTOS/IconoOjoHist' is double clicked on

21-03-2024T10:15:06 - [TEST_STEP][PASSED] - comment(""): 

21-03-2024T10:15:06 - [MESSAGE][INFO] - 

21-03-2024T10:15:06 - [TEST_STEP][PASSED] - closeBrowser(): Browser is closed

21-03-2024T10:15:06 - [MESSAGE][PASSED] - Browser is closed]]></system-out>
         <system-err><![CDATA[]]></system-err>
      </testcase>
      <testcase name="Test Cases/P25-2244-PRODUCTOS-Visualizar productos-Ver detalle" time="38.629" classname="Test Cases/P25-2244-PRODUCTOS-Visualizar productos-Ver detalle" status="PASSED">
         <system-out><![CDATA[21-03-2024T10:15:06 - [TEST_CASE][PASSED] - Test Cases/P25-2244-PRODUCTOS-Visualizar productos-Ver detalle: Test Cases/P25-2244-PRODUCTOS-Visualizar productos-Ver detalle

21-03-2024T10:15:06 - [TEST_STEP][PASSED] - openBrowser(""): Browser is opened with url: ''

21-03-2024T10:15:06 - [MESSAGE][INFO] - Starting 'Chrome' driver

21-03-2024T10:15:06 - [MESSAGE][INFO] - Action delay is set to 0 milliseconds

21-03-2024T10:15:06 - [MESSAGE][PASSED] - Browser is opened with url: ''

21-03-2024T10:15:06 - [TEST_STEP][PASSED] - navigateToUrl("https://pre-pricing.recordgo.cloud/login"): Navigate to 'https://pre-pricing.recordgo.cloud/login' successfully

21-03-2024T10:15:22 - [MESSAGE][PASSED] - Navigate to 'https://pre-pricing.recordgo.cloud/login' successfully

21-03-2024T10:15:22 - [TEST_STEP][PASSED] - maximizeWindow(): Current window maximized

21-03-2024T10:15:23 - [MESSAGE][PASSED] - Current window maximized

21-03-2024T10:15:23 - [TEST_STEP][PASSED] - setText(findTestObject("Page_Login/input_Log in to your account__username"), "antonio.diego"): Text 'antonio.diego' is set on object 'Object Repository/Page_Login/input_Log in to your account__username'

21-03-2024T10:15:24 - [MESSAGE][PASSED] - Text 'antonio.diego' is set on object 'Object Repository/Page_Login/input_Log in to your account__username'

21-03-2024T10:15:24 - [TEST_STEP][PASSED] - setEncryptedText(findTestObject("Object Repository/Page_Login/input_Log in to your account__password"), "4WoE78dHD36JvULd0ZrVWg=="): Text ****** has been set on object 'Object Repository/Page_Login/input_Log in to your account__password'

21-03-2024T10:15:24 - [MESSAGE][PASSED] - Text ****** has been set on object 'Object Repository/Page_Login/input_Log in to your account__password'

21-03-2024T10:15:24 - [TEST_STEP][PASSED] - selectOptionByValue(findTestObject("Object Repository/Page_Login/select_Select an option CANARY ISLAND"), "IC", true): All options with value 'IC' are selected in object 'Object Repository/Page_Login/select_Select an option CANARY ISLAND'  using regular expression

21-03-2024T10:15:25 - [MESSAGE][PASSED] - All options with value 'IC' are selected in object 'Object Repository/Page_Login/select_Select an option CANARY ISLAND'  using regular expression

21-03-2024T10:15:25 - [TEST_STEP][PASSED] - click(findTestObject("Page_Login/button_Login")): Object: 'Object Repository/Page_Login/button_Login' is clicked on

21-03-2024T10:15:28 - [MESSAGE][PASSED] - Object: 'Object Repository/Page_Login/button_Login' is clicked on

21-03-2024T10:15:28 - [TEST_STEP][PASSED] - waitForElementVisible(findTestObject("Page_PRICING/img"), 5): Object 'Object Repository/Page_PRICING/img' is visible

21-03-2024T10:15:29 - [MESSAGE][PASSED] - Object 'Object Repository/Page_PRICING/img' is visible

21-03-2024T10:15:29 - [TEST_STEP][PASSED] - waitForElementVisible(findTestObject("Page_PRICING/span_PRODUCTOS"), 5): Object 'Object Repository/Page_PRICING/span_PRODUCTOS' is visible

21-03-2024T10:15:29 - [MESSAGE][PASSED] - Object 'Object Repository/Page_PRICING/span_PRODUCTOS' is visible

21-03-2024T10:15:29 - [TEST_STEP][PASSED] - click(findTestObject("Page_PRICING/span_PRODUCTOS")): Object: 'Object Repository/Page_PRICING/span_PRODUCTOS' is clicked on

21-03-2024T10:15:29 - [MESSAGE][PASSED] - Object: 'Object Repository/Page_PRICING/span_PRODUCTOS' is clicked on

21-03-2024T10:15:29 - [TEST_STEP][PASSED] - waitForElementVisible(findTestObject("Page_PRICING/span_Producto"), 5): Object 'Object Repository/Page_PRICING/span_Producto' is visible

21-03-2024T10:15:30 - [MESSAGE][PASSED] - Object 'Object Repository/Page_PRICING/span_Producto' is visible

21-03-2024T10:15:30 - [TEST_STEP][PASSED] - click(findTestObject("Page_PRICING/span_Producto")): Object: 'Object Repository/Page_PRICING/span_Producto' is clicked on

21-03-2024T10:15:30 - [MESSAGE][PASSED] - Object: 'Object Repository/Page_PRICING/span_Producto' is clicked on

21-03-2024T10:15:30 - [TEST_STEP][PASSED] - waitForElementVisible(findTestObject("Page_PRICING/span_Visualizar"), 5): Object 'Object Repository/Page_PRICING/span_Visualizar' is visible

21-03-2024T10:15:30 - [MESSAGE][PASSED] - Object 'Object Repository/Page_PRICING/span_Visualizar' is visible

21-03-2024T10:15:30 - [TEST_STEP][PASSED] - click(findTestObject("Page_PRICING/span_Visualizar")): Object: 'Object Repository/Page_PRICING/span_Visualizar' is clicked on

21-03-2024T10:15:32 - [MESSAGE][PASSED] - Object: 'Object Repository/Page_PRICING/span_Visualizar' is clicked on

21-03-2024T10:15:32 - [TEST_STEP][PASSED] - waitForElementPresent(findTestObject("Page_Visualizar PRODUCTOS/div_Cdigo"), 5): Object 'Object Repository/Page_Visualizar PRODUCTOS/div_Cdigo' is present

21-03-2024T10:15:33 - [MESSAGE][PASSED] - Object 'Object Repository/Page_Visualizar PRODUCTOS/div_Cdigo' is present

21-03-2024T10:15:33 - [TEST_STEP][PASSED] - waitForElementPresent(findTestObject("Page_Visualizar PRODUCTOS/div_Opciones"), 5): Object 'Object Repository/Page_Visualizar PRODUCTOS/div_Opciones' is present

21-03-2024T10:15:40 - [MESSAGE][INFO] - Unable to find the element located by 'By.xpath: id("kt_content")/div[@id="app"]/div[@class="kt-portlet kt-portlet--bordered"]/div[@class="kt-portlet__body"]/div[@class="kt-datatable kt-datatable--default kt-datatable--brand kt-datatable--loaded"]/div[@class="bootstrap-table bootstrap4"]/div[@class="fixed-table-container"]/div[@class="fixed-table-body"]/table[@class="table table-bordered table-hover"]/thead[1]/tr[1]/th[7]/div[@class="th-inner"][count(. | //div[@class = 'th-inner ' and (text() = 'Opciones' or . = 'Opciones')]) = count(//div[@class = 'th-inner ' and (text() = 'Opciones' or . = 'Opciones')])]'. Please recheck the objects properties to make sure the desired element is located. 

21-03-2024T10:15:40 - [MESSAGE][WARNING] - [SELF-HEALING] Failed to find element with id 'Object Repository/Page_Visualizar PRODUCTOS/div_Opciones'. Try using Self-healing.

21-03-2024T10:15:40 - [MESSAGE][WARNING] - [SELF-HEALING] The current locator of test object 'Object Repository/Page_Visualizar PRODUCTOS/div_Opciones' was broken. Propose an alternative one: '//div[@id='app']/div[2]/div/div/div[2]/div[2]/div[2]/table/thead/tr/th[7]/div'.

21-03-2024T10:15:40 - [MESSAGE][PASSED] - Object 'Object Repository/Page_Visualizar PRODUCTOS/div_Opciones' is present

21-03-2024T10:15:40 - [TEST_STEP][PASSED] - waitForElementPresent(findTestObject("Page_Visualizar PRODUCTOS/button_Filtros"), 6): Object 'Object Repository/Page_Visualizar PRODUCTOS/button_Filtros' is present

21-03-2024T10:15:40 - [MESSAGE][PASSED] - Object 'Object Repository/Page_Visualizar PRODUCTOS/button_Filtros' is present

21-03-2024T10:15:40 - [TEST_STEP][PASSED] - waitForElementPresent(findTestObject("Page_Visualizar PRODUCTOS/IconoOjoProduct"), 4): Object 'Object Repository/Page_Visualizar PRODUCTOS/IconoOjoProduct' is present

21-03-2024T10:15:40 - [MESSAGE][PASSED] - Object 'Object Repository/Page_Visualizar PRODUCTOS/IconoOjoProduct' is present

21-03-2024T10:15:40 - [TEST_STEP][PASSED] - doubleClick(findTestObject("Page_Visualizar PRODUCTOS/IconoOjoProduct")): Object: 'Object Repository/Page_Visualizar PRODUCTOS/IconoOjoProduct' is double clicked on

21-03-2024T10:15:43 - [MESSAGE][PASSED] - Object: 'Object Repository/Page_Visualizar PRODUCTOS/IconoOjoProduct' is double clicked on

21-03-2024T10:15:43 - [TEST_STEP][PASSED] - waitForElementPresent(findTestObject("Page_Visualizar PRODUCTOS/h3_Mostrar Producto"), 3): Object 'Object Repository/Page_Visualizar PRODUCTOS/h3_Mostrar Producto' is present

21-03-2024T10:15:44 - [MESSAGE][PASSED] - Object 'Object Repository/Page_Visualizar PRODUCTOS/h3_Mostrar Producto' is present

21-03-2024T10:15:44 - [TEST_STEP][PASSED] - click(findTestObject("Page_Visualizar PRODUCTOS/ExpandDatosBasicosProduct")): Object: 'Object Repository/Page_Visualizar PRODUCTOS/ExpandDatosBasicosProduct' is clicked on

21-03-2024T10:15:44 - [MESSAGE][PASSED] - Object: 'Object Repository/Page_Visualizar PRODUCTOS/ExpandDatosBasicosProduct' is clicked on

21-03-2024T10:15:44 - [TEST_STEP][PASSED] - closeBrowser(): Browser is closed

21-03-2024T10:15:44 - [MESSAGE][PASSED] - Browser is closed]]></system-out>
         <system-err><![CDATA[]]></system-err>
      </testcase>
      <testcase name="Test Cases/P25-2246-PRODUCTOS-Visualizar tarifa de producto" time="23.26" classname="Test Cases/P25-2246-PRODUCTOS-Visualizar tarifa de producto" status="PASSED">
         <system-out><![CDATA[21-03-2024T10:15:44 - [TEST_CASE][PASSED] - Test Cases/P25-2246-PRODUCTOS-Visualizar tarifa de producto: Test Cases/P25-2246-PRODUCTOS-Visualizar tarifa de producto

21-03-2024T10:15:45 - [TEST_STEP][PASSED] - openBrowser(""): Browser is opened with url: ''

21-03-2024T10:15:45 - [MESSAGE][INFO] - Starting 'Chrome' driver

21-03-2024T10:15:45 - [MESSAGE][INFO] - Action delay is set to 0 milliseconds

21-03-2024T10:15:45 - [MESSAGE][PASSED] - Browser is opened with url: ''

21-03-2024T10:15:45 - [TEST_STEP][PASSED] - navigateToUrl("https://pre-pricing.recordgo.cloud/login"): Navigate to 'https://pre-pricing.recordgo.cloud/login' successfully

21-03-2024T10:15:56 - [MESSAGE][PASSED] - Navigate to 'https://pre-pricing.recordgo.cloud/login' successfully

21-03-2024T10:15:56 - [TEST_STEP][PASSED] - maximizeWindow(): Current window maximized

21-03-2024T10:15:57 - [MESSAGE][PASSED] - Current window maximized

21-03-2024T10:15:57 - [TEST_STEP][PASSED] - setText(findTestObject("Page_Login/input_Log in to your account__username"), "antonio.diego"): Text 'antonio.diego' is set on object 'Object Repository/Page_Login/input_Log in to your account__username'

21-03-2024T10:15:58 - [MESSAGE][PASSED] - Text 'antonio.diego' is set on object 'Object Repository/Page_Login/input_Log in to your account__username'

21-03-2024T10:15:58 - [TEST_STEP][PASSED] - setEncryptedText(findTestObject("Object Repository/Page_Login/input_Log in to your account__password"), "4WoE78dHD36JvULd0ZrVWg=="): Text ****** has been set on object 'Object Repository/Page_Login/input_Log in to your account__password'

21-03-2024T10:15:58 - [MESSAGE][PASSED] - Text ****** has been set on object 'Object Repository/Page_Login/input_Log in to your account__password'

21-03-2024T10:15:58 - [TEST_STEP][PASSED] - selectOptionByValue(findTestObject("Object Repository/Page_Login/select_Select an option CANARY ISLAND"), "IC", true): All options with value 'IC' are selected in object 'Object Repository/Page_Login/select_Select an option CANARY ISLAND'  using regular expression

21-03-2024T10:15:59 - [MESSAGE][PASSED] - All options with value 'IC' are selected in object 'Object Repository/Page_Login/select_Select an option CANARY ISLAND'  using regular expression

21-03-2024T10:15:59 - [TEST_STEP][PASSED] - click(findTestObject("Object Repository/Page_Login/button_Login")): Object: 'Object Repository/Page_Login/button_Login' is clicked on

21-03-2024T10:16:01 - [MESSAGE][PASSED] - Object: 'Object Repository/Page_Login/button_Login' is clicked on

21-03-2024T10:16:01 - [TEST_STEP][PASSED] - waitForElementVisible(findTestObject("Page_PRICING/img"), 5): Object 'Object Repository/Page_PRICING/img' is visible

21-03-2024T10:16:02 - [MESSAGE][PASSED] - Object 'Object Repository/Page_PRICING/img' is visible

21-03-2024T10:16:02 - [TEST_STEP][PASSED] - verifyElementVisible(findTestObject("Object Repository/Page_PRICING/img")): Object 'Object Repository/Page_PRICING/img' is visible

21-03-2024T10:16:02 - [MESSAGE][PASSED] - Object 'Object Repository/Page_PRICING/img' is visible

21-03-2024T10:16:02 - [TEST_STEP][PASSED] - waitForElementVisible(findTestObject("Page_PRICING/span_PRODUCTOS"), 3): Object 'Object Repository/Page_PRICING/span_PRODUCTOS' is visible

21-03-2024T10:16:02 - [MESSAGE][PASSED] - Object 'Object Repository/Page_PRICING/span_PRODUCTOS' is visible

21-03-2024T10:16:02 - [TEST_STEP][PASSED] - click(findTestObject("Object Repository/Page_PRICING/span_PRODUCTOS")): Object: 'Object Repository/Page_PRICING/span_PRODUCTOS' is clicked on

21-03-2024T10:16:02 - [MESSAGE][PASSED] - Object: 'Object Repository/Page_PRICING/span_PRODUCTOS' is clicked on

21-03-2024T10:16:02 - [TEST_STEP][PASSED] - click(findTestObject("Object Repository/Page_PRICING/span_Tarifas")): Object: 'Object Repository/Page_PRICING/span_Tarifas' is clicked on

21-03-2024T10:16:03 - [MESSAGE][PASSED] - Object: 'Object Repository/Page_PRICING/span_Tarifas' is clicked on

21-03-2024T10:16:03 - [TEST_STEP][PASSED] - waitForElementPresent(findTestObject("Page_PRICING/span_Visualizar_tarifas"), 3): Object 'Object Repository/Page_PRICING/span_Visualizar_tarifas' is present

21-03-2024T10:16:03 - [MESSAGE][PASSED] - Object 'Object Repository/Page_PRICING/span_Visualizar_tarifas' is present

21-03-2024T10:16:03 - [TEST_STEP][PASSED] - doubleClick(findTestObject("Page_PRICING/span_Visualizar_tarifas")): Object: 'Object Repository/Page_PRICING/span_Visualizar_tarifas' is double clicked on

21-03-2024T10:16:05 - [MESSAGE][PASSED] - Object: 'Object Repository/Page_PRICING/span_Visualizar_tarifas' is double clicked on

21-03-2024T10:16:05 - [TEST_STEP][PASSED] - waitForElementPresent(findTestObject("Object Repository/Page_Visualizar PRODUCTOS/i_Filtros_fa fa-angle-down ml-3"), 3): Object 'Object Repository/Page_Visualizar PRODUCTOS/i_Filtros_fa fa-angle-down ml-3' is present

21-03-2024T10:16:06 - [MESSAGE][PASSED] - Object 'Object Repository/Page_Visualizar PRODUCTOS/i_Filtros_fa fa-angle-down ml-3' is present

21-03-2024T10:16:06 - [TEST_STEP][PASSED] - waitForElementPresent(findTestObject("Object Repository/Page_Visualizar PRODUCTOS/h1_Registros totales"), 3): Object 'Object Repository/Page_Visualizar PRODUCTOS/h1_Registros totales' is present

21-03-2024T10:16:07 - [MESSAGE][PASSED] - Object 'Object Repository/Page_Visualizar PRODUCTOS/h1_Registros totales' is present

21-03-2024T10:16:07 - [TEST_STEP][PASSED] - waitForElementPresent(findTestObject("Object Repository/Page_Visualizar PRODUCTOS/div_Nombre interno"), 3): Object 'Object Repository/Page_Visualizar PRODUCTOS/div_Nombre interno' is present

21-03-2024T10:16:07 - [MESSAGE][PASSED] - Object 'Object Repository/Page_Visualizar PRODUCTOS/div_Nombre interno' is present

21-03-2024T10:16:07 - [TEST_STEP][PASSED] - verifyElementPresent(findTestObject("Object Repository/Page_Visualizar PRODUCTOS/button_Filtros"), 3): Object 'Object Repository/Page_Visualizar PRODUCTOS/button_Filtros' is present

21-03-2024T10:16:07 - [MESSAGE][PASSED] - Object 'Object Repository/Page_Visualizar PRODUCTOS/button_Filtros' is present

21-03-2024T10:16:07 - [TEST_STEP][PASSED] - verifyElementPresent(findTestObject("Object Repository/Page_Visualizar PRODUCTOS/div_Nombre interno"), 3): Object 'Object Repository/Page_Visualizar PRODUCTOS/div_Nombre interno' is present

21-03-2024T10:16:07 - [MESSAGE][PASSED] - Object 'Object Repository/Page_Visualizar PRODUCTOS/div_Nombre interno' is present

21-03-2024T10:16:07 - [TEST_STEP][PASSED] - verifyElementPresent(findTestObject("Object Repository/Page_Visualizar PRODUCTOS/h1_Registros totales"), 3): Object 'Object Repository/Page_Visualizar PRODUCTOS/h1_Registros totales' is present

21-03-2024T10:16:08 - [MESSAGE][PASSED] - Object 'Object Repository/Page_Visualizar PRODUCTOS/h1_Registros totales' is present

21-03-2024T10:16:08 - [TEST_STEP][PASSED] - closeBrowser(): Browser is closed

21-03-2024T10:16:08 - [MESSAGE][PASSED] - Browser is closed]]></system-out>
         <system-err><![CDATA[]]></system-err>
      </testcase>
      <system-out><![CDATA[21-03-2024T10:13:26 - [TEST_SUITE][PASSED] - Test Plan Regresión Core: Test Cases/P25-2246-PRODUCTOS-Visualizar tarifa de producto]]></system-out>
      <system-err><![CDATA[]]></system-err>
   </testsuite>
</testsuites>
