<?xml version="1.0" encoding="UTF-8"?>
<testsuites name="Test Plan Regresi贸n Core" time="50.223" tests="2" failures="0" errors="0">
   <testsuite name="Test Plan Regresi贸n Core" tests="2" failures="0" errors="0" time="50.223" skipped="0" timestamp="12-03-2024T16:35:53" hostname="afernandezd - localhost" id="Test Suites/Test Plan Regresi贸n Core">
      <properties>
         <property name="deviceName" value=""/>
         <property name="devicePlatform" value=""/>
         <property name="logFolder" value="/Users/afernandezd/Katalon Studio/Pricing-PrimeraPrueba/Reports/20240312_163552/Test Plan Regresi\u00F3n Core/20240312_163552"/>
         <property name="logFiles" value="/Users/afernandezd/Katalon Studio/Pricing-PrimeraPrueba/Reports/20240312_163552/Test Plan Regresi\u00F3n Core/20240312_163552/execution0.log"/>
         <property name="attachments" value=""/>
         <property name="hostName" value="afernandezd - localhost"/>
         <property name="os" value="Mac OS X 64bit"/>
         <property name="katalonVersion" value="9.3.1.212"/>
         <property name="browser" value="Chrome 122.0.0.0"/>
         <property name="hostAddress" value="127.0.0.1"/>
         <property name="sessionId" value="83fa194533c8da2d4854322c01a3d170"/>
         <property name="seleniumVersion" value="3.141.59"/>
         <property name="proxyInformation" value="ProxyInformation { proxyOption=NO_PROXY, proxyServerType=HTTP, username=, password=********, proxyServerAddress=, proxyServerPort=0, executionList=&quot;&quot;, isApplyToDesiredCapabilities=true }"/>
         <property name="platform" value="Mac OS X"/>
      </properties>
      <testcase name="Test Cases/LoginPricing" time="14.648" classname="Test Cases/LoginPricing" status="PASSED">
         <system-out><![CDATA[12-03-2024T16:35:53 - [TEST_CASE][PASSED] - Test Cases/LoginPricing: Test Cases/LoginPricing

12-03-2024T16:35:53 - [TEST_STEP][PASSED] - openBrowser(""): Browser is opened with url: ''

12-03-2024T16:35:53 - [MESSAGE][INFO] - Starting 'Chrome' driver

12-03-2024T16:35:53 - [MESSAGE][INFO] - Action delay is set to 0 milliseconds

12-03-2024T16:35:54 - [MESSAGE][PASSED] - Browser is opened with url: ''

12-03-2024T16:35:54 - [TEST_STEP][PASSED] - navigateToUrl("https://pre-pricing.recordgo.cloud/login"): Navigate to 'https://pre-pricing.recordgo.cloud/login' successfully

12-03-2024T16:36:02 - [MESSAGE][PASSED] - Navigate to 'https://pre-pricing.recordgo.cloud/login' successfully

12-03-2024T16:36:02 - [TEST_STEP][PASSED] - maximizeWindow(): Current window maximized

12-03-2024T16:36:02 - [MESSAGE][PASSED] - Current window maximized

12-03-2024T16:36:02 - [TEST_STEP][PASSED] - setText(findTestObject("Object Repository/Page_Login/input_Log in to your account__username"), "antonio.diego"): Text 'antonio.diego' is set on object 'Object Repository/Page_Login/input_Log in to your account__username'

12-03-2024T16:36:04 - [MESSAGE][PASSED] - Text 'antonio.diego' is set on object 'Object Repository/Page_Login/input_Log in to your account__username'

12-03-2024T16:36:04 - [TEST_STEP][PASSED] - setEncryptedText(findTestObject("Object Repository/Page_Login/input_Log in to your account__password"), "4WoE78dHD36JvULd0ZrVWg=="): Text ****** has been set on object 'Object Repository/Page_Login/input_Log in to your account__password'

12-03-2024T16:36:04 - [MESSAGE][PASSED] - Text ****** has been set on object 'Object Repository/Page_Login/input_Log in to your account__password'

12-03-2024T16:36:04 - [TEST_STEP][PASSED] - selectOptionByValue(findTestObject("Object Repository/Page_Login/select_Select an option CANARY ISLAND"), "IC", true): All options with value 'IC' are selected in object 'Object Repository/Page_Login/select_Select an option CANARY ISLAND'  using regular expression

12-03-2024T16:36:05 - [MESSAGE][PASSED] - All options with value 'IC' are selected in object 'Object Repository/Page_Login/select_Select an option CANARY ISLAND'  using regular expression

12-03-2024T16:36:05 - [TEST_STEP][PASSED] - click(findTestObject("Object Repository/Page_Login/button_Login")): Object: 'Object Repository/Page_Login/button_Login' is clicked on

12-03-2024T16:36:07 - [MESSAGE][PASSED] - Object: 'Object Repository/Page_Login/button_Login' is clicked on

12-03-2024T16:36:07 - [TEST_STEP][PASSED] - verifyElementVisible(findTestObject("Object Repository/Page_PRICING/img")): Object 'Object Repository/Page_PRICING/img' is visible

12-03-2024T16:36:08 - [MESSAGE][PASSED] - Object 'Object Repository/Page_PRICING/img' is visible]]></system-out>
         <system-err><![CDATA[]]></system-err>
      </testcase>
      <testcase name="Test Cases/VisualizarProductos" time="35.518" classname="Test Cases/VisualizarProductos" status="PASSED">
         <system-out><![CDATA[12-03-2024T16:36:08 - [TEST_CASE][PASSED] - Test Cases/VisualizarProductos: Test Cases/VisualizarProductos

12-03-2024T16:36:08 - [TEST_STEP][PASSED] - waitForElementVisible(findTestObject("Page_PRICING/span_PRODUCTOS"), 0): Object 'Object Repository/Page_PRICING/span_PRODUCTOS' is visible

12-03-2024T16:36:08 - [MESSAGE][WARNING] - Timeout '0' is invalid. Using default page load timeout: '30'

12-03-2024T16:36:08 - [MESSAGE][PASSED] - Object 'Object Repository/Page_PRICING/span_PRODUCTOS' is visible

12-03-2024T16:36:08 - [TEST_STEP][PASSED] - click(findTestObject("Object Repository/Page_PRICING/span_PRODUCTOS")): Object: 'Object Repository/Page_PRICING/span_PRODUCTOS' is clicked on

12-03-2024T16:36:08 - [MESSAGE][PASSED] - Object: 'Object Repository/Page_PRICING/span_PRODUCTOS' is clicked on

12-03-2024T16:36:08 - [TEST_STEP][PASSED] - waitForElementVisible(findTestObject("Page_PRICING/span_Producto"), 0): Object 'Object Repository/Page_PRICING/span_Producto' is visible

12-03-2024T16:36:08 - [MESSAGE][WARNING] - Timeout '0' is invalid. Using default page load timeout: '30'

12-03-2024T16:36:09 - [MESSAGE][PASSED] - Object 'Object Repository/Page_PRICING/span_Producto' is visible

12-03-2024T16:36:09 - [TEST_STEP][PASSED] - click(findTestObject("Object Repository/Page_PRICING/span_Producto")): Object: 'Object Repository/Page_PRICING/span_Producto' is clicked on

12-03-2024T16:36:09 - [MESSAGE][PASSED] - Object: 'Object Repository/Page_PRICING/span_Producto' is clicked on

12-03-2024T16:36:09 - [TEST_STEP][PASSED] - waitForElementVisible(findTestObject("Page_PRICING/span_Visualizar"), 0): Object 'Object Repository/Page_PRICING/span_Visualizar' is visible

12-03-2024T16:36:09 - [MESSAGE][WARNING] - Timeout '0' is invalid. Using default page load timeout: '30'

12-03-2024T16:36:09 - [MESSAGE][PASSED] - Object 'Object Repository/Page_PRICING/span_Visualizar' is visible

12-03-2024T16:36:09 - [TEST_STEP][PASSED] - click(findTestObject("Object Repository/Page_PRICING/span_Visualizar")): Object: 'Object Repository/Page_PRICING/span_Visualizar' is clicked on

12-03-2024T16:36:11 - [MESSAGE][PASSED] - Object: 'Object Repository/Page_PRICING/span_Visualizar' is clicked on

12-03-2024T16:36:11 - [TEST_STEP][PASSED] - waitForElementVisible(findTestObject("Page_Visualizar PRODUCTOS/div_Cdigo"), 0): Object 'Object Repository/Page_Visualizar PRODUCTOS/div_Cdigo' is not visible after 30 second(s)

12-03-2024T16:36:11 - [MESSAGE][WARNING] - Timeout '0' is invalid. Using default page load timeout: '30'

12-03-2024T16:36:42 - [MESSAGE][WARNING] - Object 'Object Repository/Page_Visualizar PRODUCTOS/div_Cdigo' is not visible after 30 second(s)

12-03-2024T16:36:42 - [TEST_STEP][PASSED] - verifyElementPresent(findTestObject("Object Repository/Page_Visualizar PRODUCTOS/div_Cdigo"), 0): Object 'Object Repository/Page_Visualizar PRODUCTOS/div_Cdigo' is present

12-03-2024T16:36:42 - [MESSAGE][WARNING] - Timeout '0' is invalid. Using default page load timeout: '30'

12-03-2024T16:36:43 - [MESSAGE][PASSED] - Object 'Object Repository/Page_Visualizar PRODUCTOS/div_Cdigo' is present]]></system-out>
         <system-err><![CDATA[]]></system-err>
      </testcase>
      <system-out><![CDATA[12-03-2024T16:35:53 - [TEST_SUITE][PASSED] - Test Plan Regresi贸n Core: Test Cases/VisualizarProductos]]></system-out>
      <system-err><![CDATA[]]></system-err>
   </testsuite>
</testsuites>
