<?xml version="1.0" encoding="UTF-8"?>
<testsuites name="PRICING-Test Plan Regresión Core" time="185.843" tests="7" failures="0" errors="0">
   <testsuite name="PRICING-Test Plan Regresión Core" tests="7" failures="0" errors="0" time="185.843" skipped="0" timestamp="21-03-2024T10:24:52" hostname="afernandezd - localhost" id="Test Suites/PRICING-Test Plan Regresión Core">
      <properties>
         <property name="deviceName" value=""/>
         <property name="devicePlatform" value=""/>
         <property name="logFolder" value="/Users/afernandezd/Katalon Studio/Pricing-PrimeraPrueba/Reports/20240321_102450/PRICING-Test Plan Regresi\u00F3n Core/20240321_102451"/>
         <property name="logFiles" value="/Users/afernandezd/Katalon Studio/Pricing-PrimeraPrueba/Reports/20240321_102450/PRICING-Test Plan Regresi\u00F3n Core/20240321_102451/execution0.log"/>
         <property name="attachments" value=""/>
         <property name="hostName" value="afernandezd - localhost"/>
         <property name="os" value="Mac OS X 64bit"/>
         <property name="katalonVersion" value="9.3.1.212"/>
         <property name="browser" value="Chrome 123.0.0.0"/>
         <property name="hostAddress" value="127.0.0.1"/>
         <property name="sessionId" value="2cd1aa8cee0a44a8c6106132e4b5364b"/>
         <property name="seleniumVersion" value="3.141.59"/>
         <property name="proxyInformation" value="ProxyInformation { proxyOption=NO_PROXY, proxyServerType=HTTP, username=, password=********, proxyServerAddress=, proxyServerPort=0, executionList=&quot;&quot;, isApplyToDesiredCapabilities=true }"/>
         <property name="platform" value="Mac OS X"/>
      </properties>
      <testcase name="Test Cases/PRICING-Test Plan Regresión Core/P25-LoginPricing-KO-user" time="16.097" classname="Test Cases/PRICING-Test Plan Regresión Core/P25-LoginPricing-KO-user" status="PASSED">
         <system-out><![CDATA[21-03-2024T10:24:52 - [TEST_CASE][PASSED] - Test Cases/PRICING-Test Plan Regresión Core/P25-LoginPricing-KO-user: Test Cases/PRICING-Test Plan Regresión Core/P25-LoginPricing-KO-user

21-03-2024T10:24:53 - [TEST_STEP][PASSED] - openBrowser(""): Browser is opened with url: ''

21-03-2024T10:24:53 - [MESSAGE][INFO] - Starting 'Chrome' driver

21-03-2024T10:24:53 - [MESSAGE][INFO] - Action delay is set to 0 milliseconds

21-03-2024T10:24:54 - [MESSAGE][PASSED] - Browser is opened with url: ''

21-03-2024T10:24:54 - [TEST_STEP][PASSED] - navigateToUrl("https://pre-pricing.recordgo.cloud/login"): Navigate to 'https://pre-pricing.recordgo.cloud/login' successfully

21-03-2024T10:25:03 - [MESSAGE][PASSED] - Navigate to 'https://pre-pricing.recordgo.cloud/login' successfully

21-03-2024T10:25:03 - [TEST_STEP][PASSED] - maximizeWindow(): Current window maximized

21-03-2024T10:25:04 - [MESSAGE][PASSED] - Current window maximized

21-03-2024T10:25:04 - [TEST_STEP][PASSED] - setText(findTestObject("Page_Login/input_Log in to your account__username"), "anio.diego"): Text 'anio.diego' is set on object 'Object Repository/Page_Login/input_Log in to your account__username'

21-03-2024T10:25:05 - [MESSAGE][PASSED] - Text 'anio.diego' is set on object 'Object Repository/Page_Login/input_Log in to your account__username'

21-03-2024T10:25:05 - [TEST_STEP][PASSED] - setEncryptedText(findTestObject("Object Repository/Page_Login/input_Log in to your account__password"), "4WoE78dHD36JvULd0ZrVWg=="): Text ****** has been set on object 'Object Repository/Page_Login/input_Log in to your account__password'

21-03-2024T10:25:05 - [MESSAGE][PASSED] - Text ****** has been set on object 'Object Repository/Page_Login/input_Log in to your account__password'

21-03-2024T10:25:05 - [TEST_STEP][PASSED] - selectOptionByValue(findTestObject("Object Repository/Page_Login/select_Select an option CANARY ISLAND"), "IC", true): All options with value 'IC' are selected in object 'Object Repository/Page_Login/select_Select an option CANARY ISLAND'  using regular expression

21-03-2024T10:25:06 - [MESSAGE][PASSED] - All options with value 'IC' are selected in object 'Object Repository/Page_Login/select_Select an option CANARY ISLAND'  using regular expression

21-03-2024T10:25:06 - [TEST_STEP][PASSED] - click(findTestObject("Object Repository/Page_Login/button_Login")): Object: 'Object Repository/Page_Login/button_Login' is clicked on

21-03-2024T10:25:07 - [MESSAGE][PASSED] - Object: 'Object Repository/Page_Login/button_Login' is clicked on

21-03-2024T10:25:07 - [TEST_STEP][PASSED] - waitForElementPresent(findTestObject("Page_Login/div_Invalid credentials"), 3): Object 'Object Repository/Page_Login/div_Invalid credentials' is present

21-03-2024T10:25:08 - [MESSAGE][PASSED] - Object 'Object Repository/Page_Login/div_Invalid credentials' is present

21-03-2024T10:25:08 - [TEST_STEP][PASSED] - waitForElementVisible(findTestObject("Page_Login/div_Invalid credentials"), 3): Object 'Object Repository/Page_Login/div_Invalid credentials' is visible

21-03-2024T10:25:08 - [MESSAGE][PASSED] - Object 'Object Repository/Page_Login/div_Invalid credentials' is visible

21-03-2024T10:25:08 - [TEST_STEP][PASSED] - closeBrowser(): Browser is closed

21-03-2024T10:25:09 - [MESSAGE][PASSED] - Browser is closed]]></system-out>
         <system-err><![CDATA[]]></system-err>
      </testcase>
      <testcase name="Test Cases/PRICING-Test Plan Regresión Core/P25-LoginPricing-KO-pass" time="20.557" classname="Test Cases/PRICING-Test Plan Regresión Core/P25-LoginPricing-KO-pass" status="PASSED">
         <system-out><![CDATA[21-03-2024T10:25:09 - [TEST_CASE][PASSED] - Test Cases/PRICING-Test Plan Regresión Core/P25-LoginPricing-KO-pass: Test Cases/PRICING-Test Plan Regresión Core/P25-LoginPricing-KO-pass

21-03-2024T10:25:09 - [TEST_STEP][PASSED] - openBrowser(""): Browser is opened with url: ''

21-03-2024T10:25:09 - [MESSAGE][INFO] - Starting 'Chrome' driver

21-03-2024T10:25:09 - [MESSAGE][INFO] - Action delay is set to 0 milliseconds

21-03-2024T10:25:09 - [MESSAGE][PASSED] - Browser is opened with url: ''

21-03-2024T10:25:09 - [TEST_STEP][PASSED] - navigateToUrl("https://pre-pricing.recordgo.cloud/login"): Navigate to 'https://pre-pricing.recordgo.cloud/login' successfully

21-03-2024T10:25:24 - [MESSAGE][PASSED] - Navigate to 'https://pre-pricing.recordgo.cloud/login' successfully

21-03-2024T10:25:24 - [TEST_STEP][PASSED] - maximizeWindow(): Current window maximized

21-03-2024T10:25:24 - [MESSAGE][PASSED] - Current window maximized

21-03-2024T10:25:24 - [TEST_STEP][PASSED] - setText(findTestObject("Page_Login/input_Log in to your account__username"), "antonio.diego"): Text 'antonio.diego' is set on object 'Object Repository/Page_Login/input_Log in to your account__username'

21-03-2024T10:25:25 - [MESSAGE][PASSED] - Text 'antonio.diego' is set on object 'Object Repository/Page_Login/input_Log in to your account__username'

21-03-2024T10:25:25 - [TEST_STEP][PASSED] - setEncryptedText(findTestObject("Object Repository/Page_Login/input_Log in to your account__password"), "y3nGvd+W12k="): Text ****** has been set on object 'Object Repository/Page_Login/input_Log in to your account__password'

21-03-2024T10:25:26 - [MESSAGE][PASSED] - Text ****** has been set on object 'Object Repository/Page_Login/input_Log in to your account__password'

21-03-2024T10:25:26 - [TEST_STEP][PASSED] - selectOptionByValue(findTestObject("Object Repository/Page_Login/select_Select an option CANARY ISLAND"), "IC", true): All options with value 'IC' are selected in object 'Object Repository/Page_Login/select_Select an option CANARY ISLAND'  using regular expression

21-03-2024T10:25:27 - [MESSAGE][PASSED] - All options with value 'IC' are selected in object 'Object Repository/Page_Login/select_Select an option CANARY ISLAND'  using regular expression

21-03-2024T10:25:27 - [TEST_STEP][PASSED] - click(findTestObject("Object Repository/Page_Login/button_Login")): Object: 'Object Repository/Page_Login/button_Login' is clicked on

21-03-2024T10:25:28 - [MESSAGE][PASSED] - Object: 'Object Repository/Page_Login/button_Login' is clicked on

21-03-2024T10:25:28 - [TEST_STEP][PASSED] - waitForElementPresent(findTestObject("Page_Login/div_Invalid credentials"), 3): Object 'Object Repository/Page_Login/div_Invalid credentials' is present

21-03-2024T10:25:29 - [MESSAGE][PASSED] - Object 'Object Repository/Page_Login/div_Invalid credentials' is present

21-03-2024T10:25:29 - [TEST_STEP][PASSED] - waitForElementVisible(findTestObject("Page_Login/div_Invalid credentials"), 3): Object 'Object Repository/Page_Login/div_Invalid credentials' is visible

21-03-2024T10:25:29 - [MESSAGE][PASSED] - Object 'Object Repository/Page_Login/div_Invalid credentials' is visible

21-03-2024T10:25:29 - [TEST_STEP][PASSED] - closeBrowser(): Browser is closed

21-03-2024T10:25:29 - [MESSAGE][PASSED] - Browser is closed]]></system-out>
         <system-err><![CDATA[]]></system-err>
      </testcase>
      <testcase name="Test Cases/PRICING-Test Plan Regresión Core/P25-LoginPricing-OK" time="20.838" classname="Test Cases/PRICING-Test Plan Regresión Core/P25-LoginPricing-OK" status="PASSED">
         <system-out><![CDATA[21-03-2024T10:25:29 - [TEST_CASE][PASSED] - Test Cases/PRICING-Test Plan Regresión Core/P25-LoginPricing-OK: Test Cases/PRICING-Test Plan Regresión Core/P25-LoginPricing-OK

21-03-2024T10:25:29 - [TEST_STEP][PASSED] - openBrowser(""): Browser is opened with url: ''

21-03-2024T10:25:29 - [MESSAGE][INFO] - Starting 'Chrome' driver

21-03-2024T10:25:29 - [MESSAGE][INFO] - Action delay is set to 0 milliseconds

21-03-2024T10:25:30 - [MESSAGE][PASSED] - Browser is opened with url: ''

21-03-2024T10:25:30 - [TEST_STEP][PASSED] - navigateToUrl("https://pre-pricing.recordgo.cloud/login"): Navigate to 'https://pre-pricing.recordgo.cloud/login' successfully

21-03-2024T10:25:44 - [MESSAGE][PASSED] - Navigate to 'https://pre-pricing.recordgo.cloud/login' successfully

21-03-2024T10:25:44 - [TEST_STEP][PASSED] - maximizeWindow(): Current window maximized

21-03-2024T10:25:44 - [MESSAGE][PASSED] - Current window maximized

21-03-2024T10:25:44 - [TEST_STEP][PASSED] - setText(findTestObject("Page_Login/input_Log in to your account__username"), "antonio.diego"): Text 'antonio.diego' is set on object 'Object Repository/Page_Login/input_Log in to your account__username'

21-03-2024T10:25:45 - [MESSAGE][PASSED] - Text 'antonio.diego' is set on object 'Object Repository/Page_Login/input_Log in to your account__username'

21-03-2024T10:25:45 - [TEST_STEP][PASSED] - setEncryptedText(findTestObject("Object Repository/Page_Login/input_Log in to your account__password"), "4WoE78dHD36JvULd0ZrVWg=="): Text ****** has been set on object 'Object Repository/Page_Login/input_Log in to your account__password'

21-03-2024T10:25:46 - [MESSAGE][PASSED] - Text ****** has been set on object 'Object Repository/Page_Login/input_Log in to your account__password'

21-03-2024T10:25:46 - [TEST_STEP][PASSED] - selectOptionByValue(findTestObject("Object Repository/Page_Login/select_Select an option CANARY ISLAND"), "IC", true): All options with value 'IC' are selected in object 'Object Repository/Page_Login/select_Select an option CANARY ISLAND'  using regular expression

21-03-2024T10:25:46 - [MESSAGE][PASSED] - All options with value 'IC' are selected in object 'Object Repository/Page_Login/select_Select an option CANARY ISLAND'  using regular expression

21-03-2024T10:25:46 - [TEST_STEP][PASSED] - click(findTestObject("Object Repository/Page_Login/button_Login")): Object: 'Object Repository/Page_Login/button_Login' is clicked on

21-03-2024T10:25:49 - [MESSAGE][PASSED] - Object: 'Object Repository/Page_Login/button_Login' is clicked on

21-03-2024T10:25:49 - [TEST_STEP][PASSED] - waitForElementVisible(findTestObject("Page_PRICING/img"), 0): Object 'Object Repository/Page_PRICING/img' is visible

21-03-2024T10:25:49 - [MESSAGE][WARNING] - Timeout '0' is invalid. Using default page load timeout: '30'

21-03-2024T10:25:50 - [MESSAGE][PASSED] - Object 'Object Repository/Page_PRICING/img' is visible

21-03-2024T10:25:50 - [TEST_STEP][PASSED] - verifyElementVisible(findTestObject("Object Repository/Page_PRICING/img")): Object 'Object Repository/Page_PRICING/img' is visible

21-03-2024T10:25:50 - [MESSAGE][PASSED] - Object 'Object Repository/Page_PRICING/img' is visible

21-03-2024T10:25:50 - [TEST_STEP][PASSED] - closeBrowser(): Browser is closed

21-03-2024T10:25:50 - [MESSAGE][PASSED] - Browser is closed]]></system-out>
         <system-err><![CDATA[]]></system-err>
      </testcase>
      <testcase name="Test Cases/PRICING-Test Plan Regresión Core/P25-2163-PRODUCTOS-VisualizarProductos" time="29.169" classname="Test Cases/PRICING-Test Plan Regresión Core/P25-2163-PRODUCTOS-VisualizarProductos" status="PASSED">
         <system-out><![CDATA[21-03-2024T10:25:50 - [TEST_CASE][PASSED] - Test Cases/PRICING-Test Plan Regresión Core/P25-2163-PRODUCTOS-VisualizarProductos: Test Cases/PRICING-Test Plan Regresión Core/P25-2163-PRODUCTOS-VisualizarProductos

21-03-2024T10:25:50 - [TEST_STEP][PASSED] - openBrowser(""): Browser is opened with url: ''

21-03-2024T10:25:50 - [MESSAGE][INFO] - Starting 'Chrome' driver

21-03-2024T10:25:50 - [MESSAGE][INFO] - Action delay is set to 0 milliseconds

21-03-2024T10:25:51 - [MESSAGE][PASSED] - Browser is opened with url: ''

21-03-2024T10:25:51 - [TEST_STEP][PASSED] - navigateToUrl("https://pre-pricing.recordgo.cloud/login"): Navigate to 'https://pre-pricing.recordgo.cloud/login' successfully

21-03-2024T10:26:05 - [MESSAGE][PASSED] - Navigate to 'https://pre-pricing.recordgo.cloud/login' successfully

21-03-2024T10:26:05 - [TEST_STEP][PASSED] - maximizeWindow(): Current window maximized

21-03-2024T10:26:06 - [MESSAGE][PASSED] - Current window maximized

21-03-2024T10:26:06 - [TEST_STEP][PASSED] - setText(findTestObject("Page_Login/input_Log in to your account__username"), "antonio.diego"): Text 'antonio.diego' is set on object 'Object Repository/Page_Login/input_Log in to your account__username'

21-03-2024T10:26:07 - [MESSAGE][PASSED] - Text 'antonio.diego' is set on object 'Object Repository/Page_Login/input_Log in to your account__username'

21-03-2024T10:26:07 - [TEST_STEP][PASSED] - setEncryptedText(findTestObject("Object Repository/Page_Login/input_Log in to your account__password"), "4WoE78dHD36JvULd0ZrVWg=="): Text ****** has been set on object 'Object Repository/Page_Login/input_Log in to your account__password'

21-03-2024T10:26:07 - [MESSAGE][PASSED] - Text ****** has been set on object 'Object Repository/Page_Login/input_Log in to your account__password'

21-03-2024T10:26:07 - [TEST_STEP][PASSED] - selectOptionByValue(findTestObject("Object Repository/Page_Login/select_Select an option CANARY ISLAND"), "IC", true): All options with value 'IC' are selected in object 'Object Repository/Page_Login/select_Select an option CANARY ISLAND'  using regular expression

21-03-2024T10:26:08 - [MESSAGE][PASSED] - All options with value 'IC' are selected in object 'Object Repository/Page_Login/select_Select an option CANARY ISLAND'  using regular expression

21-03-2024T10:26:08 - [TEST_STEP][PASSED] - click(findTestObject("Object Repository/Page_Login/button_Login")): Object: 'Object Repository/Page_Login/button_Login' is clicked on

21-03-2024T10:26:10 - [MESSAGE][PASSED] - Object: 'Object Repository/Page_Login/button_Login' is clicked on

21-03-2024T10:26:10 - [TEST_STEP][PASSED] - waitForElementVisible(findTestObject("Page_PRICING/img"), 5): Object 'Object Repository/Page_PRICING/img' is visible

21-03-2024T10:26:11 - [MESSAGE][PASSED] - Object 'Object Repository/Page_PRICING/img' is visible

21-03-2024T10:26:11 - [TEST_STEP][PASSED] - verifyElementVisible(findTestObject("Object Repository/Page_PRICING/img")): Object 'Object Repository/Page_PRICING/img' is visible

21-03-2024T10:26:11 - [MESSAGE][PASSED] - Object 'Object Repository/Page_PRICING/img' is visible

21-03-2024T10:26:11 - [TEST_STEP][PASSED] - waitForElementVisible(findTestObject("Page_PRICING/span_PRODUCTOS"), 3): Object 'Object Repository/Page_PRICING/span_PRODUCTOS' is visible

21-03-2024T10:26:11 - [MESSAGE][PASSED] - Object 'Object Repository/Page_PRICING/span_PRODUCTOS' is visible

21-03-2024T10:26:11 - [TEST_STEP][PASSED] - click(findTestObject("Object Repository/Page_PRICING/span_PRODUCTOS")): Object: 'Object Repository/Page_PRICING/span_PRODUCTOS' is clicked on

21-03-2024T10:26:12 - [MESSAGE][PASSED] - Object: 'Object Repository/Page_PRICING/span_PRODUCTOS' is clicked on

21-03-2024T10:26:12 - [TEST_STEP][PASSED] - waitForElementVisible(findTestObject("Page_PRICING/span_Producto"), 3): Object 'Object Repository/Page_PRICING/span_Producto' is visible

21-03-2024T10:26:12 - [MESSAGE][PASSED] - Object 'Object Repository/Page_PRICING/span_Producto' is visible

21-03-2024T10:26:12 - [TEST_STEP][PASSED] - click(findTestObject("Object Repository/Page_PRICING/span_Producto")): Object: 'Object Repository/Page_PRICING/span_Producto' is clicked on

21-03-2024T10:26:12 - [MESSAGE][PASSED] - Object: 'Object Repository/Page_PRICING/span_Producto' is clicked on

21-03-2024T10:26:12 - [TEST_STEP][PASSED] - waitForElementVisible(findTestObject("Page_PRICING/span_Visualizar"), 3): Object 'Object Repository/Page_PRICING/span_Visualizar' is visible

21-03-2024T10:26:13 - [MESSAGE][PASSED] - Object 'Object Repository/Page_PRICING/span_Visualizar' is visible

21-03-2024T10:26:13 - [TEST_STEP][PASSED] - click(findTestObject("Object Repository/Page_PRICING/span_Visualizar"), STOP_ON_FAILURE): Object: 'Object Repository/Page_PRICING/span_Visualizar' is clicked on

21-03-2024T10:26:15 - [MESSAGE][PASSED] - Object: 'Object Repository/Page_PRICING/span_Visualizar' is clicked on

21-03-2024T10:26:15 - [TEST_STEP][PASSED] - waitForElementVisible(findTestObject("Page_Visualizar PRODUCTOS/div_Cdigo"), 3): Object 'Object Repository/Page_Visualizar PRODUCTOS/div_Cdigo' is not visible after 3 second(s)

21-03-2024T10:26:19 - [MESSAGE][WARNING] - Object 'Object Repository/Page_Visualizar PRODUCTOS/div_Cdigo' is not visible after 3 second(s)

21-03-2024T10:26:19 - [TEST_STEP][PASSED] - verifyElementPresent(findTestObject("Page_Visualizar PRODUCTOS/div_Cdigo"), 3): Object 'Object Repository/Page_Visualizar PRODUCTOS/div_Cdigo' is present

21-03-2024T10:26:19 - [MESSAGE][PASSED] - Object 'Object Repository/Page_Visualizar PRODUCTOS/div_Cdigo' is present

21-03-2024T10:26:19 - [TEST_STEP][PASSED] - closeBrowser(): Browser is closed

21-03-2024T10:26:19 - [MESSAGE][PASSED] - Browser is closed]]></system-out>
         <system-err><![CDATA[]]></system-err>
      </testcase>
      <testcase name="Test Cases/PRICING-Test Plan Regresión Core/P25-2167-PRODUCTOS-Visualizar productos-Ver Histórico" time="38.35" classname="Test Cases/PRICING-Test Plan Regresión Core/P25-2167-PRODUCTOS-Visualizar productos-Ver Histórico" status="PASSED">
         <system-out><![CDATA[21-03-2024T10:26:19 - [TEST_CASE][PASSED] - Test Cases/PRICING-Test Plan Regresión Core/P25-2167-PRODUCTOS-Visualizar productos-Ver Histórico: Test Cases/PRICING-Test Plan Regresión Core/P25-2167-PRODUCTOS-Visualizar productos-Ver Histórico

21-03-2024T10:26:19 - [TEST_STEP][PASSED] - openBrowser(""): Browser is opened with url: ''

21-03-2024T10:26:19 - [MESSAGE][INFO] - Starting 'Chrome' driver

21-03-2024T10:26:19 - [MESSAGE][INFO] - Action delay is set to 0 milliseconds

21-03-2024T10:26:20 - [MESSAGE][PASSED] - Browser is opened with url: ''

21-03-2024T10:26:20 - [TEST_STEP][PASSED] - navigateToUrl("https://pre-pricing.recordgo.cloud/login"): Navigate to 'https://pre-pricing.recordgo.cloud/login' successfully

21-03-2024T10:26:34 - [MESSAGE][PASSED] - Navigate to 'https://pre-pricing.recordgo.cloud/login' successfully

21-03-2024T10:26:34 - [TEST_STEP][PASSED] - maximizeWindow(): Current window maximized

21-03-2024T10:26:34 - [MESSAGE][PASSED] - Current window maximized

21-03-2024T10:26:34 - [TEST_STEP][PASSED] - setText(findTestObject("Page_Login/input_Log in to your account__username"), "antonio.diego"): Text 'antonio.diego' is set on object 'Object Repository/Page_Login/input_Log in to your account__username'

21-03-2024T10:26:36 - [MESSAGE][PASSED] - Text 'antonio.diego' is set on object 'Object Repository/Page_Login/input_Log in to your account__username'

21-03-2024T10:26:36 - [TEST_STEP][PASSED] - setEncryptedText(findTestObject("Object Repository/Page_Login/input_Log in to your account__password"), "4WoE78dHD36JvULd0ZrVWg=="): Text ****** has been set on object 'Object Repository/Page_Login/input_Log in to your account__password'

21-03-2024T10:26:36 - [MESSAGE][PASSED] - Text ****** has been set on object 'Object Repository/Page_Login/input_Log in to your account__password'

21-03-2024T10:26:36 - [TEST_STEP][PASSED] - selectOptionByValue(findTestObject("Object Repository/Page_Login/select_Select an option CANARY ISLAND"), "IC", true): All options with value 'IC' are selected in object 'Object Repository/Page_Login/select_Select an option CANARY ISLAND'  using regular expression

21-03-2024T10:26:37 - [MESSAGE][PASSED] - All options with value 'IC' are selected in object 'Object Repository/Page_Login/select_Select an option CANARY ISLAND'  using regular expression

21-03-2024T10:26:37 - [TEST_STEP][PASSED] - click(findTestObject("Page_Login/button_Login")): Object: 'Object Repository/Page_Login/button_Login' is clicked on

21-03-2024T10:26:39 - [MESSAGE][PASSED] - Object: 'Object Repository/Page_Login/button_Login' is clicked on

21-03-2024T10:26:39 - [TEST_STEP][PASSED] - waitForElementVisible(findTestObject("Page_PRICING/img"), 8): Object 'Object Repository/Page_PRICING/img' is visible

21-03-2024T10:26:40 - [MESSAGE][PASSED] - Object 'Object Repository/Page_PRICING/img' is visible

21-03-2024T10:26:40 - [TEST_STEP][PASSED] - waitForElementVisible(findTestObject("Page_PRICING/span_PRODUCTOS"), 8): Object 'Object Repository/Page_PRICING/span_PRODUCTOS' is visible

21-03-2024T10:26:41 - [MESSAGE][PASSED] - Object 'Object Repository/Page_PRICING/span_PRODUCTOS' is visible

21-03-2024T10:26:41 - [TEST_STEP][PASSED] - click(findTestObject("Page_PRICING/span_PRODUCTOS")): Object: 'Object Repository/Page_PRICING/span_PRODUCTOS' is clicked on

21-03-2024T10:26:41 - [MESSAGE][PASSED] - Object: 'Object Repository/Page_PRICING/span_PRODUCTOS' is clicked on

21-03-2024T10:26:41 - [TEST_STEP][PASSED] - waitForElementVisible(findTestObject("Page_PRICING/span_Producto"), 8): Object 'Object Repository/Page_PRICING/span_Producto' is visible

21-03-2024T10:26:41 - [MESSAGE][PASSED] - Object 'Object Repository/Page_PRICING/span_Producto' is visible

21-03-2024T10:26:41 - [TEST_STEP][PASSED] - click(findTestObject("Page_PRICING/span_Producto")): Object: 'Object Repository/Page_PRICING/span_Producto' is clicked on

21-03-2024T10:26:42 - [MESSAGE][PASSED] - Object: 'Object Repository/Page_PRICING/span_Producto' is clicked on

21-03-2024T10:26:42 - [TEST_STEP][PASSED] - waitForElementVisible(findTestObject("Page_PRICING/span_Visualizar"), 8): Object 'Object Repository/Page_PRICING/span_Visualizar' is visible

21-03-2024T10:26:42 - [MESSAGE][PASSED] - Object 'Object Repository/Page_PRICING/span_Visualizar' is visible

21-03-2024T10:26:42 - [TEST_STEP][PASSED] - click(findTestObject("Page_PRICING/span_Visualizar")): Object: 'Object Repository/Page_PRICING/span_Visualizar' is clicked on

21-03-2024T10:26:45 - [MESSAGE][PASSED] - Object: 'Object Repository/Page_PRICING/span_Visualizar' is clicked on

21-03-2024T10:26:45 - [TEST_STEP][PASSED] - waitForElementPresent(findTestObject("Page_Visualizar PRODUCTOS/div_Cdigo"), 6): Object 'Object Repository/Page_Visualizar PRODUCTOS/div_Cdigo' is present

21-03-2024T10:26:46 - [MESSAGE][PASSED] - Object 'Object Repository/Page_Visualizar PRODUCTOS/div_Cdigo' is present

21-03-2024T10:26:46 - [TEST_STEP][PASSED] - waitForElementPresent(findTestObject("Page_Visualizar PRODUCTOS/div_Opciones"), 6): Object 'Object Repository/Page_Visualizar PRODUCTOS/div_Opciones' is present

21-03-2024T10:26:53 - [MESSAGE][INFO] - Unable to find the element located by 'By.xpath: id("kt_content")/div[@id="app"]/div[@class="kt-portlet kt-portlet--bordered"]/div[@class="kt-portlet__body"]/div[@class="kt-datatable kt-datatable--default kt-datatable--brand kt-datatable--loaded"]/div[@class="bootstrap-table bootstrap4"]/div[@class="fixed-table-container"]/div[@class="fixed-table-body"]/table[@class="table table-bordered table-hover"]/thead[1]/tr[1]/th[7]/div[@class="th-inner"][count(. | //div[@class = 'th-inner ' and (text() = 'Opciones' or . = 'Opciones')]) = count(//div[@class = 'th-inner ' and (text() = 'Opciones' or . = 'Opciones')])]'. Please recheck the objects properties to make sure the desired element is located. 

21-03-2024T10:26:53 - [MESSAGE][WARNING] - [SELF-HEALING] Failed to find element with id 'Object Repository/Page_Visualizar PRODUCTOS/div_Opciones'. Try using Self-healing.

21-03-2024T10:26:53 - [MESSAGE][WARNING] - [SELF-HEALING] The current locator of test object 'Object Repository/Page_Visualizar PRODUCTOS/div_Opciones' was broken. Propose an alternative one: '//div[@id='app']/div[2]/div/div/div[2]/div[2]/div[2]/table/thead/tr/th[7]/div'.

21-03-2024T10:26:53 - [MESSAGE][PASSED] - Object 'Object Repository/Page_Visualizar PRODUCTOS/div_Opciones' is present

21-03-2024T10:26:53 - [TEST_STEP][PASSED] - waitForElementPresent(findTestObject("Page_Visualizar PRODUCTOS/button_Filtros"), 6): Object 'Object Repository/Page_Visualizar PRODUCTOS/button_Filtros' is present

21-03-2024T10:26:53 - [MESSAGE][PASSED] - Object 'Object Repository/Page_Visualizar PRODUCTOS/button_Filtros' is present

21-03-2024T10:26:53 - [TEST_STEP][PASSED] - waitForElementPresent(findTestObject("Page_Visualizar PRODUCTOS/IconHistorico"), 0): Object 'Object Repository/Page_Visualizar PRODUCTOS/IconHistorico' is present

21-03-2024T10:26:53 - [MESSAGE][WARNING] - Timeout '0' is invalid. Using default page load timeout: '30'

21-03-2024T10:26:54 - [MESSAGE][PASSED] - Object 'Object Repository/Page_Visualizar PRODUCTOS/IconHistorico' is present

21-03-2024T10:26:54 - [TEST_STEP][PASSED] - doubleClick(findTestObject("Page_Visualizar PRODUCTOS/IconHistorico")): Object: 'Object Repository/Page_Visualizar PRODUCTOS/IconHistorico' is double clicked on

21-03-2024T10:26:54 - [MESSAGE][PASSED] - Object: 'Object Repository/Page_Visualizar PRODUCTOS/IconHistorico' is double clicked on

21-03-2024T10:26:54 - [TEST_STEP][PASSED] - waitForElementPresent(findTestObject("Object Repository/Page_Visualizar PRODUCTOS/h5_Histrico de producto"), 4): Object 'Object Repository/Page_Visualizar PRODUCTOS/h5_Histrico de producto' is present

21-03-2024T10:26:55 - [MESSAGE][PASSED] - Object 'Object Repository/Page_Visualizar PRODUCTOS/h5_Histrico de producto' is present

21-03-2024T10:26:55 - [TEST_STEP][PASSED] - waitForElementPresent(findTestObject("Object Repository/Page_Visualizar PRODUCTOS/IconoOjoHist"), 4): Object 'Object Repository/Page_Visualizar PRODUCTOS/IconoOjoHist' is present

21-03-2024T10:26:55 - [MESSAGE][PASSED] - Object 'Object Repository/Page_Visualizar PRODUCTOS/IconoOjoHist' is present

21-03-2024T10:26:55 - [TEST_STEP][PASSED] - doubleClick(findTestObject("Object Repository/Page_Visualizar PRODUCTOS/IconoOjoHist")): Object: 'Object Repository/Page_Visualizar PRODUCTOS/IconoOjoHist' is double clicked on

21-03-2024T10:26:57 - [MESSAGE][PASSED] - Object: 'Object Repository/Page_Visualizar PRODUCTOS/IconoOjoHist' is double clicked on

21-03-2024T10:26:57 - [TEST_STEP][PASSED] - comment(""): 

21-03-2024T10:26:57 - [MESSAGE][INFO] - 

21-03-2024T10:26:57 - [TEST_STEP][PASSED] - closeBrowser(): Browser is closed

21-03-2024T10:26:57 - [MESSAGE][PASSED] - Browser is closed]]></system-out>
         <system-err><![CDATA[]]></system-err>
      </testcase>
      <testcase name="Test Cases/PRICING-Test Plan Regresión Core/P25-2244-PRODUCTOS-Visualizar productos-Ver detalle" time="41.563" classname="Test Cases/PRICING-Test Plan Regresión Core/P25-2244-PRODUCTOS-Visualizar productos-Ver detalle" status="PASSED">
         <system-out><![CDATA[21-03-2024T10:26:57 - [TEST_CASE][PASSED] - Test Cases/PRICING-Test Plan Regresión Core/P25-2244-PRODUCTOS-Visualizar productos-Ver detalle: Test Cases/PRICING-Test Plan Regresión Core/P25-2244-PRODUCTOS-Visualizar productos-Ver detalle

21-03-2024T10:26:58 - [TEST_STEP][PASSED] - openBrowser(""): Browser is opened with url: ''

21-03-2024T10:26:58 - [MESSAGE][INFO] - Starting 'Chrome' driver

21-03-2024T10:26:58 - [MESSAGE][INFO] - Action delay is set to 0 milliseconds

21-03-2024T10:26:58 - [MESSAGE][PASSED] - Browser is opened with url: ''

21-03-2024T10:26:58 - [TEST_STEP][PASSED] - navigateToUrl("https://pre-pricing.recordgo.cloud/login"): Navigate to 'https://pre-pricing.recordgo.cloud/login' successfully

21-03-2024T10:27:14 - [MESSAGE][PASSED] - Navigate to 'https://pre-pricing.recordgo.cloud/login' successfully

21-03-2024T10:27:14 - [TEST_STEP][PASSED] - maximizeWindow(): Current window maximized

21-03-2024T10:27:15 - [MESSAGE][PASSED] - Current window maximized

21-03-2024T10:27:15 - [TEST_STEP][PASSED] - setText(findTestObject("Page_Login/input_Log in to your account__username"), "antonio.diego"): Text 'antonio.diego' is set on object 'Object Repository/Page_Login/input_Log in to your account__username'

21-03-2024T10:27:16 - [MESSAGE][PASSED] - Text 'antonio.diego' is set on object 'Object Repository/Page_Login/input_Log in to your account__username'

21-03-2024T10:27:16 - [TEST_STEP][PASSED] - setEncryptedText(findTestObject("Object Repository/Page_Login/input_Log in to your account__password"), "4WoE78dHD36JvULd0ZrVWg=="): Text ****** has been set on object 'Object Repository/Page_Login/input_Log in to your account__password'

21-03-2024T10:27:16 - [MESSAGE][PASSED] - Text ****** has been set on object 'Object Repository/Page_Login/input_Log in to your account__password'

21-03-2024T10:27:16 - [TEST_STEP][PASSED] - selectOptionByValue(findTestObject("Object Repository/Page_Login/select_Select an option CANARY ISLAND"), "IC", true): All options with value 'IC' are selected in object 'Object Repository/Page_Login/select_Select an option CANARY ISLAND'  using regular expression

21-03-2024T10:27:17 - [MESSAGE][PASSED] - All options with value 'IC' are selected in object 'Object Repository/Page_Login/select_Select an option CANARY ISLAND'  using regular expression

21-03-2024T10:27:17 - [TEST_STEP][PASSED] - click(findTestObject("Page_Login/button_Login")): Object: 'Object Repository/Page_Login/button_Login' is clicked on

21-03-2024T10:27:19 - [MESSAGE][PASSED] - Object: 'Object Repository/Page_Login/button_Login' is clicked on

21-03-2024T10:27:19 - [TEST_STEP][PASSED] - waitForElementVisible(findTestObject("Page_PRICING/img"), 5): Object 'Object Repository/Page_PRICING/img' is visible

21-03-2024T10:27:20 - [MESSAGE][PASSED] - Object 'Object Repository/Page_PRICING/img' is visible

21-03-2024T10:27:20 - [TEST_STEP][PASSED] - waitForElementVisible(findTestObject("Page_PRICING/span_PRODUCTOS"), 5): Object 'Object Repository/Page_PRICING/span_PRODUCTOS' is visible

21-03-2024T10:27:20 - [MESSAGE][PASSED] - Object 'Object Repository/Page_PRICING/span_PRODUCTOS' is visible

21-03-2024T10:27:20 - [TEST_STEP][PASSED] - click(findTestObject("Page_PRICING/span_PRODUCTOS")): Object: 'Object Repository/Page_PRICING/span_PRODUCTOS' is clicked on

21-03-2024T10:27:21 - [MESSAGE][PASSED] - Object: 'Object Repository/Page_PRICING/span_PRODUCTOS' is clicked on

21-03-2024T10:27:21 - [TEST_STEP][PASSED] - waitForElementVisible(findTestObject("Page_PRICING/span_Producto"), 5): Object 'Object Repository/Page_PRICING/span_Producto' is visible

21-03-2024T10:27:21 - [MESSAGE][PASSED] - Object 'Object Repository/Page_PRICING/span_Producto' is visible

21-03-2024T10:27:21 - [TEST_STEP][PASSED] - click(findTestObject("Page_PRICING/span_Producto")): Object: 'Object Repository/Page_PRICING/span_Producto' is clicked on

21-03-2024T10:27:21 - [MESSAGE][PASSED] - Object: 'Object Repository/Page_PRICING/span_Producto' is clicked on

21-03-2024T10:27:21 - [TEST_STEP][PASSED] - waitForElementVisible(findTestObject("Page_PRICING/span_Visualizar"), 5): Object 'Object Repository/Page_PRICING/span_Visualizar' is visible

21-03-2024T10:27:22 - [MESSAGE][PASSED] - Object 'Object Repository/Page_PRICING/span_Visualizar' is visible

21-03-2024T10:27:22 - [TEST_STEP][PASSED] - click(findTestObject("Page_PRICING/span_Visualizar")): Object: 'Object Repository/Page_PRICING/span_Visualizar' is clicked on

21-03-2024T10:27:23 - [MESSAGE][PASSED] - Object: 'Object Repository/Page_PRICING/span_Visualizar' is clicked on

21-03-2024T10:27:23 - [TEST_STEP][PASSED] - waitForElementPresent(findTestObject("Page_Visualizar PRODUCTOS/div_Cdigo"), 5): Object 'Object Repository/Page_Visualizar PRODUCTOS/div_Cdigo' is present

21-03-2024T10:27:24 - [MESSAGE][PASSED] - Object 'Object Repository/Page_Visualizar PRODUCTOS/div_Cdigo' is present

21-03-2024T10:27:24 - [TEST_STEP][PASSED] - waitForElementPresent(findTestObject("Page_Visualizar PRODUCTOS/div_Opciones"), 5): Object 'Object Repository/Page_Visualizar PRODUCTOS/div_Opciones' is present

21-03-2024T10:27:30 - [MESSAGE][INFO] - Unable to find the element located by 'By.xpath: id("kt_content")/div[@id="app"]/div[@class="kt-portlet kt-portlet--bordered"]/div[@class="kt-portlet__body"]/div[@class="kt-datatable kt-datatable--default kt-datatable--brand kt-datatable--loaded"]/div[@class="bootstrap-table bootstrap4"]/div[@class="fixed-table-container"]/div[@class="fixed-table-body"]/table[@class="table table-bordered table-hover"]/thead[1]/tr[1]/th[7]/div[@class="th-inner"][count(. | //div[@class = 'th-inner ' and (text() = 'Opciones' or . = 'Opciones')]) = count(//div[@class = 'th-inner ' and (text() = 'Opciones' or . = 'Opciones')])]'. Please recheck the objects properties to make sure the desired element is located. 

21-03-2024T10:27:30 - [MESSAGE][WARNING] - [SELF-HEALING] Failed to find element with id 'Object Repository/Page_Visualizar PRODUCTOS/div_Opciones'. Try using Self-healing.

21-03-2024T10:27:31 - [MESSAGE][WARNING] - [SELF-HEALING] The current locator of test object 'Object Repository/Page_Visualizar PRODUCTOS/div_Opciones' was broken. Propose an alternative one: '//div[@id='app']/div[2]/div/div/div[2]/div[2]/div[2]/table/thead/tr/th[7]/div'.

21-03-2024T10:27:31 - [MESSAGE][PASSED] - Object 'Object Repository/Page_Visualizar PRODUCTOS/div_Opciones' is present

21-03-2024T10:27:31 - [TEST_STEP][PASSED] - waitForElementPresent(findTestObject("Page_Visualizar PRODUCTOS/button_Filtros"), 6): Object 'Object Repository/Page_Visualizar PRODUCTOS/button_Filtros' is present

21-03-2024T10:27:31 - [MESSAGE][PASSED] - Object 'Object Repository/Page_Visualizar PRODUCTOS/button_Filtros' is present

21-03-2024T10:27:31 - [TEST_STEP][PASSED] - waitForElementPresent(findTestObject("Page_Visualizar PRODUCTOS/IconoOjoProduct"), 4): Object 'Object Repository/Page_Visualizar PRODUCTOS/IconoOjoProduct' is present

21-03-2024T10:27:31 - [MESSAGE][PASSED] - Object 'Object Repository/Page_Visualizar PRODUCTOS/IconoOjoProduct' is present

21-03-2024T10:27:31 - [TEST_STEP][PASSED] - doubleClick(findTestObject("Page_Visualizar PRODUCTOS/IconoOjoProduct")): Object: 'Object Repository/Page_Visualizar PRODUCTOS/IconoOjoProduct' is double clicked on

21-03-2024T10:27:37 - [MESSAGE][PASSED] - Object: 'Object Repository/Page_Visualizar PRODUCTOS/IconoOjoProduct' is double clicked on

21-03-2024T10:27:37 - [TEST_STEP][PASSED] - waitForElementPresent(findTestObject("Page_Visualizar PRODUCTOS/h3_Mostrar Producto"), 3): Object 'Object Repository/Page_Visualizar PRODUCTOS/h3_Mostrar Producto' is present

21-03-2024T10:27:39 - [MESSAGE][PASSED] - Object 'Object Repository/Page_Visualizar PRODUCTOS/h3_Mostrar Producto' is present

21-03-2024T10:27:39 - [TEST_STEP][PASSED] - click(findTestObject("Page_Visualizar PRODUCTOS/ExpandDatosBasicosProduct")): Object: 'Object Repository/Page_Visualizar PRODUCTOS/ExpandDatosBasicosProduct' is clicked on

21-03-2024T10:27:39 - [MESSAGE][PASSED] - Object: 'Object Repository/Page_Visualizar PRODUCTOS/ExpandDatosBasicosProduct' is clicked on

21-03-2024T10:27:39 - [TEST_STEP][PASSED] - closeBrowser(): Browser is closed

21-03-2024T10:27:39 - [MESSAGE][PASSED] - Browser is closed]]></system-out>
         <system-err><![CDATA[]]></system-err>
      </testcase>
      <testcase name="Test Cases/PRICING-Test Plan Regresión Core/P25-2246-PRODUCTOS-Visualizar tarifa de producto" time="19.202" classname="Test Cases/PRICING-Test Plan Regresión Core/P25-2246-PRODUCTOS-Visualizar tarifa de producto" status="PASSED">
         <system-out><![CDATA[21-03-2024T10:27:39 - [TEST_CASE][PASSED] - Test Cases/PRICING-Test Plan Regresión Core/P25-2246-PRODUCTOS-Visualizar tarifa de producto: Test Cases/PRICING-Test Plan Regresión Core/P25-2246-PRODUCTOS-Visualizar tarifa de producto

21-03-2024T10:27:39 - [TEST_STEP][PASSED] - openBrowser(""): Browser is opened with url: ''

21-03-2024T10:27:39 - [MESSAGE][INFO] - Starting 'Chrome' driver

21-03-2024T10:27:39 - [MESSAGE][INFO] - Action delay is set to 0 milliseconds

21-03-2024T10:27:40 - [MESSAGE][PASSED] - Browser is opened with url: ''

21-03-2024T10:27:40 - [TEST_STEP][PASSED] - navigateToUrl("https://pre-pricing.recordgo.cloud/login"): Navigate to 'https://pre-pricing.recordgo.cloud/login' successfully

21-03-2024T10:27:47 - [MESSAGE][PASSED] - Navigate to 'https://pre-pricing.recordgo.cloud/login' successfully

21-03-2024T10:27:47 - [TEST_STEP][PASSED] - maximizeWindow(): Current window maximized

21-03-2024T10:27:47 - [MESSAGE][PASSED] - Current window maximized

21-03-2024T10:27:47 - [TEST_STEP][PASSED] - setText(findTestObject("Page_Login/input_Log in to your account__username"), "antonio.diego"): Text 'antonio.diego' is set on object 'Object Repository/Page_Login/input_Log in to your account__username'

21-03-2024T10:27:48 - [MESSAGE][PASSED] - Text 'antonio.diego' is set on object 'Object Repository/Page_Login/input_Log in to your account__username'

21-03-2024T10:27:48 - [TEST_STEP][PASSED] - setEncryptedText(findTestObject("Object Repository/Page_Login/input_Log in to your account__password"), "4WoE78dHD36JvULd0ZrVWg=="): Text ****** has been set on object 'Object Repository/Page_Login/input_Log in to your account__password'

21-03-2024T10:27:49 - [MESSAGE][PASSED] - Text ****** has been set on object 'Object Repository/Page_Login/input_Log in to your account__password'

21-03-2024T10:27:49 - [TEST_STEP][PASSED] - selectOptionByValue(findTestObject("Object Repository/Page_Login/select_Select an option CANARY ISLAND"), "IC", true): All options with value 'IC' are selected in object 'Object Repository/Page_Login/select_Select an option CANARY ISLAND'  using regular expression

21-03-2024T10:27:49 - [MESSAGE][PASSED] - All options with value 'IC' are selected in object 'Object Repository/Page_Login/select_Select an option CANARY ISLAND'  using regular expression

21-03-2024T10:27:49 - [TEST_STEP][PASSED] - click(findTestObject("Object Repository/Page_Login/button_Login")): Object: 'Object Repository/Page_Login/button_Login' is clicked on

21-03-2024T10:27:52 - [MESSAGE][PASSED] - Object: 'Object Repository/Page_Login/button_Login' is clicked on

21-03-2024T10:27:52 - [TEST_STEP][PASSED] - waitForElementVisible(findTestObject("Page_PRICING/img"), 5): Object 'Object Repository/Page_PRICING/img' is visible

21-03-2024T10:27:53 - [MESSAGE][PASSED] - Object 'Object Repository/Page_PRICING/img' is visible

21-03-2024T10:27:53 - [TEST_STEP][PASSED] - verifyElementVisible(findTestObject("Object Repository/Page_PRICING/img")): Object 'Object Repository/Page_PRICING/img' is visible

21-03-2024T10:27:53 - [MESSAGE][PASSED] - Object 'Object Repository/Page_PRICING/img' is visible

21-03-2024T10:27:53 - [TEST_STEP][PASSED] - waitForElementVisible(findTestObject("Page_PRICING/span_PRODUCTOS"), 3): Object 'Object Repository/Page_PRICING/span_PRODUCTOS' is visible

21-03-2024T10:27:53 - [MESSAGE][PASSED] - Object 'Object Repository/Page_PRICING/span_PRODUCTOS' is visible

21-03-2024T10:27:53 - [TEST_STEP][PASSED] - click(findTestObject("Object Repository/Page_PRICING/span_PRODUCTOS")): Object: 'Object Repository/Page_PRICING/span_PRODUCTOS' is clicked on

21-03-2024T10:27:53 - [MESSAGE][PASSED] - Object: 'Object Repository/Page_PRICING/span_PRODUCTOS' is clicked on

21-03-2024T10:27:53 - [TEST_STEP][PASSED] - click(findTestObject("Object Repository/Page_PRICING/span_Tarifas")): Object: 'Object Repository/Page_PRICING/span_Tarifas' is clicked on

21-03-2024T10:27:54 - [MESSAGE][PASSED] - Object: 'Object Repository/Page_PRICING/span_Tarifas' is clicked on

21-03-2024T10:27:54 - [TEST_STEP][PASSED] - waitForElementPresent(findTestObject("Page_PRICING/span_Visualizar_tarifas"), 3): Object 'Object Repository/Page_PRICING/span_Visualizar_tarifas' is present

21-03-2024T10:27:54 - [MESSAGE][PASSED] - Object 'Object Repository/Page_PRICING/span_Visualizar_tarifas' is present

21-03-2024T10:27:54 - [TEST_STEP][PASSED] - doubleClick(findTestObject("Page_PRICING/span_Visualizar_tarifas")): Object: 'Object Repository/Page_PRICING/span_Visualizar_tarifas' is double clicked on

21-03-2024T10:27:56 - [MESSAGE][PASSED] - Object: 'Object Repository/Page_PRICING/span_Visualizar_tarifas' is double clicked on

21-03-2024T10:27:56 - [TEST_STEP][PASSED] - waitForElementPresent(findTestObject("Object Repository/Page_Visualizar PRODUCTOS/i_Filtros_fa fa-angle-down ml-3"), 3): Object 'Object Repository/Page_Visualizar PRODUCTOS/i_Filtros_fa fa-angle-down ml-3' is present

21-03-2024T10:27:57 - [MESSAGE][PASSED] - Object 'Object Repository/Page_Visualizar PRODUCTOS/i_Filtros_fa fa-angle-down ml-3' is present

21-03-2024T10:27:57 - [TEST_STEP][PASSED] - waitForElementPresent(findTestObject("Object Repository/Page_Visualizar PRODUCTOS/h1_Registros totales"), 3): Object 'Object Repository/Page_Visualizar PRODUCTOS/h1_Registros totales' is present

21-03-2024T10:27:57 - [MESSAGE][PASSED] - Object 'Object Repository/Page_Visualizar PRODUCTOS/h1_Registros totales' is present

21-03-2024T10:27:57 - [TEST_STEP][PASSED] - waitForElementPresent(findTestObject("Object Repository/Page_Visualizar PRODUCTOS/div_Nombre interno"), 3): Object 'Object Repository/Page_Visualizar PRODUCTOS/div_Nombre interno' is present

21-03-2024T10:27:57 - [MESSAGE][PASSED] - Object 'Object Repository/Page_Visualizar PRODUCTOS/div_Nombre interno' is present

21-03-2024T10:27:57 - [TEST_STEP][PASSED] - verifyElementPresent(findTestObject("Object Repository/Page_Visualizar PRODUCTOS/button_Filtros"), 3): Object 'Object Repository/Page_Visualizar PRODUCTOS/button_Filtros' is present

21-03-2024T10:27:58 - [MESSAGE][PASSED] - Object 'Object Repository/Page_Visualizar PRODUCTOS/button_Filtros' is present

21-03-2024T10:27:58 - [TEST_STEP][PASSED] - verifyElementPresent(findTestObject("Object Repository/Page_Visualizar PRODUCTOS/div_Nombre interno"), 3): Object 'Object Repository/Page_Visualizar PRODUCTOS/div_Nombre interno' is present

21-03-2024T10:27:58 - [MESSAGE][PASSED] - Object 'Object Repository/Page_Visualizar PRODUCTOS/div_Nombre interno' is present

21-03-2024T10:27:58 - [TEST_STEP][PASSED] - verifyElementPresent(findTestObject("Object Repository/Page_Visualizar PRODUCTOS/h1_Registros totales"), 3): Object 'Object Repository/Page_Visualizar PRODUCTOS/h1_Registros totales' is present

21-03-2024T10:27:58 - [MESSAGE][PASSED] - Object 'Object Repository/Page_Visualizar PRODUCTOS/h1_Registros totales' is present

21-03-2024T10:27:58 - [TEST_STEP][PASSED] - closeBrowser(): Browser is closed

21-03-2024T10:27:58 - [MESSAGE][PASSED] - Browser is closed]]></system-out>
         <system-err><![CDATA[]]></system-err>
      </testcase>
      <system-out><![CDATA[21-03-2024T10:24:52 - [TEST_SUITE][PASSED] - PRICING-Test Plan Regresión Core: Test Cases/PRICING-Test Plan Regresión Core/P25-2246-PRODUCTOS-Visualizar tarifa de producto]]></system-out>
      <system-err><![CDATA[]]></system-err>
   </testsuite>
</testsuites>
