<?xml version="1.0" encoding="UTF-8"?>
<testsuites name="PRICING-Test Plan Regresión Core" time="728.842" tests="28" failures="4" errors="0">
   <testsuite name="PRICING-Test Plan Regresión Core" tests="28" failures="4" errors="0" time="728.842" skipped="0" timestamp="09-12-2024T17:35:02" hostname="afernandezd - 192.168.1.25" id="Test Suites/PRICING-Test Plan Regresión Core">
      <properties>
         <property name="deviceName" value=""/>
         <property name="devicePlatform"/>
         <property name="logFolder" value="/Users/afernandezd/Katalon Studio/Pricing-PrimeraPrueba/Reports/20241209_173457/PRICING-Test Plan Regresi\u00F3n Core/20241209_173458"/>
         <property name="logFiles" value="/Users/afernandezd/Katalon Studio/Pricing-PrimeraPrueba/Reports/20241209_173457/PRICING-Test Plan Regresi\u00F3n Core/20241209_173458/execution0.log"/>
         <property name="attachments" value="/Users/afernandezd/Katalon Studio/Pricing-PrimeraPrueba/Reports/20241209_173457/PRICING-Test Plan Regresi\u00F3n Core/20241209_173458/1733762153558.png, /Users/afernandezd/Katalon Studio/Pricing-PrimeraPrueba/Reports/20241209_173457/PRICING-Test Plan Regresi\u00F3n Core/20241209_173458/P-25-2167, /Users/afernandezd/Katalon Studio/Pricing-PrimeraPrueba/Reports/20241209_173457/PRICING-Test Plan Regresi\u00F3n Core/20241209_173458/P-25-2244, /Users/afernandezd/Katalon Studio/Pricing-PrimeraPrueba/Reports/20241209_173457/PRICING-Test Plan Regresi\u00F3n Core/20241209_173458/P25-2246, /Users/afernandezd/Katalon Studio/Pricing-PrimeraPrueba/Reports/20241209_173457/PRICING-Test Plan Regresi\u00F3n Core/20241209_173458/P-25-2166, /Users/afernandezd/Katalon Studio/Pricing-PrimeraPrueba/Reports/20241209_173457/PRICING-Test Plan Regresi\u00F3n Core/20241209_173458/P-25-2173, /Users/afernandezd/Katalon Studio/Pricing-PrimeraPrueba/Reports/20241209_173457/PRICING-Test Plan Regresi\u00F3n Core/20241209_173458/P25-2248, /Users/afernandezd/Katalon Studio/Pricing-PrimeraPrueba/Reports/20241209_173457/PRICING-Test Plan Regresi\u00F3n Core/20241209_173458/P-25-2175, /Users/afernandezd/Katalon Studio/Pricing-PrimeraPrueba/Reports/20241209_173457/PRICING-Test Plan Regresi\u00F3n Core/20241209_173458/P-25-2175, /Users/afernandezd/Katalon Studio/Pricing-PrimeraPrueba/Reports/20241209_173457/PRICING-Test Plan Regresi\u00F3n Core/20241209_173458/1733762385654.png, /Users/afernandezd/Katalon Studio/Pricing-PrimeraPrueba/Reports/20241209_173457/PRICING-Test Plan Regresi\u00F3n Core/20241209_173458/1733762405990.png, /Users/afernandezd/Katalon Studio/Pricing-PrimeraPrueba/Reports/20241209_173457/PRICING-Test Plan Regresi\u00F3n Core/20241209_173458/P-25-2172, /Users/afernandezd/Katalon Studio/Pricing-PrimeraPrueba/Reports/20241209_173457/PRICING-Test Plan Regresi\u00F3n Core/20241209_173458/P-25-2186, /Users/afernandezd/Katalon Studio/Pricing-PrimeraPrueba/Reports/20241209_173457/PRICING-Test Plan Regresi\u00F3n Core/20241209_173458/P-25-2186, /Users/afernandezd/Katalon Studio/Pricing-PrimeraPrueba/Reports/20241209_173457/PRICING-Test Plan Regresi\u00F3n Core/20241209_173458/P-25-2186, /Users/afernandezd/Katalon Studio/Pricing-PrimeraPrueba/Reports/20241209_173457/PRICING-Test Plan Regresi\u00F3n Core/20241209_173458/P-25-2186, /Users/afernandezd/Katalon Studio/Pricing-PrimeraPrueba/Reports/20241209_173457/PRICING-Test Plan Regresi\u00F3n Core/20241209_173458/1733762550222.png, /Users/afernandezd/Katalon Studio/Pricing-PrimeraPrueba/Reports/20241209_173457/PRICING-Test Plan Regresi\u00F3n Core/20241209_173458/1733762563276.png, /Users/afernandezd/Katalon Studio/Pricing-PrimeraPrueba/Reports/20241209_173457/PRICING-Test Plan Regresi\u00F3n Core/20241209_173458/1733762583145.png, /Users/afernandezd/Katalon Studio/Pricing-PrimeraPrueba/Reports/20241209_173457/PRICING-Test Plan Regresi\u00F3n Core/20241209_173458/1733762596270.png, /Users/afernandezd/Katalon Studio/Pricing-PrimeraPrueba/Reports/20241209_173457/PRICING-Test Plan Regresi\u00F3n Core/20241209_173458/1733762657522.png, /Users/afernandezd/Katalon Studio/Pricing-PrimeraPrueba/Reports/20241209_173457/PRICING-Test Plan Regresi\u00F3n Core/20241209_173458/1733762671178.png, /Users/afernandezd/Katalon Studio/Pricing-PrimeraPrueba/Reports/20241209_173457/PRICING-Test Plan Regresi\u00F3n Core/20241209_173458/1733762683466.png, /Users/afernandezd/Katalon Studio/Pricing-PrimeraPrueba/Reports/20241209_173457/PRICING-Test Plan Regresi\u00F3n Core/20241209_173458/1733762697993.png, /Users/afernandezd/Katalon Studio/Pricing-PrimeraPrueba/Reports/20241209_173457/PRICING-Test Plan Regresi\u00F3n Core/20241209_173458/1733762744955.png, /Users/afernandezd/Katalon Studio/Pricing-PrimeraPrueba/Reports/20241209_173457/PRICING-Test Plan Regresi\u00F3n Core/20241209_173458/1733762756815.png, /Users/afernandezd/Katalon Studio/Pricing-PrimeraPrueba/Reports/20241209_173457/PRICING-Test Plan Regresi\u00F3n Core/20241209_173458/1733762768579.png, /Users/afernandezd/Katalon Studio/Pricing-PrimeraPrueba/Reports/20241209_173457/PRICING-Test Plan Regresi\u00F3n Core/20241209_173458/1733762781156.png, /Users/afernandezd/Katalon Studio/Pricing-PrimeraPrueba/Reports/20241209_173457/PRICING-Test Plan Regresi\u00F3n Core/20241209_173458/1733762793585.png, /Users/afernandezd/Katalon Studio/Pricing-PrimeraPrueba/Reports/20241209_173457/PRICING-Test Plan Regresi\u00F3n Core/20241209_173458/1733762806151.png, /Users/afernandezd/Katalon Studio/Pricing-PrimeraPrueba/Reports/20241209_173457/PRICING-Test Plan Regresi\u00F3n Core/20241209_173458/1733762818226.png, /Users/afernandezd/Katalon Studio/Pricing-PrimeraPrueba/Reports/20241209_173457/PRICING-Test Plan Regresi\u00F3n Core/20241209_173458/1733762830857.png"/>
         <property name="hostName" value="afernandezd - 192.168.1.25"/>
         <property name="os" value="Mac OS X 64bit"/>
         <property name="katalonVersion" value="9.5.0.217"/>
         <property name="browser" value="Chrome 131.0.0.0"/>
         <property name="hostAddress" value="192.168.1.25"/>
         <property name="sessionId" value="184f358b6bcc7a908ff02a5d597b155d"/>
         <property name="seleniumVersion" value="3.141.59"/>
         <property name="proxyInformation" value="ProxyInformation { proxyOption=NO_PROXY, proxyServerType=HTTP, username=, password=********, proxyServerAddress=, proxyServerPort=0, executionList=&quot;&quot;, isApplyToDesiredCapabilities=true }"/>
         <property name="platform" value="Mac OS X"/>
      </properties>
      <testcase name="Test Cases/PRICING-Test Plan Regresión Core/P25-LoginPricing-KO-pass" time="11.467" classname="Test Cases/PRICING-Test Plan Regresión Core/P25-LoginPricing-KO-pass" status="PASSED">
         <system-out><![CDATA[09-12-2024T17:35:02 - [TEST_CASE][PASSED] - Test Cases/PRICING-Test Plan Regresión Core/P25-LoginPricing-KO-pass: Test Cases/PRICING-Test Plan Regresión Core/P25-LoginPricing-KO-pass

09-12-2024T17:35:02 - [TEST_STEP][PASSED] - openBrowser(""): Browser is opened with url: ''

09-12-2024T17:35:02 - [MESSAGE][INFO] - Starting 'Chrome' driver

09-12-2024T17:35:02 - [MESSAGE][INFO] - Action delay is set to 0 milliseconds

09-12-2024T17:35:03 - [MESSAGE][PASSED] - Browser is opened with url: ''

09-12-2024T17:35:03 - [TEST_STEP][PASSED] - navigateToUrl("https://pre-sales.recordgo.cloud/login"): Navigate to 'https://pre-sales.recordgo.cloud/login' successfully

09-12-2024T17:35:09 - [MESSAGE][PASSED] - Navigate to 'https://pre-sales.recordgo.cloud/login' successfully

09-12-2024T17:35:09 - [TEST_STEP][PASSED] - maximizeWindow(): Current window maximized

09-12-2024T17:35:10 - [MESSAGE][PASSED] - Current window maximized

09-12-2024T17:35:10 - [TEST_STEP][PASSED] - setText(findTestObject("Pricing-Test Plan Regresión Core/Page_Login/input_Log in to your account__username"), "antonio.diego"): Text 'antonio.diego' is set on object 'Object Repository/Pricing-Test Plan Regresión Core/Page_Login/input_Log in to your account__username'

09-12-2024T17:35:10 - [MESSAGE][PASSED] - Text 'antonio.diego' is set on object 'Object Repository/Pricing-Test Plan Regresión Core/Page_Login/input_Log in to your account__username'

09-12-2024T17:35:10 - [TEST_STEP][PASSED] - setEncryptedText(findTestObject("Object Repository/Pricing-Test Plan Regresión Core/Page_Login/input_Log in to your account__password"), "y3nGvd+W12k="): Text ****** has been set on object 'Object Repository/Pricing-Test Plan Regresión Core/Page_Login/input_Log in to your account__password'

09-12-2024T17:35:10 - [MESSAGE][PASSED] - Text ****** has been set on object 'Object Repository/Pricing-Test Plan Regresión Core/Page_Login/input_Log in to your account__password'

09-12-2024T17:35:10 - [TEST_STEP][PASSED] - selectOptionByValue(findTestObject("Object Repository/Pricing-Test Plan Regresión Core/Page_Login/select_Select an option CANARY ISLAND"), "IC", true): All options with value 'IC' are selected in object 'Object Repository/Pricing-Test Plan Regresión Core/Page_Login/select_Select an option CANARY ISLAND'  using regular expression

09-12-2024T17:35:11 - [MESSAGE][PASSED] - All options with value 'IC' are selected in object 'Object Repository/Pricing-Test Plan Regresión Core/Page_Login/select_Select an option CANARY ISLAND'  using regular expression

09-12-2024T17:35:11 - [TEST_STEP][PASSED] - click(findTestObject("Object Repository/Pricing-Test Plan Regresión Core/Page_Login/button_Login")): Object: 'Object Repository/Pricing-Test Plan Regresión Core/Page_Login/button_Login' is clicked on

09-12-2024T17:35:12 - [MESSAGE][PASSED] - Object: 'Object Repository/Pricing-Test Plan Regresión Core/Page_Login/button_Login' is clicked on

09-12-2024T17:35:12 - [TEST_STEP][PASSED] - waitForElementPresent(findTestObject("Pricing-Test Plan Regresión Core/Page_Login/div_Invalid credentials"), 3): Object 'Object Repository/Pricing-Test Plan Regresión Core/Page_Login/div_Invalid credentials' is present

09-12-2024T17:35:13 - [MESSAGE][PASSED] - Object 'Object Repository/Pricing-Test Plan Regresión Core/Page_Login/div_Invalid credentials' is present

09-12-2024T17:35:13 - [TEST_STEP][PASSED] - waitForElementVisible(findTestObject("Pricing-Test Plan Regresión Core/Page_Login/div_Invalid credentials"), 3): Object 'Object Repository/Pricing-Test Plan Regresión Core/Page_Login/div_Invalid credentials' is visible

09-12-2024T17:35:13 - [MESSAGE][PASSED] - Object 'Object Repository/Pricing-Test Plan Regresión Core/Page_Login/div_Invalid credentials' is visible

09-12-2024T17:35:13 - [TEST_STEP][PASSED] - closeBrowser(): Browser is closed

09-12-2024T17:35:13 - [MESSAGE][PASSED] - Browser is closed]]></system-out>
         <system-err><![CDATA[]]></system-err>
      </testcase>
      <testcase name="Test Cases/PRICING-Test Plan Regresión Core/P25-LoginPricing-KO-user" time="10.592" classname="Test Cases/PRICING-Test Plan Regresión Core/P25-LoginPricing-KO-user" status="PASSED">
         <system-out><![CDATA[09-12-2024T17:35:13 - [TEST_CASE][PASSED] - Test Cases/PRICING-Test Plan Regresión Core/P25-LoginPricing-KO-user: Test Cases/PRICING-Test Plan Regresión Core/P25-LoginPricing-KO-user

09-12-2024T17:35:13 - [TEST_STEP][PASSED] - openBrowser(""): Browser is opened with url: ''

09-12-2024T17:35:13 - [MESSAGE][INFO] - Starting 'Chrome' driver

09-12-2024T17:35:13 - [MESSAGE][INFO] - Action delay is set to 0 milliseconds

09-12-2024T17:35:14 - [MESSAGE][PASSED] - Browser is opened with url: ''

09-12-2024T17:35:14 - [TEST_STEP][PASSED] - navigateToUrl("https://pre-sales.recordgo.cloud/login"): Navigate to 'https://pre-sales.recordgo.cloud/login' successfully

09-12-2024T17:35:20 - [MESSAGE][PASSED] - Navigate to 'https://pre-sales.recordgo.cloud/login' successfully

09-12-2024T17:35:20 - [TEST_STEP][PASSED] - maximizeWindow(): Current window maximized

09-12-2024T17:35:20 - [MESSAGE][PASSED] - Current window maximized

09-12-2024T17:35:20 - [TEST_STEP][PASSED] - setText(findTestObject("Pricing-Test Plan Regresión Core/Page_Login/input_Log in to your account__username"), "anio.diego"): Text 'anio.diego' is set on object 'Object Repository/Pricing-Test Plan Regresión Core/Page_Login/input_Log in to your account__username'

09-12-2024T17:35:21 - [MESSAGE][PASSED] - Text 'anio.diego' is set on object 'Object Repository/Pricing-Test Plan Regresión Core/Page_Login/input_Log in to your account__username'

09-12-2024T17:35:21 - [TEST_STEP][PASSED] - setEncryptedText(findTestObject("Object Repository/Pricing-Test Plan Regresión Core/Page_Login/input_Log in to your account__password"), "4WoE78dHD36JvULd0ZrVWg=="): Text ****** has been set on object 'Object Repository/Pricing-Test Plan Regresión Core/Page_Login/input_Log in to your account__password'

09-12-2024T17:35:21 - [MESSAGE][PASSED] - Text ****** has been set on object 'Object Repository/Pricing-Test Plan Regresión Core/Page_Login/input_Log in to your account__password'

09-12-2024T17:35:21 - [TEST_STEP][PASSED] - selectOptionByValue(findTestObject("Object Repository/Pricing-Test Plan Regresión Core/Page_Login/select_Select an option CANARY ISLAND"), "IC", true): All options with value 'IC' are selected in object 'Object Repository/Pricing-Test Plan Regresión Core/Page_Login/select_Select an option CANARY ISLAND'  using regular expression

09-12-2024T17:35:22 - [MESSAGE][PASSED] - All options with value 'IC' are selected in object 'Object Repository/Pricing-Test Plan Regresión Core/Page_Login/select_Select an option CANARY ISLAND'  using regular expression

09-12-2024T17:35:22 - [TEST_STEP][PASSED] - click(findTestObject("Object Repository/Pricing-Test Plan Regresión Core/Page_Login/button_Login")): Object: 'Object Repository/Pricing-Test Plan Regresión Core/Page_Login/button_Login' is clicked on

09-12-2024T17:35:23 - [MESSAGE][PASSED] - Object: 'Object Repository/Pricing-Test Plan Regresión Core/Page_Login/button_Login' is clicked on

09-12-2024T17:35:23 - [TEST_STEP][PASSED] - waitForElementPresent(findTestObject("Pricing-Test Plan Regresión Core/Page_Login/div_Invalid credentials"), 3): Object 'Object Repository/Pricing-Test Plan Regresión Core/Page_Login/div_Invalid credentials' is present

09-12-2024T17:35:23 - [MESSAGE][PASSED] - Object 'Object Repository/Pricing-Test Plan Regresión Core/Page_Login/div_Invalid credentials' is present

09-12-2024T17:35:23 - [TEST_STEP][PASSED] - waitForElementVisible(findTestObject("Pricing-Test Plan Regresión Core/Page_Login/div_Invalid credentials"), 3): Object 'Object Repository/Pricing-Test Plan Regresión Core/Page_Login/div_Invalid credentials' is visible

09-12-2024T17:35:24 - [MESSAGE][PASSED] - Object 'Object Repository/Pricing-Test Plan Regresión Core/Page_Login/div_Invalid credentials' is visible

09-12-2024T17:35:24 - [TEST_STEP][PASSED] - closeBrowser(): Browser is closed

09-12-2024T17:35:24 - [MESSAGE][PASSED] - Browser is closed]]></system-out>
         <system-err><![CDATA[]]></system-err>
      </testcase>
      <testcase name="Test Cases/PRICING-Test Plan Regresión Core/P25-LoginPricing-OK" time="11.217" classname="Test Cases/PRICING-Test Plan Regresión Core/P25-LoginPricing-OK" status="PASSED">
         <system-out><![CDATA[09-12-2024T17:35:24 - [TEST_CASE][PASSED] - Test Cases/PRICING-Test Plan Regresión Core/P25-LoginPricing-OK: Test Cases/PRICING-Test Plan Regresión Core/P25-LoginPricing-OK

09-12-2024T17:35:24 - [TEST_STEP][PASSED] - openBrowser(""): Browser is opened with url: ''

09-12-2024T17:35:24 - [MESSAGE][INFO] - Starting 'Chrome' driver

09-12-2024T17:35:24 - [MESSAGE][INFO] - Action delay is set to 0 milliseconds

09-12-2024T17:35:25 - [MESSAGE][PASSED] - Browser is opened with url: ''

09-12-2024T17:35:25 - [TEST_STEP][PASSED] - navigateToUrl("https://pre-sales.recordgo.cloud/login"): Navigate to 'https://pre-sales.recordgo.cloud/login' successfully

09-12-2024T17:35:30 - [MESSAGE][PASSED] - Navigate to 'https://pre-sales.recordgo.cloud/login' successfully

09-12-2024T17:35:30 - [TEST_STEP][PASSED] - maximizeWindow(): Current window maximized

09-12-2024T17:35:31 - [MESSAGE][PASSED] - Current window maximized

09-12-2024T17:35:31 - [TEST_STEP][PASSED] - setText(findTestObject("Pricing-Test Plan Regresión Core/Page_Login/input_Log in to your account__username"), "antonio.diego"): Text 'antonio.diego' is set on object 'Object Repository/Pricing-Test Plan Regresión Core/Page_Login/input_Log in to your account__username'

09-12-2024T17:35:31 - [MESSAGE][PASSED] - Text 'antonio.diego' is set on object 'Object Repository/Pricing-Test Plan Regresión Core/Page_Login/input_Log in to your account__username'

09-12-2024T17:35:31 - [TEST_STEP][PASSED] - setEncryptedText(findTestObject("Object Repository/Pricing-Test Plan Regresión Core/Page_Login/input_Log in to your account__password"), "4WoE78dHD36JvULd0ZrVWg=="): Text ****** has been set on object 'Object Repository/Pricing-Test Plan Regresión Core/Page_Login/input_Log in to your account__password'

09-12-2024T17:35:31 - [MESSAGE][PASSED] - Text ****** has been set on object 'Object Repository/Pricing-Test Plan Regresión Core/Page_Login/input_Log in to your account__password'

09-12-2024T17:35:31 - [TEST_STEP][PASSED] - selectOptionByValue(findTestObject("Object Repository/Pricing-Test Plan Regresión Core/Page_Login/select_Select an option CANARY ISLAND"), "IC", true): All options with value 'IC' are selected in object 'Object Repository/Pricing-Test Plan Regresión Core/Page_Login/select_Select an option CANARY ISLAND'  using regular expression

09-12-2024T17:35:32 - [MESSAGE][PASSED] - All options with value 'IC' are selected in object 'Object Repository/Pricing-Test Plan Regresión Core/Page_Login/select_Select an option CANARY ISLAND'  using regular expression

09-12-2024T17:35:32 - [TEST_STEP][PASSED] - click(findTestObject("Object Repository/Pricing-Test Plan Regresión Core/Page_Login/button_Login")): Object: 'Object Repository/Pricing-Test Plan Regresión Core/Page_Login/button_Login' is clicked on

09-12-2024T17:35:34 - [MESSAGE][PASSED] - Object: 'Object Repository/Pricing-Test Plan Regresión Core/Page_Login/button_Login' is clicked on

09-12-2024T17:35:34 - [TEST_STEP][PASSED] - waitForElementVisible(findTestObject("Pricing-Test Plan Regresión Core/Page_PRICING/img"), 0): Object 'Object Repository/Pricing-Test Plan Regresión Core/Page_PRICING/img' is visible

09-12-2024T17:35:34 - [MESSAGE][WARNING] - Timeout '0' is invalid. Using default page load timeout: '30'

09-12-2024T17:35:35 - [MESSAGE][PASSED] - Object 'Object Repository/Pricing-Test Plan Regresión Core/Page_PRICING/img' is visible

09-12-2024T17:35:35 - [TEST_STEP][PASSED] - verifyElementVisible(findTestObject("Object Repository/Pricing-Test Plan Regresión Core/Page_PRICING/img")): Object 'Object Repository/Pricing-Test Plan Regresión Core/Page_PRICING/img' is visible

09-12-2024T17:35:35 - [MESSAGE][PASSED] - Object 'Object Repository/Pricing-Test Plan Regresión Core/Page_PRICING/img' is visible

09-12-2024T17:35:35 - [TEST_STEP][PASSED] - closeBrowser(): Browser is closed

09-12-2024T17:35:35 - [MESSAGE][PASSED] - Browser is closed]]></system-out>
         <system-err><![CDATA[]]></system-err>
      </testcase>
      <testcase name="Test Cases/PRICING-Test Plan Regresión Core/P25-2163-PRODUCTOS-VisualizarProductos" time="18.43" classname="Test Cases/PRICING-Test Plan Regresión Core/P25-2163-PRODUCTOS-VisualizarProductos" status="PASSED">
         <system-out><![CDATA[09-12-2024T17:35:35 - [TEST_CASE][PASSED] - Test Cases/PRICING-Test Plan Regresión Core/P25-2163-PRODUCTOS-VisualizarProductos: Test Cases/PRICING-Test Plan Regresión Core/P25-2163-PRODUCTOS-VisualizarProductos

09-12-2024T17:35:35 - [TEST_STEP][PASSED] - openBrowser(""): Browser is opened with url: ''

09-12-2024T17:35:35 - [MESSAGE][INFO] - Starting 'Chrome' driver

09-12-2024T17:35:35 - [MESSAGE][INFO] - Action delay is set to 0 milliseconds

09-12-2024T17:35:36 - [MESSAGE][PASSED] - Browser is opened with url: ''

09-12-2024T17:35:36 - [TEST_STEP][PASSED] - navigateToUrl("https://pre-sales.recordgo.cloud/login"): Navigate to 'https://pre-sales.recordgo.cloud/login' successfully

09-12-2024T17:35:42 - [MESSAGE][PASSED] - Navigate to 'https://pre-sales.recordgo.cloud/login' successfully

09-12-2024T17:35:42 - [TEST_STEP][PASSED] - maximizeWindow(): Current window maximized

09-12-2024T17:35:42 - [MESSAGE][PASSED] - Current window maximized

09-12-2024T17:35:42 - [TEST_STEP][PASSED] - setText(findTestObject("Pricing-Test Plan Regresión Core/Page_Login/input_Log in to your account__username"), "antonio.diego"): Text 'antonio.diego' is set on object 'Object Repository/Pricing-Test Plan Regresión Core/Page_Login/input_Log in to your account__username'

09-12-2024T17:35:42 - [MESSAGE][PASSED] - Text 'antonio.diego' is set on object 'Object Repository/Pricing-Test Plan Regresión Core/Page_Login/input_Log in to your account__username'

09-12-2024T17:35:42 - [TEST_STEP][PASSED] - setEncryptedText(findTestObject("Object Repository/Pricing-Test Plan Regresión Core/Page_Login/input_Log in to your account__password"), "4WoE78dHD36JvULd0ZrVWg=="): Text ****** has been set on object 'Object Repository/Pricing-Test Plan Regresión Core/Page_Login/input_Log in to your account__password'

09-12-2024T17:35:43 - [MESSAGE][PASSED] - Text ****** has been set on object 'Object Repository/Pricing-Test Plan Regresión Core/Page_Login/input_Log in to your account__password'

09-12-2024T17:35:43 - [TEST_STEP][PASSED] - selectOptionByValue(findTestObject("Object Repository/Pricing-Test Plan Regresión Core/Page_Login/select_Select an option CANARY ISLAND"), "IC", true): All options with value 'IC' are selected in object 'Object Repository/Pricing-Test Plan Regresión Core/Page_Login/select_Select an option CANARY ISLAND'  using regular expression

09-12-2024T17:35:43 - [MESSAGE][PASSED] - All options with value 'IC' are selected in object 'Object Repository/Pricing-Test Plan Regresión Core/Page_Login/select_Select an option CANARY ISLAND'  using regular expression

09-12-2024T17:35:43 - [TEST_STEP][PASSED] - click(findTestObject("Object Repository/Pricing-Test Plan Regresión Core/Page_Login/button_Login")): Object: 'Object Repository/Pricing-Test Plan Regresión Core/Page_Login/button_Login' is clicked on

09-12-2024T17:35:46 - [MESSAGE][PASSED] - Object: 'Object Repository/Pricing-Test Plan Regresión Core/Page_Login/button_Login' is clicked on

09-12-2024T17:35:46 - [TEST_STEP][PASSED] - waitForElementVisible(findTestObject("Pricing-Test Plan Regresión Core/Page_PRICING/img"), 5): Object 'Object Repository/Pricing-Test Plan Regresión Core/Page_PRICING/img' is visible

09-12-2024T17:35:46 - [MESSAGE][PASSED] - Object 'Object Repository/Pricing-Test Plan Regresión Core/Page_PRICING/img' is visible

09-12-2024T17:35:46 - [TEST_STEP][PASSED] - verifyElementVisible(findTestObject("Object Repository/Pricing-Test Plan Regresión Core/Page_PRICING/img")): Object 'Object Repository/Pricing-Test Plan Regresión Core/Page_PRICING/img' is visible

09-12-2024T17:35:46 - [MESSAGE][PASSED] - Object 'Object Repository/Pricing-Test Plan Regresión Core/Page_PRICING/img' is visible

09-12-2024T17:35:46 - [TEST_STEP][PASSED] - waitForElementVisible(findTestObject("Pricing-Test Plan Regresión Core/Page_PRICING/span_PRODUCTOS"), 3): Object 'Object Repository/Pricing-Test Plan Regresión Core/Page_PRICING/span_PRODUCTOS' is visible

09-12-2024T17:35:46 - [MESSAGE][PASSED] - Object 'Object Repository/Pricing-Test Plan Regresión Core/Page_PRICING/span_PRODUCTOS' is visible

09-12-2024T17:35:46 - [TEST_STEP][PASSED] - click(findTestObject("Object Repository/Pricing-Test Plan Regresión Core/Page_PRICING/span_PRODUCTOS")): Object: 'Object Repository/Pricing-Test Plan Regresión Core/Page_PRICING/span_PRODUCTOS' is clicked on

09-12-2024T17:35:47 - [MESSAGE][PASSED] - Object: 'Object Repository/Pricing-Test Plan Regresión Core/Page_PRICING/span_PRODUCTOS' is clicked on

09-12-2024T17:35:47 - [TEST_STEP][PASSED] - waitForElementVisible(findTestObject("Pricing-Test Plan Regresión Core/Page_PRICING/span_Producto"), 3): Object 'Object Repository/Pricing-Test Plan Regresión Core/Page_PRICING/span_Producto' is visible

09-12-2024T17:35:47 - [MESSAGE][PASSED] - Object 'Object Repository/Pricing-Test Plan Regresión Core/Page_PRICING/span_Producto' is visible

09-12-2024T17:35:47 - [TEST_STEP][PASSED] - click(findTestObject("Object Repository/Pricing-Test Plan Regresión Core/Page_PRICING/span_Producto")): Object: 'Object Repository/Pricing-Test Plan Regresión Core/Page_PRICING/span_Producto' is clicked on

09-12-2024T17:35:47 - [MESSAGE][PASSED] - Object: 'Object Repository/Pricing-Test Plan Regresión Core/Page_PRICING/span_Producto' is clicked on

09-12-2024T17:35:47 - [TEST_STEP][PASSED] - waitForElementVisible(findTestObject("Pricing-Test Plan Regresión Core/Page_PRICING/span_Visualizar"), 3): Object 'Object Repository/Pricing-Test Plan Regresión Core/Page_PRICING/span_Visualizar' is visible

09-12-2024T17:35:47 - [MESSAGE][PASSED] - Object 'Object Repository/Pricing-Test Plan Regresión Core/Page_PRICING/span_Visualizar' is visible

09-12-2024T17:35:47 - [TEST_STEP][PASSED] - click(findTestObject("Object Repository/Pricing-Test Plan Regresión Core/Page_PRICING/span_Visualizar"), STOP_ON_FAILURE): Object: 'Object Repository/Pricing-Test Plan Regresión Core/Page_PRICING/span_Visualizar' is clicked on

09-12-2024T17:35:49 - [MESSAGE][PASSED] - Object: 'Object Repository/Pricing-Test Plan Regresión Core/Page_PRICING/span_Visualizar' is clicked on

09-12-2024T17:35:49 - [TEST_STEP][PASSED] - waitForElementVisible(findTestObject("Pricing-Test Plan Regresión Core/Page_Visualizar PRODUCTOS/div_Cdigo"), 3): Object 'Object Repository/Pricing-Test Plan Regresión Core/Page_Visualizar PRODUCTOS/div_Cdigo' is not visible after 3 second(s)

09-12-2024T17:35:53 - [MESSAGE][WARNING] - Object 'Object Repository/Pricing-Test Plan Regresión Core/Page_Visualizar PRODUCTOS/div_Cdigo' is not visible after 3 second(s)

09-12-2024T17:35:53 - [TEST_STEP][PASSED] - takeScreenshot(): Taking screenshot successfully

09-12-2024T17:35:53 - [MESSAGE][PASSED] - Taking screenshot successfully
[[ATTACHMENT|/Users/afernandezd/Katalon Studio/Pricing-PrimeraPrueba/Reports/20241209_173457/PRICING-Test Plan Regresi\u00F3n Core/20241209_173458/1733762153558.png]]

09-12-2024T17:35:53 - [TEST_STEP][PASSED] - verifyElementPresent(findTestObject("Pricing-Test Plan Regresión Core/Page_Visualizar PRODUCTOS/div_Cdigo"), 3): Object 'Object Repository/Pricing-Test Plan Regresión Core/Page_Visualizar PRODUCTOS/div_Cdigo' is present

09-12-2024T17:35:53 - [MESSAGE][PASSED] - Object 'Object Repository/Pricing-Test Plan Regresión Core/Page_Visualizar PRODUCTOS/div_Cdigo' is present

09-12-2024T17:35:53 - [TEST_STEP][PASSED] - closeBrowser(): Browser is closed

09-12-2024T17:35:53 - [MESSAGE][PASSED] - Browser is closed]]></system-out>
         <system-err><![CDATA[]]></system-err>
      </testcase>
      <testcase name="Test Cases/PRICING-Test Plan Regresión Core/P25-2167-PRODUCTOS-Visualizar productos-Ver Histórico" time="27.008" classname="Test Cases/PRICING-Test Plan Regresión Core/P25-2167-PRODUCTOS-Visualizar productos-Ver Histórico" status="PASSED">
         <system-out><![CDATA[09-12-2024T17:35:53 - [TEST_CASE][PASSED] - Test Cases/PRICING-Test Plan Regresión Core/P25-2167-PRODUCTOS-Visualizar productos-Ver Histórico: Test Cases/PRICING-Test Plan Regresión Core/P25-2167-PRODUCTOS-Visualizar productos-Ver Histórico

09-12-2024T17:35:53 - [TEST_STEP][PASSED] - openBrowser(""): Browser is opened with url: ''

09-12-2024T17:35:53 - [MESSAGE][INFO] - Starting 'Chrome' driver

09-12-2024T17:35:53 - [MESSAGE][INFO] - Action delay is set to 0 milliseconds

09-12-2024T17:35:54 - [MESSAGE][PASSED] - Browser is opened with url: ''

09-12-2024T17:35:54 - [TEST_STEP][PASSED] - navigateToUrl("https://pre-sales.recordgo.cloud/login"): Navigate to 'https://pre-sales.recordgo.cloud/login' successfully

09-12-2024T17:36:01 - [MESSAGE][PASSED] - Navigate to 'https://pre-sales.recordgo.cloud/login' successfully

09-12-2024T17:36:01 - [TEST_STEP][PASSED] - maximizeWindow(): Current window maximized

09-12-2024T17:36:01 - [MESSAGE][PASSED] - Current window maximized

09-12-2024T17:36:01 - [TEST_STEP][PASSED] - setText(findTestObject("Pricing-Test Plan Regresión Core/Page_Login/input_Log in to your account__username"), "antonio.diego"): Text 'antonio.diego' is set on object 'Object Repository/Pricing-Test Plan Regresión Core/Page_Login/input_Log in to your account__username'

09-12-2024T17:36:02 - [MESSAGE][PASSED] - Text 'antonio.diego' is set on object 'Object Repository/Pricing-Test Plan Regresión Core/Page_Login/input_Log in to your account__username'

09-12-2024T17:36:02 - [TEST_STEP][PASSED] - setEncryptedText(findTestObject("Object Repository/Pricing-Test Plan Regresión Core/Page_Login/input_Log in to your account__password"), "4WoE78dHD36JvULd0ZrVWg=="): Text ****** has been set on object 'Object Repository/Pricing-Test Plan Regresión Core/Page_Login/input_Log in to your account__password'

09-12-2024T17:36:02 - [MESSAGE][PASSED] - Text ****** has been set on object 'Object Repository/Pricing-Test Plan Regresión Core/Page_Login/input_Log in to your account__password'

09-12-2024T17:36:02 - [TEST_STEP][PASSED] - selectOptionByValue(findTestObject("Object Repository/Pricing-Test Plan Regresión Core/Page_Login/select_Select an option CANARY ISLAND"), "IC", true): All options with value 'IC' are selected in object 'Object Repository/Pricing-Test Plan Regresión Core/Page_Login/select_Select an option CANARY ISLAND'  using regular expression

09-12-2024T17:36:03 - [MESSAGE][PASSED] - All options with value 'IC' are selected in object 'Object Repository/Pricing-Test Plan Regresión Core/Page_Login/select_Select an option CANARY ISLAND'  using regular expression

09-12-2024T17:36:03 - [TEST_STEP][PASSED] - click(findTestObject("Pricing-Test Plan Regresión Core/Page_Login/button_Login")): Object: 'Object Repository/Pricing-Test Plan Regresión Core/Page_Login/button_Login' is clicked on

09-12-2024T17:36:05 - [MESSAGE][PASSED] - Object: 'Object Repository/Pricing-Test Plan Regresión Core/Page_Login/button_Login' is clicked on

09-12-2024T17:36:05 - [TEST_STEP][PASSED] - waitForElementVisible(findTestObject("Pricing-Test Plan Regresión Core/Page_PRICING/img"), 5): Object 'Object Repository/Pricing-Test Plan Regresión Core/Page_PRICING/img' is visible

09-12-2024T17:36:05 - [MESSAGE][PASSED] - Object 'Object Repository/Pricing-Test Plan Regresión Core/Page_PRICING/img' is visible

09-12-2024T17:36:05 - [TEST_STEP][PASSED] - waitForElementVisible(findTestObject("Pricing-Test Plan Regresión Core/Page_PRICING/span_PRODUCTOS"), 5): Object 'Object Repository/Pricing-Test Plan Regresión Core/Page_PRICING/span_PRODUCTOS' is visible

09-12-2024T17:36:05 - [MESSAGE][PASSED] - Object 'Object Repository/Pricing-Test Plan Regresión Core/Page_PRICING/span_PRODUCTOS' is visible

09-12-2024T17:36:05 - [TEST_STEP][PASSED] - click(findTestObject("Pricing-Test Plan Regresión Core/Page_PRICING/span_PRODUCTOS")): Object: 'Object Repository/Pricing-Test Plan Regresión Core/Page_PRICING/span_PRODUCTOS' is clicked on

09-12-2024T17:36:06 - [MESSAGE][PASSED] - Object: 'Object Repository/Pricing-Test Plan Regresión Core/Page_PRICING/span_PRODUCTOS' is clicked on

09-12-2024T17:36:06 - [TEST_STEP][PASSED] - waitForElementVisible(findTestObject("Pricing-Test Plan Regresión Core/Page_PRICING/span_Producto"), 5): Object 'Object Repository/Pricing-Test Plan Regresión Core/Page_PRICING/span_Producto' is visible

09-12-2024T17:36:06 - [MESSAGE][PASSED] - Object 'Object Repository/Pricing-Test Plan Regresión Core/Page_PRICING/span_Producto' is visible

09-12-2024T17:36:06 - [TEST_STEP][PASSED] - click(findTestObject("Pricing-Test Plan Regresión Core/Page_PRICING/span_Producto")): Object: 'Object Repository/Pricing-Test Plan Regresión Core/Page_PRICING/span_Producto' is clicked on

09-12-2024T17:36:06 - [MESSAGE][PASSED] - Object: 'Object Repository/Pricing-Test Plan Regresión Core/Page_PRICING/span_Producto' is clicked on

09-12-2024T17:36:06 - [TEST_STEP][PASSED] - waitForElementVisible(findTestObject("Pricing-Test Plan Regresión Core/Page_PRICING/span_Visualizar"), 5): Object 'Object Repository/Pricing-Test Plan Regresión Core/Page_PRICING/span_Visualizar' is visible

09-12-2024T17:36:06 - [MESSAGE][PASSED] - Object 'Object Repository/Pricing-Test Plan Regresión Core/Page_PRICING/span_Visualizar' is visible

09-12-2024T17:36:06 - [TEST_STEP][PASSED] - click(findTestObject("Pricing-Test Plan Regresión Core/Page_PRICING/span_Visualizar")): Object: 'Object Repository/Pricing-Test Plan Regresión Core/Page_PRICING/span_Visualizar' is clicked on

09-12-2024T17:36:08 - [MESSAGE][PASSED] - Object: 'Object Repository/Pricing-Test Plan Regresión Core/Page_PRICING/span_Visualizar' is clicked on

09-12-2024T17:36:08 - [TEST_STEP][PASSED] - waitForElementPresent(findTestObject("Pricing-Test Plan Regresión Core/Page_Visualizar PRODUCTOS/div_Cdigo"), 5): Object 'Object Repository/Pricing-Test Plan Regresión Core/Page_Visualizar PRODUCTOS/div_Cdigo' is present

09-12-2024T17:36:09 - [MESSAGE][PASSED] - Object 'Object Repository/Pricing-Test Plan Regresión Core/Page_Visualizar PRODUCTOS/div_Cdigo' is present

09-12-2024T17:36:09 - [TEST_STEP][PASSED] - waitForElementPresent(findTestObject("Pricing-Test Plan Regresión Core/Page_Visualizar PRODUCTOS/div_Opciones"), 5): Object 'Object Repository/Pricing-Test Plan Regresión Core/Page_Visualizar PRODUCTOS/div_Opciones' is not present after 5 second(s)

09-12-2024T17:36:15 - [MESSAGE][INFO] - Unable to find the element located by 'By.xpath: id("kt_content")/div[@id="app"]/div[@class="kt-portlet kt-portlet--bordered"]/div[@class="kt-portlet__body"]/div[@class="kt-datatable kt-datatable--default kt-datatable--brand kt-datatable--loaded"]/div[@class="bootstrap-table bootstrap4"]/div[@class="fixed-table-container"]/div[@class="fixed-table-body"]/table[@class="table table-bordered table-hover"]/thead[1]/tr[1]/th[7]/div[@class="th-inner"][count(. | //div[@class = 'th-inner ' and (text() = 'Opciones' or . = 'Opciones')]) = count(//div[@class = 'th-inner ' and (text() = 'Opciones' or . = 'Opciones')])]'. Please recheck the objects properties to make sure the desired element is located. 

09-12-2024T17:36:15 - [MESSAGE][WARNING] - Object 'Object Repository/Pricing-Test Plan Regresión Core/Page_Visualizar PRODUCTOS/div_Opciones' is not present after 5 second(s)

09-12-2024T17:36:15 - [TEST_STEP][PASSED] - waitForElementPresent(findTestObject("Pricing-Test Plan Regresión Core/Page_Visualizar PRODUCTOS/button_Filtros"), 5): Object 'Object Repository/Pricing-Test Plan Regresión Core/Page_Visualizar PRODUCTOS/button_Filtros' is present

09-12-2024T17:36:15 - [MESSAGE][PASSED] - Object 'Object Repository/Pricing-Test Plan Regresión Core/Page_Visualizar PRODUCTOS/button_Filtros' is present

09-12-2024T17:36:15 - [TEST_STEP][PASSED] - waitForElementPresent(findTestObject("Pricing-Test Plan Regresión Core/Page_Visualizar PRODUCTOS/IconHistorico"), 5): Object 'Object Repository/Pricing-Test Plan Regresión Core/Page_Visualizar PRODUCTOS/IconHistorico' is present

09-12-2024T17:36:15 - [MESSAGE][PASSED] - Object 'Object Repository/Pricing-Test Plan Regresión Core/Page_Visualizar PRODUCTOS/IconHistorico' is present

09-12-2024T17:36:15 - [TEST_STEP][PASSED] - doubleClick(findTestObject("Pricing-Test Plan Regresión Core/Page_Visualizar PRODUCTOS/IconHistorico")): Object: 'Object Repository/Pricing-Test Plan Regresión Core/Page_Visualizar PRODUCTOS/IconHistorico' is double clicked on

09-12-2024T17:36:16 - [MESSAGE][PASSED] - Object: 'Object Repository/Pricing-Test Plan Regresión Core/Page_Visualizar PRODUCTOS/IconHistorico' is double clicked on

09-12-2024T17:36:16 - [TEST_STEP][PASSED] - waitForElementPresent(findTestObject("Object Repository/Pricing-Test Plan Regresión Core/Page_Visualizar PRODUCTOS/h5_Histrico de producto"), 4): Object 'Object Repository/Pricing-Test Plan Regresión Core/Page_Visualizar PRODUCTOS/h5_Histrico de producto' is present

09-12-2024T17:36:16 - [MESSAGE][PASSED] - Object 'Object Repository/Pricing-Test Plan Regresión Core/Page_Visualizar PRODUCTOS/h5_Histrico de producto' is present

09-12-2024T17:36:16 - [TEST_STEP][PASSED] - waitForElementPresent(findTestObject("Object Repository/Pricing-Test Plan Regresión Core/Page_Visualizar PRODUCTOS/IconoOjoHist"), 4): Object 'Object Repository/Pricing-Test Plan Regresión Core/Page_Visualizar PRODUCTOS/IconoOjoHist' is present

09-12-2024T17:36:17 - [MESSAGE][PASSED] - Object 'Object Repository/Pricing-Test Plan Regresión Core/Page_Visualizar PRODUCTOS/IconoOjoHist' is present

09-12-2024T17:36:17 - [TEST_STEP][PASSED] - doubleClick(findTestObject("Object Repository/Pricing-Test Plan Regresión Core/Page_Visualizar PRODUCTOS/IconoOjoHist")): Object: 'Object Repository/Pricing-Test Plan Regresión Core/Page_Visualizar PRODUCTOS/IconoOjoHist' is double clicked on

09-12-2024T17:36:20 - [MESSAGE][PASSED] - Object: 'Object Repository/Pricing-Test Plan Regresión Core/Page_Visualizar PRODUCTOS/IconoOjoHist' is double clicked on

09-12-2024T17:36:20 - [TEST_STEP][PASSED] - takeScreenshot("P-25-2167"): Taking screenshot successfully

09-12-2024T17:36:20 - [MESSAGE][PASSED] - Taking screenshot successfully
[[ATTACHMENT|/Users/afernandezd/Katalon Studio/Pricing-PrimeraPrueba/Reports/20241209_173457/PRICING-Test Plan Regresi\u00F3n Core/20241209_173458/P-25-2167]]

09-12-2024T17:36:20 - [TEST_STEP][PASSED] - comment(""): 

09-12-2024T17:36:20 - [MESSAGE][INFO] - 

09-12-2024T17:36:20 - [TEST_STEP][PASSED] - closeBrowser(): Browser is closed

09-12-2024T17:36:20 - [MESSAGE][PASSED] - Browser is closed]]></system-out>
         <system-err><![CDATA[]]></system-err>
      </testcase>
      <testcase name="Test Cases/PRICING-Test Plan Regresión Core/P25-2244-PRODUCTOS-Visualizar productos-Ver detalle" time="29.335" classname="Test Cases/PRICING-Test Plan Regresión Core/P25-2244-PRODUCTOS-Visualizar productos-Ver detalle" status="PASSED">
         <system-out><![CDATA[09-12-2024T17:36:20 - [TEST_CASE][PASSED] - Test Cases/PRICING-Test Plan Regresión Core/P25-2244-PRODUCTOS-Visualizar productos-Ver detalle: Test Cases/PRICING-Test Plan Regresión Core/P25-2244-PRODUCTOS-Visualizar productos-Ver detalle

09-12-2024T17:36:21 - [TEST_STEP][PASSED] - openBrowser(""): Browser is opened with url: ''

09-12-2024T17:36:21 - [MESSAGE][INFO] - Starting 'Chrome' driver

09-12-2024T17:36:21 - [MESSAGE][INFO] - Action delay is set to 0 milliseconds

09-12-2024T17:36:21 - [MESSAGE][PASSED] - Browser is opened with url: ''

09-12-2024T17:36:21 - [TEST_STEP][PASSED] - navigateToUrl("https://pre-sales.recordgo.cloud/login"): Navigate to 'https://pre-sales.recordgo.cloud/login' successfully

09-12-2024T17:36:27 - [MESSAGE][PASSED] - Navigate to 'https://pre-sales.recordgo.cloud/login' successfully

09-12-2024T17:36:27 - [TEST_STEP][PASSED] - maximizeWindow(): Current window maximized

09-12-2024T17:36:28 - [MESSAGE][PASSED] - Current window maximized

09-12-2024T17:36:28 - [TEST_STEP][PASSED] - setText(findTestObject("Pricing-Test Plan Regresión Core/Page_Login/input_Log in to your account__username"), "antonio.diego"): Text 'antonio.diego' is set on object 'Object Repository/Pricing-Test Plan Regresión Core/Page_Login/input_Log in to your account__username'

09-12-2024T17:36:28 - [MESSAGE][PASSED] - Text 'antonio.diego' is set on object 'Object Repository/Pricing-Test Plan Regresión Core/Page_Login/input_Log in to your account__username'

09-12-2024T17:36:28 - [TEST_STEP][PASSED] - setEncryptedText(findTestObject("Object Repository/Pricing-Test Plan Regresión Core/Page_Login/input_Log in to your account__password"), "4WoE78dHD36JvULd0ZrVWg=="): Text ****** has been set on object 'Object Repository/Pricing-Test Plan Regresión Core/Page_Login/input_Log in to your account__password'

09-12-2024T17:36:29 - [MESSAGE][PASSED] - Text ****** has been set on object 'Object Repository/Pricing-Test Plan Regresión Core/Page_Login/input_Log in to your account__password'

09-12-2024T17:36:29 - [TEST_STEP][PASSED] - selectOptionByValue(findTestObject("Object Repository/Pricing-Test Plan Regresión Core/Page_Login/select_Select an option CANARY ISLAND"), "IC", true): All options with value 'IC' are selected in object 'Object Repository/Pricing-Test Plan Regresión Core/Page_Login/select_Select an option CANARY ISLAND'  using regular expression

09-12-2024T17:36:29 - [MESSAGE][PASSED] - All options with value 'IC' are selected in object 'Object Repository/Pricing-Test Plan Regresión Core/Page_Login/select_Select an option CANARY ISLAND'  using regular expression

09-12-2024T17:36:29 - [TEST_STEP][PASSED] - click(findTestObject("Pricing-Test Plan Regresión Core/Page_Login/button_Login")): Object: 'Object Repository/Pricing-Test Plan Regresión Core/Page_Login/button_Login' is clicked on

09-12-2024T17:36:31 - [MESSAGE][PASSED] - Object: 'Object Repository/Pricing-Test Plan Regresión Core/Page_Login/button_Login' is clicked on

09-12-2024T17:36:31 - [TEST_STEP][PASSED] - waitForElementVisible(findTestObject("Pricing-Test Plan Regresión Core/Page_PRICING/img"), 5): Object 'Object Repository/Pricing-Test Plan Regresión Core/Page_PRICING/img' is visible

09-12-2024T17:36:32 - [MESSAGE][PASSED] - Object 'Object Repository/Pricing-Test Plan Regresión Core/Page_PRICING/img' is visible

09-12-2024T17:36:32 - [TEST_STEP][PASSED] - waitForElementVisible(findTestObject("Pricing-Test Plan Regresión Core/Page_PRICING/span_PRODUCTOS"), 5): Object 'Object Repository/Pricing-Test Plan Regresión Core/Page_PRICING/span_PRODUCTOS' is visible

09-12-2024T17:36:32 - [MESSAGE][PASSED] - Object 'Object Repository/Pricing-Test Plan Regresión Core/Page_PRICING/span_PRODUCTOS' is visible

09-12-2024T17:36:32 - [TEST_STEP][PASSED] - click(findTestObject("Pricing-Test Plan Regresión Core/Page_PRICING/span_PRODUCTOS")): Object: 'Object Repository/Pricing-Test Plan Regresión Core/Page_PRICING/span_PRODUCTOS' is clicked on

09-12-2024T17:36:32 - [MESSAGE][PASSED] - Object: 'Object Repository/Pricing-Test Plan Regresión Core/Page_PRICING/span_PRODUCTOS' is clicked on

09-12-2024T17:36:32 - [TEST_STEP][PASSED] - waitForElementVisible(findTestObject("Pricing-Test Plan Regresión Core/Page_PRICING/span_Producto"), 5): Object 'Object Repository/Pricing-Test Plan Regresión Core/Page_PRICING/span_Producto' is visible

09-12-2024T17:36:32 - [MESSAGE][PASSED] - Object 'Object Repository/Pricing-Test Plan Regresión Core/Page_PRICING/span_Producto' is visible

09-12-2024T17:36:32 - [TEST_STEP][PASSED] - click(findTestObject("Pricing-Test Plan Regresión Core/Page_PRICING/span_Producto")): Object: 'Object Repository/Pricing-Test Plan Regresión Core/Page_PRICING/span_Producto' is clicked on

09-12-2024T17:36:33 - [MESSAGE][PASSED] - Object: 'Object Repository/Pricing-Test Plan Regresión Core/Page_PRICING/span_Producto' is clicked on

09-12-2024T17:36:33 - [TEST_STEP][PASSED] - waitForElementVisible(findTestObject("Pricing-Test Plan Regresión Core/Page_PRICING/span_Visualizar"), 5): Object 'Object Repository/Pricing-Test Plan Regresión Core/Page_PRICING/span_Visualizar' is visible

09-12-2024T17:36:33 - [MESSAGE][PASSED] - Object 'Object Repository/Pricing-Test Plan Regresión Core/Page_PRICING/span_Visualizar' is visible

09-12-2024T17:36:33 - [TEST_STEP][PASSED] - click(findTestObject("Pricing-Test Plan Regresión Core/Page_PRICING/span_Visualizar")): Object: 'Object Repository/Pricing-Test Plan Regresión Core/Page_PRICING/span_Visualizar' is clicked on

09-12-2024T17:36:34 - [MESSAGE][PASSED] - Object: 'Object Repository/Pricing-Test Plan Regresión Core/Page_PRICING/span_Visualizar' is clicked on

09-12-2024T17:36:34 - [TEST_STEP][PASSED] - waitForElementPresent(findTestObject("Pricing-Test Plan Regresión Core/Page_Visualizar PRODUCTOS/div_Cdigo"), 5): Object 'Object Repository/Pricing-Test Plan Regresión Core/Page_Visualizar PRODUCTOS/div_Cdigo' is present

09-12-2024T17:36:35 - [MESSAGE][PASSED] - Object 'Object Repository/Pricing-Test Plan Regresión Core/Page_Visualizar PRODUCTOS/div_Cdigo' is present

09-12-2024T17:36:35 - [TEST_STEP][PASSED] - waitForElementPresent(findTestObject("Pricing-Test Plan Regresión Core/Page_Visualizar PRODUCTOS/div_Opciones"), 5): Object 'Object Repository/Pricing-Test Plan Regresión Core/Page_Visualizar PRODUCTOS/div_Opciones' is not present after 5 second(s)

09-12-2024T17:36:41 - [MESSAGE][INFO] - Unable to find the element located by 'By.xpath: id("kt_content")/div[@id="app"]/div[@class="kt-portlet kt-portlet--bordered"]/div[@class="kt-portlet__body"]/div[@class="kt-datatable kt-datatable--default kt-datatable--brand kt-datatable--loaded"]/div[@class="bootstrap-table bootstrap4"]/div[@class="fixed-table-container"]/div[@class="fixed-table-body"]/table[@class="table table-bordered table-hover"]/thead[1]/tr[1]/th[7]/div[@class="th-inner"][count(. | //div[@class = 'th-inner ' and (text() = 'Opciones' or . = 'Opciones')]) = count(//div[@class = 'th-inner ' and (text() = 'Opciones' or . = 'Opciones')])]'. Please recheck the objects properties to make sure the desired element is located. 

09-12-2024T17:36:41 - [MESSAGE][WARNING] - Object 'Object Repository/Pricing-Test Plan Regresión Core/Page_Visualizar PRODUCTOS/div_Opciones' is not present after 5 second(s)

09-12-2024T17:36:41 - [TEST_STEP][PASSED] - waitForElementPresent(findTestObject("Pricing-Test Plan Regresión Core/Page_Visualizar PRODUCTOS/button_Filtros"), 6): Object 'Object Repository/Pricing-Test Plan Regresión Core/Page_Visualizar PRODUCTOS/button_Filtros' is present

09-12-2024T17:36:41 - [MESSAGE][PASSED] - Object 'Object Repository/Pricing-Test Plan Regresión Core/Page_Visualizar PRODUCTOS/button_Filtros' is present

09-12-2024T17:36:41 - [TEST_STEP][PASSED] - waitForElementPresent(findTestObject("Pricing-Test Plan Regresión Core/Page_Visualizar PRODUCTOS/IconoOjoProduct"), 4): Object 'Object Repository/Pricing-Test Plan Regresión Core/Page_Visualizar PRODUCTOS/IconoOjoProduct' is present

09-12-2024T17:36:42 - [MESSAGE][PASSED] - Object 'Object Repository/Pricing-Test Plan Regresión Core/Page_Visualizar PRODUCTOS/IconoOjoProduct' is present

09-12-2024T17:36:42 - [TEST_STEP][PASSED] - doubleClick(findTestObject("Pricing-Test Plan Regresión Core/Page_Visualizar PRODUCTOS/IconoOjoProduct")): Object: 'Object Repository/Pricing-Test Plan Regresión Core/Page_Visualizar PRODUCTOS/IconoOjoProduct' is double clicked on

09-12-2024T17:36:45 - [MESSAGE][PASSED] - Object: 'Object Repository/Pricing-Test Plan Regresión Core/Page_Visualizar PRODUCTOS/IconoOjoProduct' is double clicked on

09-12-2024T17:36:45 - [TEST_STEP][PASSED] - waitForElementPresent(findTestObject("Pricing-Test Plan Regresión Core/Page_Visualizar PRODUCTOS/h3_Mostrar Producto"), 3): Object 'Object Repository/Pricing-Test Plan Regresión Core/Page_Visualizar PRODUCTOS/h3_Mostrar Producto' is not present after 3 second(s)

09-12-2024T17:36:49 - [MESSAGE][INFO] - Unable to find the element located by 'By.xpath: //div[@id='kt_page_portlet']/div/div/h3'. Please recheck the objects properties to make sure the desired element is located. 

09-12-2024T17:36:49 - [MESSAGE][WARNING] - Object 'Object Repository/Pricing-Test Plan Regresión Core/Page_Visualizar PRODUCTOS/h3_Mostrar Producto' is not present after 3 second(s)

09-12-2024T17:36:49 - [TEST_STEP][PASSED] - takeScreenshot("P-25-2244"): Taking screenshot successfully

09-12-2024T17:36:49 - [MESSAGE][PASSED] - Taking screenshot successfully
[[ATTACHMENT|/Users/afernandezd/Katalon Studio/Pricing-PrimeraPrueba/Reports/20241209_173457/PRICING-Test Plan Regresi\u00F3n Core/20241209_173458/P-25-2244]]

09-12-2024T17:36:49 - [TEST_STEP][PASSED] - click(findTestObject("Pricing-Test Plan Regresión Core/Page_Visualizar PRODUCTOS/ExpandDatosBasicosProduct")): Object: 'Object Repository/Pricing-Test Plan Regresión Core/Page_Visualizar PRODUCTOS/ExpandDatosBasicosProduct' is clicked on

09-12-2024T17:36:50 - [MESSAGE][PASSED] - Object: 'Object Repository/Pricing-Test Plan Regresión Core/Page_Visualizar PRODUCTOS/ExpandDatosBasicosProduct' is clicked on

09-12-2024T17:36:50 - [TEST_STEP][PASSED] - closeBrowser(): Browser is closed

09-12-2024T17:36:50 - [MESSAGE][PASSED] - Browser is closed]]></system-out>
         <system-err><![CDATA[]]></system-err>
      </testcase>
      <testcase name="Test Cases/PRICING-Test Plan Regresión Core/P25-2246-PRODUCTOS-Visualizar tarifa de producto" time="20.589" classname="Test Cases/PRICING-Test Plan Regresión Core/P25-2246-PRODUCTOS-Visualizar tarifa de producto" status="PASSED">
         <system-out><![CDATA[09-12-2024T17:36:50 - [TEST_CASE][PASSED] - Test Cases/PRICING-Test Plan Regresión Core/P25-2246-PRODUCTOS-Visualizar tarifa de producto: Test Cases/PRICING-Test Plan Regresión Core/P25-2246-PRODUCTOS-Visualizar tarifa de producto

09-12-2024T17:36:50 - [TEST_STEP][PASSED] - openBrowser(""): Browser is opened with url: ''

09-12-2024T17:36:50 - [MESSAGE][INFO] - Starting 'Chrome' driver

09-12-2024T17:36:50 - [MESSAGE][INFO] - Action delay is set to 0 milliseconds

09-12-2024T17:36:51 - [MESSAGE][PASSED] - Browser is opened with url: ''

09-12-2024T17:36:51 - [TEST_STEP][PASSED] - navigateToUrl("https://pre-sales.recordgo.cloud/login"): Navigate to 'https://pre-sales.recordgo.cloud/login' successfully

09-12-2024T17:36:57 - [MESSAGE][PASSED] - Navigate to 'https://pre-sales.recordgo.cloud/login' successfully

09-12-2024T17:36:57 - [TEST_STEP][PASSED] - maximizeWindow(): Current window maximized

09-12-2024T17:36:57 - [MESSAGE][PASSED] - Current window maximized

09-12-2024T17:36:57 - [TEST_STEP][PASSED] - setText(findTestObject("Pricing-Test Plan Regresión Core/Page_Login/input_Log in to your account__username"), "antonio.diego"): Text 'antonio.diego' is set on object 'Object Repository/Pricing-Test Plan Regresión Core/Page_Login/input_Log in to your account__username'

09-12-2024T17:36:58 - [MESSAGE][PASSED] - Text 'antonio.diego' is set on object 'Object Repository/Pricing-Test Plan Regresión Core/Page_Login/input_Log in to your account__username'

09-12-2024T17:36:58 - [TEST_STEP][PASSED] - setEncryptedText(findTestObject("Object Repository/Pricing-Test Plan Regresión Core/Page_Login/input_Log in to your account__password"), "4WoE78dHD36JvULd0ZrVWg=="): Text ****** has been set on object 'Object Repository/Pricing-Test Plan Regresión Core/Page_Login/input_Log in to your account__password'

09-12-2024T17:36:58 - [MESSAGE][PASSED] - Text ****** has been set on object 'Object Repository/Pricing-Test Plan Regresión Core/Page_Login/input_Log in to your account__password'

09-12-2024T17:36:58 - [TEST_STEP][PASSED] - selectOptionByValue(findTestObject("Object Repository/Pricing-Test Plan Regresión Core/Page_Login/select_Select an option CANARY ISLAND"), "IC", true): All options with value 'IC' are selected in object 'Object Repository/Pricing-Test Plan Regresión Core/Page_Login/select_Select an option CANARY ISLAND'  using regular expression

09-12-2024T17:36:59 - [MESSAGE][PASSED] - All options with value 'IC' are selected in object 'Object Repository/Pricing-Test Plan Regresión Core/Page_Login/select_Select an option CANARY ISLAND'  using regular expression

09-12-2024T17:36:59 - [TEST_STEP][PASSED] - click(findTestObject("Object Repository/Pricing-Test Plan Regresión Core/Page_Login/button_Login")): Object: 'Object Repository/Pricing-Test Plan Regresión Core/Page_Login/button_Login' is clicked on

09-12-2024T17:37:01 - [MESSAGE][PASSED] - Object: 'Object Repository/Pricing-Test Plan Regresión Core/Page_Login/button_Login' is clicked on

09-12-2024T17:37:01 - [TEST_STEP][PASSED] - waitForElementVisible(findTestObject("Pricing-Test Plan Regresión Core/Page_PRICING/img"), 5): Object 'Object Repository/Pricing-Test Plan Regresión Core/Page_PRICING/img' is visible

09-12-2024T17:37:01 - [MESSAGE][PASSED] - Object 'Object Repository/Pricing-Test Plan Regresión Core/Page_PRICING/img' is visible

09-12-2024T17:37:01 - [TEST_STEP][PASSED] - verifyElementVisible(findTestObject("Object Repository/Pricing-Test Plan Regresión Core/Page_PRICING/img")): Object 'Object Repository/Pricing-Test Plan Regresión Core/Page_PRICING/img' is visible

09-12-2024T17:37:01 - [MESSAGE][PASSED] - Object 'Object Repository/Pricing-Test Plan Regresión Core/Page_PRICING/img' is visible

09-12-2024T17:37:01 - [TEST_STEP][PASSED] - waitForElementVisible(findTestObject("Pricing-Test Plan Regresión Core/Page_PRICING/span_PRODUCTOS"), 3): Object 'Object Repository/Pricing-Test Plan Regresión Core/Page_PRICING/span_PRODUCTOS' is visible

09-12-2024T17:37:02 - [MESSAGE][PASSED] - Object 'Object Repository/Pricing-Test Plan Regresión Core/Page_PRICING/span_PRODUCTOS' is visible

09-12-2024T17:37:02 - [TEST_STEP][PASSED] - click(findTestObject("Object Repository/Pricing-Test Plan Regresión Core/Page_PRICING/span_PRODUCTOS")): Object: 'Object Repository/Pricing-Test Plan Regresión Core/Page_PRICING/span_PRODUCTOS' is clicked on

09-12-2024T17:37:02 - [MESSAGE][PASSED] - Object: 'Object Repository/Pricing-Test Plan Regresión Core/Page_PRICING/span_PRODUCTOS' is clicked on

09-12-2024T17:37:02 - [TEST_STEP][PASSED] - click(findTestObject("Object Repository/Pricing-Test Plan Regresión Core/Page_PRICING/span_Tarifas")): Object: 'Object Repository/Pricing-Test Plan Regresión Core/Page_PRICING/span_Tarifas' is clicked on

09-12-2024T17:37:02 - [MESSAGE][PASSED] - Object: 'Object Repository/Pricing-Test Plan Regresión Core/Page_PRICING/span_Tarifas' is clicked on

09-12-2024T17:37:02 - [TEST_STEP][PASSED] - waitForElementPresent(findTestObject("Pricing-Test Plan Regresión Core/Page_PRICING/span_Visualizar_tarifas"), 3): Object 'Object Repository/Pricing-Test Plan Regresión Core/Page_PRICING/span_Visualizar_tarifas' is present

09-12-2024T17:37:02 - [MESSAGE][PASSED] - Object 'Object Repository/Pricing-Test Plan Regresión Core/Page_PRICING/span_Visualizar_tarifas' is present

09-12-2024T17:37:02 - [TEST_STEP][PASSED] - doubleClick(findTestObject("Pricing-Test Plan Regresión Core/Page_PRICING/span_Visualizar_tarifas")): Object: 'Object Repository/Pricing-Test Plan Regresión Core/Page_PRICING/span_Visualizar_tarifas' is double clicked on

09-12-2024T17:37:05 - [MESSAGE][PASSED] - Object: 'Object Repository/Pricing-Test Plan Regresión Core/Page_PRICING/span_Visualizar_tarifas' is double clicked on

09-12-2024T17:37:05 - [TEST_STEP][PASSED] - waitForElementPresent(findTestObject("Object Repository/Pricing-Test Plan Regresión Core/Page_Visualizar COMPLEMENTOS/i_active_flaticon-eye"), 3): Object 'Object Repository/Pricing-Test Plan Regresión Core/Page_Visualizar COMPLEMENTOS/i_active_flaticon-eye' is not present after 3 second(s)

09-12-2024T17:37:09 - [MESSAGE][INFO] - Unable to find the element located by 'By.xpath: //i[@class = 'flaticon-eye']'. Please recheck the objects properties to make sure the desired element is located. 

09-12-2024T17:37:09 - [MESSAGE][WARNING] - Object 'Object Repository/Pricing-Test Plan Regresión Core/Page_Visualizar COMPLEMENTOS/i_active_flaticon-eye' is not present after 3 second(s)

09-12-2024T17:37:09 - [TEST_STEP][PASSED] - waitForElementPresent(findTestObject("Object Repository/Pricing-Test Plan Regresión Core/Page_Visualizar PRODUCTOS/h1_Registros totales"), 3): Object 'Object Repository/Pricing-Test Plan Regresión Core/Page_Visualizar PRODUCTOS/h1_Registros totales' is present

09-12-2024T17:37:09 - [MESSAGE][PASSED] - Object 'Object Repository/Pricing-Test Plan Regresión Core/Page_Visualizar PRODUCTOS/h1_Registros totales' is present

09-12-2024T17:37:09 - [TEST_STEP][PASSED] - waitForElementPresent(findTestObject("Object Repository/Pricing-Test Plan Regresión Core/Page_Visualizar PRODUCTOS/div_Nombre interno"), 3): Object 'Object Repository/Pricing-Test Plan Regresión Core/Page_Visualizar PRODUCTOS/div_Nombre interno' is present

09-12-2024T17:37:09 - [MESSAGE][PASSED] - Object 'Object Repository/Pricing-Test Plan Regresión Core/Page_Visualizar PRODUCTOS/div_Nombre interno' is present

09-12-2024T17:37:09 - [TEST_STEP][PASSED] - verifyElementPresent(findTestObject("Object Repository/Pricing-Test Plan Regresión Core/Page_Visualizar PRODUCTOS/button_Filtros"), 3): Object 'Object Repository/Pricing-Test Plan Regresión Core/Page_Visualizar PRODUCTOS/button_Filtros' is present

09-12-2024T17:37:10 - [MESSAGE][PASSED] - Object 'Object Repository/Pricing-Test Plan Regresión Core/Page_Visualizar PRODUCTOS/button_Filtros' is present

09-12-2024T17:37:10 - [TEST_STEP][PASSED] - verifyElementPresent(findTestObject("Object Repository/Pricing-Test Plan Regresión Core/Page_Visualizar PRODUCTOS/div_Nombre interno"), 3): Object 'Object Repository/Pricing-Test Plan Regresión Core/Page_Visualizar PRODUCTOS/div_Nombre interno' is present

09-12-2024T17:37:10 - [MESSAGE][PASSED] - Object 'Object Repository/Pricing-Test Plan Regresión Core/Page_Visualizar PRODUCTOS/div_Nombre interno' is present

09-12-2024T17:37:10 - [TEST_STEP][PASSED] - takeScreenshot("P25-2246"): Taking screenshot successfully

09-12-2024T17:37:10 - [MESSAGE][PASSED] - Taking screenshot successfully
[[ATTACHMENT|/Users/afernandezd/Katalon Studio/Pricing-PrimeraPrueba/Reports/20241209_173457/PRICING-Test Plan Regresi\u00F3n Core/20241209_173458/P25-2246]]

09-12-2024T17:37:10 - [TEST_STEP][PASSED] - verifyElementPresent(findTestObject("Object Repository/Pricing-Test Plan Regresión Core/Page_Visualizar PRODUCTOS/h1_Registros totales"), 3): Object 'Object Repository/Pricing-Test Plan Regresión Core/Page_Visualizar PRODUCTOS/h1_Registros totales' is present

09-12-2024T17:37:10 - [MESSAGE][PASSED] - Object 'Object Repository/Pricing-Test Plan Regresión Core/Page_Visualizar PRODUCTOS/h1_Registros totales' is present

09-12-2024T17:37:10 - [TEST_STEP][PASSED] - closeBrowser(): Browser is closed

09-12-2024T17:37:10 - [MESSAGE][PASSED] - Browser is closed]]></system-out>
         <system-err><![CDATA[]]></system-err>
      </testcase>
      <testcase name="Test Cases/PRICING-Test Plan Regresión Core/P25-2166-PRODUCTOS-Visualizar productos-Clonar" time="37.626" classname="Test Cases/PRICING-Test Plan Regresión Core/P25-2166-PRODUCTOS-Visualizar productos-Clonar" status="PASSED">
         <system-out><![CDATA[09-12-2024T17:37:10 - [TEST_CASE][PASSED] - Test Cases/PRICING-Test Plan Regresión Core/P25-2166-PRODUCTOS-Visualizar productos-Clonar: Test Cases/PRICING-Test Plan Regresión Core/P25-2166-PRODUCTOS-Visualizar productos-Clonar

09-12-2024T17:37:10 - [TEST_STEP][PASSED] - openBrowser(""): Browser is opened with url: ''

09-12-2024T17:37:10 - [MESSAGE][INFO] - Starting 'Chrome' driver

09-12-2024T17:37:10 - [MESSAGE][INFO] - Action delay is set to 0 milliseconds

09-12-2024T17:37:11 - [MESSAGE][PASSED] - Browser is opened with url: ''

09-12-2024T17:37:11 - [TEST_STEP][PASSED] - navigateToUrl("https://pre-sales.recordgo.cloud/login"): Navigate to 'https://pre-sales.recordgo.cloud/login' successfully

09-12-2024T17:37:17 - [MESSAGE][PASSED] - Navigate to 'https://pre-sales.recordgo.cloud/login' successfully

09-12-2024T17:37:17 - [TEST_STEP][PASSED] - maximizeWindow(): Current window maximized

09-12-2024T17:37:17 - [MESSAGE][PASSED] - Current window maximized

09-12-2024T17:37:17 - [TEST_STEP][PASSED] - setText(findTestObject("Pricing-Test Plan Regresión Core/Page_Login/input_Log in to your account__username"), "antonio.diego"): Text 'antonio.diego' is set on object 'Object Repository/Pricing-Test Plan Regresión Core/Page_Login/input_Log in to your account__username'

09-12-2024T17:37:18 - [MESSAGE][PASSED] - Text 'antonio.diego' is set on object 'Object Repository/Pricing-Test Plan Regresión Core/Page_Login/input_Log in to your account__username'

09-12-2024T17:37:18 - [TEST_STEP][PASSED] - setEncryptedText(findTestObject("Object Repository/Pricing-Test Plan Regresión Core/Page_Login/input_Log in to your account__password"), "4WoE78dHD36JvULd0ZrVWg=="): Text ****** has been set on object 'Object Repository/Pricing-Test Plan Regresión Core/Page_Login/input_Log in to your account__password'

09-12-2024T17:37:18 - [MESSAGE][PASSED] - Text ****** has been set on object 'Object Repository/Pricing-Test Plan Regresión Core/Page_Login/input_Log in to your account__password'

09-12-2024T17:37:18 - [TEST_STEP][PASSED] - selectOptionByValue(findTestObject("Object Repository/Pricing-Test Plan Regresión Core/Page_Login/select_Select an option CANARY ISLAND"), "IC", true): All options with value 'IC' are selected in object 'Object Repository/Pricing-Test Plan Regresión Core/Page_Login/select_Select an option CANARY ISLAND'  using regular expression

09-12-2024T17:37:19 - [MESSAGE][PASSED] - All options with value 'IC' are selected in object 'Object Repository/Pricing-Test Plan Regresión Core/Page_Login/select_Select an option CANARY ISLAND'  using regular expression

09-12-2024T17:37:19 - [TEST_STEP][PASSED] - click(findTestObject("Pricing-Test Plan Regresión Core/Page_Login/button_Login")): Object: 'Object Repository/Pricing-Test Plan Regresión Core/Page_Login/button_Login' is clicked on

09-12-2024T17:37:21 - [MESSAGE][PASSED] - Object: 'Object Repository/Pricing-Test Plan Regresión Core/Page_Login/button_Login' is clicked on

09-12-2024T17:37:21 - [TEST_STEP][PASSED] - waitForElementVisible(findTestObject("Pricing-Test Plan Regresión Core/Page_PRICING/img"), 5): Object 'Object Repository/Pricing-Test Plan Regresión Core/Page_PRICING/img' is visible

09-12-2024T17:37:21 - [MESSAGE][PASSED] - Object 'Object Repository/Pricing-Test Plan Regresión Core/Page_PRICING/img' is visible

09-12-2024T17:37:21 - [TEST_STEP][PASSED] - waitForElementVisible(findTestObject("Pricing-Test Plan Regresión Core/Page_PRICING/span_PRODUCTOS"), 5): Object 'Object Repository/Pricing-Test Plan Regresión Core/Page_PRICING/span_PRODUCTOS' is visible

09-12-2024T17:37:22 - [MESSAGE][PASSED] - Object 'Object Repository/Pricing-Test Plan Regresión Core/Page_PRICING/span_PRODUCTOS' is visible

09-12-2024T17:37:22 - [TEST_STEP][PASSED] - click(findTestObject("Pricing-Test Plan Regresión Core/Page_PRICING/span_PRODUCTOS")): Object: 'Object Repository/Pricing-Test Plan Regresión Core/Page_PRICING/span_PRODUCTOS' is clicked on

09-12-2024T17:37:22 - [MESSAGE][PASSED] - Object: 'Object Repository/Pricing-Test Plan Regresión Core/Page_PRICING/span_PRODUCTOS' is clicked on

09-12-2024T17:37:22 - [TEST_STEP][PASSED] - waitForElementVisible(findTestObject("Pricing-Test Plan Regresión Core/Page_PRICING/span_Producto"), 5): Object 'Object Repository/Pricing-Test Plan Regresión Core/Page_PRICING/span_Producto' is visible

09-12-2024T17:37:22 - [MESSAGE][PASSED] - Object 'Object Repository/Pricing-Test Plan Regresión Core/Page_PRICING/span_Producto' is visible

09-12-2024T17:37:22 - [TEST_STEP][PASSED] - click(findTestObject("Pricing-Test Plan Regresión Core/Page_PRICING/span_Producto")): Object: 'Object Repository/Pricing-Test Plan Regresión Core/Page_PRICING/span_Producto' is clicked on

09-12-2024T17:37:22 - [MESSAGE][PASSED] - Object: 'Object Repository/Pricing-Test Plan Regresión Core/Page_PRICING/span_Producto' is clicked on

09-12-2024T17:37:22 - [TEST_STEP][PASSED] - waitForElementVisible(findTestObject("Pricing-Test Plan Regresión Core/Page_PRICING/span_Visualizar"), 5): Object 'Object Repository/Pricing-Test Plan Regresión Core/Page_PRICING/span_Visualizar' is visible

09-12-2024T17:37:22 - [MESSAGE][PASSED] - Object 'Object Repository/Pricing-Test Plan Regresión Core/Page_PRICING/span_Visualizar' is visible

09-12-2024T17:37:22 - [TEST_STEP][PASSED] - click(findTestObject("Pricing-Test Plan Regresión Core/Page_PRICING/span_Visualizar")): Object: 'Object Repository/Pricing-Test Plan Regresión Core/Page_PRICING/span_Visualizar' is clicked on

09-12-2024T17:37:24 - [MESSAGE][PASSED] - Object: 'Object Repository/Pricing-Test Plan Regresión Core/Page_PRICING/span_Visualizar' is clicked on

09-12-2024T17:37:24 - [TEST_STEP][PASSED] - waitForElementPresent(findTestObject("Pricing-Test Plan Regresión Core/Page_Visualizar PRODUCTOS/div_Cdigo"), 6): Object 'Object Repository/Pricing-Test Plan Regresión Core/Page_Visualizar PRODUCTOS/div_Cdigo' is present

09-12-2024T17:37:25 - [MESSAGE][PASSED] - Object 'Object Repository/Pricing-Test Plan Regresión Core/Page_Visualizar PRODUCTOS/div_Cdigo' is present

09-12-2024T17:37:25 - [TEST_STEP][PASSED] - waitForElementPresent(findTestObject("Pricing-Test Plan Regresión Core/Page_Visualizar PRODUCTOS/div_Opciones"), 6): Object 'Object Repository/Pricing-Test Plan Regresión Core/Page_Visualizar PRODUCTOS/div_Opciones' is not present after 6 second(s)

09-12-2024T17:37:32 - [MESSAGE][INFO] - Unable to find the element located by 'By.xpath: id("kt_content")/div[@id="app"]/div[@class="kt-portlet kt-portlet--bordered"]/div[@class="kt-portlet__body"]/div[@class="kt-datatable kt-datatable--default kt-datatable--brand kt-datatable--loaded"]/div[@class="bootstrap-table bootstrap4"]/div[@class="fixed-table-container"]/div[@class="fixed-table-body"]/table[@class="table table-bordered table-hover"]/thead[1]/tr[1]/th[7]/div[@class="th-inner"][count(. | //div[@class = 'th-inner ' and (text() = 'Opciones' or . = 'Opciones')]) = count(//div[@class = 'th-inner ' and (text() = 'Opciones' or . = 'Opciones')])]'. Please recheck the objects properties to make sure the desired element is located. 

09-12-2024T17:37:32 - [MESSAGE][WARNING] - Object 'Object Repository/Pricing-Test Plan Regresión Core/Page_Visualizar PRODUCTOS/div_Opciones' is not present after 6 second(s)

09-12-2024T17:37:32 - [TEST_STEP][PASSED] - waitForElementPresent(findTestObject("Pricing-Test Plan Regresión Core/Page_Visualizar PRODUCTOS/button_Filtros"), 6): Object 'Object Repository/Pricing-Test Plan Regresión Core/Page_Visualizar PRODUCTOS/button_Filtros' is present

09-12-2024T17:37:32 - [MESSAGE][PASSED] - Object 'Object Repository/Pricing-Test Plan Regresión Core/Page_Visualizar PRODUCTOS/button_Filtros' is present

09-12-2024T17:37:32 - [TEST_STEP][PASSED] - waitForElementPresent(findTestObject("Pricing-Test Plan Regresión Core/Page_Visualizar COMPLEMENTOS/IconoHojaClonarComplemento"), 5): Object 'Object Repository/Pricing-Test Plan Regresión Core/Page_Visualizar COMPLEMENTOS/IconoHojaClonarComplemento' is present

09-12-2024T17:37:33 - [MESSAGE][PASSED] - Object 'Object Repository/Pricing-Test Plan Regresión Core/Page_Visualizar COMPLEMENTOS/IconoHojaClonarComplemento' is present

09-12-2024T17:37:33 - [TEST_STEP][PASSED] - doubleClick(findTestObject("Pricing-Test Plan Regresión Core/Page_Visualizar COMPLEMENTOS/IconoHojaClonarComplemento")): Object: 'Object Repository/Pricing-Test Plan Regresión Core/Page_Visualizar COMPLEMENTOS/IconoHojaClonarComplemento' is double clicked on

09-12-2024T17:37:41 - [MESSAGE][PASSED] - Object: 'Object Repository/Pricing-Test Plan Regresión Core/Page_Visualizar COMPLEMENTOS/IconoHojaClonarComplemento' is double clicked on

09-12-2024T17:37:41 - [TEST_STEP][PASSED] - waitForElementPresent(findTestObject("Pricing-Test Plan Regresión Core/Page_Visualizar PRODUCTOS/h3_Clonar producto"), 4): Object 'Object Repository/Pricing-Test Plan Regresión Core/Page_Visualizar PRODUCTOS/h3_Clonar producto' is present

09-12-2024T17:37:44 - [MESSAGE][PASSED] - Object 'Object Repository/Pricing-Test Plan Regresión Core/Page_Visualizar PRODUCTOS/h3_Clonar producto' is present

09-12-2024T17:37:44 - [TEST_STEP][PASSED] - verifyElementPresent(findTestObject("Pricing-Test Plan Regresión Core/Page_Visualizar PRODUCTOS/h3_Clonar producto"), 4): Object 'Object Repository/Pricing-Test Plan Regresión Core/Page_Visualizar PRODUCTOS/h3_Clonar producto' is present

09-12-2024T17:37:44 - [MESSAGE][PASSED] - Object 'Object Repository/Pricing-Test Plan Regresión Core/Page_Visualizar PRODUCTOS/h3_Clonar producto' is present

09-12-2024T17:37:44 - [TEST_STEP][PASSED] - waitForElementPresent(findTestObject("Pricing-Test Plan Regresión Core/Page_Visualizar PRODUCTOS/button_CancelarClonarProduct"), 5): Object 'Object Repository/Pricing-Test Plan Regresión Core/Page_Visualizar PRODUCTOS/button_CancelarClonarProduct' is present

09-12-2024T17:37:44 - [MESSAGE][PASSED] - Object 'Object Repository/Pricing-Test Plan Regresión Core/Page_Visualizar PRODUCTOS/button_CancelarClonarProduct' is present

09-12-2024T17:37:44 - [TEST_STEP][PASSED] - takeScreenshot("P-25-2166"): Taking screenshot successfully

09-12-2024T17:37:45 - [MESSAGE][PASSED] - Taking screenshot successfully
[[ATTACHMENT|/Users/afernandezd/Katalon Studio/Pricing-PrimeraPrueba/Reports/20241209_173457/PRICING-Test Plan Regresi\u00F3n Core/20241209_173458/P-25-2166]]

09-12-2024T17:37:45 - [TEST_STEP][PASSED] - focus(findTestObject("Pricing-Test Plan Regresión Core/Page_Visualizar PRODUCTOS/button_CancelarClonarProduct"), STOP_ON_FAILURE): Object: 'Object Repository/Pricing-Test Plan Regresión Core/Page_Visualizar PRODUCTOS/button_CancelarClonarProduct' is focused

09-12-2024T17:37:45 - [MESSAGE][PASSED] - Object: 'Object Repository/Pricing-Test Plan Regresión Core/Page_Visualizar PRODUCTOS/button_CancelarClonarProduct' is focused

09-12-2024T17:37:45 - [TEST_STEP][PASSED] - verifyElementPresent(findTestObject("Pricing-Test Plan Regresión Core/Page_Visualizar PRODUCTOS/button_CancelarClonarProduct"), 5): Object 'Object Repository/Pricing-Test Plan Regresión Core/Page_Visualizar PRODUCTOS/button_CancelarClonarProduct' is present

09-12-2024T17:37:45 - [MESSAGE][PASSED] - Object 'Object Repository/Pricing-Test Plan Regresión Core/Page_Visualizar PRODUCTOS/button_CancelarClonarProduct' is present

09-12-2024T17:37:45 - [TEST_STEP][PASSED] - doubleClick(findTestObject("Pricing-Test Plan Regresión Core/Page_Visualizar PRODUCTOS/button_CancelarClonarProduct")): Object: 'Object Repository/Pricing-Test Plan Regresión Core/Page_Visualizar PRODUCTOS/button_CancelarClonarProduct' is double clicked on

09-12-2024T17:37:47 - [MESSAGE][PASSED] - Object: 'Object Repository/Pricing-Test Plan Regresión Core/Page_Visualizar PRODUCTOS/button_CancelarClonarProduct' is double clicked on

09-12-2024T17:37:47 - [TEST_STEP][PASSED] - waitForElementPresent(findTestObject("Pricing-Test Plan Regresión Core/Page_Visualizar PRODUCTOS/h1_Registros totales"), 5): Object 'Object Repository/Pricing-Test Plan Regresión Core/Page_Visualizar PRODUCTOS/h1_Registros totales' is present

09-12-2024T17:37:48 - [MESSAGE][PASSED] - Object 'Object Repository/Pricing-Test Plan Regresión Core/Page_Visualizar PRODUCTOS/h1_Registros totales' is present

09-12-2024T17:37:48 - [TEST_STEP][PASSED] - verifyElementPresent(findTestObject("Pricing-Test Plan Regresión Core/Page_Visualizar PRODUCTOS/h1_Registros totales"), 5): Object 'Object Repository/Pricing-Test Plan Regresión Core/Page_Visualizar PRODUCTOS/h1_Registros totales' is present

09-12-2024T17:37:48 - [MESSAGE][PASSED] - Object 'Object Repository/Pricing-Test Plan Regresión Core/Page_Visualizar PRODUCTOS/h1_Registros totales' is present

09-12-2024T17:37:48 - [TEST_STEP][PASSED] - closeBrowser(): Browser is closed

09-12-2024T17:37:48 - [MESSAGE][PASSED] - Browser is closed]]></system-out>
         <system-err><![CDATA[]]></system-err>
      </testcase>
      <testcase name="Test Cases/PRICING-Test Plan Regresión Core/P25-2173-COMPLEMENTOS-Visualizar Hoja Detalle de complemento" time="26.309" classname="Test Cases/PRICING-Test Plan Regresión Core/P25-2173-COMPLEMENTOS-Visualizar Hoja Detalle de complemento" status="PASSED">
         <system-out><![CDATA[09-12-2024T17:37:48 - [TEST_CASE][PASSED] - Test Cases/PRICING-Test Plan Regresión Core/P25-2173-COMPLEMENTOS-Visualizar Hoja Detalle de complemento: Test Cases/PRICING-Test Plan Regresión Core/P25-2173-COMPLEMENTOS-Visualizar Hoja Detalle de complemento

09-12-2024T17:37:48 - [TEST_STEP][PASSED] - openBrowser(""): Browser is opened with url: ''

09-12-2024T17:37:48 - [MESSAGE][INFO] - Starting 'Chrome' driver

09-12-2024T17:37:48 - [MESSAGE][INFO] - Action delay is set to 0 milliseconds

09-12-2024T17:37:49 - [MESSAGE][PASSED] - Browser is opened with url: ''

09-12-2024T17:37:49 - [TEST_STEP][PASSED] - navigateToUrl("https://pre-sales.recordgo.cloud/login"): Navigate to 'https://pre-sales.recordgo.cloud/login' successfully

09-12-2024T17:37:54 - [MESSAGE][PASSED] - Navigate to 'https://pre-sales.recordgo.cloud/login' successfully

09-12-2024T17:37:54 - [TEST_STEP][PASSED] - maximizeWindow(): Current window maximized

09-12-2024T17:37:55 - [MESSAGE][PASSED] - Current window maximized

09-12-2024T17:37:55 - [TEST_STEP][PASSED] - setText(findTestObject("Pricing-Test Plan Regresión Core/Page_Login/input_Log in to your account__username"), "antonio.diego"): Text 'antonio.diego' is set on object 'Object Repository/Pricing-Test Plan Regresión Core/Page_Login/input_Log in to your account__username'

09-12-2024T17:37:55 - [MESSAGE][PASSED] - Text 'antonio.diego' is set on object 'Object Repository/Pricing-Test Plan Regresión Core/Page_Login/input_Log in to your account__username'

09-12-2024T17:37:55 - [TEST_STEP][PASSED] - setEncryptedText(findTestObject("Object Repository/Pricing-Test Plan Regresión Core/Page_Login/input_Log in to your account__password"), "4WoE78dHD36JvULd0ZrVWg=="): Text ****** has been set on object 'Object Repository/Pricing-Test Plan Regresión Core/Page_Login/input_Log in to your account__password'

09-12-2024T17:37:55 - [MESSAGE][PASSED] - Text ****** has been set on object 'Object Repository/Pricing-Test Plan Regresión Core/Page_Login/input_Log in to your account__password'

09-12-2024T17:37:55 - [TEST_STEP][PASSED] - selectOptionByValue(findTestObject("Object Repository/Pricing-Test Plan Regresión Core/Page_Login/select_Select an option CANARY ISLAND"), "IC", true): All options with value 'IC' are selected in object 'Object Repository/Pricing-Test Plan Regresión Core/Page_Login/select_Select an option CANARY ISLAND'  using regular expression

09-12-2024T17:37:56 - [MESSAGE][PASSED] - All options with value 'IC' are selected in object 'Object Repository/Pricing-Test Plan Regresión Core/Page_Login/select_Select an option CANARY ISLAND'  using regular expression

09-12-2024T17:37:56 - [TEST_STEP][PASSED] - click(findTestObject("Pricing-Test Plan Regresión Core/Page_Login/button_Login")): Object: 'Object Repository/Pricing-Test Plan Regresión Core/Page_Login/button_Login' is clicked on

09-12-2024T17:37:59 - [MESSAGE][PASSED] - Object: 'Object Repository/Pricing-Test Plan Regresión Core/Page_Login/button_Login' is clicked on

09-12-2024T17:37:59 - [TEST_STEP][PASSED] - waitForElementVisible(findTestObject("Pricing-Test Plan Regresión Core/Page_PRICING/img"), 5): Object 'Object Repository/Pricing-Test Plan Regresión Core/Page_PRICING/img' is visible

09-12-2024T17:37:59 - [MESSAGE][PASSED] - Object 'Object Repository/Pricing-Test Plan Regresión Core/Page_PRICING/img' is visible

09-12-2024T17:37:59 - [TEST_STEP][PASSED] - waitForElementPresent(findTestObject("Pricing-Test Plan Regresión Core/Page_Visualizar COMPLEMENTOS/span_COMPLEMENTOS"), 5): Object 'Object Repository/Pricing-Test Plan Regresión Core/Page_Visualizar COMPLEMENTOS/span_COMPLEMENTOS' is present

09-12-2024T17:37:59 - [MESSAGE][PASSED] - Object 'Object Repository/Pricing-Test Plan Regresión Core/Page_Visualizar COMPLEMENTOS/span_COMPLEMENTOS' is present

09-12-2024T17:37:59 - [TEST_STEP][PASSED] - click(findTestObject("Object Repository/Pricing-Test Plan Regresión Core/Page_Visualizar COMPLEMENTOS/span_COMPLEMENTOS")): Object: 'Object Repository/Pricing-Test Plan Regresión Core/Page_Visualizar COMPLEMENTOS/span_COMPLEMENTOS' is clicked on

09-12-2024T17:38:00 - [MESSAGE][PASSED] - Object: 'Object Repository/Pricing-Test Plan Regresión Core/Page_Visualizar COMPLEMENTOS/span_COMPLEMENTOS' is clicked on

09-12-2024T17:38:00 - [TEST_STEP][PASSED] - waitForElementPresent(findTestObject("Pricing-Test Plan Regresión Core/Page_Visualizar COMPLEMENTOS/span_Complemento"), 5): Object 'Object Repository/Pricing-Test Plan Regresión Core/Page_Visualizar COMPLEMENTOS/span_Complemento' is present

09-12-2024T17:38:00 - [MESSAGE][PASSED] - Object 'Object Repository/Pricing-Test Plan Regresión Core/Page_Visualizar COMPLEMENTOS/span_Complemento' is present

09-12-2024T17:38:00 - [TEST_STEP][PASSED] - click(findTestObject("Object Repository/Pricing-Test Plan Regresión Core/Page_Visualizar COMPLEMENTOS/span_Complemento")): Object: 'Object Repository/Pricing-Test Plan Regresión Core/Page_Visualizar COMPLEMENTOS/span_Complemento' is clicked on

09-12-2024T17:38:00 - [MESSAGE][PASSED] - Object: 'Object Repository/Pricing-Test Plan Regresión Core/Page_Visualizar COMPLEMENTOS/span_Complemento' is clicked on

09-12-2024T17:38:00 - [TEST_STEP][PASSED] - waitForElementPresent(findTestObject("Pricing-Test Plan Regresión Core/Page_Visualizar COMPLEMENTOS/span_Visualizarmodificarclonar"), 5): Object 'Object Repository/Pricing-Test Plan Regresión Core/Page_Visualizar COMPLEMENTOS/span_Visualizarmodificarclonar' is present

09-12-2024T17:38:00 - [MESSAGE][PASSED] - Object 'Object Repository/Pricing-Test Plan Regresión Core/Page_Visualizar COMPLEMENTOS/span_Visualizarmodificarclonar' is present

09-12-2024T17:38:00 - [TEST_STEP][PASSED] - click(findTestObject("Object Repository/Pricing-Test Plan Regresión Core/Page_Visualizar COMPLEMENTOS/span_Visualizarmodificarclonar")): Object: 'Object Repository/Pricing-Test Plan Regresión Core/Page_Visualizar COMPLEMENTOS/span_Visualizarmodificarclonar' is clicked on

09-12-2024T17:38:02 - [MESSAGE][PASSED] - Object: 'Object Repository/Pricing-Test Plan Regresión Core/Page_Visualizar COMPLEMENTOS/span_Visualizarmodificarclonar' is clicked on

09-12-2024T17:38:02 - [TEST_STEP][PASSED] - waitForElementPresent(findTestObject("Pricing-Test Plan Regresión Core/Page_Visualizar COMPLEMENTOS/IconoHojaDetalleComplemento"), 5): Object 'Object Repository/Pricing-Test Plan Regresión Core/Page_Visualizar COMPLEMENTOS/IconoHojaDetalleComplemento' is present

09-12-2024T17:38:03 - [MESSAGE][PASSED] - Object 'Object Repository/Pricing-Test Plan Regresión Core/Page_Visualizar COMPLEMENTOS/IconoHojaDetalleComplemento' is present

09-12-2024T17:38:03 - [TEST_STEP][PASSED] - verifyElementPresent(findTestObject("Pricing-Test Plan Regresión Core/Page_Visualizar COMPLEMENTOS/IconoHojaDetalleComplemento"), 5): Object 'Object Repository/Pricing-Test Plan Regresión Core/Page_Visualizar COMPLEMENTOS/IconoHojaDetalleComplemento' is present

09-12-2024T17:38:04 - [MESSAGE][PASSED] - Object 'Object Repository/Pricing-Test Plan Regresión Core/Page_Visualizar COMPLEMENTOS/IconoHojaDetalleComplemento' is present

09-12-2024T17:38:04 - [TEST_STEP][PASSED] - doubleClick(findTestObject("Pricing-Test Plan Regresión Core/Page_Visualizar COMPLEMENTOS/IconoHojaDetalleComplemento")): Object: 'Object Repository/Pricing-Test Plan Regresión Core/Page_Visualizar COMPLEMENTOS/IconoHojaDetalleComplemento' is double clicked on

09-12-2024T17:38:04 - [MESSAGE][PASSED] - Object: 'Object Repository/Pricing-Test Plan Regresión Core/Page_Visualizar COMPLEMENTOS/IconoHojaDetalleComplemento' is double clicked on

09-12-2024T17:38:04 - [TEST_STEP][PASSED] - waitForElementPresent(findTestObject("Pricing-Test Plan Regresión Core/Page_Visualizar COMPLEMENTOS/h5_Histrico del complemento"), 5): Object 'Object Repository/Pricing-Test Plan Regresión Core/Page_Visualizar COMPLEMENTOS/h5_Histrico del complemento' is present

09-12-2024T17:38:05 - [MESSAGE][PASSED] - Object 'Object Repository/Pricing-Test Plan Regresión Core/Page_Visualizar COMPLEMENTOS/h5_Histrico del complemento' is present

09-12-2024T17:38:05 - [TEST_STEP][PASSED] - verifyElementPresent(findTestObject("Object Repository/Pricing-Test Plan Regresión Core/Page_Visualizar COMPLEMENTOS/h5_Histrico del complemento"), 5): Object 'Object Repository/Pricing-Test Plan Regresión Core/Page_Visualizar COMPLEMENTOS/h5_Histrico del complemento' is present

09-12-2024T17:38:05 - [MESSAGE][PASSED] - Object 'Object Repository/Pricing-Test Plan Regresión Core/Page_Visualizar COMPLEMENTOS/h5_Histrico del complemento' is present

09-12-2024T17:38:05 - [TEST_STEP][PASSED] - waitForElementPresent(findTestObject("Object Repository/Pricing-Test Plan Regresión Core/Page_Visualizar COMPLEMENTOS/div_id Complemento"), 5): Object 'Object Repository/Pricing-Test Plan Regresión Core/Page_Visualizar COMPLEMENTOS/div_id Complemento' is present

09-12-2024T17:38:06 - [MESSAGE][PASSED] - Object 'Object Repository/Pricing-Test Plan Regresión Core/Page_Visualizar COMPLEMENTOS/div_id Complemento' is present

09-12-2024T17:38:06 - [TEST_STEP][PASSED] - verifyElementPresent(findTestObject("Object Repository/Pricing-Test Plan Regresión Core/Page_Visualizar COMPLEMENTOS/div_id Complemento"), 5): Object 'Object Repository/Pricing-Test Plan Regresión Core/Page_Visualizar COMPLEMENTOS/div_id Complemento' is present

09-12-2024T17:38:06 - [MESSAGE][PASSED] - Object 'Object Repository/Pricing-Test Plan Regresión Core/Page_Visualizar COMPLEMENTOS/div_id Complemento' is present

09-12-2024T17:38:06 - [TEST_STEP][PASSED] - verifyElementPresent(findTestObject("Pricing-Test Plan Regresión Core/Page_Visualizar COMPLEMENTOS/IconoOjoHistoricoComplemento"), 5): Object 'Object Repository/Pricing-Test Plan Regresión Core/Page_Visualizar COMPLEMENTOS/IconoOjoHistoricoComplemento' is present

09-12-2024T17:38:06 - [MESSAGE][PASSED] - Object 'Object Repository/Pricing-Test Plan Regresión Core/Page_Visualizar COMPLEMENTOS/IconoOjoHistoricoComplemento' is present

09-12-2024T17:38:06 - [TEST_STEP][PASSED] - waitForElementPresent(findTestObject("Pricing-Test Plan Regresión Core/Page_Visualizar COMPLEMENTOS/IconoOjoHistoricoComplemento"), 5): Object 'Object Repository/Pricing-Test Plan Regresión Core/Page_Visualizar COMPLEMENTOS/IconoOjoHistoricoComplemento' is present

09-12-2024T17:38:06 - [MESSAGE][PASSED] - Object 'Object Repository/Pricing-Test Plan Regresión Core/Page_Visualizar COMPLEMENTOS/IconoOjoHistoricoComplemento' is present

09-12-2024T17:38:06 - [TEST_STEP][PASSED] - click(findTestObject("Pricing-Test Plan Regresión Core/Page_Visualizar COMPLEMENTOS/IconoOjoHistoricoComplemento")): Object: 'Object Repository/Pricing-Test Plan Regresión Core/Page_Visualizar COMPLEMENTOS/IconoOjoHistoricoComplemento' is clicked on

09-12-2024T17:38:07 - [MESSAGE][PASSED] - Object: 'Object Repository/Pricing-Test Plan Regresión Core/Page_Visualizar COMPLEMENTOS/IconoOjoHistoricoComplemento' is clicked on

09-12-2024T17:38:07 - [TEST_STEP][PASSED] - waitForElementPresent(findTestObject("Object Repository/Pricing-Test Plan Regresión Core/Page_Visualizar COMPLEMENTOS/h5_Versin seleccionada de complemento"), 5): Object 'Object Repository/Pricing-Test Plan Regresión Core/Page_Visualizar COMPLEMENTOS/h5_Versin seleccionada de complemento' is present

09-12-2024T17:38:07 - [MESSAGE][PASSED] - Object 'Object Repository/Pricing-Test Plan Regresión Core/Page_Visualizar COMPLEMENTOS/h5_Versin seleccionada de complemento' is present

09-12-2024T17:38:07 - [TEST_STEP][PASSED] - verifyElementPresent(findTestObject("Object Repository/Pricing-Test Plan Regresión Core/Page_Visualizar COMPLEMENTOS/h5_Versin seleccionada de complemento"), 5): Object 'Object Repository/Pricing-Test Plan Regresión Core/Page_Visualizar COMPLEMENTOS/h5_Versin seleccionada de complemento' is present

09-12-2024T17:38:07 - [MESSAGE][PASSED] - Object 'Object Repository/Pricing-Test Plan Regresión Core/Page_Visualizar COMPLEMENTOS/h5_Versin seleccionada de complemento' is present

09-12-2024T17:38:07 - [TEST_STEP][PASSED] - waitForElementPresent(findTestObject("Object Repository/Pricing-Test Plan Regresión Core/Page_Visualizar COMPLEMENTOS/modalBodyInfoComplemento"), 5): Object 'Object Repository/Pricing-Test Plan Regresión Core/Page_Visualizar COMPLEMENTOS/modalBodyInfoComplemento' is not present after 5 second(s)

09-12-2024T17:38:13 - [MESSAGE][INFO] - Unable to find the element located by 'By.xpath: //*[@div = 'data-v-b62db878' and @class = 'modal-body' and @id = 'complementView']'. Please recheck the objects properties to make sure the desired element is located. 

09-12-2024T17:38:13 - [MESSAGE][WARNING] - Object 'Object Repository/Pricing-Test Plan Regresión Core/Page_Visualizar COMPLEMENTOS/modalBodyInfoComplemento' is not present after 5 second(s)

09-12-2024T17:38:13 - [TEST_STEP][PASSED] - click(findTestObject("Object Repository/Pricing-Test Plan Regresión Core/Page_Visualizar COMPLEMENTOS/button_cerrarX")): Object: 'Object Repository/Pricing-Test Plan Regresión Core/Page_Visualizar COMPLEMENTOS/button_cerrarX' is clicked on

09-12-2024T17:38:14 - [MESSAGE][PASSED] - Object: 'Object Repository/Pricing-Test Plan Regresión Core/Page_Visualizar COMPLEMENTOS/button_cerrarX' is clicked on

09-12-2024T17:38:14 - [TEST_STEP][PASSED] - waitForElementPresent(findTestObject("Pricing-Test Plan Regresión Core/Page_Visualizar PRODUCTOS/h1_Registros totales"), 5): Object 'Object Repository/Pricing-Test Plan Regresión Core/Page_Visualizar PRODUCTOS/h1_Registros totales' is present

09-12-2024T17:38:14 - [MESSAGE][PASSED] - Object 'Object Repository/Pricing-Test Plan Regresión Core/Page_Visualizar PRODUCTOS/h1_Registros totales' is present

09-12-2024T17:38:14 - [TEST_STEP][PASSED] - takeScreenshot("P-25-2173"): Taking screenshot successfully

09-12-2024T17:38:14 - [MESSAGE][PASSED] - Taking screenshot successfully
[[ATTACHMENT|/Users/afernandezd/Katalon Studio/Pricing-PrimeraPrueba/Reports/20241209_173457/PRICING-Test Plan Regresi\u00F3n Core/20241209_173458/P-25-2173]]

09-12-2024T17:38:14 - [TEST_STEP][PASSED] - verifyElementPresent(findTestObject("Pricing-Test Plan Regresión Core/Page_Visualizar PRODUCTOS/h1_Registros totales"), 5): Object 'Object Repository/Pricing-Test Plan Regresión Core/Page_Visualizar PRODUCTOS/h1_Registros totales' is present

09-12-2024T17:38:14 - [MESSAGE][PASSED] - Object 'Object Repository/Pricing-Test Plan Regresión Core/Page_Visualizar PRODUCTOS/h1_Registros totales' is present

09-12-2024T17:38:14 - [TEST_STEP][PASSED] - closeBrowser(): Browser is closed

09-12-2024T17:38:14 - [MESSAGE][PASSED] - Browser is closed]]></system-out>
         <system-err><![CDATA[]]></system-err>
      </testcase>
      <testcase name="Test Cases/PRICING-Test Plan Regresión Core/P25-2248-COMPLEMENTOS-Visualizar Detalle de complemento" time="23.546" classname="Test Cases/PRICING-Test Plan Regresión Core/P25-2248-COMPLEMENTOS-Visualizar Detalle de complemento" status="PASSED">
         <system-out><![CDATA[09-12-2024T17:38:14 - [TEST_CASE][PASSED] - Test Cases/PRICING-Test Plan Regresión Core/P25-2248-COMPLEMENTOS-Visualizar Detalle de complemento: Test Cases/PRICING-Test Plan Regresión Core/P25-2248-COMPLEMENTOS-Visualizar Detalle de complemento

09-12-2024T17:38:14 - [TEST_STEP][PASSED] - openBrowser(""): Browser is opened with url: ''

09-12-2024T17:38:14 - [MESSAGE][INFO] - Starting 'Chrome' driver

09-12-2024T17:38:14 - [MESSAGE][INFO] - Action delay is set to 0 milliseconds

09-12-2024T17:38:15 - [MESSAGE][PASSED] - Browser is opened with url: ''

09-12-2024T17:38:15 - [TEST_STEP][PASSED] - navigateToUrl("https://pre-sales.recordgo.cloud/login"): Navigate to 'https://pre-sales.recordgo.cloud/login' successfully

09-12-2024T17:38:21 - [MESSAGE][PASSED] - Navigate to 'https://pre-sales.recordgo.cloud/login' successfully

09-12-2024T17:38:21 - [TEST_STEP][PASSED] - maximizeWindow(): Current window maximized

09-12-2024T17:38:22 - [MESSAGE][PASSED] - Current window maximized

09-12-2024T17:38:22 - [TEST_STEP][PASSED] - setText(findTestObject("Pricing-Test Plan Regresión Core/Page_Login/input_Log in to your account__username"), "antonio.diego"): Text 'antonio.diego' is set on object 'Object Repository/Pricing-Test Plan Regresión Core/Page_Login/input_Log in to your account__username'

09-12-2024T17:38:22 - [MESSAGE][PASSED] - Text 'antonio.diego' is set on object 'Object Repository/Pricing-Test Plan Regresión Core/Page_Login/input_Log in to your account__username'

09-12-2024T17:38:22 - [TEST_STEP][PASSED] - setEncryptedText(findTestObject("Object Repository/Pricing-Test Plan Regresión Core/Page_Login/input_Log in to your account__password"), "4WoE78dHD36JvULd0ZrVWg=="): Text ****** has been set on object 'Object Repository/Pricing-Test Plan Regresión Core/Page_Login/input_Log in to your account__password'

09-12-2024T17:38:22 - [MESSAGE][PASSED] - Text ****** has been set on object 'Object Repository/Pricing-Test Plan Regresión Core/Page_Login/input_Log in to your account__password'

09-12-2024T17:38:22 - [TEST_STEP][PASSED] - selectOptionByValue(findTestObject("Object Repository/Pricing-Test Plan Regresión Core/Page_Login/select_Select an option CANARY ISLAND"), "IC", true): All options with value 'IC' are selected in object 'Object Repository/Pricing-Test Plan Regresión Core/Page_Login/select_Select an option CANARY ISLAND'  using regular expression

09-12-2024T17:38:23 - [MESSAGE][PASSED] - All options with value 'IC' are selected in object 'Object Repository/Pricing-Test Plan Regresión Core/Page_Login/select_Select an option CANARY ISLAND'  using regular expression

09-12-2024T17:38:23 - [TEST_STEP][PASSED] - click(findTestObject("Pricing-Test Plan Regresión Core/Page_Login/button_Login")): Object: 'Object Repository/Pricing-Test Plan Regresión Core/Page_Login/button_Login' is clicked on

09-12-2024T17:38:25 - [MESSAGE][PASSED] - Object: 'Object Repository/Pricing-Test Plan Regresión Core/Page_Login/button_Login' is clicked on

09-12-2024T17:38:25 - [TEST_STEP][PASSED] - waitForElementVisible(findTestObject("Pricing-Test Plan Regresión Core/Page_PRICING/img"), 5): Object 'Object Repository/Pricing-Test Plan Regresión Core/Page_PRICING/img' is visible

09-12-2024T17:38:25 - [MESSAGE][PASSED] - Object 'Object Repository/Pricing-Test Plan Regresión Core/Page_PRICING/img' is visible

09-12-2024T17:38:25 - [TEST_STEP][PASSED] - verifyElementVisible(findTestObject("Object Repository/Pricing-Test Plan Regresión Core/Page_PRICING/img")): Object 'Object Repository/Pricing-Test Plan Regresión Core/Page_PRICING/img' is visible

09-12-2024T17:38:26 - [MESSAGE][PASSED] - Object 'Object Repository/Pricing-Test Plan Regresión Core/Page_PRICING/img' is visible

09-12-2024T17:38:26 - [TEST_STEP][PASSED] - waitForElementPresent(findTestObject("Pricing-Test Plan Regresión Core/Page_Visualizar COMPLEMENTOS/span_COMPLEMENTOS"), 5): Object 'Object Repository/Pricing-Test Plan Regresión Core/Page_Visualizar COMPLEMENTOS/span_COMPLEMENTOS' is present

09-12-2024T17:38:26 - [MESSAGE][PASSED] - Object 'Object Repository/Pricing-Test Plan Regresión Core/Page_Visualizar COMPLEMENTOS/span_COMPLEMENTOS' is present

09-12-2024T17:38:26 - [TEST_STEP][PASSED] - click(findTestObject("Object Repository/Pricing-Test Plan Regresión Core/Page_Visualizar COMPLEMENTOS/span_COMPLEMENTOS")): Object: 'Object Repository/Pricing-Test Plan Regresión Core/Page_Visualizar COMPLEMENTOS/span_COMPLEMENTOS' is clicked on

09-12-2024T17:38:26 - [MESSAGE][PASSED] - Object: 'Object Repository/Pricing-Test Plan Regresión Core/Page_Visualizar COMPLEMENTOS/span_COMPLEMENTOS' is clicked on

09-12-2024T17:38:26 - [TEST_STEP][PASSED] - waitForElementPresent(findTestObject("Pricing-Test Plan Regresión Core/Page_Visualizar COMPLEMENTOS/span_Complemento"), 5): Object 'Object Repository/Pricing-Test Plan Regresión Core/Page_Visualizar COMPLEMENTOS/span_Complemento' is present

09-12-2024T17:38:26 - [MESSAGE][PASSED] - Object 'Object Repository/Pricing-Test Plan Regresión Core/Page_Visualizar COMPLEMENTOS/span_Complemento' is present

09-12-2024T17:38:26 - [TEST_STEP][PASSED] - click(findTestObject("Object Repository/Pricing-Test Plan Regresión Core/Page_Visualizar COMPLEMENTOS/span_Complemento")): Object: 'Object Repository/Pricing-Test Plan Regresión Core/Page_Visualizar COMPLEMENTOS/span_Complemento' is clicked on

09-12-2024T17:38:26 - [MESSAGE][PASSED] - Object: 'Object Repository/Pricing-Test Plan Regresión Core/Page_Visualizar COMPLEMENTOS/span_Complemento' is clicked on

09-12-2024T17:38:26 - [TEST_STEP][PASSED] - waitForElementPresent(findTestObject("Pricing-Test Plan Regresión Core/Page_Visualizar COMPLEMENTOS/span_Visualizarmodificarclonar"), 5): Object 'Object Repository/Pricing-Test Plan Regresión Core/Page_Visualizar COMPLEMENTOS/span_Visualizarmodificarclonar' is present

09-12-2024T17:38:27 - [MESSAGE][PASSED] - Object 'Object Repository/Pricing-Test Plan Regresión Core/Page_Visualizar COMPLEMENTOS/span_Visualizarmodificarclonar' is present

09-12-2024T17:38:27 - [TEST_STEP][PASSED] - click(findTestObject("Object Repository/Pricing-Test Plan Regresión Core/Page_Visualizar COMPLEMENTOS/span_Visualizarmodificarclonar")): Object: 'Object Repository/Pricing-Test Plan Regresión Core/Page_Visualizar COMPLEMENTOS/span_Visualizarmodificarclonar' is clicked on

09-12-2024T17:38:30 - [MESSAGE][PASSED] - Object: 'Object Repository/Pricing-Test Plan Regresión Core/Page_Visualizar COMPLEMENTOS/span_Visualizarmodificarclonar' is clicked on

09-12-2024T17:38:30 - [TEST_STEP][PASSED] - waitForElementPresent(findTestObject("Pricing-Test Plan Regresión Core/Page_Visualizar COMPLEMENTOS/Button_Filtros_Desplegable"), 5): Object 'Object Repository/Pricing-Test Plan Regresión Core/Page_Visualizar COMPLEMENTOS/Button_Filtros_Desplegable' is present

09-12-2024T17:38:31 - [MESSAGE][PASSED] - Object 'Object Repository/Pricing-Test Plan Regresión Core/Page_Visualizar COMPLEMENTOS/Button_Filtros_Desplegable' is present

09-12-2024T17:38:31 - [TEST_STEP][PASSED] - verifyElementPresent(findTestObject("Pricing-Test Plan Regresión Core/Page_Visualizar COMPLEMENTOS/Button_Filtros_Desplegable"), 5): Object 'Object Repository/Pricing-Test Plan Regresión Core/Page_Visualizar COMPLEMENTOS/Button_Filtros_Desplegable' is present

09-12-2024T17:38:31 - [MESSAGE][PASSED] - Object 'Object Repository/Pricing-Test Plan Regresión Core/Page_Visualizar COMPLEMENTOS/Button_Filtros_Desplegable' is present

09-12-2024T17:38:31 - [TEST_STEP][PASSED] - waitForElementPresent(findTestObject("Pricing-Test Plan Regresión Core/Page_Visualizar COMPLEMENTOS/i_active_flaticon-eye"), 5): Object 'Object Repository/Pricing-Test Plan Regresión Core/Page_Visualizar COMPLEMENTOS/i_active_flaticon-eye' is present

09-12-2024T17:38:31 - [MESSAGE][PASSED] - Object 'Object Repository/Pricing-Test Plan Regresión Core/Page_Visualizar COMPLEMENTOS/i_active_flaticon-eye' is present

09-12-2024T17:38:31 - [TEST_STEP][PASSED] - verifyElementPresent(findTestObject("Pricing-Test Plan Regresión Core/Page_Visualizar COMPLEMENTOS/i_active_flaticon-eye"), 5): Object 'Object Repository/Pricing-Test Plan Regresión Core/Page_Visualizar COMPLEMENTOS/i_active_flaticon-eye' is present

09-12-2024T17:38:31 - [MESSAGE][PASSED] - Object 'Object Repository/Pricing-Test Plan Regresión Core/Page_Visualizar COMPLEMENTOS/i_active_flaticon-eye' is present

09-12-2024T17:38:31 - [TEST_STEP][PASSED] - doubleClick(findTestObject("Pricing-Test Plan Regresión Core/Page_Visualizar COMPLEMENTOS/i_active_flaticon-eye")): Object: 'Object Repository/Pricing-Test Plan Regresión Core/Page_Visualizar COMPLEMENTOS/i_active_flaticon-eye' is double clicked on

09-12-2024T17:38:33 - [MESSAGE][PASSED] - Object: 'Object Repository/Pricing-Test Plan Regresión Core/Page_Visualizar COMPLEMENTOS/i_active_flaticon-eye' is double clicked on

09-12-2024T17:38:33 - [TEST_STEP][PASSED] - waitForElementPresent(findTestObject("Pricing-Test Plan Regresión Core/Page_Visualizar COMPLEMENTOS/h3_Complemento"), 5): Object 'Object Repository/Pricing-Test Plan Regresión Core/Page_Visualizar COMPLEMENTOS/h3_Complemento' is present

09-12-2024T17:38:34 - [MESSAGE][PASSED] - Object 'Object Repository/Pricing-Test Plan Regresión Core/Page_Visualizar COMPLEMENTOS/h3_Complemento' is present

09-12-2024T17:38:34 - [TEST_STEP][PASSED] - verifyElementPresent(findTestObject("Pricing-Test Plan Regresión Core/Page_Visualizar COMPLEMENTOS/h3_Complemento"), 5): Object 'Object Repository/Pricing-Test Plan Regresión Core/Page_Visualizar COMPLEMENTOS/h3_Complemento' is present

09-12-2024T17:38:34 - [MESSAGE][PASSED] - Object 'Object Repository/Pricing-Test Plan Regresión Core/Page_Visualizar COMPLEMENTOS/h3_Complemento' is present

09-12-2024T17:38:34 - [TEST_STEP][PASSED] - waitForElementPresent(findTestObject("Object Repository/Pricing-Test Plan Regresión Core/Page_Visualizar COMPLEMENTOS/a_Ir al listado"), 5): Object 'Object Repository/Pricing-Test Plan Regresión Core/Page_Visualizar COMPLEMENTOS/a_Ir al listado' is present

09-12-2024T17:38:34 - [MESSAGE][PASSED] - Object 'Object Repository/Pricing-Test Plan Regresión Core/Page_Visualizar COMPLEMENTOS/a_Ir al listado' is present

09-12-2024T17:38:34 - [TEST_STEP][PASSED] - verifyElementPresent(findTestObject("Object Repository/Pricing-Test Plan Regresión Core/Page_Visualizar COMPLEMENTOS/a_Ir al listado"), 5): Object 'Object Repository/Pricing-Test Plan Regresión Core/Page_Visualizar COMPLEMENTOS/a_Ir al listado' is present

09-12-2024T17:38:34 - [MESSAGE][PASSED] - Object 'Object Repository/Pricing-Test Plan Regresión Core/Page_Visualizar COMPLEMENTOS/a_Ir al listado' is present

09-12-2024T17:38:34 - [TEST_STEP][PASSED] - focus(findTestObject("Pricing-Test Plan Regresión Core/Page_Visualizar COMPLEMENTOS/a_Ir al listado")): Object: 'Object Repository/Pricing-Test Plan Regresión Core/Page_Visualizar COMPLEMENTOS/a_Ir al listado' is focused

09-12-2024T17:38:35 - [MESSAGE][PASSED] - Object: 'Object Repository/Pricing-Test Plan Regresión Core/Page_Visualizar COMPLEMENTOS/a_Ir al listado' is focused

09-12-2024T17:38:35 - [TEST_STEP][PASSED] - click(findTestObject("Object Repository/Pricing-Test Plan Regresión Core/Page_Visualizar COMPLEMENTOS/a_Ir al listado")): Object: 'Object Repository/Pricing-Test Plan Regresión Core/Page_Visualizar COMPLEMENTOS/a_Ir al listado' is clicked on

09-12-2024T17:38:36 - [MESSAGE][PASSED] - Object: 'Object Repository/Pricing-Test Plan Regresión Core/Page_Visualizar COMPLEMENTOS/a_Ir al listado' is clicked on

09-12-2024T17:38:36 - [TEST_STEP][PASSED] - waitForElementPresent(findTestObject("Pricing-Test Plan Regresión Core/Page_Visualizar PRODUCTOS/h1_Registros totales"), 5): Object 'Object Repository/Pricing-Test Plan Regresión Core/Page_Visualizar PRODUCTOS/h1_Registros totales' is present

09-12-2024T17:38:37 - [MESSAGE][PASSED] - Object 'Object Repository/Pricing-Test Plan Regresión Core/Page_Visualizar PRODUCTOS/h1_Registros totales' is present

09-12-2024T17:38:37 - [TEST_STEP][PASSED] - takeScreenshot("P25-2248"): Taking screenshot successfully

09-12-2024T17:38:38 - [MESSAGE][PASSED] - Taking screenshot successfully
[[ATTACHMENT|/Users/afernandezd/Katalon Studio/Pricing-PrimeraPrueba/Reports/20241209_173457/PRICING-Test Plan Regresi\u00F3n Core/20241209_173458/P25-2248]]

09-12-2024T17:38:38 - [TEST_STEP][PASSED] - verifyElementPresent(findTestObject("Pricing-Test Plan Regresión Core/Page_Visualizar PRODUCTOS/h1_Registros totales"), 5): Object 'Object Repository/Pricing-Test Plan Regresión Core/Page_Visualizar PRODUCTOS/h1_Registros totales' is present

09-12-2024T17:38:38 - [MESSAGE][PASSED] - Object 'Object Repository/Pricing-Test Plan Regresión Core/Page_Visualizar PRODUCTOS/h1_Registros totales' is present

09-12-2024T17:38:38 - [TEST_STEP][PASSED] - closeBrowser(): Browser is closed

09-12-2024T17:38:38 - [MESSAGE][PASSED] - Browser is closed]]></system-out>
         <system-err><![CDATA[]]></system-err>
      </testcase>
      <testcase name="Test Cases/PRICING-Test Plan Regresión Core/P25-2175-COMPLEMENTOS-Visualizar tarifa de complementos" time="22.102" classname="Test Cases/PRICING-Test Plan Regresión Core/P25-2175-COMPLEMENTOS-Visualizar tarifa de complementos" status="PASSED">
         <system-out><![CDATA[09-12-2024T17:38:38 - [TEST_CASE][PASSED] - Test Cases/PRICING-Test Plan Regresión Core/P25-2175-COMPLEMENTOS-Visualizar tarifa de complementos: Test Cases/PRICING-Test Plan Regresión Core/P25-2175-COMPLEMENTOS-Visualizar tarifa de complementos

09-12-2024T17:38:38 - [TEST_STEP][PASSED] - openBrowser(""): Browser is opened with url: ''

09-12-2024T17:38:38 - [MESSAGE][INFO] - Starting 'Chrome' driver

09-12-2024T17:38:38 - [MESSAGE][INFO] - Action delay is set to 0 milliseconds

09-12-2024T17:38:39 - [MESSAGE][PASSED] - Browser is opened with url: ''

09-12-2024T17:38:39 - [TEST_STEP][PASSED] - navigateToUrl("https://pre-sales.recordgo.cloud/login"): Navigate to 'https://pre-sales.recordgo.cloud/login' successfully

09-12-2024T17:38:51 - [MESSAGE][PASSED] - Navigate to 'https://pre-sales.recordgo.cloud/login' successfully

09-12-2024T17:38:51 - [TEST_STEP][PASSED] - maximizeWindow(): Current window maximized

09-12-2024T17:38:51 - [MESSAGE][PASSED] - Current window maximized

09-12-2024T17:38:51 - [TEST_STEP][PASSED] - setText(findTestObject("Pricing-Test Plan Regresión Core/Page_Login/input_Log in to your account__username"), "antonio.diego"): Text 'antonio.diego' is set on object 'Object Repository/Pricing-Test Plan Regresión Core/Page_Login/input_Log in to your account__username'

09-12-2024T17:38:52 - [MESSAGE][PASSED] - Text 'antonio.diego' is set on object 'Object Repository/Pricing-Test Plan Regresión Core/Page_Login/input_Log in to your account__username'

09-12-2024T17:38:52 - [TEST_STEP][PASSED] - setEncryptedText(findTestObject("Object Repository/Pricing-Test Plan Regresión Core/Page_Login/input_Log in to your account__password"), "4WoE78dHD36JvULd0ZrVWg=="): Text ****** has been set on object 'Object Repository/Pricing-Test Plan Regresión Core/Page_Login/input_Log in to your account__password'

09-12-2024T17:38:52 - [MESSAGE][PASSED] - Text ****** has been set on object 'Object Repository/Pricing-Test Plan Regresión Core/Page_Login/input_Log in to your account__password'

09-12-2024T17:38:52 - [TEST_STEP][PASSED] - selectOptionByValue(findTestObject("Object Repository/Pricing-Test Plan Regresión Core/Page_Login/select_Select an option CANARY ISLAND"), "IC", true): All options with value 'IC' are selected in object 'Object Repository/Pricing-Test Plan Regresión Core/Page_Login/select_Select an option CANARY ISLAND'  using regular expression

09-12-2024T17:38:53 - [MESSAGE][PASSED] - All options with value 'IC' are selected in object 'Object Repository/Pricing-Test Plan Regresión Core/Page_Login/select_Select an option CANARY ISLAND'  using regular expression

09-12-2024T17:38:53 - [TEST_STEP][PASSED] - click(findTestObject("Pricing-Test Plan Regresión Core/Page_Login/button_Login")): Object: 'Object Repository/Pricing-Test Plan Regresión Core/Page_Login/button_Login' is clicked on

09-12-2024T17:38:54 - [MESSAGE][PASSED] - Object: 'Object Repository/Pricing-Test Plan Regresión Core/Page_Login/button_Login' is clicked on

09-12-2024T17:38:54 - [TEST_STEP][PASSED] - waitForElementVisible(findTestObject("Pricing-Test Plan Regresión Core/Page_PRICING/img"), 5): Object 'Object Repository/Pricing-Test Plan Regresión Core/Page_PRICING/img' is visible

09-12-2024T17:38:55 - [MESSAGE][PASSED] - Object 'Object Repository/Pricing-Test Plan Regresión Core/Page_PRICING/img' is visible

09-12-2024T17:38:55 - [TEST_STEP][PASSED] - waitForElementPresent(findTestObject("Pricing-Test Plan Regresión Core/Page_Visualizar COMPLEMENTOS/span_COMPLEMENTOS"), 5): Object 'Object Repository/Pricing-Test Plan Regresión Core/Page_Visualizar COMPLEMENTOS/span_COMPLEMENTOS' is present

09-12-2024T17:38:55 - [MESSAGE][PASSED] - Object 'Object Repository/Pricing-Test Plan Regresión Core/Page_Visualizar COMPLEMENTOS/span_COMPLEMENTOS' is present

09-12-2024T17:38:55 - [TEST_STEP][PASSED] - verifyElementPresent(findTestObject("Object Repository/Pricing-Test Plan Regresión Core/Page_Visualizar COMPLEMENTOS/span_COMPLEMENTOS"), 5): Object 'Object Repository/Pricing-Test Plan Regresión Core/Page_Visualizar COMPLEMENTOS/span_COMPLEMENTOS' is present

09-12-2024T17:38:55 - [MESSAGE][PASSED] - Object 'Object Repository/Pricing-Test Plan Regresión Core/Page_Visualizar COMPLEMENTOS/span_COMPLEMENTOS' is present

09-12-2024T17:38:55 - [TEST_STEP][PASSED] - click(findTestObject("Object Repository/Pricing-Test Plan Regresión Core/Page_Visualizar COMPLEMENTOS/span_COMPLEMENTOS")): Object: 'Object Repository/Pricing-Test Plan Regresión Core/Page_Visualizar COMPLEMENTOS/span_COMPLEMENTOS' is clicked on

09-12-2024T17:38:56 - [MESSAGE][PASSED] - Object: 'Object Repository/Pricing-Test Plan Regresión Core/Page_Visualizar COMPLEMENTOS/span_COMPLEMENTOS' is clicked on

09-12-2024T17:38:56 - [TEST_STEP][PASSED] - waitForElementPresent(findTestObject("Object Repository/Pricing-Test Plan Regresión Core/Page_Visualizar COMPLEMENTOS/span_Tarifa de complemento"), 5): Object 'Object Repository/Pricing-Test Plan Regresión Core/Page_Visualizar COMPLEMENTOS/span_Tarifa de complemento' is present

09-12-2024T17:38:56 - [MESSAGE][PASSED] - Object 'Object Repository/Pricing-Test Plan Regresión Core/Page_Visualizar COMPLEMENTOS/span_Tarifa de complemento' is present

09-12-2024T17:38:56 - [TEST_STEP][PASSED] - verifyElementPresent(findTestObject("Object Repository/Pricing-Test Plan Regresión Core/Page_Visualizar COMPLEMENTOS/span_Tarifa de complemento"), 5): Object 'Object Repository/Pricing-Test Plan Regresión Core/Page_Visualizar COMPLEMENTOS/span_Tarifa de complemento' is present

09-12-2024T17:38:56 - [MESSAGE][PASSED] - Object 'Object Repository/Pricing-Test Plan Regresión Core/Page_Visualizar COMPLEMENTOS/span_Tarifa de complemento' is present

09-12-2024T17:38:56 - [TEST_STEP][PASSED] - click(findTestObject("Object Repository/Pricing-Test Plan Regresión Core/Page_Visualizar COMPLEMENTOS/span_Tarifa de complemento")): Object: 'Object Repository/Pricing-Test Plan Regresión Core/Page_Visualizar COMPLEMENTOS/span_Tarifa de complemento' is clicked on

09-12-2024T17:38:56 - [MESSAGE][PASSED] - Object: 'Object Repository/Pricing-Test Plan Regresión Core/Page_Visualizar COMPLEMENTOS/span_Tarifa de complemento' is clicked on

09-12-2024T17:38:56 - [TEST_STEP][PASSED] - waitForElementPresent(findTestObject("Object Repository/Pricing-Test Plan Regresión Core/Page_Visualizar COMPLEMENTOS/span_Visualizarmodificar_TarifaCompl"), 5): Object 'Object Repository/Pricing-Test Plan Regresión Core/Page_Visualizar COMPLEMENTOS/span_Visualizarmodificar_TarifaCompl' is present

09-12-2024T17:38:56 - [MESSAGE][PASSED] - Object 'Object Repository/Pricing-Test Plan Regresión Core/Page_Visualizar COMPLEMENTOS/span_Visualizarmodificar_TarifaCompl' is present

09-12-2024T17:38:56 - [TEST_STEP][PASSED] - verifyElementPresent(findTestObject("Object Repository/Pricing-Test Plan Regresión Core/Page_Visualizar COMPLEMENTOS/span_Visualizarmodificar_TarifaCompl"), 5): Object 'Object Repository/Pricing-Test Plan Regresión Core/Page_Visualizar COMPLEMENTOS/span_Visualizarmodificar_TarifaCompl' is present

09-12-2024T17:38:57 - [MESSAGE][PASSED] - Object 'Object Repository/Pricing-Test Plan Regresión Core/Page_Visualizar COMPLEMENTOS/span_Visualizarmodificar_TarifaCompl' is present

09-12-2024T17:38:57 - [TEST_STEP][PASSED] - click(findTestObject("Object Repository/Pricing-Test Plan Regresión Core/Page_Visualizar COMPLEMENTOS/span_Visualizarmodificar_TarifaCompl")): Object: 'Object Repository/Pricing-Test Plan Regresión Core/Page_Visualizar COMPLEMENTOS/span_Visualizarmodificar_TarifaCompl' is clicked on

09-12-2024T17:38:58 - [MESSAGE][PASSED] - Object: 'Object Repository/Pricing-Test Plan Regresión Core/Page_Visualizar COMPLEMENTOS/span_Visualizarmodificar_TarifaCompl' is clicked on

09-12-2024T17:38:58 - [TEST_STEP][PASSED] - waitForElementPresent(findTestObject("Pricing-Test Plan Regresión Core/Page_Visualizar PRODUCTOS/h1_Registros totales"), 5): Object 'Object Repository/Pricing-Test Plan Regresión Core/Page_Visualizar PRODUCTOS/h1_Registros totales' is present

09-12-2024T17:38:59 - [MESSAGE][PASSED] - Object 'Object Repository/Pricing-Test Plan Regresión Core/Page_Visualizar PRODUCTOS/h1_Registros totales' is present

09-12-2024T17:38:59 - [TEST_STEP][PASSED] - verifyElementPresent(findTestObject("Pricing-Test Plan Regresión Core/Page_Visualizar PRODUCTOS/h1_Registros totales"), 5): Object 'Object Repository/Pricing-Test Plan Regresión Core/Page_Visualizar PRODUCTOS/h1_Registros totales' is present

09-12-2024T17:38:59 - [MESSAGE][PASSED] - Object 'Object Repository/Pricing-Test Plan Regresión Core/Page_Visualizar PRODUCTOS/h1_Registros totales' is present

09-12-2024T17:38:59 - [TEST_STEP][PASSED] - verifyElementPresent(findTestObject("Object Repository/Pricing-Test Plan Regresión Core/Page_Visualizar COMPLEMENTOS/button_Filtros"), 5): Object 'Object Repository/Pricing-Test Plan Regresión Core/Page_Visualizar COMPLEMENTOS/button_Filtros' is present

09-12-2024T17:38:59 - [MESSAGE][PASSED] - Object 'Object Repository/Pricing-Test Plan Regresión Core/Page_Visualizar COMPLEMENTOS/button_Filtros' is present

09-12-2024T17:38:59 - [TEST_STEP][PASSED] - waitForElementPresent(findTestObject("Pricing-Test Plan Regresión Core/Page_Visualizar COMPLEMENTOS/Button_Filtros_Desplegable"), 5): Object 'Object Repository/Pricing-Test Plan Regresión Core/Page_Visualizar COMPLEMENTOS/Button_Filtros_Desplegable' is present

09-12-2024T17:38:59 - [MESSAGE][PASSED] - Object 'Object Repository/Pricing-Test Plan Regresión Core/Page_Visualizar COMPLEMENTOS/Button_Filtros_Desplegable' is present

09-12-2024T17:38:59 - [TEST_STEP][PASSED] - takeScreenshot("P-25-2175"): Taking screenshot successfully

09-12-2024T17:39:00 - [MESSAGE][PASSED] - Taking screenshot successfully
[[ATTACHMENT|/Users/afernandezd/Katalon Studio/Pricing-PrimeraPrueba/Reports/20241209_173457/PRICING-Test Plan Regresi\u00F3n Core/20241209_173458/P-25-2175]]

09-12-2024T17:39:00 - [TEST_STEP][PASSED] - waitForElementPresent(findTestObject("Pricing-Test Plan Regresión Core/Page_Visualizar COMPLEMENTOS/button_Filtros"), 5): Object 'Object Repository/Pricing-Test Plan Regresión Core/Page_Visualizar COMPLEMENTOS/button_Filtros' is present

09-12-2024T17:39:00 - [MESSAGE][PASSED] - Object 'Object Repository/Pricing-Test Plan Regresión Core/Page_Visualizar COMPLEMENTOS/button_Filtros' is present

09-12-2024T17:39:00 - [TEST_STEP][PASSED] - closeBrowser(): Browser is closed

09-12-2024T17:39:00 - [MESSAGE][PASSED] - Browser is closed]]></system-out>
         <system-err><![CDATA[]]></system-err>
      </testcase>
      <testcase name="Test Cases/PRICING-Test Plan Regresión Core/P25-2177-COMPLEMENTOS-Clonar tarifa de complementos-Cancelar" time="23.713" classname="Test Cases/PRICING-Test Plan Regresión Core/P25-2177-COMPLEMENTOS-Clonar tarifa de complementos-Cancelar" status="PASSED">
         <system-out><![CDATA[09-12-2024T17:39:00 - [TEST_CASE][PASSED] - Test Cases/PRICING-Test Plan Regresión Core/P25-2177-COMPLEMENTOS-Clonar tarifa de complementos-Cancelar: Test Cases/PRICING-Test Plan Regresión Core/P25-2177-COMPLEMENTOS-Clonar tarifa de complementos-Cancelar

09-12-2024T17:39:00 - [TEST_STEP][PASSED] - openBrowser(""): Browser is opened with url: ''

09-12-2024T17:39:00 - [MESSAGE][INFO] - Starting 'Chrome' driver

09-12-2024T17:39:00 - [MESSAGE][INFO] - Action delay is set to 0 milliseconds

09-12-2024T17:39:01 - [MESSAGE][PASSED] - Browser is opened with url: ''

09-12-2024T17:39:01 - [TEST_STEP][PASSED] - navigateToUrl("https://pre-sales.recordgo.cloud/login"): Navigate to 'https://pre-sales.recordgo.cloud/login' successfully

09-12-2024T17:39:07 - [MESSAGE][PASSED] - Navigate to 'https://pre-sales.recordgo.cloud/login' successfully

09-12-2024T17:39:07 - [TEST_STEP][PASSED] - maximizeWindow(): Current window maximized

09-12-2024T17:39:07 - [MESSAGE][PASSED] - Current window maximized

09-12-2024T17:39:07 - [TEST_STEP][PASSED] - setText(findTestObject("Pricing-Test Plan Regresión Core/Page_Login/input_Log in to your account__username"), "antonio.diego"): Text 'antonio.diego' is set on object 'Object Repository/Pricing-Test Plan Regresión Core/Page_Login/input_Log in to your account__username'

09-12-2024T17:39:07 - [MESSAGE][PASSED] - Text 'antonio.diego' is set on object 'Object Repository/Pricing-Test Plan Regresión Core/Page_Login/input_Log in to your account__username'

09-12-2024T17:39:07 - [TEST_STEP][PASSED] - setEncryptedText(findTestObject("Object Repository/Pricing-Test Plan Regresión Core/Page_Login/input_Log in to your account__password"), "4WoE78dHD36JvULd0ZrVWg=="): Text ****** has been set on object 'Object Repository/Pricing-Test Plan Regresión Core/Page_Login/input_Log in to your account__password'

09-12-2024T17:39:08 - [MESSAGE][PASSED] - Text ****** has been set on object 'Object Repository/Pricing-Test Plan Regresión Core/Page_Login/input_Log in to your account__password'

09-12-2024T17:39:08 - [TEST_STEP][PASSED] - selectOptionByValue(findTestObject("Object Repository/Pricing-Test Plan Regresión Core/Page_Login/select_Select an option CANARY ISLAND"), "IC", true): All options with value 'IC' are selected in object 'Object Repository/Pricing-Test Plan Regresión Core/Page_Login/select_Select an option CANARY ISLAND'  using regular expression

09-12-2024T17:39:08 - [MESSAGE][PASSED] - All options with value 'IC' are selected in object 'Object Repository/Pricing-Test Plan Regresión Core/Page_Login/select_Select an option CANARY ISLAND'  using regular expression

09-12-2024T17:39:08 - [TEST_STEP][PASSED] - click(findTestObject("Pricing-Test Plan Regresión Core/Page_Login/button_Login")): Object: 'Object Repository/Pricing-Test Plan Regresión Core/Page_Login/button_Login' is clicked on

09-12-2024T17:39:11 - [MESSAGE][PASSED] - Object: 'Object Repository/Pricing-Test Plan Regresión Core/Page_Login/button_Login' is clicked on

09-12-2024T17:39:11 - [TEST_STEP][PASSED] - waitForElementVisible(findTestObject("Pricing-Test Plan Regresión Core/Page_PRICING/img"), 5): Object 'Object Repository/Pricing-Test Plan Regresión Core/Page_PRICING/img' is visible

09-12-2024T17:39:11 - [MESSAGE][PASSED] - Object 'Object Repository/Pricing-Test Plan Regresión Core/Page_PRICING/img' is visible

09-12-2024T17:39:11 - [TEST_STEP][PASSED] - waitForElementPresent(findTestObject("Pricing-Test Plan Regresión Core/Page_Visualizar COMPLEMENTOS/span_COMPLEMENTOS"), 5): Object 'Object Repository/Pricing-Test Plan Regresión Core/Page_Visualizar COMPLEMENTOS/span_COMPLEMENTOS' is present

09-12-2024T17:39:11 - [MESSAGE][PASSED] - Object 'Object Repository/Pricing-Test Plan Regresión Core/Page_Visualizar COMPLEMENTOS/span_COMPLEMENTOS' is present

09-12-2024T17:39:11 - [TEST_STEP][PASSED] - verifyElementPresent(findTestObject("Object Repository/Pricing-Test Plan Regresión Core/Page_Visualizar COMPLEMENTOS/span_COMPLEMENTOS"), 5): Object 'Object Repository/Pricing-Test Plan Regresión Core/Page_Visualizar COMPLEMENTOS/span_COMPLEMENTOS' is present

09-12-2024T17:39:12 - [MESSAGE][PASSED] - Object 'Object Repository/Pricing-Test Plan Regresión Core/Page_Visualizar COMPLEMENTOS/span_COMPLEMENTOS' is present

09-12-2024T17:39:12 - [TEST_STEP][PASSED] - click(findTestObject("Object Repository/Pricing-Test Plan Regresión Core/Page_Visualizar COMPLEMENTOS/span_COMPLEMENTOS")): Object: 'Object Repository/Pricing-Test Plan Regresión Core/Page_Visualizar COMPLEMENTOS/span_COMPLEMENTOS' is clicked on

09-12-2024T17:39:12 - [MESSAGE][PASSED] - Object: 'Object Repository/Pricing-Test Plan Regresión Core/Page_Visualizar COMPLEMENTOS/span_COMPLEMENTOS' is clicked on

09-12-2024T17:39:12 - [TEST_STEP][PASSED] - waitForElementPresent(findTestObject("Object Repository/Pricing-Test Plan Regresión Core/Page_Visualizar COMPLEMENTOS/span_Tarifa de complemento"), 5): Object 'Object Repository/Pricing-Test Plan Regresión Core/Page_Visualizar COMPLEMENTOS/span_Tarifa de complemento' is present

09-12-2024T17:39:12 - [MESSAGE][PASSED] - Object 'Object Repository/Pricing-Test Plan Regresión Core/Page_Visualizar COMPLEMENTOS/span_Tarifa de complemento' is present

09-12-2024T17:39:12 - [TEST_STEP][PASSED] - verifyElementPresent(findTestObject("Object Repository/Pricing-Test Plan Regresión Core/Page_Visualizar COMPLEMENTOS/span_Tarifa de complemento"), 5): Object 'Object Repository/Pricing-Test Plan Regresión Core/Page_Visualizar COMPLEMENTOS/span_Tarifa de complemento' is present

09-12-2024T17:39:12 - [MESSAGE][PASSED] - Object 'Object Repository/Pricing-Test Plan Regresión Core/Page_Visualizar COMPLEMENTOS/span_Tarifa de complemento' is present

09-12-2024T17:39:12 - [TEST_STEP][PASSED] - click(findTestObject("Object Repository/Pricing-Test Plan Regresión Core/Page_Visualizar COMPLEMENTOS/span_Tarifa de complemento")): Object: 'Object Repository/Pricing-Test Plan Regresión Core/Page_Visualizar COMPLEMENTOS/span_Tarifa de complemento' is clicked on

09-12-2024T17:39:12 - [MESSAGE][PASSED] - Object: 'Object Repository/Pricing-Test Plan Regresión Core/Page_Visualizar COMPLEMENTOS/span_Tarifa de complemento' is clicked on

09-12-2024T17:39:12 - [TEST_STEP][PASSED] - waitForElementPresent(findTestObject("Object Repository/Pricing-Test Plan Regresión Core/Page_Visualizar COMPLEMENTOS/span_Visualizarmodificar_TarifaCompl"), 5): Object 'Object Repository/Pricing-Test Plan Regresión Core/Page_Visualizar COMPLEMENTOS/span_Visualizarmodificar_TarifaCompl' is present

09-12-2024T17:39:13 - [MESSAGE][PASSED] - Object 'Object Repository/Pricing-Test Plan Regresión Core/Page_Visualizar COMPLEMENTOS/span_Visualizarmodificar_TarifaCompl' is present

09-12-2024T17:39:13 - [TEST_STEP][PASSED] - verifyElementPresent(findTestObject("Object Repository/Pricing-Test Plan Regresión Core/Page_Visualizar COMPLEMENTOS/span_Visualizarmodificar_TarifaCompl"), 5): Object 'Object Repository/Pricing-Test Plan Regresión Core/Page_Visualizar COMPLEMENTOS/span_Visualizarmodificar_TarifaCompl' is present

09-12-2024T17:39:13 - [MESSAGE][PASSED] - Object 'Object Repository/Pricing-Test Plan Regresión Core/Page_Visualizar COMPLEMENTOS/span_Visualizarmodificar_TarifaCompl' is present

09-12-2024T17:39:13 - [TEST_STEP][PASSED] - click(findTestObject("Object Repository/Pricing-Test Plan Regresión Core/Page_Visualizar COMPLEMENTOS/span_Visualizarmodificar_TarifaCompl")): Object: 'Object Repository/Pricing-Test Plan Regresión Core/Page_Visualizar COMPLEMENTOS/span_Visualizarmodificar_TarifaCompl' is clicked on

09-12-2024T17:39:14 - [MESSAGE][PASSED] - Object: 'Object Repository/Pricing-Test Plan Regresión Core/Page_Visualizar COMPLEMENTOS/span_Visualizarmodificar_TarifaCompl' is clicked on

09-12-2024T17:39:14 - [TEST_STEP][PASSED] - waitForElementPresent(findTestObject("Pricing-Test Plan Regresión Core/Page_Visualizar PRODUCTOS/h1_Registros totales"), 5): Object 'Object Repository/Pricing-Test Plan Regresión Core/Page_Visualizar PRODUCTOS/h1_Registros totales' is present

09-12-2024T17:39:15 - [MESSAGE][PASSED] - Object 'Object Repository/Pricing-Test Plan Regresión Core/Page_Visualizar PRODUCTOS/h1_Registros totales' is present

09-12-2024T17:39:15 - [TEST_STEP][PASSED] - verifyElementPresent(findTestObject("Pricing-Test Plan Regresión Core/Page_Visualizar PRODUCTOS/h1_Registros totales"), 5): Object 'Object Repository/Pricing-Test Plan Regresión Core/Page_Visualizar PRODUCTOS/h1_Registros totales' is present

09-12-2024T17:39:15 - [MESSAGE][PASSED] - Object 'Object Repository/Pricing-Test Plan Regresión Core/Page_Visualizar PRODUCTOS/h1_Registros totales' is present

09-12-2024T17:39:15 - [TEST_STEP][PASSED] - verifyElementPresent(findTestObject("Object Repository/Pricing-Test Plan Regresión Core/Page_Visualizar COMPLEMENTOS/button_Filtros"), 5): Object 'Object Repository/Pricing-Test Plan Regresión Core/Page_Visualizar COMPLEMENTOS/button_Filtros' is present

09-12-2024T17:39:16 - [MESSAGE][PASSED] - Object 'Object Repository/Pricing-Test Plan Regresión Core/Page_Visualizar COMPLEMENTOS/button_Filtros' is present

09-12-2024T17:39:16 - [TEST_STEP][PASSED] - waitForElementPresent(findTestObject("Pricing-Test Plan Regresión Core/Page_Visualizar COMPLEMENTOS/Button_Filtros_Desplegable"), 5): Object 'Object Repository/Pricing-Test Plan Regresión Core/Page_Visualizar COMPLEMENTOS/Button_Filtros_Desplegable' is present

09-12-2024T17:39:16 - [MESSAGE][PASSED] - Object 'Object Repository/Pricing-Test Plan Regresión Core/Page_Visualizar COMPLEMENTOS/Button_Filtros_Desplegable' is present

09-12-2024T17:39:16 - [TEST_STEP][PASSED] - waitForElementPresent(findTestObject("Pricing-Test Plan Regresión Core/Page_Visualizar COMPLEMENTOS/button_Filtros"), 5): Object 'Object Repository/Pricing-Test Plan Regresión Core/Page_Visualizar COMPLEMENTOS/button_Filtros' is present

09-12-2024T17:39:16 - [MESSAGE][PASSED] - Object 'Object Repository/Pricing-Test Plan Regresión Core/Page_Visualizar COMPLEMENTOS/button_Filtros' is present

09-12-2024T17:39:16 - [TEST_STEP][PASSED] - waitForElementPresent(findTestObject("Pricing-Test Plan Regresión Core/Page_Visualizar COMPLEMENTOS/IconoHojaClonarComplemento"), 5): Object 'Object Repository/Pricing-Test Plan Regresión Core/Page_Visualizar COMPLEMENTOS/IconoHojaClonarComplemento' is present

09-12-2024T17:39:16 - [MESSAGE][PASSED] - Object 'Object Repository/Pricing-Test Plan Regresión Core/Page_Visualizar COMPLEMENTOS/IconoHojaClonarComplemento' is present

09-12-2024T17:39:16 - [TEST_STEP][PASSED] - verifyElementPresent(findTestObject("Pricing-Test Plan Regresión Core/Page_Visualizar COMPLEMENTOS/IconoHojaClonarComplemento"), 5): Object 'Object Repository/Pricing-Test Plan Regresión Core/Page_Visualizar COMPLEMENTOS/IconoHojaClonarComplemento' is present

09-12-2024T17:39:16 - [MESSAGE][PASSED] - Object 'Object Repository/Pricing-Test Plan Regresión Core/Page_Visualizar COMPLEMENTOS/IconoHojaClonarComplemento' is present

09-12-2024T17:39:16 - [TEST_STEP][PASSED] - doubleClick(findTestObject("Pricing-Test Plan Regresión Core/Page_Visualizar COMPLEMENTOS/IconoHojaClonarComplemento")): Object: 'Object Repository/Pricing-Test Plan Regresión Core/Page_Visualizar COMPLEMENTOS/IconoHojaClonarComplemento' is double clicked on

09-12-2024T17:39:21 - [MESSAGE][PASSED] - Object: 'Object Repository/Pricing-Test Plan Regresión Core/Page_Visualizar COMPLEMENTOS/IconoHojaClonarComplemento' is double clicked on

09-12-2024T17:39:21 - [TEST_STEP][PASSED] - waitForElementPresent(findTestObject("Pricing-Test Plan Regresión Core/Page_Visualizar COMPLEMENTOS/button_CancelarClonar"), 5): Object 'Object Repository/Pricing-Test Plan Regresión Core/Page_Visualizar COMPLEMENTOS/button_CancelarClonar' is present

09-12-2024T17:39:22 - [MESSAGE][PASSED] - Object 'Object Repository/Pricing-Test Plan Regresión Core/Page_Visualizar COMPLEMENTOS/button_CancelarClonar' is present

09-12-2024T17:39:22 - [TEST_STEP][PASSED] - verifyElementPresent(findTestObject("Pricing-Test Plan Regresión Core/Page_Visualizar COMPLEMENTOS/button_CancelarClonar"), 5): Object 'Object Repository/Pricing-Test Plan Regresión Core/Page_Visualizar COMPLEMENTOS/button_CancelarClonar' is present

09-12-2024T17:39:22 - [MESSAGE][PASSED] - Object 'Object Repository/Pricing-Test Plan Regresión Core/Page_Visualizar COMPLEMENTOS/button_CancelarClonar' is present

09-12-2024T17:39:22 - [TEST_STEP][PASSED] - takeScreenshot("P-25-2175"): Taking screenshot successfully

09-12-2024T17:39:22 - [MESSAGE][PASSED] - Taking screenshot successfully
[[ATTACHMENT|/Users/afernandezd/Katalon Studio/Pricing-PrimeraPrueba/Reports/20241209_173457/PRICING-Test Plan Regresi\u00F3n Core/20241209_173458/P-25-2175]]

09-12-2024T17:39:22 - [TEST_STEP][PASSED] - doubleClick(findTestObject("Pricing-Test Plan Regresión Core/Page_Visualizar COMPLEMENTOS/button_CancelarClonar")): Object: 'Object Repository/Pricing-Test Plan Regresión Core/Page_Visualizar COMPLEMENTOS/button_CancelarClonar' is double clicked on

09-12-2024T17:39:24 - [MESSAGE][PASSED] - Object: 'Object Repository/Pricing-Test Plan Regresión Core/Page_Visualizar COMPLEMENTOS/button_CancelarClonar' is double clicked on

09-12-2024T17:39:24 - [TEST_STEP][PASSED] - closeBrowser(): Browser is closed

09-12-2024T17:39:24 - [MESSAGE][PASSED] - Browser is closed]]></system-out>
         <system-err><![CDATA[]]></system-err>
      </testcase>
      <testcase name="Test Cases/PRICING-Test Plan Regresión Core/P25-2179-COMPLEMENTOS-Visualizar-Articulo de complemento-Detalle" time="21.825" classname="Test Cases/PRICING-Test Plan Regresión Core/P25-2179-COMPLEMENTOS-Visualizar-Articulo de complemento-Detalle" status="PASSED">
         <system-out><![CDATA[09-12-2024T17:39:24 - [TEST_CASE][PASSED] - Test Cases/PRICING-Test Plan Regresión Core/P25-2179-COMPLEMENTOS-Visualizar-Articulo de complemento-Detalle: Test Cases/PRICING-Test Plan Regresión Core/P25-2179-COMPLEMENTOS-Visualizar-Articulo de complemento-Detalle

09-12-2024T17:39:24 - [TEST_STEP][PASSED] - openBrowser(""): Browser is opened with url: ''

09-12-2024T17:39:24 - [MESSAGE][INFO] - Starting 'Chrome' driver

09-12-2024T17:39:24 - [MESSAGE][INFO] - Action delay is set to 0 milliseconds

09-12-2024T17:39:24 - [MESSAGE][PASSED] - Browser is opened with url: ''

09-12-2024T17:39:24 - [TEST_STEP][PASSED] - navigateToUrl("https://pre-sales.recordgo.cloud/login"): Navigate to 'https://pre-sales.recordgo.cloud/login' successfully

09-12-2024T17:39:30 - [MESSAGE][PASSED] - Navigate to 'https://pre-sales.recordgo.cloud/login' successfully

09-12-2024T17:39:30 - [TEST_STEP][PASSED] - maximizeWindow(): Current window maximized

09-12-2024T17:39:30 - [MESSAGE][PASSED] - Current window maximized

09-12-2024T17:39:30 - [TEST_STEP][PASSED] - setText(findTestObject("Pricing-Test Plan Regresión Core/Page_Login/input_Log in to your account__username"), "antonio.diego"): Text 'antonio.diego' is set on object 'Object Repository/Pricing-Test Plan Regresión Core/Page_Login/input_Log in to your account__username'

09-12-2024T17:39:31 - [MESSAGE][PASSED] - Text 'antonio.diego' is set on object 'Object Repository/Pricing-Test Plan Regresión Core/Page_Login/input_Log in to your account__username'

09-12-2024T17:39:31 - [TEST_STEP][PASSED] - setEncryptedText(findTestObject("Object Repository/Pricing-Test Plan Regresión Core/Page_Login/input_Log in to your account__password"), "4WoE78dHD36JvULd0ZrVWg=="): Text ****** has been set on object 'Object Repository/Pricing-Test Plan Regresión Core/Page_Login/input_Log in to your account__password'

09-12-2024T17:39:31 - [MESSAGE][PASSED] - Text ****** has been set on object 'Object Repository/Pricing-Test Plan Regresión Core/Page_Login/input_Log in to your account__password'

09-12-2024T17:39:31 - [TEST_STEP][PASSED] - selectOptionByValue(findTestObject("Object Repository/Pricing-Test Plan Regresión Core/Page_Login/select_Select an option CANARY ISLAND"), "IC", true): All options with value 'IC' are selected in object 'Object Repository/Pricing-Test Plan Regresión Core/Page_Login/select_Select an option CANARY ISLAND'  using regular expression

09-12-2024T17:39:32 - [MESSAGE][PASSED] - All options with value 'IC' are selected in object 'Object Repository/Pricing-Test Plan Regresión Core/Page_Login/select_Select an option CANARY ISLAND'  using regular expression

09-12-2024T17:39:32 - [TEST_STEP][PASSED] - click(findTestObject("Pricing-Test Plan Regresión Core/Page_Login/button_Login")): Object: 'Object Repository/Pricing-Test Plan Regresión Core/Page_Login/button_Login' is clicked on

09-12-2024T17:39:34 - [MESSAGE][PASSED] - Object: 'Object Repository/Pricing-Test Plan Regresión Core/Page_Login/button_Login' is clicked on

09-12-2024T17:39:34 - [TEST_STEP][PASSED] - waitForElementVisible(findTestObject("Pricing-Test Plan Regresión Core/Page_PRICING/img"), 5): Object 'Object Repository/Pricing-Test Plan Regresión Core/Page_PRICING/img' is visible

09-12-2024T17:39:34 - [MESSAGE][PASSED] - Object 'Object Repository/Pricing-Test Plan Regresión Core/Page_PRICING/img' is visible

09-12-2024T17:39:34 - [TEST_STEP][PASSED] - waitForElementPresent(findTestObject("Pricing-Test Plan Regresión Core/Page_Visualizar COMPLEMENTOS/span_COMPLEMENTOS"), 5): Object 'Object Repository/Pricing-Test Plan Regresión Core/Page_Visualizar COMPLEMENTOS/span_COMPLEMENTOS' is present

09-12-2024T17:39:34 - [MESSAGE][PASSED] - Object 'Object Repository/Pricing-Test Plan Regresión Core/Page_Visualizar COMPLEMENTOS/span_COMPLEMENTOS' is present

09-12-2024T17:39:34 - [TEST_STEP][PASSED] - verifyElementPresent(findTestObject("Object Repository/Pricing-Test Plan Regresión Core/Page_Visualizar COMPLEMENTOS/span_COMPLEMENTOS"), 5): Object 'Object Repository/Pricing-Test Plan Regresión Core/Page_Visualizar COMPLEMENTOS/span_COMPLEMENTOS' is present

09-12-2024T17:39:34 - [MESSAGE][PASSED] - Object 'Object Repository/Pricing-Test Plan Regresión Core/Page_Visualizar COMPLEMENTOS/span_COMPLEMENTOS' is present

09-12-2024T17:39:34 - [TEST_STEP][PASSED] - click(findTestObject("Object Repository/Pricing-Test Plan Regresión Core/Page_Visualizar COMPLEMENTOS/span_COMPLEMENTOS")): Object: 'Object Repository/Pricing-Test Plan Regresión Core/Page_Visualizar COMPLEMENTOS/span_COMPLEMENTOS' is clicked on

09-12-2024T17:39:35 - [MESSAGE][PASSED] - Object: 'Object Repository/Pricing-Test Plan Regresión Core/Page_Visualizar COMPLEMENTOS/span_COMPLEMENTOS' is clicked on

09-12-2024T17:39:35 - [TEST_STEP][PASSED] - waitForElementPresent(findTestObject("Pricing-Test Plan Regresión Core/Page_Visualizar COMPLEMENTOS/span_Articulo de Complemento"), 3): Object 'Object Repository/Pricing-Test Plan Regresión Core/Page_Visualizar COMPLEMENTOS/span_Articulo de Complemento' is present

09-12-2024T17:39:35 - [MESSAGE][PASSED] - Object 'Object Repository/Pricing-Test Plan Regresión Core/Page_Visualizar COMPLEMENTOS/span_Articulo de Complemento' is present

09-12-2024T17:39:35 - [TEST_STEP][PASSED] - verifyElementPresent(findTestObject("Pricing-Test Plan Regresión Core/Page_Visualizar COMPLEMENTOS/span_Articulo de Complemento"), 3): Object 'Object Repository/Pricing-Test Plan Regresión Core/Page_Visualizar COMPLEMENTOS/span_Articulo de Complemento' is present

09-12-2024T17:39:35 - [MESSAGE][PASSED] - Object 'Object Repository/Pricing-Test Plan Regresión Core/Page_Visualizar COMPLEMENTOS/span_Articulo de Complemento' is present

09-12-2024T17:39:35 - [TEST_STEP][PASSED] - click(findTestObject("Pricing-Test Plan Regresión Core/Page_Visualizar COMPLEMENTOS/span_Articulo de Complemento")): Object: 'Object Repository/Pricing-Test Plan Regresión Core/Page_Visualizar COMPLEMENTOS/span_Articulo de Complemento' is clicked on

09-12-2024T17:39:35 - [MESSAGE][PASSED] - Object: 'Object Repository/Pricing-Test Plan Regresión Core/Page_Visualizar COMPLEMENTOS/span_Articulo de Complemento' is clicked on

09-12-2024T17:39:35 - [TEST_STEP][PASSED] - waitForElementPresent(findTestObject("Pricing-Test Plan Regresión Core/Page_Visualizar COMPLEMENTOS/span_Visualizarmodificar_ArtCompl"), 5): Object 'Object Repository/Pricing-Test Plan Regresión Core/Page_Visualizar COMPLEMENTOS/span_Visualizarmodificar_ArtCompl' is present

09-12-2024T17:39:36 - [MESSAGE][PASSED] - Object 'Object Repository/Pricing-Test Plan Regresión Core/Page_Visualizar COMPLEMENTOS/span_Visualizarmodificar_ArtCompl' is present

09-12-2024T17:39:36 - [TEST_STEP][PASSED] - verifyElementPresent(findTestObject("Pricing-Test Plan Regresión Core/Page_Visualizar COMPLEMENTOS/span_Visualizarmodificar_ArtCompl"), 5): Object 'Object Repository/Pricing-Test Plan Regresión Core/Page_Visualizar COMPLEMENTOS/span_Visualizarmodificar_ArtCompl' is present

09-12-2024T17:39:36 - [MESSAGE][PASSED] - Object 'Object Repository/Pricing-Test Plan Regresión Core/Page_Visualizar COMPLEMENTOS/span_Visualizarmodificar_ArtCompl' is present

09-12-2024T17:39:36 - [TEST_STEP][PASSED] - click(findTestObject("Pricing-Test Plan Regresión Core/Page_Visualizar COMPLEMENTOS/span_Visualizarmodificar_ArtCompl")): Object: 'Object Repository/Pricing-Test Plan Regresión Core/Page_Visualizar COMPLEMENTOS/span_Visualizarmodificar_ArtCompl' is clicked on

09-12-2024T17:39:37 - [MESSAGE][PASSED] - Object: 'Object Repository/Pricing-Test Plan Regresión Core/Page_Visualizar COMPLEMENTOS/span_Visualizarmodificar_ArtCompl' is clicked on

09-12-2024T17:39:37 - [TEST_STEP][PASSED] - waitForElementPresent(findTestObject("Pricing-Test Plan Regresión Core/Page_Visualizar COMPLEMENTOS/i_active_flaticon-eye"), 5): Object 'Object Repository/Pricing-Test Plan Regresión Core/Page_Visualizar COMPLEMENTOS/i_active_flaticon-eye' is present

09-12-2024T17:39:38 - [MESSAGE][PASSED] - Object 'Object Repository/Pricing-Test Plan Regresión Core/Page_Visualizar COMPLEMENTOS/i_active_flaticon-eye' is present

09-12-2024T17:39:38 - [TEST_STEP][PASSED] - verifyElementPresent(findTestObject("Pricing-Test Plan Regresión Core/Page_Visualizar COMPLEMENTOS/i_active_flaticon-eye"), 5): Object 'Object Repository/Pricing-Test Plan Regresión Core/Page_Visualizar COMPLEMENTOS/i_active_flaticon-eye' is present

09-12-2024T17:39:39 - [MESSAGE][PASSED] - Object 'Object Repository/Pricing-Test Plan Regresión Core/Page_Visualizar COMPLEMENTOS/i_active_flaticon-eye' is present

09-12-2024T17:39:39 - [TEST_STEP][PASSED] - doubleClick(findTestObject("Pricing-Test Plan Regresión Core/Page_Visualizar COMPLEMENTOS/i_active_flaticon-eye")): Object: 'Object Repository/Pricing-Test Plan Regresión Core/Page_Visualizar COMPLEMENTOS/i_active_flaticon-eye' is double clicked on

09-12-2024T17:39:40 - [MESSAGE][PASSED] - Object: 'Object Repository/Pricing-Test Plan Regresión Core/Page_Visualizar COMPLEMENTOS/i_active_flaticon-eye' is double clicked on

09-12-2024T17:39:40 - [TEST_STEP][PASSED] - waitForElementPresent(findTestObject("Pricing-Test Plan Regresión Core/Page_Visualizar COMPLEMENTOS/h3_MostrarArtículoComplemento"), 5): Object 'Object Repository/Pricing-Test Plan Regresión Core/Page_Visualizar COMPLEMENTOS/h3_MostrarArtículoComplemento' is present

09-12-2024T17:39:41 - [MESSAGE][PASSED] - Object 'Object Repository/Pricing-Test Plan Regresión Core/Page_Visualizar COMPLEMENTOS/h3_MostrarArtículoComplemento' is present

09-12-2024T17:39:41 - [TEST_STEP][PASSED] - verifyElementPresent(findTestObject("Pricing-Test Plan Regresión Core/Page_Visualizar COMPLEMENTOS/h3_MostrarArtículoComplemento"), 5): Object 'Object Repository/Pricing-Test Plan Regresión Core/Page_Visualizar COMPLEMENTOS/h3_MostrarArtículoComplemento' is present

09-12-2024T17:39:41 - [MESSAGE][PASSED] - Object 'Object Repository/Pricing-Test Plan Regresión Core/Page_Visualizar COMPLEMENTOS/h3_MostrarArtículoComplemento' is present

09-12-2024T17:39:41 - [TEST_STEP][PASSED] - waitForElementPresent(findTestObject("Pricing-Test Plan Regresión Core/Page_Visualizar COMPLEMENTOS/button_Listado"), 5): Object 'Object Repository/Pricing-Test Plan Regresión Core/Page_Visualizar COMPLEMENTOS/button_Listado' is present

09-12-2024T17:39:41 - [MESSAGE][PASSED] - Object 'Object Repository/Pricing-Test Plan Regresión Core/Page_Visualizar COMPLEMENTOS/button_Listado' is present

09-12-2024T17:39:41 - [TEST_STEP][PASSED] - doubleClick(findTestObject("Pricing-Test Plan Regresión Core/Page_Visualizar COMPLEMENTOS/button_Listado")): Object: 'Object Repository/Pricing-Test Plan Regresión Core/Page_Visualizar COMPLEMENTOS/button_Listado' is double clicked on

09-12-2024T17:39:44 - [MESSAGE][PASSED] - Object: 'Object Repository/Pricing-Test Plan Regresión Core/Page_Visualizar COMPLEMENTOS/button_Listado' is double clicked on

09-12-2024T17:39:44 - [TEST_STEP][PASSED] - waitForElementPresent(findTestObject("Pricing-Test Plan Regresión Core/Page_Visualizar PRODUCTOS/h1_Registros totales"), 5): Object 'Object Repository/Pricing-Test Plan Regresión Core/Page_Visualizar PRODUCTOS/h1_Registros totales' is present

09-12-2024T17:39:45 - [MESSAGE][PASSED] - Object 'Object Repository/Pricing-Test Plan Regresión Core/Page_Visualizar PRODUCTOS/h1_Registros totales' is present

09-12-2024T17:39:45 - [TEST_STEP][PASSED] - takeScreenshot(): Taking screenshot successfully

09-12-2024T17:39:45 - [MESSAGE][PASSED] - Taking screenshot successfully
[[ATTACHMENT|/Users/afernandezd/Katalon Studio/Pricing-PrimeraPrueba/Reports/20241209_173457/PRICING-Test Plan Regresi\u00F3n Core/20241209_173458/1733762385654.png]]

09-12-2024T17:39:45 - [TEST_STEP][PASSED] - verifyElementPresent(findTestObject("Pricing-Test Plan Regresión Core/Page_Visualizar PRODUCTOS/h1_Registros totales"), 5): Object 'Object Repository/Pricing-Test Plan Regresión Core/Page_Visualizar PRODUCTOS/h1_Registros totales' is present

09-12-2024T17:39:45 - [MESSAGE][PASSED] - Object 'Object Repository/Pricing-Test Plan Regresión Core/Page_Visualizar PRODUCTOS/h1_Registros totales' is present

09-12-2024T17:39:45 - [TEST_STEP][PASSED] - closeBrowser(): Browser is closed

09-12-2024T17:39:46 - [MESSAGE][PASSED] - Browser is closed]]></system-out>
         <system-err><![CDATA[]]></system-err>
      </testcase>
      <testcase name="Test Cases/PRICING-Test Plan Regresión Core/P25-2182-COMPLEMENTOS-Visualizar-Agrupación de artículos-Detalle" time="20.338" classname="Test Cases/PRICING-Test Plan Regresión Core/P25-2182-COMPLEMENTOS-Visualizar-Agrupación de artículos-Detalle" status="PASSED">
         <system-out><![CDATA[09-12-2024T17:39:46 - [TEST_CASE][PASSED] - Test Cases/PRICING-Test Plan Regresión Core/P25-2182-COMPLEMENTOS-Visualizar-Agrupación de artículos-Detalle: Test Cases/PRICING-Test Plan Regresión Core/P25-2182-COMPLEMENTOS-Visualizar-Agrupación de artículos-Detalle

09-12-2024T17:39:46 - [TEST_STEP][PASSED] - openBrowser(""): Browser is opened with url: ''

09-12-2024T17:39:46 - [MESSAGE][INFO] - Starting 'Chrome' driver

09-12-2024T17:39:46 - [MESSAGE][INFO] - Action delay is set to 0 milliseconds

09-12-2024T17:39:47 - [MESSAGE][PASSED] - Browser is opened with url: ''

09-12-2024T17:39:47 - [TEST_STEP][PASSED] - navigateToUrl("https://pre-sales.recordgo.cloud/login"): Navigate to 'https://pre-sales.recordgo.cloud/login' successfully

09-12-2024T17:39:52 - [MESSAGE][PASSED] - Navigate to 'https://pre-sales.recordgo.cloud/login' successfully

09-12-2024T17:39:52 - [TEST_STEP][PASSED] - maximizeWindow(): Current window maximized

09-12-2024T17:39:52 - [MESSAGE][PASSED] - Current window maximized

09-12-2024T17:39:52 - [TEST_STEP][PASSED] - setText(findTestObject("Pricing-Test Plan Regresión Core/Page_Login/input_Log in to your account__username"), "antonio.diego"): Text 'antonio.diego' is set on object 'Object Repository/Pricing-Test Plan Regresión Core/Page_Login/input_Log in to your account__username'

09-12-2024T17:39:53 - [MESSAGE][PASSED] - Text 'antonio.diego' is set on object 'Object Repository/Pricing-Test Plan Regresión Core/Page_Login/input_Log in to your account__username'

09-12-2024T17:39:53 - [TEST_STEP][PASSED] - setEncryptedText(findTestObject("Object Repository/Pricing-Test Plan Regresión Core/Page_Login/input_Log in to your account__password"), "4WoE78dHD36JvULd0ZrVWg=="): Text ****** has been set on object 'Object Repository/Pricing-Test Plan Regresión Core/Page_Login/input_Log in to your account__password'

09-12-2024T17:39:53 - [MESSAGE][PASSED] - Text ****** has been set on object 'Object Repository/Pricing-Test Plan Regresión Core/Page_Login/input_Log in to your account__password'

09-12-2024T17:39:53 - [TEST_STEP][PASSED] - selectOptionByValue(findTestObject("Object Repository/Pricing-Test Plan Regresión Core/Page_Login/select_Select an option CANARY ISLAND"), "IC", true): All options with value 'IC' are selected in object 'Object Repository/Pricing-Test Plan Regresión Core/Page_Login/select_Select an option CANARY ISLAND'  using regular expression

09-12-2024T17:39:54 - [MESSAGE][PASSED] - All options with value 'IC' are selected in object 'Object Repository/Pricing-Test Plan Regresión Core/Page_Login/select_Select an option CANARY ISLAND'  using regular expression

09-12-2024T17:39:54 - [TEST_STEP][PASSED] - click(findTestObject("Pricing-Test Plan Regresión Core/Page_Login/button_Login")): Object: 'Object Repository/Pricing-Test Plan Regresión Core/Page_Login/button_Login' is clicked on

09-12-2024T17:39:56 - [MESSAGE][PASSED] - Object: 'Object Repository/Pricing-Test Plan Regresión Core/Page_Login/button_Login' is clicked on

09-12-2024T17:39:56 - [TEST_STEP][PASSED] - waitForElementVisible(findTestObject("Pricing-Test Plan Regresión Core/Page_PRICING/img"), 5): Object 'Object Repository/Pricing-Test Plan Regresión Core/Page_PRICING/img' is visible

09-12-2024T17:39:56 - [MESSAGE][PASSED] - Object 'Object Repository/Pricing-Test Plan Regresión Core/Page_PRICING/img' is visible

09-12-2024T17:39:56 - [TEST_STEP][PASSED] - waitForElementPresent(findTestObject("Pricing-Test Plan Regresión Core/Page_Visualizar COMPLEMENTOS/span_COMPLEMENTOS"), 5): Object 'Object Repository/Pricing-Test Plan Regresión Core/Page_Visualizar COMPLEMENTOS/span_COMPLEMENTOS' is present

09-12-2024T17:39:57 - [MESSAGE][PASSED] - Object 'Object Repository/Pricing-Test Plan Regresión Core/Page_Visualizar COMPLEMENTOS/span_COMPLEMENTOS' is present

09-12-2024T17:39:57 - [TEST_STEP][PASSED] - verifyElementPresent(findTestObject("Object Repository/Pricing-Test Plan Regresión Core/Page_Visualizar COMPLEMENTOS/span_COMPLEMENTOS"), 5): Object 'Object Repository/Pricing-Test Plan Regresión Core/Page_Visualizar COMPLEMENTOS/span_COMPLEMENTOS' is present

09-12-2024T17:39:57 - [MESSAGE][PASSED] - Object 'Object Repository/Pricing-Test Plan Regresión Core/Page_Visualizar COMPLEMENTOS/span_COMPLEMENTOS' is present

09-12-2024T17:39:57 - [TEST_STEP][PASSED] - click(findTestObject("Object Repository/Pricing-Test Plan Regresión Core/Page_Visualizar COMPLEMENTOS/span_COMPLEMENTOS")): Object: 'Object Repository/Pricing-Test Plan Regresión Core/Page_Visualizar COMPLEMENTOS/span_COMPLEMENTOS' is clicked on

09-12-2024T17:39:57 - [MESSAGE][PASSED] - Object: 'Object Repository/Pricing-Test Plan Regresión Core/Page_Visualizar COMPLEMENTOS/span_COMPLEMENTOS' is clicked on

09-12-2024T17:39:57 - [TEST_STEP][PASSED] - waitForElementPresent(findTestObject("Pricing-Test Plan Regresión Core/Page_Visualizar COMPLEMENTOS/span_Agrupación de artículos"), 3): Object 'Object Repository/Pricing-Test Plan Regresión Core/Page_Visualizar COMPLEMENTOS/span_Agrupación de artículos' is present

09-12-2024T17:39:57 - [MESSAGE][PASSED] - Object 'Object Repository/Pricing-Test Plan Regresión Core/Page_Visualizar COMPLEMENTOS/span_Agrupación de artículos' is present

09-12-2024T17:39:57 - [TEST_STEP][PASSED] - verifyElementPresent(findTestObject("Pricing-Test Plan Regresión Core/Page_Visualizar COMPLEMENTOS/span_Agrupación de artículos"), 3): Object 'Object Repository/Pricing-Test Plan Regresión Core/Page_Visualizar COMPLEMENTOS/span_Agrupación de artículos' is present

09-12-2024T17:39:57 - [MESSAGE][PASSED] - Object 'Object Repository/Pricing-Test Plan Regresión Core/Page_Visualizar COMPLEMENTOS/span_Agrupación de artículos' is present

09-12-2024T17:39:57 - [TEST_STEP][PASSED] - click(findTestObject("Pricing-Test Plan Regresión Core/Page_Visualizar COMPLEMENTOS/span_Agrupación de artículos")): Object: 'Object Repository/Pricing-Test Plan Regresión Core/Page_Visualizar COMPLEMENTOS/span_Agrupación de artículos' is clicked on

09-12-2024T17:39:58 - [MESSAGE][PASSED] - Object: 'Object Repository/Pricing-Test Plan Regresión Core/Page_Visualizar COMPLEMENTOS/span_Agrupación de artículos' is clicked on

09-12-2024T17:39:58 - [TEST_STEP][PASSED] - waitForElementPresent(findTestObject("Pricing-Test Plan Regresión Core/Page_Visualizar COMPLEMENTOS/span_Visualizarmodificar_AgrupArtículos"), 5): Object 'Object Repository/Pricing-Test Plan Regresión Core/Page_Visualizar COMPLEMENTOS/span_Visualizarmodificar_AgrupArtículos' is present

09-12-2024T17:39:58 - [MESSAGE][PASSED] - Object 'Object Repository/Pricing-Test Plan Regresión Core/Page_Visualizar COMPLEMENTOS/span_Visualizarmodificar_AgrupArtículos' is present

09-12-2024T17:39:58 - [TEST_STEP][PASSED] - verifyElementPresent(findTestObject("Pricing-Test Plan Regresión Core/Page_Visualizar COMPLEMENTOS/span_Visualizarmodificar_AgrupArtículos"), 5): Object 'Object Repository/Pricing-Test Plan Regresión Core/Page_Visualizar COMPLEMENTOS/span_Visualizarmodificar_AgrupArtículos' is present

09-12-2024T17:39:58 - [MESSAGE][PASSED] - Object 'Object Repository/Pricing-Test Plan Regresión Core/Page_Visualizar COMPLEMENTOS/span_Visualizarmodificar_AgrupArtículos' is present

09-12-2024T17:39:58 - [TEST_STEP][PASSED] - click(findTestObject("Pricing-Test Plan Regresión Core/Page_Visualizar COMPLEMENTOS/span_Visualizarmodificar_AgrupArtículos")): Object: 'Object Repository/Pricing-Test Plan Regresión Core/Page_Visualizar COMPLEMENTOS/span_Visualizarmodificar_AgrupArtículos' is clicked on

09-12-2024T17:39:59 - [MESSAGE][PASSED] - Object: 'Object Repository/Pricing-Test Plan Regresión Core/Page_Visualizar COMPLEMENTOS/span_Visualizarmodificar_AgrupArtículos' is clicked on

09-12-2024T17:39:59 - [TEST_STEP][PASSED] - waitForElementPresent(findTestObject("Pricing-Test Plan Regresión Core/Page_Visualizar COMPLEMENTOS/i_active_flaticon-eye"), 5): Object 'Object Repository/Pricing-Test Plan Regresión Core/Page_Visualizar COMPLEMENTOS/i_active_flaticon-eye' is present

09-12-2024T17:40:00 - [MESSAGE][PASSED] - Object 'Object Repository/Pricing-Test Plan Regresión Core/Page_Visualizar COMPLEMENTOS/i_active_flaticon-eye' is present

09-12-2024T17:40:00 - [TEST_STEP][PASSED] - verifyElementPresent(findTestObject("Pricing-Test Plan Regresión Core/Page_Visualizar COMPLEMENTOS/i_active_flaticon-eye"), 5): Object 'Object Repository/Pricing-Test Plan Regresión Core/Page_Visualizar COMPLEMENTOS/i_active_flaticon-eye' is present

09-12-2024T17:40:00 - [MESSAGE][PASSED] - Object 'Object Repository/Pricing-Test Plan Regresión Core/Page_Visualizar COMPLEMENTOS/i_active_flaticon-eye' is present

09-12-2024T17:40:00 - [TEST_STEP][PASSED] - doubleClick(findTestObject("Pricing-Test Plan Regresión Core/Page_Visualizar COMPLEMENTOS/i_active_flaticon-eye")): Object: 'Object Repository/Pricing-Test Plan Regresión Core/Page_Visualizar COMPLEMENTOS/i_active_flaticon-eye' is double clicked on

09-12-2024T17:40:02 - [MESSAGE][PASSED] - Object: 'Object Repository/Pricing-Test Plan Regresión Core/Page_Visualizar COMPLEMENTOS/i_active_flaticon-eye' is double clicked on

09-12-2024T17:40:02 - [TEST_STEP][PASSED] - waitForElementPresent(findTestObject("Pricing-Test Plan Regresión Core/Page_Visualizar COMPLEMENTOS/h3_Mostrar agrupación de articulos"), 5): Object 'Object Repository/Pricing-Test Plan Regresión Core/Page_Visualizar COMPLEMENTOS/h3_Mostrar agrupación de articulos' is present

09-12-2024T17:40:02 - [MESSAGE][PASSED] - Object 'Object Repository/Pricing-Test Plan Regresión Core/Page_Visualizar COMPLEMENTOS/h3_Mostrar agrupación de articulos' is present

09-12-2024T17:40:02 - [TEST_STEP][PASSED] - verifyElementPresent(findTestObject("Pricing-Test Plan Regresión Core/Page_Visualizar COMPLEMENTOS/h3_Mostrar agrupación de articulos"), 5): Object 'Object Repository/Pricing-Test Plan Regresión Core/Page_Visualizar COMPLEMENTOS/h3_Mostrar agrupación de articulos' is present

09-12-2024T17:40:03 - [MESSAGE][PASSED] - Object 'Object Repository/Pricing-Test Plan Regresión Core/Page_Visualizar COMPLEMENTOS/h3_Mostrar agrupación de articulos' is present

09-12-2024T17:40:03 - [TEST_STEP][PASSED] - waitForElementPresent(findTestObject("Pricing-Test Plan Regresión Core/Page_Visualizar COMPLEMENTOS/a_Ir al listado"), 5): Object 'Object Repository/Pricing-Test Plan Regresión Core/Page_Visualizar COMPLEMENTOS/a_Ir al listado' is present

09-12-2024T17:40:03 - [MESSAGE][PASSED] - Object 'Object Repository/Pricing-Test Plan Regresión Core/Page_Visualizar COMPLEMENTOS/a_Ir al listado' is present

09-12-2024T17:40:03 - [TEST_STEP][PASSED] - doubleClick(findTestObject("Pricing-Test Plan Regresión Core/Page_Visualizar COMPLEMENTOS/a_Ir al listado")): Object: 'Object Repository/Pricing-Test Plan Regresión Core/Page_Visualizar COMPLEMENTOS/a_Ir al listado' is double clicked on

09-12-2024T17:40:04 - [MESSAGE][PASSED] - Object: 'Object Repository/Pricing-Test Plan Regresión Core/Page_Visualizar COMPLEMENTOS/a_Ir al listado' is double clicked on

09-12-2024T17:40:04 - [TEST_STEP][PASSED] - waitForElementPresent(findTestObject("Pricing-Test Plan Regresión Core/Page_Visualizar PRODUCTOS/h1_Registros totales"), 5): Object 'Object Repository/Pricing-Test Plan Regresión Core/Page_Visualizar PRODUCTOS/h1_Registros totales' is present

09-12-2024T17:40:05 - [MESSAGE][PASSED] - Object 'Object Repository/Pricing-Test Plan Regresión Core/Page_Visualizar PRODUCTOS/h1_Registros totales' is present

09-12-2024T17:40:05 - [TEST_STEP][PASSED] - takeScreenshot(): Taking screenshot successfully

09-12-2024T17:40:06 - [MESSAGE][PASSED] - Taking screenshot successfully
[[ATTACHMENT|/Users/afernandezd/Katalon Studio/Pricing-PrimeraPrueba/Reports/20241209_173457/PRICING-Test Plan Regresi\u00F3n Core/20241209_173458/1733762405990.png]]

09-12-2024T17:40:06 - [TEST_STEP][PASSED] - verifyElementPresent(findTestObject("Pricing-Test Plan Regresión Core/Page_Visualizar PRODUCTOS/h1_Registros totales"), 5): Object 'Object Repository/Pricing-Test Plan Regresión Core/Page_Visualizar PRODUCTOS/h1_Registros totales' is present

09-12-2024T17:40:06 - [MESSAGE][PASSED] - Object 'Object Repository/Pricing-Test Plan Regresión Core/Page_Visualizar PRODUCTOS/h1_Registros totales' is present

09-12-2024T17:40:06 - [TEST_STEP][PASSED] - closeBrowser(): Browser is closed

09-12-2024T17:40:06 - [MESSAGE][PASSED] - Browser is closed]]></system-out>
         <system-err><![CDATA[]]></system-err>
      </testcase>
      <testcase name="Test Cases/PRICING-Test Plan Regresión Core/P25-2172-COMPLEMENTOS-Clonar complemento" time="27.264" classname="Test Cases/PRICING-Test Plan Regresión Core/P25-2172-COMPLEMENTOS-Clonar complemento" status="PASSED">
         <system-out><![CDATA[09-12-2024T17:40:06 - [TEST_CASE][PASSED] - Test Cases/PRICING-Test Plan Regresión Core/P25-2172-COMPLEMENTOS-Clonar complemento: Test Cases/PRICING-Test Plan Regresión Core/P25-2172-COMPLEMENTOS-Clonar complemento

09-12-2024T17:40:06 - [TEST_STEP][PASSED] - openBrowser(""): Browser is opened with url: ''

09-12-2024T17:40:06 - [MESSAGE][INFO] - Starting 'Chrome' driver

09-12-2024T17:40:06 - [MESSAGE][INFO] - Action delay is set to 0 milliseconds

09-12-2024T17:40:07 - [MESSAGE][PASSED] - Browser is opened with url: ''

09-12-2024T17:40:07 - [TEST_STEP][PASSED] - navigateToUrl("https://pre-sales.recordgo.cloud/login"): Navigate to 'https://pre-sales.recordgo.cloud/login' successfully

09-12-2024T17:40:14 - [MESSAGE][PASSED] - Navigate to 'https://pre-sales.recordgo.cloud/login' successfully

09-12-2024T17:40:14 - [TEST_STEP][PASSED] - maximizeWindow(): Current window maximized

09-12-2024T17:40:14 - [MESSAGE][PASSED] - Current window maximized

09-12-2024T17:40:14 - [TEST_STEP][PASSED] - setText(findTestObject("Pricing-Test Plan Regresión Core/Page_Login/input_Log in to your account__username"), "antonio.diego"): Text 'antonio.diego' is set on object 'Object Repository/Pricing-Test Plan Regresión Core/Page_Login/input_Log in to your account__username'

09-12-2024T17:40:15 - [MESSAGE][PASSED] - Text 'antonio.diego' is set on object 'Object Repository/Pricing-Test Plan Regresión Core/Page_Login/input_Log in to your account__username'

09-12-2024T17:40:15 - [TEST_STEP][PASSED] - setEncryptedText(findTestObject("Object Repository/Pricing-Test Plan Regresión Core/Page_Login/input_Log in to your account__password"), "4WoE78dHD36JvULd0ZrVWg=="): Text ****** has been set on object 'Object Repository/Pricing-Test Plan Regresión Core/Page_Login/input_Log in to your account__password'

09-12-2024T17:40:15 - [MESSAGE][PASSED] - Text ****** has been set on object 'Object Repository/Pricing-Test Plan Regresión Core/Page_Login/input_Log in to your account__password'

09-12-2024T17:40:15 - [TEST_STEP][PASSED] - selectOptionByValue(findTestObject("Object Repository/Pricing-Test Plan Regresión Core/Page_Login/select_Select an option CANARY ISLAND"), "IC", true): All options with value 'IC' are selected in object 'Object Repository/Pricing-Test Plan Regresión Core/Page_Login/select_Select an option CANARY ISLAND'  using regular expression

09-12-2024T17:40:16 - [MESSAGE][PASSED] - All options with value 'IC' are selected in object 'Object Repository/Pricing-Test Plan Regresión Core/Page_Login/select_Select an option CANARY ISLAND'  using regular expression

09-12-2024T17:40:16 - [TEST_STEP][PASSED] - click(findTestObject("Pricing-Test Plan Regresión Core/Page_Login/button_Login")): Object: 'Object Repository/Pricing-Test Plan Regresión Core/Page_Login/button_Login' is clicked on

09-12-2024T17:40:18 - [MESSAGE][PASSED] - Object: 'Object Repository/Pricing-Test Plan Regresión Core/Page_Login/button_Login' is clicked on

09-12-2024T17:40:18 - [TEST_STEP][PASSED] - waitForElementVisible(findTestObject("Pricing-Test Plan Regresión Core/Page_PRICING/img"), 5): Object 'Object Repository/Pricing-Test Plan Regresión Core/Page_PRICING/img' is visible

09-12-2024T17:40:18 - [MESSAGE][PASSED] - Object 'Object Repository/Pricing-Test Plan Regresión Core/Page_PRICING/img' is visible

09-12-2024T17:40:18 - [TEST_STEP][PASSED] - waitForElementPresent(findTestObject("Pricing-Test Plan Regresión Core/Page_Visualizar COMPLEMENTOS/span_COMPLEMENTOS"), 5): Object 'Object Repository/Pricing-Test Plan Regresión Core/Page_Visualizar COMPLEMENTOS/span_COMPLEMENTOS' is present

09-12-2024T17:40:19 - [MESSAGE][PASSED] - Object 'Object Repository/Pricing-Test Plan Regresión Core/Page_Visualizar COMPLEMENTOS/span_COMPLEMENTOS' is present

09-12-2024T17:40:19 - [TEST_STEP][PASSED] - verifyElementPresent(findTestObject("Object Repository/Pricing-Test Plan Regresión Core/Page_Visualizar COMPLEMENTOS/span_COMPLEMENTOS"), 5): Object 'Object Repository/Pricing-Test Plan Regresión Core/Page_Visualizar COMPLEMENTOS/span_COMPLEMENTOS' is present

09-12-2024T17:40:19 - [MESSAGE][PASSED] - Object 'Object Repository/Pricing-Test Plan Regresión Core/Page_Visualizar COMPLEMENTOS/span_COMPLEMENTOS' is present

09-12-2024T17:40:19 - [TEST_STEP][PASSED] - click(findTestObject("Object Repository/Pricing-Test Plan Regresión Core/Page_Visualizar COMPLEMENTOS/span_COMPLEMENTOS")): Object: 'Object Repository/Pricing-Test Plan Regresión Core/Page_Visualizar COMPLEMENTOS/span_COMPLEMENTOS' is clicked on

09-12-2024T17:40:19 - [MESSAGE][PASSED] - Object: 'Object Repository/Pricing-Test Plan Regresión Core/Page_Visualizar COMPLEMENTOS/span_COMPLEMENTOS' is clicked on

09-12-2024T17:40:19 - [TEST_STEP][PASSED] - waitForElementPresent(findTestObject("Pricing-Test Plan Regresión Core/Page_Visualizar COMPLEMENTOS/span_Complemento"), 5): Object 'Object Repository/Pricing-Test Plan Regresión Core/Page_Visualizar COMPLEMENTOS/span_Complemento' is present

09-12-2024T17:40:19 - [MESSAGE][PASSED] - Object 'Object Repository/Pricing-Test Plan Regresión Core/Page_Visualizar COMPLEMENTOS/span_Complemento' is present

09-12-2024T17:40:19 - [TEST_STEP][PASSED] - verifyElementPresent(findTestObject("Pricing-Test Plan Regresión Core/Page_Visualizar COMPLEMENTOS/span_Complemento"), 5): Object 'Object Repository/Pricing-Test Plan Regresión Core/Page_Visualizar COMPLEMENTOS/span_Complemento' is present

09-12-2024T17:40:20 - [MESSAGE][PASSED] - Object 'Object Repository/Pricing-Test Plan Regresión Core/Page_Visualizar COMPLEMENTOS/span_Complemento' is present

09-12-2024T17:40:20 - [TEST_STEP][PASSED] - click(findTestObject("Pricing-Test Plan Regresión Core/Page_Visualizar COMPLEMENTOS/span_Complemento")): Object: 'Object Repository/Pricing-Test Plan Regresión Core/Page_Visualizar COMPLEMENTOS/span_Complemento' is clicked on

09-12-2024T17:40:20 - [MESSAGE][PASSED] - Object: 'Object Repository/Pricing-Test Plan Regresión Core/Page_Visualizar COMPLEMENTOS/span_Complemento' is clicked on

09-12-2024T17:40:20 - [TEST_STEP][PASSED] - waitForElementPresent(findTestObject("Pricing-Test Plan Regresión Core/Page_Visualizar COMPLEMENTOS/span_Visualizarmodificarclonar"), 5): Object 'Object Repository/Pricing-Test Plan Regresión Core/Page_Visualizar COMPLEMENTOS/span_Visualizarmodificarclonar' is present

09-12-2024T17:40:20 - [MESSAGE][PASSED] - Object 'Object Repository/Pricing-Test Plan Regresión Core/Page_Visualizar COMPLEMENTOS/span_Visualizarmodificarclonar' is present

09-12-2024T17:40:20 - [TEST_STEP][PASSED] - verifyElementPresent(findTestObject("Pricing-Test Plan Regresión Core/Page_Visualizar COMPLEMENTOS/span_Visualizarmodificarclonar"), 5): Object 'Object Repository/Pricing-Test Plan Regresión Core/Page_Visualizar COMPLEMENTOS/span_Visualizarmodificarclonar' is present

09-12-2024T17:40:20 - [MESSAGE][PASSED] - Object 'Object Repository/Pricing-Test Plan Regresión Core/Page_Visualizar COMPLEMENTOS/span_Visualizarmodificarclonar' is present

09-12-2024T17:40:20 - [TEST_STEP][PASSED] - click(findTestObject("Pricing-Test Plan Regresión Core/Page_Visualizar COMPLEMENTOS/span_Visualizarmodificarclonar")): Object: 'Object Repository/Pricing-Test Plan Regresión Core/Page_Visualizar COMPLEMENTOS/span_Visualizarmodificarclonar' is clicked on

09-12-2024T17:40:22 - [MESSAGE][PASSED] - Object: 'Object Repository/Pricing-Test Plan Regresión Core/Page_Visualizar COMPLEMENTOS/span_Visualizarmodificarclonar' is clicked on

09-12-2024T17:40:22 - [TEST_STEP][PASSED] - waitForElementPresent(findTestObject("Pricing-Test Plan Regresión Core/Page_Visualizar PRODUCTOS/h1_Registros totales"), 5): Object 'Object Repository/Pricing-Test Plan Regresión Core/Page_Visualizar PRODUCTOS/h1_Registros totales' is present

09-12-2024T17:40:23 - [MESSAGE][PASSED] - Object 'Object Repository/Pricing-Test Plan Regresión Core/Page_Visualizar PRODUCTOS/h1_Registros totales' is present

09-12-2024T17:40:23 - [TEST_STEP][PASSED] - verifyElementPresent(findTestObject("Pricing-Test Plan Regresión Core/Page_Visualizar PRODUCTOS/h1_Registros totales"), 5): Object 'Object Repository/Pricing-Test Plan Regresión Core/Page_Visualizar PRODUCTOS/h1_Registros totales' is present

09-12-2024T17:40:23 - [MESSAGE][PASSED] - Object 'Object Repository/Pricing-Test Plan Regresión Core/Page_Visualizar PRODUCTOS/h1_Registros totales' is present

09-12-2024T17:40:23 - [TEST_STEP][PASSED] - verifyElementPresent(findTestObject("Object Repository/Pricing-Test Plan Regresión Core/Page_Visualizar COMPLEMENTOS/button_Filtros"), 5): Object 'Object Repository/Pricing-Test Plan Regresión Core/Page_Visualizar COMPLEMENTOS/button_Filtros' is present

09-12-2024T17:40:24 - [MESSAGE][PASSED] - Object 'Object Repository/Pricing-Test Plan Regresión Core/Page_Visualizar COMPLEMENTOS/button_Filtros' is present

09-12-2024T17:40:24 - [TEST_STEP][PASSED] - waitForElementPresent(findTestObject("Pricing-Test Plan Regresión Core/Page_Visualizar COMPLEMENTOS/Button_Filtros_Desplegable"), 5): Object 'Object Repository/Pricing-Test Plan Regresión Core/Page_Visualizar COMPLEMENTOS/Button_Filtros_Desplegable' is present

09-12-2024T17:40:24 - [MESSAGE][PASSED] - Object 'Object Repository/Pricing-Test Plan Regresión Core/Page_Visualizar COMPLEMENTOS/Button_Filtros_Desplegable' is present

09-12-2024T17:40:24 - [TEST_STEP][PASSED] - waitForElementPresent(findTestObject("Pricing-Test Plan Regresión Core/Page_Visualizar COMPLEMENTOS/button_Filtros"), 5): Object 'Object Repository/Pricing-Test Plan Regresión Core/Page_Visualizar COMPLEMENTOS/button_Filtros' is present

09-12-2024T17:40:24 - [MESSAGE][PASSED] - Object 'Object Repository/Pricing-Test Plan Regresión Core/Page_Visualizar COMPLEMENTOS/button_Filtros' is present

09-12-2024T17:40:24 - [TEST_STEP][PASSED] - waitForElementPresent(findTestObject("Pricing-Test Plan Regresión Core/Page_Visualizar COMPLEMENTOS/IconoHojaClonarComplemento"), 5): Object 'Object Repository/Pricing-Test Plan Regresión Core/Page_Visualizar COMPLEMENTOS/IconoHojaClonarComplemento' is present

09-12-2024T17:40:24 - [MESSAGE][PASSED] - Object 'Object Repository/Pricing-Test Plan Regresión Core/Page_Visualizar COMPLEMENTOS/IconoHojaClonarComplemento' is present

09-12-2024T17:40:24 - [TEST_STEP][PASSED] - verifyElementPresent(findTestObject("Pricing-Test Plan Regresión Core/Page_Visualizar COMPLEMENTOS/IconoHojaClonarComplemento"), 5): Object 'Object Repository/Pricing-Test Plan Regresión Core/Page_Visualizar COMPLEMENTOS/IconoHojaClonarComplemento' is present

09-12-2024T17:40:25 - [MESSAGE][PASSED] - Object 'Object Repository/Pricing-Test Plan Regresión Core/Page_Visualizar COMPLEMENTOS/IconoHojaClonarComplemento' is present

09-12-2024T17:40:25 - [TEST_STEP][PASSED] - doubleClick(findTestObject("Pricing-Test Plan Regresión Core/Page_Visualizar COMPLEMENTOS/IconoHojaClonarComplemento")): Object: 'Object Repository/Pricing-Test Plan Regresión Core/Page_Visualizar COMPLEMENTOS/IconoHojaClonarComplemento' is double clicked on

09-12-2024T17:40:30 - [MESSAGE][PASSED] - Object: 'Object Repository/Pricing-Test Plan Regresión Core/Page_Visualizar COMPLEMENTOS/IconoHojaClonarComplemento' is double clicked on

09-12-2024T17:40:30 - [TEST_STEP][PASSED] - focus(findTestObject("Pricing-Test Plan Regresión Core/Page_Visualizar COMPLEMENTOS/button_CancelarClonar")): Object: 'Object Repository/Pricing-Test Plan Regresión Core/Page_Visualizar COMPLEMENTOS/button_CancelarClonar' is focused

09-12-2024T17:40:31 - [MESSAGE][PASSED] - Object: 'Object Repository/Pricing-Test Plan Regresión Core/Page_Visualizar COMPLEMENTOS/button_CancelarClonar' is focused

09-12-2024T17:40:31 - [TEST_STEP][PASSED] - waitForElementPresent(findTestObject("Pricing-Test Plan Regresión Core/Page_Visualizar COMPLEMENTOS/button_CancelarClonar"), 5): Object 'Object Repository/Pricing-Test Plan Regresión Core/Page_Visualizar COMPLEMENTOS/button_CancelarClonar' is present

09-12-2024T17:40:31 - [MESSAGE][PASSED] - Object 'Object Repository/Pricing-Test Plan Regresión Core/Page_Visualizar COMPLEMENTOS/button_CancelarClonar' is present

09-12-2024T17:40:31 - [TEST_STEP][PASSED] - verifyElementPresent(findTestObject("Pricing-Test Plan Regresión Core/Page_Visualizar COMPLEMENTOS/button_CancelarClonar"), 5): Object 'Object Repository/Pricing-Test Plan Regresión Core/Page_Visualizar COMPLEMENTOS/button_CancelarClonar' is present

09-12-2024T17:40:31 - [MESSAGE][PASSED] - Object 'Object Repository/Pricing-Test Plan Regresión Core/Page_Visualizar COMPLEMENTOS/button_CancelarClonar' is present

09-12-2024T17:40:31 - [TEST_STEP][PASSED] - takeScreenshot("P-25-2172"): Taking screenshot successfully

09-12-2024T17:40:31 - [MESSAGE][PASSED] - Taking screenshot successfully
[[ATTACHMENT|/Users/afernandezd/Katalon Studio/Pricing-PrimeraPrueba/Reports/20241209_173457/PRICING-Test Plan Regresi\u00F3n Core/20241209_173458/P-25-2172]]

09-12-2024T17:40:31 - [TEST_STEP][PASSED] - doubleClick(findTestObject("Pricing-Test Plan Regresión Core/Page_Visualizar COMPLEMENTOS/button_CancelarClonar")): Object: 'Object Repository/Pricing-Test Plan Regresión Core/Page_Visualizar COMPLEMENTOS/button_CancelarClonar' is double clicked on

09-12-2024T17:40:33 - [MESSAGE][PASSED] - Object: 'Object Repository/Pricing-Test Plan Regresión Core/Page_Visualizar COMPLEMENTOS/button_CancelarClonar' is double clicked on

09-12-2024T17:40:33 - [TEST_STEP][PASSED] - closeBrowser(): Browser is closed

09-12-2024T17:40:33 - [MESSAGE][PASSED] - Browser is closed]]></system-out>
         <system-err><![CDATA[]]></system-err>
      </testcase>
      <testcase name="Test Cases/PRICING-Test Plan Regresión Core/P25-2186-POLITICAS-Visualizar Politica Combustible" time="26.418" classname="Test Cases/PRICING-Test Plan Regresión Core/P25-2186-POLITICAS-Visualizar Politica Combustible" status="PASSED">
         <system-out><![CDATA[09-12-2024T17:40:33 - [TEST_CASE][PASSED] - Test Cases/PRICING-Test Plan Regresión Core/P25-2186-POLITICAS-Visualizar Politica Combustible: Test Cases/PRICING-Test Plan Regresión Core/P25-2186-POLITICAS-Visualizar Politica Combustible

09-12-2024T17:40:33 - [TEST_STEP][PASSED] - openBrowser(""): Browser is opened with url: ''

09-12-2024T17:40:33 - [MESSAGE][INFO] - Starting 'Chrome' driver

09-12-2024T17:40:33 - [MESSAGE][INFO] - Action delay is set to 0 milliseconds

09-12-2024T17:40:34 - [MESSAGE][PASSED] - Browser is opened with url: ''

09-12-2024T17:40:34 - [TEST_STEP][PASSED] - navigateToUrl("https://pre-sales.recordgo.cloud/login"): Navigate to 'https://pre-sales.recordgo.cloud/login' successfully

09-12-2024T17:40:41 - [MESSAGE][PASSED] - Navigate to 'https://pre-sales.recordgo.cloud/login' successfully

09-12-2024T17:40:41 - [TEST_STEP][PASSED] - maximizeWindow(): Current window maximized

09-12-2024T17:40:41 - [MESSAGE][PASSED] - Current window maximized

09-12-2024T17:40:41 - [TEST_STEP][PASSED] - setText(findTestObject("Pricing-Test Plan Regresión Core/Page_Login/input_Log in to your account__username"), "antonio.diego"): Text 'antonio.diego' is set on object 'Object Repository/Pricing-Test Plan Regresión Core/Page_Login/input_Log in to your account__username'

09-12-2024T17:40:42 - [MESSAGE][PASSED] - Text 'antonio.diego' is set on object 'Object Repository/Pricing-Test Plan Regresión Core/Page_Login/input_Log in to your account__username'

09-12-2024T17:40:42 - [TEST_STEP][PASSED] - setEncryptedText(findTestObject("Object Repository/Pricing-Test Plan Regresión Core/Page_Login/input_Log in to your account__password"), "4WoE78dHD36JvULd0ZrVWg=="): Text ****** has been set on object 'Object Repository/Pricing-Test Plan Regresión Core/Page_Login/input_Log in to your account__password'

09-12-2024T17:40:42 - [MESSAGE][PASSED] - Text ****** has been set on object 'Object Repository/Pricing-Test Plan Regresión Core/Page_Login/input_Log in to your account__password'

09-12-2024T17:40:42 - [TEST_STEP][PASSED] - selectOptionByValue(findTestObject("Object Repository/Pricing-Test Plan Regresión Core/Page_Login/select_Select an option CANARY ISLAND"), "IC", true): All options with value 'IC' are selected in object 'Object Repository/Pricing-Test Plan Regresión Core/Page_Login/select_Select an option CANARY ISLAND'  using regular expression

09-12-2024T17:40:43 - [MESSAGE][PASSED] - All options with value 'IC' are selected in object 'Object Repository/Pricing-Test Plan Regresión Core/Page_Login/select_Select an option CANARY ISLAND'  using regular expression

09-12-2024T17:40:43 - [TEST_STEP][PASSED] - click(findTestObject("Pricing-Test Plan Regresión Core/Page_Login/button_Login")): Object: 'Object Repository/Pricing-Test Plan Regresión Core/Page_Login/button_Login' is clicked on

09-12-2024T17:40:45 - [MESSAGE][PASSED] - Object: 'Object Repository/Pricing-Test Plan Regresión Core/Page_Login/button_Login' is clicked on

09-12-2024T17:40:45 - [TEST_STEP][PASSED] - waitForElementVisible(findTestObject("Pricing-Test Plan Regresión Core/Page_PRICING/img"), 5): Object 'Object Repository/Pricing-Test Plan Regresión Core/Page_PRICING/img' is visible

09-12-2024T17:40:45 - [MESSAGE][PASSED] - Object 'Object Repository/Pricing-Test Plan Regresión Core/Page_PRICING/img' is visible

09-12-2024T17:40:45 - [TEST_STEP][PASSED] - waitForElementPresent(findTestObject("Pricing-Test Plan Regresión Core/Page_POLITICAS/span_POLITICAS"), 5): Object 'Object Repository/Pricing-Test Plan Regresión Core/Page_POLITICAS/span_POLITICAS' is present

09-12-2024T17:40:46 - [MESSAGE][PASSED] - Object 'Object Repository/Pricing-Test Plan Regresión Core/Page_POLITICAS/span_POLITICAS' is present

09-12-2024T17:40:46 - [TEST_STEP][PASSED] - verifyElementPresent(findTestObject("Pricing-Test Plan Regresión Core/Page_POLITICAS/span_POLITICAS"), 5): Object 'Object Repository/Pricing-Test Plan Regresión Core/Page_POLITICAS/span_POLITICAS' is present

09-12-2024T17:40:46 - [MESSAGE][PASSED] - Object 'Object Repository/Pricing-Test Plan Regresión Core/Page_POLITICAS/span_POLITICAS' is present

09-12-2024T17:40:46 - [TEST_STEP][PASSED] - click(findTestObject("Pricing-Test Plan Regresión Core/Page_POLITICAS/span_POLITICAS")): Object: 'Object Repository/Pricing-Test Plan Regresión Core/Page_POLITICAS/span_POLITICAS' is clicked on

09-12-2024T17:40:46 - [MESSAGE][PASSED] - Object: 'Object Repository/Pricing-Test Plan Regresión Core/Page_POLITICAS/span_POLITICAS' is clicked on

09-12-2024T17:40:46 - [TEST_STEP][PASSED] - waitForElementPresent(findTestObject("Pricing-Test Plan Regresión Core/Page_POLITICAS/span_Combustible"), 5): Object 'Object Repository/Pricing-Test Plan Regresión Core/Page_POLITICAS/span_Combustible' is present

09-12-2024T17:40:46 - [MESSAGE][PASSED] - Object 'Object Repository/Pricing-Test Plan Regresión Core/Page_POLITICAS/span_Combustible' is present

09-12-2024T17:40:46 - [TEST_STEP][PASSED] - verifyElementPresent(findTestObject("Pricing-Test Plan Regresión Core/Page_POLITICAS/span_Combustible"), 5): Object 'Object Repository/Pricing-Test Plan Regresión Core/Page_POLITICAS/span_Combustible' is present

09-12-2024T17:40:46 - [MESSAGE][PASSED] - Object 'Object Repository/Pricing-Test Plan Regresión Core/Page_POLITICAS/span_Combustible' is present

09-12-2024T17:40:46 - [TEST_STEP][PASSED] - click(findTestObject("Pricing-Test Plan Regresión Core/Page_POLITICAS/span_Combustible")): Object: 'Object Repository/Pricing-Test Plan Regresión Core/Page_POLITICAS/span_Combustible' is clicked on

09-12-2024T17:40:47 - [MESSAGE][PASSED] - Object: 'Object Repository/Pricing-Test Plan Regresión Core/Page_POLITICAS/span_Combustible' is clicked on

09-12-2024T17:40:47 - [TEST_STEP][PASSED] - waitForElementPresent(findTestObject("Pricing-Test Plan Regresión Core/Page_POLITICAS/span_VisualizarmodificarComb"), 5): Object 'Object Repository/Pricing-Test Plan Regresión Core/Page_POLITICAS/span_VisualizarmodificarComb' is present

09-12-2024T17:40:47 - [MESSAGE][PASSED] - Object 'Object Repository/Pricing-Test Plan Regresión Core/Page_POLITICAS/span_VisualizarmodificarComb' is present

09-12-2024T17:40:47 - [TEST_STEP][PASSED] - verifyElementPresent(findTestObject("Pricing-Test Plan Regresión Core/Page_POLITICAS/span_VisualizarmodificarComb"), 5): Object 'Object Repository/Pricing-Test Plan Regresión Core/Page_POLITICAS/span_VisualizarmodificarComb' is present

09-12-2024T17:40:47 - [MESSAGE][PASSED] - Object 'Object Repository/Pricing-Test Plan Regresión Core/Page_POLITICAS/span_VisualizarmodificarComb' is present

09-12-2024T17:40:47 - [TEST_STEP][PASSED] - click(findTestObject("Pricing-Test Plan Regresión Core/Page_POLITICAS/span_VisualizarmodificarComb")): Object: 'Object Repository/Pricing-Test Plan Regresión Core/Page_POLITICAS/span_VisualizarmodificarComb' is clicked on

09-12-2024T17:40:49 - [MESSAGE][PASSED] - Object: 'Object Repository/Pricing-Test Plan Regresión Core/Page_POLITICAS/span_VisualizarmodificarComb' is clicked on

09-12-2024T17:40:49 - [TEST_STEP][PASSED] - waitForElementPresent(findTestObject("Pricing-Test Plan Regresión Core/Page_Visualizar PRODUCTOS/h1_Registros totales"), 5): Object 'Object Repository/Pricing-Test Plan Regresión Core/Page_Visualizar PRODUCTOS/h1_Registros totales' is present

09-12-2024T17:40:49 - [MESSAGE][PASSED] - Object 'Object Repository/Pricing-Test Plan Regresión Core/Page_Visualizar PRODUCTOS/h1_Registros totales' is present

09-12-2024T17:40:49 - [TEST_STEP][PASSED] - verifyElementPresent(findTestObject("Pricing-Test Plan Regresión Core/Page_Visualizar PRODUCTOS/h1_Registros totales"), 5): Object 'Object Repository/Pricing-Test Plan Regresión Core/Page_Visualizar PRODUCTOS/h1_Registros totales' is present

09-12-2024T17:40:50 - [MESSAGE][PASSED] - Object 'Object Repository/Pricing-Test Plan Regresión Core/Page_Visualizar PRODUCTOS/h1_Registros totales' is present

09-12-2024T17:40:50 - [TEST_STEP][PASSED] - verifyElementPresent(findTestObject("Object Repository/Pricing-Test Plan Regresión Core/Page_Visualizar COMPLEMENTOS/button_Filtros"), 5): Object 'Object Repository/Pricing-Test Plan Regresión Core/Page_Visualizar COMPLEMENTOS/button_Filtros' is present

09-12-2024T17:40:50 - [MESSAGE][PASSED] - Object 'Object Repository/Pricing-Test Plan Regresión Core/Page_Visualizar COMPLEMENTOS/button_Filtros' is present

09-12-2024T17:40:50 - [TEST_STEP][PASSED] - waitForElementPresent(findTestObject("Pricing-Test Plan Regresión Core/Page_Visualizar COMPLEMENTOS/Button_Filtros_Desplegable"), 5): Object 'Object Repository/Pricing-Test Plan Regresión Core/Page_Visualizar COMPLEMENTOS/Button_Filtros_Desplegable' is present

09-12-2024T17:40:50 - [MESSAGE][PASSED] - Object 'Object Repository/Pricing-Test Plan Regresión Core/Page_Visualizar COMPLEMENTOS/Button_Filtros_Desplegable' is present

09-12-2024T17:40:50 - [TEST_STEP][PASSED] - takeScreenshot("P-25-2186"): Taking screenshot successfully

09-12-2024T17:40:50 - [MESSAGE][PASSED] - Taking screenshot successfully
[[ATTACHMENT|/Users/afernandezd/Katalon Studio/Pricing-PrimeraPrueba/Reports/20241209_173457/PRICING-Test Plan Regresi\u00F3n Core/20241209_173458/P-25-2186]]

09-12-2024T17:40:50 - [TEST_STEP][PASSED] - waitForElementPresent(findTestObject("Pricing-Test Plan Regresión Core/Page_Visualizar COMPLEMENTOS/button_Filtros"), 5): Object 'Object Repository/Pricing-Test Plan Regresión Core/Page_Visualizar COMPLEMENTOS/button_Filtros' is present

09-12-2024T17:40:50 - [MESSAGE][PASSED] - Object 'Object Repository/Pricing-Test Plan Regresión Core/Page_Visualizar COMPLEMENTOS/button_Filtros' is present

09-12-2024T17:40:50 - [TEST_STEP][PASSED] - waitForElementPresent(findTestObject("Pricing-Test Plan Regresión Core/Page_Visualizar COMPLEMENTOS/i_active_flaticon-eye"), 5): Object 'Object Repository/Pricing-Test Plan Regresión Core/Page_Visualizar COMPLEMENTOS/i_active_flaticon-eye' is present

09-12-2024T17:40:51 - [MESSAGE][PASSED] - Object 'Object Repository/Pricing-Test Plan Regresión Core/Page_Visualizar COMPLEMENTOS/i_active_flaticon-eye' is present

09-12-2024T17:40:51 - [TEST_STEP][PASSED] - verifyElementClickable(findTestObject("Pricing-Test Plan Regresión Core/Page_Visualizar COMPLEMENTOS/i_active_flaticon-eye"), STOP_ON_FAILURE): Object 'Object Repository/Pricing-Test Plan Regresión Core/Page_Visualizar COMPLEMENTOS/i_active_flaticon-eye' is clickable

09-12-2024T17:40:51 - [MESSAGE][PASSED] - Object 'Object Repository/Pricing-Test Plan Regresión Core/Page_Visualizar COMPLEMENTOS/i_active_flaticon-eye' is clickable

09-12-2024T17:40:51 - [TEST_STEP][PASSED] - doubleClick(findTestObject("Pricing-Test Plan Regresión Core/Page_Visualizar COMPLEMENTOS/i_active_flaticon-eye")): Object: 'Object Repository/Pricing-Test Plan Regresión Core/Page_Visualizar COMPLEMENTOS/i_active_flaticon-eye' is double clicked on

09-12-2024T17:40:52 - [MESSAGE][PASSED] - Object: 'Object Repository/Pricing-Test Plan Regresión Core/Page_Visualizar COMPLEMENTOS/i_active_flaticon-eye' is double clicked on

09-12-2024T17:40:52 - [TEST_STEP][PASSED] - waitForElementPresent(findTestObject("Pricing-Test Plan Regresión Core/Page_POLITICAS/h3_Política de combustible"), 5): Object 'Object Repository/Pricing-Test Plan Regresión Core/Page_POLITICAS/h3_Política de combustible' is present

09-12-2024T17:40:53 - [MESSAGE][PASSED] - Object 'Object Repository/Pricing-Test Plan Regresión Core/Page_POLITICAS/h3_Política de combustible' is present

09-12-2024T17:40:53 - [TEST_STEP][PASSED] - verifyElementPresent(findTestObject("Pricing-Test Plan Regresión Core/Page_POLITICAS/h3_Política de combustible"), 5): Object 'Object Repository/Pricing-Test Plan Regresión Core/Page_POLITICAS/h3_Política de combustible' is present

09-12-2024T17:40:53 - [MESSAGE][PASSED] - Object 'Object Repository/Pricing-Test Plan Regresión Core/Page_POLITICAS/h3_Política de combustible' is present

09-12-2024T17:40:53 - [TEST_STEP][PASSED] - waitForElementPresent(findTestObject("Pricing-Test Plan Regresión Core/Page_POLITICAS/a_Ir a listado"), 5): Object 'Object Repository/Pricing-Test Plan Regresión Core/Page_POLITICAS/a_Ir a listado' is present

09-12-2024T17:40:53 - [MESSAGE][PASSED] - Object 'Object Repository/Pricing-Test Plan Regresión Core/Page_POLITICAS/a_Ir a listado' is present

09-12-2024T17:40:53 - [TEST_STEP][PASSED] - waitForElementClickable(findTestObject("Pricing-Test Plan Regresión Core/Page_Visualizar COMPLEMENTOS/a_Ir al listado"), 5): Web element with id: 'Object Repository/Pricing-Test Plan Regresión Core/Page_Visualizar COMPLEMENTOS/a_Ir al listado' located by '//a[@class = 'btn btn-secondary' and (text() = 'Ir al listado' or . = 'Ir al listado')]' not found

09-12-2024T17:40:59 - [MESSAGE][INFO] - Unable to find the element located by 'By.xpath: //a[@class = 'btn btn-secondary' and (text() = 'Ir al listado' or . = 'Ir al listado')]'. Please recheck the objects properties to make sure the desired element is located. 

09-12-2024T17:40:59 - [MESSAGE][WARNING] - Web element with id: 'Object Repository/Pricing-Test Plan Regresión Core/Page_Visualizar COMPLEMENTOS/a_Ir al listado' located by '//a[@class = 'btn btn-secondary' and (text() = 'Ir al listado' or . = 'Ir al listado')]' not found

09-12-2024T17:40:59 - [TEST_STEP][PASSED] - closeBrowser(): Browser is closed

09-12-2024T17:41:00 - [MESSAGE][PASSED] - Browser is closed]]></system-out>
         <system-err><![CDATA[]]></system-err>
      </testcase>
      <testcase name="Test Cases/PRICING-Test Plan Regresión Core/P25-2186-POLITICAS-Visualizar Politica Combustible" time="26.288" classname="Test Cases/PRICING-Test Plan Regresión Core/P25-2186-POLITICAS-Visualizar Politica Combustible" status="PASSED">
         <system-out><![CDATA[09-12-2024T17:41:00 - [TEST_CASE][PASSED] - Test Cases/PRICING-Test Plan Regresión Core/P25-2186-POLITICAS-Visualizar Politica Combustible: Test Cases/PRICING-Test Plan Regresión Core/P25-2186-POLITICAS-Visualizar Politica Combustible

09-12-2024T17:41:00 - [TEST_STEP][PASSED] - openBrowser(""): Browser is opened with url: ''

09-12-2024T17:41:00 - [MESSAGE][INFO] - Starting 'Chrome' driver

09-12-2024T17:41:00 - [MESSAGE][INFO] - Action delay is set to 0 milliseconds

09-12-2024T17:41:00 - [MESSAGE][PASSED] - Browser is opened with url: ''

09-12-2024T17:41:00 - [TEST_STEP][PASSED] - navigateToUrl("https://pre-sales.recordgo.cloud/login"): Navigate to 'https://pre-sales.recordgo.cloud/login' successfully

09-12-2024T17:41:08 - [MESSAGE][PASSED] - Navigate to 'https://pre-sales.recordgo.cloud/login' successfully

09-12-2024T17:41:08 - [TEST_STEP][PASSED] - maximizeWindow(): Current window maximized

09-12-2024T17:41:09 - [MESSAGE][PASSED] - Current window maximized

09-12-2024T17:41:09 - [TEST_STEP][PASSED] - setText(findTestObject("Pricing-Test Plan Regresión Core/Page_Login/input_Log in to your account__username"), "antonio.diego"): Text 'antonio.diego' is set on object 'Object Repository/Pricing-Test Plan Regresión Core/Page_Login/input_Log in to your account__username'

09-12-2024T17:41:09 - [MESSAGE][PASSED] - Text 'antonio.diego' is set on object 'Object Repository/Pricing-Test Plan Regresión Core/Page_Login/input_Log in to your account__username'

09-12-2024T17:41:09 - [TEST_STEP][PASSED] - setEncryptedText(findTestObject("Object Repository/Pricing-Test Plan Regresión Core/Page_Login/input_Log in to your account__password"), "4WoE78dHD36JvULd0ZrVWg=="): Text ****** has been set on object 'Object Repository/Pricing-Test Plan Regresión Core/Page_Login/input_Log in to your account__password'

09-12-2024T17:41:09 - [MESSAGE][PASSED] - Text ****** has been set on object 'Object Repository/Pricing-Test Plan Regresión Core/Page_Login/input_Log in to your account__password'

09-12-2024T17:41:09 - [TEST_STEP][PASSED] - selectOptionByValue(findTestObject("Object Repository/Pricing-Test Plan Regresión Core/Page_Login/select_Select an option CANARY ISLAND"), "IC", true): All options with value 'IC' are selected in object 'Object Repository/Pricing-Test Plan Regresión Core/Page_Login/select_Select an option CANARY ISLAND'  using regular expression

09-12-2024T17:41:10 - [MESSAGE][PASSED] - All options with value 'IC' are selected in object 'Object Repository/Pricing-Test Plan Regresión Core/Page_Login/select_Select an option CANARY ISLAND'  using regular expression

09-12-2024T17:41:10 - [TEST_STEP][PASSED] - click(findTestObject("Pricing-Test Plan Regresión Core/Page_Login/button_Login")): Object: 'Object Repository/Pricing-Test Plan Regresión Core/Page_Login/button_Login' is clicked on

09-12-2024T17:41:12 - [MESSAGE][PASSED] - Object: 'Object Repository/Pricing-Test Plan Regresión Core/Page_Login/button_Login' is clicked on

09-12-2024T17:41:12 - [TEST_STEP][PASSED] - waitForElementVisible(findTestObject("Pricing-Test Plan Regresión Core/Page_PRICING/img"), 5): Object 'Object Repository/Pricing-Test Plan Regresión Core/Page_PRICING/img' is visible

09-12-2024T17:41:12 - [MESSAGE][PASSED] - Object 'Object Repository/Pricing-Test Plan Regresión Core/Page_PRICING/img' is visible

09-12-2024T17:41:12 - [TEST_STEP][PASSED] - waitForElementPresent(findTestObject("Pricing-Test Plan Regresión Core/Page_POLITICAS/span_POLITICAS"), 5): Object 'Object Repository/Pricing-Test Plan Regresión Core/Page_POLITICAS/span_POLITICAS' is present

09-12-2024T17:41:13 - [MESSAGE][PASSED] - Object 'Object Repository/Pricing-Test Plan Regresión Core/Page_POLITICAS/span_POLITICAS' is present

09-12-2024T17:41:13 - [TEST_STEP][PASSED] - verifyElementPresent(findTestObject("Pricing-Test Plan Regresión Core/Page_POLITICAS/span_POLITICAS"), 5): Object 'Object Repository/Pricing-Test Plan Regresión Core/Page_POLITICAS/span_POLITICAS' is present

09-12-2024T17:41:13 - [MESSAGE][PASSED] - Object 'Object Repository/Pricing-Test Plan Regresión Core/Page_POLITICAS/span_POLITICAS' is present

09-12-2024T17:41:13 - [TEST_STEP][PASSED] - click(findTestObject("Pricing-Test Plan Regresión Core/Page_POLITICAS/span_POLITICAS")): Object: 'Object Repository/Pricing-Test Plan Regresión Core/Page_POLITICAS/span_POLITICAS' is clicked on

09-12-2024T17:41:13 - [MESSAGE][PASSED] - Object: 'Object Repository/Pricing-Test Plan Regresión Core/Page_POLITICAS/span_POLITICAS' is clicked on

09-12-2024T17:41:13 - [TEST_STEP][PASSED] - waitForElementPresent(findTestObject("Pricing-Test Plan Regresión Core/Page_POLITICAS/span_Combustible"), 5): Object 'Object Repository/Pricing-Test Plan Regresión Core/Page_POLITICAS/span_Combustible' is present

09-12-2024T17:41:13 - [MESSAGE][PASSED] - Object 'Object Repository/Pricing-Test Plan Regresión Core/Page_POLITICAS/span_Combustible' is present

09-12-2024T17:41:13 - [TEST_STEP][PASSED] - verifyElementPresent(findTestObject("Pricing-Test Plan Regresión Core/Page_POLITICAS/span_Combustible"), 5): Object 'Object Repository/Pricing-Test Plan Regresión Core/Page_POLITICAS/span_Combustible' is present

09-12-2024T17:41:14 - [MESSAGE][PASSED] - Object 'Object Repository/Pricing-Test Plan Regresión Core/Page_POLITICAS/span_Combustible' is present

09-12-2024T17:41:14 - [TEST_STEP][PASSED] - click(findTestObject("Pricing-Test Plan Regresión Core/Page_POLITICAS/span_Combustible")): Object: 'Object Repository/Pricing-Test Plan Regresión Core/Page_POLITICAS/span_Combustible' is clicked on

09-12-2024T17:41:14 - [MESSAGE][PASSED] - Object: 'Object Repository/Pricing-Test Plan Regresión Core/Page_POLITICAS/span_Combustible' is clicked on

09-12-2024T17:41:14 - [TEST_STEP][PASSED] - waitForElementPresent(findTestObject("Pricing-Test Plan Regresión Core/Page_POLITICAS/span_VisualizarmodificarComb"), 5): Object 'Object Repository/Pricing-Test Plan Regresión Core/Page_POLITICAS/span_VisualizarmodificarComb' is present

09-12-2024T17:41:14 - [MESSAGE][PASSED] - Object 'Object Repository/Pricing-Test Plan Regresión Core/Page_POLITICAS/span_VisualizarmodificarComb' is present

09-12-2024T17:41:14 - [TEST_STEP][PASSED] - verifyElementPresent(findTestObject("Pricing-Test Plan Regresión Core/Page_POLITICAS/span_VisualizarmodificarComb"), 5): Object 'Object Repository/Pricing-Test Plan Regresión Core/Page_POLITICAS/span_VisualizarmodificarComb' is present

09-12-2024T17:41:14 - [MESSAGE][PASSED] - Object 'Object Repository/Pricing-Test Plan Regresión Core/Page_POLITICAS/span_VisualizarmodificarComb' is present

09-12-2024T17:41:14 - [TEST_STEP][PASSED] - click(findTestObject("Pricing-Test Plan Regresión Core/Page_POLITICAS/span_VisualizarmodificarComb")): Object: 'Object Repository/Pricing-Test Plan Regresión Core/Page_POLITICAS/span_VisualizarmodificarComb' is clicked on

09-12-2024T17:41:15 - [MESSAGE][PASSED] - Object: 'Object Repository/Pricing-Test Plan Regresión Core/Page_POLITICAS/span_VisualizarmodificarComb' is clicked on

09-12-2024T17:41:15 - [TEST_STEP][PASSED] - waitForElementPresent(findTestObject("Pricing-Test Plan Regresión Core/Page_Visualizar PRODUCTOS/h1_Registros totales"), 5): Object 'Object Repository/Pricing-Test Plan Regresión Core/Page_Visualizar PRODUCTOS/h1_Registros totales' is present

09-12-2024T17:41:16 - [MESSAGE][PASSED] - Object 'Object Repository/Pricing-Test Plan Regresión Core/Page_Visualizar PRODUCTOS/h1_Registros totales' is present

09-12-2024T17:41:16 - [TEST_STEP][PASSED] - verifyElementPresent(findTestObject("Pricing-Test Plan Regresión Core/Page_Visualizar PRODUCTOS/h1_Registros totales"), 5): Object 'Object Repository/Pricing-Test Plan Regresión Core/Page_Visualizar PRODUCTOS/h1_Registros totales' is present

09-12-2024T17:41:16 - [MESSAGE][PASSED] - Object 'Object Repository/Pricing-Test Plan Regresión Core/Page_Visualizar PRODUCTOS/h1_Registros totales' is present

09-12-2024T17:41:16 - [TEST_STEP][PASSED] - verifyElementPresent(findTestObject("Object Repository/Pricing-Test Plan Regresión Core/Page_Visualizar COMPLEMENTOS/button_Filtros"), 5): Object 'Object Repository/Pricing-Test Plan Regresión Core/Page_Visualizar COMPLEMENTOS/button_Filtros' is present

09-12-2024T17:41:16 - [MESSAGE][PASSED] - Object 'Object Repository/Pricing-Test Plan Regresión Core/Page_Visualizar COMPLEMENTOS/button_Filtros' is present

09-12-2024T17:41:16 - [TEST_STEP][PASSED] - waitForElementPresent(findTestObject("Pricing-Test Plan Regresión Core/Page_Visualizar COMPLEMENTOS/Button_Filtros_Desplegable"), 5): Object 'Object Repository/Pricing-Test Plan Regresión Core/Page_Visualizar COMPLEMENTOS/Button_Filtros_Desplegable' is present

09-12-2024T17:41:16 - [MESSAGE][PASSED] - Object 'Object Repository/Pricing-Test Plan Regresión Core/Page_Visualizar COMPLEMENTOS/Button_Filtros_Desplegable' is present

09-12-2024T17:41:16 - [TEST_STEP][PASSED] - takeScreenshot("P-25-2186"): Taking screenshot successfully

09-12-2024T17:41:17 - [MESSAGE][PASSED] - Taking screenshot successfully
[[ATTACHMENT|/Users/afernandezd/Katalon Studio/Pricing-PrimeraPrueba/Reports/20241209_173457/PRICING-Test Plan Regresi\u00F3n Core/20241209_173458/P-25-2186]]

09-12-2024T17:41:17 - [TEST_STEP][PASSED] - waitForElementPresent(findTestObject("Pricing-Test Plan Regresión Core/Page_Visualizar COMPLEMENTOS/button_Filtros"), 5): Object 'Object Repository/Pricing-Test Plan Regresión Core/Page_Visualizar COMPLEMENTOS/button_Filtros' is present

09-12-2024T17:41:17 - [MESSAGE][PASSED] - Object 'Object Repository/Pricing-Test Plan Regresión Core/Page_Visualizar COMPLEMENTOS/button_Filtros' is present

09-12-2024T17:41:17 - [TEST_STEP][PASSED] - waitForElementPresent(findTestObject("Pricing-Test Plan Regresión Core/Page_Visualizar COMPLEMENTOS/i_active_flaticon-eye"), 5): Object 'Object Repository/Pricing-Test Plan Regresión Core/Page_Visualizar COMPLEMENTOS/i_active_flaticon-eye' is present

09-12-2024T17:41:17 - [MESSAGE][PASSED] - Object 'Object Repository/Pricing-Test Plan Regresión Core/Page_Visualizar COMPLEMENTOS/i_active_flaticon-eye' is present

09-12-2024T17:41:17 - [TEST_STEP][PASSED] - verifyElementClickable(findTestObject("Pricing-Test Plan Regresión Core/Page_Visualizar COMPLEMENTOS/i_active_flaticon-eye"), STOP_ON_FAILURE): Object 'Object Repository/Pricing-Test Plan Regresión Core/Page_Visualizar COMPLEMENTOS/i_active_flaticon-eye' is clickable

09-12-2024T17:41:17 - [MESSAGE][PASSED] - Object 'Object Repository/Pricing-Test Plan Regresión Core/Page_Visualizar COMPLEMENTOS/i_active_flaticon-eye' is clickable

09-12-2024T17:41:17 - [TEST_STEP][PASSED] - doubleClick(findTestObject("Pricing-Test Plan Regresión Core/Page_Visualizar COMPLEMENTOS/i_active_flaticon-eye")): Object: 'Object Repository/Pricing-Test Plan Regresión Core/Page_Visualizar COMPLEMENTOS/i_active_flaticon-eye' is double clicked on

09-12-2024T17:41:19 - [MESSAGE][PASSED] - Object: 'Object Repository/Pricing-Test Plan Regresión Core/Page_Visualizar COMPLEMENTOS/i_active_flaticon-eye' is double clicked on

09-12-2024T17:41:19 - [TEST_STEP][PASSED] - waitForElementPresent(findTestObject("Pricing-Test Plan Regresión Core/Page_POLITICAS/h3_Política de combustible"), 5): Object 'Object Repository/Pricing-Test Plan Regresión Core/Page_POLITICAS/h3_Política de combustible' is present

09-12-2024T17:41:19 - [MESSAGE][PASSED] - Object 'Object Repository/Pricing-Test Plan Regresión Core/Page_POLITICAS/h3_Política de combustible' is present

09-12-2024T17:41:19 - [TEST_STEP][PASSED] - verifyElementPresent(findTestObject("Pricing-Test Plan Regresión Core/Page_POLITICAS/h3_Política de combustible"), 5): Object 'Object Repository/Pricing-Test Plan Regresión Core/Page_POLITICAS/h3_Política de combustible' is present

09-12-2024T17:41:19 - [MESSAGE][PASSED] - Object 'Object Repository/Pricing-Test Plan Regresión Core/Page_POLITICAS/h3_Política de combustible' is present

09-12-2024T17:41:19 - [TEST_STEP][PASSED] - waitForElementPresent(findTestObject("Pricing-Test Plan Regresión Core/Page_POLITICAS/a_Ir a listado"), 5): Object 'Object Repository/Pricing-Test Plan Regresión Core/Page_POLITICAS/a_Ir a listado' is present

09-12-2024T17:41:20 - [MESSAGE][PASSED] - Object 'Object Repository/Pricing-Test Plan Regresión Core/Page_POLITICAS/a_Ir a listado' is present

09-12-2024T17:41:20 - [TEST_STEP][PASSED] - waitForElementClickable(findTestObject("Pricing-Test Plan Regresión Core/Page_Visualizar COMPLEMENTOS/a_Ir al listado"), 5): Web element with id: 'Object Repository/Pricing-Test Plan Regresión Core/Page_Visualizar COMPLEMENTOS/a_Ir al listado' located by '//a[@class = 'btn btn-secondary' and (text() = 'Ir al listado' or . = 'Ir al listado')]' not found

09-12-2024T17:41:26 - [MESSAGE][INFO] - Unable to find the element located by 'By.xpath: //a[@class = 'btn btn-secondary' and (text() = 'Ir al listado' or . = 'Ir al listado')]'. Please recheck the objects properties to make sure the desired element is located. 

09-12-2024T17:41:26 - [MESSAGE][WARNING] - Web element with id: 'Object Repository/Pricing-Test Plan Regresión Core/Page_Visualizar COMPLEMENTOS/a_Ir al listado' located by '//a[@class = 'btn btn-secondary' and (text() = 'Ir al listado' or . = 'Ir al listado')]' not found

09-12-2024T17:41:26 - [TEST_STEP][PASSED] - closeBrowser(): Browser is closed

09-12-2024T17:41:26 - [MESSAGE][PASSED] - Browser is closed]]></system-out>
         <system-err><![CDATA[]]></system-err>
      </testcase>
      <testcase name="Test Cases/PRICING-Test Plan Regresión Core/P25-2192-PTE-RCore-POLITICAS-Visualizar Politica Modificaciones" time="24.288" classname="Test Cases/PRICING-Test Plan Regresión Core/P25-2192-PTE-RCore-POLITICAS-Visualizar Politica Modificaciones" status="PASSED">
         <system-out><![CDATA[09-12-2024T17:41:26 - [TEST_CASE][PASSED] - Test Cases/PRICING-Test Plan Regresión Core/P25-2192-PTE-RCore-POLITICAS-Visualizar Politica Modificaciones: Test Cases/PRICING-Test Plan Regresión Core/P25-2192-PTE-RCore-POLITICAS-Visualizar Politica Modificaciones

09-12-2024T17:41:26 - [TEST_STEP][PASSED] - openBrowser(""): Browser is opened with url: ''

09-12-2024T17:41:26 - [MESSAGE][INFO] - Starting 'Chrome' driver

09-12-2024T17:41:26 - [MESSAGE][INFO] - Action delay is set to 0 milliseconds

09-12-2024T17:41:27 - [MESSAGE][PASSED] - Browser is opened with url: ''

09-12-2024T17:41:27 - [TEST_STEP][PASSED] - navigateToUrl("https://pre-sales.recordgo.cloud/login"): Navigate to 'https://pre-sales.recordgo.cloud/login' successfully

09-12-2024T17:41:32 - [MESSAGE][PASSED] - Navigate to 'https://pre-sales.recordgo.cloud/login' successfully

09-12-2024T17:41:32 - [TEST_STEP][PASSED] - maximizeWindow(): Current window maximized

09-12-2024T17:41:33 - [MESSAGE][PASSED] - Current window maximized

09-12-2024T17:41:33 - [TEST_STEP][PASSED] - setText(findTestObject("Pricing-Test Plan Regresión Core/Page_Login/input_Log in to your account__username"), "antonio.diego"): Text 'antonio.diego' is set on object 'Object Repository/Pricing-Test Plan Regresión Core/Page_Login/input_Log in to your account__username'

09-12-2024T17:41:33 - [MESSAGE][PASSED] - Text 'antonio.diego' is set on object 'Object Repository/Pricing-Test Plan Regresión Core/Page_Login/input_Log in to your account__username'

09-12-2024T17:41:33 - [TEST_STEP][PASSED] - setEncryptedText(findTestObject("Object Repository/Pricing-Test Plan Regresión Core/Page_Login/input_Log in to your account__password"), "4WoE78dHD36JvULd0ZrVWg=="): Text ****** has been set on object 'Object Repository/Pricing-Test Plan Regresión Core/Page_Login/input_Log in to your account__password'

09-12-2024T17:41:33 - [MESSAGE][PASSED] - Text ****** has been set on object 'Object Repository/Pricing-Test Plan Regresión Core/Page_Login/input_Log in to your account__password'

09-12-2024T17:41:33 - [TEST_STEP][PASSED] - selectOptionByValue(findTestObject("Object Repository/Pricing-Test Plan Regresión Core/Page_Login/select_Select an option CANARY ISLAND"), "IC", true): All options with value 'IC' are selected in object 'Object Repository/Pricing-Test Plan Regresión Core/Page_Login/select_Select an option CANARY ISLAND'  using regular expression

09-12-2024T17:41:34 - [MESSAGE][PASSED] - All options with value 'IC' are selected in object 'Object Repository/Pricing-Test Plan Regresión Core/Page_Login/select_Select an option CANARY ISLAND'  using regular expression

09-12-2024T17:41:34 - [TEST_STEP][PASSED] - click(findTestObject("Pricing-Test Plan Regresión Core/Page_Login/button_Login")): Object: 'Object Repository/Pricing-Test Plan Regresión Core/Page_Login/button_Login' is clicked on

09-12-2024T17:41:36 - [MESSAGE][PASSED] - Object: 'Object Repository/Pricing-Test Plan Regresión Core/Page_Login/button_Login' is clicked on

09-12-2024T17:41:36 - [TEST_STEP][PASSED] - waitForElementVisible(findTestObject("Pricing-Test Plan Regresión Core/Page_PRICING/img"), 5): Object 'Object Repository/Pricing-Test Plan Regresión Core/Page_PRICING/img' is visible

09-12-2024T17:41:37 - [MESSAGE][PASSED] - Object 'Object Repository/Pricing-Test Plan Regresión Core/Page_PRICING/img' is visible

09-12-2024T17:41:37 - [TEST_STEP][PASSED] - waitForElementPresent(findTestObject("Pricing-Test Plan Regresión Core/Page_POLITICAS/span_POLITICAS"), 5): Object 'Object Repository/Pricing-Test Plan Regresión Core/Page_POLITICAS/span_POLITICAS' is present

09-12-2024T17:41:37 - [MESSAGE][PASSED] - Object 'Object Repository/Pricing-Test Plan Regresión Core/Page_POLITICAS/span_POLITICAS' is present

09-12-2024T17:41:37 - [TEST_STEP][PASSED] - verifyElementPresent(findTestObject("Pricing-Test Plan Regresión Core/Page_POLITICAS/span_POLITICAS"), 5): Object 'Object Repository/Pricing-Test Plan Regresión Core/Page_POLITICAS/span_POLITICAS' is present

09-12-2024T17:41:37 - [MESSAGE][PASSED] - Object 'Object Repository/Pricing-Test Plan Regresión Core/Page_POLITICAS/span_POLITICAS' is present

09-12-2024T17:41:37 - [TEST_STEP][PASSED] - click(findTestObject("Pricing-Test Plan Regresión Core/Page_POLITICAS/span_POLITICAS")): Object: 'Object Repository/Pricing-Test Plan Regresión Core/Page_POLITICAS/span_POLITICAS' is clicked on

09-12-2024T17:41:37 - [MESSAGE][PASSED] - Object: 'Object Repository/Pricing-Test Plan Regresión Core/Page_POLITICAS/span_POLITICAS' is clicked on

09-12-2024T17:41:37 - [TEST_STEP][PASSED] - waitForElementPresent(findTestObject("Pricing-Test Plan Regresión Core/Page_POLITICAS/span_Modificaciones"), 5): Object 'Object Repository/Pricing-Test Plan Regresión Core/Page_POLITICAS/span_Modificaciones' is present

09-12-2024T17:41:37 - [MESSAGE][PASSED] - Object 'Object Repository/Pricing-Test Plan Regresión Core/Page_POLITICAS/span_Modificaciones' is present

09-12-2024T17:41:37 - [TEST_STEP][PASSED] - verifyElementPresent(findTestObject("Pricing-Test Plan Regresión Core/Page_POLITICAS/span_Modificaciones"), 5): Object 'Object Repository/Pricing-Test Plan Regresión Core/Page_POLITICAS/span_Modificaciones' is present

09-12-2024T17:41:38 - [MESSAGE][PASSED] - Object 'Object Repository/Pricing-Test Plan Regresión Core/Page_POLITICAS/span_Modificaciones' is present

09-12-2024T17:41:38 - [TEST_STEP][PASSED] - click(findTestObject("Pricing-Test Plan Regresión Core/Page_POLITICAS/span_Modificaciones")): Object: 'Object Repository/Pricing-Test Plan Regresión Core/Page_POLITICAS/span_Modificaciones' is clicked on

09-12-2024T17:41:38 - [MESSAGE][PASSED] - Object: 'Object Repository/Pricing-Test Plan Regresión Core/Page_POLITICAS/span_Modificaciones' is clicked on

09-12-2024T17:41:38 - [TEST_STEP][PASSED] - waitForElementPresent(findTestObject("Pricing-Test Plan Regresión Core/Page_POLITICAS/span_VisualizarmodificarMod"), 5): Object 'Object Repository/Pricing-Test Plan Regresión Core/Page_POLITICAS/span_VisualizarmodificarMod' is present

09-12-2024T17:41:38 - [MESSAGE][PASSED] - Object 'Object Repository/Pricing-Test Plan Regresión Core/Page_POLITICAS/span_VisualizarmodificarMod' is present

09-12-2024T17:41:38 - [TEST_STEP][PASSED] - verifyElementPresent(findTestObject("Pricing-Test Plan Regresión Core/Page_POLITICAS/span_VisualizarmodificarMod"), 5): Object 'Object Repository/Pricing-Test Plan Regresión Core/Page_POLITICAS/span_VisualizarmodificarMod' is present

09-12-2024T17:41:38 - [MESSAGE][PASSED] - Object 'Object Repository/Pricing-Test Plan Regresión Core/Page_POLITICAS/span_VisualizarmodificarMod' is present

09-12-2024T17:41:38 - [TEST_STEP][PASSED] - click(findTestObject("Pricing-Test Plan Regresión Core/Page_POLITICAS/span_VisualizarmodificarMod")): Object: 'Object Repository/Pricing-Test Plan Regresión Core/Page_POLITICAS/span_VisualizarmodificarMod' is clicked on

09-12-2024T17:41:39 - [MESSAGE][PASSED] - Object: 'Object Repository/Pricing-Test Plan Regresión Core/Page_POLITICAS/span_VisualizarmodificarMod' is clicked on

09-12-2024T17:41:39 - [TEST_STEP][PASSED] - waitForElementPresent(findTestObject("Pricing-Test Plan Regresión Core/Page_Visualizar PRODUCTOS/h1_Registros totales"), 5): Object 'Object Repository/Pricing-Test Plan Regresión Core/Page_Visualizar PRODUCTOS/h1_Registros totales' is present

09-12-2024T17:41:40 - [MESSAGE][PASSED] - Object 'Object Repository/Pricing-Test Plan Regresión Core/Page_Visualizar PRODUCTOS/h1_Registros totales' is present

09-12-2024T17:41:40 - [TEST_STEP][PASSED] - verifyElementPresent(findTestObject("Pricing-Test Plan Regresión Core/Page_Visualizar PRODUCTOS/h1_Registros totales"), 5): Object 'Object Repository/Pricing-Test Plan Regresión Core/Page_Visualizar PRODUCTOS/h1_Registros totales' is present

09-12-2024T17:41:40 - [MESSAGE][PASSED] - Object 'Object Repository/Pricing-Test Plan Regresión Core/Page_Visualizar PRODUCTOS/h1_Registros totales' is present

09-12-2024T17:41:40 - [TEST_STEP][PASSED] - verifyElementPresent(findTestObject("Object Repository/Pricing-Test Plan Regresión Core/Page_Visualizar COMPLEMENTOS/button_Filtros"), 5): Object 'Object Repository/Pricing-Test Plan Regresión Core/Page_Visualizar COMPLEMENTOS/button_Filtros' is present

09-12-2024T17:41:40 - [MESSAGE][PASSED] - Object 'Object Repository/Pricing-Test Plan Regresión Core/Page_Visualizar COMPLEMENTOS/button_Filtros' is present

09-12-2024T17:41:40 - [TEST_STEP][PASSED] - waitForElementPresent(findTestObject("Pricing-Test Plan Regresión Core/Page_Visualizar COMPLEMENTOS/Button_Filtros_Desplegable"), 5): Object 'Object Repository/Pricing-Test Plan Regresión Core/Page_Visualizar COMPLEMENTOS/Button_Filtros_Desplegable' is present

09-12-2024T17:41:40 - [MESSAGE][PASSED] - Object 'Object Repository/Pricing-Test Plan Regresión Core/Page_Visualizar COMPLEMENTOS/Button_Filtros_Desplegable' is present

09-12-2024T17:41:40 - [TEST_STEP][PASSED] - takeScreenshot("P-25-2186"): Taking screenshot successfully

09-12-2024T17:41:41 - [MESSAGE][PASSED] - Taking screenshot successfully
[[ATTACHMENT|/Users/afernandezd/Katalon Studio/Pricing-PrimeraPrueba/Reports/20241209_173457/PRICING-Test Plan Regresi\u00F3n Core/20241209_173458/P-25-2186]]

09-12-2024T17:41:41 - [TEST_STEP][PASSED] - waitForElementPresent(findTestObject("Pricing-Test Plan Regresión Core/Page_Visualizar COMPLEMENTOS/button_Filtros"), 5): Object 'Object Repository/Pricing-Test Plan Regresión Core/Page_Visualizar COMPLEMENTOS/button_Filtros' is present

09-12-2024T17:41:41 - [MESSAGE][PASSED] - Object 'Object Repository/Pricing-Test Plan Regresión Core/Page_Visualizar COMPLEMENTOS/button_Filtros' is present

09-12-2024T17:41:41 - [TEST_STEP][PASSED] - waitForElementPresent(findTestObject("Pricing-Test Plan Regresión Core/Page_Visualizar COMPLEMENTOS/i_active_flaticon-eye"), 5): Object 'Object Repository/Pricing-Test Plan Regresión Core/Page_Visualizar COMPLEMENTOS/i_active_flaticon-eye' is present

09-12-2024T17:41:41 - [MESSAGE][PASSED] - Object 'Object Repository/Pricing-Test Plan Regresión Core/Page_Visualizar COMPLEMENTOS/i_active_flaticon-eye' is present

09-12-2024T17:41:41 - [TEST_STEP][PASSED] - verifyElementClickable(findTestObject("Pricing-Test Plan Regresión Core/Page_Visualizar COMPLEMENTOS/i_active_flaticon-eye"), STOP_ON_FAILURE): Object 'Object Repository/Pricing-Test Plan Regresión Core/Page_Visualizar COMPLEMENTOS/i_active_flaticon-eye' is clickable

09-12-2024T17:41:41 - [MESSAGE][PASSED] - Object 'Object Repository/Pricing-Test Plan Regresión Core/Page_Visualizar COMPLEMENTOS/i_active_flaticon-eye' is clickable

09-12-2024T17:41:41 - [TEST_STEP][PASSED] - doubleClick(findTestObject("Pricing-Test Plan Regresión Core/Page_Visualizar COMPLEMENTOS/i_active_flaticon-eye")): Object: 'Object Repository/Pricing-Test Plan Regresión Core/Page_Visualizar COMPLEMENTOS/i_active_flaticon-eye' is double clicked on

09-12-2024T17:41:43 - [MESSAGE][PASSED] - Object: 'Object Repository/Pricing-Test Plan Regresión Core/Page_Visualizar COMPLEMENTOS/i_active_flaticon-eye' is double clicked on

09-12-2024T17:41:43 - [TEST_STEP][PASSED] - waitForElementPresent(findTestObject("Pricing-Test Plan Regresión Core/Page_POLITICAS/h3_Política de modificación"), 5): Object 'Object Repository/Pricing-Test Plan Regresión Core/Page_POLITICAS/h3_Política de modificación' is present

09-12-2024T17:41:43 - [MESSAGE][PASSED] - Object 'Object Repository/Pricing-Test Plan Regresión Core/Page_POLITICAS/h3_Política de modificación' is present

09-12-2024T17:41:43 - [TEST_STEP][PASSED] - verifyElementPresent(findTestObject("Pricing-Test Plan Regresión Core/Page_POLITICAS/h3_Política de modificación"), 5): Object 'Object Repository/Pricing-Test Plan Regresión Core/Page_POLITICAS/h3_Política de modificación' is present

09-12-2024T17:41:44 - [MESSAGE][PASSED] - Object 'Object Repository/Pricing-Test Plan Regresión Core/Page_POLITICAS/h3_Política de modificación' is present

09-12-2024T17:41:44 - [TEST_STEP][PASSED] - waitForElementPresent(findTestObject("Pricing-Test Plan Regresión Core/Page_POLITICAS/a_Ir a listado"), 5): Object 'Object Repository/Pricing-Test Plan Regresión Core/Page_POLITICAS/a_Ir a listado' is present

09-12-2024T17:41:44 - [MESSAGE][PASSED] - Object 'Object Repository/Pricing-Test Plan Regresión Core/Page_POLITICAS/a_Ir a listado' is present

09-12-2024T17:41:44 - [TEST_STEP][PASSED] - waitForElementClickable(findTestObject("Pricing-Test Plan Regresión Core/Page_Visualizar COMPLEMENTOS/a_Ir al listado"), 5): Web element with id: 'Object Repository/Pricing-Test Plan Regresión Core/Page_Visualizar COMPLEMENTOS/a_Ir al listado' located by '//a[@class = 'btn btn-secondary' and (text() = 'Ir al listado' or . = 'Ir al listado')]' not found

09-12-2024T17:41:50 - [MESSAGE][INFO] - Unable to find the element located by 'By.xpath: //a[@class = 'btn btn-secondary' and (text() = 'Ir al listado' or . = 'Ir al listado')]'. Please recheck the objects properties to make sure the desired element is located. 

09-12-2024T17:41:50 - [MESSAGE][WARNING] - Web element with id: 'Object Repository/Pricing-Test Plan Regresión Core/Page_Visualizar COMPLEMENTOS/a_Ir al listado' located by '//a[@class = 'btn btn-secondary' and (text() = 'Ir al listado' or . = 'Ir al listado')]' not found

09-12-2024T17:41:50 - [TEST_STEP][PASSED] - closeBrowser(): Browser is closed

09-12-2024T17:41:50 - [MESSAGE][PASSED] - Browser is closed]]></system-out>
         <system-err><![CDATA[]]></system-err>
      </testcase>
      <testcase name="Test Cases/PRICING-Test Plan Regresión Core/P25-2189-RCore-POLITICAS-Visualizar Politica Kilometraje" time="26.721" classname="Test Cases/PRICING-Test Plan Regresión Core/P25-2189-RCore-POLITICAS-Visualizar Politica Kilometraje" status="PASSED">
         <system-out><![CDATA[09-12-2024T17:41:50 - [TEST_CASE][PASSED] - Test Cases/PRICING-Test Plan Regresión Core/P25-2189-RCore-POLITICAS-Visualizar Politica Kilometraje: Test Cases/PRICING-Test Plan Regresión Core/P25-2189-RCore-POLITICAS-Visualizar Politica Kilometraje

09-12-2024T17:41:50 - [TEST_STEP][PASSED] - openBrowser(""): Browser is opened with url: ''

09-12-2024T17:41:50 - [MESSAGE][INFO] - Starting 'Chrome' driver

09-12-2024T17:41:50 - [MESSAGE][INFO] - Action delay is set to 0 milliseconds

09-12-2024T17:41:51 - [MESSAGE][PASSED] - Browser is opened with url: ''

09-12-2024T17:41:51 - [TEST_STEP][PASSED] - navigateToUrl("https://pre-sales.recordgo.cloud/login"): Navigate to 'https://pre-sales.recordgo.cloud/login' successfully

09-12-2024T17:41:57 - [MESSAGE][PASSED] - Navigate to 'https://pre-sales.recordgo.cloud/login' successfully

09-12-2024T17:41:57 - [TEST_STEP][PASSED] - maximizeWindow(): Current window maximized

09-12-2024T17:41:58 - [MESSAGE][PASSED] - Current window maximized

09-12-2024T17:41:58 - [TEST_STEP][PASSED] - setText(findTestObject("Pricing-Test Plan Regresión Core/Page_Login/input_Log in to your account__username"), "antonio.diego"): Text 'antonio.diego' is set on object 'Object Repository/Pricing-Test Plan Regresión Core/Page_Login/input_Log in to your account__username'

09-12-2024T17:41:58 - [MESSAGE][PASSED] - Text 'antonio.diego' is set on object 'Object Repository/Pricing-Test Plan Regresión Core/Page_Login/input_Log in to your account__username'

09-12-2024T17:41:58 - [TEST_STEP][PASSED] - setEncryptedText(findTestObject("Object Repository/Pricing-Test Plan Regresión Core/Page_Login/input_Log in to your account__password"), "4WoE78dHD36JvULd0ZrVWg=="): Text ****** has been set on object 'Object Repository/Pricing-Test Plan Regresión Core/Page_Login/input_Log in to your account__password'

09-12-2024T17:41:58 - [MESSAGE][PASSED] - Text ****** has been set on object 'Object Repository/Pricing-Test Plan Regresión Core/Page_Login/input_Log in to your account__password'

09-12-2024T17:41:58 - [TEST_STEP][PASSED] - selectOptionByValue(findTestObject("Object Repository/Pricing-Test Plan Regresión Core/Page_Login/select_Select an option CANARY ISLAND"), "IC", true): All options with value 'IC' are selected in object 'Object Repository/Pricing-Test Plan Regresión Core/Page_Login/select_Select an option CANARY ISLAND'  using regular expression

09-12-2024T17:41:59 - [MESSAGE][PASSED] - All options with value 'IC' are selected in object 'Object Repository/Pricing-Test Plan Regresión Core/Page_Login/select_Select an option CANARY ISLAND'  using regular expression

09-12-2024T17:41:59 - [TEST_STEP][PASSED] - click(findTestObject("Pricing-Test Plan Regresión Core/Page_Login/button_Login")): Object: 'Object Repository/Pricing-Test Plan Regresión Core/Page_Login/button_Login' is clicked on

09-12-2024T17:42:03 - [MESSAGE][PASSED] - Object: 'Object Repository/Pricing-Test Plan Regresión Core/Page_Login/button_Login' is clicked on

09-12-2024T17:42:03 - [TEST_STEP][PASSED] - waitForElementVisible(findTestObject("Pricing-Test Plan Regresión Core/Page_PRICING/img"), 5): Object 'Object Repository/Pricing-Test Plan Regresión Core/Page_PRICING/img' is visible

09-12-2024T17:42:03 - [MESSAGE][PASSED] - Object 'Object Repository/Pricing-Test Plan Regresión Core/Page_PRICING/img' is visible

09-12-2024T17:42:03 - [TEST_STEP][PASSED] - waitForElementPresent(findTestObject("Pricing-Test Plan Regresión Core/Page_POLITICAS/span_POLITICAS"), 5): Object 'Object Repository/Pricing-Test Plan Regresión Core/Page_POLITICAS/span_POLITICAS' is present

09-12-2024T17:42:03 - [MESSAGE][PASSED] - Object 'Object Repository/Pricing-Test Plan Regresión Core/Page_POLITICAS/span_POLITICAS' is present

09-12-2024T17:42:03 - [TEST_STEP][PASSED] - verifyElementPresent(findTestObject("Pricing-Test Plan Regresión Core/Page_POLITICAS/span_POLITICAS"), 5): Object 'Object Repository/Pricing-Test Plan Regresión Core/Page_POLITICAS/span_POLITICAS' is present

09-12-2024T17:42:04 - [MESSAGE][PASSED] - Object 'Object Repository/Pricing-Test Plan Regresión Core/Page_POLITICAS/span_POLITICAS' is present

09-12-2024T17:42:04 - [TEST_STEP][PASSED] - click(findTestObject("Pricing-Test Plan Regresión Core/Page_POLITICAS/span_POLITICAS")): Object: 'Object Repository/Pricing-Test Plan Regresión Core/Page_POLITICAS/span_POLITICAS' is clicked on

09-12-2024T17:42:04 - [MESSAGE][PASSED] - Object: 'Object Repository/Pricing-Test Plan Regresión Core/Page_POLITICAS/span_POLITICAS' is clicked on

09-12-2024T17:42:04 - [TEST_STEP][PASSED] - waitForElementPresent(findTestObject("Pricing-Test Plan Regresión Core/Page_POLITICAS/span_Kilometraje"), 5): Object 'Object Repository/Pricing-Test Plan Regresión Core/Page_POLITICAS/span_Kilometraje' is present

09-12-2024T17:42:04 - [MESSAGE][PASSED] - Object 'Object Repository/Pricing-Test Plan Regresión Core/Page_POLITICAS/span_Kilometraje' is present

09-12-2024T17:42:04 - [TEST_STEP][PASSED] - verifyElementPresent(findTestObject("Pricing-Test Plan Regresión Core/Page_POLITICAS/span_Kilometraje"), 5): Object 'Object Repository/Pricing-Test Plan Regresión Core/Page_POLITICAS/span_Kilometraje' is present

09-12-2024T17:42:04 - [MESSAGE][PASSED] - Object 'Object Repository/Pricing-Test Plan Regresión Core/Page_POLITICAS/span_Kilometraje' is present

09-12-2024T17:42:04 - [TEST_STEP][PASSED] - click(findTestObject("Pricing-Test Plan Regresión Core/Page_POLITICAS/span_Kilometraje")): Object: 'Object Repository/Pricing-Test Plan Regresión Core/Page_POLITICAS/span_Kilometraje' is clicked on

09-12-2024T17:42:05 - [MESSAGE][PASSED] - Object: 'Object Repository/Pricing-Test Plan Regresión Core/Page_POLITICAS/span_Kilometraje' is clicked on

09-12-2024T17:42:05 - [TEST_STEP][PASSED] - waitForElementPresent(findTestObject("Pricing-Test Plan Regresión Core/Page_POLITICAS/span_VisualizarmodificarKilom"), 5): Object 'Object Repository/Pricing-Test Plan Regresión Core/Page_POLITICAS/span_VisualizarmodificarKilom' is present

09-12-2024T17:42:05 - [MESSAGE][PASSED] - Object 'Object Repository/Pricing-Test Plan Regresión Core/Page_POLITICAS/span_VisualizarmodificarKilom' is present

09-12-2024T17:42:05 - [TEST_STEP][PASSED] - verifyElementPresent(findTestObject("Pricing-Test Plan Regresión Core/Page_POLITICAS/span_VisualizarmodificarKilom"), 5): Object 'Object Repository/Pricing-Test Plan Regresión Core/Page_POLITICAS/span_VisualizarmodificarKilom' is present

09-12-2024T17:42:05 - [MESSAGE][PASSED] - Object 'Object Repository/Pricing-Test Plan Regresión Core/Page_POLITICAS/span_VisualizarmodificarKilom' is present

09-12-2024T17:42:05 - [TEST_STEP][PASSED] - click(findTestObject("Pricing-Test Plan Regresión Core/Page_POLITICAS/span_VisualizarmodificarKilom")): Object: 'Object Repository/Pricing-Test Plan Regresión Core/Page_POLITICAS/span_VisualizarmodificarKilom' is clicked on

09-12-2024T17:42:06 - [MESSAGE][PASSED] - Object: 'Object Repository/Pricing-Test Plan Regresión Core/Page_POLITICAS/span_VisualizarmodificarKilom' is clicked on

09-12-2024T17:42:06 - [TEST_STEP][PASSED] - waitForElementPresent(findTestObject("Pricing-Test Plan Regresión Core/Page_Visualizar PRODUCTOS/h1_Registros totales"), 5): Object 'Object Repository/Pricing-Test Plan Regresión Core/Page_Visualizar PRODUCTOS/h1_Registros totales' is present

09-12-2024T17:42:07 - [MESSAGE][PASSED] - Object 'Object Repository/Pricing-Test Plan Regresión Core/Page_Visualizar PRODUCTOS/h1_Registros totales' is present

09-12-2024T17:42:07 - [TEST_STEP][PASSED] - verifyElementPresent(findTestObject("Pricing-Test Plan Regresión Core/Page_Visualizar PRODUCTOS/h1_Registros totales"), 5): Object 'Object Repository/Pricing-Test Plan Regresión Core/Page_Visualizar PRODUCTOS/h1_Registros totales' is present

09-12-2024T17:42:07 - [MESSAGE][PASSED] - Object 'Object Repository/Pricing-Test Plan Regresión Core/Page_Visualizar PRODUCTOS/h1_Registros totales' is present

09-12-2024T17:42:07 - [TEST_STEP][PASSED] - verifyElementPresent(findTestObject("Object Repository/Pricing-Test Plan Regresión Core/Page_Visualizar COMPLEMENTOS/button_Filtros"), 5): Object 'Object Repository/Pricing-Test Plan Regresión Core/Page_Visualizar COMPLEMENTOS/button_Filtros' is present

09-12-2024T17:42:07 - [MESSAGE][PASSED] - Object 'Object Repository/Pricing-Test Plan Regresión Core/Page_Visualizar COMPLEMENTOS/button_Filtros' is present

09-12-2024T17:42:07 - [TEST_STEP][PASSED] - waitForElementPresent(findTestObject("Pricing-Test Plan Regresión Core/Page_Visualizar COMPLEMENTOS/Button_Filtros_Desplegable"), 5): Object 'Object Repository/Pricing-Test Plan Regresión Core/Page_Visualizar COMPLEMENTOS/Button_Filtros_Desplegable' is present

09-12-2024T17:42:07 - [MESSAGE][PASSED] - Object 'Object Repository/Pricing-Test Plan Regresión Core/Page_Visualizar COMPLEMENTOS/Button_Filtros_Desplegable' is present

09-12-2024T17:42:07 - [TEST_STEP][PASSED] - takeScreenshot("P-25-2186"): Taking screenshot successfully

09-12-2024T17:42:07 - [MESSAGE][PASSED] - Taking screenshot successfully
[[ATTACHMENT|/Users/afernandezd/Katalon Studio/Pricing-PrimeraPrueba/Reports/20241209_173457/PRICING-Test Plan Regresi\u00F3n Core/20241209_173458/P-25-2186]]

09-12-2024T17:42:07 - [TEST_STEP][PASSED] - waitForElementPresent(findTestObject("Pricing-Test Plan Regresión Core/Page_Visualizar COMPLEMENTOS/button_Filtros"), 5): Object 'Object Repository/Pricing-Test Plan Regresión Core/Page_Visualizar COMPLEMENTOS/button_Filtros' is present

09-12-2024T17:42:08 - [MESSAGE][PASSED] - Object 'Object Repository/Pricing-Test Plan Regresión Core/Page_Visualizar COMPLEMENTOS/button_Filtros' is present

09-12-2024T17:42:08 - [TEST_STEP][PASSED] - waitForElementPresent(findTestObject("Pricing-Test Plan Regresión Core/Page_Visualizar COMPLEMENTOS/i_active_flaticon-eye"), 5): Object 'Object Repository/Pricing-Test Plan Regresión Core/Page_Visualizar COMPLEMENTOS/i_active_flaticon-eye' is present

09-12-2024T17:42:08 - [MESSAGE][PASSED] - Object 'Object Repository/Pricing-Test Plan Regresión Core/Page_Visualizar COMPLEMENTOS/i_active_flaticon-eye' is present

09-12-2024T17:42:08 - [TEST_STEP][PASSED] - verifyElementClickable(findTestObject("Pricing-Test Plan Regresión Core/Page_Visualizar COMPLEMENTOS/i_active_flaticon-eye"), STOP_ON_FAILURE): Object 'Object Repository/Pricing-Test Plan Regresión Core/Page_Visualizar COMPLEMENTOS/i_active_flaticon-eye' is clickable

09-12-2024T17:42:08 - [MESSAGE][PASSED] - Object 'Object Repository/Pricing-Test Plan Regresión Core/Page_Visualizar COMPLEMENTOS/i_active_flaticon-eye' is clickable

09-12-2024T17:42:08 - [TEST_STEP][PASSED] - doubleClick(findTestObject("Pricing-Test Plan Regresión Core/Page_Visualizar COMPLEMENTOS/i_active_flaticon-eye")): Object: 'Object Repository/Pricing-Test Plan Regresión Core/Page_Visualizar COMPLEMENTOS/i_active_flaticon-eye' is double clicked on

09-12-2024T17:42:10 - [MESSAGE][PASSED] - Object: 'Object Repository/Pricing-Test Plan Regresión Core/Page_Visualizar COMPLEMENTOS/i_active_flaticon-eye' is double clicked on

09-12-2024T17:42:10 - [TEST_STEP][PASSED] - waitForElementPresent(findTestObject("Pricing-Test Plan Regresión Core/Page_POLITICAS/h3_Política de kilometraje"), 5): Object 'Object Repository/Pricing-Test Plan Regresión Core/Page_POLITICAS/h3_Política de kilometraje' is present

09-12-2024T17:42:10 - [MESSAGE][PASSED] - Object 'Object Repository/Pricing-Test Plan Regresión Core/Page_POLITICAS/h3_Política de kilometraje' is present

09-12-2024T17:42:10 - [TEST_STEP][PASSED] - verifyElementPresent(findTestObject("Pricing-Test Plan Regresión Core/Page_POLITICAS/h3_Política de kilometraje"), 5): Object 'Object Repository/Pricing-Test Plan Regresión Core/Page_POLITICAS/h3_Política de kilometraje' is present

09-12-2024T17:42:10 - [MESSAGE][PASSED] - Object 'Object Repository/Pricing-Test Plan Regresión Core/Page_POLITICAS/h3_Política de kilometraje' is present

09-12-2024T17:42:10 - [TEST_STEP][PASSED] - waitForElementPresent(findTestObject("Pricing-Test Plan Regresión Core/Page_POLITICAS/a_Ir a listado"), 5): Object 'Object Repository/Pricing-Test Plan Regresión Core/Page_POLITICAS/a_Ir a listado' is present

09-12-2024T17:42:11 - [MESSAGE][PASSED] - Object 'Object Repository/Pricing-Test Plan Regresión Core/Page_POLITICAS/a_Ir a listado' is present

09-12-2024T17:42:11 - [TEST_STEP][PASSED] - waitForElementClickable(findTestObject("Pricing-Test Plan Regresión Core/Page_Visualizar COMPLEMENTOS/a_Ir al listado"), 5): Web element with id: 'Object Repository/Pricing-Test Plan Regresión Core/Page_Visualizar COMPLEMENTOS/a_Ir al listado' located by '//a[@class = 'btn btn-secondary' and (text() = 'Ir al listado' or . = 'Ir al listado')]' not found

09-12-2024T17:42:17 - [MESSAGE][INFO] - Unable to find the element located by 'By.xpath: //a[@class = 'btn btn-secondary' and (text() = 'Ir al listado' or . = 'Ir al listado')]'. Please recheck the objects properties to make sure the desired element is located. 

09-12-2024T17:42:17 - [MESSAGE][WARNING] - Web element with id: 'Object Repository/Pricing-Test Plan Regresión Core/Page_Visualizar COMPLEMENTOS/a_Ir al listado' located by '//a[@class = 'btn btn-secondary' and (text() = 'Ir al listado' or . = 'Ir al listado')]' not found

09-12-2024T17:42:17 - [TEST_STEP][PASSED] - closeBrowser(): Browser is closed

09-12-2024T17:42:17 - [MESSAGE][PASSED] - Browser is closed]]></system-out>
         <system-err><![CDATA[]]></system-err>
      </testcase>
      <testcase name="Test Cases/PRICING-Test Plan Regresión Core/P25-XXXX-DELEGACIONES-Visualizar AgrupDelegaciones" time="13.116" classname="Test Cases/PRICING-Test Plan Regresión Core/P25-XXXX-DELEGACIONES-Visualizar AgrupDelegaciones" status="FAILED">
         <failure type="FAILED" message="Test Cases/PRICING-Test Plan Regresión Core/P25-XXXX-DELEGACIONES-Visualizar AgrupDelegaciones FAILED.&#xa;Reason:&#xa;com.kms.katalon.core.exception.StepFailedException: Unable to click on object 'Object Repository/Pricing-Test Plan Regresión Core/Page_CANAL/span_VisualizarmodificarSellCode'&#xa;	at com.kms.katalon.core.webui.keyword.internal.WebUIKeywordMain.stepFailed(WebUIKeywordMain.groovy:64)&#xa;	at com.kms.katalon.core.webui.keyword.internal.WebUIKeywordMain.runKeyword(WebUIKeywordMain.groovy:26)&#xa;	at com.kms.katalon.core.webui.keyword.builtin.ClickKeyword.click(ClickKeyword.groovy:74)&#xa;	at com.kms.katalon.core.webui.keyword.builtin.ClickKeyword.execute(ClickKeyword.groovy:40)&#xa;	at com.kms.katalon.core.keyword.internal.KeywordExecutor.executeKeywordForPlatform(KeywordExecutor.groovy:74)&#xa;	at com.kms.katalon.core.webui.keyword.WebUiBuiltInKeywords.click(WebUiBuiltInKeywords.groovy:659)&#xa;	at P25-XXXX-DELEGACIONES-Visualizar AgrupDelegaciones.run(P25-XXXX-DELEGACIONES-Visualizar AgrupDelegaciones:56)&#xa;	at com.kms.katalon.core.main.ScriptEngine.run(ScriptEngine.java:194)&#xa;	at com.kms.katalon.core.main.ScriptEngine.runScriptAsRawText(ScriptEngine.java:119)&#xa;	at com.kms.katalon.core.main.TestCaseExecutor.runScript(TestCaseExecutor.java:448)&#xa;	at com.kms.katalon.core.main.TestCaseExecutor.doExecute(TestCaseExecutor.java:439)&#xa;	at com.kms.katalon.core.main.TestCaseExecutor.processExecutionPhase(TestCaseExecutor.java:418)&#xa;	at com.kms.katalon.core.main.TestCaseExecutor.accessMainPhase(TestCaseExecutor.java:410)&#xa;	at com.kms.katalon.core.main.TestCaseExecutor.execute(TestCaseExecutor.java:285)&#xa;	at com.kms.katalon.core.main.TestCaseExecutor.execute(TestCaseExecutor.java:369)&#xa;	at com.kms.katalon.core.main.TestCaseExecutor.execute(TestCaseExecutor.java:369)&#xa;	at com.kms.katalon.core.main.TestCaseExecutor.execute(TestCaseExecutor.java:369)&#xa;	at com.kms.katalon.core.common.CommonExecutor.accessTestCaseMainPhase(CommonExecutor.java:65)&#xa;	at com.kms.katalon.core.main.TestSuiteExecutor.accessTestSuiteMainPhase(TestSuiteExecutor.java:150)&#xa;	at com.kms.katalon.core.main.TestSuiteExecutor.execute(TestSuiteExecutor.java:106)&#xa;	at com.kms.katalon.core.main.TestCaseMain.startTestSuite(TestCaseMain.java:180)&#xa;	at TempTestSuite1733762098648.run(TempTestSuite1733762098648.groovy:35)&#xa;	at java.base/jdk.internal.reflect.NativeMethodAccessorImpl.invoke0(Native Method)&#xa;	at java.base/jdk.internal.reflect.NativeMethodAccessorImpl.invoke(NativeMethodAccessorImpl.java:77)&#xa;	at java.base/jdk.internal.reflect.DelegatingMethodAccessorImpl.invoke(DelegatingMethodAccessorImpl.java:43)&#xa;Caused by: org.openqa.selenium.ElementNotInteractableException: element not interactable&#xa;  (Session info: chrome=131.0.6778.109)&#xa;Build info: version: '3.141.59', revision: 'unknown', time: 'unknown'&#xa;System info: host: 'MacBook-Pro-de-Antonio.local', ip: 'fe80:0:0:0:66:86cc:a946:7704%en0', os.name: 'Mac OS X', os.arch: 'aarch64', os.version: '14.6.1', java.version: '17.0.7'&#xa;Driver info: com.kms.katalon.selenium.driver.CChromeDriver&#xa;Capabilities {acceptInsecureCerts: false, browserName: chrome, browserVersion: 131.0.6778.109, chrome: {chromedriverVersion: 131.0.6778.85 (3d81e41b6f3a..., userDataDir: /var/folders/sz/p5ln5r2n5gb...}, fedcm:accounts: true, goog:chromeOptions: {debuggerAddress: localhost:60584}, javascriptEnabled: true, networkConnectionEnabled: false, pageLoadStrategy: normal, platform: MAC, platformName: MAC, proxy: Proxy(), setWindowRect: true, strictFileInteractability: false, timeouts: {implicit: 0, pageLoad: 300000, script: 30000}, unhandledPromptBehavior: dismiss and notify, webauthn:extension:credBlob: true, webauthn:extension:largeBlob: true, webauthn:extension:minPinLength: true, webauthn:extension:prf: true, webauthn:virtualAuthenticators: true}&#xa;Session ID: f470a738d775202347303ef3f2c266a9&#xa;	at java.base/jdk.internal.reflect.NativeConstructorAccessorImpl.newInstance0(Native Method)&#xa;	at java.base/jdk.internal.reflect.NativeConstructorAccessorImpl.newInstance(NativeConstructorAccessorImpl.java:77)&#xa;	at java.base/jdk.internal.reflect.DelegatingConstructorAccessorImpl.newInstance(DelegatingConstructorAccessorImpl.java:45)&#xa;	at org.openqa.selenium.remote.http.W3CHttpResponseCodec.createException(W3CHttpResponseCodec.java:187)&#xa;	at org.openqa.selenium.remote.http.W3CHttpResponseCodec.decode(W3CHttpResponseCodec.java:122)&#xa;	at org.openqa.selenium.remote.http.W3CHttpResponseCodec.decode(W3CHttpResponseCodec.java:49)&#xa;	at org.openqa.selenium.remote.HttpCommandExecutor.execute(HttpCommandExecutor.java:158)&#xa;	at org.openqa.selenium.remote.service.DriverCommandExecutor.execute(DriverCommandExecutor.java:83)&#xa;	at org.openqa.selenium.remote.RemoteWebDriver.execute(RemoteWebDriver.java:552)&#xa;	at com.kms.katalon.selenium.driver.CChromeDriver.execute(CChromeDriver.java:19)&#xa;	at org.openqa.selenium.remote.RemoteWebElement.execute(RemoteWebElement.java:285)&#xa;	at org.openqa.selenium.remote.RemoteWebElement.click(RemoteWebElement.java:84)&#xa;	at jdk.internal.reflect.GeneratedMethodAccessor19.invoke(Unknown Source)&#xa;	at java.base/jdk.internal.reflect.DelegatingMethodAccessorImpl.invoke(DelegatingMethodAccessorImpl.java:43)&#xa;	at org.openqa.selenium.support.events.EventFiringWebDriver$EventFiringWebElement.lambda$new$0(EventFiringWebDriver.java:404)&#xa;	at jdk.proxy2/jdk.proxy2.$Proxy24.click(Unknown Source)&#xa;	at org.openqa.selenium.support.events.EventFiringWebDriver$EventFiringWebElement.click(EventFiringWebDriver.java:417)&#xa;	at org.openqa.selenium.WebElement$click.call(Unknown Source)&#xa;	at com.kms.katalon.core.webui.keyword.builtin.ClickKeyword.clickUntilSuccessWithTimeout(ClickKeyword.groovy:81)&#xa;	at com.kms.katalon.core.webui.keyword.builtin.ClickKeyword.clickUntilSuccessWithTimeout(ClickKeyword.groovy)&#xa;	at jdk.internal.reflect.GeneratedMethodAccessor23.invoke(Unknown Source)&#xa;	at java.base/jdk.internal.reflect.DelegatingMethodAccessorImpl.invoke(DelegatingMethodAccessorImpl.java:43)&#xa;	at com.kms.katalon.core.webui.keyword.builtin.ClickKeyword$_click_closure1.doCall(ClickKeyword.groovy:67)&#xa;	at com.kms.katalon.core.webui.keyword.builtin.ClickKeyword$_click_closure1.call(ClickKeyword.groovy)&#xa;	at com.kms.katalon.core.webui.keyword.internal.WebUIKeywordMain.runKeyword(WebUIKeywordMain.groovy:20)&#xa;	... 23 more&#xa;"/>
         <system-out><![CDATA[09-12-2024T17:43:03 - [TEST_CASE][FAILED] - Test Cases/PRICING-Test Plan Regresión Core/P25-XXXX-DELEGACIONES-Visualizar AgrupDelegaciones: Test Cases/PRICING-Test Plan Regresión Core/P25-XXXX-DELEGACIONES-Visualizar AgrupDelegaciones FAILED.
Reason:
com.kms.katalon.core.exception.StepFailedException: Unable to click on object 'Object Repository/Pricing-Test Plan Regresión Core/Page_CANAL/span_VisualizarmodificarSellCode'
	at com.kms.katalon.core.webui.keyword.internal.WebUIKeywordMain.stepFailed(WebUIKeywordMain.groovy:64)
	at com.kms.katalon.core.webui.keyword.internal.WebUIKeywordMain.runKeyword(WebUIKeywordMain.groovy:26)
	at com.kms.katalon.core.webui.keyword.builtin.ClickKeyword.click(ClickKeyword.groovy:74)
	at com.kms.katalon.core.webui.keyword.builtin.ClickKeyword.execute(ClickKeyword.groovy:40)
	at com.kms.katalon.core.keyword.internal.KeywordExecutor.executeKeywordForPlatform(KeywordExecutor.groovy:74)
	at com.kms.katalon.core.webui.keyword.WebUiBuiltInKeywords.click(WebUiBuiltInKeywords.groovy:659)
	at P25-XXXX-DELEGACIONES-Visualizar AgrupDelegaciones.run(P25-XXXX-DELEGACIONES-Visualizar AgrupDelegaciones:56)
	at com.kms.katalon.core.main.ScriptEngine.run(ScriptEngine.java:194)
	at com.kms.katalon.core.main.ScriptEngine.runScriptAsRawText(ScriptEngine.java:119)
	at com.kms.katalon.core.main.TestCaseExecutor.runScript(TestCaseExecutor.java:448)
	at com.kms.katalon.core.main.TestCaseExecutor.doExecute(TestCaseExecutor.java:439)
	at com.kms.katalon.core.main.TestCaseExecutor.processExecutionPhase(TestCaseExecutor.java:418)
	at com.kms.katalon.core.main.TestCaseExecutor.accessMainPhase(TestCaseExecutor.java:410)
	at com.kms.katalon.core.main.TestCaseExecutor.execute(TestCaseExecutor.java:285)
	at com.kms.katalon.core.main.TestCaseExecutor.execute(TestCaseExecutor.java:369)
	at com.kms.katalon.core.main.TestCaseExecutor.execute(TestCaseExecutor.java:369)
	at com.kms.katalon.core.main.TestCaseExecutor.execute(TestCaseExecutor.java:369)
	at com.kms.katalon.core.common.CommonExecutor.accessTestCaseMainPhase(CommonExecutor.java:65)
	at com.kms.katalon.core.main.TestSuiteExecutor.accessTestSuiteMainPhase(TestSuiteExecutor.java:150)
	at com.kms.katalon.core.main.TestSuiteExecutor.execute(TestSuiteExecutor.java:106)
	at com.kms.katalon.core.main.TestCaseMain.startTestSuite(TestCaseMain.java:180)
	at TempTestSuite1733762098648.run(TempTestSuite1733762098648.groovy:35)
	at java.base/jdk.internal.reflect.NativeMethodAccessorImpl.invoke0(Native Method)
	at java.base/jdk.internal.reflect.NativeMethodAccessorImpl.invoke(NativeMethodAccessorImpl.java:77)
	at java.base/jdk.internal.reflect.DelegatingMethodAccessorImpl.invoke(DelegatingMethodAccessorImpl.java:43)
Caused by: org.openqa.selenium.ElementNotInteractableException: element not interactable
  (Session info: chrome=131.0.6778.109)
Build info: version: '3.141.59', revision: 'unknown', time: 'unknown'
System info: host: 'MacBook-Pro-de-Antonio.local', ip: 'fe80:0:0:0:66:86cc:a946:7704%en0', os.name: 'Mac OS X', os.arch: 'aarch64', os.version: '14.6.1', java.version: '17.0.7'
Driver info: com.kms.katalon.selenium.driver.CChromeDriver
Capabilities {acceptInsecureCerts: false, browserName: chrome, browserVersion: 131.0.6778.109, chrome: {chromedriverVersion: 131.0.6778.85 (3d81e41b6f3a..., userDataDir: /var/folders/sz/p5ln5r2n5gb...}, fedcm:accounts: true, goog:chromeOptions: {debuggerAddress: localhost:60584}, javascriptEnabled: true, networkConnectionEnabled: false, pageLoadStrategy: normal, platform: MAC, platformName: MAC, proxy: Proxy(), setWindowRect: true, strictFileInteractability: false, timeouts: {implicit: 0, pageLoad: 300000, script: 30000}, unhandledPromptBehavior: dismiss and notify, webauthn:extension:credBlob: true, webauthn:extension:largeBlob: true, webauthn:extension:minPinLength: true, webauthn:extension:prf: true, webauthn:virtualAuthenticators: true}
Session ID: f470a738d775202347303ef3f2c266a9
	at java.base/jdk.internal.reflect.NativeConstructorAccessorImpl.newInstance0(Native Method)
	at java.base/jdk.internal.reflect.NativeConstructorAccessorImpl.newInstance(NativeConstructorAccessorImpl.java:77)
	at java.base/jdk.internal.reflect.DelegatingConstructorAccessorImpl.newInstance(DelegatingConstructorAccessorImpl.java:45)
	at org.openqa.selenium.remote.http.W3CHttpResponseCodec.createException(W3CHttpResponseCodec.java:187)
	at org.openqa.selenium.remote.http.W3CHttpResponseCodec.decode(W3CHttpResponseCodec.java:122)
	at org.openqa.selenium.remote.http.W3CHttpResponseCodec.decode(W3CHttpResponseCodec.java:49)
	at org.openqa.selenium.remote.HttpCommandExecutor.execute(HttpCommandExecutor.java:158)
	at org.openqa.selenium.remote.service.DriverCommandExecutor.execute(DriverCommandExecutor.java:83)
	at org.openqa.selenium.remote.RemoteWebDriver.execute(RemoteWebDriver.java:552)
	at com.kms.katalon.selenium.driver.CChromeDriver.execute(CChromeDriver.java:19)
	at org.openqa.selenium.remote.RemoteWebElement.execute(RemoteWebElement.java:285)
	at org.openqa.selenium.remote.RemoteWebElement.click(RemoteWebElement.java:84)
	at jdk.internal.reflect.GeneratedMethodAccessor19.invoke(Unknown Source)
	at java.base/jdk.internal.reflect.DelegatingMethodAccessorImpl.invoke(DelegatingMethodAccessorImpl.java:43)
	at org.openqa.selenium.support.events.EventFiringWebDriver$EventFiringWebElement.lambda$new$0(EventFiringWebDriver.java:404)
	at jdk.proxy2/jdk.proxy2.$Proxy24.click(Unknown Source)
	at org.openqa.selenium.support.events.EventFiringWebDriver$EventFiringWebElement.click(EventFiringWebDriver.java:417)
	at org.openqa.selenium.WebElement$click.call(Unknown Source)
	at com.kms.katalon.core.webui.keyword.builtin.ClickKeyword.clickUntilSuccessWithTimeout(ClickKeyword.groovy:81)
	at com.kms.katalon.core.webui.keyword.builtin.ClickKeyword.clickUntilSuccessWithTimeout(ClickKeyword.groovy)
	at jdk.internal.reflect.GeneratedMethodAccessor23.invoke(Unknown Source)
	at java.base/jdk.internal.reflect.DelegatingMethodAccessorImpl.invoke(DelegatingMethodAccessorImpl.java:43)
	at com.kms.katalon.core.webui.keyword.builtin.ClickKeyword$_click_closure1.doCall(ClickKeyword.groovy:67)
	at com.kms.katalon.core.webui.keyword.builtin.ClickKeyword$_click_closure1.call(ClickKeyword.groovy)
	at com.kms.katalon.core.webui.keyword.internal.WebUIKeywordMain.runKeyword(WebUIKeywordMain.groovy:20)
	... 23 more


09-12-2024T17:43:03 - [TEST_STEP][PASSED] - openBrowser(""): Browser is opened with url: ''

09-12-2024T17:43:03 - [MESSAGE][WARNING] - A browser is already opened. Closing browser and opening a new one

09-12-2024T17:43:03 - [MESSAGE][INFO] - Starting 'Chrome' driver

09-12-2024T17:43:03 - [MESSAGE][INFO] - Action delay is set to 0 milliseconds

09-12-2024T17:43:03 - [MESSAGE][PASSED] - Browser is opened with url: ''

09-12-2024T17:43:03 - [TEST_STEP][PASSED] - navigateToUrl("https://pre-sales.recordgo.cloud/login"): Navigate to 'https://pre-sales.recordgo.cloud/login' successfully

09-12-2024T17:43:09 - [MESSAGE][PASSED] - Navigate to 'https://pre-sales.recordgo.cloud/login' successfully

09-12-2024T17:43:09 - [TEST_STEP][PASSED] - maximizeWindow(): Current window maximized

09-12-2024T17:43:10 - [MESSAGE][PASSED] - Current window maximized

09-12-2024T17:43:10 - [TEST_STEP][PASSED] - setText(findTestObject("Pricing-Test Plan Regresión Core/Page_Login/input_Log in to your account__username"), "antonio.diego"): Text 'antonio.diego' is set on object 'Object Repository/Pricing-Test Plan Regresión Core/Page_Login/input_Log in to your account__username'

09-12-2024T17:43:10 - [MESSAGE][PASSED] - Text 'antonio.diego' is set on object 'Object Repository/Pricing-Test Plan Regresión Core/Page_Login/input_Log in to your account__username'

09-12-2024T17:43:10 - [TEST_STEP][PASSED] - setEncryptedText(findTestObject("Object Repository/Pricing-Test Plan Regresión Core/Page_Login/input_Log in to your account__password"), "4WoE78dHD36JvULd0ZrVWg=="): Text ****** has been set on object 'Object Repository/Pricing-Test Plan Regresión Core/Page_Login/input_Log in to your account__password'

09-12-2024T17:43:10 - [MESSAGE][PASSED] - Text ****** has been set on object 'Object Repository/Pricing-Test Plan Regresión Core/Page_Login/input_Log in to your account__password'

09-12-2024T17:43:10 - [TEST_STEP][PASSED] - selectOptionByValue(findTestObject("Object Repository/Pricing-Test Plan Regresión Core/Page_Login/select_Select an option CANARY ISLAND"), "IC", true): All options with value 'IC' are selected in object 'Object Repository/Pricing-Test Plan Regresión Core/Page_Login/select_Select an option CANARY ISLAND'  using regular expression

09-12-2024T17:43:11 - [MESSAGE][PASSED] - All options with value 'IC' are selected in object 'Object Repository/Pricing-Test Plan Regresión Core/Page_Login/select_Select an option CANARY ISLAND'  using regular expression

09-12-2024T17:43:11 - [TEST_STEP][PASSED] - click(findTestObject("Pricing-Test Plan Regresión Core/Page_Login/button_Login")): Object: 'Object Repository/Pricing-Test Plan Regresión Core/Page_Login/button_Login' is clicked on

09-12-2024T17:43:14 - [MESSAGE][PASSED] - Object: 'Object Repository/Pricing-Test Plan Regresión Core/Page_Login/button_Login' is clicked on

09-12-2024T17:43:14 - [TEST_STEP][PASSED] - waitForElementVisible(findTestObject("Pricing-Test Plan Regresión Core/Page_PRICING/img"), 5): Object 'Object Repository/Pricing-Test Plan Regresión Core/Page_PRICING/img' is visible

09-12-2024T17:43:14 - [MESSAGE][PASSED] - Object 'Object Repository/Pricing-Test Plan Regresión Core/Page_PRICING/img' is visible

09-12-2024T17:43:14 - [TEST_STEP][PASSED] - waitForElementPresent(findTestObject("Pricing-Test Plan Regresión Core/Page_CANAL/span_DELEGACIONES"), 5): Object 'Object Repository/Pricing-Test Plan Regresión Core/Page_CANAL/span_DELEGACIONES' is present

09-12-2024T17:43:14 - [MESSAGE][PASSED] - Object 'Object Repository/Pricing-Test Plan Regresión Core/Page_CANAL/span_DELEGACIONES' is present

09-12-2024T17:43:14 - [TEST_STEP][PASSED] - verifyElementPresent(findTestObject("Pricing-Test Plan Regresión Core/Page_CANAL/span_DELEGACIONES"), 5): Object 'Object Repository/Pricing-Test Plan Regresión Core/Page_CANAL/span_DELEGACIONES' is present

09-12-2024T17:43:14 - [MESSAGE][PASSED] - Object 'Object Repository/Pricing-Test Plan Regresión Core/Page_CANAL/span_DELEGACIONES' is present

09-12-2024T17:43:14 - [TEST_STEP][PASSED] - click(findTestObject("Pricing-Test Plan Regresión Core/Page_CANAL/span_DELEGACIONES")): Object: 'Object Repository/Pricing-Test Plan Regresión Core/Page_CANAL/span_DELEGACIONES' is clicked on

09-12-2024T17:43:14 - [MESSAGE][PASSED] - Object: 'Object Repository/Pricing-Test Plan Regresión Core/Page_CANAL/span_DELEGACIONES' is clicked on

09-12-2024T17:43:14 - [TEST_STEP][PASSED] - waitForElementPresent(findTestObject("Pricing-Test Plan Regresión Core/Page_CANAL/span_AgrupDeleg"), 5): Object 'Object Repository/Pricing-Test Plan Regresión Core/Page_CANAL/span_AgrupDeleg' is present

09-12-2024T17:43:15 - [MESSAGE][PASSED] - Object 'Object Repository/Pricing-Test Plan Regresión Core/Page_CANAL/span_AgrupDeleg' is present

09-12-2024T17:43:15 - [TEST_STEP][PASSED] - verifyElementPresent(findTestObject("Pricing-Test Plan Regresión Core/Page_CANAL/span_AgrupDeleg"), 5): Object 'Object Repository/Pricing-Test Plan Regresión Core/Page_CANAL/span_AgrupDeleg' is present

09-12-2024T17:43:15 - [MESSAGE][PASSED] - Object 'Object Repository/Pricing-Test Plan Regresión Core/Page_CANAL/span_AgrupDeleg' is present

09-12-2024T17:43:15 - [TEST_STEP][PASSED] - click(findTestObject("Pricing-Test Plan Regresión Core/Page_CANAL/span_AgrupDeleg")): Object: 'Object Repository/Pricing-Test Plan Regresión Core/Page_CANAL/span_AgrupDeleg' is clicked on

09-12-2024T17:43:15 - [MESSAGE][PASSED] - Object: 'Object Repository/Pricing-Test Plan Regresión Core/Page_CANAL/span_AgrupDeleg' is clicked on

09-12-2024T17:43:15 - [TEST_STEP][PASSED] - waitForElementPresent(findTestObject("Pricing-Test Plan Regresión Core/Page_CANAL/span_VisualizarmodificarSellCode"), 5): Object 'Object Repository/Pricing-Test Plan Regresión Core/Page_CANAL/span_VisualizarmodificarSellCode' is present

09-12-2024T17:43:15 - [MESSAGE][PASSED] - Object 'Object Repository/Pricing-Test Plan Regresión Core/Page_CANAL/span_VisualizarmodificarSellCode' is present

09-12-2024T17:43:15 - [TEST_STEP][PASSED] - verifyElementPresent(findTestObject("Pricing-Test Plan Regresión Core/Page_CANAL/span_VisualizarmodificarSellCode"), 5): Object 'Object Repository/Pricing-Test Plan Regresión Core/Page_CANAL/span_VisualizarmodificarSellCode' is present

09-12-2024T17:43:16 - [MESSAGE][PASSED] - Object 'Object Repository/Pricing-Test Plan Regresión Core/Page_CANAL/span_VisualizarmodificarSellCode' is present

09-12-2024T17:43:16 - [TEST_STEP][FAILED] - click(findTestObject("Pricing-Test Plan Regresión Core/Page_CANAL/span_VisualizarmodificarSellCode")): Unable to click on object 'Object Repository/Pricing-Test Plan Regresión Core/Page_CANAL/span_VisualizarmodificarSellCode' (Root cause: com.kms.katalon.core.exception.StepFailedException: Unable to click on object 'Object Repository/Pricing-Test Plan Regresión Core/Page_CANAL/span_VisualizarmodificarSellCode'
	at com.kms.katalon.core.webui.keyword.internal.WebUIKeywordMain.stepFailed(WebUIKeywordMain.groovy:64)
	at com.kms.katalon.core.webui.keyword.internal.WebUIKeywordMain.runKeyword(WebUIKeywordMain.groovy:26)
	at com.kms.katalon.core.webui.keyword.builtin.ClickKeyword.click(ClickKeyword.groovy:74)
	at com.kms.katalon.core.webui.keyword.builtin.ClickKeyword.execute(ClickKeyword.groovy:40)
	at com.kms.katalon.core.keyword.internal.KeywordExecutor.executeKeywordForPlatform(KeywordExecutor.groovy:74)
	at com.kms.katalon.core.webui.keyword.WebUiBuiltInKeywords.click(WebUiBuiltInKeywords.groovy:659)
	at P25-XXXX-DELEGACIONES-Visualizar AgrupDelegaciones.run(P25-XXXX-DELEGACIONES-Visualizar AgrupDelegaciones:56)
	at com.kms.katalon.core.main.ScriptEngine.run(ScriptEngine.java:194)
	at com.kms.katalon.core.main.ScriptEngine.runScriptAsRawText(ScriptEngine.java:119)
	at com.kms.katalon.core.main.TestCaseExecutor.runScript(TestCaseExecutor.java:448)
	at com.kms.katalon.core.main.TestCaseExecutor.doExecute(TestCaseExecutor.java:439)
	at com.kms.katalon.core.main.TestCaseExecutor.processExecutionPhase(TestCaseExecutor.java:418)
	at com.kms.katalon.core.main.TestCaseExecutor.accessMainPhase(TestCaseExecutor.java:410)
	at com.kms.katalon.core.main.TestCaseExecutor.execute(TestCaseExecutor.java:285)
	at com.kms.katalon.core.main.TestCaseExecutor.execute(TestCaseExecutor.java:369)
	at com.kms.katalon.core.main.TestCaseExecutor.execute(TestCaseExecutor.java:369)
	at com.kms.katalon.core.main.TestCaseExecutor.execute(TestCaseExecutor.java:369)
	at com.kms.katalon.core.common.CommonExecutor.accessTestCaseMainPhase(CommonExecutor.java:65)
	at com.kms.katalon.core.main.TestSuiteExecutor.accessTestSuiteMainPhase(TestSuiteExecutor.java:150)
	at com.kms.katalon.core.main.TestSuiteExecutor.execute(TestSuiteExecutor.java:106)
	at com.kms.katalon.core.main.TestCaseMain.startTestSuite(TestCaseMain.java:180)
	at TempTestSuite1733762098648.run(TempTestSuite1733762098648.groovy:35)
	at java.base/jdk.internal.reflect.NativeMethodAccessorImpl.invoke0(Native Method)
	at java.base/jdk.internal.reflect.NativeMethodAccessorImpl.invoke(NativeMethodAccessorImpl.java:77)
	at java.base/jdk.internal.reflect.DelegatingMethodAccessorImpl.invoke(DelegatingMethodAccessorImpl.java:43)
Caused by: org.openqa.selenium.ElementNotInteractableException: element not interactable
  (Session info: chrome=131.0.6778.109)
Build info: version: '3.141.59', revision: 'unknown', time: 'unknown'
System info: host: 'MacBook-Pro-de-Antonio.local', ip: 'fe80:0:0:0:66:86cc:a946:7704%en0', os.name: 'Mac OS X', os.arch: 'aarch64', os.version: '14.6.1', java.version: '17.0.7'
Driver info: com.kms.katalon.selenium.driver.CChromeDriver
Capabilities {acceptInsecureCerts: false, browserName: chrome, browserVersion: 131.0.6778.109, chrome: {chromedriverVersion: 131.0.6778.85 (3d81e41b6f3a..., userDataDir: /var/folders/sz/p5ln5r2n5gb...}, fedcm:accounts: true, goog:chromeOptions: {debuggerAddress: localhost:60584}, javascriptEnabled: true, networkConnectionEnabled: false, pageLoadStrategy: normal, platform: MAC, platformName: MAC, proxy: Proxy(), setWindowRect: true, strictFileInteractability: false, timeouts: {implicit: 0, pageLoad: 300000, script: 30000}, unhandledPromptBehavior: dismiss and notify, webauthn:extension:credBlob: true, webauthn:extension:largeBlob: true, webauthn:extension:minPinLength: true, webauthn:extension:prf: true, webauthn:virtualAuthenticators: true}
Session ID: f470a738d775202347303ef3f2c266a9
	at java.base/jdk.internal.reflect.NativeConstructorAccessorImpl.newInstance0(Native Method)
	at java.base/jdk.internal.reflect.NativeConstructorAccessorImpl.newInstance(NativeConstructorAccessorImpl.java:77)
	at java.base/jdk.internal.reflect.DelegatingConstructorAccessorImpl.newInstance(DelegatingConstructorAccessorImpl.java:45)
	at org.openqa.selenium.remote.http.W3CHttpResponseCodec.createException(W3CHttpResponseCodec.java:187)
	at org.openqa.selenium.remote.http.W3CHttpResponseCodec.decode(W3CHttpResponseCodec.java:122)
	at org.openqa.selenium.remote.http.W3CHttpResponseCodec.decode(W3CHttpResponseCodec.java:49)
	at org.openqa.selenium.remote.HttpCommandExecutor.execute(HttpCommandExecutor.java:158)
	at org.openqa.selenium.remote.service.DriverCommandExecutor.execute(DriverCommandExecutor.java:83)
	at org.openqa.selenium.remote.RemoteWebDriver.execute(RemoteWebDriver.java:552)
	at com.kms.katalon.selenium.driver.CChromeDriver.execute(CChromeDriver.java:19)
	at org.openqa.selenium.remote.RemoteWebElement.execute(RemoteWebElement.java:285)
	at org.openqa.selenium.remote.RemoteWebElement.click(RemoteWebElement.java:84)
	at jdk.internal.reflect.GeneratedMethodAccessor19.invoke(Unknown Source)
	at java.base/jdk.internal.reflect.DelegatingMethodAccessorImpl.invoke(DelegatingMethodAccessorImpl.java:43)
	at org.openqa.selenium.support.events.EventFiringWebDriver$EventFiringWebElement.lambda$new$0(EventFiringWebDriver.java:404)
	at jdk.proxy2/jdk.proxy2.$Proxy24.click(Unknown Source)
	at org.openqa.selenium.support.events.EventFiringWebDriver$EventFiringWebElement.click(EventFiringWebDriver.java:417)
	at org.openqa.selenium.WebElement$click.call(Unknown Source)
	at com.kms.katalon.core.webui.keyword.builtin.ClickKeyword.clickUntilSuccessWithTimeout(ClickKeyword.groovy:81)
	at com.kms.katalon.core.webui.keyword.builtin.ClickKeyword.clickUntilSuccessWithTimeout(ClickKeyword.groovy)
	at jdk.internal.reflect.GeneratedMethodAccessor23.invoke(Unknown Source)
	at java.base/jdk.internal.reflect.DelegatingMethodAccessorImpl.invoke(DelegatingMethodAccessorImpl.java:43)
	at com.kms.katalon.core.webui.keyword.builtin.ClickKeyword$_click_closure1.doCall(ClickKeyword.groovy:67)
	at com.kms.katalon.core.webui.keyword.builtin.ClickKeyword$_click_closure1.call(ClickKeyword.groovy)
	at com.kms.katalon.core.webui.keyword.internal.WebUIKeywordMain.runKeyword(WebUIKeywordMain.groovy:20)
	at com.kms.katalon.core.webui.keyword.builtin.ClickKeyword.click(ClickKeyword.groovy:74)
	at com.kms.katalon.core.webui.keyword.builtin.ClickKeyword.execute(ClickKeyword.groovy:40)
	at com.kms.katalon.core.keyword.internal.KeywordExecutor.executeKeywordForPlatform(KeywordExecutor.groovy:74)
	at com.kms.katalon.core.webui.keyword.WebUiBuiltInKeywords.click(WebUiBuiltInKeywords.groovy:659)
	at Script1733761717008.run(Script1733761717008.groovy:56)
	... 18 more
)

09-12-2024T17:43:16 - [MESSAGE][FAILED] - Unable to click on object 'Object Repository/Pricing-Test Plan Regresión Core/Page_CANAL/span_VisualizarmodificarSellCode' (Root cause: com.kms.katalon.core.exception.StepFailedException: Unable to click on object 'Object Repository/Pricing-Test Plan Regresión Core/Page_CANAL/span_VisualizarmodificarSellCode'
	at com.kms.katalon.core.webui.keyword.internal.WebUIKeywordMain.stepFailed(WebUIKeywordMain.groovy:64)
	at com.kms.katalon.core.webui.keyword.internal.WebUIKeywordMain.runKeyword(WebUIKeywordMain.groovy:26)
	at com.kms.katalon.core.webui.keyword.builtin.ClickKeyword.click(ClickKeyword.groovy:74)
	at com.kms.katalon.core.webui.keyword.builtin.ClickKeyword.execute(ClickKeyword.groovy:40)
	at com.kms.katalon.core.keyword.internal.KeywordExecutor.executeKeywordForPlatform(KeywordExecutor.groovy:74)
	at com.kms.katalon.core.webui.keyword.WebUiBuiltInKeywords.click(WebUiBuiltInKeywords.groovy:659)
	at P25-XXXX-DELEGACIONES-Visualizar AgrupDelegaciones.run(P25-XXXX-DELEGACIONES-Visualizar AgrupDelegaciones:56)
	at com.kms.katalon.core.main.ScriptEngine.run(ScriptEngine.java:194)
	at com.kms.katalon.core.main.ScriptEngine.runScriptAsRawText(ScriptEngine.java:119)
	at com.kms.katalon.core.main.TestCaseExecutor.runScript(TestCaseExecutor.java:448)
	at com.kms.katalon.core.main.TestCaseExecutor.doExecute(TestCaseExecutor.java:439)
	at com.kms.katalon.core.main.TestCaseExecutor.processExecutionPhase(TestCaseExecutor.java:418)
	at com.kms.katalon.core.main.TestCaseExecutor.accessMainPhase(TestCaseExecutor.java:410)
	at com.kms.katalon.core.main.TestCaseExecutor.execute(TestCaseExecutor.java:285)
	at com.kms.katalon.core.main.TestCaseExecutor.execute(TestCaseExecutor.java:369)
	at com.kms.katalon.core.main.TestCaseExecutor.execute(TestCaseExecutor.java:369)
	at com.kms.katalon.core.main.TestCaseExecutor.execute(TestCaseExecutor.java:369)
	at com.kms.katalon.core.common.CommonExecutor.accessTestCaseMainPhase(CommonExecutor.java:65)
	at com.kms.katalon.core.main.TestSuiteExecutor.accessTestSuiteMainPhase(TestSuiteExecutor.java:150)
	at com.kms.katalon.core.main.TestSuiteExecutor.execute(TestSuiteExecutor.java:106)
	at com.kms.katalon.core.main.TestCaseMain.startTestSuite(TestCaseMain.java:180)
	at TempTestSuite1733762098648.run(TempTestSuite1733762098648.groovy:35)
	at java.base/jdk.internal.reflect.NativeMethodAccessorImpl.invoke0(Native Method)
	at java.base/jdk.internal.reflect.NativeMethodAccessorImpl.invoke(NativeMethodAccessorImpl.java:77)
	at java.base/jdk.internal.reflect.DelegatingMethodAccessorImpl.invoke(DelegatingMethodAccessorImpl.java:43)
Caused by: org.openqa.selenium.ElementNotInteractableException: element not interactable
  (Session info: chrome=131.0.6778.109)
Build info: version: '3.141.59', revision: 'unknown', time: 'unknown'
System info: host: 'MacBook-Pro-de-Antonio.local', ip: 'fe80:0:0:0:66:86cc:a946:7704%en0', os.name: 'Mac OS X', os.arch: 'aarch64', os.version: '14.6.1', java.version: '17.0.7'
Driver info: com.kms.katalon.selenium.driver.CChromeDriver
Capabilities {acceptInsecureCerts: false, browserName: chrome, browserVersion: 131.0.6778.109, chrome: {chromedriverVersion: 131.0.6778.85 (3d81e41b6f3a..., userDataDir: /var/folders/sz/p5ln5r2n5gb...}, fedcm:accounts: true, goog:chromeOptions: {debuggerAddress: localhost:60584}, javascriptEnabled: true, networkConnectionEnabled: false, pageLoadStrategy: normal, platform: MAC, platformName: MAC, proxy: Proxy(), setWindowRect: true, strictFileInteractability: false, timeouts: {implicit: 0, pageLoad: 300000, script: 30000}, unhandledPromptBehavior: dismiss and notify, webauthn:extension:credBlob: true, webauthn:extension:largeBlob: true, webauthn:extension:minPinLength: true, webauthn:extension:prf: true, webauthn:virtualAuthenticators: true}
Session ID: f470a738d775202347303ef3f2c266a9
	at java.base/jdk.internal.reflect.NativeConstructorAccessorImpl.newInstance0(Native Method)
	at java.base/jdk.internal.reflect.NativeConstructorAccessorImpl.newInstance(NativeConstructorAccessorImpl.java:77)
	at java.base/jdk.internal.reflect.DelegatingConstructorAccessorImpl.newInstance(DelegatingConstructorAccessorImpl.java:45)
	at org.openqa.selenium.remote.http.W3CHttpResponseCodec.createException(W3CHttpResponseCodec.java:187)
	at org.openqa.selenium.remote.http.W3CHttpResponseCodec.decode(W3CHttpResponseCodec.java:122)
	at org.openqa.selenium.remote.http.W3CHttpResponseCodec.decode(W3CHttpResponseCodec.java:49)
	at org.openqa.selenium.remote.HttpCommandExecutor.execute(HttpCommandExecutor.java:158)
	at org.openqa.selenium.remote.service.DriverCommandExecutor.execute(DriverCommandExecutor.java:83)
	at org.openqa.selenium.remote.RemoteWebDriver.execute(RemoteWebDriver.java:552)
	at com.kms.katalon.selenium.driver.CChromeDriver.execute(CChromeDriver.java:19)
	at org.openqa.selenium.remote.RemoteWebElement.execute(RemoteWebElement.java:285)
	at org.openqa.selenium.remote.RemoteWebElement.click(RemoteWebElement.java:84)
	at jdk.internal.reflect.GeneratedMethodAccessor19.invoke(Unknown Source)
	at java.base/jdk.internal.reflect.DelegatingMethodAccessorImpl.invoke(DelegatingMethodAccessorImpl.java:43)
	at org.openqa.selenium.support.events.EventFiringWebDriver$EventFiringWebElement.lambda$new$0(EventFiringWebDriver.java:404)
	at jdk.proxy2/jdk.proxy2.$Proxy24.click(Unknown Source)
	at org.openqa.selenium.support.events.EventFiringWebDriver$EventFiringWebElement.click(EventFiringWebDriver.java:417)
	at org.openqa.selenium.WebElement$click.call(Unknown Source)
	at com.kms.katalon.core.webui.keyword.builtin.ClickKeyword.clickUntilSuccessWithTimeout(ClickKeyword.groovy:81)
	at com.kms.katalon.core.webui.keyword.builtin.ClickKeyword.clickUntilSuccessWithTimeout(ClickKeyword.groovy)
	at jdk.internal.reflect.GeneratedMethodAccessor23.invoke(Unknown Source)
	at java.base/jdk.internal.reflect.DelegatingMethodAccessorImpl.invoke(DelegatingMethodAccessorImpl.java:43)
	at com.kms.katalon.core.webui.keyword.builtin.ClickKeyword$_click_closure1.doCall(ClickKeyword.groovy:67)
	at com.kms.katalon.core.webui.keyword.builtin.ClickKeyword$_click_closure1.call(ClickKeyword.groovy)
	at com.kms.katalon.core.webui.keyword.internal.WebUIKeywordMain.runKeyword(WebUIKeywordMain.groovy:20)
	at com.kms.katalon.core.webui.keyword.builtin.ClickKeyword.click(ClickKeyword.groovy:74)
	at com.kms.katalon.core.webui.keyword.builtin.ClickKeyword.execute(ClickKeyword.groovy:40)
	at com.kms.katalon.core.keyword.internal.KeywordExecutor.executeKeywordForPlatform(KeywordExecutor.groovy:74)
	at com.kms.katalon.core.webui.keyword.WebUiBuiltInKeywords.click(WebUiBuiltInKeywords.groovy:659)
	at Script1733761717008.run(Script1733761717008.groovy:56)
	... 18 more
)
[[ATTACHMENT|/Users/afernandezd/Katalon Studio/Pricing-PrimeraPrueba/Reports/20241209_173457/PRICING-Test Plan Regresi\u00F3n Core/20241209_173458/1733762596270.png]]]]></system-out>
         <system-err><![CDATA[09-12-2024T17:43:03 - [TEST_CASE][FAILED] - Test Cases/PRICING-Test Plan Regresión Core/P25-XXXX-DELEGACIONES-Visualizar AgrupDelegaciones: Test Cases/PRICING-Test Plan Regresión Core/P25-XXXX-DELEGACIONES-Visualizar AgrupDelegaciones FAILED.
Reason:
com.kms.katalon.core.exception.StepFailedException: Unable to click on object 'Object Repository/Pricing-Test Plan Regresión Core/Page_CANAL/span_VisualizarmodificarSellCode'
	at com.kms.katalon.core.webui.keyword.internal.WebUIKeywordMain.stepFailed(WebUIKeywordMain.groovy:64)
	at com.kms.katalon.core.webui.keyword.internal.WebUIKeywordMain.runKeyword(WebUIKeywordMain.groovy:26)
	at com.kms.katalon.core.webui.keyword.builtin.ClickKeyword.click(ClickKeyword.groovy:74)
	at com.kms.katalon.core.webui.keyword.builtin.ClickKeyword.execute(ClickKeyword.groovy:40)
	at com.kms.katalon.core.keyword.internal.KeywordExecutor.executeKeywordForPlatform(KeywordExecutor.groovy:74)
	at com.kms.katalon.core.webui.keyword.WebUiBuiltInKeywords.click(WebUiBuiltInKeywords.groovy:659)
	at P25-XXXX-DELEGACIONES-Visualizar AgrupDelegaciones.run(P25-XXXX-DELEGACIONES-Visualizar AgrupDelegaciones:56)
	at com.kms.katalon.core.main.ScriptEngine.run(ScriptEngine.java:194)
	at com.kms.katalon.core.main.ScriptEngine.runScriptAsRawText(ScriptEngine.java:119)
	at com.kms.katalon.core.main.TestCaseExecutor.runScript(TestCaseExecutor.java:448)
	at com.kms.katalon.core.main.TestCaseExecutor.doExecute(TestCaseExecutor.java:439)
	at com.kms.katalon.core.main.TestCaseExecutor.processExecutionPhase(TestCaseExecutor.java:418)
	at com.kms.katalon.core.main.TestCaseExecutor.accessMainPhase(TestCaseExecutor.java:410)
	at com.kms.katalon.core.main.TestCaseExecutor.execute(TestCaseExecutor.java:285)
	at com.kms.katalon.core.main.TestCaseExecutor.execute(TestCaseExecutor.java:369)
	at com.kms.katalon.core.main.TestCaseExecutor.execute(TestCaseExecutor.java:369)
	at com.kms.katalon.core.main.TestCaseExecutor.execute(TestCaseExecutor.java:369)
	at com.kms.katalon.core.common.CommonExecutor.accessTestCaseMainPhase(CommonExecutor.java:65)
	at com.kms.katalon.core.main.TestSuiteExecutor.accessTestSuiteMainPhase(TestSuiteExecutor.java:150)
	at com.kms.katalon.core.main.TestSuiteExecutor.execute(TestSuiteExecutor.java:106)
	at com.kms.katalon.core.main.TestCaseMain.startTestSuite(TestCaseMain.java:180)
	at TempTestSuite1733762098648.run(TempTestSuite1733762098648.groovy:35)
	at java.base/jdk.internal.reflect.NativeMethodAccessorImpl.invoke0(Native Method)
	at java.base/jdk.internal.reflect.NativeMethodAccessorImpl.invoke(NativeMethodAccessorImpl.java:77)
	at java.base/jdk.internal.reflect.DelegatingMethodAccessorImpl.invoke(DelegatingMethodAccessorImpl.java:43)
Caused by: org.openqa.selenium.ElementNotInteractableException: element not interactable
  (Session info: chrome=131.0.6778.109)
Build info: version: '3.141.59', revision: 'unknown', time: 'unknown'
System info: host: 'MacBook-Pro-de-Antonio.local', ip: 'fe80:0:0:0:66:86cc:a946:7704%en0', os.name: 'Mac OS X', os.arch: 'aarch64', os.version: '14.6.1', java.version: '17.0.7'
Driver info: com.kms.katalon.selenium.driver.CChromeDriver
Capabilities {acceptInsecureCerts: false, browserName: chrome, browserVersion: 131.0.6778.109, chrome: {chromedriverVersion: 131.0.6778.85 (3d81e41b6f3a..., userDataDir: /var/folders/sz/p5ln5r2n5gb...}, fedcm:accounts: true, goog:chromeOptions: {debuggerAddress: localhost:60584}, javascriptEnabled: true, networkConnectionEnabled: false, pageLoadStrategy: normal, platform: MAC, platformName: MAC, proxy: Proxy(), setWindowRect: true, strictFileInteractability: false, timeouts: {implicit: 0, pageLoad: 300000, script: 30000}, unhandledPromptBehavior: dismiss and notify, webauthn:extension:credBlob: true, webauthn:extension:largeBlob: true, webauthn:extension:minPinLength: true, webauthn:extension:prf: true, webauthn:virtualAuthenticators: true}
Session ID: f470a738d775202347303ef3f2c266a9
	at java.base/jdk.internal.reflect.NativeConstructorAccessorImpl.newInstance0(Native Method)
	at java.base/jdk.internal.reflect.NativeConstructorAccessorImpl.newInstance(NativeConstructorAccessorImpl.java:77)
	at java.base/jdk.internal.reflect.DelegatingConstructorAccessorImpl.newInstance(DelegatingConstructorAccessorImpl.java:45)
	at org.openqa.selenium.remote.http.W3CHttpResponseCodec.createException(W3CHttpResponseCodec.java:187)
	at org.openqa.selenium.remote.http.W3CHttpResponseCodec.decode(W3CHttpResponseCodec.java:122)
	at org.openqa.selenium.remote.http.W3CHttpResponseCodec.decode(W3CHttpResponseCodec.java:49)
	at org.openqa.selenium.remote.HttpCommandExecutor.execute(HttpCommandExecutor.java:158)
	at org.openqa.selenium.remote.service.DriverCommandExecutor.execute(DriverCommandExecutor.java:83)
	at org.openqa.selenium.remote.RemoteWebDriver.execute(RemoteWebDriver.java:552)
	at com.kms.katalon.selenium.driver.CChromeDriver.execute(CChromeDriver.java:19)
	at org.openqa.selenium.remote.RemoteWebElement.execute(RemoteWebElement.java:285)
	at org.openqa.selenium.remote.RemoteWebElement.click(RemoteWebElement.java:84)
	at jdk.internal.reflect.GeneratedMethodAccessor19.invoke(Unknown Source)
	at java.base/jdk.internal.reflect.DelegatingMethodAccessorImpl.invoke(DelegatingMethodAccessorImpl.java:43)
	at org.openqa.selenium.support.events.EventFiringWebDriver$EventFiringWebElement.lambda$new$0(EventFiringWebDriver.java:404)
	at jdk.proxy2/jdk.proxy2.$Proxy24.click(Unknown Source)
	at org.openqa.selenium.support.events.EventFiringWebDriver$EventFiringWebElement.click(EventFiringWebDriver.java:417)
	at org.openqa.selenium.WebElement$click.call(Unknown Source)
	at com.kms.katalon.core.webui.keyword.builtin.ClickKeyword.clickUntilSuccessWithTimeout(ClickKeyword.groovy:81)
	at com.kms.katalon.core.webui.keyword.builtin.ClickKeyword.clickUntilSuccessWithTimeout(ClickKeyword.groovy)
	at jdk.internal.reflect.GeneratedMethodAccessor23.invoke(Unknown Source)
	at java.base/jdk.internal.reflect.DelegatingMethodAccessorImpl.invoke(DelegatingMethodAccessorImpl.java:43)
	at com.kms.katalon.core.webui.keyword.builtin.ClickKeyword$_click_closure1.doCall(ClickKeyword.groovy:67)
	at com.kms.katalon.core.webui.keyword.builtin.ClickKeyword$_click_closure1.call(ClickKeyword.groovy)
	at com.kms.katalon.core.webui.keyword.internal.WebUIKeywordMain.runKeyword(WebUIKeywordMain.groovy:20)
	... 23 more]]></system-err>
      </testcase>
      <testcase name="Test Cases/PRICING-Test Plan Regresión Core/P25-XXXX-CANAL-Visualizar Canales" time="14.752" classname="Test Cases/PRICING-Test Plan Regresión Core/P25-XXXX-CANAL-Visualizar Canales" status="PASSED">
         <system-out><![CDATA[09-12-2024T17:43:16 - [TEST_CASE][PASSED] - Test Cases/PRICING-Test Plan Regresión Core/P25-XXXX-CANAL-Visualizar Canales: Test Cases/PRICING-Test Plan Regresión Core/P25-XXXX-CANAL-Visualizar Canales

09-12-2024T17:43:16 - [TEST_STEP][PASSED] - openBrowser(""): Browser is opened with url: ''

09-12-2024T17:43:16 - [MESSAGE][WARNING] - A browser is already opened. Closing browser and opening a new one

09-12-2024T17:43:16 - [MESSAGE][INFO] - Starting 'Chrome' driver

09-12-2024T17:43:16 - [MESSAGE][INFO] - Action delay is set to 0 milliseconds

09-12-2024T17:43:17 - [MESSAGE][PASSED] - Browser is opened with url: ''

09-12-2024T17:43:17 - [TEST_STEP][PASSED] - navigateToUrl("https://pre-sales.recordgo.cloud/login"): Navigate to 'https://pre-sales.recordgo.cloud/login' successfully

09-12-2024T17:43:22 - [MESSAGE][PASSED] - Navigate to 'https://pre-sales.recordgo.cloud/login' successfully

09-12-2024T17:43:22 - [TEST_STEP][PASSED] - maximizeWindow(): Current window maximized

09-12-2024T17:43:22 - [MESSAGE][PASSED] - Current window maximized

09-12-2024T17:43:22 - [TEST_STEP][PASSED] - setText(findTestObject("Pricing-Test Plan Regresión Core/Page_Login/input_Log in to your account__username"), "antonio.diego"): Text 'antonio.diego' is set on object 'Object Repository/Pricing-Test Plan Regresión Core/Page_Login/input_Log in to your account__username'

09-12-2024T17:43:23 - [MESSAGE][PASSED] - Text 'antonio.diego' is set on object 'Object Repository/Pricing-Test Plan Regresión Core/Page_Login/input_Log in to your account__username'

09-12-2024T17:43:23 - [TEST_STEP][PASSED] - setEncryptedText(findTestObject("Object Repository/Pricing-Test Plan Regresión Core/Page_Login/input_Log in to your account__password"), "4WoE78dHD36JvULd0ZrVWg=="): Text ****** has been set on object 'Object Repository/Pricing-Test Plan Regresión Core/Page_Login/input_Log in to your account__password'

09-12-2024T17:43:23 - [MESSAGE][PASSED] - Text ****** has been set on object 'Object Repository/Pricing-Test Plan Regresión Core/Page_Login/input_Log in to your account__password'

09-12-2024T17:43:23 - [TEST_STEP][PASSED] - selectOptionByValue(findTestObject("Object Repository/Pricing-Test Plan Regresión Core/Page_Login/select_Select an option CANARY ISLAND"), "IC", true): All options with value 'IC' are selected in object 'Object Repository/Pricing-Test Plan Regresión Core/Page_Login/select_Select an option CANARY ISLAND'  using regular expression

09-12-2024T17:43:24 - [MESSAGE][PASSED] - All options with value 'IC' are selected in object 'Object Repository/Pricing-Test Plan Regresión Core/Page_Login/select_Select an option CANARY ISLAND'  using regular expression

09-12-2024T17:43:24 - [TEST_STEP][PASSED] - click(findTestObject("Pricing-Test Plan Regresión Core/Page_Login/button_Login")): Object: 'Object Repository/Pricing-Test Plan Regresión Core/Page_Login/button_Login' is clicked on

09-12-2024T17:43:26 - [MESSAGE][PASSED] - Object: 'Object Repository/Pricing-Test Plan Regresión Core/Page_Login/button_Login' is clicked on

09-12-2024T17:43:26 - [TEST_STEP][PASSED] - waitForElementVisible(findTestObject("Pricing-Test Plan Regresión Core/Page_PRICING/img"), 5): Object 'Object Repository/Pricing-Test Plan Regresión Core/Page_PRICING/img' is visible

09-12-2024T17:43:26 - [MESSAGE][PASSED] - Object 'Object Repository/Pricing-Test Plan Regresión Core/Page_PRICING/img' is visible

09-12-2024T17:43:27 - [TEST_STEP][PASSED] - waitForElementPresent(findTestObject("Pricing-Test Plan Regresión Core/Page_CANAL/span_CANALES"), 5): Object 'Object Repository/Pricing-Test Plan Regresión Core/Page_CANAL/span_CANALES' is present

09-12-2024T17:43:27 - [MESSAGE][PASSED] - Object 'Object Repository/Pricing-Test Plan Regresión Core/Page_CANAL/span_CANALES' is present

09-12-2024T17:43:27 - [TEST_STEP][PASSED] - click(findTestObject("Pricing-Test Plan Regresión Core/Page_CANAL/span_CANALES")): Object: 'Object Repository/Pricing-Test Plan Regresión Core/Page_CANAL/span_CANALES' is clicked on

09-12-2024T17:43:27 - [MESSAGE][PASSED] - Object: 'Object Repository/Pricing-Test Plan Regresión Core/Page_CANAL/span_CANALES' is clicked on

09-12-2024T17:43:27 - [TEST_STEP][PASSED] - verifyElementPresent(findTestObject("Pricing-Test Plan Regresión Core/Page_CANAL/span_CANALES"), 5): Object 'Object Repository/Pricing-Test Plan Regresión Core/Page_CANAL/span_CANALES' is present

09-12-2024T17:43:27 - [MESSAGE][PASSED] - Object 'Object Repository/Pricing-Test Plan Regresión Core/Page_CANAL/span_CANALES' is present

09-12-2024T17:43:27 - [TEST_STEP][PASSED] - waitForElementPresent(findTestObject("Pricing-Test Plan Regresión Core/Page_CANAL/span_TiposSellCode - Copy"), 5): Object 'Object Repository/Pricing-Test Plan Regresión Core/Page_CANAL/span_TiposSellCode - Copy' is present

09-12-2024T17:43:27 - [MESSAGE][PASSED] - Object 'Object Repository/Pricing-Test Plan Regresión Core/Page_CANAL/span_TiposSellCode - Copy' is present

09-12-2024T17:43:27 - [TEST_STEP][PASSED] - verifyElementPresent(findTestObject("Pricing-Test Plan Regresión Core/Page_CANAL/span_TiposSellCode - Copy"), 5): Object 'Object Repository/Pricing-Test Plan Regresión Core/Page_CANAL/span_TiposSellCode - Copy' is present

09-12-2024T17:43:28 - [MESSAGE][PASSED] - Object 'Object Repository/Pricing-Test Plan Regresión Core/Page_CANAL/span_TiposSellCode - Copy' is present

09-12-2024T17:43:28 - [TEST_STEP][PASSED] - click(findTestObject("Pricing-Test Plan Regresión Core/Page_CANAL/span_TiposSellCode - Copy")): Object: 'Object Repository/Pricing-Test Plan Regresión Core/Page_CANAL/span_TiposSellCode - Copy' is clicked on

09-12-2024T17:43:28 - [MESSAGE][PASSED] - Object: 'Object Repository/Pricing-Test Plan Regresión Core/Page_CANAL/span_TiposSellCode - Copy' is clicked on

09-12-2024T17:43:28 - [TEST_STEP][PASSED] - waitForElementPresent(findTestObject("Pricing-Test Plan Regresión Core/Page_CANAL/span_VisualizarmodificarCanales"), 5): Object 'Object Repository/Pricing-Test Plan Regresión Core/Page_CANAL/span_VisualizarmodificarCanales' is present

09-12-2024T17:43:28 - [MESSAGE][PASSED] - Object 'Object Repository/Pricing-Test Plan Regresión Core/Page_CANAL/span_VisualizarmodificarCanales' is present

09-12-2024T17:43:28 - [TEST_STEP][PASSED] - verifyElementPresent(findTestObject("Pricing-Test Plan Regresión Core/Page_CANAL/span_VisualizarmodificarCanales"), 5): Object 'Object Repository/Pricing-Test Plan Regresión Core/Page_CANAL/span_VisualizarmodificarCanales' is present

09-12-2024T17:43:28 - [MESSAGE][PASSED] - Object 'Object Repository/Pricing-Test Plan Regresión Core/Page_CANAL/span_VisualizarmodificarCanales' is present

09-12-2024T17:43:28 - [TEST_STEP][PASSED] - click(findTestObject("Pricing-Test Plan Regresión Core/Page_CANAL/span_VisualizarmodificarCanales")): Object: 'Object Repository/Pricing-Test Plan Regresión Core/Page_CANAL/span_VisualizarmodificarCanales' is clicked on

09-12-2024T17:43:30 - [MESSAGE][PASSED] - Object: 'Object Repository/Pricing-Test Plan Regresión Core/Page_CANAL/span_VisualizarmodificarCanales' is clicked on

09-12-2024T17:43:30 - [TEST_STEP][PASSED] - waitForElementPresent(findTestObject("Pricing-Test Plan Regresión Core/Page_Visualizar PRODUCTOS/h1_Registros totales"), 5): Object 'Object Repository/Pricing-Test Plan Regresión Core/Page_Visualizar PRODUCTOS/h1_Registros totales' is present

09-12-2024T17:43:30 - [MESSAGE][PASSED] - Object 'Object Repository/Pricing-Test Plan Regresión Core/Page_Visualizar PRODUCTOS/h1_Registros totales' is present

09-12-2024T17:43:30 - [TEST_STEP][PASSED] - verifyElementPresent(findTestObject("Pricing-Test Plan Regresión Core/Page_Visualizar PRODUCTOS/h1_Registros totales"), 5): Object 'Object Repository/Pricing-Test Plan Regresión Core/Page_Visualizar PRODUCTOS/h1_Registros totales' is present

09-12-2024T17:43:30 - [MESSAGE][PASSED] - Object 'Object Repository/Pricing-Test Plan Regresión Core/Page_Visualizar PRODUCTOS/h1_Registros totales' is present

09-12-2024T17:43:30 - [TEST_STEP][PASSED] - closeBrowser(): Browser is closed

09-12-2024T17:43:31 - [MESSAGE][PASSED] - Browser is closed]]></system-out>
         <system-err><![CDATA[]]></system-err>
      </testcase>
      <testcase name="Test Cases/PRICING-Test Plan Regresión Core/P25-XXXX-DELEGACIONES-Visualizar Delegaciones" time="15.047" classname="Test Cases/PRICING-Test Plan Regresión Core/P25-XXXX-DELEGACIONES-Visualizar Delegaciones" status="PASSED">
         <system-out><![CDATA[09-12-2024T17:43:31 - [TEST_CASE][PASSED] - Test Cases/PRICING-Test Plan Regresión Core/P25-XXXX-DELEGACIONES-Visualizar Delegaciones: Test Cases/PRICING-Test Plan Regresión Core/P25-XXXX-DELEGACIONES-Visualizar Delegaciones

09-12-2024T17:43:31 - [TEST_STEP][PASSED] - openBrowser(""): Browser is opened with url: ''

09-12-2024T17:43:31 - [MESSAGE][INFO] - Starting 'Chrome' driver

09-12-2024T17:43:31 - [MESSAGE][INFO] - Action delay is set to 0 milliseconds

09-12-2024T17:43:31 - [MESSAGE][PASSED] - Browser is opened with url: ''

09-12-2024T17:43:31 - [TEST_STEP][PASSED] - navigateToUrl("https://pre-sales.recordgo.cloud/login"): Navigate to 'https://pre-sales.recordgo.cloud/login' successfully

09-12-2024T17:43:37 - [MESSAGE][PASSED] - Navigate to 'https://pre-sales.recordgo.cloud/login' successfully

09-12-2024T17:43:37 - [TEST_STEP][PASSED] - maximizeWindow(): Current window maximized

09-12-2024T17:43:37 - [MESSAGE][PASSED] - Current window maximized

09-12-2024T17:43:37 - [TEST_STEP][PASSED] - setText(findTestObject("Pricing-Test Plan Regresión Core/Page_Login/input_Log in to your account__username"), "antonio.diego"): Text 'antonio.diego' is set on object 'Object Repository/Pricing-Test Plan Regresión Core/Page_Login/input_Log in to your account__username'

09-12-2024T17:43:37 - [MESSAGE][PASSED] - Text 'antonio.diego' is set on object 'Object Repository/Pricing-Test Plan Regresión Core/Page_Login/input_Log in to your account__username'

09-12-2024T17:43:37 - [TEST_STEP][PASSED] - setEncryptedText(findTestObject("Object Repository/Pricing-Test Plan Regresión Core/Page_Login/input_Log in to your account__password"), "4WoE78dHD36JvULd0ZrVWg=="): Text ****** has been set on object 'Object Repository/Pricing-Test Plan Regresión Core/Page_Login/input_Log in to your account__password'

09-12-2024T17:43:38 - [MESSAGE][PASSED] - Text ****** has been set on object 'Object Repository/Pricing-Test Plan Regresión Core/Page_Login/input_Log in to your account__password'

09-12-2024T17:43:38 - [TEST_STEP][PASSED] - selectOptionByValue(findTestObject("Object Repository/Pricing-Test Plan Regresión Core/Page_Login/select_Select an option CANARY ISLAND"), "IC", true): All options with value 'IC' are selected in object 'Object Repository/Pricing-Test Plan Regresión Core/Page_Login/select_Select an option CANARY ISLAND'  using regular expression

09-12-2024T17:43:38 - [MESSAGE][PASSED] - All options with value 'IC' are selected in object 'Object Repository/Pricing-Test Plan Regresión Core/Page_Login/select_Select an option CANARY ISLAND'  using regular expression

09-12-2024T17:43:38 - [TEST_STEP][PASSED] - click(findTestObject("Pricing-Test Plan Regresión Core/Page_Login/button_Login")): Object: 'Object Repository/Pricing-Test Plan Regresión Core/Page_Login/button_Login' is clicked on

09-12-2024T17:43:40 - [MESSAGE][PASSED] - Object: 'Object Repository/Pricing-Test Plan Regresión Core/Page_Login/button_Login' is clicked on

09-12-2024T17:43:40 - [TEST_STEP][PASSED] - waitForElementVisible(findTestObject("Pricing-Test Plan Regresión Core/Page_PRICING/img"), 5): Object 'Object Repository/Pricing-Test Plan Regresión Core/Page_PRICING/img' is visible

09-12-2024T17:43:41 - [MESSAGE][PASSED] - Object 'Object Repository/Pricing-Test Plan Regresión Core/Page_PRICING/img' is visible

09-12-2024T17:43:41 - [TEST_STEP][PASSED] - waitForElementPresent(findTestObject("Pricing-Test Plan Regresión Core/Page_CANAL/span_DELEGACIONES"), 5): Object 'Object Repository/Pricing-Test Plan Regresión Core/Page_CANAL/span_DELEGACIONES' is present

09-12-2024T17:43:41 - [MESSAGE][PASSED] - Object 'Object Repository/Pricing-Test Plan Regresión Core/Page_CANAL/span_DELEGACIONES' is present

09-12-2024T17:43:41 - [TEST_STEP][PASSED] - verifyElementPresent(findTestObject("Pricing-Test Plan Regresión Core/Page_CANAL/span_DELEGACIONES"), 5): Object 'Object Repository/Pricing-Test Plan Regresión Core/Page_CANAL/span_DELEGACIONES' is present

09-12-2024T17:43:41 - [MESSAGE][PASSED] - Object 'Object Repository/Pricing-Test Plan Regresión Core/Page_CANAL/span_DELEGACIONES' is present

09-12-2024T17:43:41 - [TEST_STEP][PASSED] - click(findTestObject("Pricing-Test Plan Regresión Core/Page_CANAL/span_DELEGACIONES")): Object: 'Object Repository/Pricing-Test Plan Regresión Core/Page_CANAL/span_DELEGACIONES' is clicked on

09-12-2024T17:43:41 - [MESSAGE][PASSED] - Object: 'Object Repository/Pricing-Test Plan Regresión Core/Page_CANAL/span_DELEGACIONES' is clicked on

09-12-2024T17:43:41 - [TEST_STEP][PASSED] - waitForElementPresent(findTestObject("Pricing-Test Plan Regresión Core/Page_CANAL/span_General - Copy"), 5): Object 'Object Repository/Pricing-Test Plan Regresión Core/Page_CANAL/span_General - Copy' is present

09-12-2024T17:43:42 - [MESSAGE][PASSED] - Object 'Object Repository/Pricing-Test Plan Regresión Core/Page_CANAL/span_General - Copy' is present

09-12-2024T17:43:42 - [TEST_STEP][PASSED] - verifyElementPresent(findTestObject("Pricing-Test Plan Regresión Core/Page_CANAL/span_General - Copy"), 5): Object 'Object Repository/Pricing-Test Plan Regresión Core/Page_CANAL/span_General - Copy' is present

09-12-2024T17:43:42 - [MESSAGE][PASSED] - Object 'Object Repository/Pricing-Test Plan Regresión Core/Page_CANAL/span_General - Copy' is present

09-12-2024T17:43:42 - [TEST_STEP][PASSED] - click(findTestObject("Pricing-Test Plan Regresión Core/Page_CANAL/span_General - Copy")): Object: 'Object Repository/Pricing-Test Plan Regresión Core/Page_CANAL/span_General - Copy' is clicked on

09-12-2024T17:43:42 - [MESSAGE][PASSED] - Object: 'Object Repository/Pricing-Test Plan Regresión Core/Page_CANAL/span_General - Copy' is clicked on

09-12-2024T17:43:42 - [TEST_STEP][PASSED] - waitForElementPresent(findTestObject("Pricing-Test Plan Regresión Core/Page_CANAL/span_VisualizarmodificarDelegaciones"), 5): Object 'Object Repository/Pricing-Test Plan Regresión Core/Page_CANAL/span_VisualizarmodificarDelegaciones' is present

09-12-2024T17:43:42 - [MESSAGE][PASSED] - Object 'Object Repository/Pricing-Test Plan Regresión Core/Page_CANAL/span_VisualizarmodificarDelegaciones' is present

09-12-2024T17:43:42 - [TEST_STEP][PASSED] - verifyElementPresent(findTestObject("Pricing-Test Plan Regresión Core/Page_CANAL/span_VisualizarmodificarDelegaciones"), 5): Object 'Object Repository/Pricing-Test Plan Regresión Core/Page_CANAL/span_VisualizarmodificarDelegaciones' is present

09-12-2024T17:43:43 - [MESSAGE][PASSED] - Object 'Object Repository/Pricing-Test Plan Regresión Core/Page_CANAL/span_VisualizarmodificarDelegaciones' is present

09-12-2024T17:43:43 - [TEST_STEP][PASSED] - click(findTestObject("Pricing-Test Plan Regresión Core/Page_CANAL/span_VisualizarmodificarDelegaciones")): Object: 'Object Repository/Pricing-Test Plan Regresión Core/Page_CANAL/span_VisualizarmodificarDelegaciones' is clicked on

09-12-2024T17:43:45 - [MESSAGE][PASSED] - Object: 'Object Repository/Pricing-Test Plan Regresión Core/Page_CANAL/span_VisualizarmodificarDelegaciones' is clicked on

09-12-2024T17:43:45 - [TEST_STEP][PASSED] - waitForElementPresent(findTestObject("Pricing-Test Plan Regresión Core/Page_Visualizar PRODUCTOS/h1_Registros totales"), 5): Object 'Object Repository/Pricing-Test Plan Regresión Core/Page_Visualizar PRODUCTOS/h1_Registros totales' is present

09-12-2024T17:43:45 - [MESSAGE][PASSED] - Object 'Object Repository/Pricing-Test Plan Regresión Core/Page_Visualizar PRODUCTOS/h1_Registros totales' is present

09-12-2024T17:43:45 - [TEST_STEP][PASSED] - verifyElementPresent(findTestObject("Pricing-Test Plan Regresión Core/Page_Visualizar PRODUCTOS/h1_Registros totales"), 5): Object 'Object Repository/Pricing-Test Plan Regresión Core/Page_Visualizar PRODUCTOS/h1_Registros totales' is present

09-12-2024T17:43:46 - [MESSAGE][PASSED] - Object 'Object Repository/Pricing-Test Plan Regresión Core/Page_Visualizar PRODUCTOS/h1_Registros totales' is present

09-12-2024T17:43:46 - [TEST_STEP][PASSED] - closeBrowser(): Browser is closed

09-12-2024T17:43:46 - [MESSAGE][PASSED] - Browser is closed]]></system-out>
         <system-err><![CDATA[]]></system-err>
      </testcase>
      <testcase name="Test Cases/PRICING-Test Plan Regresión Core/P25-XXXX-CANAL-Visualizar Partners" time="19.215" classname="Test Cases/PRICING-Test Plan Regresión Core/P25-XXXX-CANAL-Visualizar Partners" status="PASSED">
         <system-out><![CDATA[09-12-2024T17:43:46 - [TEST_CASE][PASSED] - Test Cases/PRICING-Test Plan Regresión Core/P25-XXXX-CANAL-Visualizar Partners: Test Cases/PRICING-Test Plan Regresión Core/P25-XXXX-CANAL-Visualizar Partners

09-12-2024T17:43:46 - [TEST_STEP][PASSED] - openBrowser(""): Browser is opened with url: ''

09-12-2024T17:43:46 - [MESSAGE][INFO] - Starting 'Chrome' driver

09-12-2024T17:43:46 - [MESSAGE][INFO] - Action delay is set to 0 milliseconds

09-12-2024T17:43:46 - [MESSAGE][PASSED] - Browser is opened with url: ''

09-12-2024T17:43:46 - [TEST_STEP][PASSED] - navigateToUrl("https://pre-sales.recordgo.cloud/login"): Navigate to 'https://pre-sales.recordgo.cloud/login' successfully

09-12-2024T17:43:56 - [MESSAGE][PASSED] - Navigate to 'https://pre-sales.recordgo.cloud/login' successfully

09-12-2024T17:43:56 - [TEST_STEP][PASSED] - maximizeWindow(): Current window maximized

09-12-2024T17:43:56 - [MESSAGE][PASSED] - Current window maximized

09-12-2024T17:43:56 - [TEST_STEP][PASSED] - setText(findTestObject("Pricing-Test Plan Regresión Core/Page_Login/input_Log in to your account__username"), "antonio.diego"): Text 'antonio.diego' is set on object 'Object Repository/Pricing-Test Plan Regresión Core/Page_Login/input_Log in to your account__username'

09-12-2024T17:43:57 - [MESSAGE][PASSED] - Text 'antonio.diego' is set on object 'Object Repository/Pricing-Test Plan Regresión Core/Page_Login/input_Log in to your account__username'

09-12-2024T17:43:57 - [TEST_STEP][PASSED] - setEncryptedText(findTestObject("Object Repository/Pricing-Test Plan Regresión Core/Page_Login/input_Log in to your account__password"), "4WoE78dHD36JvULd0ZrVWg=="): Text ****** has been set on object 'Object Repository/Pricing-Test Plan Regresión Core/Page_Login/input_Log in to your account__password'

09-12-2024T17:43:57 - [MESSAGE][PASSED] - Text ****** has been set on object 'Object Repository/Pricing-Test Plan Regresión Core/Page_Login/input_Log in to your account__password'

09-12-2024T17:43:57 - [TEST_STEP][PASSED] - selectOptionByValue(findTestObject("Object Repository/Pricing-Test Plan Regresión Core/Page_Login/select_Select an option CANARY ISLAND"), "IC", true): All options with value 'IC' are selected in object 'Object Repository/Pricing-Test Plan Regresión Core/Page_Login/select_Select an option CANARY ISLAND'  using regular expression

09-12-2024T17:43:58 - [MESSAGE][PASSED] - All options with value 'IC' are selected in object 'Object Repository/Pricing-Test Plan Regresión Core/Page_Login/select_Select an option CANARY ISLAND'  using regular expression

09-12-2024T17:43:58 - [TEST_STEP][PASSED] - click(findTestObject("Pricing-Test Plan Regresión Core/Page_Login/button_Login")): Object: 'Object Repository/Pricing-Test Plan Regresión Core/Page_Login/button_Login' is clicked on

09-12-2024T17:44:00 - [MESSAGE][PASSED] - Object: 'Object Repository/Pricing-Test Plan Regresión Core/Page_Login/button_Login' is clicked on

09-12-2024T17:44:00 - [TEST_STEP][PASSED] - waitForElementVisible(findTestObject("Pricing-Test Plan Regresión Core/Page_PRICING/img"), 5): Object 'Object Repository/Pricing-Test Plan Regresión Core/Page_PRICING/img' is visible

09-12-2024T17:44:00 - [MESSAGE][PASSED] - Object 'Object Repository/Pricing-Test Plan Regresión Core/Page_PRICING/img' is visible

09-12-2024T17:44:00 - [TEST_STEP][PASSED] - waitForElementPresent(findTestObject("Pricing-Test Plan Regresión Core/Page_CANAL/span_CANALES"), 5): Object 'Object Repository/Pricing-Test Plan Regresión Core/Page_CANAL/span_CANALES' is present

09-12-2024T17:44:01 - [MESSAGE][PASSED] - Object 'Object Repository/Pricing-Test Plan Regresión Core/Page_CANAL/span_CANALES' is present

09-12-2024T17:44:01 - [TEST_STEP][PASSED] - verifyElementPresent(findTestObject("Pricing-Test Plan Regresión Core/Page_CANAL/span_CANALES"), 5): Object 'Object Repository/Pricing-Test Plan Regresión Core/Page_CANAL/span_CANALES' is present

09-12-2024T17:44:01 - [MESSAGE][PASSED] - Object 'Object Repository/Pricing-Test Plan Regresión Core/Page_CANAL/span_CANALES' is present

09-12-2024T17:44:01 - [TEST_STEP][PASSED] - click(findTestObject("Pricing-Test Plan Regresión Core/Page_CANAL/span_CANALES")): Object: 'Object Repository/Pricing-Test Plan Regresión Core/Page_CANAL/span_CANALES' is clicked on

09-12-2024T17:44:01 - [MESSAGE][PASSED] - Object: 'Object Repository/Pricing-Test Plan Regresión Core/Page_CANAL/span_CANALES' is clicked on

09-12-2024T17:44:01 - [TEST_STEP][PASSED] - waitForElementPresent(findTestObject("Pricing-Test Plan Regresión Core/Page_CANAL/span_Partners"), 5): Object 'Object Repository/Pricing-Test Plan Regresión Core/Page_CANAL/span_Partners' is present

09-12-2024T17:44:01 - [MESSAGE][PASSED] - Object 'Object Repository/Pricing-Test Plan Regresión Core/Page_CANAL/span_Partners' is present

09-12-2024T17:44:01 - [TEST_STEP][PASSED] - verifyElementPresent(findTestObject("Pricing-Test Plan Regresión Core/Page_CANAL/span_Partners"), 5): Object 'Object Repository/Pricing-Test Plan Regresión Core/Page_CANAL/span_Partners' is present

09-12-2024T17:44:01 - [MESSAGE][PASSED] - Object 'Object Repository/Pricing-Test Plan Regresión Core/Page_CANAL/span_Partners' is present

09-12-2024T17:44:01 - [TEST_STEP][PASSED] - click(findTestObject("Pricing-Test Plan Regresión Core/Page_CANAL/span_Partners")): Object: 'Object Repository/Pricing-Test Plan Regresión Core/Page_CANAL/span_Partners' is clicked on

09-12-2024T17:44:02 - [MESSAGE][PASSED] - Object: 'Object Repository/Pricing-Test Plan Regresión Core/Page_CANAL/span_Partners' is clicked on

09-12-2024T17:44:02 - [TEST_STEP][PASSED] - waitForElementPresent(findTestObject("Pricing-Test Plan Regresión Core/Page_CANAL/span_VisualizarmodificarPartners"), 5): Object 'Object Repository/Pricing-Test Plan Regresión Core/Page_CANAL/span_VisualizarmodificarPartners' is present

09-12-2024T17:44:02 - [MESSAGE][PASSED] - Object 'Object Repository/Pricing-Test Plan Regresión Core/Page_CANAL/span_VisualizarmodificarPartners' is present

09-12-2024T17:44:02 - [TEST_STEP][PASSED] - verifyElementPresent(findTestObject("Pricing-Test Plan Regresión Core/Page_CANAL/span_VisualizarmodificarPartners"), 5): Object 'Object Repository/Pricing-Test Plan Regresión Core/Page_CANAL/span_VisualizarmodificarPartners' is present

09-12-2024T17:44:02 - [MESSAGE][PASSED] - Object 'Object Repository/Pricing-Test Plan Regresión Core/Page_CANAL/span_VisualizarmodificarPartners' is present

09-12-2024T17:44:02 - [TEST_STEP][PASSED] - click(findTestObject("Pricing-Test Plan Regresión Core/Page_CANAL/span_VisualizarmodificarPartners")): Object: 'Object Repository/Pricing-Test Plan Regresión Core/Page_CANAL/span_VisualizarmodificarPartners' is clicked on

09-12-2024T17:44:03 - [MESSAGE][PASSED] - Object: 'Object Repository/Pricing-Test Plan Regresión Core/Page_CANAL/span_VisualizarmodificarPartners' is clicked on

09-12-2024T17:44:04 - [TEST_STEP][PASSED] - waitForElementPresent(findTestObject("Pricing-Test Plan Regresión Core/Page_Visualizar PRODUCTOS/h1_Registros totales"), 5): Object 'Object Repository/Pricing-Test Plan Regresión Core/Page_Visualizar PRODUCTOS/h1_Registros totales' is present

09-12-2024T17:44:05 - [MESSAGE][PASSED] - Object 'Object Repository/Pricing-Test Plan Regresión Core/Page_Visualizar PRODUCTOS/h1_Registros totales' is present

09-12-2024T17:44:05 - [TEST_STEP][PASSED] - verifyElementPresent(findTestObject("Pricing-Test Plan Regresión Core/Page_Visualizar PRODUCTOS/h1_Registros totales"), 5): Object 'Object Repository/Pricing-Test Plan Regresión Core/Page_Visualizar PRODUCTOS/h1_Registros totales' is present

09-12-2024T17:44:05 - [MESSAGE][PASSED] - Object 'Object Repository/Pricing-Test Plan Regresión Core/Page_Visualizar PRODUCTOS/h1_Registros totales' is present

09-12-2024T17:44:05 - [TEST_STEP][PASSED] - closeBrowser(): Browser is closed

09-12-2024T17:44:05 - [MESSAGE][PASSED] - Browser is closed]]></system-out>
         <system-err><![CDATA[]]></system-err>
      </testcase>
      <testcase name="Test Cases/PRICING-Test Plan Regresión Core/P25-XXXX-CANAL-Visualizar SellCodes" time="14.531" classname="Test Cases/PRICING-Test Plan Regresión Core/P25-XXXX-CANAL-Visualizar SellCodes" status="FAILED">
         <failure type="FAILED" message="Test Cases/PRICING-Test Plan Regresión Core/P25-XXXX-CANAL-Visualizar SellCodes FAILED.&#xa;Reason:&#xa;com.kms.katalon.core.exception.StepFailedException: Unable to click on object 'Object Repository/Pricing-Test Plan Regresión Core/Page_CANAL/span_VisualizarmodificarSellCode'&#xa;	at com.kms.katalon.core.webui.keyword.internal.WebUIKeywordMain.stepFailed(WebUIKeywordMain.groovy:64)&#xa;	at com.kms.katalon.core.webui.keyword.internal.WebUIKeywordMain.runKeyword(WebUIKeywordMain.groovy:26)&#xa;	at com.kms.katalon.core.webui.keyword.builtin.ClickKeyword.click(ClickKeyword.groovy:74)&#xa;	at com.kms.katalon.core.webui.keyword.builtin.ClickKeyword.execute(ClickKeyword.groovy:40)&#xa;	at com.kms.katalon.core.keyword.internal.KeywordExecutor.executeKeywordForPlatform(KeywordExecutor.groovy:74)&#xa;	at com.kms.katalon.core.webui.keyword.WebUiBuiltInKeywords.click(WebUiBuiltInKeywords.groovy:659)&#xa;	at P25-XXXX-CANAL-Visualizar SellCodes.run(P25-XXXX-CANAL-Visualizar SellCodes:56)&#xa;	at com.kms.katalon.core.main.ScriptEngine.run(ScriptEngine.java:194)&#xa;	at com.kms.katalon.core.main.ScriptEngine.runScriptAsRawText(ScriptEngine.java:119)&#xa;	at com.kms.katalon.core.main.TestCaseExecutor.runScript(TestCaseExecutor.java:448)&#xa;	at com.kms.katalon.core.main.TestCaseExecutor.doExecute(TestCaseExecutor.java:439)&#xa;	at com.kms.katalon.core.main.TestCaseExecutor.processExecutionPhase(TestCaseExecutor.java:418)&#xa;	at com.kms.katalon.core.main.TestCaseExecutor.accessMainPhase(TestCaseExecutor.java:410)&#xa;	at com.kms.katalon.core.main.TestCaseExecutor.execute(TestCaseExecutor.java:285)&#xa;	at com.kms.katalon.core.main.TestCaseExecutor.execute(TestCaseExecutor.java:369)&#xa;	at com.kms.katalon.core.main.TestCaseExecutor.execute(TestCaseExecutor.java:369)&#xa;	at com.kms.katalon.core.main.TestCaseExecutor.execute(TestCaseExecutor.java:369)&#xa;	at com.kms.katalon.core.common.CommonExecutor.accessTestCaseMainPhase(CommonExecutor.java:65)&#xa;	at com.kms.katalon.core.main.TestSuiteExecutor.accessTestSuiteMainPhase(TestSuiteExecutor.java:150)&#xa;	at com.kms.katalon.core.main.TestSuiteExecutor.execute(TestSuiteExecutor.java:106)&#xa;	at com.kms.katalon.core.main.TestCaseMain.startTestSuite(TestCaseMain.java:180)&#xa;	at TempTestSuite1733762098648.run(TempTestSuite1733762098648.groovy:35)&#xa;	at java.base/jdk.internal.reflect.NativeMethodAccessorImpl.invoke0(Native Method)&#xa;	at java.base/jdk.internal.reflect.NativeMethodAccessorImpl.invoke(NativeMethodAccessorImpl.java:77)&#xa;	at java.base/jdk.internal.reflect.DelegatingMethodAccessorImpl.invoke(DelegatingMethodAccessorImpl.java:43)&#xa;Caused by: org.openqa.selenium.ElementNotInteractableException: element not interactable&#xa;  (Session info: chrome=131.0.6778.109)&#xa;Build info: version: '3.141.59', revision: 'unknown', time: 'unknown'&#xa;System info: host: 'MacBook-Pro-de-Antonio.local', ip: 'fe80:0:0:0:66:86cc:a946:7704%en0', os.name: 'Mac OS X', os.arch: 'aarch64', os.version: '14.6.1', java.version: '17.0.7'&#xa;Driver info: com.kms.katalon.selenium.driver.CChromeDriver&#xa;Capabilities {acceptInsecureCerts: false, browserName: chrome, browserVersion: 131.0.6778.109, chrome: {chromedriverVersion: 131.0.6778.85 (3d81e41b6f3a..., userDataDir: /var/folders/sz/p5ln5r2n5gb...}, fedcm:accounts: true, goog:chromeOptions: {debuggerAddress: localhost:61605}, javascriptEnabled: true, networkConnectionEnabled: false, pageLoadStrategy: normal, platform: MAC, platformName: MAC, proxy: Proxy(), setWindowRect: true, strictFileInteractability: false, timeouts: {implicit: 0, pageLoad: 300000, script: 30000}, unhandledPromptBehavior: dismiss and notify, webauthn:extension:credBlob: true, webauthn:extension:largeBlob: true, webauthn:extension:minPinLength: true, webauthn:extension:prf: true, webauthn:virtualAuthenticators: true}&#xa;Session ID: 2767598206fa74d0700825304997ef12&#xa;	at java.base/jdk.internal.reflect.NativeConstructorAccessorImpl.newInstance0(Native Method)&#xa;	at java.base/jdk.internal.reflect.NativeConstructorAccessorImpl.newInstance(NativeConstructorAccessorImpl.java:77)&#xa;	at java.base/jdk.internal.reflect.DelegatingConstructorAccessorImpl.newInstance(DelegatingConstructorAccessorImpl.java:45)&#xa;	at org.openqa.selenium.remote.http.W3CHttpResponseCodec.createException(W3CHttpResponseCodec.java:187)&#xa;	at org.openqa.selenium.remote.http.W3CHttpResponseCodec.decode(W3CHttpResponseCodec.java:122)&#xa;	at org.openqa.selenium.remote.http.W3CHttpResponseCodec.decode(W3CHttpResponseCodec.java:49)&#xa;	at org.openqa.selenium.remote.HttpCommandExecutor.execute(HttpCommandExecutor.java:158)&#xa;	at org.openqa.selenium.remote.service.DriverCommandExecutor.execute(DriverCommandExecutor.java:83)&#xa;	at org.openqa.selenium.remote.RemoteWebDriver.execute(RemoteWebDriver.java:552)&#xa;	at com.kms.katalon.selenium.driver.CChromeDriver.execute(CChromeDriver.java:19)&#xa;	at org.openqa.selenium.remote.RemoteWebElement.execute(RemoteWebElement.java:285)&#xa;	at org.openqa.selenium.remote.RemoteWebElement.click(RemoteWebElement.java:84)&#xa;	at jdk.internal.reflect.GeneratedMethodAccessor19.invoke(Unknown Source)&#xa;	at java.base/jdk.internal.reflect.DelegatingMethodAccessorImpl.invoke(DelegatingMethodAccessorImpl.java:43)&#xa;	at org.openqa.selenium.support.events.EventFiringWebDriver$EventFiringWebElement.lambda$new$0(EventFiringWebDriver.java:404)&#xa;	at jdk.proxy2/jdk.proxy2.$Proxy24.click(Unknown Source)&#xa;	at org.openqa.selenium.support.events.EventFiringWebDriver$EventFiringWebElement.click(EventFiringWebDriver.java:417)&#xa;	at org.openqa.selenium.WebElement$click.call(Unknown Source)&#xa;	at com.kms.katalon.core.webui.keyword.builtin.ClickKeyword.clickUntilSuccessWithTimeout(ClickKeyword.groovy:81)&#xa;	at com.kms.katalon.core.webui.keyword.builtin.ClickKeyword.clickUntilSuccessWithTimeout(ClickKeyword.groovy)&#xa;	at jdk.internal.reflect.GeneratedMethodAccessor23.invoke(Unknown Source)&#xa;	at java.base/jdk.internal.reflect.DelegatingMethodAccessorImpl.invoke(DelegatingMethodAccessorImpl.java:43)&#xa;	at com.kms.katalon.core.webui.keyword.builtin.ClickKeyword$_click_closure1.doCall(ClickKeyword.groovy:67)&#xa;	at com.kms.katalon.core.webui.keyword.builtin.ClickKeyword$_click_closure1.call(ClickKeyword.groovy)&#xa;	at com.kms.katalon.core.webui.keyword.internal.WebUIKeywordMain.runKeyword(WebUIKeywordMain.groovy:20)&#xa;	... 23 more&#xa;"/>
         <system-out><![CDATA[09-12-2024T17:44:43 - [TEST_CASE][FAILED] - Test Cases/PRICING-Test Plan Regresión Core/P25-XXXX-CANAL-Visualizar SellCodes: Test Cases/PRICING-Test Plan Regresión Core/P25-XXXX-CANAL-Visualizar SellCodes FAILED.
Reason:
com.kms.katalon.core.exception.StepFailedException: Unable to click on object 'Object Repository/Pricing-Test Plan Regresión Core/Page_CANAL/span_VisualizarmodificarSellCode'
	at com.kms.katalon.core.webui.keyword.internal.WebUIKeywordMain.stepFailed(WebUIKeywordMain.groovy:64)
	at com.kms.katalon.core.webui.keyword.internal.WebUIKeywordMain.runKeyword(WebUIKeywordMain.groovy:26)
	at com.kms.katalon.core.webui.keyword.builtin.ClickKeyword.click(ClickKeyword.groovy:74)
	at com.kms.katalon.core.webui.keyword.builtin.ClickKeyword.execute(ClickKeyword.groovy:40)
	at com.kms.katalon.core.keyword.internal.KeywordExecutor.executeKeywordForPlatform(KeywordExecutor.groovy:74)
	at com.kms.katalon.core.webui.keyword.WebUiBuiltInKeywords.click(WebUiBuiltInKeywords.groovy:659)
	at P25-XXXX-CANAL-Visualizar SellCodes.run(P25-XXXX-CANAL-Visualizar SellCodes:56)
	at com.kms.katalon.core.main.ScriptEngine.run(ScriptEngine.java:194)
	at com.kms.katalon.core.main.ScriptEngine.runScriptAsRawText(ScriptEngine.java:119)
	at com.kms.katalon.core.main.TestCaseExecutor.runScript(TestCaseExecutor.java:448)
	at com.kms.katalon.core.main.TestCaseExecutor.doExecute(TestCaseExecutor.java:439)
	at com.kms.katalon.core.main.TestCaseExecutor.processExecutionPhase(TestCaseExecutor.java:418)
	at com.kms.katalon.core.main.TestCaseExecutor.accessMainPhase(TestCaseExecutor.java:410)
	at com.kms.katalon.core.main.TestCaseExecutor.execute(TestCaseExecutor.java:285)
	at com.kms.katalon.core.main.TestCaseExecutor.execute(TestCaseExecutor.java:369)
	at com.kms.katalon.core.main.TestCaseExecutor.execute(TestCaseExecutor.java:369)
	at com.kms.katalon.core.main.TestCaseExecutor.execute(TestCaseExecutor.java:369)
	at com.kms.katalon.core.common.CommonExecutor.accessTestCaseMainPhase(CommonExecutor.java:65)
	at com.kms.katalon.core.main.TestSuiteExecutor.accessTestSuiteMainPhase(TestSuiteExecutor.java:150)
	at com.kms.katalon.core.main.TestSuiteExecutor.execute(TestSuiteExecutor.java:106)
	at com.kms.katalon.core.main.TestCaseMain.startTestSuite(TestCaseMain.java:180)
	at TempTestSuite1733762098648.run(TempTestSuite1733762098648.groovy:35)
	at java.base/jdk.internal.reflect.NativeMethodAccessorImpl.invoke0(Native Method)
	at java.base/jdk.internal.reflect.NativeMethodAccessorImpl.invoke(NativeMethodAccessorImpl.java:77)
	at java.base/jdk.internal.reflect.DelegatingMethodAccessorImpl.invoke(DelegatingMethodAccessorImpl.java:43)
Caused by: org.openqa.selenium.ElementNotInteractableException: element not interactable
  (Session info: chrome=131.0.6778.109)
Build info: version: '3.141.59', revision: 'unknown', time: 'unknown'
System info: host: 'MacBook-Pro-de-Antonio.local', ip: 'fe80:0:0:0:66:86cc:a946:7704%en0', os.name: 'Mac OS X', os.arch: 'aarch64', os.version: '14.6.1', java.version: '17.0.7'
Driver info: com.kms.katalon.selenium.driver.CChromeDriver
Capabilities {acceptInsecureCerts: false, browserName: chrome, browserVersion: 131.0.6778.109, chrome: {chromedriverVersion: 131.0.6778.85 (3d81e41b6f3a..., userDataDir: /var/folders/sz/p5ln5r2n5gb...}, fedcm:accounts: true, goog:chromeOptions: {debuggerAddress: localhost:61605}, javascriptEnabled: true, networkConnectionEnabled: false, pageLoadStrategy: normal, platform: MAC, platformName: MAC, proxy: Proxy(), setWindowRect: true, strictFileInteractability: false, timeouts: {implicit: 0, pageLoad: 300000, script: 30000}, unhandledPromptBehavior: dismiss and notify, webauthn:extension:credBlob: true, webauthn:extension:largeBlob: true, webauthn:extension:minPinLength: true, webauthn:extension:prf: true, webauthn:virtualAuthenticators: true}
Session ID: 2767598206fa74d0700825304997ef12
	at java.base/jdk.internal.reflect.NativeConstructorAccessorImpl.newInstance0(Native Method)
	at java.base/jdk.internal.reflect.NativeConstructorAccessorImpl.newInstance(NativeConstructorAccessorImpl.java:77)
	at java.base/jdk.internal.reflect.DelegatingConstructorAccessorImpl.newInstance(DelegatingConstructorAccessorImpl.java:45)
	at org.openqa.selenium.remote.http.W3CHttpResponseCodec.createException(W3CHttpResponseCodec.java:187)
	at org.openqa.selenium.remote.http.W3CHttpResponseCodec.decode(W3CHttpResponseCodec.java:122)
	at org.openqa.selenium.remote.http.W3CHttpResponseCodec.decode(W3CHttpResponseCodec.java:49)
	at org.openqa.selenium.remote.HttpCommandExecutor.execute(HttpCommandExecutor.java:158)
	at org.openqa.selenium.remote.service.DriverCommandExecutor.execute(DriverCommandExecutor.java:83)
	at org.openqa.selenium.remote.RemoteWebDriver.execute(RemoteWebDriver.java:552)
	at com.kms.katalon.selenium.driver.CChromeDriver.execute(CChromeDriver.java:19)
	at org.openqa.selenium.remote.RemoteWebElement.execute(RemoteWebElement.java:285)
	at org.openqa.selenium.remote.RemoteWebElement.click(RemoteWebElement.java:84)
	at jdk.internal.reflect.GeneratedMethodAccessor19.invoke(Unknown Source)
	at java.base/jdk.internal.reflect.DelegatingMethodAccessorImpl.invoke(DelegatingMethodAccessorImpl.java:43)
	at org.openqa.selenium.support.events.EventFiringWebDriver$EventFiringWebElement.lambda$new$0(EventFiringWebDriver.java:404)
	at jdk.proxy2/jdk.proxy2.$Proxy24.click(Unknown Source)
	at org.openqa.selenium.support.events.EventFiringWebDriver$EventFiringWebElement.click(EventFiringWebDriver.java:417)
	at org.openqa.selenium.WebElement$click.call(Unknown Source)
	at com.kms.katalon.core.webui.keyword.builtin.ClickKeyword.clickUntilSuccessWithTimeout(ClickKeyword.groovy:81)
	at com.kms.katalon.core.webui.keyword.builtin.ClickKeyword.clickUntilSuccessWithTimeout(ClickKeyword.groovy)
	at jdk.internal.reflect.GeneratedMethodAccessor23.invoke(Unknown Source)
	at java.base/jdk.internal.reflect.DelegatingMethodAccessorImpl.invoke(DelegatingMethodAccessorImpl.java:43)
	at com.kms.katalon.core.webui.keyword.builtin.ClickKeyword$_click_closure1.doCall(ClickKeyword.groovy:67)
	at com.kms.katalon.core.webui.keyword.builtin.ClickKeyword$_click_closure1.call(ClickKeyword.groovy)
	at com.kms.katalon.core.webui.keyword.internal.WebUIKeywordMain.runKeyword(WebUIKeywordMain.groovy:20)
	... 23 more


09-12-2024T17:44:43 - [TEST_STEP][PASSED] - openBrowser(""): Browser is opened with url: ''

09-12-2024T17:44:43 - [MESSAGE][WARNING] - A browser is already opened. Closing browser and opening a new one

09-12-2024T17:44:43 - [MESSAGE][INFO] - Starting 'Chrome' driver

09-12-2024T17:44:43 - [MESSAGE][INFO] - Action delay is set to 0 milliseconds

09-12-2024T17:44:44 - [MESSAGE][PASSED] - Browser is opened with url: ''

09-12-2024T17:44:44 - [TEST_STEP][PASSED] - navigateToUrl("https://pre-sales.recordgo.cloud/login"): Navigate to 'https://pre-sales.recordgo.cloud/login' successfully

09-12-2024T17:44:49 - [MESSAGE][PASSED] - Navigate to 'https://pre-sales.recordgo.cloud/login' successfully

09-12-2024T17:44:49 - [TEST_STEP][PASSED] - maximizeWindow(): Current window maximized

09-12-2024T17:44:50 - [MESSAGE][PASSED] - Current window maximized

09-12-2024T17:44:50 - [TEST_STEP][PASSED] - setText(findTestObject("Pricing-Test Plan Regresión Core/Page_Login/input_Log in to your account__username"), "antonio.diego"): Text 'antonio.diego' is set on object 'Object Repository/Pricing-Test Plan Regresión Core/Page_Login/input_Log in to your account__username'

09-12-2024T17:44:50 - [MESSAGE][PASSED] - Text 'antonio.diego' is set on object 'Object Repository/Pricing-Test Plan Regresión Core/Page_Login/input_Log in to your account__username'

09-12-2024T17:44:50 - [TEST_STEP][PASSED] - setEncryptedText(findTestObject("Object Repository/Pricing-Test Plan Regresión Core/Page_Login/input_Log in to your account__password"), "4WoE78dHD36JvULd0ZrVWg=="): Text ****** has been set on object 'Object Repository/Pricing-Test Plan Regresión Core/Page_Login/input_Log in to your account__password'

09-12-2024T17:44:51 - [MESSAGE][PASSED] - Text ****** has been set on object 'Object Repository/Pricing-Test Plan Regresión Core/Page_Login/input_Log in to your account__password'

09-12-2024T17:44:51 - [TEST_STEP][PASSED] - selectOptionByValue(findTestObject("Object Repository/Pricing-Test Plan Regresión Core/Page_Login/select_Select an option CANARY ISLAND"), "IC", true): All options with value 'IC' are selected in object 'Object Repository/Pricing-Test Plan Regresión Core/Page_Login/select_Select an option CANARY ISLAND'  using regular expression

09-12-2024T17:44:51 - [MESSAGE][PASSED] - All options with value 'IC' are selected in object 'Object Repository/Pricing-Test Plan Regresión Core/Page_Login/select_Select an option CANARY ISLAND'  using regular expression

09-12-2024T17:44:51 - [TEST_STEP][PASSED] - click(findTestObject("Pricing-Test Plan Regresión Core/Page_Login/button_Login")): Object: 'Object Repository/Pricing-Test Plan Regresión Core/Page_Login/button_Login' is clicked on

09-12-2024T17:44:55 - [MESSAGE][PASSED] - Object: 'Object Repository/Pricing-Test Plan Regresión Core/Page_Login/button_Login' is clicked on

09-12-2024T17:44:55 - [TEST_STEP][PASSED] - waitForElementVisible(findTestObject("Pricing-Test Plan Regresión Core/Page_PRICING/img"), 5): Object 'Object Repository/Pricing-Test Plan Regresión Core/Page_PRICING/img' is visible

09-12-2024T17:44:55 - [MESSAGE][PASSED] - Object 'Object Repository/Pricing-Test Plan Regresión Core/Page_PRICING/img' is visible

09-12-2024T17:44:55 - [TEST_STEP][PASSED] - waitForElementPresent(findTestObject("Pricing-Test Plan Regresión Core/Page_CANAL/span_CANALES"), 5): Object 'Object Repository/Pricing-Test Plan Regresión Core/Page_CANAL/span_CANALES' is present

09-12-2024T17:44:56 - [MESSAGE][PASSED] - Object 'Object Repository/Pricing-Test Plan Regresión Core/Page_CANAL/span_CANALES' is present

09-12-2024T17:44:56 - [TEST_STEP][PASSED] - verifyElementPresent(findTestObject("Pricing-Test Plan Regresión Core/Page_CANAL/span_CANALES"), 5): Object 'Object Repository/Pricing-Test Plan Regresión Core/Page_CANAL/span_CANALES' is present

09-12-2024T17:44:56 - [MESSAGE][PASSED] - Object 'Object Repository/Pricing-Test Plan Regresión Core/Page_CANAL/span_CANALES' is present

09-12-2024T17:44:56 - [TEST_STEP][PASSED] - click(findTestObject("Pricing-Test Plan Regresión Core/Page_CANAL/span_CANALES")): Object: 'Object Repository/Pricing-Test Plan Regresión Core/Page_CANAL/span_CANALES' is clicked on

09-12-2024T17:44:56 - [MESSAGE][PASSED] - Object: 'Object Repository/Pricing-Test Plan Regresión Core/Page_CANAL/span_CANALES' is clicked on

09-12-2024T17:44:56 - [TEST_STEP][PASSED] - waitForElementPresent(findTestObject("Pricing-Test Plan Regresión Core/Page_CANAL/span_SellCode"), 5): Object 'Object Repository/Pricing-Test Plan Regresión Core/Page_CANAL/span_SellCode' is present

09-12-2024T17:44:56 - [MESSAGE][PASSED] - Object 'Object Repository/Pricing-Test Plan Regresión Core/Page_CANAL/span_SellCode' is present

09-12-2024T17:44:56 - [TEST_STEP][PASSED] - verifyElementPresent(findTestObject("Pricing-Test Plan Regresión Core/Page_CANAL/span_SellCode"), 5): Object 'Object Repository/Pricing-Test Plan Regresión Core/Page_CANAL/span_SellCode' is present

09-12-2024T17:44:57 - [MESSAGE][PASSED] - Object 'Object Repository/Pricing-Test Plan Regresión Core/Page_CANAL/span_SellCode' is present

09-12-2024T17:44:57 - [TEST_STEP][PASSED] - click(findTestObject("Pricing-Test Plan Regresión Core/Page_CANAL/span_SellCode")): Object: 'Object Repository/Pricing-Test Plan Regresión Core/Page_CANAL/span_SellCode' is clicked on

09-12-2024T17:44:57 - [MESSAGE][PASSED] - Object: 'Object Repository/Pricing-Test Plan Regresión Core/Page_CANAL/span_SellCode' is clicked on

09-12-2024T17:44:57 - [TEST_STEP][PASSED] - waitForElementPresent(findTestObject("Pricing-Test Plan Regresión Core/Page_CANAL/span_VisualizarmodificarSellCode"), 5): Object 'Object Repository/Pricing-Test Plan Regresión Core/Page_CANAL/span_VisualizarmodificarSellCode' is present

09-12-2024T17:44:57 - [MESSAGE][PASSED] - Object 'Object Repository/Pricing-Test Plan Regresión Core/Page_CANAL/span_VisualizarmodificarSellCode' is present

09-12-2024T17:44:57 - [TEST_STEP][PASSED] - verifyElementPresent(findTestObject("Pricing-Test Plan Regresión Core/Page_CANAL/span_VisualizarmodificarSellCode"), 5): Object 'Object Repository/Pricing-Test Plan Regresión Core/Page_CANAL/span_VisualizarmodificarSellCode' is present

09-12-2024T17:44:57 - [MESSAGE][PASSED] - Object 'Object Repository/Pricing-Test Plan Regresión Core/Page_CANAL/span_VisualizarmodificarSellCode' is present

09-12-2024T17:44:57 - [TEST_STEP][FAILED] - click(findTestObject("Pricing-Test Plan Regresión Core/Page_CANAL/span_VisualizarmodificarSellCode")): Unable to click on object 'Object Repository/Pricing-Test Plan Regresión Core/Page_CANAL/span_VisualizarmodificarSellCode' (Root cause: com.kms.katalon.core.exception.StepFailedException: Unable to click on object 'Object Repository/Pricing-Test Plan Regresión Core/Page_CANAL/span_VisualizarmodificarSellCode'
	at com.kms.katalon.core.webui.keyword.internal.WebUIKeywordMain.stepFailed(WebUIKeywordMain.groovy:64)
	at com.kms.katalon.core.webui.keyword.internal.WebUIKeywordMain.runKeyword(WebUIKeywordMain.groovy:26)
	at com.kms.katalon.core.webui.keyword.builtin.ClickKeyword.click(ClickKeyword.groovy:74)
	at com.kms.katalon.core.webui.keyword.builtin.ClickKeyword.execute(ClickKeyword.groovy:40)
	at com.kms.katalon.core.keyword.internal.KeywordExecutor.executeKeywordForPlatform(KeywordExecutor.groovy:74)
	at com.kms.katalon.core.webui.keyword.WebUiBuiltInKeywords.click(WebUiBuiltInKeywords.groovy:659)
	at P25-XXXX-CANAL-Visualizar SellCodes.run(P25-XXXX-CANAL-Visualizar SellCodes:56)
	at com.kms.katalon.core.main.ScriptEngine.run(ScriptEngine.java:194)
	at com.kms.katalon.core.main.ScriptEngine.runScriptAsRawText(ScriptEngine.java:119)
	at com.kms.katalon.core.main.TestCaseExecutor.runScript(TestCaseExecutor.java:448)
	at com.kms.katalon.core.main.TestCaseExecutor.doExecute(TestCaseExecutor.java:439)
	at com.kms.katalon.core.main.TestCaseExecutor.processExecutionPhase(TestCaseExecutor.java:418)
	at com.kms.katalon.core.main.TestCaseExecutor.accessMainPhase(TestCaseExecutor.java:410)
	at com.kms.katalon.core.main.TestCaseExecutor.execute(TestCaseExecutor.java:285)
	at com.kms.katalon.core.main.TestCaseExecutor.execute(TestCaseExecutor.java:369)
	at com.kms.katalon.core.main.TestCaseExecutor.execute(TestCaseExecutor.java:369)
	at com.kms.katalon.core.main.TestCaseExecutor.execute(TestCaseExecutor.java:369)
	at com.kms.katalon.core.common.CommonExecutor.accessTestCaseMainPhase(CommonExecutor.java:65)
	at com.kms.katalon.core.main.TestSuiteExecutor.accessTestSuiteMainPhase(TestSuiteExecutor.java:150)
	at com.kms.katalon.core.main.TestSuiteExecutor.execute(TestSuiteExecutor.java:106)
	at com.kms.katalon.core.main.TestCaseMain.startTestSuite(TestCaseMain.java:180)
	at TempTestSuite1733762098648.run(TempTestSuite1733762098648.groovy:35)
	at java.base/jdk.internal.reflect.NativeMethodAccessorImpl.invoke0(Native Method)
	at java.base/jdk.internal.reflect.NativeMethodAccessorImpl.invoke(NativeMethodAccessorImpl.java:77)
	at java.base/jdk.internal.reflect.DelegatingMethodAccessorImpl.invoke(DelegatingMethodAccessorImpl.java:43)
Caused by: org.openqa.selenium.ElementNotInteractableException: element not interactable
  (Session info: chrome=131.0.6778.109)
Build info: version: '3.141.59', revision: 'unknown', time: 'unknown'
System info: host: 'MacBook-Pro-de-Antonio.local', ip: 'fe80:0:0:0:66:86cc:a946:7704%en0', os.name: 'Mac OS X', os.arch: 'aarch64', os.version: '14.6.1', java.version: '17.0.7'
Driver info: com.kms.katalon.selenium.driver.CChromeDriver
Capabilities {acceptInsecureCerts: false, browserName: chrome, browserVersion: 131.0.6778.109, chrome: {chromedriverVersion: 131.0.6778.85 (3d81e41b6f3a..., userDataDir: /var/folders/sz/p5ln5r2n5gb...}, fedcm:accounts: true, goog:chromeOptions: {debuggerAddress: localhost:61605}, javascriptEnabled: true, networkConnectionEnabled: false, pageLoadStrategy: normal, platform: MAC, platformName: MAC, proxy: Proxy(), setWindowRect: true, strictFileInteractability: false, timeouts: {implicit: 0, pageLoad: 300000, script: 30000}, unhandledPromptBehavior: dismiss and notify, webauthn:extension:credBlob: true, webauthn:extension:largeBlob: true, webauthn:extension:minPinLength: true, webauthn:extension:prf: true, webauthn:virtualAuthenticators: true}
Session ID: 2767598206fa74d0700825304997ef12
	at java.base/jdk.internal.reflect.NativeConstructorAccessorImpl.newInstance0(Native Method)
	at java.base/jdk.internal.reflect.NativeConstructorAccessorImpl.newInstance(NativeConstructorAccessorImpl.java:77)
	at java.base/jdk.internal.reflect.DelegatingConstructorAccessorImpl.newInstance(DelegatingConstructorAccessorImpl.java:45)
	at org.openqa.selenium.remote.http.W3CHttpResponseCodec.createException(W3CHttpResponseCodec.java:187)
	at org.openqa.selenium.remote.http.W3CHttpResponseCodec.decode(W3CHttpResponseCodec.java:122)
	at org.openqa.selenium.remote.http.W3CHttpResponseCodec.decode(W3CHttpResponseCodec.java:49)
	at org.openqa.selenium.remote.HttpCommandExecutor.execute(HttpCommandExecutor.java:158)
	at org.openqa.selenium.remote.service.DriverCommandExecutor.execute(DriverCommandExecutor.java:83)
	at org.openqa.selenium.remote.RemoteWebDriver.execute(RemoteWebDriver.java:552)
	at com.kms.katalon.selenium.driver.CChromeDriver.execute(CChromeDriver.java:19)
	at org.openqa.selenium.remote.RemoteWebElement.execute(RemoteWebElement.java:285)
	at org.openqa.selenium.remote.RemoteWebElement.click(RemoteWebElement.java:84)
	at jdk.internal.reflect.GeneratedMethodAccessor19.invoke(Unknown Source)
	at java.base/jdk.internal.reflect.DelegatingMethodAccessorImpl.invoke(DelegatingMethodAccessorImpl.java:43)
	at org.openqa.selenium.support.events.EventFiringWebDriver$EventFiringWebElement.lambda$new$0(EventFiringWebDriver.java:404)
	at jdk.proxy2/jdk.proxy2.$Proxy24.click(Unknown Source)
	at org.openqa.selenium.support.events.EventFiringWebDriver$EventFiringWebElement.click(EventFiringWebDriver.java:417)
	at org.openqa.selenium.WebElement$click.call(Unknown Source)
	at com.kms.katalon.core.webui.keyword.builtin.ClickKeyword.clickUntilSuccessWithTimeout(ClickKeyword.groovy:81)
	at com.kms.katalon.core.webui.keyword.builtin.ClickKeyword.clickUntilSuccessWithTimeout(ClickKeyword.groovy)
	at jdk.internal.reflect.GeneratedMethodAccessor23.invoke(Unknown Source)
	at java.base/jdk.internal.reflect.DelegatingMethodAccessorImpl.invoke(DelegatingMethodAccessorImpl.java:43)
	at com.kms.katalon.core.webui.keyword.builtin.ClickKeyword$_click_closure1.doCall(ClickKeyword.groovy:67)
	at com.kms.katalon.core.webui.keyword.builtin.ClickKeyword$_click_closure1.call(ClickKeyword.groovy)
	at com.kms.katalon.core.webui.keyword.internal.WebUIKeywordMain.runKeyword(WebUIKeywordMain.groovy:20)
	at com.kms.katalon.core.webui.keyword.builtin.ClickKeyword.click(ClickKeyword.groovy:74)
	at com.kms.katalon.core.webui.keyword.builtin.ClickKeyword.execute(ClickKeyword.groovy:40)
	at com.kms.katalon.core.keyword.internal.KeywordExecutor.executeKeywordForPlatform(KeywordExecutor.groovy:74)
	at com.kms.katalon.core.webui.keyword.WebUiBuiltInKeywords.click(WebUiBuiltInKeywords.groovy:659)
	at Script1733755873955.run(Script1733755873955.groovy:56)
	... 18 more
)

09-12-2024T17:44:58 - [MESSAGE][FAILED] - Unable to click on object 'Object Repository/Pricing-Test Plan Regresión Core/Page_CANAL/span_VisualizarmodificarSellCode' (Root cause: com.kms.katalon.core.exception.StepFailedException: Unable to click on object 'Object Repository/Pricing-Test Plan Regresión Core/Page_CANAL/span_VisualizarmodificarSellCode'
	at com.kms.katalon.core.webui.keyword.internal.WebUIKeywordMain.stepFailed(WebUIKeywordMain.groovy:64)
	at com.kms.katalon.core.webui.keyword.internal.WebUIKeywordMain.runKeyword(WebUIKeywordMain.groovy:26)
	at com.kms.katalon.core.webui.keyword.builtin.ClickKeyword.click(ClickKeyword.groovy:74)
	at com.kms.katalon.core.webui.keyword.builtin.ClickKeyword.execute(ClickKeyword.groovy:40)
	at com.kms.katalon.core.keyword.internal.KeywordExecutor.executeKeywordForPlatform(KeywordExecutor.groovy:74)
	at com.kms.katalon.core.webui.keyword.WebUiBuiltInKeywords.click(WebUiBuiltInKeywords.groovy:659)
	at P25-XXXX-CANAL-Visualizar SellCodes.run(P25-XXXX-CANAL-Visualizar SellCodes:56)
	at com.kms.katalon.core.main.ScriptEngine.run(ScriptEngine.java:194)
	at com.kms.katalon.core.main.ScriptEngine.runScriptAsRawText(ScriptEngine.java:119)
	at com.kms.katalon.core.main.TestCaseExecutor.runScript(TestCaseExecutor.java:448)
	at com.kms.katalon.core.main.TestCaseExecutor.doExecute(TestCaseExecutor.java:439)
	at com.kms.katalon.core.main.TestCaseExecutor.processExecutionPhase(TestCaseExecutor.java:418)
	at com.kms.katalon.core.main.TestCaseExecutor.accessMainPhase(TestCaseExecutor.java:410)
	at com.kms.katalon.core.main.TestCaseExecutor.execute(TestCaseExecutor.java:285)
	at com.kms.katalon.core.main.TestCaseExecutor.execute(TestCaseExecutor.java:369)
	at com.kms.katalon.core.main.TestCaseExecutor.execute(TestCaseExecutor.java:369)
	at com.kms.katalon.core.main.TestCaseExecutor.execute(TestCaseExecutor.java:369)
	at com.kms.katalon.core.common.CommonExecutor.accessTestCaseMainPhase(CommonExecutor.java:65)
	at com.kms.katalon.core.main.TestSuiteExecutor.accessTestSuiteMainPhase(TestSuiteExecutor.java:150)
	at com.kms.katalon.core.main.TestSuiteExecutor.execute(TestSuiteExecutor.java:106)
	at com.kms.katalon.core.main.TestCaseMain.startTestSuite(TestCaseMain.java:180)
	at TempTestSuite1733762098648.run(TempTestSuite1733762098648.groovy:35)
	at java.base/jdk.internal.reflect.NativeMethodAccessorImpl.invoke0(Native Method)
	at java.base/jdk.internal.reflect.NativeMethodAccessorImpl.invoke(NativeMethodAccessorImpl.java:77)
	at java.base/jdk.internal.reflect.DelegatingMethodAccessorImpl.invoke(DelegatingMethodAccessorImpl.java:43)
Caused by: org.openqa.selenium.ElementNotInteractableException: element not interactable
  (Session info: chrome=131.0.6778.109)
Build info: version: '3.141.59', revision: 'unknown', time: 'unknown'
System info: host: 'MacBook-Pro-de-Antonio.local', ip: 'fe80:0:0:0:66:86cc:a946:7704%en0', os.name: 'Mac OS X', os.arch: 'aarch64', os.version: '14.6.1', java.version: '17.0.7'
Driver info: com.kms.katalon.selenium.driver.CChromeDriver
Capabilities {acceptInsecureCerts: false, browserName: chrome, browserVersion: 131.0.6778.109, chrome: {chromedriverVersion: 131.0.6778.85 (3d81e41b6f3a..., userDataDir: /var/folders/sz/p5ln5r2n5gb...}, fedcm:accounts: true, goog:chromeOptions: {debuggerAddress: localhost:61605}, javascriptEnabled: true, networkConnectionEnabled: false, pageLoadStrategy: normal, platform: MAC, platformName: MAC, proxy: Proxy(), setWindowRect: true, strictFileInteractability: false, timeouts: {implicit: 0, pageLoad: 300000, script: 30000}, unhandledPromptBehavior: dismiss and notify, webauthn:extension:credBlob: true, webauthn:extension:largeBlob: true, webauthn:extension:minPinLength: true, webauthn:extension:prf: true, webauthn:virtualAuthenticators: true}
Session ID: 2767598206fa74d0700825304997ef12
	at java.base/jdk.internal.reflect.NativeConstructorAccessorImpl.newInstance0(Native Method)
	at java.base/jdk.internal.reflect.NativeConstructorAccessorImpl.newInstance(NativeConstructorAccessorImpl.java:77)
	at java.base/jdk.internal.reflect.DelegatingConstructorAccessorImpl.newInstance(DelegatingConstructorAccessorImpl.java:45)
	at org.openqa.selenium.remote.http.W3CHttpResponseCodec.createException(W3CHttpResponseCodec.java:187)
	at org.openqa.selenium.remote.http.W3CHttpResponseCodec.decode(W3CHttpResponseCodec.java:122)
	at org.openqa.selenium.remote.http.W3CHttpResponseCodec.decode(W3CHttpResponseCodec.java:49)
	at org.openqa.selenium.remote.HttpCommandExecutor.execute(HttpCommandExecutor.java:158)
	at org.openqa.selenium.remote.service.DriverCommandExecutor.execute(DriverCommandExecutor.java:83)
	at org.openqa.selenium.remote.RemoteWebDriver.execute(RemoteWebDriver.java:552)
	at com.kms.katalon.selenium.driver.CChromeDriver.execute(CChromeDriver.java:19)
	at org.openqa.selenium.remote.RemoteWebElement.execute(RemoteWebElement.java:285)
	at org.openqa.selenium.remote.RemoteWebElement.click(RemoteWebElement.java:84)
	at jdk.internal.reflect.GeneratedMethodAccessor19.invoke(Unknown Source)
	at java.base/jdk.internal.reflect.DelegatingMethodAccessorImpl.invoke(DelegatingMethodAccessorImpl.java:43)
	at org.openqa.selenium.support.events.EventFiringWebDriver$EventFiringWebElement.lambda$new$0(EventFiringWebDriver.java:404)
	at jdk.proxy2/jdk.proxy2.$Proxy24.click(Unknown Source)
	at org.openqa.selenium.support.events.EventFiringWebDriver$EventFiringWebElement.click(EventFiringWebDriver.java:417)
	at org.openqa.selenium.WebElement$click.call(Unknown Source)
	at com.kms.katalon.core.webui.keyword.builtin.ClickKeyword.clickUntilSuccessWithTimeout(ClickKeyword.groovy:81)
	at com.kms.katalon.core.webui.keyword.builtin.ClickKeyword.clickUntilSuccessWithTimeout(ClickKeyword.groovy)
	at jdk.internal.reflect.GeneratedMethodAccessor23.invoke(Unknown Source)
	at java.base/jdk.internal.reflect.DelegatingMethodAccessorImpl.invoke(DelegatingMethodAccessorImpl.java:43)
	at com.kms.katalon.core.webui.keyword.builtin.ClickKeyword$_click_closure1.doCall(ClickKeyword.groovy:67)
	at com.kms.katalon.core.webui.keyword.builtin.ClickKeyword$_click_closure1.call(ClickKeyword.groovy)
	at com.kms.katalon.core.webui.keyword.internal.WebUIKeywordMain.runKeyword(WebUIKeywordMain.groovy:20)
	at com.kms.katalon.core.webui.keyword.builtin.ClickKeyword.click(ClickKeyword.groovy:74)
	at com.kms.katalon.core.webui.keyword.builtin.ClickKeyword.execute(ClickKeyword.groovy:40)
	at com.kms.katalon.core.keyword.internal.KeywordExecutor.executeKeywordForPlatform(KeywordExecutor.groovy:74)
	at com.kms.katalon.core.webui.keyword.WebUiBuiltInKeywords.click(WebUiBuiltInKeywords.groovy:659)
	at Script1733755873955.run(Script1733755873955.groovy:56)
	... 18 more
)
[[ATTACHMENT|/Users/afernandezd/Katalon Studio/Pricing-PrimeraPrueba/Reports/20241209_173457/PRICING-Test Plan Regresi\u00F3n Core/20241209_173458/1733762697993.png]]]]></system-out>
         <system-err><![CDATA[09-12-2024T17:44:43 - [TEST_CASE][FAILED] - Test Cases/PRICING-Test Plan Regresión Core/P25-XXXX-CANAL-Visualizar SellCodes: Test Cases/PRICING-Test Plan Regresión Core/P25-XXXX-CANAL-Visualizar SellCodes FAILED.
Reason:
com.kms.katalon.core.exception.StepFailedException: Unable to click on object 'Object Repository/Pricing-Test Plan Regresión Core/Page_CANAL/span_VisualizarmodificarSellCode'
	at com.kms.katalon.core.webui.keyword.internal.WebUIKeywordMain.stepFailed(WebUIKeywordMain.groovy:64)
	at com.kms.katalon.core.webui.keyword.internal.WebUIKeywordMain.runKeyword(WebUIKeywordMain.groovy:26)
	at com.kms.katalon.core.webui.keyword.builtin.ClickKeyword.click(ClickKeyword.groovy:74)
	at com.kms.katalon.core.webui.keyword.builtin.ClickKeyword.execute(ClickKeyword.groovy:40)
	at com.kms.katalon.core.keyword.internal.KeywordExecutor.executeKeywordForPlatform(KeywordExecutor.groovy:74)
	at com.kms.katalon.core.webui.keyword.WebUiBuiltInKeywords.click(WebUiBuiltInKeywords.groovy:659)
	at P25-XXXX-CANAL-Visualizar SellCodes.run(P25-XXXX-CANAL-Visualizar SellCodes:56)
	at com.kms.katalon.core.main.ScriptEngine.run(ScriptEngine.java:194)
	at com.kms.katalon.core.main.ScriptEngine.runScriptAsRawText(ScriptEngine.java:119)
	at com.kms.katalon.core.main.TestCaseExecutor.runScript(TestCaseExecutor.java:448)
	at com.kms.katalon.core.main.TestCaseExecutor.doExecute(TestCaseExecutor.java:439)
	at com.kms.katalon.core.main.TestCaseExecutor.processExecutionPhase(TestCaseExecutor.java:418)
	at com.kms.katalon.core.main.TestCaseExecutor.accessMainPhase(TestCaseExecutor.java:410)
	at com.kms.katalon.core.main.TestCaseExecutor.execute(TestCaseExecutor.java:285)
	at com.kms.katalon.core.main.TestCaseExecutor.execute(TestCaseExecutor.java:369)
	at com.kms.katalon.core.main.TestCaseExecutor.execute(TestCaseExecutor.java:369)
	at com.kms.katalon.core.main.TestCaseExecutor.execute(TestCaseExecutor.java:369)
	at com.kms.katalon.core.common.CommonExecutor.accessTestCaseMainPhase(CommonExecutor.java:65)
	at com.kms.katalon.core.main.TestSuiteExecutor.accessTestSuiteMainPhase(TestSuiteExecutor.java:150)
	at com.kms.katalon.core.main.TestSuiteExecutor.execute(TestSuiteExecutor.java:106)
	at com.kms.katalon.core.main.TestCaseMain.startTestSuite(TestCaseMain.java:180)
	at TempTestSuite1733762098648.run(TempTestSuite1733762098648.groovy:35)
	at java.base/jdk.internal.reflect.NativeMethodAccessorImpl.invoke0(Native Method)
	at java.base/jdk.internal.reflect.NativeMethodAccessorImpl.invoke(NativeMethodAccessorImpl.java:77)
	at java.base/jdk.internal.reflect.DelegatingMethodAccessorImpl.invoke(DelegatingMethodAccessorImpl.java:43)
Caused by: org.openqa.selenium.ElementNotInteractableException: element not interactable
  (Session info: chrome=131.0.6778.109)
Build info: version: '3.141.59', revision: 'unknown', time: 'unknown'
System info: host: 'MacBook-Pro-de-Antonio.local', ip: 'fe80:0:0:0:66:86cc:a946:7704%en0', os.name: 'Mac OS X', os.arch: 'aarch64', os.version: '14.6.1', java.version: '17.0.7'
Driver info: com.kms.katalon.selenium.driver.CChromeDriver
Capabilities {acceptInsecureCerts: false, browserName: chrome, browserVersion: 131.0.6778.109, chrome: {chromedriverVersion: 131.0.6778.85 (3d81e41b6f3a..., userDataDir: /var/folders/sz/p5ln5r2n5gb...}, fedcm:accounts: true, goog:chromeOptions: {debuggerAddress: localhost:61605}, javascriptEnabled: true, networkConnectionEnabled: false, pageLoadStrategy: normal, platform: MAC, platformName: MAC, proxy: Proxy(), setWindowRect: true, strictFileInteractability: false, timeouts: {implicit: 0, pageLoad: 300000, script: 30000}, unhandledPromptBehavior: dismiss and notify, webauthn:extension:credBlob: true, webauthn:extension:largeBlob: true, webauthn:extension:minPinLength: true, webauthn:extension:prf: true, webauthn:virtualAuthenticators: true}
Session ID: 2767598206fa74d0700825304997ef12
	at java.base/jdk.internal.reflect.NativeConstructorAccessorImpl.newInstance0(Native Method)
	at java.base/jdk.internal.reflect.NativeConstructorAccessorImpl.newInstance(NativeConstructorAccessorImpl.java:77)
	at java.base/jdk.internal.reflect.DelegatingConstructorAccessorImpl.newInstance(DelegatingConstructorAccessorImpl.java:45)
	at org.openqa.selenium.remote.http.W3CHttpResponseCodec.createException(W3CHttpResponseCodec.java:187)
	at org.openqa.selenium.remote.http.W3CHttpResponseCodec.decode(W3CHttpResponseCodec.java:122)
	at org.openqa.selenium.remote.http.W3CHttpResponseCodec.decode(W3CHttpResponseCodec.java:49)
	at org.openqa.selenium.remote.HttpCommandExecutor.execute(HttpCommandExecutor.java:158)
	at org.openqa.selenium.remote.service.DriverCommandExecutor.execute(DriverCommandExecutor.java:83)
	at org.openqa.selenium.remote.RemoteWebDriver.execute(RemoteWebDriver.java:552)
	at com.kms.katalon.selenium.driver.CChromeDriver.execute(CChromeDriver.java:19)
	at org.openqa.selenium.remote.RemoteWebElement.execute(RemoteWebElement.java:285)
	at org.openqa.selenium.remote.RemoteWebElement.click(RemoteWebElement.java:84)
	at jdk.internal.reflect.GeneratedMethodAccessor19.invoke(Unknown Source)
	at java.base/jdk.internal.reflect.DelegatingMethodAccessorImpl.invoke(DelegatingMethodAccessorImpl.java:43)
	at org.openqa.selenium.support.events.EventFiringWebDriver$EventFiringWebElement.lambda$new$0(EventFiringWebDriver.java:404)
	at jdk.proxy2/jdk.proxy2.$Proxy24.click(Unknown Source)
	at org.openqa.selenium.support.events.EventFiringWebDriver$EventFiringWebElement.click(EventFiringWebDriver.java:417)
	at org.openqa.selenium.WebElement$click.call(Unknown Source)
	at com.kms.katalon.core.webui.keyword.builtin.ClickKeyword.clickUntilSuccessWithTimeout(ClickKeyword.groovy:81)
	at com.kms.katalon.core.webui.keyword.builtin.ClickKeyword.clickUntilSuccessWithTimeout(ClickKeyword.groovy)
	at jdk.internal.reflect.GeneratedMethodAccessor23.invoke(Unknown Source)
	at java.base/jdk.internal.reflect.DelegatingMethodAccessorImpl.invoke(DelegatingMethodAccessorImpl.java:43)
	at com.kms.katalon.core.webui.keyword.builtin.ClickKeyword$_click_closure1.doCall(ClickKeyword.groovy:67)
	at com.kms.katalon.core.webui.keyword.builtin.ClickKeyword$_click_closure1.call(ClickKeyword.groovy)
	at com.kms.katalon.core.webui.keyword.internal.WebUIKeywordMain.runKeyword(WebUIKeywordMain.groovy:20)
	... 23 more]]></system-err>
      </testcase>
      <testcase name="Test Cases/PRICING-Test Plan Regresión Core/P25-XXXX-STOPSELL-Visualizar StopSellGeneral" time="19.911" classname="Test Cases/PRICING-Test Plan Regresión Core/P25-XXXX-STOPSELL-Visualizar StopSellGeneral" status="PASSED">
         <system-out><![CDATA[09-12-2024T17:44:58 - [TEST_CASE][PASSED] - Test Cases/PRICING-Test Plan Regresión Core/P25-XXXX-STOPSELL-Visualizar StopSellGeneral: Test Cases/PRICING-Test Plan Regresión Core/P25-XXXX-STOPSELL-Visualizar StopSellGeneral

09-12-2024T17:44:58 - [TEST_STEP][PASSED] - openBrowser(""): Browser is opened with url: ''

09-12-2024T17:44:58 - [MESSAGE][WARNING] - A browser is already opened. Closing browser and opening a new one

09-12-2024T17:44:58 - [MESSAGE][INFO] - Starting 'Chrome' driver

09-12-2024T17:44:58 - [MESSAGE][INFO] - Action delay is set to 0 milliseconds

09-12-2024T17:44:58 - [MESSAGE][PASSED] - Browser is opened with url: ''

09-12-2024T17:44:58 - [TEST_STEP][PASSED] - navigateToUrl("https://pre-sales.recordgo.cloud/login"): Navigate to 'https://pre-sales.recordgo.cloud/login' successfully

09-12-2024T17:45:04 - [MESSAGE][PASSED] - Navigate to 'https://pre-sales.recordgo.cloud/login' successfully

09-12-2024T17:45:04 - [TEST_STEP][PASSED] - maximizeWindow(): Current window maximized

09-12-2024T17:45:05 - [MESSAGE][PASSED] - Current window maximized

09-12-2024T17:45:05 - [TEST_STEP][PASSED] - setText(findTestObject("Pricing-Test Plan Regresión Core/Page_Login/input_Log in to your account__username"), "antonio.diego"): Text 'antonio.diego' is set on object 'Object Repository/Pricing-Test Plan Regresión Core/Page_Login/input_Log in to your account__username'

09-12-2024T17:45:05 - [MESSAGE][PASSED] - Text 'antonio.diego' is set on object 'Object Repository/Pricing-Test Plan Regresión Core/Page_Login/input_Log in to your account__username'

09-12-2024T17:45:05 - [TEST_STEP][PASSED] - setEncryptedText(findTestObject("Object Repository/Pricing-Test Plan Regresión Core/Page_Login/input_Log in to your account__password"), "4WoE78dHD36JvULd0ZrVWg=="): Text ****** has been set on object 'Object Repository/Pricing-Test Plan Regresión Core/Page_Login/input_Log in to your account__password'

09-12-2024T17:45:06 - [MESSAGE][PASSED] - Text ****** has been set on object 'Object Repository/Pricing-Test Plan Regresión Core/Page_Login/input_Log in to your account__password'

09-12-2024T17:45:06 - [TEST_STEP][PASSED] - selectOptionByValue(findTestObject("Object Repository/Pricing-Test Plan Regresión Core/Page_Login/select_Select an option CANARY ISLAND"), "IC", true): All options with value 'IC' are selected in object 'Object Repository/Pricing-Test Plan Regresión Core/Page_Login/select_Select an option CANARY ISLAND'  using regular expression

09-12-2024T17:45:06 - [MESSAGE][PASSED] - All options with value 'IC' are selected in object 'Object Repository/Pricing-Test Plan Regresión Core/Page_Login/select_Select an option CANARY ISLAND'  using regular expression

09-12-2024T17:45:06 - [TEST_STEP][PASSED] - click(findTestObject("Pricing-Test Plan Regresión Core/Page_Login/button_Login")): Object: 'Object Repository/Pricing-Test Plan Regresión Core/Page_Login/button_Login' is clicked on

09-12-2024T17:45:10 - [MESSAGE][PASSED] - Object: 'Object Repository/Pricing-Test Plan Regresión Core/Page_Login/button_Login' is clicked on

09-12-2024T17:45:10 - [TEST_STEP][PASSED] - waitForElementVisible(findTestObject("Pricing-Test Plan Regresión Core/Page_PRICING/img"), 5): Object 'Object Repository/Pricing-Test Plan Regresión Core/Page_PRICING/img' is visible

09-12-2024T17:45:11 - [MESSAGE][PASSED] - Object 'Object Repository/Pricing-Test Plan Regresión Core/Page_PRICING/img' is visible

09-12-2024T17:45:11 - [TEST_STEP][PASSED] - waitForElementPresent(findTestObject("Pricing-Test Plan Regresión Core/Page_CANAL/span_STOPSELL"), 5): Object 'Object Repository/Pricing-Test Plan Regresión Core/Page_CANAL/span_STOPSELL' is present

09-12-2024T17:45:11 - [MESSAGE][PASSED] - Object 'Object Repository/Pricing-Test Plan Regresión Core/Page_CANAL/span_STOPSELL' is present

09-12-2024T17:45:11 - [TEST_STEP][PASSED] - verifyElementPresent(findTestObject("Pricing-Test Plan Regresión Core/Page_CANAL/span_STOPSELL"), 5): Object 'Object Repository/Pricing-Test Plan Regresión Core/Page_CANAL/span_STOPSELL' is present

09-12-2024T17:45:11 - [MESSAGE][PASSED] - Object 'Object Repository/Pricing-Test Plan Regresión Core/Page_CANAL/span_STOPSELL' is present

09-12-2024T17:45:11 - [TEST_STEP][PASSED] - click(findTestObject("Pricing-Test Plan Regresión Core/Page_CANAL/span_STOPSELL")): Object: 'Object Repository/Pricing-Test Plan Regresión Core/Page_CANAL/span_STOPSELL' is clicked on

09-12-2024T17:45:11 - [MESSAGE][PASSED] - Object: 'Object Repository/Pricing-Test Plan Regresión Core/Page_CANAL/span_STOPSELL' is clicked on

09-12-2024T17:45:11 - [TEST_STEP][PASSED] - waitForElementPresent(findTestObject("Pricing-Test Plan Regresión Core/Page_CANAL/span_General"), 5): Object 'Object Repository/Pricing-Test Plan Regresión Core/Page_CANAL/span_General' is present

09-12-2024T17:45:12 - [MESSAGE][PASSED] - Object 'Object Repository/Pricing-Test Plan Regresión Core/Page_CANAL/span_General' is present

09-12-2024T17:45:12 - [TEST_STEP][PASSED] - verifyElementPresent(findTestObject("Pricing-Test Plan Regresión Core/Page_CANAL/span_General"), 5): Object 'Object Repository/Pricing-Test Plan Regresión Core/Page_CANAL/span_General' is present

09-12-2024T17:45:12 - [MESSAGE][PASSED] - Object 'Object Repository/Pricing-Test Plan Regresión Core/Page_CANAL/span_General' is present

09-12-2024T17:45:12 - [TEST_STEP][PASSED] - click(findTestObject("Pricing-Test Plan Regresión Core/Page_CANAL/span_General")): Object: 'Object Repository/Pricing-Test Plan Regresión Core/Page_CANAL/span_General' is clicked on

09-12-2024T17:45:12 - [MESSAGE][PASSED] - Object: 'Object Repository/Pricing-Test Plan Regresión Core/Page_CANAL/span_General' is clicked on

09-12-2024T17:45:12 - [TEST_STEP][PASSED] - waitForElementPresent(findTestObject("Pricing-Test Plan Regresión Core/Page_CANAL/span_VisualizarmodificarSellCode"), 5): Object 'Object Repository/Pricing-Test Plan Regresión Core/Page_CANAL/span_VisualizarmodificarSellCode' is present

09-12-2024T17:45:12 - [MESSAGE][PASSED] - Object 'Object Repository/Pricing-Test Plan Regresión Core/Page_CANAL/span_VisualizarmodificarSellCode' is present

09-12-2024T17:45:12 - [TEST_STEP][PASSED] - verifyElementPresent(findTestObject("Pricing-Test Plan Regresión Core/Page_CANAL/span_VisualizarmodificarSellCode"), 5): Object 'Object Repository/Pricing-Test Plan Regresión Core/Page_CANAL/span_VisualizarmodificarSellCode' is present

09-12-2024T17:45:12 - [MESSAGE][PASSED] - Object 'Object Repository/Pricing-Test Plan Regresión Core/Page_CANAL/span_VisualizarmodificarSellCode' is present

09-12-2024T17:45:12 - [TEST_STEP][PASSED] - click(findTestObject("Pricing-Test Plan Regresión Core/Page_CANAL/span_VisualizarmodificarSellCode")): Object: 'Object Repository/Pricing-Test Plan Regresión Core/Page_CANAL/span_VisualizarmodificarSellCode' is clicked on

09-12-2024T17:45:15 - [MESSAGE][PASSED] - Object: 'Object Repository/Pricing-Test Plan Regresión Core/Page_CANAL/span_VisualizarmodificarSellCode' is clicked on

09-12-2024T17:45:15 - [TEST_STEP][PASSED] - waitForElementPresent(findTestObject("Pricing-Test Plan Regresión Core/Page_Visualizar PRODUCTOS/h1_Registros totales"), 5): Object 'Object Repository/Pricing-Test Plan Regresión Core/Page_Visualizar PRODUCTOS/h1_Registros totales' is present

09-12-2024T17:45:17 - [MESSAGE][PASSED] - Object 'Object Repository/Pricing-Test Plan Regresión Core/Page_Visualizar PRODUCTOS/h1_Registros totales' is present

09-12-2024T17:45:17 - [TEST_STEP][PASSED] - verifyElementPresent(findTestObject("Pricing-Test Plan Regresión Core/Page_Visualizar PRODUCTOS/h1_Registros totales"), 5): Object 'Object Repository/Pricing-Test Plan Regresión Core/Page_Visualizar PRODUCTOS/h1_Registros totales' is present

09-12-2024T17:45:17 - [MESSAGE][PASSED] - Object 'Object Repository/Pricing-Test Plan Regresión Core/Page_Visualizar PRODUCTOS/h1_Registros totales' is present

09-12-2024T17:45:17 - [TEST_STEP][PASSED] - closeBrowser(): Browser is closed

09-12-2024T17:45:17 - [MESSAGE][PASSED] - Browser is closed]]></system-out>
         <system-err><![CDATA[]]></system-err>
      </testcase>
      <testcase name="Test Cases/PRICING-Test Plan Regresión Core/P25-XXXX-CANAL-Visualizar TiposSellCode" time="14.144" classname="Test Cases/PRICING-Test Plan Regresión Core/P25-XXXX-CANAL-Visualizar TiposSellCode" status="PASSED">
         <system-out><![CDATA[09-12-2024T17:45:17 - [TEST_CASE][PASSED] - Test Cases/PRICING-Test Plan Regresión Core/P25-XXXX-CANAL-Visualizar TiposSellCode: Test Cases/PRICING-Test Plan Regresión Core/P25-XXXX-CANAL-Visualizar TiposSellCode

09-12-2024T17:45:17 - [TEST_STEP][PASSED] - openBrowser(""): Browser is opened with url: ''

09-12-2024T17:45:17 - [MESSAGE][INFO] - Starting 'Chrome' driver

09-12-2024T17:45:17 - [MESSAGE][INFO] - Action delay is set to 0 milliseconds

09-12-2024T17:45:18 - [MESSAGE][PASSED] - Browser is opened with url: ''

09-12-2024T17:45:18 - [TEST_STEP][PASSED] - navigateToUrl("https://pre-sales.recordgo.cloud/login"): Navigate to 'https://pre-sales.recordgo.cloud/login' successfully

09-12-2024T17:45:24 - [MESSAGE][PASSED] - Navigate to 'https://pre-sales.recordgo.cloud/login' successfully

09-12-2024T17:45:24 - [TEST_STEP][PASSED] - maximizeWindow(): Current window maximized

09-12-2024T17:45:24 - [MESSAGE][PASSED] - Current window maximized

09-12-2024T17:45:24 - [TEST_STEP][PASSED] - setText(findTestObject("Pricing-Test Plan Regresión Core/Page_Login/input_Log in to your account__username"), "antonio.diego"): Text 'antonio.diego' is set on object 'Object Repository/Pricing-Test Plan Regresión Core/Page_Login/input_Log in to your account__username'

09-12-2024T17:45:25 - [MESSAGE][PASSED] - Text 'antonio.diego' is set on object 'Object Repository/Pricing-Test Plan Regresión Core/Page_Login/input_Log in to your account__username'

09-12-2024T17:45:25 - [TEST_STEP][PASSED] - setEncryptedText(findTestObject("Object Repository/Pricing-Test Plan Regresión Core/Page_Login/input_Log in to your account__password"), "4WoE78dHD36JvULd0ZrVWg=="): Text ****** has been set on object 'Object Repository/Pricing-Test Plan Regresión Core/Page_Login/input_Log in to your account__password'

09-12-2024T17:45:25 - [MESSAGE][PASSED] - Text ****** has been set on object 'Object Repository/Pricing-Test Plan Regresión Core/Page_Login/input_Log in to your account__password'

09-12-2024T17:45:25 - [TEST_STEP][PASSED] - selectOptionByValue(findTestObject("Object Repository/Pricing-Test Plan Regresión Core/Page_Login/select_Select an option CANARY ISLAND"), "IC", true): All options with value 'IC' are selected in object 'Object Repository/Pricing-Test Plan Regresión Core/Page_Login/select_Select an option CANARY ISLAND'  using regular expression

09-12-2024T17:45:25 - [MESSAGE][PASSED] - All options with value 'IC' are selected in object 'Object Repository/Pricing-Test Plan Regresión Core/Page_Login/select_Select an option CANARY ISLAND'  using regular expression

09-12-2024T17:45:25 - [TEST_STEP][PASSED] - click(findTestObject("Pricing-Test Plan Regresión Core/Page_Login/button_Login")): Object: 'Object Repository/Pricing-Test Plan Regresión Core/Page_Login/button_Login' is clicked on

09-12-2024T17:45:27 - [MESSAGE][PASSED] - Object: 'Object Repository/Pricing-Test Plan Regresión Core/Page_Login/button_Login' is clicked on

09-12-2024T17:45:27 - [TEST_STEP][PASSED] - waitForElementVisible(findTestObject("Pricing-Test Plan Regresión Core/Page_PRICING/img"), 5): Object 'Object Repository/Pricing-Test Plan Regresión Core/Page_PRICING/img' is visible

09-12-2024T17:45:28 - [MESSAGE][PASSED] - Object 'Object Repository/Pricing-Test Plan Regresión Core/Page_PRICING/img' is visible

09-12-2024T17:45:28 - [TEST_STEP][PASSED] - waitForElementPresent(findTestObject("Pricing-Test Plan Regresión Core/Page_CANAL/span_CANALES"), 5): Object 'Object Repository/Pricing-Test Plan Regresión Core/Page_CANAL/span_CANALES' is present

09-12-2024T17:45:28 - [MESSAGE][PASSED] - Object 'Object Repository/Pricing-Test Plan Regresión Core/Page_CANAL/span_CANALES' is present

09-12-2024T17:45:28 - [TEST_STEP][PASSED] - verifyElementPresent(findTestObject("Pricing-Test Plan Regresión Core/Page_CANAL/span_CANALES"), 5): Object 'Object Repository/Pricing-Test Plan Regresión Core/Page_CANAL/span_CANALES' is present

09-12-2024T17:45:28 - [MESSAGE][PASSED] - Object 'Object Repository/Pricing-Test Plan Regresión Core/Page_CANAL/span_CANALES' is present

09-12-2024T17:45:28 - [TEST_STEP][PASSED] - click(findTestObject("Pricing-Test Plan Regresión Core/Page_CANAL/span_CANALES")): Object: 'Object Repository/Pricing-Test Plan Regresión Core/Page_CANAL/span_CANALES' is clicked on

09-12-2024T17:45:29 - [MESSAGE][PASSED] - Object: 'Object Repository/Pricing-Test Plan Regresión Core/Page_CANAL/span_CANALES' is clicked on

09-12-2024T17:45:29 - [TEST_STEP][PASSED] - waitForElementPresent(findTestObject("Pricing-Test Plan Regresión Core/Page_CANAL/span_TiposSellCode"), 5): Object 'Object Repository/Pricing-Test Plan Regresión Core/Page_CANAL/span_TiposSellCode' is present

09-12-2024T17:45:29 - [MESSAGE][PASSED] - Object 'Object Repository/Pricing-Test Plan Regresión Core/Page_CANAL/span_TiposSellCode' is present

09-12-2024T17:45:29 - [TEST_STEP][PASSED] - verifyElementPresent(findTestObject("Pricing-Test Plan Regresión Core/Page_CANAL/span_TiposSellCode"), 5): Object 'Object Repository/Pricing-Test Plan Regresión Core/Page_CANAL/span_TiposSellCode' is present

09-12-2024T17:45:29 - [MESSAGE][PASSED] - Object 'Object Repository/Pricing-Test Plan Regresión Core/Page_CANAL/span_TiposSellCode' is present

09-12-2024T17:45:29 - [TEST_STEP][PASSED] - click(findTestObject("Pricing-Test Plan Regresión Core/Page_CANAL/span_TiposSellCode")): Object: 'Object Repository/Pricing-Test Plan Regresión Core/Page_CANAL/span_TiposSellCode' is clicked on

09-12-2024T17:45:29 - [MESSAGE][PASSED] - Object: 'Object Repository/Pricing-Test Plan Regresión Core/Page_CANAL/span_TiposSellCode' is clicked on

09-12-2024T17:45:29 - [TEST_STEP][PASSED] - waitForElementPresent(findTestObject("Pricing-Test Plan Regresión Core/Page_CANAL/span_VisualizarmodificarTiposSellCode"), 5): Object 'Object Repository/Pricing-Test Plan Regresión Core/Page_CANAL/span_VisualizarmodificarTiposSellCode' is present

09-12-2024T17:45:29 - [MESSAGE][PASSED] - Object 'Object Repository/Pricing-Test Plan Regresión Core/Page_CANAL/span_VisualizarmodificarTiposSellCode' is present

09-12-2024T17:45:29 - [TEST_STEP][PASSED] - verifyElementPresent(findTestObject("Pricing-Test Plan Regresión Core/Page_CANAL/span_VisualizarmodificarTiposSellCode"), 5): Object 'Object Repository/Pricing-Test Plan Regresión Core/Page_CANAL/span_VisualizarmodificarTiposSellCode' is present

09-12-2024T17:45:30 - [MESSAGE][PASSED] - Object 'Object Repository/Pricing-Test Plan Regresión Core/Page_CANAL/span_VisualizarmodificarTiposSellCode' is present

09-12-2024T17:45:30 - [TEST_STEP][PASSED] - click(findTestObject("Pricing-Test Plan Regresión Core/Page_CANAL/span_VisualizarmodificarTiposSellCode")): Object: 'Object Repository/Pricing-Test Plan Regresión Core/Page_CANAL/span_VisualizarmodificarTiposSellCode' is clicked on

09-12-2024T17:45:30 - [MESSAGE][PASSED] - Object: 'Object Repository/Pricing-Test Plan Regresión Core/Page_CANAL/span_VisualizarmodificarTiposSellCode' is clicked on

09-12-2024T17:45:30 - [TEST_STEP][PASSED] - waitForElementPresent(findTestObject("Pricing-Test Plan Regresión Core/Page_Visualizar PRODUCTOS/h1_Registros totales"), 5): Object 'Object Repository/Pricing-Test Plan Regresión Core/Page_Visualizar PRODUCTOS/h1_Registros totales' is present

09-12-2024T17:45:31 - [MESSAGE][PASSED] - Object 'Object Repository/Pricing-Test Plan Regresión Core/Page_Visualizar PRODUCTOS/h1_Registros totales' is present

09-12-2024T17:45:31 - [TEST_STEP][PASSED] - verifyElementPresent(findTestObject("Pricing-Test Plan Regresión Core/Page_Visualizar PRODUCTOS/h1_Registros totales"), 5): Object 'Object Repository/Pricing-Test Plan Regresión Core/Page_Visualizar PRODUCTOS/h1_Registros totales' is present

09-12-2024T17:45:32 - [MESSAGE][PASSED] - Object 'Object Repository/Pricing-Test Plan Regresión Core/Page_Visualizar PRODUCTOS/h1_Registros totales' is present

09-12-2024T17:45:32 - [TEST_STEP][PASSED] - closeBrowser(): Browser is closed

09-12-2024T17:45:32 - [MESSAGE][PASSED] - Browser is closed]]></system-out>
         <system-err><![CDATA[]]></system-err>
      </testcase>
      <testcase name="Test Cases/PRICING-Test Plan Regresión Core/P25-XXXX-TRADUCCIONES-Visualizar Traducciones" time="12.647" classname="Test Cases/PRICING-Test Plan Regresión Core/P25-XXXX-TRADUCCIONES-Visualizar Traducciones" status="FAILED">
         <failure type="FAILED" message="Test Cases/PRICING-Test Plan Regresión Core/P25-XXXX-TRADUCCIONES-Visualizar Traducciones FAILED.&#xa;Reason:&#xa;com.kms.katalon.core.exception.StepFailedException: Unable to click on object 'Object Repository/Pricing-Test Plan Regresión Core/Page_CANAL/span_VisualizarmodificarTraducciones'&#xa;	at com.kms.katalon.core.webui.keyword.internal.WebUIKeywordMain.stepFailed(WebUIKeywordMain.groovy:64)&#xa;	at com.kms.katalon.core.webui.keyword.internal.WebUIKeywordMain.runKeyword(WebUIKeywordMain.groovy:26)&#xa;	at com.kms.katalon.core.webui.keyword.builtin.ClickKeyword.click(ClickKeyword.groovy:74)&#xa;	at com.kms.katalon.core.webui.keyword.builtin.ClickKeyword.execute(ClickKeyword.groovy:40)&#xa;	at com.kms.katalon.core.keyword.internal.KeywordExecutor.executeKeywordForPlatform(KeywordExecutor.groovy:74)&#xa;	at com.kms.katalon.core.webui.keyword.WebUiBuiltInKeywords.click(WebUiBuiltInKeywords.groovy:659)&#xa;	at P25-XXXX-TRADUCCIONES-Visualizar Traducciones.run(P25-XXXX-TRADUCCIONES-Visualizar Traducciones:50)&#xa;	at com.kms.katalon.core.main.ScriptEngine.run(ScriptEngine.java:194)&#xa;	at com.kms.katalon.core.main.ScriptEngine.runScriptAsRawText(ScriptEngine.java:119)&#xa;	at com.kms.katalon.core.main.TestCaseExecutor.runScript(TestCaseExecutor.java:448)&#xa;	at com.kms.katalon.core.main.TestCaseExecutor.doExecute(TestCaseExecutor.java:439)&#xa;	at com.kms.katalon.core.main.TestCaseExecutor.processExecutionPhase(TestCaseExecutor.java:418)&#xa;	at com.kms.katalon.core.main.TestCaseExecutor.accessMainPhase(TestCaseExecutor.java:410)&#xa;	at com.kms.katalon.core.main.TestCaseExecutor.execute(TestCaseExecutor.java:285)&#xa;	at com.kms.katalon.core.main.TestCaseExecutor.execute(TestCaseExecutor.java:369)&#xa;	at com.kms.katalon.core.main.TestCaseExecutor.execute(TestCaseExecutor.java:369)&#xa;	at com.kms.katalon.core.main.TestCaseExecutor.execute(TestCaseExecutor.java:369)&#xa;	at com.kms.katalon.core.common.CommonExecutor.accessTestCaseMainPhase(CommonExecutor.java:65)&#xa;	at com.kms.katalon.core.main.TestSuiteExecutor.accessTestSuiteMainPhase(TestSuiteExecutor.java:150)&#xa;	at com.kms.katalon.core.main.TestSuiteExecutor.execute(TestSuiteExecutor.java:106)&#xa;	at com.kms.katalon.core.main.TestCaseMain.startTestSuite(TestCaseMain.java:180)&#xa;	at TempTestSuite1733762098648.run(TempTestSuite1733762098648.groovy:35)&#xa;	at java.base/jdk.internal.reflect.NativeMethodAccessorImpl.invoke0(Native Method)&#xa;	at java.base/jdk.internal.reflect.NativeMethodAccessorImpl.invoke(NativeMethodAccessorImpl.java:77)&#xa;	at java.base/jdk.internal.reflect.DelegatingMethodAccessorImpl.invoke(DelegatingMethodAccessorImpl.java:43)&#xa;Caused by: org.openqa.selenium.ElementNotInteractableException: element not interactable&#xa;  (Session info: chrome=131.0.6778.109)&#xa;Build info: version: '3.141.59', revision: 'unknown', time: 'unknown'&#xa;System info: host: 'MacBook-Pro-de-Antonio.local', ip: 'fe80:0:0:0:66:86cc:a946:7704%en0', os.name: 'Mac OS X', os.arch: 'aarch64', os.version: '14.6.1', java.version: '17.0.7'&#xa;Driver info: com.kms.katalon.selenium.driver.CChromeDriver&#xa;Capabilities {acceptInsecureCerts: false, browserName: chrome, browserVersion: 131.0.6778.109, chrome: {chromedriverVersion: 131.0.6778.85 (3d81e41b6f3a..., userDataDir: /var/folders/sz/p5ln5r2n5gb...}, fedcm:accounts: true, goog:chromeOptions: {debuggerAddress: localhost:63026}, javascriptEnabled: true, networkConnectionEnabled: false, pageLoadStrategy: normal, platform: MAC, platformName: MAC, proxy: Proxy(), setWindowRect: true, strictFileInteractability: false, timeouts: {implicit: 0, pageLoad: 300000, script: 30000}, unhandledPromptBehavior: dismiss and notify, webauthn:extension:credBlob: true, webauthn:extension:largeBlob: true, webauthn:extension:minPinLength: true, webauthn:extension:prf: true, webauthn:virtualAuthenticators: true}&#xa;Session ID: 8871d13685674f704153cc703da1ccf5&#xa;	at java.base/jdk.internal.reflect.NativeConstructorAccessorImpl.newInstance0(Native Method)&#xa;	at java.base/jdk.internal.reflect.NativeConstructorAccessorImpl.newInstance(NativeConstructorAccessorImpl.java:77)&#xa;	at java.base/jdk.internal.reflect.DelegatingConstructorAccessorImpl.newInstance(DelegatingConstructorAccessorImpl.java:45)&#xa;	at org.openqa.selenium.remote.http.W3CHttpResponseCodec.createException(W3CHttpResponseCodec.java:187)&#xa;	at org.openqa.selenium.remote.http.W3CHttpResponseCodec.decode(W3CHttpResponseCodec.java:122)&#xa;	at org.openqa.selenium.remote.http.W3CHttpResponseCodec.decode(W3CHttpResponseCodec.java:49)&#xa;	at org.openqa.selenium.remote.HttpCommandExecutor.execute(HttpCommandExecutor.java:158)&#xa;	at org.openqa.selenium.remote.service.DriverCommandExecutor.execute(DriverCommandExecutor.java:83)&#xa;	at org.openqa.selenium.remote.RemoteWebDriver.execute(RemoteWebDriver.java:552)&#xa;	at com.kms.katalon.selenium.driver.CChromeDriver.execute(CChromeDriver.java:19)&#xa;	at org.openqa.selenium.remote.RemoteWebElement.execute(RemoteWebElement.java:285)&#xa;	at org.openqa.selenium.remote.RemoteWebElement.click(RemoteWebElement.java:84)&#xa;	at jdk.internal.reflect.GeneratedMethodAccessor19.invoke(Unknown Source)&#xa;	at java.base/jdk.internal.reflect.DelegatingMethodAccessorImpl.invoke(DelegatingMethodAccessorImpl.java:43)&#xa;	at org.openqa.selenium.support.events.EventFiringWebDriver$EventFiringWebElement.lambda$new$0(EventFiringWebDriver.java:404)&#xa;	at jdk.proxy2/jdk.proxy2.$Proxy24.click(Unknown Source)&#xa;	at org.openqa.selenium.support.events.EventFiringWebDriver$EventFiringWebElement.click(EventFiringWebDriver.java:417)&#xa;	at org.openqa.selenium.WebElement$click.call(Unknown Source)&#xa;	at com.kms.katalon.core.webui.keyword.builtin.ClickKeyword.clickUntilSuccessWithTimeout(ClickKeyword.groovy:81)&#xa;	at com.kms.katalon.core.webui.keyword.builtin.ClickKeyword.clickUntilSuccessWithTimeout(ClickKeyword.groovy)&#xa;	at jdk.internal.reflect.GeneratedMethodAccessor23.invoke(Unknown Source)&#xa;	at java.base/jdk.internal.reflect.DelegatingMethodAccessorImpl.invoke(DelegatingMethodAccessorImpl.java:43)&#xa;	at com.kms.katalon.core.webui.keyword.builtin.ClickKeyword$_click_closure1.doCall(ClickKeyword.groovy:67)&#xa;	at com.kms.katalon.core.webui.keyword.builtin.ClickKeyword$_click_closure1.call(ClickKeyword.groovy)&#xa;	at com.kms.katalon.core.webui.keyword.internal.WebUIKeywordMain.runKeyword(WebUIKeywordMain.groovy:20)&#xa;	... 23 more&#xa;"/>
         <system-out><![CDATA[09-12-2024T17:46:08 - [TEST_CASE][FAILED] - Test Cases/PRICING-Test Plan Regresión Core/P25-XXXX-TRADUCCIONES-Visualizar Traducciones: Test Cases/PRICING-Test Plan Regresión Core/P25-XXXX-TRADUCCIONES-Visualizar Traducciones FAILED.
Reason:
com.kms.katalon.core.exception.StepFailedException: Unable to click on object 'Object Repository/Pricing-Test Plan Regresión Core/Page_CANAL/span_VisualizarmodificarTraducciones'
	at com.kms.katalon.core.webui.keyword.internal.WebUIKeywordMain.stepFailed(WebUIKeywordMain.groovy:64)
	at com.kms.katalon.core.webui.keyword.internal.WebUIKeywordMain.runKeyword(WebUIKeywordMain.groovy:26)
	at com.kms.katalon.core.webui.keyword.builtin.ClickKeyword.click(ClickKeyword.groovy:74)
	at com.kms.katalon.core.webui.keyword.builtin.ClickKeyword.execute(ClickKeyword.groovy:40)
	at com.kms.katalon.core.keyword.internal.KeywordExecutor.executeKeywordForPlatform(KeywordExecutor.groovy:74)
	at com.kms.katalon.core.webui.keyword.WebUiBuiltInKeywords.click(WebUiBuiltInKeywords.groovy:659)
	at P25-XXXX-TRADUCCIONES-Visualizar Traducciones.run(P25-XXXX-TRADUCCIONES-Visualizar Traducciones:50)
	at com.kms.katalon.core.main.ScriptEngine.run(ScriptEngine.java:194)
	at com.kms.katalon.core.main.ScriptEngine.runScriptAsRawText(ScriptEngine.java:119)
	at com.kms.katalon.core.main.TestCaseExecutor.runScript(TestCaseExecutor.java:448)
	at com.kms.katalon.core.main.TestCaseExecutor.doExecute(TestCaseExecutor.java:439)
	at com.kms.katalon.core.main.TestCaseExecutor.processExecutionPhase(TestCaseExecutor.java:418)
	at com.kms.katalon.core.main.TestCaseExecutor.accessMainPhase(TestCaseExecutor.java:410)
	at com.kms.katalon.core.main.TestCaseExecutor.execute(TestCaseExecutor.java:285)
	at com.kms.katalon.core.main.TestCaseExecutor.execute(TestCaseExecutor.java:369)
	at com.kms.katalon.core.main.TestCaseExecutor.execute(TestCaseExecutor.java:369)
	at com.kms.katalon.core.main.TestCaseExecutor.execute(TestCaseExecutor.java:369)
	at com.kms.katalon.core.common.CommonExecutor.accessTestCaseMainPhase(CommonExecutor.java:65)
	at com.kms.katalon.core.main.TestSuiteExecutor.accessTestSuiteMainPhase(TestSuiteExecutor.java:150)
	at com.kms.katalon.core.main.TestSuiteExecutor.execute(TestSuiteExecutor.java:106)
	at com.kms.katalon.core.main.TestCaseMain.startTestSuite(TestCaseMain.java:180)
	at TempTestSuite1733762098648.run(TempTestSuite1733762098648.groovy:35)
	at java.base/jdk.internal.reflect.NativeMethodAccessorImpl.invoke0(Native Method)
	at java.base/jdk.internal.reflect.NativeMethodAccessorImpl.invoke(NativeMethodAccessorImpl.java:77)
	at java.base/jdk.internal.reflect.DelegatingMethodAccessorImpl.invoke(DelegatingMethodAccessorImpl.java:43)
Caused by: org.openqa.selenium.ElementNotInteractableException: element not interactable
  (Session info: chrome=131.0.6778.109)
Build info: version: '3.141.59', revision: 'unknown', time: 'unknown'
System info: host: 'MacBook-Pro-de-Antonio.local', ip: 'fe80:0:0:0:66:86cc:a946:7704%en0', os.name: 'Mac OS X', os.arch: 'aarch64', os.version: '14.6.1', java.version: '17.0.7'
Driver info: com.kms.katalon.selenium.driver.CChromeDriver
Capabilities {acceptInsecureCerts: false, browserName: chrome, browserVersion: 131.0.6778.109, chrome: {chromedriverVersion: 131.0.6778.85 (3d81e41b6f3a..., userDataDir: /var/folders/sz/p5ln5r2n5gb...}, fedcm:accounts: true, goog:chromeOptions: {debuggerAddress: localhost:63026}, javascriptEnabled: true, networkConnectionEnabled: false, pageLoadStrategy: normal, platform: MAC, platformName: MAC, proxy: Proxy(), setWindowRect: true, strictFileInteractability: false, timeouts: {implicit: 0, pageLoad: 300000, script: 30000}, unhandledPromptBehavior: dismiss and notify, webauthn:extension:credBlob: true, webauthn:extension:largeBlob: true, webauthn:extension:minPinLength: true, webauthn:extension:prf: true, webauthn:virtualAuthenticators: true}
Session ID: 8871d13685674f704153cc703da1ccf5
	at java.base/jdk.internal.reflect.NativeConstructorAccessorImpl.newInstance0(Native Method)
	at java.base/jdk.internal.reflect.NativeConstructorAccessorImpl.newInstance(NativeConstructorAccessorImpl.java:77)
	at java.base/jdk.internal.reflect.DelegatingConstructorAccessorImpl.newInstance(DelegatingConstructorAccessorImpl.java:45)
	at org.openqa.selenium.remote.http.W3CHttpResponseCodec.createException(W3CHttpResponseCodec.java:187)
	at org.openqa.selenium.remote.http.W3CHttpResponseCodec.decode(W3CHttpResponseCodec.java:122)
	at org.openqa.selenium.remote.http.W3CHttpResponseCodec.decode(W3CHttpResponseCodec.java:49)
	at org.openqa.selenium.remote.HttpCommandExecutor.execute(HttpCommandExecutor.java:158)
	at org.openqa.selenium.remote.service.DriverCommandExecutor.execute(DriverCommandExecutor.java:83)
	at org.openqa.selenium.remote.RemoteWebDriver.execute(RemoteWebDriver.java:552)
	at com.kms.katalon.selenium.driver.CChromeDriver.execute(CChromeDriver.java:19)
	at org.openqa.selenium.remote.RemoteWebElement.execute(RemoteWebElement.java:285)
	at org.openqa.selenium.remote.RemoteWebElement.click(RemoteWebElement.java:84)
	at jdk.internal.reflect.GeneratedMethodAccessor19.invoke(Unknown Source)
	at java.base/jdk.internal.reflect.DelegatingMethodAccessorImpl.invoke(DelegatingMethodAccessorImpl.java:43)
	at org.openqa.selenium.support.events.EventFiringWebDriver$EventFiringWebElement.lambda$new$0(EventFiringWebDriver.java:404)
	at jdk.proxy2/jdk.proxy2.$Proxy24.click(Unknown Source)
	at org.openqa.selenium.support.events.EventFiringWebDriver$EventFiringWebElement.click(EventFiringWebDriver.java:417)
	at org.openqa.selenium.WebElement$click.call(Unknown Source)
	at com.kms.katalon.core.webui.keyword.builtin.ClickKeyword.clickUntilSuccessWithTimeout(ClickKeyword.groovy:81)
	at com.kms.katalon.core.webui.keyword.builtin.ClickKeyword.clickUntilSuccessWithTimeout(ClickKeyword.groovy)
	at jdk.internal.reflect.GeneratedMethodAccessor23.invoke(Unknown Source)
	at java.base/jdk.internal.reflect.DelegatingMethodAccessorImpl.invoke(DelegatingMethodAccessorImpl.java:43)
	at com.kms.katalon.core.webui.keyword.builtin.ClickKeyword$_click_closure1.doCall(ClickKeyword.groovy:67)
	at com.kms.katalon.core.webui.keyword.builtin.ClickKeyword$_click_closure1.call(ClickKeyword.groovy)
	at com.kms.katalon.core.webui.keyword.internal.WebUIKeywordMain.runKeyword(WebUIKeywordMain.groovy:20)
	... 23 more


09-12-2024T17:46:08 - [TEST_STEP][PASSED] - openBrowser(""): Browser is opened with url: ''

09-12-2024T17:46:08 - [MESSAGE][WARNING] - A browser is already opened. Closing browser and opening a new one

09-12-2024T17:46:08 - [MESSAGE][INFO] - Starting 'Chrome' driver

09-12-2024T17:46:08 - [MESSAGE][INFO] - Action delay is set to 0 milliseconds

09-12-2024T17:46:09 - [MESSAGE][PASSED] - Browser is opened with url: ''

09-12-2024T17:46:09 - [TEST_STEP][PASSED] - navigateToUrl("https://pre-sales.recordgo.cloud/login"): Navigate to 'https://pre-sales.recordgo.cloud/login' successfully

09-12-2024T17:46:14 - [MESSAGE][PASSED] - Navigate to 'https://pre-sales.recordgo.cloud/login' successfully

09-12-2024T17:46:14 - [TEST_STEP][PASSED] - maximizeWindow(): Current window maximized

09-12-2024T17:46:14 - [MESSAGE][PASSED] - Current window maximized

09-12-2024T17:46:14 - [TEST_STEP][PASSED] - setText(findTestObject("Pricing-Test Plan Regresión Core/Page_Login/input_Log in to your account__username"), "antonio.diego"): Text 'antonio.diego' is set on object 'Object Repository/Pricing-Test Plan Regresión Core/Page_Login/input_Log in to your account__username'

09-12-2024T17:46:15 - [MESSAGE][PASSED] - Text 'antonio.diego' is set on object 'Object Repository/Pricing-Test Plan Regresión Core/Page_Login/input_Log in to your account__username'

09-12-2024T17:46:15 - [TEST_STEP][PASSED] - setEncryptedText(findTestObject("Object Repository/Pricing-Test Plan Regresión Core/Page_Login/input_Log in to your account__password"), "4WoE78dHD36JvULd0ZrVWg=="): Text ****** has been set on object 'Object Repository/Pricing-Test Plan Regresión Core/Page_Login/input_Log in to your account__password'

09-12-2024T17:46:15 - [MESSAGE][PASSED] - Text ****** has been set on object 'Object Repository/Pricing-Test Plan Regresión Core/Page_Login/input_Log in to your account__password'

09-12-2024T17:46:15 - [TEST_STEP][PASSED] - selectOptionByValue(findTestObject("Object Repository/Pricing-Test Plan Regresión Core/Page_Login/select_Select an option CANARY ISLAND"), "IC", true): All options with value 'IC' are selected in object 'Object Repository/Pricing-Test Plan Regresión Core/Page_Login/select_Select an option CANARY ISLAND'  using regular expression

09-12-2024T17:46:16 - [MESSAGE][PASSED] - All options with value 'IC' are selected in object 'Object Repository/Pricing-Test Plan Regresión Core/Page_Login/select_Select an option CANARY ISLAND'  using regular expression

09-12-2024T17:46:16 - [TEST_STEP][PASSED] - click(findTestObject("Pricing-Test Plan Regresión Core/Page_Login/button_Login")): Object: 'Object Repository/Pricing-Test Plan Regresión Core/Page_Login/button_Login' is clicked on

09-12-2024T17:46:19 - [MESSAGE][PASSED] - Object: 'Object Repository/Pricing-Test Plan Regresión Core/Page_Login/button_Login' is clicked on

09-12-2024T17:46:19 - [TEST_STEP][PASSED] - waitForElementVisible(findTestObject("Pricing-Test Plan Regresión Core/Page_PRICING/img"), 5): Object 'Object Repository/Pricing-Test Plan Regresión Core/Page_PRICING/img' is visible

09-12-2024T17:46:19 - [MESSAGE][PASSED] - Object 'Object Repository/Pricing-Test Plan Regresión Core/Page_PRICING/img' is visible

09-12-2024T17:46:19 - [TEST_STEP][PASSED] - waitForElementPresent(findTestObject("Pricing-Test Plan Regresión Core/Page_CANAL/span_TRADUCCIONES"), 5): Object 'Object Repository/Pricing-Test Plan Regresión Core/Page_CANAL/span_TRADUCCIONES' is present

09-12-2024T17:46:19 - [MESSAGE][PASSED] - Object 'Object Repository/Pricing-Test Plan Regresión Core/Page_CANAL/span_TRADUCCIONES' is present

09-12-2024T17:46:19 - [TEST_STEP][PASSED] - verifyElementPresent(findTestObject("Pricing-Test Plan Regresión Core/Page_CANAL/span_TRADUCCIONES"), 5): Object 'Object Repository/Pricing-Test Plan Regresión Core/Page_CANAL/span_TRADUCCIONES' is present

09-12-2024T17:46:20 - [MESSAGE][PASSED] - Object 'Object Repository/Pricing-Test Plan Regresión Core/Page_CANAL/span_TRADUCCIONES' is present

09-12-2024T17:46:20 - [TEST_STEP][PASSED] - click(findTestObject("Pricing-Test Plan Regresión Core/Page_CANAL/span_TRADUCCIONES")): Object: 'Object Repository/Pricing-Test Plan Regresión Core/Page_CANAL/span_TRADUCCIONES' is clicked on

09-12-2024T17:46:20 - [MESSAGE][PASSED] - Object: 'Object Repository/Pricing-Test Plan Regresión Core/Page_CANAL/span_TRADUCCIONES' is clicked on

09-12-2024T17:46:20 - [TEST_STEP][PASSED] - waitForElementPresent(findTestObject("Pricing-Test Plan Regresión Core/Page_CANAL/span_VisualizarmodificarTraducciones"), 5): Object 'Object Repository/Pricing-Test Plan Regresión Core/Page_CANAL/span_VisualizarmodificarTraducciones' is present

09-12-2024T17:46:20 - [MESSAGE][PASSED] - Object 'Object Repository/Pricing-Test Plan Regresión Core/Page_CANAL/span_VisualizarmodificarTraducciones' is present

09-12-2024T17:46:20 - [TEST_STEP][PASSED] - verifyElementPresent(findTestObject("Pricing-Test Plan Regresión Core/Page_CANAL/span_VisualizarmodificarTraducciones"), 5): Object 'Object Repository/Pricing-Test Plan Regresión Core/Page_CANAL/span_VisualizarmodificarTraducciones' is present

09-12-2024T17:46:20 - [MESSAGE][PASSED] - Object 'Object Repository/Pricing-Test Plan Regresión Core/Page_CANAL/span_VisualizarmodificarTraducciones' is present

09-12-2024T17:46:20 - [TEST_STEP][FAILED] - click(findTestObject("Pricing-Test Plan Regresión Core/Page_CANAL/span_VisualizarmodificarTraducciones")): Unable to click on object 'Object Repository/Pricing-Test Plan Regresión Core/Page_CANAL/span_VisualizarmodificarTraducciones' (Root cause: com.kms.katalon.core.exception.StepFailedException: Unable to click on object 'Object Repository/Pricing-Test Plan Regresión Core/Page_CANAL/span_VisualizarmodificarTraducciones'
	at com.kms.katalon.core.webui.keyword.internal.WebUIKeywordMain.stepFailed(WebUIKeywordMain.groovy:64)
	at com.kms.katalon.core.webui.keyword.internal.WebUIKeywordMain.runKeyword(WebUIKeywordMain.groovy:26)
	at com.kms.katalon.core.webui.keyword.builtin.ClickKeyword.click(ClickKeyword.groovy:74)
	at com.kms.katalon.core.webui.keyword.builtin.ClickKeyword.execute(ClickKeyword.groovy:40)
	at com.kms.katalon.core.keyword.internal.KeywordExecutor.executeKeywordForPlatform(KeywordExecutor.groovy:74)
	at com.kms.katalon.core.webui.keyword.WebUiBuiltInKeywords.click(WebUiBuiltInKeywords.groovy:659)
	at P25-XXXX-TRADUCCIONES-Visualizar Traducciones.run(P25-XXXX-TRADUCCIONES-Visualizar Traducciones:50)
	at com.kms.katalon.core.main.ScriptEngine.run(ScriptEngine.java:194)
	at com.kms.katalon.core.main.ScriptEngine.runScriptAsRawText(ScriptEngine.java:119)
	at com.kms.katalon.core.main.TestCaseExecutor.runScript(TestCaseExecutor.java:448)
	at com.kms.katalon.core.main.TestCaseExecutor.doExecute(TestCaseExecutor.java:439)
	at com.kms.katalon.core.main.TestCaseExecutor.processExecutionPhase(TestCaseExecutor.java:418)
	at com.kms.katalon.core.main.TestCaseExecutor.accessMainPhase(TestCaseExecutor.java:410)
	at com.kms.katalon.core.main.TestCaseExecutor.execute(TestCaseExecutor.java:285)
	at com.kms.katalon.core.main.TestCaseExecutor.execute(TestCaseExecutor.java:369)
	at com.kms.katalon.core.main.TestCaseExecutor.execute(TestCaseExecutor.java:369)
	at com.kms.katalon.core.main.TestCaseExecutor.execute(TestCaseExecutor.java:369)
	at com.kms.katalon.core.common.CommonExecutor.accessTestCaseMainPhase(CommonExecutor.java:65)
	at com.kms.katalon.core.main.TestSuiteExecutor.accessTestSuiteMainPhase(TestSuiteExecutor.java:150)
	at com.kms.katalon.core.main.TestSuiteExecutor.execute(TestSuiteExecutor.java:106)
	at com.kms.katalon.core.main.TestCaseMain.startTestSuite(TestCaseMain.java:180)
	at TempTestSuite1733762098648.run(TempTestSuite1733762098648.groovy:35)
	at java.base/jdk.internal.reflect.NativeMethodAccessorImpl.invoke0(Native Method)
	at java.base/jdk.internal.reflect.NativeMethodAccessorImpl.invoke(NativeMethodAccessorImpl.java:77)
	at java.base/jdk.internal.reflect.DelegatingMethodAccessorImpl.invoke(DelegatingMethodAccessorImpl.java:43)
Caused by: org.openqa.selenium.ElementNotInteractableException: element not interactable
  (Session info: chrome=131.0.6778.109)
Build info: version: '3.141.59', revision: 'unknown', time: 'unknown'
System info: host: 'MacBook-Pro-de-Antonio.local', ip: 'fe80:0:0:0:66:86cc:a946:7704%en0', os.name: 'Mac OS X', os.arch: 'aarch64', os.version: '14.6.1', java.version: '17.0.7'
Driver info: com.kms.katalon.selenium.driver.CChromeDriver
Capabilities {acceptInsecureCerts: false, browserName: chrome, browserVersion: 131.0.6778.109, chrome: {chromedriverVersion: 131.0.6778.85 (3d81e41b6f3a..., userDataDir: /var/folders/sz/p5ln5r2n5gb...}, fedcm:accounts: true, goog:chromeOptions: {debuggerAddress: localhost:63026}, javascriptEnabled: true, networkConnectionEnabled: false, pageLoadStrategy: normal, platform: MAC, platformName: MAC, proxy: Proxy(), setWindowRect: true, strictFileInteractability: false, timeouts: {implicit: 0, pageLoad: 300000, script: 30000}, unhandledPromptBehavior: dismiss and notify, webauthn:extension:credBlob: true, webauthn:extension:largeBlob: true, webauthn:extension:minPinLength: true, webauthn:extension:prf: true, webauthn:virtualAuthenticators: true}
Session ID: 8871d13685674f704153cc703da1ccf5
	at java.base/jdk.internal.reflect.NativeConstructorAccessorImpl.newInstance0(Native Method)
	at java.base/jdk.internal.reflect.NativeConstructorAccessorImpl.newInstance(NativeConstructorAccessorImpl.java:77)
	at java.base/jdk.internal.reflect.DelegatingConstructorAccessorImpl.newInstance(DelegatingConstructorAccessorImpl.java:45)
	at org.openqa.selenium.remote.http.W3CHttpResponseCodec.createException(W3CHttpResponseCodec.java:187)
	at org.openqa.selenium.remote.http.W3CHttpResponseCodec.decode(W3CHttpResponseCodec.java:122)
	at org.openqa.selenium.remote.http.W3CHttpResponseCodec.decode(W3CHttpResponseCodec.java:49)
	at org.openqa.selenium.remote.HttpCommandExecutor.execute(HttpCommandExecutor.java:158)
	at org.openqa.selenium.remote.service.DriverCommandExecutor.execute(DriverCommandExecutor.java:83)
	at org.openqa.selenium.remote.RemoteWebDriver.execute(RemoteWebDriver.java:552)
	at com.kms.katalon.selenium.driver.CChromeDriver.execute(CChromeDriver.java:19)
	at org.openqa.selenium.remote.RemoteWebElement.execute(RemoteWebElement.java:285)
	at org.openqa.selenium.remote.RemoteWebElement.click(RemoteWebElement.java:84)
	at jdk.internal.reflect.GeneratedMethodAccessor19.invoke(Unknown Source)
	at java.base/jdk.internal.reflect.DelegatingMethodAccessorImpl.invoke(DelegatingMethodAccessorImpl.java:43)
	at org.openqa.selenium.support.events.EventFiringWebDriver$EventFiringWebElement.lambda$new$0(EventFiringWebDriver.java:404)
	at jdk.proxy2/jdk.proxy2.$Proxy24.click(Unknown Source)
	at org.openqa.selenium.support.events.EventFiringWebDriver$EventFiringWebElement.click(EventFiringWebDriver.java:417)
	at org.openqa.selenium.WebElement$click.call(Unknown Source)
	at com.kms.katalon.core.webui.keyword.builtin.ClickKeyword.clickUntilSuccessWithTimeout(ClickKeyword.groovy:81)
	at com.kms.katalon.core.webui.keyword.builtin.ClickKeyword.clickUntilSuccessWithTimeout(ClickKeyword.groovy)
	at jdk.internal.reflect.GeneratedMethodAccessor23.invoke(Unknown Source)
	at java.base/jdk.internal.reflect.DelegatingMethodAccessorImpl.invoke(DelegatingMethodAccessorImpl.java:43)
	at com.kms.katalon.core.webui.keyword.builtin.ClickKeyword$_click_closure1.doCall(ClickKeyword.groovy:67)
	at com.kms.katalon.core.webui.keyword.builtin.ClickKeyword$_click_closure1.call(ClickKeyword.groovy)
	at com.kms.katalon.core.webui.keyword.internal.WebUIKeywordMain.runKeyword(WebUIKeywordMain.groovy:20)
	at com.kms.katalon.core.webui.keyword.builtin.ClickKeyword.click(ClickKeyword.groovy:74)
	at com.kms.katalon.core.webui.keyword.builtin.ClickKeyword.execute(ClickKeyword.groovy:40)
	at com.kms.katalon.core.keyword.internal.KeywordExecutor.executeKeywordForPlatform(KeywordExecutor.groovy:74)
	at com.kms.katalon.core.webui.keyword.WebUiBuiltInKeywords.click(WebUiBuiltInKeywords.groovy:659)
	at Script1733761743298.run(Script1733761743298.groovy:50)
	... 18 more
)

09-12-2024T17:46:21 - [MESSAGE][FAILED] - Unable to click on object 'Object Repository/Pricing-Test Plan Regresión Core/Page_CANAL/span_VisualizarmodificarTraducciones' (Root cause: com.kms.katalon.core.exception.StepFailedException: Unable to click on object 'Object Repository/Pricing-Test Plan Regresión Core/Page_CANAL/span_VisualizarmodificarTraducciones'
	at com.kms.katalon.core.webui.keyword.internal.WebUIKeywordMain.stepFailed(WebUIKeywordMain.groovy:64)
	at com.kms.katalon.core.webui.keyword.internal.WebUIKeywordMain.runKeyword(WebUIKeywordMain.groovy:26)
	at com.kms.katalon.core.webui.keyword.builtin.ClickKeyword.click(ClickKeyword.groovy:74)
	at com.kms.katalon.core.webui.keyword.builtin.ClickKeyword.execute(ClickKeyword.groovy:40)
	at com.kms.katalon.core.keyword.internal.KeywordExecutor.executeKeywordForPlatform(KeywordExecutor.groovy:74)
	at com.kms.katalon.core.webui.keyword.WebUiBuiltInKeywords.click(WebUiBuiltInKeywords.groovy:659)
	at P25-XXXX-TRADUCCIONES-Visualizar Traducciones.run(P25-XXXX-TRADUCCIONES-Visualizar Traducciones:50)
	at com.kms.katalon.core.main.ScriptEngine.run(ScriptEngine.java:194)
	at com.kms.katalon.core.main.ScriptEngine.runScriptAsRawText(ScriptEngine.java:119)
	at com.kms.katalon.core.main.TestCaseExecutor.runScript(TestCaseExecutor.java:448)
	at com.kms.katalon.core.main.TestCaseExecutor.doExecute(TestCaseExecutor.java:439)
	at com.kms.katalon.core.main.TestCaseExecutor.processExecutionPhase(TestCaseExecutor.java:418)
	at com.kms.katalon.core.main.TestCaseExecutor.accessMainPhase(TestCaseExecutor.java:410)
	at com.kms.katalon.core.main.TestCaseExecutor.execute(TestCaseExecutor.java:285)
	at com.kms.katalon.core.main.TestCaseExecutor.execute(TestCaseExecutor.java:369)
	at com.kms.katalon.core.main.TestCaseExecutor.execute(TestCaseExecutor.java:369)
	at com.kms.katalon.core.main.TestCaseExecutor.execute(TestCaseExecutor.java:369)
	at com.kms.katalon.core.common.CommonExecutor.accessTestCaseMainPhase(CommonExecutor.java:65)
	at com.kms.katalon.core.main.TestSuiteExecutor.accessTestSuiteMainPhase(TestSuiteExecutor.java:150)
	at com.kms.katalon.core.main.TestSuiteExecutor.execute(TestSuiteExecutor.java:106)
	at com.kms.katalon.core.main.TestCaseMain.startTestSuite(TestCaseMain.java:180)
	at TempTestSuite1733762098648.run(TempTestSuite1733762098648.groovy:35)
	at java.base/jdk.internal.reflect.NativeMethodAccessorImpl.invoke0(Native Method)
	at java.base/jdk.internal.reflect.NativeMethodAccessorImpl.invoke(NativeMethodAccessorImpl.java:77)
	at java.base/jdk.internal.reflect.DelegatingMethodAccessorImpl.invoke(DelegatingMethodAccessorImpl.java:43)
Caused by: org.openqa.selenium.ElementNotInteractableException: element not interactable
  (Session info: chrome=131.0.6778.109)
Build info: version: '3.141.59', revision: 'unknown', time: 'unknown'
System info: host: 'MacBook-Pro-de-Antonio.local', ip: 'fe80:0:0:0:66:86cc:a946:7704%en0', os.name: 'Mac OS X', os.arch: 'aarch64', os.version: '14.6.1', java.version: '17.0.7'
Driver info: com.kms.katalon.selenium.driver.CChromeDriver
Capabilities {acceptInsecureCerts: false, browserName: chrome, browserVersion: 131.0.6778.109, chrome: {chromedriverVersion: 131.0.6778.85 (3d81e41b6f3a..., userDataDir: /var/folders/sz/p5ln5r2n5gb...}, fedcm:accounts: true, goog:chromeOptions: {debuggerAddress: localhost:63026}, javascriptEnabled: true, networkConnectionEnabled: false, pageLoadStrategy: normal, platform: MAC, platformName: MAC, proxy: Proxy(), setWindowRect: true, strictFileInteractability: false, timeouts: {implicit: 0, pageLoad: 300000, script: 30000}, unhandledPromptBehavior: dismiss and notify, webauthn:extension:credBlob: true, webauthn:extension:largeBlob: true, webauthn:extension:minPinLength: true, webauthn:extension:prf: true, webauthn:virtualAuthenticators: true}
Session ID: 8871d13685674f704153cc703da1ccf5
	at java.base/jdk.internal.reflect.NativeConstructorAccessorImpl.newInstance0(Native Method)
	at java.base/jdk.internal.reflect.NativeConstructorAccessorImpl.newInstance(NativeConstructorAccessorImpl.java:77)
	at java.base/jdk.internal.reflect.DelegatingConstructorAccessorImpl.newInstance(DelegatingConstructorAccessorImpl.java:45)
	at org.openqa.selenium.remote.http.W3CHttpResponseCodec.createException(W3CHttpResponseCodec.java:187)
	at org.openqa.selenium.remote.http.W3CHttpResponseCodec.decode(W3CHttpResponseCodec.java:122)
	at org.openqa.selenium.remote.http.W3CHttpResponseCodec.decode(W3CHttpResponseCodec.java:49)
	at org.openqa.selenium.remote.HttpCommandExecutor.execute(HttpCommandExecutor.java:158)
	at org.openqa.selenium.remote.service.DriverCommandExecutor.execute(DriverCommandExecutor.java:83)
	at org.openqa.selenium.remote.RemoteWebDriver.execute(RemoteWebDriver.java:552)
	at com.kms.katalon.selenium.driver.CChromeDriver.execute(CChromeDriver.java:19)
	at org.openqa.selenium.remote.RemoteWebElement.execute(RemoteWebElement.java:285)
	at org.openqa.selenium.remote.RemoteWebElement.click(RemoteWebElement.java:84)
	at jdk.internal.reflect.GeneratedMethodAccessor19.invoke(Unknown Source)
	at java.base/jdk.internal.reflect.DelegatingMethodAccessorImpl.invoke(DelegatingMethodAccessorImpl.java:43)
	at org.openqa.selenium.support.events.EventFiringWebDriver$EventFiringWebElement.lambda$new$0(EventFiringWebDriver.java:404)
	at jdk.proxy2/jdk.proxy2.$Proxy24.click(Unknown Source)
	at org.openqa.selenium.support.events.EventFiringWebDriver$EventFiringWebElement.click(EventFiringWebDriver.java:417)
	at org.openqa.selenium.WebElement$click.call(Unknown Source)
	at com.kms.katalon.core.webui.keyword.builtin.ClickKeyword.clickUntilSuccessWithTimeout(ClickKeyword.groovy:81)
	at com.kms.katalon.core.webui.keyword.builtin.ClickKeyword.clickUntilSuccessWithTimeout(ClickKeyword.groovy)
	at jdk.internal.reflect.GeneratedMethodAccessor23.invoke(Unknown Source)
	at java.base/jdk.internal.reflect.DelegatingMethodAccessorImpl.invoke(DelegatingMethodAccessorImpl.java:43)
	at com.kms.katalon.core.webui.keyword.builtin.ClickKeyword$_click_closure1.doCall(ClickKeyword.groovy:67)
	at com.kms.katalon.core.webui.keyword.builtin.ClickKeyword$_click_closure1.call(ClickKeyword.groovy)
	at com.kms.katalon.core.webui.keyword.internal.WebUIKeywordMain.runKeyword(WebUIKeywordMain.groovy:20)
	at com.kms.katalon.core.webui.keyword.builtin.ClickKeyword.click(ClickKeyword.groovy:74)
	at com.kms.katalon.core.webui.keyword.builtin.ClickKeyword.execute(ClickKeyword.groovy:40)
	at com.kms.katalon.core.keyword.internal.KeywordExecutor.executeKeywordForPlatform(KeywordExecutor.groovy:74)
	at com.kms.katalon.core.webui.keyword.WebUiBuiltInKeywords.click(WebUiBuiltInKeywords.groovy:659)
	at Script1733761743298.run(Script1733761743298.groovy:50)
	... 18 more
)
[[ATTACHMENT|/Users/afernandezd/Katalon Studio/Pricing-PrimeraPrueba/Reports/20241209_173457/PRICING-Test Plan Regresi\u00F3n Core/20241209_173458/1733762781156.png]]]]></system-out>
         <system-err><![CDATA[09-12-2024T17:46:08 - [TEST_CASE][FAILED] - Test Cases/PRICING-Test Plan Regresión Core/P25-XXXX-TRADUCCIONES-Visualizar Traducciones: Test Cases/PRICING-Test Plan Regresión Core/P25-XXXX-TRADUCCIONES-Visualizar Traducciones FAILED.
Reason:
com.kms.katalon.core.exception.StepFailedException: Unable to click on object 'Object Repository/Pricing-Test Plan Regresión Core/Page_CANAL/span_VisualizarmodificarTraducciones'
	at com.kms.katalon.core.webui.keyword.internal.WebUIKeywordMain.stepFailed(WebUIKeywordMain.groovy:64)
	at com.kms.katalon.core.webui.keyword.internal.WebUIKeywordMain.runKeyword(WebUIKeywordMain.groovy:26)
	at com.kms.katalon.core.webui.keyword.builtin.ClickKeyword.click(ClickKeyword.groovy:74)
	at com.kms.katalon.core.webui.keyword.builtin.ClickKeyword.execute(ClickKeyword.groovy:40)
	at com.kms.katalon.core.keyword.internal.KeywordExecutor.executeKeywordForPlatform(KeywordExecutor.groovy:74)
	at com.kms.katalon.core.webui.keyword.WebUiBuiltInKeywords.click(WebUiBuiltInKeywords.groovy:659)
	at P25-XXXX-TRADUCCIONES-Visualizar Traducciones.run(P25-XXXX-TRADUCCIONES-Visualizar Traducciones:50)
	at com.kms.katalon.core.main.ScriptEngine.run(ScriptEngine.java:194)
	at com.kms.katalon.core.main.ScriptEngine.runScriptAsRawText(ScriptEngine.java:119)
	at com.kms.katalon.core.main.TestCaseExecutor.runScript(TestCaseExecutor.java:448)
	at com.kms.katalon.core.main.TestCaseExecutor.doExecute(TestCaseExecutor.java:439)
	at com.kms.katalon.core.main.TestCaseExecutor.processExecutionPhase(TestCaseExecutor.java:418)
	at com.kms.katalon.core.main.TestCaseExecutor.accessMainPhase(TestCaseExecutor.java:410)
	at com.kms.katalon.core.main.TestCaseExecutor.execute(TestCaseExecutor.java:285)
	at com.kms.katalon.core.main.TestCaseExecutor.execute(TestCaseExecutor.java:369)
	at com.kms.katalon.core.main.TestCaseExecutor.execute(TestCaseExecutor.java:369)
	at com.kms.katalon.core.main.TestCaseExecutor.execute(TestCaseExecutor.java:369)
	at com.kms.katalon.core.common.CommonExecutor.accessTestCaseMainPhase(CommonExecutor.java:65)
	at com.kms.katalon.core.main.TestSuiteExecutor.accessTestSuiteMainPhase(TestSuiteExecutor.java:150)
	at com.kms.katalon.core.main.TestSuiteExecutor.execute(TestSuiteExecutor.java:106)
	at com.kms.katalon.core.main.TestCaseMain.startTestSuite(TestCaseMain.java:180)
	at TempTestSuite1733762098648.run(TempTestSuite1733762098648.groovy:35)
	at java.base/jdk.internal.reflect.NativeMethodAccessorImpl.invoke0(Native Method)
	at java.base/jdk.internal.reflect.NativeMethodAccessorImpl.invoke(NativeMethodAccessorImpl.java:77)
	at java.base/jdk.internal.reflect.DelegatingMethodAccessorImpl.invoke(DelegatingMethodAccessorImpl.java:43)
Caused by: org.openqa.selenium.ElementNotInteractableException: element not interactable
  (Session info: chrome=131.0.6778.109)
Build info: version: '3.141.59', revision: 'unknown', time: 'unknown'
System info: host: 'MacBook-Pro-de-Antonio.local', ip: 'fe80:0:0:0:66:86cc:a946:7704%en0', os.name: 'Mac OS X', os.arch: 'aarch64', os.version: '14.6.1', java.version: '17.0.7'
Driver info: com.kms.katalon.selenium.driver.CChromeDriver
Capabilities {acceptInsecureCerts: false, browserName: chrome, browserVersion: 131.0.6778.109, chrome: {chromedriverVersion: 131.0.6778.85 (3d81e41b6f3a..., userDataDir: /var/folders/sz/p5ln5r2n5gb...}, fedcm:accounts: true, goog:chromeOptions: {debuggerAddress: localhost:63026}, javascriptEnabled: true, networkConnectionEnabled: false, pageLoadStrategy: normal, platform: MAC, platformName: MAC, proxy: Proxy(), setWindowRect: true, strictFileInteractability: false, timeouts: {implicit: 0, pageLoad: 300000, script: 30000}, unhandledPromptBehavior: dismiss and notify, webauthn:extension:credBlob: true, webauthn:extension:largeBlob: true, webauthn:extension:minPinLength: true, webauthn:extension:prf: true, webauthn:virtualAuthenticators: true}
Session ID: 8871d13685674f704153cc703da1ccf5
	at java.base/jdk.internal.reflect.NativeConstructorAccessorImpl.newInstance0(Native Method)
	at java.base/jdk.internal.reflect.NativeConstructorAccessorImpl.newInstance(NativeConstructorAccessorImpl.java:77)
	at java.base/jdk.internal.reflect.DelegatingConstructorAccessorImpl.newInstance(DelegatingConstructorAccessorImpl.java:45)
	at org.openqa.selenium.remote.http.W3CHttpResponseCodec.createException(W3CHttpResponseCodec.java:187)
	at org.openqa.selenium.remote.http.W3CHttpResponseCodec.decode(W3CHttpResponseCodec.java:122)
	at org.openqa.selenium.remote.http.W3CHttpResponseCodec.decode(W3CHttpResponseCodec.java:49)
	at org.openqa.selenium.remote.HttpCommandExecutor.execute(HttpCommandExecutor.java:158)
	at org.openqa.selenium.remote.service.DriverCommandExecutor.execute(DriverCommandExecutor.java:83)
	at org.openqa.selenium.remote.RemoteWebDriver.execute(RemoteWebDriver.java:552)
	at com.kms.katalon.selenium.driver.CChromeDriver.execute(CChromeDriver.java:19)
	at org.openqa.selenium.remote.RemoteWebElement.execute(RemoteWebElement.java:285)
	at org.openqa.selenium.remote.RemoteWebElement.click(RemoteWebElement.java:84)
	at jdk.internal.reflect.GeneratedMethodAccessor19.invoke(Unknown Source)
	at java.base/jdk.internal.reflect.DelegatingMethodAccessorImpl.invoke(DelegatingMethodAccessorImpl.java:43)
	at org.openqa.selenium.support.events.EventFiringWebDriver$EventFiringWebElement.lambda$new$0(EventFiringWebDriver.java:404)
	at jdk.proxy2/jdk.proxy2.$Proxy24.click(Unknown Source)
	at org.openqa.selenium.support.events.EventFiringWebDriver$EventFiringWebElement.click(EventFiringWebDriver.java:417)
	at org.openqa.selenium.WebElement$click.call(Unknown Source)
	at com.kms.katalon.core.webui.keyword.builtin.ClickKeyword.clickUntilSuccessWithTimeout(ClickKeyword.groovy:81)
	at com.kms.katalon.core.webui.keyword.builtin.ClickKeyword.clickUntilSuccessWithTimeout(ClickKeyword.groovy)
	at jdk.internal.reflect.GeneratedMethodAccessor23.invoke(Unknown Source)
	at java.base/jdk.internal.reflect.DelegatingMethodAccessorImpl.invoke(DelegatingMethodAccessorImpl.java:43)
	at com.kms.katalon.core.webui.keyword.builtin.ClickKeyword$_click_closure1.doCall(ClickKeyword.groovy:67)
	at com.kms.katalon.core.webui.keyword.builtin.ClickKeyword$_click_closure1.call(ClickKeyword.groovy)
	at com.kms.katalon.core.webui.keyword.internal.WebUIKeywordMain.runKeyword(WebUIKeywordMain.groovy:20)
	... 23 more]]></system-err>
      </testcase>
      <testcase name="Test Cases/PRICING-Test Plan Regresión Core/P25-XXXX-TTCC-Visualizar TTCC" time="12.63" classname="Test Cases/PRICING-Test Plan Regresión Core/P25-XXXX-TTCC-Visualizar TTCC" status="FAILED">
         <failure type="FAILED" message="Test Cases/PRICING-Test Plan Regresión Core/P25-XXXX-TTCC-Visualizar TTCC FAILED.&#xa;Reason:&#xa;com.kms.katalon.core.exception.StepFailedException: Unable to click on object 'Object Repository/Pricing-Test Plan Regresión Core/Page_CANAL/span_VisualizarmodificarTTCC'&#xa;	at com.kms.katalon.core.webui.keyword.internal.WebUIKeywordMain.stepFailed(WebUIKeywordMain.groovy:64)&#xa;	at com.kms.katalon.core.webui.keyword.internal.WebUIKeywordMain.runKeyword(WebUIKeywordMain.groovy:26)&#xa;	at com.kms.katalon.core.webui.keyword.builtin.ClickKeyword.click(ClickKeyword.groovy:74)&#xa;	at com.kms.katalon.core.webui.keyword.builtin.ClickKeyword.execute(ClickKeyword.groovy:40)&#xa;	at com.kms.katalon.core.keyword.internal.KeywordExecutor.executeKeywordForPlatform(KeywordExecutor.groovy:74)&#xa;	at com.kms.katalon.core.webui.keyword.WebUiBuiltInKeywords.click(WebUiBuiltInKeywords.groovy:659)&#xa;	at P25-XXXX-TTCC-Visualizar TTCC.run(P25-XXXX-TTCC-Visualizar TTCC:49)&#xa;	at com.kms.katalon.core.main.ScriptEngine.run(ScriptEngine.java:194)&#xa;	at com.kms.katalon.core.main.ScriptEngine.runScriptAsRawText(ScriptEngine.java:119)&#xa;	at com.kms.katalon.core.main.TestCaseExecutor.runScript(TestCaseExecutor.java:448)&#xa;	at com.kms.katalon.core.main.TestCaseExecutor.doExecute(TestCaseExecutor.java:439)&#xa;	at com.kms.katalon.core.main.TestCaseExecutor.processExecutionPhase(TestCaseExecutor.java:418)&#xa;	at com.kms.katalon.core.main.TestCaseExecutor.accessMainPhase(TestCaseExecutor.java:410)&#xa;	at com.kms.katalon.core.main.TestCaseExecutor.execute(TestCaseExecutor.java:285)&#xa;	at com.kms.katalon.core.main.TestCaseExecutor.execute(TestCaseExecutor.java:369)&#xa;	at com.kms.katalon.core.main.TestCaseExecutor.execute(TestCaseExecutor.java:369)&#xa;	at com.kms.katalon.core.main.TestCaseExecutor.execute(TestCaseExecutor.java:369)&#xa;	at com.kms.katalon.core.common.CommonExecutor.accessTestCaseMainPhase(CommonExecutor.java:65)&#xa;	at com.kms.katalon.core.main.TestSuiteExecutor.accessTestSuiteMainPhase(TestSuiteExecutor.java:150)&#xa;	at com.kms.katalon.core.main.TestSuiteExecutor.execute(TestSuiteExecutor.java:106)&#xa;	at com.kms.katalon.core.main.TestCaseMain.startTestSuite(TestCaseMain.java:180)&#xa;	at TempTestSuite1733762098648.run(TempTestSuite1733762098648.groovy:35)&#xa;	at java.base/jdk.internal.reflect.NativeMethodAccessorImpl.invoke0(Native Method)&#xa;	at java.base/jdk.internal.reflect.NativeMethodAccessorImpl.invoke(NativeMethodAccessorImpl.java:77)&#xa;	at java.base/jdk.internal.reflect.DelegatingMethodAccessorImpl.invoke(DelegatingMethodAccessorImpl.java:43)&#xa;Caused by: org.openqa.selenium.ElementNotInteractableException: element not interactable&#xa;  (Session info: chrome=131.0.6778.109)&#xa;Build info: version: '3.141.59', revision: 'unknown', time: 'unknown'&#xa;System info: host: 'MacBook-Pro-de-Antonio.local', ip: 'fe80:0:0:0:66:86cc:a946:7704%en0', os.name: 'Mac OS X', os.arch: 'aarch64', os.version: '14.6.1', java.version: '17.0.7'&#xa;Driver info: com.kms.katalon.selenium.driver.CChromeDriver&#xa;Capabilities {acceptInsecureCerts: false, browserName: chrome, browserVersion: 131.0.6778.109, chrome: {chromedriverVersion: 131.0.6778.85 (3d81e41b6f3a..., userDataDir: /var/folders/sz/p5ln5r2n5gb...}, fedcm:accounts: true, goog:chromeOptions: {debuggerAddress: localhost:64006}, javascriptEnabled: true, networkConnectionEnabled: false, pageLoadStrategy: normal, platform: MAC, platformName: MAC, proxy: Proxy(), setWindowRect: true, strictFileInteractability: false, timeouts: {implicit: 0, pageLoad: 300000, script: 30000}, unhandledPromptBehavior: dismiss and notify, webauthn:extension:credBlob: true, webauthn:extension:largeBlob: true, webauthn:extension:minPinLength: true, webauthn:extension:prf: true, webauthn:virtualAuthenticators: true}&#xa;Session ID: 184f358b6bcc7a908ff02a5d597b155d&#xa;	at java.base/jdk.internal.reflect.NativeConstructorAccessorImpl.newInstance0(Native Method)&#xa;	at java.base/jdk.internal.reflect.NativeConstructorAccessorImpl.newInstance(NativeConstructorAccessorImpl.java:77)&#xa;	at java.base/jdk.internal.reflect.DelegatingConstructorAccessorImpl.newInstance(DelegatingConstructorAccessorImpl.java:45)&#xa;	at org.openqa.selenium.remote.http.W3CHttpResponseCodec.createException(W3CHttpResponseCodec.java:187)&#xa;	at org.openqa.selenium.remote.http.W3CHttpResponseCodec.decode(W3CHttpResponseCodec.java:122)&#xa;	at org.openqa.selenium.remote.http.W3CHttpResponseCodec.decode(W3CHttpResponseCodec.java:49)&#xa;	at org.openqa.selenium.remote.HttpCommandExecutor.execute(HttpCommandExecutor.java:158)&#xa;	at org.openqa.selenium.remote.service.DriverCommandExecutor.execute(DriverCommandExecutor.java:83)&#xa;	at org.openqa.selenium.remote.RemoteWebDriver.execute(RemoteWebDriver.java:552)&#xa;	at com.kms.katalon.selenium.driver.CChromeDriver.execute(CChromeDriver.java:19)&#xa;	at org.openqa.selenium.remote.RemoteWebElement.execute(RemoteWebElement.java:285)&#xa;	at org.openqa.selenium.remote.RemoteWebElement.click(RemoteWebElement.java:84)&#xa;	at jdk.internal.reflect.GeneratedMethodAccessor19.invoke(Unknown Source)&#xa;	at java.base/jdk.internal.reflect.DelegatingMethodAccessorImpl.invoke(DelegatingMethodAccessorImpl.java:43)&#xa;	at org.openqa.selenium.support.events.EventFiringWebDriver$EventFiringWebElement.lambda$new$0(EventFiringWebDriver.java:404)&#xa;	at jdk.proxy2/jdk.proxy2.$Proxy24.click(Unknown Source)&#xa;	at org.openqa.selenium.support.events.EventFiringWebDriver$EventFiringWebElement.click(EventFiringWebDriver.java:417)&#xa;	at org.openqa.selenium.WebElement$click.call(Unknown Source)&#xa;	at com.kms.katalon.core.webui.keyword.builtin.ClickKeyword.clickUntilSuccessWithTimeout(ClickKeyword.groovy:81)&#xa;	at com.kms.katalon.core.webui.keyword.builtin.ClickKeyword.clickUntilSuccessWithTimeout(ClickKeyword.groovy)&#xa;	at jdk.internal.reflect.GeneratedMethodAccessor23.invoke(Unknown Source)&#xa;	at java.base/jdk.internal.reflect.DelegatingMethodAccessorImpl.invoke(DelegatingMethodAccessorImpl.java:43)&#xa;	at com.kms.katalon.core.webui.keyword.builtin.ClickKeyword$_click_closure1.doCall(ClickKeyword.groovy:67)&#xa;	at com.kms.katalon.core.webui.keyword.builtin.ClickKeyword$_click_closure1.call(ClickKeyword.groovy)&#xa;	at com.kms.katalon.core.webui.keyword.internal.WebUIKeywordMain.runKeyword(WebUIKeywordMain.groovy:20)&#xa;	... 23 more&#xa;"/>
         <system-out><![CDATA[09-12-2024T17:46:58 - [TEST_CASE][FAILED] - Test Cases/PRICING-Test Plan Regresión Core/P25-XXXX-TTCC-Visualizar TTCC: Test Cases/PRICING-Test Plan Regresión Core/P25-XXXX-TTCC-Visualizar TTCC FAILED.
Reason:
com.kms.katalon.core.exception.StepFailedException: Unable to click on object 'Object Repository/Pricing-Test Plan Regresión Core/Page_CANAL/span_VisualizarmodificarTTCC'
	at com.kms.katalon.core.webui.keyword.internal.WebUIKeywordMain.stepFailed(WebUIKeywordMain.groovy:64)
	at com.kms.katalon.core.webui.keyword.internal.WebUIKeywordMain.runKeyword(WebUIKeywordMain.groovy:26)
	at com.kms.katalon.core.webui.keyword.builtin.ClickKeyword.click(ClickKeyword.groovy:74)
	at com.kms.katalon.core.webui.keyword.builtin.ClickKeyword.execute(ClickKeyword.groovy:40)
	at com.kms.katalon.core.keyword.internal.KeywordExecutor.executeKeywordForPlatform(KeywordExecutor.groovy:74)
	at com.kms.katalon.core.webui.keyword.WebUiBuiltInKeywords.click(WebUiBuiltInKeywords.groovy:659)
	at P25-XXXX-TTCC-Visualizar TTCC.run(P25-XXXX-TTCC-Visualizar TTCC:49)
	at com.kms.katalon.core.main.ScriptEngine.run(ScriptEngine.java:194)
	at com.kms.katalon.core.main.ScriptEngine.runScriptAsRawText(ScriptEngine.java:119)
	at com.kms.katalon.core.main.TestCaseExecutor.runScript(TestCaseExecutor.java:448)
	at com.kms.katalon.core.main.TestCaseExecutor.doExecute(TestCaseExecutor.java:439)
	at com.kms.katalon.core.main.TestCaseExecutor.processExecutionPhase(TestCaseExecutor.java:418)
	at com.kms.katalon.core.main.TestCaseExecutor.accessMainPhase(TestCaseExecutor.java:410)
	at com.kms.katalon.core.main.TestCaseExecutor.execute(TestCaseExecutor.java:285)
	at com.kms.katalon.core.main.TestCaseExecutor.execute(TestCaseExecutor.java:369)
	at com.kms.katalon.core.main.TestCaseExecutor.execute(TestCaseExecutor.java:369)
	at com.kms.katalon.core.main.TestCaseExecutor.execute(TestCaseExecutor.java:369)
	at com.kms.katalon.core.common.CommonExecutor.accessTestCaseMainPhase(CommonExecutor.java:65)
	at com.kms.katalon.core.main.TestSuiteExecutor.accessTestSuiteMainPhase(TestSuiteExecutor.java:150)
	at com.kms.katalon.core.main.TestSuiteExecutor.execute(TestSuiteExecutor.java:106)
	at com.kms.katalon.core.main.TestCaseMain.startTestSuite(TestCaseMain.java:180)
	at TempTestSuite1733762098648.run(TempTestSuite1733762098648.groovy:35)
	at java.base/jdk.internal.reflect.NativeMethodAccessorImpl.invoke0(Native Method)
	at java.base/jdk.internal.reflect.NativeMethodAccessorImpl.invoke(NativeMethodAccessorImpl.java:77)
	at java.base/jdk.internal.reflect.DelegatingMethodAccessorImpl.invoke(DelegatingMethodAccessorImpl.java:43)
Caused by: org.openqa.selenium.ElementNotInteractableException: element not interactable
  (Session info: chrome=131.0.6778.109)
Build info: version: '3.141.59', revision: 'unknown', time: 'unknown'
System info: host: 'MacBook-Pro-de-Antonio.local', ip: 'fe80:0:0:0:66:86cc:a946:7704%en0', os.name: 'Mac OS X', os.arch: 'aarch64', os.version: '14.6.1', java.version: '17.0.7'
Driver info: com.kms.katalon.selenium.driver.CChromeDriver
Capabilities {acceptInsecureCerts: false, browserName: chrome, browserVersion: 131.0.6778.109, chrome: {chromedriverVersion: 131.0.6778.85 (3d81e41b6f3a..., userDataDir: /var/folders/sz/p5ln5r2n5gb...}, fedcm:accounts: true, goog:chromeOptions: {debuggerAddress: localhost:64006}, javascriptEnabled: true, networkConnectionEnabled: false, pageLoadStrategy: normal, platform: MAC, platformName: MAC, proxy: Proxy(), setWindowRect: true, strictFileInteractability: false, timeouts: {implicit: 0, pageLoad: 300000, script: 30000}, unhandledPromptBehavior: dismiss and notify, webauthn:extension:credBlob: true, webauthn:extension:largeBlob: true, webauthn:extension:minPinLength: true, webauthn:extension:prf: true, webauthn:virtualAuthenticators: true}
Session ID: 184f358b6bcc7a908ff02a5d597b155d
	at java.base/jdk.internal.reflect.NativeConstructorAccessorImpl.newInstance0(Native Method)
	at java.base/jdk.internal.reflect.NativeConstructorAccessorImpl.newInstance(NativeConstructorAccessorImpl.java:77)
	at java.base/jdk.internal.reflect.DelegatingConstructorAccessorImpl.newInstance(DelegatingConstructorAccessorImpl.java:45)
	at org.openqa.selenium.remote.http.W3CHttpResponseCodec.createException(W3CHttpResponseCodec.java:187)
	at org.openqa.selenium.remote.http.W3CHttpResponseCodec.decode(W3CHttpResponseCodec.java:122)
	at org.openqa.selenium.remote.http.W3CHttpResponseCodec.decode(W3CHttpResponseCodec.java:49)
	at org.openqa.selenium.remote.HttpCommandExecutor.execute(HttpCommandExecutor.java:158)
	at org.openqa.selenium.remote.service.DriverCommandExecutor.execute(DriverCommandExecutor.java:83)
	at org.openqa.selenium.remote.RemoteWebDriver.execute(RemoteWebDriver.java:552)
	at com.kms.katalon.selenium.driver.CChromeDriver.execute(CChromeDriver.java:19)
	at org.openqa.selenium.remote.RemoteWebElement.execute(RemoteWebElement.java:285)
	at org.openqa.selenium.remote.RemoteWebElement.click(RemoteWebElement.java:84)
	at jdk.internal.reflect.GeneratedMethodAccessor19.invoke(Unknown Source)
	at java.base/jdk.internal.reflect.DelegatingMethodAccessorImpl.invoke(DelegatingMethodAccessorImpl.java:43)
	at org.openqa.selenium.support.events.EventFiringWebDriver$EventFiringWebElement.lambda$new$0(EventFiringWebDriver.java:404)
	at jdk.proxy2/jdk.proxy2.$Proxy24.click(Unknown Source)
	at org.openqa.selenium.support.events.EventFiringWebDriver$EventFiringWebElement.click(EventFiringWebDriver.java:417)
	at org.openqa.selenium.WebElement$click.call(Unknown Source)
	at com.kms.katalon.core.webui.keyword.builtin.ClickKeyword.clickUntilSuccessWithTimeout(ClickKeyword.groovy:81)
	at com.kms.katalon.core.webui.keyword.builtin.ClickKeyword.clickUntilSuccessWithTimeout(ClickKeyword.groovy)
	at jdk.internal.reflect.GeneratedMethodAccessor23.invoke(Unknown Source)
	at java.base/jdk.internal.reflect.DelegatingMethodAccessorImpl.invoke(DelegatingMethodAccessorImpl.java:43)
	at com.kms.katalon.core.webui.keyword.builtin.ClickKeyword$_click_closure1.doCall(ClickKeyword.groovy:67)
	at com.kms.katalon.core.webui.keyword.builtin.ClickKeyword$_click_closure1.call(ClickKeyword.groovy)
	at com.kms.katalon.core.webui.keyword.internal.WebUIKeywordMain.runKeyword(WebUIKeywordMain.groovy:20)
	... 23 more


09-12-2024T17:46:58 - [TEST_STEP][PASSED] - openBrowser(""): Browser is opened with url: ''

09-12-2024T17:46:58 - [MESSAGE][WARNING] - A browser is already opened. Closing browser and opening a new one

09-12-2024T17:46:58 - [MESSAGE][INFO] - Starting 'Chrome' driver

09-12-2024T17:46:58 - [MESSAGE][INFO] - Action delay is set to 0 milliseconds

09-12-2024T17:46:59 - [MESSAGE][PASSED] - Browser is opened with url: ''

09-12-2024T17:46:59 - [TEST_STEP][PASSED] - navigateToUrl("https://pre-sales.recordgo.cloud/login"): Navigate to 'https://pre-sales.recordgo.cloud/login' successfully

09-12-2024T17:47:05 - [MESSAGE][PASSED] - Navigate to 'https://pre-sales.recordgo.cloud/login' successfully

09-12-2024T17:47:05 - [TEST_STEP][PASSED] - maximizeWindow(): Current window maximized

09-12-2024T17:47:05 - [MESSAGE][PASSED] - Current window maximized

09-12-2024T17:47:05 - [TEST_STEP][PASSED] - setText(findTestObject("Pricing-Test Plan Regresión Core/Page_Login/input_Log in to your account__username"), "antonio.diego"): Text 'antonio.diego' is set on object 'Object Repository/Pricing-Test Plan Regresión Core/Page_Login/input_Log in to your account__username'

09-12-2024T17:47:06 - [MESSAGE][PASSED] - Text 'antonio.diego' is set on object 'Object Repository/Pricing-Test Plan Regresión Core/Page_Login/input_Log in to your account__username'

09-12-2024T17:47:06 - [TEST_STEP][PASSED] - setEncryptedText(findTestObject("Object Repository/Pricing-Test Plan Regresión Core/Page_Login/input_Log in to your account__password"), "4WoE78dHD36JvULd0ZrVWg=="): Text ****** has been set on object 'Object Repository/Pricing-Test Plan Regresión Core/Page_Login/input_Log in to your account__password'

09-12-2024T17:47:06 - [MESSAGE][PASSED] - Text ****** has been set on object 'Object Repository/Pricing-Test Plan Regresión Core/Page_Login/input_Log in to your account__password'

09-12-2024T17:47:06 - [TEST_STEP][PASSED] - selectOptionByValue(findTestObject("Object Repository/Pricing-Test Plan Regresión Core/Page_Login/select_Select an option CANARY ISLAND"), "IC", true): All options with value 'IC' are selected in object 'Object Repository/Pricing-Test Plan Regresión Core/Page_Login/select_Select an option CANARY ISLAND'  using regular expression

09-12-2024T17:47:07 - [MESSAGE][PASSED] - All options with value 'IC' are selected in object 'Object Repository/Pricing-Test Plan Regresión Core/Page_Login/select_Select an option CANARY ISLAND'  using regular expression

09-12-2024T17:47:07 - [TEST_STEP][PASSED] - click(findTestObject("Pricing-Test Plan Regresión Core/Page_Login/button_Login")): Object: 'Object Repository/Pricing-Test Plan Regresión Core/Page_Login/button_Login' is clicked on

09-12-2024T17:47:09 - [MESSAGE][PASSED] - Object: 'Object Repository/Pricing-Test Plan Regresión Core/Page_Login/button_Login' is clicked on

09-12-2024T17:47:09 - [TEST_STEP][PASSED] - waitForElementVisible(findTestObject("Pricing-Test Plan Regresión Core/Page_PRICING/img"), 5): Object 'Object Repository/Pricing-Test Plan Regresión Core/Page_PRICING/img' is visible

09-12-2024T17:47:09 - [MESSAGE][PASSED] - Object 'Object Repository/Pricing-Test Plan Regresión Core/Page_PRICING/img' is visible

09-12-2024T17:47:09 - [TEST_STEP][PASSED] - waitForElementPresent(findTestObject("Pricing-Test Plan Regresión Core/Page_CANAL/span_TTCC"), 5): Object 'Object Repository/Pricing-Test Plan Regresión Core/Page_CANAL/span_TTCC' is present

09-12-2024T17:47:09 - [MESSAGE][PASSED] - Object 'Object Repository/Pricing-Test Plan Regresión Core/Page_CANAL/span_TTCC' is present

09-12-2024T17:47:09 - [TEST_STEP][PASSED] - verifyElementPresent(findTestObject("Pricing-Test Plan Regresión Core/Page_CANAL/span_TTCC"), 5): Object 'Object Repository/Pricing-Test Plan Regresión Core/Page_CANAL/span_TTCC' is present

09-12-2024T17:47:09 - [MESSAGE][PASSED] - Object 'Object Repository/Pricing-Test Plan Regresión Core/Page_CANAL/span_TTCC' is present

09-12-2024T17:47:09 - [TEST_STEP][PASSED] - click(findTestObject("Pricing-Test Plan Regresión Core/Page_CANAL/span_TTCC")): Object: 'Object Repository/Pricing-Test Plan Regresión Core/Page_CANAL/span_TTCC' is clicked on

09-12-2024T17:47:10 - [MESSAGE][PASSED] - Object: 'Object Repository/Pricing-Test Plan Regresión Core/Page_CANAL/span_TTCC' is clicked on

09-12-2024T17:47:10 - [TEST_STEP][PASSED] - waitForElementPresent(findTestObject("Pricing-Test Plan Regresión Core/Page_CANAL/span_VisualizarmodificarTTCC"), 5): Object 'Object Repository/Pricing-Test Plan Regresión Core/Page_CANAL/span_VisualizarmodificarTTCC' is present

09-12-2024T17:47:10 - [MESSAGE][PASSED] - Object 'Object Repository/Pricing-Test Plan Regresión Core/Page_CANAL/span_VisualizarmodificarTTCC' is present

09-12-2024T17:47:10 - [TEST_STEP][PASSED] - verifyElementPresent(findTestObject("Pricing-Test Plan Regresión Core/Page_CANAL/span_VisualizarmodificarTTCC"), 5): Object 'Object Repository/Pricing-Test Plan Regresión Core/Page_CANAL/span_VisualizarmodificarTTCC' is present

09-12-2024T17:47:10 - [MESSAGE][PASSED] - Object 'Object Repository/Pricing-Test Plan Regresión Core/Page_CANAL/span_VisualizarmodificarTTCC' is present

09-12-2024T17:47:10 - [TEST_STEP][FAILED] - click(findTestObject("Pricing-Test Plan Regresión Core/Page_CANAL/span_VisualizarmodificarTTCC")): Unable to click on object 'Object Repository/Pricing-Test Plan Regresión Core/Page_CANAL/span_VisualizarmodificarTTCC' (Root cause: com.kms.katalon.core.exception.StepFailedException: Unable to click on object 'Object Repository/Pricing-Test Plan Regresión Core/Page_CANAL/span_VisualizarmodificarTTCC'
	at com.kms.katalon.core.webui.keyword.internal.WebUIKeywordMain.stepFailed(WebUIKeywordMain.groovy:64)
	at com.kms.katalon.core.webui.keyword.internal.WebUIKeywordMain.runKeyword(WebUIKeywordMain.groovy:26)
	at com.kms.katalon.core.webui.keyword.builtin.ClickKeyword.click(ClickKeyword.groovy:74)
	at com.kms.katalon.core.webui.keyword.builtin.ClickKeyword.execute(ClickKeyword.groovy:40)
	at com.kms.katalon.core.keyword.internal.KeywordExecutor.executeKeywordForPlatform(KeywordExecutor.groovy:74)
	at com.kms.katalon.core.webui.keyword.WebUiBuiltInKeywords.click(WebUiBuiltInKeywords.groovy:659)
	at P25-XXXX-TTCC-Visualizar TTCC.run(P25-XXXX-TTCC-Visualizar TTCC:49)
	at com.kms.katalon.core.main.ScriptEngine.run(ScriptEngine.java:194)
	at com.kms.katalon.core.main.ScriptEngine.runScriptAsRawText(ScriptEngine.java:119)
	at com.kms.katalon.core.main.TestCaseExecutor.runScript(TestCaseExecutor.java:448)
	at com.kms.katalon.core.main.TestCaseExecutor.doExecute(TestCaseExecutor.java:439)
	at com.kms.katalon.core.main.TestCaseExecutor.processExecutionPhase(TestCaseExecutor.java:418)
	at com.kms.katalon.core.main.TestCaseExecutor.accessMainPhase(TestCaseExecutor.java:410)
	at com.kms.katalon.core.main.TestCaseExecutor.execute(TestCaseExecutor.java:285)
	at com.kms.katalon.core.main.TestCaseExecutor.execute(TestCaseExecutor.java:369)
	at com.kms.katalon.core.main.TestCaseExecutor.execute(TestCaseExecutor.java:369)
	at com.kms.katalon.core.main.TestCaseExecutor.execute(TestCaseExecutor.java:369)
	at com.kms.katalon.core.common.CommonExecutor.accessTestCaseMainPhase(CommonExecutor.java:65)
	at com.kms.katalon.core.main.TestSuiteExecutor.accessTestSuiteMainPhase(TestSuiteExecutor.java:150)
	at com.kms.katalon.core.main.TestSuiteExecutor.execute(TestSuiteExecutor.java:106)
	at com.kms.katalon.core.main.TestCaseMain.startTestSuite(TestCaseMain.java:180)
	at TempTestSuite1733762098648.run(TempTestSuite1733762098648.groovy:35)
	at java.base/jdk.internal.reflect.NativeMethodAccessorImpl.invoke0(Native Method)
	at java.base/jdk.internal.reflect.NativeMethodAccessorImpl.invoke(NativeMethodAccessorImpl.java:77)
	at java.base/jdk.internal.reflect.DelegatingMethodAccessorImpl.invoke(DelegatingMethodAccessorImpl.java:43)
Caused by: org.openqa.selenium.ElementNotInteractableException: element not interactable
  (Session info: chrome=131.0.6778.109)
Build info: version: '3.141.59', revision: 'unknown', time: 'unknown'
System info: host: 'MacBook-Pro-de-Antonio.local', ip: 'fe80:0:0:0:66:86cc:a946:7704%en0', os.name: 'Mac OS X', os.arch: 'aarch64', os.version: '14.6.1', java.version: '17.0.7'
Driver info: com.kms.katalon.selenium.driver.CChromeDriver
Capabilities {acceptInsecureCerts: false, browserName: chrome, browserVersion: 131.0.6778.109, chrome: {chromedriverVersion: 131.0.6778.85 (3d81e41b6f3a..., userDataDir: /var/folders/sz/p5ln5r2n5gb...}, fedcm:accounts: true, goog:chromeOptions: {debuggerAddress: localhost:64006}, javascriptEnabled: true, networkConnectionEnabled: false, pageLoadStrategy: normal, platform: MAC, platformName: MAC, proxy: Proxy(), setWindowRect: true, strictFileInteractability: false, timeouts: {implicit: 0, pageLoad: 300000, script: 30000}, unhandledPromptBehavior: dismiss and notify, webauthn:extension:credBlob: true, webauthn:extension:largeBlob: true, webauthn:extension:minPinLength: true, webauthn:extension:prf: true, webauthn:virtualAuthenticators: true}
Session ID: 184f358b6bcc7a908ff02a5d597b155d
	at java.base/jdk.internal.reflect.NativeConstructorAccessorImpl.newInstance0(Native Method)
	at java.base/jdk.internal.reflect.NativeConstructorAccessorImpl.newInstance(NativeConstructorAccessorImpl.java:77)
	at java.base/jdk.internal.reflect.DelegatingConstructorAccessorImpl.newInstance(DelegatingConstructorAccessorImpl.java:45)
	at org.openqa.selenium.remote.http.W3CHttpResponseCodec.createException(W3CHttpResponseCodec.java:187)
	at org.openqa.selenium.remote.http.W3CHttpResponseCodec.decode(W3CHttpResponseCodec.java:122)
	at org.openqa.selenium.remote.http.W3CHttpResponseCodec.decode(W3CHttpResponseCodec.java:49)
	at org.openqa.selenium.remote.HttpCommandExecutor.execute(HttpCommandExecutor.java:158)
	at org.openqa.selenium.remote.service.DriverCommandExecutor.execute(DriverCommandExecutor.java:83)
	at org.openqa.selenium.remote.RemoteWebDriver.execute(RemoteWebDriver.java:552)
	at com.kms.katalon.selenium.driver.CChromeDriver.execute(CChromeDriver.java:19)
	at org.openqa.selenium.remote.RemoteWebElement.execute(RemoteWebElement.java:285)
	at org.openqa.selenium.remote.RemoteWebElement.click(RemoteWebElement.java:84)
	at jdk.internal.reflect.GeneratedMethodAccessor19.invoke(Unknown Source)
	at java.base/jdk.internal.reflect.DelegatingMethodAccessorImpl.invoke(DelegatingMethodAccessorImpl.java:43)
	at org.openqa.selenium.support.events.EventFiringWebDriver$EventFiringWebElement.lambda$new$0(EventFiringWebDriver.java:404)
	at jdk.proxy2/jdk.proxy2.$Proxy24.click(Unknown Source)
	at org.openqa.selenium.support.events.EventFiringWebDriver$EventFiringWebElement.click(EventFiringWebDriver.java:417)
	at org.openqa.selenium.WebElement$click.call(Unknown Source)
	at com.kms.katalon.core.webui.keyword.builtin.ClickKeyword.clickUntilSuccessWithTimeout(ClickKeyword.groovy:81)
	at com.kms.katalon.core.webui.keyword.builtin.ClickKeyword.clickUntilSuccessWithTimeout(ClickKeyword.groovy)
	at jdk.internal.reflect.GeneratedMethodAccessor23.invoke(Unknown Source)
	at java.base/jdk.internal.reflect.DelegatingMethodAccessorImpl.invoke(DelegatingMethodAccessorImpl.java:43)
	at com.kms.katalon.core.webui.keyword.builtin.ClickKeyword$_click_closure1.doCall(ClickKeyword.groovy:67)
	at com.kms.katalon.core.webui.keyword.builtin.ClickKeyword$_click_closure1.call(ClickKeyword.groovy)
	at com.kms.katalon.core.webui.keyword.internal.WebUIKeywordMain.runKeyword(WebUIKeywordMain.groovy:20)
	at com.kms.katalon.core.webui.keyword.builtin.ClickKeyword.click(ClickKeyword.groovy:74)
	at com.kms.katalon.core.webui.keyword.builtin.ClickKeyword.execute(ClickKeyword.groovy:40)
	at com.kms.katalon.core.keyword.internal.KeywordExecutor.executeKeywordForPlatform(KeywordExecutor.groovy:74)
	at com.kms.katalon.core.webui.keyword.WebUiBuiltInKeywords.click(WebUiBuiltInKeywords.groovy:659)
	at Script1733761756043.run(Script1733761756043.groovy:49)
	... 18 more
)

09-12-2024T17:47:11 - [MESSAGE][FAILED] - Unable to click on object 'Object Repository/Pricing-Test Plan Regresión Core/Page_CANAL/span_VisualizarmodificarTTCC' (Root cause: com.kms.katalon.core.exception.StepFailedException: Unable to click on object 'Object Repository/Pricing-Test Plan Regresión Core/Page_CANAL/span_VisualizarmodificarTTCC'
	at com.kms.katalon.core.webui.keyword.internal.WebUIKeywordMain.stepFailed(WebUIKeywordMain.groovy:64)
	at com.kms.katalon.core.webui.keyword.internal.WebUIKeywordMain.runKeyword(WebUIKeywordMain.groovy:26)
	at com.kms.katalon.core.webui.keyword.builtin.ClickKeyword.click(ClickKeyword.groovy:74)
	at com.kms.katalon.core.webui.keyword.builtin.ClickKeyword.execute(ClickKeyword.groovy:40)
	at com.kms.katalon.core.keyword.internal.KeywordExecutor.executeKeywordForPlatform(KeywordExecutor.groovy:74)
	at com.kms.katalon.core.webui.keyword.WebUiBuiltInKeywords.click(WebUiBuiltInKeywords.groovy:659)
	at P25-XXXX-TTCC-Visualizar TTCC.run(P25-XXXX-TTCC-Visualizar TTCC:49)
	at com.kms.katalon.core.main.ScriptEngine.run(ScriptEngine.java:194)
	at com.kms.katalon.core.main.ScriptEngine.runScriptAsRawText(ScriptEngine.java:119)
	at com.kms.katalon.core.main.TestCaseExecutor.runScript(TestCaseExecutor.java:448)
	at com.kms.katalon.core.main.TestCaseExecutor.doExecute(TestCaseExecutor.java:439)
	at com.kms.katalon.core.main.TestCaseExecutor.processExecutionPhase(TestCaseExecutor.java:418)
	at com.kms.katalon.core.main.TestCaseExecutor.accessMainPhase(TestCaseExecutor.java:410)
	at com.kms.katalon.core.main.TestCaseExecutor.execute(TestCaseExecutor.java:285)
	at com.kms.katalon.core.main.TestCaseExecutor.execute(TestCaseExecutor.java:369)
	at com.kms.katalon.core.main.TestCaseExecutor.execute(TestCaseExecutor.java:369)
	at com.kms.katalon.core.main.TestCaseExecutor.execute(TestCaseExecutor.java:369)
	at com.kms.katalon.core.common.CommonExecutor.accessTestCaseMainPhase(CommonExecutor.java:65)
	at com.kms.katalon.core.main.TestSuiteExecutor.accessTestSuiteMainPhase(TestSuiteExecutor.java:150)
	at com.kms.katalon.core.main.TestSuiteExecutor.execute(TestSuiteExecutor.java:106)
	at com.kms.katalon.core.main.TestCaseMain.startTestSuite(TestCaseMain.java:180)
	at TempTestSuite1733762098648.run(TempTestSuite1733762098648.groovy:35)
	at java.base/jdk.internal.reflect.NativeMethodAccessorImpl.invoke0(Native Method)
	at java.base/jdk.internal.reflect.NativeMethodAccessorImpl.invoke(NativeMethodAccessorImpl.java:77)
	at java.base/jdk.internal.reflect.DelegatingMethodAccessorImpl.invoke(DelegatingMethodAccessorImpl.java:43)
Caused by: org.openqa.selenium.ElementNotInteractableException: element not interactable
  (Session info: chrome=131.0.6778.109)
Build info: version: '3.141.59', revision: 'unknown', time: 'unknown'
System info: host: 'MacBook-Pro-de-Antonio.local', ip: 'fe80:0:0:0:66:86cc:a946:7704%en0', os.name: 'Mac OS X', os.arch: 'aarch64', os.version: '14.6.1', java.version: '17.0.7'
Driver info: com.kms.katalon.selenium.driver.CChromeDriver
Capabilities {acceptInsecureCerts: false, browserName: chrome, browserVersion: 131.0.6778.109, chrome: {chromedriverVersion: 131.0.6778.85 (3d81e41b6f3a..., userDataDir: /var/folders/sz/p5ln5r2n5gb...}, fedcm:accounts: true, goog:chromeOptions: {debuggerAddress: localhost:64006}, javascriptEnabled: true, networkConnectionEnabled: false, pageLoadStrategy: normal, platform: MAC, platformName: MAC, proxy: Proxy(), setWindowRect: true, strictFileInteractability: false, timeouts: {implicit: 0, pageLoad: 300000, script: 30000}, unhandledPromptBehavior: dismiss and notify, webauthn:extension:credBlob: true, webauthn:extension:largeBlob: true, webauthn:extension:minPinLength: true, webauthn:extension:prf: true, webauthn:virtualAuthenticators: true}
Session ID: 184f358b6bcc7a908ff02a5d597b155d
	at java.base/jdk.internal.reflect.NativeConstructorAccessorImpl.newInstance0(Native Method)
	at java.base/jdk.internal.reflect.NativeConstructorAccessorImpl.newInstance(NativeConstructorAccessorImpl.java:77)
	at java.base/jdk.internal.reflect.DelegatingConstructorAccessorImpl.newInstance(DelegatingConstructorAccessorImpl.java:45)
	at org.openqa.selenium.remote.http.W3CHttpResponseCodec.createException(W3CHttpResponseCodec.java:187)
	at org.openqa.selenium.remote.http.W3CHttpResponseCodec.decode(W3CHttpResponseCodec.java:122)
	at org.openqa.selenium.remote.http.W3CHttpResponseCodec.decode(W3CHttpResponseCodec.java:49)
	at org.openqa.selenium.remote.HttpCommandExecutor.execute(HttpCommandExecutor.java:158)
	at org.openqa.selenium.remote.service.DriverCommandExecutor.execute(DriverCommandExecutor.java:83)
	at org.openqa.selenium.remote.RemoteWebDriver.execute(RemoteWebDriver.java:552)
	at com.kms.katalon.selenium.driver.CChromeDriver.execute(CChromeDriver.java:19)
	at org.openqa.selenium.remote.RemoteWebElement.execute(RemoteWebElement.java:285)
	at org.openqa.selenium.remote.RemoteWebElement.click(RemoteWebElement.java:84)
	at jdk.internal.reflect.GeneratedMethodAccessor19.invoke(Unknown Source)
	at java.base/jdk.internal.reflect.DelegatingMethodAccessorImpl.invoke(DelegatingMethodAccessorImpl.java:43)
	at org.openqa.selenium.support.events.EventFiringWebDriver$EventFiringWebElement.lambda$new$0(EventFiringWebDriver.java:404)
	at jdk.proxy2/jdk.proxy2.$Proxy24.click(Unknown Source)
	at org.openqa.selenium.support.events.EventFiringWebDriver$EventFiringWebElement.click(EventFiringWebDriver.java:417)
	at org.openqa.selenium.WebElement$click.call(Unknown Source)
	at com.kms.katalon.core.webui.keyword.builtin.ClickKeyword.clickUntilSuccessWithTimeout(ClickKeyword.groovy:81)
	at com.kms.katalon.core.webui.keyword.builtin.ClickKeyword.clickUntilSuccessWithTimeout(ClickKeyword.groovy)
	at jdk.internal.reflect.GeneratedMethodAccessor23.invoke(Unknown Source)
	at java.base/jdk.internal.reflect.DelegatingMethodAccessorImpl.invoke(DelegatingMethodAccessorImpl.java:43)
	at com.kms.katalon.core.webui.keyword.builtin.ClickKeyword$_click_closure1.doCall(ClickKeyword.groovy:67)
	at com.kms.katalon.core.webui.keyword.builtin.ClickKeyword$_click_closure1.call(ClickKeyword.groovy)
	at com.kms.katalon.core.webui.keyword.internal.WebUIKeywordMain.runKeyword(WebUIKeywordMain.groovy:20)
	at com.kms.katalon.core.webui.keyword.builtin.ClickKeyword.click(ClickKeyword.groovy:74)
	at com.kms.katalon.core.webui.keyword.builtin.ClickKeyword.execute(ClickKeyword.groovy:40)
	at com.kms.katalon.core.keyword.internal.KeywordExecutor.executeKeywordForPlatform(KeywordExecutor.groovy:74)
	at com.kms.katalon.core.webui.keyword.WebUiBuiltInKeywords.click(WebUiBuiltInKeywords.groovy:659)
	at Script1733761756043.run(Script1733761756043.groovy:49)
	... 18 more
)
[[ATTACHMENT|/Users/afernandezd/Katalon Studio/Pricing-PrimeraPrueba/Reports/20241209_173457/PRICING-Test Plan Regresi\u00F3n Core/20241209_173458/1733762830857.png]]]]></system-out>
         <system-err><![CDATA[09-12-2024T17:46:58 - [TEST_CASE][FAILED] - Test Cases/PRICING-Test Plan Regresión Core/P25-XXXX-TTCC-Visualizar TTCC: Test Cases/PRICING-Test Plan Regresión Core/P25-XXXX-TTCC-Visualizar TTCC FAILED.
Reason:
com.kms.katalon.core.exception.StepFailedException: Unable to click on object 'Object Repository/Pricing-Test Plan Regresión Core/Page_CANAL/span_VisualizarmodificarTTCC'
	at com.kms.katalon.core.webui.keyword.internal.WebUIKeywordMain.stepFailed(WebUIKeywordMain.groovy:64)
	at com.kms.katalon.core.webui.keyword.internal.WebUIKeywordMain.runKeyword(WebUIKeywordMain.groovy:26)
	at com.kms.katalon.core.webui.keyword.builtin.ClickKeyword.click(ClickKeyword.groovy:74)
	at com.kms.katalon.core.webui.keyword.builtin.ClickKeyword.execute(ClickKeyword.groovy:40)
	at com.kms.katalon.core.keyword.internal.KeywordExecutor.executeKeywordForPlatform(KeywordExecutor.groovy:74)
	at com.kms.katalon.core.webui.keyword.WebUiBuiltInKeywords.click(WebUiBuiltInKeywords.groovy:659)
	at P25-XXXX-TTCC-Visualizar TTCC.run(P25-XXXX-TTCC-Visualizar TTCC:49)
	at com.kms.katalon.core.main.ScriptEngine.run(ScriptEngine.java:194)
	at com.kms.katalon.core.main.ScriptEngine.runScriptAsRawText(ScriptEngine.java:119)
	at com.kms.katalon.core.main.TestCaseExecutor.runScript(TestCaseExecutor.java:448)
	at com.kms.katalon.core.main.TestCaseExecutor.doExecute(TestCaseExecutor.java:439)
	at com.kms.katalon.core.main.TestCaseExecutor.processExecutionPhase(TestCaseExecutor.java:418)
	at com.kms.katalon.core.main.TestCaseExecutor.accessMainPhase(TestCaseExecutor.java:410)
	at com.kms.katalon.core.main.TestCaseExecutor.execute(TestCaseExecutor.java:285)
	at com.kms.katalon.core.main.TestCaseExecutor.execute(TestCaseExecutor.java:369)
	at com.kms.katalon.core.main.TestCaseExecutor.execute(TestCaseExecutor.java:369)
	at com.kms.katalon.core.main.TestCaseExecutor.execute(TestCaseExecutor.java:369)
	at com.kms.katalon.core.common.CommonExecutor.accessTestCaseMainPhase(CommonExecutor.java:65)
	at com.kms.katalon.core.main.TestSuiteExecutor.accessTestSuiteMainPhase(TestSuiteExecutor.java:150)
	at com.kms.katalon.core.main.TestSuiteExecutor.execute(TestSuiteExecutor.java:106)
	at com.kms.katalon.core.main.TestCaseMain.startTestSuite(TestCaseMain.java:180)
	at TempTestSuite1733762098648.run(TempTestSuite1733762098648.groovy:35)
	at java.base/jdk.internal.reflect.NativeMethodAccessorImpl.invoke0(Native Method)
	at java.base/jdk.internal.reflect.NativeMethodAccessorImpl.invoke(NativeMethodAccessorImpl.java:77)
	at java.base/jdk.internal.reflect.DelegatingMethodAccessorImpl.invoke(DelegatingMethodAccessorImpl.java:43)
Caused by: org.openqa.selenium.ElementNotInteractableException: element not interactable
  (Session info: chrome=131.0.6778.109)
Build info: version: '3.141.59', revision: 'unknown', time: 'unknown'
System info: host: 'MacBook-Pro-de-Antonio.local', ip: 'fe80:0:0:0:66:86cc:a946:7704%en0', os.name: 'Mac OS X', os.arch: 'aarch64', os.version: '14.6.1', java.version: '17.0.7'
Driver info: com.kms.katalon.selenium.driver.CChromeDriver
Capabilities {acceptInsecureCerts: false, browserName: chrome, browserVersion: 131.0.6778.109, chrome: {chromedriverVersion: 131.0.6778.85 (3d81e41b6f3a..., userDataDir: /var/folders/sz/p5ln5r2n5gb...}, fedcm:accounts: true, goog:chromeOptions: {debuggerAddress: localhost:64006}, javascriptEnabled: true, networkConnectionEnabled: false, pageLoadStrategy: normal, platform: MAC, platformName: MAC, proxy: Proxy(), setWindowRect: true, strictFileInteractability: false, timeouts: {implicit: 0, pageLoad: 300000, script: 30000}, unhandledPromptBehavior: dismiss and notify, webauthn:extension:credBlob: true, webauthn:extension:largeBlob: true, webauthn:extension:minPinLength: true, webauthn:extension:prf: true, webauthn:virtualAuthenticators: true}
Session ID: 184f358b6bcc7a908ff02a5d597b155d
	at java.base/jdk.internal.reflect.NativeConstructorAccessorImpl.newInstance0(Native Method)
	at java.base/jdk.internal.reflect.NativeConstructorAccessorImpl.newInstance(NativeConstructorAccessorImpl.java:77)
	at java.base/jdk.internal.reflect.DelegatingConstructorAccessorImpl.newInstance(DelegatingConstructorAccessorImpl.java:45)
	at org.openqa.selenium.remote.http.W3CHttpResponseCodec.createException(W3CHttpResponseCodec.java:187)
	at org.openqa.selenium.remote.http.W3CHttpResponseCodec.decode(W3CHttpResponseCodec.java:122)
	at org.openqa.selenium.remote.http.W3CHttpResponseCodec.decode(W3CHttpResponseCodec.java:49)
	at org.openqa.selenium.remote.HttpCommandExecutor.execute(HttpCommandExecutor.java:158)
	at org.openqa.selenium.remote.service.DriverCommandExecutor.execute(DriverCommandExecutor.java:83)
	at org.openqa.selenium.remote.RemoteWebDriver.execute(RemoteWebDriver.java:552)
	at com.kms.katalon.selenium.driver.CChromeDriver.execute(CChromeDriver.java:19)
	at org.openqa.selenium.remote.RemoteWebElement.execute(RemoteWebElement.java:285)
	at org.openqa.selenium.remote.RemoteWebElement.click(RemoteWebElement.java:84)
	at jdk.internal.reflect.GeneratedMethodAccessor19.invoke(Unknown Source)
	at java.base/jdk.internal.reflect.DelegatingMethodAccessorImpl.invoke(DelegatingMethodAccessorImpl.java:43)
	at org.openqa.selenium.support.events.EventFiringWebDriver$EventFiringWebElement.lambda$new$0(EventFiringWebDriver.java:404)
	at jdk.proxy2/jdk.proxy2.$Proxy24.click(Unknown Source)
	at org.openqa.selenium.support.events.EventFiringWebDriver$EventFiringWebElement.click(EventFiringWebDriver.java:417)
	at org.openqa.selenium.WebElement$click.call(Unknown Source)
	at com.kms.katalon.core.webui.keyword.builtin.ClickKeyword.clickUntilSuccessWithTimeout(ClickKeyword.groovy:81)
	at com.kms.katalon.core.webui.keyword.builtin.ClickKeyword.clickUntilSuccessWithTimeout(ClickKeyword.groovy)
	at jdk.internal.reflect.GeneratedMethodAccessor23.invoke(Unknown Source)
	at java.base/jdk.internal.reflect.DelegatingMethodAccessorImpl.invoke(DelegatingMethodAccessorImpl.java:43)
	at com.kms.katalon.core.webui.keyword.builtin.ClickKeyword$_click_closure1.doCall(ClickKeyword.groovy:67)
	at com.kms.katalon.core.webui.keyword.builtin.ClickKeyword$_click_closure1.call(ClickKeyword.groovy)
	at com.kms.katalon.core.webui.keyword.internal.WebUIKeywordMain.runKeyword(WebUIKeywordMain.groovy:20)
	... 23 more]]></system-err>
      </testcase>
      <system-out><![CDATA[09-12-2024T17:35:02 - [TEST_SUITE][FAILED] - PRICING-Test Plan Regresión Core: Test Cases/PRICING-Test Plan Regresión Core/P25-XXXX-DELEGACIONES-Visualizar AgrupDelegaciones FAILED.
Reason:
com.kms.katalon.core.exception.StepFailedException: Unable to click on object 'Object Repository/Pricing-Test Plan Regresión Core/Page_CANAL/span_VisualizarmodificarSellCode'
	at com.kms.katalon.core.webui.keyword.internal.WebUIKeywordMain.stepFailed(WebUIKeywordMain.groovy:64)
	at com.kms.katalon.core.webui.keyword.internal.WebUIKeywordMain.runKeyword(WebUIKeywordMain.groovy:26)
	at com.kms.katalon.core.webui.keyword.builtin.ClickKeyword.click(ClickKeyword.groovy:74)
	at com.kms.katalon.core.webui.keyword.builtin.ClickKeyword.execute(ClickKeyword.groovy:40)
	at com.kms.katalon.core.keyword.internal.KeywordExecutor.executeKeywordForPlatform(KeywordExecutor.groovy:74)
	at com.kms.katalon.core.webui.keyword.WebUiBuiltInKeywords.click(WebUiBuiltInKeywords.groovy:659)
	at P25-XXXX-DELEGACIONES-Visualizar AgrupDelegaciones.run(P25-XXXX-DELEGACIONES-Visualizar AgrupDelegaciones:56)
	at com.kms.katalon.core.main.ScriptEngine.run(ScriptEngine.java:194)
	at com.kms.katalon.core.main.ScriptEngine.runScriptAsRawText(ScriptEngine.java:119)
	at com.kms.katalon.core.main.TestCaseExecutor.runScript(TestCaseExecutor.java:448)
	at com.kms.katalon.core.main.TestCaseExecutor.doExecute(TestCaseExecutor.java:439)
	at com.kms.katalon.core.main.TestCaseExecutor.processExecutionPhase(TestCaseExecutor.java:418)
	at com.kms.katalon.core.main.TestCaseExecutor.accessMainPhase(TestCaseExecutor.java:410)
	at com.kms.katalon.core.main.TestCaseExecutor.execute(TestCaseExecutor.java:285)
	at com.kms.katalon.core.common.CommonExecutor.accessTestCaseMainPhase(CommonExecutor.java:65)
	at com.kms.katalon.core.main.TestSuiteExecutor.accessTestSuiteMainPhase(TestSuiteExecutor.java:150)
	at com.kms.katalon.core.main.TestSuiteExecutor.execute(TestSuiteExecutor.java:106)
	at com.kms.katalon.core.main.TestCaseMain.startTestSuite(TestCaseMain.java:180)
	at TempTestSuite1733762098648.run(TempTestSuite1733762098648.groovy:35)
	at java.base/jdk.internal.reflect.NativeMethodAccessorImpl.invoke0(Native Method)
	at java.base/jdk.internal.reflect.NativeMethodAccessorImpl.invoke(NativeMethodAccessorImpl.java:77)
	at java.base/jdk.internal.reflect.DelegatingMethodAccessorImpl.invoke(DelegatingMethodAccessorImpl.java:43)
Caused by: org.openqa.selenium.ElementNotInteractableException: element not interactable
  (Session info: chrome=131.0.6778.109)
Build info: version: '3.141.59', revision: 'unknown', time: 'unknown'
System info: host: 'MacBook-Pro-de-Antonio.local', ip: 'fe80:0:0:0:66:86cc:a946:7704%en0', os.name: 'Mac OS X', os.arch: 'aarch64', os.version: '14.6.1', java.version: '17.0.7'
Driver info: com.kms.katalon.selenium.driver.CChromeDriver
Capabilities {acceptInsecureCerts: false, browserName: chrome, browserVersion: 131.0.6778.109, chrome: {chromedriverVersion: 131.0.6778.85 (3d81e41b6f3a..., userDataDir: /var/folders/sz/p5ln5r2n5gb...}, fedcm:accounts: true, goog:chromeOptions: {debuggerAddress: localhost:60125}, javascriptEnabled: true, networkConnectionEnabled: false, pageLoadStrategy: normal, platform: MAC, platformName: MAC, proxy: Proxy(), setWindowRect: true, strictFileInteractability: false, timeouts: {implicit: 0, pageLoad: 300000, script: 30000}, unhandledPromptBehavior: dismiss and notify, webauthn:extension:credBlob: true, webauthn:extension:largeBlob: true, webauthn:extension:minPinLength: true, webauthn:extension:prf: true, webauthn:virtualAuthenticators: true}
Session ID: b179327bef79eb3dfa3c9533eed9635f
	at java.base/jdk.internal.reflect.NativeConstructorAccessorImpl.newInstance0(Native Method)
	at java.base/jdk.internal.reflect.NativeConstructorAccessorImpl.newInstance(NativeConstructorAccessorImpl.java:77)
	at java.base/jdk.internal.reflect.DelegatingConstructorAccessorImpl.newInstance(DelegatingConstructorAccessorImpl.java:45)
	at org.openqa.selenium.remote.http.W3CHttpResponseCodec.createException(W3CHttpResponseCodec.java:187)
	at org.openqa.selenium.remote.http.W3CHttpResponseCodec.decode(W3CHttpResponseCodec.java:122)
	at org.openqa.selenium.remote.http.W3CHttpResponseCodec.decode(W3CHttpResponseCodec.java:49)
	at org.openqa.selenium.remote.HttpCommandExecutor.execute(HttpCommandExecutor.java:158)
	at org.openqa.selenium.remote.service.DriverCommandExecutor.execute(DriverCommandExecutor.java:83)
	at org.openqa.selenium.remote.RemoteWebDriver.execute(RemoteWebDriver.java:552)
	at com.kms.katalon.selenium.driver.CChromeDriver.execute(CChromeDriver.java:19)
	at org.openqa.selenium.remote.RemoteWebElement.execute(RemoteWebElement.java:285)
	at org.openqa.selenium.remote.RemoteWebElement.click(RemoteWebElement.java:84)
	at jdk.internal.reflect.GeneratedMethodAccessor19.invoke(Unknown Source)
	at java.base/jdk.internal.reflect.DelegatingMethodAccessorImpl.invoke(DelegatingMethodAccessorImpl.java:43)
	at org.openqa.selenium.support.events.EventFiringWebDriver$EventFiringWebElement.lambda$new$0(EventFiringWebDriver.java:404)
	at jdk.proxy2/jdk.proxy2.$Proxy24.click(Unknown Source)
	at org.openqa.selenium.support.events.EventFiringWebDriver$EventFiringWebElement.click(EventFiringWebDriver.java:417)
	at org.openqa.selenium.WebElement$click.call(Unknown Source)
	at com.kms.katalon.core.webui.keyword.builtin.ClickKeyword.clickUntilSuccessWithTimeout(ClickKeyword.groovy:81)
	at com.kms.katalon.core.webui.keyword.builtin.ClickKeyword.clickUntilSuccessWithTimeout(ClickKeyword.groovy)
	at jdk.internal.reflect.GeneratedMethodAccessor23.invoke(Unknown Source)
	at java.base/jdk.internal.reflect.DelegatingMethodAccessorImpl.invoke(DelegatingMethodAccessorImpl.java:43)
	at com.kms.katalon.core.webui.keyword.builtin.ClickKeyword$_click_closure1.doCall(ClickKeyword.groovy:67)
	at com.kms.katalon.core.webui.keyword.builtin.ClickKeyword$_click_closure1.call(ClickKeyword.groovy)
	at com.kms.katalon.core.webui.keyword.internal.WebUIKeywordMain.runKeyword(WebUIKeywordMain.groovy:20)
	... 20 more]]></system-out>
      <system-err><![CDATA[09-12-2024T17:35:02 - [TEST_SUITE][FAILED] - PRICING-Test Plan Regresión Core: Test Cases/PRICING-Test Plan Regresión Core/P25-XXXX-DELEGACIONES-Visualizar AgrupDelegaciones FAILED.
Reason:
com.kms.katalon.core.exception.StepFailedException: Unable to click on object 'Object Repository/Pricing-Test Plan Regresión Core/Page_CANAL/span_VisualizarmodificarSellCode'
	at com.kms.katalon.core.webui.keyword.internal.WebUIKeywordMain.stepFailed(WebUIKeywordMain.groovy:64)
	at com.kms.katalon.core.webui.keyword.internal.WebUIKeywordMain.runKeyword(WebUIKeywordMain.groovy:26)
	at com.kms.katalon.core.webui.keyword.builtin.ClickKeyword.click(ClickKeyword.groovy:74)
	at com.kms.katalon.core.webui.keyword.builtin.ClickKeyword.execute(ClickKeyword.groovy:40)
	at com.kms.katalon.core.keyword.internal.KeywordExecutor.executeKeywordForPlatform(KeywordExecutor.groovy:74)
	at com.kms.katalon.core.webui.keyword.WebUiBuiltInKeywords.click(WebUiBuiltInKeywords.groovy:659)
	at P25-XXXX-DELEGACIONES-Visualizar AgrupDelegaciones.run(P25-XXXX-DELEGACIONES-Visualizar AgrupDelegaciones:56)
	at com.kms.katalon.core.main.ScriptEngine.run(ScriptEngine.java:194)
	at com.kms.katalon.core.main.ScriptEngine.runScriptAsRawText(ScriptEngine.java:119)
	at com.kms.katalon.core.main.TestCaseExecutor.runScript(TestCaseExecutor.java:448)
	at com.kms.katalon.core.main.TestCaseExecutor.doExecute(TestCaseExecutor.java:439)
	at com.kms.katalon.core.main.TestCaseExecutor.processExecutionPhase(TestCaseExecutor.java:418)
	at com.kms.katalon.core.main.TestCaseExecutor.accessMainPhase(TestCaseExecutor.java:410)
	at com.kms.katalon.core.main.TestCaseExecutor.execute(TestCaseExecutor.java:285)
	at com.kms.katalon.core.common.CommonExecutor.accessTestCaseMainPhase(CommonExecutor.java:65)
	at com.kms.katalon.core.main.TestSuiteExecutor.accessTestSuiteMainPhase(TestSuiteExecutor.java:150)
	at com.kms.katalon.core.main.TestSuiteExecutor.execute(TestSuiteExecutor.java:106)
	at com.kms.katalon.core.main.TestCaseMain.startTestSuite(TestCaseMain.java:180)
	at TempTestSuite1733762098648.run(TempTestSuite1733762098648.groovy:35)
	at java.base/jdk.internal.reflect.NativeMethodAccessorImpl.invoke0(Native Method)
	at java.base/jdk.internal.reflect.NativeMethodAccessorImpl.invoke(NativeMethodAccessorImpl.java:77)
	at java.base/jdk.internal.reflect.DelegatingMethodAccessorImpl.invoke(DelegatingMethodAccessorImpl.java:43)
Caused by: org.openqa.selenium.ElementNotInteractableException: element not interactable
  (Session info: chrome=131.0.6778.109)
Build info: version: '3.141.59', revision: 'unknown', time: 'unknown'
System info: host: 'MacBook-Pro-de-Antonio.local', ip: 'fe80:0:0:0:66:86cc:a946:7704%en0', os.name: 'Mac OS X', os.arch: 'aarch64', os.version: '14.6.1', java.version: '17.0.7'
Driver info: com.kms.katalon.selenium.driver.CChromeDriver
Capabilities {acceptInsecureCerts: false, browserName: chrome, browserVersion: 131.0.6778.109, chrome: {chromedriverVersion: 131.0.6778.85 (3d81e41b6f3a..., userDataDir: /var/folders/sz/p5ln5r2n5gb...}, fedcm:accounts: true, goog:chromeOptions: {debuggerAddress: localhost:60125}, javascriptEnabled: true, networkConnectionEnabled: false, pageLoadStrategy: normal, platform: MAC, platformName: MAC, proxy: Proxy(), setWindowRect: true, strictFileInteractability: false, timeouts: {implicit: 0, pageLoad: 300000, script: 30000}, unhandledPromptBehavior: dismiss and notify, webauthn:extension:credBlob: true, webauthn:extension:largeBlob: true, webauthn:extension:minPinLength: true, webauthn:extension:prf: true, webauthn:virtualAuthenticators: true}
Session ID: b179327bef79eb3dfa3c9533eed9635f
	at java.base/jdk.internal.reflect.NativeConstructorAccessorImpl.newInstance0(Native Method)
	at java.base/jdk.internal.reflect.NativeConstructorAccessorImpl.newInstance(NativeConstructorAccessorImpl.java:77)
	at java.base/jdk.internal.reflect.DelegatingConstructorAccessorImpl.newInstance(DelegatingConstructorAccessorImpl.java:45)
	at org.openqa.selenium.remote.http.W3CHttpResponseCodec.createException(W3CHttpResponseCodec.java:187)
	at org.openqa.selenium.remote.http.W3CHttpResponseCodec.decode(W3CHttpResponseCodec.java:122)
	at org.openqa.selenium.remote.http.W3CHttpResponseCodec.decode(W3CHttpResponseCodec.java:49)
	at org.openqa.selenium.remote.HttpCommandExecutor.execute(HttpCommandExecutor.java:158)
	at org.openqa.selenium.remote.service.DriverCommandExecutor.execute(DriverCommandExecutor.java:83)
	at org.openqa.selenium.remote.RemoteWebDriver.execute(RemoteWebDriver.java:552)
	at com.kms.katalon.selenium.driver.CChromeDriver.execute(CChromeDriver.java:19)
	at org.openqa.selenium.remote.RemoteWebElement.execute(RemoteWebElement.java:285)
	at org.openqa.selenium.remote.RemoteWebElement.click(RemoteWebElement.java:84)
	at jdk.internal.reflect.GeneratedMethodAccessor19.invoke(Unknown Source)
	at java.base/jdk.internal.reflect.DelegatingMethodAccessorImpl.invoke(DelegatingMethodAccessorImpl.java:43)
	at org.openqa.selenium.support.events.EventFiringWebDriver$EventFiringWebElement.lambda$new$0(EventFiringWebDriver.java:404)
	at jdk.proxy2/jdk.proxy2.$Proxy24.click(Unknown Source)
	at org.openqa.selenium.support.events.EventFiringWebDriver$EventFiringWebElement.click(EventFiringWebDriver.java:417)
	at org.openqa.selenium.WebElement$click.call(Unknown Source)
	at com.kms.katalon.core.webui.keyword.builtin.ClickKeyword.clickUntilSuccessWithTimeout(ClickKeyword.groovy:81)
	at com.kms.katalon.core.webui.keyword.builtin.ClickKeyword.clickUntilSuccessWithTimeout(ClickKeyword.groovy)
	at jdk.internal.reflect.GeneratedMethodAccessor23.invoke(Unknown Source)
	at java.base/jdk.internal.reflect.DelegatingMethodAccessorImpl.invoke(DelegatingMethodAccessorImpl.java:43)
	at com.kms.katalon.core.webui.keyword.builtin.ClickKeyword$_click_closure1.doCall(ClickKeyword.groovy:67)
	at com.kms.katalon.core.webui.keyword.builtin.ClickKeyword$_click_closure1.call(ClickKeyword.groovy)
	at com.kms.katalon.core.webui.keyword.internal.WebUIKeywordMain.runKeyword(WebUIKeywordMain.groovy:20)
	... 20 more]]></system-err>
   </testsuite>
</testsuites>
