<?xml version="1.0" encoding="UTF-8"?>
<testsuites name="PRICING-Test Plan Regresión Core" time="1729.961" tests="16" failures="4" errors="0">
   <testsuite name="PRICING-Test Plan Regresión Core" tests="16" failures="4" errors="0" time="1729.961" skipped="0" timestamp="27-11-2024T16:04:32" hostname="afernandezd - localhost" id="Test Suites/PRICING-Test Plan Regresión Core">
      <properties>
         <property name="deviceName" value=""/>
         <property name="devicePlatform"/>
         <property name="logFolder" value="/Users/afernandezd/Katalon Studio/Pricing-PrimeraPrueba/Reports/20241127_160430/PRICING-Test Plan Regresi\u00F3n Core/20241127_160431"/>
         <property name="logFiles" value="/Users/afernandezd/Katalon Studio/Pricing-PrimeraPrueba/Reports/20241127_160430/PRICING-Test Plan Regresi\u00F3n Core/20241127_160431/execution0.log"/>
         <property name="attachments" value="/Users/afernandezd/Katalon Studio/Pricing-PrimeraPrueba/Reports/20241127_160430/PRICING-Test Plan Regresi\u00F3n Core/20241127_160431/1732719950635.png, /Users/afernandezd/Katalon Studio/Pricing-PrimeraPrueba/Reports/20241127_160430/PRICING-Test Plan Regresi\u00F3n Core/20241127_160431/P-25-2167, /Users/afernandezd/Katalon Studio/Pricing-PrimeraPrueba/Reports/20241127_160430/PRICING-Test Plan Regresi\u00F3n Core/20241127_160431/P-25-2244, /Users/afernandezd/Katalon Studio/Pricing-PrimeraPrueba/Reports/20241127_160430/PRICING-Test Plan Regresi\u00F3n Core/20241127_160431/1732720064712.png, /Users/afernandezd/Katalon Studio/Pricing-PrimeraPrueba/Reports/20241127_160430/PRICING-Test Plan Regresi\u00F3n Core/20241127_160431/P-25-2244, /Users/afernandezd/Katalon Studio/Pricing-PrimeraPrueba/Reports/20241127_160430/PRICING-Test Plan Regresi\u00F3n Core/20241127_160431/1732720129281.png, /Users/afernandezd/Katalon Studio/Pricing-PrimeraPrueba/Reports/20241127_160430/PRICING-Test Plan Regresi\u00F3n Core/20241127_160431/P-25-2244, /Users/afernandezd/Katalon Studio/Pricing-PrimeraPrueba/Reports/20241127_160430/PRICING-Test Plan Regresi\u00F3n Core/20241127_160431/1732720198681.png, /Users/afernandezd/Katalon Studio/Pricing-PrimeraPrueba/Reports/20241127_160430/PRICING-Test Plan Regresi\u00F3n Core/20241127_160431/P-25-2244, /Users/afernandezd/Katalon Studio/Pricing-PrimeraPrueba/Reports/20241127_160430/PRICING-Test Plan Regresi\u00F3n Core/20241127_160431/1732720285298.png, /Users/afernandezd/Katalon Studio/Pricing-PrimeraPrueba/Reports/20241127_160430/PRICING-Test Plan Regresi\u00F3n Core/20241127_160431/P25-2246, /Users/afernandezd/Katalon Studio/Pricing-PrimeraPrueba/Reports/20241127_160430/PRICING-Test Plan Regresi\u00F3n Core/20241127_160431/P-25-2166, /Users/afernandezd/Katalon Studio/Pricing-PrimeraPrueba/Reports/20241127_160430/PRICING-Test Plan Regresi\u00F3n Core/20241127_160431/1732720474789.png, /Users/afernandezd/Katalon Studio/Pricing-PrimeraPrueba/Reports/20241127_160430/PRICING-Test Plan Regresi\u00F3n Core/20241127_160431/1732720474946.png, /Users/afernandezd/Katalon Studio/Pricing-PrimeraPrueba/Reports/20241127_160430/PRICING-Test Plan Regresi\u00F3n Core/20241127_160431/1732720599270.png, /Users/afernandezd/Katalon Studio/Pricing-PrimeraPrueba/Reports/20241127_160430/PRICING-Test Plan Regresi\u00F3n Core/20241127_160431/1732720599486.png, /Users/afernandezd/Katalon Studio/Pricing-PrimeraPrueba/Reports/20241127_160430/PRICING-Test Plan Regresi\u00F3n Core/20241127_160431/1732720674305.png, /Users/afernandezd/Katalon Studio/Pricing-PrimeraPrueba/Reports/20241127_160430/PRICING-Test Plan Regresi\u00F3n Core/20241127_160431/1732720674469.png, /Users/afernandezd/Katalon Studio/Pricing-PrimeraPrueba/Reports/20241127_160430/PRICING-Test Plan Regresi\u00F3n Core/20241127_160431/1732720754365.png, /Users/afernandezd/Katalon Studio/Pricing-PrimeraPrueba/Reports/20241127_160430/PRICING-Test Plan Regresi\u00F3n Core/20241127_160431/1732720754524.png, /Users/afernandezd/Katalon Studio/Pricing-PrimeraPrueba/Reports/20241127_160430/PRICING-Test Plan Regresi\u00F3n Core/20241127_160431/P25-2248, /Users/afernandezd/Katalon Studio/Pricing-PrimeraPrueba/Reports/20241127_160430/PRICING-Test Plan Regresi\u00F3n Core/20241127_160431/P-25-2175, /Users/afernandezd/Katalon Studio/Pricing-PrimeraPrueba/Reports/20241127_160430/PRICING-Test Plan Regresi\u00F3n Core/20241127_160431/P-25-2175, /Users/afernandezd/Katalon Studio/Pricing-PrimeraPrueba/Reports/20241127_160430/PRICING-Test Plan Regresi\u00F3n Core/20241127_160431/1732720940684.png, /Users/afernandezd/Katalon Studio/Pricing-PrimeraPrueba/Reports/20241127_160430/PRICING-Test Plan Regresi\u00F3n Core/20241127_160431/1732721014994.png, /Users/afernandezd/Katalon Studio/Pricing-PrimeraPrueba/Reports/20241127_160430/PRICING-Test Plan Regresi\u00F3n Core/20241127_160431/1732721097618.png, /Users/afernandezd/Katalon Studio/Pricing-PrimeraPrueba/Reports/20241127_160430/PRICING-Test Plan Regresi\u00F3n Core/20241127_160431/1732721164325.png, /Users/afernandezd/Katalon Studio/Pricing-PrimeraPrueba/Reports/20241127_160430/PRICING-Test Plan Regresi\u00F3n Core/20241127_160431/1732721251600.png, /Users/afernandezd/Katalon Studio/Pricing-PrimeraPrueba/Reports/20241127_160430/PRICING-Test Plan Regresi\u00F3n Core/20241127_160431/P-25-2172, /Users/afernandezd/Katalon Studio/Pricing-PrimeraPrueba/Reports/20241127_160430/PRICING-Test Plan Regresi\u00F3n Core/20241127_160431/P-25-2186, /Users/afernandezd/Katalon Studio/Pricing-PrimeraPrueba/Reports/20241127_160430/PRICING-Test Plan Regresi\u00F3n Core/20241127_160431/1732721357863.png, /Users/afernandezd/Katalon Studio/Pricing-PrimeraPrueba/Reports/20241127_160430/PRICING-Test Plan Regresi\u00F3n Core/20241127_160431/P-25-2186, /Users/afernandezd/Katalon Studio/Pricing-PrimeraPrueba/Reports/20241127_160430/PRICING-Test Plan Regresi\u00F3n Core/20241127_160431/1732721448943.png, /Users/afernandezd/Katalon Studio/Pricing-PrimeraPrueba/Reports/20241127_160430/PRICING-Test Plan Regresi\u00F3n Core/20241127_160431/P-25-2186, /Users/afernandezd/Katalon Studio/Pricing-PrimeraPrueba/Reports/20241127_160430/PRICING-Test Plan Regresi\u00F3n Core/20241127_160431/1732721538684.png, /Users/afernandezd/Katalon Studio/Pricing-PrimeraPrueba/Reports/20241127_160430/PRICING-Test Plan Regresi\u00F3n Core/20241127_160431/P-25-2186, /Users/afernandezd/Katalon Studio/Pricing-PrimeraPrueba/Reports/20241127_160430/PRICING-Test Plan Regresi\u00F3n Core/20241127_160431/1732721602179.png"/>
         <property name="hostName" value="afernandezd - localhost"/>
         <property name="os" value="Mac OS X 64bit"/>
         <property name="katalonVersion" value="9.5.0.217"/>
         <property name="browser" value="Chrome 131.0.0.0"/>
         <property name="hostAddress" value="127.0.0.1"/>
         <property name="sessionId" value="93da27bd731ed741f02d1a798db9cd20"/>
         <property name="seleniumVersion" value="3.141.59"/>
         <property name="proxyInformation" value="ProxyInformation { proxyOption=NO_PROXY, proxyServerType=HTTP, username=, password=********, proxyServerAddress=, proxyServerPort=0, executionList=&quot;&quot;, isApplyToDesiredCapabilities=true }"/>
         <property name="platform" value="Mac OS X"/>
      </properties>
      <testcase name="Test Cases/PRICING-Test Plan Regresión Core/P25-LoginPricing-KO-pass" time="12.415" classname="Test Cases/PRICING-Test Plan Regresión Core/P25-LoginPricing-KO-pass" status="PASSED">
         <system-out><![CDATA[27-11-2024T16:04:32 - [TEST_CASE][PASSED] - Test Cases/PRICING-Test Plan Regresión Core/P25-LoginPricing-KO-pass: Test Cases/PRICING-Test Plan Regresión Core/P25-LoginPricing-KO-pass

27-11-2024T16:04:32 - [TEST_STEP][PASSED] - openBrowser(""): Browser is opened with url: ''

27-11-2024T16:04:32 - [MESSAGE][INFO] - Starting 'Chrome' driver

27-11-2024T16:04:32 - [MESSAGE][INFO] - Action delay is set to 0 milliseconds

27-11-2024T16:04:34 - [MESSAGE][PASSED] - Browser is opened with url: ''

27-11-2024T16:04:34 - [TEST_STEP][PASSED] - navigateToUrl("https://pre-sales.recordgo.cloud/login"): Navigate to 'https://pre-sales.recordgo.cloud/login' successfully

27-11-2024T16:04:41 - [MESSAGE][PASSED] - Navigate to 'https://pre-sales.recordgo.cloud/login' successfully

27-11-2024T16:04:41 - [TEST_STEP][PASSED] - maximizeWindow(): Current window maximized

27-11-2024T16:04:41 - [MESSAGE][PASSED] - Current window maximized

27-11-2024T16:04:41 - [TEST_STEP][PASSED] - setText(findTestObject("Pricing-Test Plan Regresión Core/Page_Login/input_Log in to your account__username"), "antonio.diego"): Text 'antonio.diego' is set on object 'Object Repository/Pricing-Test Plan Regresión Core/Page_Login/input_Log in to your account__username'

27-11-2024T16:04:42 - [MESSAGE][PASSED] - Text 'antonio.diego' is set on object 'Object Repository/Pricing-Test Plan Regresión Core/Page_Login/input_Log in to your account__username'

27-11-2024T16:04:42 - [TEST_STEP][PASSED] - setEncryptedText(findTestObject("Object Repository/Pricing-Test Plan Regresión Core/Page_Login/input_Log in to your account__password"), "y3nGvd+W12k="): Text ****** has been set on object 'Object Repository/Pricing-Test Plan Regresión Core/Page_Login/input_Log in to your account__password'

27-11-2024T16:04:42 - [MESSAGE][PASSED] - Text ****** has been set on object 'Object Repository/Pricing-Test Plan Regresión Core/Page_Login/input_Log in to your account__password'

27-11-2024T16:04:42 - [TEST_STEP][PASSED] - selectOptionByValue(findTestObject("Object Repository/Pricing-Test Plan Regresión Core/Page_Login/select_Select an option CANARY ISLAND"), "IC", true): All options with value 'IC' are selected in object 'Object Repository/Pricing-Test Plan Regresión Core/Page_Login/select_Select an option CANARY ISLAND'  using regular expression

27-11-2024T16:04:43 - [MESSAGE][PASSED] - All options with value 'IC' are selected in object 'Object Repository/Pricing-Test Plan Regresión Core/Page_Login/select_Select an option CANARY ISLAND'  using regular expression

27-11-2024T16:04:43 - [TEST_STEP][PASSED] - click(findTestObject("Object Repository/Pricing-Test Plan Regresión Core/Page_Login/button_Login")): Object: 'Object Repository/Pricing-Test Plan Regresión Core/Page_Login/button_Login' is clicked on

27-11-2024T16:04:44 - [MESSAGE][PASSED] - Object: 'Object Repository/Pricing-Test Plan Regresión Core/Page_Login/button_Login' is clicked on

27-11-2024T16:04:44 - [TEST_STEP][PASSED] - waitForElementPresent(findTestObject("Pricing-Test Plan Regresión Core/Page_Login/div_Invalid credentials"), 3): Object 'Object Repository/Pricing-Test Plan Regresión Core/Page_Login/div_Invalid credentials' is present

27-11-2024T16:04:44 - [MESSAGE][PASSED] - Object 'Object Repository/Pricing-Test Plan Regresión Core/Page_Login/div_Invalid credentials' is present

27-11-2024T16:04:44 - [TEST_STEP][PASSED] - waitForElementVisible(findTestObject("Pricing-Test Plan Regresión Core/Page_Login/div_Invalid credentials"), 3): Object 'Object Repository/Pricing-Test Plan Regresión Core/Page_Login/div_Invalid credentials' is visible

27-11-2024T16:04:44 - [MESSAGE][PASSED] - Object 'Object Repository/Pricing-Test Plan Regresión Core/Page_Login/div_Invalid credentials' is visible

27-11-2024T16:04:44 - [TEST_STEP][PASSED] - closeBrowser(): Browser is closed

27-11-2024T16:04:44 - [MESSAGE][PASSED] - Browser is closed]]></system-out>
         <system-err><![CDATA[]]></system-err>
      </testcase>
      <testcase name="Test Cases/PRICING-Test Plan Regresión Core/P25-LoginPricing-KO-user" time="10.325" classname="Test Cases/PRICING-Test Plan Regresión Core/P25-LoginPricing-KO-user" status="PASSED">
         <system-out><![CDATA[27-11-2024T16:04:44 - [TEST_CASE][PASSED] - Test Cases/PRICING-Test Plan Regresión Core/P25-LoginPricing-KO-user: Test Cases/PRICING-Test Plan Regresión Core/P25-LoginPricing-KO-user

27-11-2024T16:04:44 - [TEST_STEP][PASSED] - openBrowser(""): Browser is opened with url: ''

27-11-2024T16:04:44 - [MESSAGE][INFO] - Starting 'Chrome' driver

27-11-2024T16:04:44 - [MESSAGE][INFO] - Action delay is set to 0 milliseconds

27-11-2024T16:04:45 - [MESSAGE][PASSED] - Browser is opened with url: ''

27-11-2024T16:04:45 - [TEST_STEP][PASSED] - navigateToUrl("https://pre-sales.recordgo.cloud/login"): Navigate to 'https://pre-sales.recordgo.cloud/login' successfully

27-11-2024T16:04:51 - [MESSAGE][PASSED] - Navigate to 'https://pre-sales.recordgo.cloud/login' successfully

27-11-2024T16:04:51 - [TEST_STEP][PASSED] - maximizeWindow(): Current window maximized

27-11-2024T16:04:52 - [MESSAGE][PASSED] - Current window maximized

27-11-2024T16:04:52 - [TEST_STEP][PASSED] - setText(findTestObject("Pricing-Test Plan Regresión Core/Page_Login/input_Log in to your account__username"), "anio.diego"): Text 'anio.diego' is set on object 'Object Repository/Pricing-Test Plan Regresión Core/Page_Login/input_Log in to your account__username'

27-11-2024T16:04:52 - [MESSAGE][PASSED] - Text 'anio.diego' is set on object 'Object Repository/Pricing-Test Plan Regresión Core/Page_Login/input_Log in to your account__username'

27-11-2024T16:04:52 - [TEST_STEP][PASSED] - setEncryptedText(findTestObject("Object Repository/Pricing-Test Plan Regresión Core/Page_Login/input_Log in to your account__password"), "4WoE78dHD36JvULd0ZrVWg=="): Text ****** has been set on object 'Object Repository/Pricing-Test Plan Regresión Core/Page_Login/input_Log in to your account__password'

27-11-2024T16:04:52 - [MESSAGE][PASSED] - Text ****** has been set on object 'Object Repository/Pricing-Test Plan Regresión Core/Page_Login/input_Log in to your account__password'

27-11-2024T16:04:52 - [TEST_STEP][PASSED] - selectOptionByValue(findTestObject("Object Repository/Pricing-Test Plan Regresión Core/Page_Login/select_Select an option CANARY ISLAND"), "IC", true): All options with value 'IC' are selected in object 'Object Repository/Pricing-Test Plan Regresión Core/Page_Login/select_Select an option CANARY ISLAND'  using regular expression

27-11-2024T16:04:53 - [MESSAGE][PASSED] - All options with value 'IC' are selected in object 'Object Repository/Pricing-Test Plan Regresión Core/Page_Login/select_Select an option CANARY ISLAND'  using regular expression

27-11-2024T16:04:53 - [TEST_STEP][PASSED] - click(findTestObject("Object Repository/Pricing-Test Plan Regresión Core/Page_Login/button_Login")): Object: 'Object Repository/Pricing-Test Plan Regresión Core/Page_Login/button_Login' is clicked on

27-11-2024T16:04:54 - [MESSAGE][PASSED] - Object: 'Object Repository/Pricing-Test Plan Regresión Core/Page_Login/button_Login' is clicked on

27-11-2024T16:04:54 - [TEST_STEP][PASSED] - waitForElementPresent(findTestObject("Pricing-Test Plan Regresión Core/Page_Login/div_Invalid credentials"), 3): Object 'Object Repository/Pricing-Test Plan Regresión Core/Page_Login/div_Invalid credentials' is present

27-11-2024T16:04:54 - [MESSAGE][PASSED] - Object 'Object Repository/Pricing-Test Plan Regresión Core/Page_Login/div_Invalid credentials' is present

27-11-2024T16:04:54 - [TEST_STEP][PASSED] - waitForElementVisible(findTestObject("Pricing-Test Plan Regresión Core/Page_Login/div_Invalid credentials"), 3): Object 'Object Repository/Pricing-Test Plan Regresión Core/Page_Login/div_Invalid credentials' is visible

27-11-2024T16:04:55 - [MESSAGE][PASSED] - Object 'Object Repository/Pricing-Test Plan Regresión Core/Page_Login/div_Invalid credentials' is visible

27-11-2024T16:04:55 - [TEST_STEP][PASSED] - closeBrowser(): Browser is closed

27-11-2024T16:04:55 - [MESSAGE][PASSED] - Browser is closed]]></system-out>
         <system-err><![CDATA[]]></system-err>
      </testcase>
      <testcase name="Test Cases/PRICING-Test Plan Regresión Core/P25-LoginPricing-OK" time="18.197" classname="Test Cases/PRICING-Test Plan Regresión Core/P25-LoginPricing-OK" status="PASSED">
         <system-out><![CDATA[27-11-2024T16:04:55 - [TEST_CASE][PASSED] - Test Cases/PRICING-Test Plan Regresión Core/P25-LoginPricing-OK: Test Cases/PRICING-Test Plan Regresión Core/P25-LoginPricing-OK

27-11-2024T16:04:55 - [TEST_STEP][PASSED] - openBrowser(""): Browser is opened with url: ''

27-11-2024T16:04:55 - [MESSAGE][INFO] - Starting 'Chrome' driver

27-11-2024T16:04:55 - [MESSAGE][INFO] - Action delay is set to 0 milliseconds

27-11-2024T16:04:55 - [MESSAGE][PASSED] - Browser is opened with url: ''

27-11-2024T16:04:55 - [TEST_STEP][PASSED] - navigateToUrl("https://pre-sales.recordgo.cloud/login"): Navigate to 'https://pre-sales.recordgo.cloud/login' successfully

27-11-2024T16:05:06 - [MESSAGE][PASSED] - Navigate to 'https://pre-sales.recordgo.cloud/login' successfully

27-11-2024T16:05:06 - [TEST_STEP][PASSED] - maximizeWindow(): Current window maximized

27-11-2024T16:05:07 - [MESSAGE][PASSED] - Current window maximized

27-11-2024T16:05:07 - [TEST_STEP][PASSED] - setText(findTestObject("Pricing-Test Plan Regresión Core/Page_Login/input_Log in to your account__username"), "antonio.diego"): Text 'antonio.diego' is set on object 'Object Repository/Pricing-Test Plan Regresión Core/Page_Login/input_Log in to your account__username'

27-11-2024T16:05:07 - [MESSAGE][PASSED] - Text 'antonio.diego' is set on object 'Object Repository/Pricing-Test Plan Regresión Core/Page_Login/input_Log in to your account__username'

27-11-2024T16:05:07 - [TEST_STEP][PASSED] - setEncryptedText(findTestObject("Object Repository/Pricing-Test Plan Regresión Core/Page_Login/input_Log in to your account__password"), "4WoE78dHD36JvULd0ZrVWg=="): Text ****** has been set on object 'Object Repository/Pricing-Test Plan Regresión Core/Page_Login/input_Log in to your account__password'

27-11-2024T16:05:07 - [MESSAGE][PASSED] - Text ****** has been set on object 'Object Repository/Pricing-Test Plan Regresión Core/Page_Login/input_Log in to your account__password'

27-11-2024T16:05:07 - [TEST_STEP][PASSED] - selectOptionByValue(findTestObject("Object Repository/Pricing-Test Plan Regresión Core/Page_Login/select_Select an option CANARY ISLAND"), "IC", true): All options with value 'IC' are selected in object 'Object Repository/Pricing-Test Plan Regresión Core/Page_Login/select_Select an option CANARY ISLAND'  using regular expression

27-11-2024T16:05:08 - [MESSAGE][PASSED] - All options with value 'IC' are selected in object 'Object Repository/Pricing-Test Plan Regresión Core/Page_Login/select_Select an option CANARY ISLAND'  using regular expression

27-11-2024T16:05:08 - [TEST_STEP][PASSED] - click(findTestObject("Object Repository/Pricing-Test Plan Regresión Core/Page_Login/button_Login")): Object: 'Object Repository/Pricing-Test Plan Regresión Core/Page_Login/button_Login' is clicked on

27-11-2024T16:05:12 - [MESSAGE][PASSED] - Object: 'Object Repository/Pricing-Test Plan Regresión Core/Page_Login/button_Login' is clicked on

27-11-2024T16:05:12 - [TEST_STEP][PASSED] - waitForElementVisible(findTestObject("Pricing-Test Plan Regresión Core/Page_PRICING/img"), 0): Object 'Object Repository/Pricing-Test Plan Regresión Core/Page_PRICING/img' is visible

27-11-2024T16:05:12 - [MESSAGE][WARNING] - Timeout '0' is invalid. Using default page load timeout: '30'

27-11-2024T16:05:13 - [MESSAGE][PASSED] - Object 'Object Repository/Pricing-Test Plan Regresión Core/Page_PRICING/img' is visible

27-11-2024T16:05:13 - [TEST_STEP][PASSED] - verifyElementVisible(findTestObject("Object Repository/Pricing-Test Plan Regresión Core/Page_PRICING/img")): Object 'Object Repository/Pricing-Test Plan Regresión Core/Page_PRICING/img' is visible

27-11-2024T16:05:13 - [MESSAGE][PASSED] - Object 'Object Repository/Pricing-Test Plan Regresión Core/Page_PRICING/img' is visible

27-11-2024T16:05:13 - [TEST_STEP][PASSED] - closeBrowser(): Browser is closed

27-11-2024T16:05:13 - [MESSAGE][PASSED] - Browser is closed]]></system-out>
         <system-err><![CDATA[]]></system-err>
      </testcase>
      <testcase name="Test Cases/PRICING-Test Plan Regresión Core/P25-2163-PRODUCTOS-VisualizarProductos" time="37.715" classname="Test Cases/PRICING-Test Plan Regresión Core/P25-2163-PRODUCTOS-VisualizarProductos" status="PASSED">
         <system-out><![CDATA[27-11-2024T16:05:13 - [TEST_CASE][PASSED] - Test Cases/PRICING-Test Plan Regresión Core/P25-2163-PRODUCTOS-VisualizarProductos: Test Cases/PRICING-Test Plan Regresión Core/P25-2163-PRODUCTOS-VisualizarProductos

27-11-2024T16:05:13 - [TEST_STEP][PASSED] - openBrowser(""): Browser is opened with url: ''

27-11-2024T16:05:13 - [MESSAGE][INFO] - Starting 'Chrome' driver

27-11-2024T16:05:13 - [MESSAGE][INFO] - Action delay is set to 0 milliseconds

27-11-2024T16:05:13 - [MESSAGE][PASSED] - Browser is opened with url: ''

27-11-2024T16:05:13 - [TEST_STEP][PASSED] - navigateToUrl("https://pre-sales.recordgo.cloud/login"): Navigate to 'https://pre-sales.recordgo.cloud/login' successfully

27-11-2024T16:05:20 - [MESSAGE][PASSED] - Navigate to 'https://pre-sales.recordgo.cloud/login' successfully

27-11-2024T16:05:20 - [TEST_STEP][PASSED] - maximizeWindow(): Current window maximized

27-11-2024T16:05:20 - [MESSAGE][PASSED] - Current window maximized

27-11-2024T16:05:20 - [TEST_STEP][PASSED] - setText(findTestObject("Pricing-Test Plan Regresión Core/Page_Login/input_Log in to your account__username"), "antonio.diego"): Text 'antonio.diego' is set on object 'Object Repository/Pricing-Test Plan Regresión Core/Page_Login/input_Log in to your account__username'

27-11-2024T16:05:20 - [MESSAGE][PASSED] - Text 'antonio.diego' is set on object 'Object Repository/Pricing-Test Plan Regresión Core/Page_Login/input_Log in to your account__username'

27-11-2024T16:05:20 - [TEST_STEP][PASSED] - setEncryptedText(findTestObject("Object Repository/Pricing-Test Plan Regresión Core/Page_Login/input_Log in to your account__password"), "4WoE78dHD36JvULd0ZrVWg=="): Text ****** has been set on object 'Object Repository/Pricing-Test Plan Regresión Core/Page_Login/input_Log in to your account__password'

27-11-2024T16:05:21 - [MESSAGE][PASSED] - Text ****** has been set on object 'Object Repository/Pricing-Test Plan Regresión Core/Page_Login/input_Log in to your account__password'

27-11-2024T16:05:21 - [TEST_STEP][PASSED] - selectOptionByValue(findTestObject("Object Repository/Pricing-Test Plan Regresión Core/Page_Login/select_Select an option CANARY ISLAND"), "IC", true): All options with value 'IC' are selected in object 'Object Repository/Pricing-Test Plan Regresión Core/Page_Login/select_Select an option CANARY ISLAND'  using regular expression

27-11-2024T16:05:21 - [MESSAGE][PASSED] - All options with value 'IC' are selected in object 'Object Repository/Pricing-Test Plan Regresión Core/Page_Login/select_Select an option CANARY ISLAND'  using regular expression

27-11-2024T16:05:21 - [TEST_STEP][PASSED] - click(findTestObject("Object Repository/Pricing-Test Plan Regresión Core/Page_Login/button_Login")): Object: 'Object Repository/Pricing-Test Plan Regresión Core/Page_Login/button_Login' is clicked on

27-11-2024T16:05:33 - [MESSAGE][PASSED] - Object: 'Object Repository/Pricing-Test Plan Regresión Core/Page_Login/button_Login' is clicked on

27-11-2024T16:05:33 - [TEST_STEP][PASSED] - waitForElementVisible(findTestObject("Pricing-Test Plan Regresión Core/Page_PRICING/img"), 5): Object 'Object Repository/Pricing-Test Plan Regresión Core/Page_PRICING/img' is visible

27-11-2024T16:05:34 - [MESSAGE][PASSED] - Object 'Object Repository/Pricing-Test Plan Regresión Core/Page_PRICING/img' is visible

27-11-2024T16:05:34 - [TEST_STEP][PASSED] - verifyElementVisible(findTestObject("Object Repository/Pricing-Test Plan Regresión Core/Page_PRICING/img")): Object 'Object Repository/Pricing-Test Plan Regresión Core/Page_PRICING/img' is visible

27-11-2024T16:05:34 - [MESSAGE][PASSED] - Object 'Object Repository/Pricing-Test Plan Regresión Core/Page_PRICING/img' is visible

27-11-2024T16:05:34 - [TEST_STEP][PASSED] - waitForElementVisible(findTestObject("Pricing-Test Plan Regresión Core/Page_PRICING/span_PRODUCTOS"), 3): Object 'Object Repository/Pricing-Test Plan Regresión Core/Page_PRICING/span_PRODUCTOS' is visible

27-11-2024T16:05:34 - [MESSAGE][PASSED] - Object 'Object Repository/Pricing-Test Plan Regresión Core/Page_PRICING/span_PRODUCTOS' is visible

27-11-2024T16:05:34 - [TEST_STEP][PASSED] - click(findTestObject("Object Repository/Pricing-Test Plan Regresión Core/Page_PRICING/span_PRODUCTOS")): Object: 'Object Repository/Pricing-Test Plan Regresión Core/Page_PRICING/span_PRODUCTOS' is clicked on

27-11-2024T16:05:34 - [MESSAGE][PASSED] - Object: 'Object Repository/Pricing-Test Plan Regresión Core/Page_PRICING/span_PRODUCTOS' is clicked on

27-11-2024T16:05:34 - [TEST_STEP][PASSED] - waitForElementVisible(findTestObject("Pricing-Test Plan Regresión Core/Page_PRICING/span_Producto"), 3): Object 'Object Repository/Pricing-Test Plan Regresión Core/Page_PRICING/span_Producto' is visible

27-11-2024T16:05:35 - [MESSAGE][PASSED] - Object 'Object Repository/Pricing-Test Plan Regresión Core/Page_PRICING/span_Producto' is visible

27-11-2024T16:05:35 - [TEST_STEP][PASSED] - click(findTestObject("Object Repository/Pricing-Test Plan Regresión Core/Page_PRICING/span_Producto")): Object: 'Object Repository/Pricing-Test Plan Regresión Core/Page_PRICING/span_Producto' is clicked on

27-11-2024T16:05:35 - [MESSAGE][PASSED] - Object: 'Object Repository/Pricing-Test Plan Regresión Core/Page_PRICING/span_Producto' is clicked on

27-11-2024T16:05:35 - [TEST_STEP][PASSED] - waitForElementVisible(findTestObject("Pricing-Test Plan Regresión Core/Page_PRICING/span_Visualizar"), 3): Object 'Object Repository/Pricing-Test Plan Regresión Core/Page_PRICING/span_Visualizar' is visible

27-11-2024T16:05:35 - [MESSAGE][PASSED] - Object 'Object Repository/Pricing-Test Plan Regresión Core/Page_PRICING/span_Visualizar' is visible

27-11-2024T16:05:35 - [TEST_STEP][PASSED] - click(findTestObject("Object Repository/Pricing-Test Plan Regresión Core/Page_PRICING/span_Visualizar"), STOP_ON_FAILURE): Object: 'Object Repository/Pricing-Test Plan Regresión Core/Page_PRICING/span_Visualizar' is clicked on

27-11-2024T16:05:47 - [MESSAGE][PASSED] - Object: 'Object Repository/Pricing-Test Plan Regresión Core/Page_PRICING/span_Visualizar' is clicked on

27-11-2024T16:05:47 - [TEST_STEP][PASSED] - waitForElementVisible(findTestObject("Pricing-Test Plan Regresión Core/Page_Visualizar PRODUCTOS/div_Cdigo"), 3): Object 'Object Repository/Pricing-Test Plan Regresión Core/Page_Visualizar PRODUCTOS/div_Cdigo' is not visible after 3 second(s)

27-11-2024T16:05:50 - [MESSAGE][WARNING] - Object 'Object Repository/Pricing-Test Plan Regresión Core/Page_Visualizar PRODUCTOS/div_Cdigo' is not visible after 3 second(s)

27-11-2024T16:05:50 - [TEST_STEP][PASSED] - takeScreenshot(): Taking screenshot successfully

27-11-2024T16:05:50 - [MESSAGE][PASSED] - Taking screenshot successfully
[[ATTACHMENT|/Users/afernandezd/Katalon Studio/Pricing-PrimeraPrueba/Reports/20241127_160430/PRICING-Test Plan Regresi\u00F3n Core/20241127_160431/1732719950635.png]]

27-11-2024T16:05:50 - [TEST_STEP][PASSED] - verifyElementPresent(findTestObject("Pricing-Test Plan Regresión Core/Page_Visualizar PRODUCTOS/div_Cdigo"), 3): Object 'Object Repository/Pricing-Test Plan Regresión Core/Page_Visualizar PRODUCTOS/div_Cdigo' is present

27-11-2024T16:05:51 - [MESSAGE][PASSED] - Object 'Object Repository/Pricing-Test Plan Regresión Core/Page_Visualizar PRODUCTOS/div_Cdigo' is present

27-11-2024T16:05:51 - [TEST_STEP][PASSED] - closeBrowser(): Browser is closed

27-11-2024T16:05:51 - [MESSAGE][PASSED] - Browser is closed]]></system-out>
         <system-err><![CDATA[]]></system-err>
      </testcase>
      <testcase name="Test Cases/PRICING-Test Plan Regresión Core/KO-P25-2167-PRODUCTOS-Visualizar productos-Ver Histórico" time="38.635" classname="Test Cases/PRICING-Test Plan Regresión Core/KO-P25-2167-PRODUCTOS-Visualizar productos-Ver Histórico" status="PASSED">
         <system-out><![CDATA[27-11-2024T16:05:51 - [TEST_CASE][PASSED] - Test Cases/PRICING-Test Plan Regresión Core/KO-P25-2167-PRODUCTOS-Visualizar productos-Ver Histórico: Test Cases/PRICING-Test Plan Regresión Core/KO-P25-2167-PRODUCTOS-Visualizar productos-Ver Histórico

27-11-2024T16:05:51 - [TEST_STEP][PASSED] - openBrowser(""): Browser is opened with url: ''

27-11-2024T16:05:51 - [MESSAGE][INFO] - Starting 'Chrome' driver

27-11-2024T16:05:51 - [MESSAGE][INFO] - Action delay is set to 0 milliseconds

27-11-2024T16:05:51 - [MESSAGE][PASSED] - Browser is opened with url: ''

27-11-2024T16:05:51 - [TEST_STEP][PASSED] - navigateToUrl("https://pre-sales.recordgo.cloud/login"): Navigate to 'https://pre-sales.recordgo.cloud/login' successfully

27-11-2024T16:05:58 - [MESSAGE][PASSED] - Navigate to 'https://pre-sales.recordgo.cloud/login' successfully

27-11-2024T16:05:58 - [TEST_STEP][PASSED] - maximizeWindow(): Current window maximized

27-11-2024T16:05:58 - [MESSAGE][PASSED] - Current window maximized

27-11-2024T16:05:58 - [TEST_STEP][PASSED] - setText(findTestObject("Pricing-Test Plan Regresión Core/Page_Login/input_Log in to your account__username"), "antonio.diego"): Text 'antonio.diego' is set on object 'Object Repository/Pricing-Test Plan Regresión Core/Page_Login/input_Log in to your account__username'

27-11-2024T16:05:59 - [MESSAGE][PASSED] - Text 'antonio.diego' is set on object 'Object Repository/Pricing-Test Plan Regresión Core/Page_Login/input_Log in to your account__username'

27-11-2024T16:05:59 - [TEST_STEP][PASSED] - setEncryptedText(findTestObject("Object Repository/Pricing-Test Plan Regresión Core/Page_Login/input_Log in to your account__password"), "4WoE78dHD36JvULd0ZrVWg=="): Text ****** has been set on object 'Object Repository/Pricing-Test Plan Regresión Core/Page_Login/input_Log in to your account__password'

27-11-2024T16:05:59 - [MESSAGE][PASSED] - Text ****** has been set on object 'Object Repository/Pricing-Test Plan Regresión Core/Page_Login/input_Log in to your account__password'

27-11-2024T16:05:59 - [TEST_STEP][PASSED] - selectOptionByValue(findTestObject("Object Repository/Pricing-Test Plan Regresión Core/Page_Login/select_Select an option CANARY ISLAND"), "IC", true): All options with value 'IC' are selected in object 'Object Repository/Pricing-Test Plan Regresión Core/Page_Login/select_Select an option CANARY ISLAND'  using regular expression

27-11-2024T16:06:00 - [MESSAGE][PASSED] - All options with value 'IC' are selected in object 'Object Repository/Pricing-Test Plan Regresión Core/Page_Login/select_Select an option CANARY ISLAND'  using regular expression

27-11-2024T16:06:00 - [TEST_STEP][PASSED] - click(findTestObject("Pricing-Test Plan Regresión Core/Page_Login/button_Login")): Object: 'Object Repository/Pricing-Test Plan Regresión Core/Page_Login/button_Login' is clicked on

27-11-2024T16:06:12 - [MESSAGE][PASSED] - Object: 'Object Repository/Pricing-Test Plan Regresión Core/Page_Login/button_Login' is clicked on

27-11-2024T16:06:12 - [TEST_STEP][PASSED] - waitForElementVisible(findTestObject("Pricing-Test Plan Regresión Core/Page_PRICING/img"), 5): Object 'Object Repository/Pricing-Test Plan Regresión Core/Page_PRICING/img' is visible

27-11-2024T16:06:12 - [MESSAGE][PASSED] - Object 'Object Repository/Pricing-Test Plan Regresión Core/Page_PRICING/img' is visible

27-11-2024T16:06:12 - [TEST_STEP][PASSED] - waitForElementVisible(findTestObject("Pricing-Test Plan Regresión Core/Page_PRICING/span_PRODUCTOS"), 5): Object 'Object Repository/Pricing-Test Plan Regresión Core/Page_PRICING/span_PRODUCTOS' is visible

27-11-2024T16:06:12 - [MESSAGE][PASSED] - Object 'Object Repository/Pricing-Test Plan Regresión Core/Page_PRICING/span_PRODUCTOS' is visible

27-11-2024T16:06:12 - [TEST_STEP][PASSED] - click(findTestObject("Pricing-Test Plan Regresión Core/Page_PRICING/span_PRODUCTOS")): Object: 'Object Repository/Pricing-Test Plan Regresión Core/Page_PRICING/span_PRODUCTOS' is clicked on

27-11-2024T16:06:12 - [MESSAGE][PASSED] - Object: 'Object Repository/Pricing-Test Plan Regresión Core/Page_PRICING/span_PRODUCTOS' is clicked on

27-11-2024T16:06:12 - [TEST_STEP][PASSED] - waitForElementVisible(findTestObject("Pricing-Test Plan Regresión Core/Page_PRICING/span_Producto"), 5): Object 'Object Repository/Pricing-Test Plan Regresión Core/Page_PRICING/span_Producto' is visible

27-11-2024T16:06:13 - [MESSAGE][PASSED] - Object 'Object Repository/Pricing-Test Plan Regresión Core/Page_PRICING/span_Producto' is visible

27-11-2024T16:06:13 - [TEST_STEP][PASSED] - click(findTestObject("Pricing-Test Plan Regresión Core/Page_PRICING/span_Producto")): Object: 'Object Repository/Pricing-Test Plan Regresión Core/Page_PRICING/span_Producto' is clicked on

27-11-2024T16:06:13 - [MESSAGE][PASSED] - Object: 'Object Repository/Pricing-Test Plan Regresión Core/Page_PRICING/span_Producto' is clicked on

27-11-2024T16:06:13 - [TEST_STEP][PASSED] - waitForElementVisible(findTestObject("Pricing-Test Plan Regresión Core/Page_PRICING/span_Visualizar"), 5): Object 'Object Repository/Pricing-Test Plan Regresión Core/Page_PRICING/span_Visualizar' is visible

27-11-2024T16:06:13 - [MESSAGE][PASSED] - Object 'Object Repository/Pricing-Test Plan Regresión Core/Page_PRICING/span_Visualizar' is visible

27-11-2024T16:06:13 - [TEST_STEP][PASSED] - click(findTestObject("Pricing-Test Plan Regresión Core/Page_PRICING/span_Visualizar")): Object: 'Object Repository/Pricing-Test Plan Regresión Core/Page_PRICING/span_Visualizar' is clicked on

27-11-2024T16:06:18 - [MESSAGE][PASSED] - Object: 'Object Repository/Pricing-Test Plan Regresión Core/Page_PRICING/span_Visualizar' is clicked on

27-11-2024T16:06:18 - [TEST_STEP][PASSED] - waitForElementPresent(findTestObject("Pricing-Test Plan Regresión Core/Page_Visualizar PRODUCTOS/div_Cdigo"), 5): Object 'Object Repository/Pricing-Test Plan Regresión Core/Page_Visualizar PRODUCTOS/div_Cdigo' is present

27-11-2024T16:06:18 - [MESSAGE][PASSED] - Object 'Object Repository/Pricing-Test Plan Regresión Core/Page_Visualizar PRODUCTOS/div_Cdigo' is present

27-11-2024T16:06:18 - [TEST_STEP][PASSED] - waitForElementPresent(findTestObject("Pricing-Test Plan Regresión Core/Page_Visualizar PRODUCTOS/div_Opciones"), 5): Object 'Object Repository/Pricing-Test Plan Regresión Core/Page_Visualizar PRODUCTOS/div_Opciones' is not present after 5 second(s)

27-11-2024T16:06:24 - [MESSAGE][INFO] - Unable to find the element located by 'By.xpath: id("kt_content")/div[@id="app"]/div[@class="kt-portlet kt-portlet--bordered"]/div[@class="kt-portlet__body"]/div[@class="kt-datatable kt-datatable--default kt-datatable--brand kt-datatable--loaded"]/div[@class="bootstrap-table bootstrap4"]/div[@class="fixed-table-container"]/div[@class="fixed-table-body"]/table[@class="table table-bordered table-hover"]/thead[1]/tr[1]/th[7]/div[@class="th-inner"][count(. | //div[@class = 'th-inner ' and (text() = 'Opciones' or . = 'Opciones')]) = count(//div[@class = 'th-inner ' and (text() = 'Opciones' or . = 'Opciones')])]'. Please recheck the objects properties to make sure the desired element is located. 

27-11-2024T16:06:24 - [MESSAGE][WARNING] - Object 'Object Repository/Pricing-Test Plan Regresión Core/Page_Visualizar PRODUCTOS/div_Opciones' is not present after 5 second(s)

27-11-2024T16:06:24 - [TEST_STEP][PASSED] - waitForElementPresent(findTestObject("Pricing-Test Plan Regresión Core/Page_Visualizar PRODUCTOS/button_Filtros"), 5): Object 'Object Repository/Pricing-Test Plan Regresión Core/Page_Visualizar PRODUCTOS/button_Filtros' is present

27-11-2024T16:06:24 - [MESSAGE][PASSED] - Object 'Object Repository/Pricing-Test Plan Regresión Core/Page_Visualizar PRODUCTOS/button_Filtros' is present

27-11-2024T16:06:24 - [TEST_STEP][PASSED] - waitForElementPresent(findTestObject("Pricing-Test Plan Regresión Core/Page_Visualizar PRODUCTOS/IconHistorico"), 5): Object 'Object Repository/Pricing-Test Plan Regresión Core/Page_Visualizar PRODUCTOS/IconHistorico' is present

27-11-2024T16:06:25 - [MESSAGE][PASSED] - Object 'Object Repository/Pricing-Test Plan Regresión Core/Page_Visualizar PRODUCTOS/IconHistorico' is present

27-11-2024T16:06:25 - [TEST_STEP][PASSED] - doubleClick(findTestObject("Pricing-Test Plan Regresión Core/Page_Visualizar PRODUCTOS/IconHistorico")): Object: 'Object Repository/Pricing-Test Plan Regresión Core/Page_Visualizar PRODUCTOS/IconHistorico' is double clicked on

27-11-2024T16:06:25 - [MESSAGE][PASSED] - Object: 'Object Repository/Pricing-Test Plan Regresión Core/Page_Visualizar PRODUCTOS/IconHistorico' is double clicked on

27-11-2024T16:06:25 - [TEST_STEP][PASSED] - waitForElementPresent(findTestObject("Object Repository/Pricing-Test Plan Regresión Core/Page_Visualizar PRODUCTOS/h5_Histrico de producto"), 4): Object 'Object Repository/Pricing-Test Plan Regresión Core/Page_Visualizar PRODUCTOS/h5_Histrico de producto' is present

27-11-2024T16:06:26 - [MESSAGE][PASSED] - Object 'Object Repository/Pricing-Test Plan Regresión Core/Page_Visualizar PRODUCTOS/h5_Histrico de producto' is present

27-11-2024T16:06:26 - [TEST_STEP][PASSED] - waitForElementPresent(findTestObject("Object Repository/Pricing-Test Plan Regresión Core/Page_Visualizar PRODUCTOS/IconoOjoHist"), 4): Object 'Object Repository/Pricing-Test Plan Regresión Core/Page_Visualizar PRODUCTOS/IconoOjoHist' is present

27-11-2024T16:06:26 - [MESSAGE][PASSED] - Object 'Object Repository/Pricing-Test Plan Regresión Core/Page_Visualizar PRODUCTOS/IconoOjoHist' is present

27-11-2024T16:06:26 - [TEST_STEP][PASSED] - doubleClick(findTestObject("Object Repository/Pricing-Test Plan Regresión Core/Page_Visualizar PRODUCTOS/IconoOjoHist")): Object: 'Object Repository/Pricing-Test Plan Regresión Core/Page_Visualizar PRODUCTOS/IconoOjoHist' is double clicked on

27-11-2024T16:06:28 - [MESSAGE][PASSED] - Object: 'Object Repository/Pricing-Test Plan Regresión Core/Page_Visualizar PRODUCTOS/IconoOjoHist' is double clicked on

27-11-2024T16:06:28 - [TEST_STEP][PASSED] - takeScreenshot("P-25-2167"): Taking screenshot successfully

27-11-2024T16:06:29 - [MESSAGE][PASSED] - Taking screenshot successfully
[[ATTACHMENT|/Users/afernandezd/Katalon Studio/Pricing-PrimeraPrueba/Reports/20241127_160430/PRICING-Test Plan Regresi\u00F3n Core/20241127_160431/P-25-2167]]

27-11-2024T16:06:29 - [TEST_STEP][PASSED] - comment(""): 

27-11-2024T16:06:29 - [MESSAGE][INFO] - 

27-11-2024T16:06:29 - [TEST_STEP][PASSED] - closeBrowser(): Browser is closed

27-11-2024T16:06:29 - [MESSAGE][PASSED] - Browser is closed]]></system-out>
         <system-err><![CDATA[]]></system-err>
      </testcase>
      <testcase name="Test Cases/PRICING-Test Plan Regresión Core/P25-2244-PRODUCTOS-Visualizar productos-Ver detalle" time="86.618" classname="Test Cases/PRICING-Test Plan Regresión Core/P25-2244-PRODUCTOS-Visualizar productos-Ver detalle" status="FAILED">
         <failure type="FAILED" message="Test Cases/PRICING-Test Plan Regresión Core/P25-2244-PRODUCTOS-Visualizar productos-Ver detalle FAILED.&#xa;Reason:&#xa;com.kms.katalon.core.exception.StepFailedException: Unable to click on object 'Object Repository/Pricing-Test Plan Regresión Core/Page_Visualizar PRODUCTOS/ExpandDatosBasicosProduct'&#xa;	at com.kms.katalon.core.webui.keyword.internal.WebUIKeywordMain.stepFailed(WebUIKeywordMain.groovy:64)&#xa;	at com.kms.katalon.core.webui.keyword.internal.WebUIKeywordMain.runKeyword(WebUIKeywordMain.groovy:26)&#xa;	at com.kms.katalon.core.webui.keyword.builtin.ClickKeyword.click(ClickKeyword.groovy:74)&#xa;	at com.kms.katalon.core.webui.keyword.builtin.ClickKeyword.execute(ClickKeyword.groovy:40)&#xa;	at com.kms.katalon.core.keyword.internal.KeywordExecutor.executeKeywordForPlatform(KeywordExecutor.groovy:74)&#xa;	at com.kms.katalon.core.webui.keyword.WebUiBuiltInKeywords.click(WebUiBuiltInKeywords.groovy:659)&#xa;	at P25-2244-PRODUCTOS-Visualizar productos-Ver detalle.run(P25-2244-PRODUCTOS-Visualizar productos-Ver detalle:67)&#xa;	at com.kms.katalon.core.main.ScriptEngine.run(ScriptEngine.java:194)&#xa;	at com.kms.katalon.core.main.ScriptEngine.runScriptAsRawText(ScriptEngine.java:119)&#xa;	at com.kms.katalon.core.main.TestCaseExecutor.runScript(TestCaseExecutor.java:448)&#xa;	at com.kms.katalon.core.main.TestCaseExecutor.doExecute(TestCaseExecutor.java:439)&#xa;	at com.kms.katalon.core.main.TestCaseExecutor.processExecutionPhase(TestCaseExecutor.java:418)&#xa;	at com.kms.katalon.core.main.TestCaseExecutor.accessMainPhase(TestCaseExecutor.java:410)&#xa;	at com.kms.katalon.core.main.TestCaseExecutor.execute(TestCaseExecutor.java:285)&#xa;	at com.kms.katalon.core.main.TestCaseExecutor.execute(TestCaseExecutor.java:369)&#xa;	at com.kms.katalon.core.main.TestCaseExecutor.execute(TestCaseExecutor.java:369)&#xa;	at com.kms.katalon.core.main.TestCaseExecutor.execute(TestCaseExecutor.java:369)&#xa;	at com.kms.katalon.core.common.CommonExecutor.accessTestCaseMainPhase(CommonExecutor.java:65)&#xa;	at com.kms.katalon.core.main.TestSuiteExecutor.accessTestSuiteMainPhase(TestSuiteExecutor.java:150)&#xa;	at com.kms.katalon.core.main.TestSuiteExecutor.execute(TestSuiteExecutor.java:106)&#xa;	at com.kms.katalon.core.main.TestCaseMain.startTestSuite(TestCaseMain.java:180)&#xa;	at TempTestSuite1732719871317.run(TempTestSuite1732719871317.groovy:35)&#xa;	at java.base/jdk.internal.reflect.NativeMethodAccessorImpl.invoke0(Native Method)&#xa;	at java.base/jdk.internal.reflect.NativeMethodAccessorImpl.invoke(NativeMethodAccessorImpl.java:77)&#xa;	at java.base/jdk.internal.reflect.DelegatingMethodAccessorImpl.invoke(DelegatingMethodAccessorImpl.java:43)&#xa;Caused by: com.kms.katalon.core.webui.exception.WebElementNotFoundException: Web element with id: 'Object Repository/Pricing-Test Plan Regresión Core/Page_Visualizar PRODUCTOS/ExpandDatosBasicosProduct' located by '//div[@id='basicData']/div/div[2]/div/a' not found&#xa;	at com.kms.katalon.core.webui.common.WebUiCommonHelper.findWebElement(WebUiCommonHelper.java:1426)&#xa;	at com.kms.katalon.core.webui.keyword.internal.WebUIAbstractKeyword.findWebElement(WebUIAbstractKeyword.groovy:27)&#xa;	at com.kms.katalon.core.webui.keyword.builtin.ClickKeyword$_click_closure1.doCall(ClickKeyword.groovy:65)&#xa;	at com.kms.katalon.core.webui.keyword.builtin.ClickKeyword$_click_closure1.call(ClickKeyword.groovy)&#xa;	at com.kms.katalon.core.webui.keyword.internal.WebUIKeywordMain.runKeyword(WebUIKeywordMain.groovy:20)&#xa;	... 23 more&#xa;"/>
         <system-out><![CDATA[27-11-2024T16:09:58 - [TEST_CASE][FAILED] - Test Cases/PRICING-Test Plan Regresión Core/P25-2244-PRODUCTOS-Visualizar productos-Ver detalle: Test Cases/PRICING-Test Plan Regresión Core/P25-2244-PRODUCTOS-Visualizar productos-Ver detalle FAILED.
Reason:
com.kms.katalon.core.exception.StepFailedException: Unable to click on object 'Object Repository/Pricing-Test Plan Regresión Core/Page_Visualizar PRODUCTOS/ExpandDatosBasicosProduct'
	at com.kms.katalon.core.webui.keyword.internal.WebUIKeywordMain.stepFailed(WebUIKeywordMain.groovy:64)
	at com.kms.katalon.core.webui.keyword.internal.WebUIKeywordMain.runKeyword(WebUIKeywordMain.groovy:26)
	at com.kms.katalon.core.webui.keyword.builtin.ClickKeyword.click(ClickKeyword.groovy:74)
	at com.kms.katalon.core.webui.keyword.builtin.ClickKeyword.execute(ClickKeyword.groovy:40)
	at com.kms.katalon.core.keyword.internal.KeywordExecutor.executeKeywordForPlatform(KeywordExecutor.groovy:74)
	at com.kms.katalon.core.webui.keyword.WebUiBuiltInKeywords.click(WebUiBuiltInKeywords.groovy:659)
	at P25-2244-PRODUCTOS-Visualizar productos-Ver detalle.run(P25-2244-PRODUCTOS-Visualizar productos-Ver detalle:67)
	at com.kms.katalon.core.main.ScriptEngine.run(ScriptEngine.java:194)
	at com.kms.katalon.core.main.ScriptEngine.runScriptAsRawText(ScriptEngine.java:119)
	at com.kms.katalon.core.main.TestCaseExecutor.runScript(TestCaseExecutor.java:448)
	at com.kms.katalon.core.main.TestCaseExecutor.doExecute(TestCaseExecutor.java:439)
	at com.kms.katalon.core.main.TestCaseExecutor.processExecutionPhase(TestCaseExecutor.java:418)
	at com.kms.katalon.core.main.TestCaseExecutor.accessMainPhase(TestCaseExecutor.java:410)
	at com.kms.katalon.core.main.TestCaseExecutor.execute(TestCaseExecutor.java:285)
	at com.kms.katalon.core.main.TestCaseExecutor.execute(TestCaseExecutor.java:369)
	at com.kms.katalon.core.main.TestCaseExecutor.execute(TestCaseExecutor.java:369)
	at com.kms.katalon.core.main.TestCaseExecutor.execute(TestCaseExecutor.java:369)
	at com.kms.katalon.core.common.CommonExecutor.accessTestCaseMainPhase(CommonExecutor.java:65)
	at com.kms.katalon.core.main.TestSuiteExecutor.accessTestSuiteMainPhase(TestSuiteExecutor.java:150)
	at com.kms.katalon.core.main.TestSuiteExecutor.execute(TestSuiteExecutor.java:106)
	at com.kms.katalon.core.main.TestCaseMain.startTestSuite(TestCaseMain.java:180)
	at TempTestSuite1732719871317.run(TempTestSuite1732719871317.groovy:35)
	at java.base/jdk.internal.reflect.NativeMethodAccessorImpl.invoke0(Native Method)
	at java.base/jdk.internal.reflect.NativeMethodAccessorImpl.invoke(NativeMethodAccessorImpl.java:77)
	at java.base/jdk.internal.reflect.DelegatingMethodAccessorImpl.invoke(DelegatingMethodAccessorImpl.java:43)
Caused by: com.kms.katalon.core.webui.exception.WebElementNotFoundException: Web element with id: 'Object Repository/Pricing-Test Plan Regresión Core/Page_Visualizar PRODUCTOS/ExpandDatosBasicosProduct' located by '//div[@id='basicData']/div/div[2]/div/a' not found
	at com.kms.katalon.core.webui.common.WebUiCommonHelper.findWebElement(WebUiCommonHelper.java:1426)
	at com.kms.katalon.core.webui.keyword.internal.WebUIAbstractKeyword.findWebElement(WebUIAbstractKeyword.groovy:27)
	at com.kms.katalon.core.webui.keyword.builtin.ClickKeyword$_click_closure1.doCall(ClickKeyword.groovy:65)
	at com.kms.katalon.core.webui.keyword.builtin.ClickKeyword$_click_closure1.call(ClickKeyword.groovy)
	at com.kms.katalon.core.webui.keyword.internal.WebUIKeywordMain.runKeyword(WebUIKeywordMain.groovy:20)
	... 23 more


27-11-2024T16:09:58 - [TEST_STEP][PASSED] - openBrowser(""): Browser is opened with url: ''

27-11-2024T16:09:58 - [MESSAGE][WARNING] - A browser is already opened. Closing browser and opening a new one

27-11-2024T16:09:58 - [MESSAGE][INFO] - Starting 'Chrome' driver

27-11-2024T16:09:58 - [MESSAGE][INFO] - Action delay is set to 0 milliseconds

27-11-2024T16:09:59 - [MESSAGE][PASSED] - Browser is opened with url: ''

27-11-2024T16:09:59 - [TEST_STEP][PASSED] - navigateToUrl("https://pre-sales.recordgo.cloud/login"): Navigate to 'https://pre-sales.recordgo.cloud/login' successfully

27-11-2024T16:10:04 - [MESSAGE][PASSED] - Navigate to 'https://pre-sales.recordgo.cloud/login' successfully

27-11-2024T16:10:04 - [TEST_STEP][PASSED] - maximizeWindow(): Current window maximized

27-11-2024T16:10:05 - [MESSAGE][PASSED] - Current window maximized

27-11-2024T16:10:05 - [TEST_STEP][PASSED] - setText(findTestObject("Pricing-Test Plan Regresión Core/Page_Login/input_Log in to your account__username"), "antonio.diego"): Text 'antonio.diego' is set on object 'Object Repository/Pricing-Test Plan Regresión Core/Page_Login/input_Log in to your account__username'

27-11-2024T16:10:05 - [MESSAGE][PASSED] - Text 'antonio.diego' is set on object 'Object Repository/Pricing-Test Plan Regresión Core/Page_Login/input_Log in to your account__username'

27-11-2024T16:10:05 - [TEST_STEP][PASSED] - setEncryptedText(findTestObject("Object Repository/Pricing-Test Plan Regresión Core/Page_Login/input_Log in to your account__password"), "4WoE78dHD36JvULd0ZrVWg=="): Text ****** has been set on object 'Object Repository/Pricing-Test Plan Regresión Core/Page_Login/input_Log in to your account__password'

27-11-2024T16:10:05 - [MESSAGE][PASSED] - Text ****** has been set on object 'Object Repository/Pricing-Test Plan Regresión Core/Page_Login/input_Log in to your account__password'

27-11-2024T16:10:05 - [TEST_STEP][PASSED] - selectOptionByValue(findTestObject("Object Repository/Pricing-Test Plan Regresión Core/Page_Login/select_Select an option CANARY ISLAND"), "IC", true): All options with value 'IC' are selected in object 'Object Repository/Pricing-Test Plan Regresión Core/Page_Login/select_Select an option CANARY ISLAND'  using regular expression

27-11-2024T16:10:06 - [MESSAGE][PASSED] - All options with value 'IC' are selected in object 'Object Repository/Pricing-Test Plan Regresión Core/Page_Login/select_Select an option CANARY ISLAND'  using regular expression

27-11-2024T16:10:06 - [TEST_STEP][PASSED] - click(findTestObject("Pricing-Test Plan Regresión Core/Page_Login/button_Login")): Object: 'Object Repository/Pricing-Test Plan Regresión Core/Page_Login/button_Login' is clicked on

27-11-2024T16:10:18 - [MESSAGE][PASSED] - Object: 'Object Repository/Pricing-Test Plan Regresión Core/Page_Login/button_Login' is clicked on

27-11-2024T16:10:18 - [TEST_STEP][PASSED] - waitForElementVisible(findTestObject("Pricing-Test Plan Regresión Core/Page_PRICING/img"), 5): Object 'Object Repository/Pricing-Test Plan Regresión Core/Page_PRICING/img' is visible

27-11-2024T16:10:18 - [MESSAGE][PASSED] - Object 'Object Repository/Pricing-Test Plan Regresión Core/Page_PRICING/img' is visible

27-11-2024T16:10:18 - [TEST_STEP][PASSED] - waitForElementVisible(findTestObject("Pricing-Test Plan Regresión Core/Page_PRICING/span_PRODUCTOS"), 5): Object 'Object Repository/Pricing-Test Plan Regresión Core/Page_PRICING/span_PRODUCTOS' is visible

27-11-2024T16:10:18 - [MESSAGE][PASSED] - Object 'Object Repository/Pricing-Test Plan Regresión Core/Page_PRICING/span_PRODUCTOS' is visible

27-11-2024T16:10:18 - [TEST_STEP][PASSED] - click(findTestObject("Pricing-Test Plan Regresión Core/Page_PRICING/span_PRODUCTOS")): Object: 'Object Repository/Pricing-Test Plan Regresión Core/Page_PRICING/span_PRODUCTOS' is clicked on

27-11-2024T16:10:19 - [MESSAGE][PASSED] - Object: 'Object Repository/Pricing-Test Plan Regresión Core/Page_PRICING/span_PRODUCTOS' is clicked on

27-11-2024T16:10:19 - [TEST_STEP][PASSED] - waitForElementVisible(findTestObject("Pricing-Test Plan Regresión Core/Page_PRICING/span_Producto"), 5): Object 'Object Repository/Pricing-Test Plan Regresión Core/Page_PRICING/span_Producto' is visible

27-11-2024T16:10:19 - [MESSAGE][PASSED] - Object 'Object Repository/Pricing-Test Plan Regresión Core/Page_PRICING/span_Producto' is visible

27-11-2024T16:10:19 - [TEST_STEP][PASSED] - click(findTestObject("Pricing-Test Plan Regresión Core/Page_PRICING/span_Producto")): Object: 'Object Repository/Pricing-Test Plan Regresión Core/Page_PRICING/span_Producto' is clicked on

27-11-2024T16:10:19 - [MESSAGE][PASSED] - Object: 'Object Repository/Pricing-Test Plan Regresión Core/Page_PRICING/span_Producto' is clicked on

27-11-2024T16:10:19 - [TEST_STEP][PASSED] - waitForElementVisible(findTestObject("Pricing-Test Plan Regresión Core/Page_PRICING/span_Visualizar"), 5): Object 'Object Repository/Pricing-Test Plan Regresión Core/Page_PRICING/span_Visualizar' is visible

27-11-2024T16:10:19 - [MESSAGE][PASSED] - Object 'Object Repository/Pricing-Test Plan Regresión Core/Page_PRICING/span_Visualizar' is visible

27-11-2024T16:10:19 - [TEST_STEP][PASSED] - click(findTestObject("Pricing-Test Plan Regresión Core/Page_PRICING/span_Visualizar")): Object: 'Object Repository/Pricing-Test Plan Regresión Core/Page_PRICING/span_Visualizar' is clicked on

27-11-2024T16:10:31 - [MESSAGE][PASSED] - Object: 'Object Repository/Pricing-Test Plan Regresión Core/Page_PRICING/span_Visualizar' is clicked on

27-11-2024T16:10:31 - [TEST_STEP][PASSED] - waitForElementPresent(findTestObject("Pricing-Test Plan Regresión Core/Page_Visualizar PRODUCTOS/div_Cdigo"), 5): Object 'Object Repository/Pricing-Test Plan Regresión Core/Page_Visualizar PRODUCTOS/div_Cdigo' is present

27-11-2024T16:10:31 - [MESSAGE][PASSED] - Object 'Object Repository/Pricing-Test Plan Regresión Core/Page_Visualizar PRODUCTOS/div_Cdigo' is present

27-11-2024T16:10:31 - [TEST_STEP][PASSED] - waitForElementPresent(findTestObject("Pricing-Test Plan Regresión Core/Page_Visualizar PRODUCTOS/div_Opciones"), 5): Object 'Object Repository/Pricing-Test Plan Regresión Core/Page_Visualizar PRODUCTOS/div_Opciones' is not present after 5 second(s)

27-11-2024T16:10:37 - [MESSAGE][INFO] - Unable to find the element located by 'By.xpath: id("kt_content")/div[@id="app"]/div[@class="kt-portlet kt-portlet--bordered"]/div[@class="kt-portlet__body"]/div[@class="kt-datatable kt-datatable--default kt-datatable--brand kt-datatable--loaded"]/div[@class="bootstrap-table bootstrap4"]/div[@class="fixed-table-container"]/div[@class="fixed-table-body"]/table[@class="table table-bordered table-hover"]/thead[1]/tr[1]/th[7]/div[@class="th-inner"][count(. | //div[@class = 'th-inner ' and (text() = 'Opciones' or . = 'Opciones')]) = count(//div[@class = 'th-inner ' and (text() = 'Opciones' or . = 'Opciones')])]'. Please recheck the objects properties to make sure the desired element is located. 

27-11-2024T16:10:37 - [MESSAGE][WARNING] - Object 'Object Repository/Pricing-Test Plan Regresión Core/Page_Visualizar PRODUCTOS/div_Opciones' is not present after 5 second(s)

27-11-2024T16:10:37 - [TEST_STEP][PASSED] - waitForElementPresent(findTestObject("Pricing-Test Plan Regresión Core/Page_Visualizar PRODUCTOS/button_Filtros"), 6): Object 'Object Repository/Pricing-Test Plan Regresión Core/Page_Visualizar PRODUCTOS/button_Filtros' is present

27-11-2024T16:10:37 - [MESSAGE][PASSED] - Object 'Object Repository/Pricing-Test Plan Regresión Core/Page_Visualizar PRODUCTOS/button_Filtros' is present

27-11-2024T16:10:37 - [TEST_STEP][PASSED] - waitForElementPresent(findTestObject("Pricing-Test Plan Regresión Core/Page_Visualizar PRODUCTOS/IconoOjoProduct"), 4): Object 'Object Repository/Pricing-Test Plan Regresión Core/Page_Visualizar PRODUCTOS/IconoOjoProduct' is present

27-11-2024T16:10:37 - [MESSAGE][PASSED] - Object 'Object Repository/Pricing-Test Plan Regresión Core/Page_Visualizar PRODUCTOS/IconoOjoProduct' is present

27-11-2024T16:10:37 - [TEST_STEP][PASSED] - doubleClick(findTestObject("Pricing-Test Plan Regresión Core/Page_Visualizar PRODUCTOS/IconoOjoProduct")): Object: 'Object Repository/Pricing-Test Plan Regresión Core/Page_Visualizar PRODUCTOS/IconoOjoProduct' is double clicked on

27-11-2024T16:10:49 - [MESSAGE][PASSED] - Object: 'Object Repository/Pricing-Test Plan Regresión Core/Page_Visualizar PRODUCTOS/IconoOjoProduct' is double clicked on

27-11-2024T16:10:49 - [TEST_STEP][PASSED] - waitForElementPresent(findTestObject("Pricing-Test Plan Regresión Core/Page_Visualizar PRODUCTOS/h3_Mostrar Producto"), 3): Object 'Object Repository/Pricing-Test Plan Regresión Core/Page_Visualizar PRODUCTOS/h3_Mostrar Producto' is not present after 3 second(s)

27-11-2024T16:10:53 - [MESSAGE][INFO] - Unable to find the element located by 'By.xpath: //div[@id='kt_page_portlet']/div/div/h3'. Please recheck the objects properties to make sure the desired element is located. 

27-11-2024T16:10:53 - [MESSAGE][WARNING] - Object 'Object Repository/Pricing-Test Plan Regresión Core/Page_Visualizar PRODUCTOS/h3_Mostrar Producto' is not present after 3 second(s)

27-11-2024T16:10:53 - [TEST_STEP][PASSED] - takeScreenshot("P-25-2244"): Taking screenshot successfully

27-11-2024T16:10:54 - [MESSAGE][PASSED] - Taking screenshot successfully
[[ATTACHMENT|/Users/afernandezd/Katalon Studio/Pricing-PrimeraPrueba/Reports/20241127_160430/PRICING-Test Plan Regresi\u00F3n Core/20241127_160431/P-25-2244]]

27-11-2024T16:10:54 - [TEST_STEP][FAILED] - click(findTestObject("Pricing-Test Plan Regresión Core/Page_Visualizar PRODUCTOS/ExpandDatosBasicosProduct")): Unable to click on object 'Object Repository/Pricing-Test Plan Regresión Core/Page_Visualizar PRODUCTOS/ExpandDatosBasicosProduct' (Root cause: com.kms.katalon.core.exception.StepFailedException: Unable to click on object 'Object Repository/Pricing-Test Plan Regresión Core/Page_Visualizar PRODUCTOS/ExpandDatosBasicosProduct'
	at com.kms.katalon.core.webui.keyword.internal.WebUIKeywordMain.stepFailed(WebUIKeywordMain.groovy:64)
	at com.kms.katalon.core.webui.keyword.internal.WebUIKeywordMain.runKeyword(WebUIKeywordMain.groovy:26)
	at com.kms.katalon.core.webui.keyword.builtin.ClickKeyword.click(ClickKeyword.groovy:74)
	at com.kms.katalon.core.webui.keyword.builtin.ClickKeyword.execute(ClickKeyword.groovy:40)
	at com.kms.katalon.core.keyword.internal.KeywordExecutor.executeKeywordForPlatform(KeywordExecutor.groovy:74)
	at com.kms.katalon.core.webui.keyword.WebUiBuiltInKeywords.click(WebUiBuiltInKeywords.groovy:659)
	at P25-2244-PRODUCTOS-Visualizar productos-Ver detalle.run(P25-2244-PRODUCTOS-Visualizar productos-Ver detalle:67)
	at com.kms.katalon.core.main.ScriptEngine.run(ScriptEngine.java:194)
	at com.kms.katalon.core.main.ScriptEngine.runScriptAsRawText(ScriptEngine.java:119)
	at com.kms.katalon.core.main.TestCaseExecutor.runScript(TestCaseExecutor.java:448)
	at com.kms.katalon.core.main.TestCaseExecutor.doExecute(TestCaseExecutor.java:439)
	at com.kms.katalon.core.main.TestCaseExecutor.processExecutionPhase(TestCaseExecutor.java:418)
	at com.kms.katalon.core.main.TestCaseExecutor.accessMainPhase(TestCaseExecutor.java:410)
	at com.kms.katalon.core.main.TestCaseExecutor.execute(TestCaseExecutor.java:285)
	at com.kms.katalon.core.main.TestCaseExecutor.execute(TestCaseExecutor.java:369)
	at com.kms.katalon.core.main.TestCaseExecutor.execute(TestCaseExecutor.java:369)
	at com.kms.katalon.core.main.TestCaseExecutor.execute(TestCaseExecutor.java:369)
	at com.kms.katalon.core.common.CommonExecutor.accessTestCaseMainPhase(CommonExecutor.java:65)
	at com.kms.katalon.core.main.TestSuiteExecutor.accessTestSuiteMainPhase(TestSuiteExecutor.java:150)
	at com.kms.katalon.core.main.TestSuiteExecutor.execute(TestSuiteExecutor.java:106)
	at com.kms.katalon.core.main.TestCaseMain.startTestSuite(TestCaseMain.java:180)
	at TempTestSuite1732719871317.run(TempTestSuite1732719871317.groovy:35)
	at java.base/jdk.internal.reflect.NativeMethodAccessorImpl.invoke0(Native Method)
	at java.base/jdk.internal.reflect.NativeMethodAccessorImpl.invoke(NativeMethodAccessorImpl.java:77)
	at java.base/jdk.internal.reflect.DelegatingMethodAccessorImpl.invoke(DelegatingMethodAccessorImpl.java:43)
Caused by: com.kms.katalon.core.webui.exception.WebElementNotFoundException: Web element with id: 'Object Repository/Pricing-Test Plan Regresión Core/Page_Visualizar PRODUCTOS/ExpandDatosBasicosProduct' located by '//div[@id='basicData']/div/div[2]/div/a' not found
	at com.kms.katalon.core.webui.common.WebUiCommonHelper.findWebElement(WebUiCommonHelper.java:1426)
	at com.kms.katalon.core.webui.keyword.internal.WebUIAbstractKeyword.findWebElement(WebUIAbstractKeyword.groovy:27)
	at com.kms.katalon.core.webui.keyword.builtin.ClickKeyword$_click_closure1.doCall(ClickKeyword.groovy:65)
	at com.kms.katalon.core.webui.keyword.builtin.ClickKeyword$_click_closure1.call(ClickKeyword.groovy)
	at com.kms.katalon.core.webui.keyword.internal.WebUIKeywordMain.runKeyword(WebUIKeywordMain.groovy:20)
	at com.kms.katalon.core.webui.keyword.builtin.ClickKeyword.click(ClickKeyword.groovy:74)
	at com.kms.katalon.core.webui.keyword.builtin.ClickKeyword.execute(ClickKeyword.groovy:40)
	at com.kms.katalon.core.keyword.internal.KeywordExecutor.executeKeywordForPlatform(KeywordExecutor.groovy:74)
	at com.kms.katalon.core.webui.keyword.WebUiBuiltInKeywords.click(WebUiBuiltInKeywords.groovy:659)
	at Script1710957883297.run(Script1710957883297.groovy:67)
	... 18 more
)

27-11-2024T16:11:25 - [MESSAGE][INFO] - Unable to find the element located by 'By.xpath: //div[@id='basicData']/div/div[2]/div/a'. Please recheck the objects properties to make sure the desired element is located. 

27-11-2024T16:11:25 - [MESSAGE][FAILED] - Unable to click on object 'Object Repository/Pricing-Test Plan Regresión Core/Page_Visualizar PRODUCTOS/ExpandDatosBasicosProduct' (Root cause: com.kms.katalon.core.exception.StepFailedException: Unable to click on object 'Object Repository/Pricing-Test Plan Regresión Core/Page_Visualizar PRODUCTOS/ExpandDatosBasicosProduct'
	at com.kms.katalon.core.webui.keyword.internal.WebUIKeywordMain.stepFailed(WebUIKeywordMain.groovy:64)
	at com.kms.katalon.core.webui.keyword.internal.WebUIKeywordMain.runKeyword(WebUIKeywordMain.groovy:26)
	at com.kms.katalon.core.webui.keyword.builtin.ClickKeyword.click(ClickKeyword.groovy:74)
	at com.kms.katalon.core.webui.keyword.builtin.ClickKeyword.execute(ClickKeyword.groovy:40)
	at com.kms.katalon.core.keyword.internal.KeywordExecutor.executeKeywordForPlatform(KeywordExecutor.groovy:74)
	at com.kms.katalon.core.webui.keyword.WebUiBuiltInKeywords.click(WebUiBuiltInKeywords.groovy:659)
	at P25-2244-PRODUCTOS-Visualizar productos-Ver detalle.run(P25-2244-PRODUCTOS-Visualizar productos-Ver detalle:67)
	at com.kms.katalon.core.main.ScriptEngine.run(ScriptEngine.java:194)
	at com.kms.katalon.core.main.ScriptEngine.runScriptAsRawText(ScriptEngine.java:119)
	at com.kms.katalon.core.main.TestCaseExecutor.runScript(TestCaseExecutor.java:448)
	at com.kms.katalon.core.main.TestCaseExecutor.doExecute(TestCaseExecutor.java:439)
	at com.kms.katalon.core.main.TestCaseExecutor.processExecutionPhase(TestCaseExecutor.java:418)
	at com.kms.katalon.core.main.TestCaseExecutor.accessMainPhase(TestCaseExecutor.java:410)
	at com.kms.katalon.core.main.TestCaseExecutor.execute(TestCaseExecutor.java:285)
	at com.kms.katalon.core.main.TestCaseExecutor.execute(TestCaseExecutor.java:369)
	at com.kms.katalon.core.main.TestCaseExecutor.execute(TestCaseExecutor.java:369)
	at com.kms.katalon.core.main.TestCaseExecutor.execute(TestCaseExecutor.java:369)
	at com.kms.katalon.core.common.CommonExecutor.accessTestCaseMainPhase(CommonExecutor.java:65)
	at com.kms.katalon.core.main.TestSuiteExecutor.accessTestSuiteMainPhase(TestSuiteExecutor.java:150)
	at com.kms.katalon.core.main.TestSuiteExecutor.execute(TestSuiteExecutor.java:106)
	at com.kms.katalon.core.main.TestCaseMain.startTestSuite(TestCaseMain.java:180)
	at TempTestSuite1732719871317.run(TempTestSuite1732719871317.groovy:35)
	at java.base/jdk.internal.reflect.NativeMethodAccessorImpl.invoke0(Native Method)
	at java.base/jdk.internal.reflect.NativeMethodAccessorImpl.invoke(NativeMethodAccessorImpl.java:77)
	at java.base/jdk.internal.reflect.DelegatingMethodAccessorImpl.invoke(DelegatingMethodAccessorImpl.java:43)
Caused by: com.kms.katalon.core.webui.exception.WebElementNotFoundException: Web element with id: 'Object Repository/Pricing-Test Plan Regresión Core/Page_Visualizar PRODUCTOS/ExpandDatosBasicosProduct' located by '//div[@id='basicData']/div/div[2]/div/a' not found
	at com.kms.katalon.core.webui.common.WebUiCommonHelper.findWebElement(WebUiCommonHelper.java:1426)
	at com.kms.katalon.core.webui.keyword.internal.WebUIAbstractKeyword.findWebElement(WebUIAbstractKeyword.groovy:27)
	at com.kms.katalon.core.webui.keyword.builtin.ClickKeyword$_click_closure1.doCall(ClickKeyword.groovy:65)
	at com.kms.katalon.core.webui.keyword.builtin.ClickKeyword$_click_closure1.call(ClickKeyword.groovy)
	at com.kms.katalon.core.webui.keyword.internal.WebUIKeywordMain.runKeyword(WebUIKeywordMain.groovy:20)
	at com.kms.katalon.core.webui.keyword.builtin.ClickKeyword.click(ClickKeyword.groovy:74)
	at com.kms.katalon.core.webui.keyword.builtin.ClickKeyword.execute(ClickKeyword.groovy:40)
	at com.kms.katalon.core.keyword.internal.KeywordExecutor.executeKeywordForPlatform(KeywordExecutor.groovy:74)
	at com.kms.katalon.core.webui.keyword.WebUiBuiltInKeywords.click(WebUiBuiltInKeywords.groovy:659)
	at Script1710957883297.run(Script1710957883297.groovy:67)
	... 18 more
)
[[ATTACHMENT|/Users/afernandezd/Katalon Studio/Pricing-PrimeraPrueba/Reports/20241127_160430/PRICING-Test Plan Regresi\u00F3n Core/20241127_160431/1732720285298.png]]]]></system-out>
         <system-err><![CDATA[27-11-2024T16:09:58 - [TEST_CASE][FAILED] - Test Cases/PRICING-Test Plan Regresión Core/P25-2244-PRODUCTOS-Visualizar productos-Ver detalle: Test Cases/PRICING-Test Plan Regresión Core/P25-2244-PRODUCTOS-Visualizar productos-Ver detalle FAILED.
Reason:
com.kms.katalon.core.exception.StepFailedException: Unable to click on object 'Object Repository/Pricing-Test Plan Regresión Core/Page_Visualizar PRODUCTOS/ExpandDatosBasicosProduct'
	at com.kms.katalon.core.webui.keyword.internal.WebUIKeywordMain.stepFailed(WebUIKeywordMain.groovy:64)
	at com.kms.katalon.core.webui.keyword.internal.WebUIKeywordMain.runKeyword(WebUIKeywordMain.groovy:26)
	at com.kms.katalon.core.webui.keyword.builtin.ClickKeyword.click(ClickKeyword.groovy:74)
	at com.kms.katalon.core.webui.keyword.builtin.ClickKeyword.execute(ClickKeyword.groovy:40)
	at com.kms.katalon.core.keyword.internal.KeywordExecutor.executeKeywordForPlatform(KeywordExecutor.groovy:74)
	at com.kms.katalon.core.webui.keyword.WebUiBuiltInKeywords.click(WebUiBuiltInKeywords.groovy:659)
	at P25-2244-PRODUCTOS-Visualizar productos-Ver detalle.run(P25-2244-PRODUCTOS-Visualizar productos-Ver detalle:67)
	at com.kms.katalon.core.main.ScriptEngine.run(ScriptEngine.java:194)
	at com.kms.katalon.core.main.ScriptEngine.runScriptAsRawText(ScriptEngine.java:119)
	at com.kms.katalon.core.main.TestCaseExecutor.runScript(TestCaseExecutor.java:448)
	at com.kms.katalon.core.main.TestCaseExecutor.doExecute(TestCaseExecutor.java:439)
	at com.kms.katalon.core.main.TestCaseExecutor.processExecutionPhase(TestCaseExecutor.java:418)
	at com.kms.katalon.core.main.TestCaseExecutor.accessMainPhase(TestCaseExecutor.java:410)
	at com.kms.katalon.core.main.TestCaseExecutor.execute(TestCaseExecutor.java:285)
	at com.kms.katalon.core.main.TestCaseExecutor.execute(TestCaseExecutor.java:369)
	at com.kms.katalon.core.main.TestCaseExecutor.execute(TestCaseExecutor.java:369)
	at com.kms.katalon.core.main.TestCaseExecutor.execute(TestCaseExecutor.java:369)
	at com.kms.katalon.core.common.CommonExecutor.accessTestCaseMainPhase(CommonExecutor.java:65)
	at com.kms.katalon.core.main.TestSuiteExecutor.accessTestSuiteMainPhase(TestSuiteExecutor.java:150)
	at com.kms.katalon.core.main.TestSuiteExecutor.execute(TestSuiteExecutor.java:106)
	at com.kms.katalon.core.main.TestCaseMain.startTestSuite(TestCaseMain.java:180)
	at TempTestSuite1732719871317.run(TempTestSuite1732719871317.groovy:35)
	at java.base/jdk.internal.reflect.NativeMethodAccessorImpl.invoke0(Native Method)
	at java.base/jdk.internal.reflect.NativeMethodAccessorImpl.invoke(NativeMethodAccessorImpl.java:77)
	at java.base/jdk.internal.reflect.DelegatingMethodAccessorImpl.invoke(DelegatingMethodAccessorImpl.java:43)
Caused by: com.kms.katalon.core.webui.exception.WebElementNotFoundException: Web element with id: 'Object Repository/Pricing-Test Plan Regresión Core/Page_Visualizar PRODUCTOS/ExpandDatosBasicosProduct' located by '//div[@id='basicData']/div/div[2]/div/a' not found
	at com.kms.katalon.core.webui.common.WebUiCommonHelper.findWebElement(WebUiCommonHelper.java:1426)
	at com.kms.katalon.core.webui.keyword.internal.WebUIAbstractKeyword.findWebElement(WebUIAbstractKeyword.groovy:27)
	at com.kms.katalon.core.webui.keyword.builtin.ClickKeyword$_click_closure1.doCall(ClickKeyword.groovy:65)
	at com.kms.katalon.core.webui.keyword.builtin.ClickKeyword$_click_closure1.call(ClickKeyword.groovy)
	at com.kms.katalon.core.webui.keyword.internal.WebUIKeywordMain.runKeyword(WebUIKeywordMain.groovy:20)
	... 23 more]]></system-err>
      </testcase>
      <testcase name="Test Cases/PRICING-Test Plan Regresión Core/P25-2246-PRODUCTOS-Visualizar tarifa de producto" time="20.274" classname="Test Cases/PRICING-Test Plan Regresión Core/P25-2246-PRODUCTOS-Visualizar tarifa de producto" status="PASSED">
         <system-out><![CDATA[27-11-2024T16:11:25 - [TEST_CASE][PASSED] - Test Cases/PRICING-Test Plan Regresión Core/P25-2246-PRODUCTOS-Visualizar tarifa de producto: Test Cases/PRICING-Test Plan Regresión Core/P25-2246-PRODUCTOS-Visualizar tarifa de producto

27-11-2024T16:11:25 - [TEST_STEP][PASSED] - openBrowser(""): Browser is opened with url: ''

27-11-2024T16:11:25 - [MESSAGE][WARNING] - A browser is already opened. Closing browser and opening a new one

27-11-2024T16:11:25 - [MESSAGE][INFO] - Starting 'Chrome' driver

27-11-2024T16:11:25 - [MESSAGE][INFO] - Action delay is set to 0 milliseconds

27-11-2024T16:11:26 - [MESSAGE][PASSED] - Browser is opened with url: ''

27-11-2024T16:11:26 - [TEST_STEP][PASSED] - navigateToUrl("https://pre-sales.recordgo.cloud/login"): Navigate to 'https://pre-sales.recordgo.cloud/login' successfully

27-11-2024T16:11:31 - [MESSAGE][PASSED] - Navigate to 'https://pre-sales.recordgo.cloud/login' successfully

27-11-2024T16:11:31 - [TEST_STEP][PASSED] - maximizeWindow(): Current window maximized

27-11-2024T16:11:31 - [MESSAGE][PASSED] - Current window maximized

27-11-2024T16:11:31 - [TEST_STEP][PASSED] - setText(findTestObject("Pricing-Test Plan Regresión Core/Page_Login/input_Log in to your account__username"), "antonio.diego"): Text 'antonio.diego' is set on object 'Object Repository/Pricing-Test Plan Regresión Core/Page_Login/input_Log in to your account__username'

27-11-2024T16:11:32 - [MESSAGE][PASSED] - Text 'antonio.diego' is set on object 'Object Repository/Pricing-Test Plan Regresión Core/Page_Login/input_Log in to your account__username'

27-11-2024T16:11:32 - [TEST_STEP][PASSED] - setEncryptedText(findTestObject("Object Repository/Pricing-Test Plan Regresión Core/Page_Login/input_Log in to your account__password"), "4WoE78dHD36JvULd0ZrVWg=="): Text ****** has been set on object 'Object Repository/Pricing-Test Plan Regresión Core/Page_Login/input_Log in to your account__password'

27-11-2024T16:11:32 - [MESSAGE][PASSED] - Text ****** has been set on object 'Object Repository/Pricing-Test Plan Regresión Core/Page_Login/input_Log in to your account__password'

27-11-2024T16:11:32 - [TEST_STEP][PASSED] - selectOptionByValue(findTestObject("Object Repository/Pricing-Test Plan Regresión Core/Page_Login/select_Select an option CANARY ISLAND"), "IC", true): All options with value 'IC' are selected in object 'Object Repository/Pricing-Test Plan Regresión Core/Page_Login/select_Select an option CANARY ISLAND'  using regular expression

27-11-2024T16:11:33 - [MESSAGE][PASSED] - All options with value 'IC' are selected in object 'Object Repository/Pricing-Test Plan Regresión Core/Page_Login/select_Select an option CANARY ISLAND'  using regular expression

27-11-2024T16:11:33 - [TEST_STEP][PASSED] - click(findTestObject("Object Repository/Pricing-Test Plan Regresión Core/Page_Login/button_Login")): Object: 'Object Repository/Pricing-Test Plan Regresión Core/Page_Login/button_Login' is clicked on

27-11-2024T16:11:37 - [MESSAGE][PASSED] - Object: 'Object Repository/Pricing-Test Plan Regresión Core/Page_Login/button_Login' is clicked on

27-11-2024T16:11:37 - [TEST_STEP][PASSED] - waitForElementVisible(findTestObject("Pricing-Test Plan Regresión Core/Page_PRICING/img"), 5): Object 'Object Repository/Pricing-Test Plan Regresión Core/Page_PRICING/img' is visible

27-11-2024T16:11:37 - [MESSAGE][PASSED] - Object 'Object Repository/Pricing-Test Plan Regresión Core/Page_PRICING/img' is visible

27-11-2024T16:11:37 - [TEST_STEP][PASSED] - verifyElementVisible(findTestObject("Object Repository/Pricing-Test Plan Regresión Core/Page_PRICING/img")): Object 'Object Repository/Pricing-Test Plan Regresión Core/Page_PRICING/img' is visible

27-11-2024T16:11:37 - [MESSAGE][PASSED] - Object 'Object Repository/Pricing-Test Plan Regresión Core/Page_PRICING/img' is visible

27-11-2024T16:11:37 - [TEST_STEP][PASSED] - waitForElementVisible(findTestObject("Pricing-Test Plan Regresión Core/Page_PRICING/span_PRODUCTOS"), 3): Object 'Object Repository/Pricing-Test Plan Regresión Core/Page_PRICING/span_PRODUCTOS' is visible

27-11-2024T16:11:38 - [MESSAGE][PASSED] - Object 'Object Repository/Pricing-Test Plan Regresión Core/Page_PRICING/span_PRODUCTOS' is visible

27-11-2024T16:11:38 - [TEST_STEP][PASSED] - click(findTestObject("Object Repository/Pricing-Test Plan Regresión Core/Page_PRICING/span_PRODUCTOS")): Object: 'Object Repository/Pricing-Test Plan Regresión Core/Page_PRICING/span_PRODUCTOS' is clicked on

27-11-2024T16:11:38 - [MESSAGE][PASSED] - Object: 'Object Repository/Pricing-Test Plan Regresión Core/Page_PRICING/span_PRODUCTOS' is clicked on

27-11-2024T16:11:38 - [TEST_STEP][PASSED] - click(findTestObject("Object Repository/Pricing-Test Plan Regresión Core/Page_PRICING/span_Tarifas")): Object: 'Object Repository/Pricing-Test Plan Regresión Core/Page_PRICING/span_Tarifas' is clicked on

27-11-2024T16:11:38 - [MESSAGE][PASSED] - Object: 'Object Repository/Pricing-Test Plan Regresión Core/Page_PRICING/span_Tarifas' is clicked on

27-11-2024T16:11:38 - [TEST_STEP][PASSED] - waitForElementPresent(findTestObject("Pricing-Test Plan Regresión Core/Page_PRICING/span_Visualizar_tarifas"), 3): Object 'Object Repository/Pricing-Test Plan Regresión Core/Page_PRICING/span_Visualizar_tarifas' is present

27-11-2024T16:11:38 - [MESSAGE][PASSED] - Object 'Object Repository/Pricing-Test Plan Regresión Core/Page_PRICING/span_Visualizar_tarifas' is present

27-11-2024T16:11:38 - [TEST_STEP][PASSED] - doubleClick(findTestObject("Pricing-Test Plan Regresión Core/Page_PRICING/span_Visualizar_tarifas")): Object: 'Object Repository/Pricing-Test Plan Regresión Core/Page_PRICING/span_Visualizar_tarifas' is double clicked on

27-11-2024T16:11:40 - [MESSAGE][PASSED] - Object: 'Object Repository/Pricing-Test Plan Regresión Core/Page_PRICING/span_Visualizar_tarifas' is double clicked on

27-11-2024T16:11:40 - [TEST_STEP][PASSED] - waitForElementPresent(findTestObject("Object Repository/Pricing-Test Plan Regresión Core/Page_Visualizar COMPLEMENTOS/i_active_flaticon-eye"), 3): Object 'Object Repository/Pricing-Test Plan Regresión Core/Page_Visualizar COMPLEMENTOS/i_active_flaticon-eye' is not present after 3 second(s)

27-11-2024T16:11:44 - [MESSAGE][INFO] - Unable to find the element located by 'By.xpath: //i[@class = 'flaticon-eye']'. Please recheck the objects properties to make sure the desired element is located. 

27-11-2024T16:11:44 - [MESSAGE][WARNING] - Object 'Object Repository/Pricing-Test Plan Regresión Core/Page_Visualizar COMPLEMENTOS/i_active_flaticon-eye' is not present after 3 second(s)

27-11-2024T16:11:44 - [TEST_STEP][PASSED] - waitForElementPresent(findTestObject("Object Repository/Pricing-Test Plan Regresión Core/Page_Visualizar PRODUCTOS/h1_Registros totales"), 3): Object 'Object Repository/Pricing-Test Plan Regresión Core/Page_Visualizar PRODUCTOS/h1_Registros totales' is present

27-11-2024T16:11:44 - [MESSAGE][PASSED] - Object 'Object Repository/Pricing-Test Plan Regresión Core/Page_Visualizar PRODUCTOS/h1_Registros totales' is present

27-11-2024T16:11:44 - [TEST_STEP][PASSED] - waitForElementPresent(findTestObject("Object Repository/Pricing-Test Plan Regresión Core/Page_Visualizar PRODUCTOS/div_Nombre interno"), 3): Object 'Object Repository/Pricing-Test Plan Regresión Core/Page_Visualizar PRODUCTOS/div_Nombre interno' is present

27-11-2024T16:11:44 - [MESSAGE][PASSED] - Object 'Object Repository/Pricing-Test Plan Regresión Core/Page_Visualizar PRODUCTOS/div_Nombre interno' is present

27-11-2024T16:11:44 - [TEST_STEP][PASSED] - verifyElementPresent(findTestObject("Object Repository/Pricing-Test Plan Regresión Core/Page_Visualizar PRODUCTOS/button_Filtros"), 3): Object 'Object Repository/Pricing-Test Plan Regresión Core/Page_Visualizar PRODUCTOS/button_Filtros' is present

27-11-2024T16:11:44 - [MESSAGE][PASSED] - Object 'Object Repository/Pricing-Test Plan Regresión Core/Page_Visualizar PRODUCTOS/button_Filtros' is present

27-11-2024T16:11:44 - [TEST_STEP][PASSED] - verifyElementPresent(findTestObject("Object Repository/Pricing-Test Plan Regresión Core/Page_Visualizar PRODUCTOS/div_Nombre interno"), 3): Object 'Object Repository/Pricing-Test Plan Regresión Core/Page_Visualizar PRODUCTOS/div_Nombre interno' is present

27-11-2024T16:11:45 - [MESSAGE][PASSED] - Object 'Object Repository/Pricing-Test Plan Regresión Core/Page_Visualizar PRODUCTOS/div_Nombre interno' is present

27-11-2024T16:11:45 - [TEST_STEP][PASSED] - takeScreenshot("P25-2246"): Taking screenshot successfully

27-11-2024T16:11:45 - [MESSAGE][PASSED] - Taking screenshot successfully
[[ATTACHMENT|/Users/afernandezd/Katalon Studio/Pricing-PrimeraPrueba/Reports/20241127_160430/PRICING-Test Plan Regresi\u00F3n Core/20241127_160431/P25-2246]]

27-11-2024T16:11:45 - [TEST_STEP][PASSED] - verifyElementPresent(findTestObject("Object Repository/Pricing-Test Plan Regresión Core/Page_Visualizar PRODUCTOS/h1_Registros totales"), 3): Object 'Object Repository/Pricing-Test Plan Regresión Core/Page_Visualizar PRODUCTOS/h1_Registros totales' is present

27-11-2024T16:11:45 - [MESSAGE][PASSED] - Object 'Object Repository/Pricing-Test Plan Regresión Core/Page_Visualizar PRODUCTOS/h1_Registros totales' is present

27-11-2024T16:11:45 - [TEST_STEP][PASSED] - closeBrowser(): Browser is closed

27-11-2024T16:11:45 - [MESSAGE][PASSED] - Browser is closed]]></system-out>
         <system-err><![CDATA[]]></system-err>
      </testcase>
      <testcase name="Test Cases/PRICING-Test Plan Regresión Core/P25-2166-PRODUCTOS-Visualizar productos-Clonar" time="78.765" classname="Test Cases/PRICING-Test Plan Regresión Core/P25-2166-PRODUCTOS-Visualizar productos-Clonar" status="PASSED">
         <system-out><![CDATA[27-11-2024T16:11:45 - [TEST_CASE][PASSED] - Test Cases/PRICING-Test Plan Regresión Core/P25-2166-PRODUCTOS-Visualizar productos-Clonar: Test Cases/PRICING-Test Plan Regresión Core/P25-2166-PRODUCTOS-Visualizar productos-Clonar

27-11-2024T16:11:45 - [TEST_STEP][PASSED] - openBrowser(""): Browser is opened with url: ''

27-11-2024T16:11:45 - [MESSAGE][INFO] - Starting 'Chrome' driver

27-11-2024T16:11:45 - [MESSAGE][INFO] - Action delay is set to 0 milliseconds

27-11-2024T16:11:46 - [MESSAGE][PASSED] - Browser is opened with url: ''

27-11-2024T16:11:46 - [TEST_STEP][PASSED] - navigateToUrl("https://pre-sales.recordgo.cloud/login"): Navigate to 'https://pre-sales.recordgo.cloud/login' successfully

27-11-2024T16:11:52 - [MESSAGE][PASSED] - Navigate to 'https://pre-sales.recordgo.cloud/login' successfully

27-11-2024T16:11:52 - [TEST_STEP][PASSED] - maximizeWindow(): Current window maximized

27-11-2024T16:11:53 - [MESSAGE][PASSED] - Current window maximized

27-11-2024T16:11:53 - [TEST_STEP][PASSED] - setText(findTestObject("Pricing-Test Plan Regresión Core/Page_Login/input_Log in to your account__username"), "antonio.diego"): Text 'antonio.diego' is set on object 'Object Repository/Pricing-Test Plan Regresión Core/Page_Login/input_Log in to your account__username'

27-11-2024T16:11:53 - [MESSAGE][PASSED] - Text 'antonio.diego' is set on object 'Object Repository/Pricing-Test Plan Regresión Core/Page_Login/input_Log in to your account__username'

27-11-2024T16:11:53 - [TEST_STEP][PASSED] - setEncryptedText(findTestObject("Object Repository/Pricing-Test Plan Regresión Core/Page_Login/input_Log in to your account__password"), "4WoE78dHD36JvULd0ZrVWg=="): Text ****** has been set on object 'Object Repository/Pricing-Test Plan Regresión Core/Page_Login/input_Log in to your account__password'

27-11-2024T16:11:53 - [MESSAGE][PASSED] - Text ****** has been set on object 'Object Repository/Pricing-Test Plan Regresión Core/Page_Login/input_Log in to your account__password'

27-11-2024T16:11:53 - [TEST_STEP][PASSED] - selectOptionByValue(findTestObject("Object Repository/Pricing-Test Plan Regresión Core/Page_Login/select_Select an option CANARY ISLAND"), "IC", true): All options with value 'IC' are selected in object 'Object Repository/Pricing-Test Plan Regresión Core/Page_Login/select_Select an option CANARY ISLAND'  using regular expression

27-11-2024T16:11:54 - [MESSAGE][PASSED] - All options with value 'IC' are selected in object 'Object Repository/Pricing-Test Plan Regresión Core/Page_Login/select_Select an option CANARY ISLAND'  using regular expression

27-11-2024T16:11:54 - [TEST_STEP][PASSED] - click(findTestObject("Pricing-Test Plan Regresión Core/Page_Login/button_Login")): Object: 'Object Repository/Pricing-Test Plan Regresión Core/Page_Login/button_Login' is clicked on

27-11-2024T16:12:06 - [MESSAGE][PASSED] - Object: 'Object Repository/Pricing-Test Plan Regresión Core/Page_Login/button_Login' is clicked on

27-11-2024T16:12:06 - [TEST_STEP][PASSED] - waitForElementVisible(findTestObject("Pricing-Test Plan Regresión Core/Page_PRICING/img"), 5): Object 'Object Repository/Pricing-Test Plan Regresión Core/Page_PRICING/img' is visible

27-11-2024T16:12:06 - [MESSAGE][PASSED] - Object 'Object Repository/Pricing-Test Plan Regresión Core/Page_PRICING/img' is visible

27-11-2024T16:12:06 - [TEST_STEP][PASSED] - waitForElementVisible(findTestObject("Pricing-Test Plan Regresión Core/Page_PRICING/span_PRODUCTOS"), 5): Object 'Object Repository/Pricing-Test Plan Regresión Core/Page_PRICING/span_PRODUCTOS' is visible

27-11-2024T16:12:06 - [MESSAGE][PASSED] - Object 'Object Repository/Pricing-Test Plan Regresión Core/Page_PRICING/span_PRODUCTOS' is visible

27-11-2024T16:12:06 - [TEST_STEP][PASSED] - click(findTestObject("Pricing-Test Plan Regresión Core/Page_PRICING/span_PRODUCTOS")): Object: 'Object Repository/Pricing-Test Plan Regresión Core/Page_PRICING/span_PRODUCTOS' is clicked on

27-11-2024T16:12:07 - [MESSAGE][PASSED] - Object: 'Object Repository/Pricing-Test Plan Regresión Core/Page_PRICING/span_PRODUCTOS' is clicked on

27-11-2024T16:12:07 - [TEST_STEP][PASSED] - waitForElementVisible(findTestObject("Pricing-Test Plan Regresión Core/Page_PRICING/span_Producto"), 5): Object 'Object Repository/Pricing-Test Plan Regresión Core/Page_PRICING/span_Producto' is visible

27-11-2024T16:12:07 - [MESSAGE][PASSED] - Object 'Object Repository/Pricing-Test Plan Regresión Core/Page_PRICING/span_Producto' is visible

27-11-2024T16:12:07 - [TEST_STEP][PASSED] - click(findTestObject("Pricing-Test Plan Regresión Core/Page_PRICING/span_Producto")): Object: 'Object Repository/Pricing-Test Plan Regresión Core/Page_PRICING/span_Producto' is clicked on

27-11-2024T16:12:07 - [MESSAGE][PASSED] - Object: 'Object Repository/Pricing-Test Plan Regresión Core/Page_PRICING/span_Producto' is clicked on

27-11-2024T16:12:07 - [TEST_STEP][PASSED] - waitForElementVisible(findTestObject("Pricing-Test Plan Regresión Core/Page_PRICING/span_Visualizar"), 5): Object 'Object Repository/Pricing-Test Plan Regresión Core/Page_PRICING/span_Visualizar' is visible

27-11-2024T16:12:07 - [MESSAGE][PASSED] - Object 'Object Repository/Pricing-Test Plan Regresión Core/Page_PRICING/span_Visualizar' is visible

27-11-2024T16:12:07 - [TEST_STEP][PASSED] - click(findTestObject("Pricing-Test Plan Regresión Core/Page_PRICING/span_Visualizar")): Object: 'Object Repository/Pricing-Test Plan Regresión Core/Page_PRICING/span_Visualizar' is clicked on

27-11-2024T16:12:19 - [MESSAGE][PASSED] - Object: 'Object Repository/Pricing-Test Plan Regresión Core/Page_PRICING/span_Visualizar' is clicked on

27-11-2024T16:12:19 - [TEST_STEP][PASSED] - waitForElementPresent(findTestObject("Pricing-Test Plan Regresión Core/Page_Visualizar PRODUCTOS/div_Cdigo"), 6): Object 'Object Repository/Pricing-Test Plan Regresión Core/Page_Visualizar PRODUCTOS/div_Cdigo' is present

27-11-2024T16:12:19 - [MESSAGE][PASSED] - Object 'Object Repository/Pricing-Test Plan Regresión Core/Page_Visualizar PRODUCTOS/div_Cdigo' is present

27-11-2024T16:12:19 - [TEST_STEP][PASSED] - waitForElementPresent(findTestObject("Pricing-Test Plan Regresión Core/Page_Visualizar PRODUCTOS/div_Opciones"), 6): Object 'Object Repository/Pricing-Test Plan Regresión Core/Page_Visualizar PRODUCTOS/div_Opciones' is not present after 6 second(s)

27-11-2024T16:12:26 - [MESSAGE][INFO] - Unable to find the element located by 'By.xpath: id("kt_content")/div[@id="app"]/div[@class="kt-portlet kt-portlet--bordered"]/div[@class="kt-portlet__body"]/div[@class="kt-datatable kt-datatable--default kt-datatable--brand kt-datatable--loaded"]/div[@class="bootstrap-table bootstrap4"]/div[@class="fixed-table-container"]/div[@class="fixed-table-body"]/table[@class="table table-bordered table-hover"]/thead[1]/tr[1]/th[7]/div[@class="th-inner"][count(. | //div[@class = 'th-inner ' and (text() = 'Opciones' or . = 'Opciones')]) = count(//div[@class = 'th-inner ' and (text() = 'Opciones' or . = 'Opciones')])]'. Please recheck the objects properties to make sure the desired element is located. 

27-11-2024T16:12:26 - [MESSAGE][WARNING] - Object 'Object Repository/Pricing-Test Plan Regresión Core/Page_Visualizar PRODUCTOS/div_Opciones' is not present after 6 second(s)

27-11-2024T16:12:26 - [TEST_STEP][PASSED] - waitForElementPresent(findTestObject("Pricing-Test Plan Regresión Core/Page_Visualizar PRODUCTOS/button_Filtros"), 6): Object 'Object Repository/Pricing-Test Plan Regresión Core/Page_Visualizar PRODUCTOS/button_Filtros' is present

27-11-2024T16:12:26 - [MESSAGE][PASSED] - Object 'Object Repository/Pricing-Test Plan Regresión Core/Page_Visualizar PRODUCTOS/button_Filtros' is present

27-11-2024T16:12:26 - [TEST_STEP][PASSED] - waitForElementPresent(findTestObject("Pricing-Test Plan Regresión Core/Page_Visualizar COMPLEMENTOS/IconoHojaClonarComplemento"), 5): Object 'Object Repository/Pricing-Test Plan Regresión Core/Page_Visualizar COMPLEMENTOS/IconoHojaClonarComplemento' is present

27-11-2024T16:12:26 - [MESSAGE][PASSED] - Object 'Object Repository/Pricing-Test Plan Regresión Core/Page_Visualizar COMPLEMENTOS/IconoHojaClonarComplemento' is present

27-11-2024T16:12:26 - [TEST_STEP][PASSED] - doubleClick(findTestObject("Pricing-Test Plan Regresión Core/Page_Visualizar COMPLEMENTOS/IconoHojaClonarComplemento")): Object: 'Object Repository/Pricing-Test Plan Regresión Core/Page_Visualizar COMPLEMENTOS/IconoHojaClonarComplemento' is double clicked on

27-11-2024T16:12:57 - [MESSAGE][PASSED] - Object: 'Object Repository/Pricing-Test Plan Regresión Core/Page_Visualizar COMPLEMENTOS/IconoHojaClonarComplemento' is double clicked on

27-11-2024T16:12:57 - [TEST_STEP][PASSED] - waitForElementPresent(findTestObject("Pricing-Test Plan Regresión Core/Page_Visualizar PRODUCTOS/h3_Clonar producto"), 4): Object 'Object Repository/Pricing-Test Plan Regresión Core/Page_Visualizar PRODUCTOS/h3_Clonar producto' is present

27-11-2024T16:12:57 - [MESSAGE][PASSED] - Object 'Object Repository/Pricing-Test Plan Regresión Core/Page_Visualizar PRODUCTOS/h3_Clonar producto' is present

27-11-2024T16:12:57 - [TEST_STEP][PASSED] - verifyElementPresent(findTestObject("Pricing-Test Plan Regresión Core/Page_Visualizar PRODUCTOS/h3_Clonar producto"), 4): Object 'Object Repository/Pricing-Test Plan Regresión Core/Page_Visualizar PRODUCTOS/h3_Clonar producto' is present

27-11-2024T16:12:57 - [MESSAGE][PASSED] - Object 'Object Repository/Pricing-Test Plan Regresión Core/Page_Visualizar PRODUCTOS/h3_Clonar producto' is present

27-11-2024T16:12:57 - [TEST_STEP][PASSED] - waitForElementPresent(findTestObject("Pricing-Test Plan Regresión Core/Page_Visualizar PRODUCTOS/button_CancelarClonarProduct"), 5): Object 'Object Repository/Pricing-Test Plan Regresión Core/Page_Visualizar PRODUCTOS/button_CancelarClonarProduct' is present

27-11-2024T16:12:58 - [MESSAGE][PASSED] - Object 'Object Repository/Pricing-Test Plan Regresión Core/Page_Visualizar PRODUCTOS/button_CancelarClonarProduct' is present

27-11-2024T16:12:58 - [TEST_STEP][PASSED] - takeScreenshot("P-25-2166"): Taking screenshot successfully

27-11-2024T16:12:58 - [MESSAGE][PASSED] - Taking screenshot successfully
[[ATTACHMENT|/Users/afernandezd/Katalon Studio/Pricing-PrimeraPrueba/Reports/20241127_160430/PRICING-Test Plan Regresi\u00F3n Core/20241127_160431/P-25-2166]]

27-11-2024T16:12:58 - [TEST_STEP][PASSED] - focus(findTestObject("Pricing-Test Plan Regresión Core/Page_Visualizar PRODUCTOS/button_CancelarClonarProduct"), STOP_ON_FAILURE): Object: 'Object Repository/Pricing-Test Plan Regresión Core/Page_Visualizar PRODUCTOS/button_CancelarClonarProduct' is focused

27-11-2024T16:12:58 - [MESSAGE][PASSED] - Object: 'Object Repository/Pricing-Test Plan Regresión Core/Page_Visualizar PRODUCTOS/button_CancelarClonarProduct' is focused

27-11-2024T16:12:58 - [TEST_STEP][PASSED] - verifyElementPresent(findTestObject("Pricing-Test Plan Regresión Core/Page_Visualizar PRODUCTOS/button_CancelarClonarProduct"), 5): Object 'Object Repository/Pricing-Test Plan Regresión Core/Page_Visualizar PRODUCTOS/button_CancelarClonarProduct' is present

27-11-2024T16:12:59 - [MESSAGE][PASSED] - Object 'Object Repository/Pricing-Test Plan Regresión Core/Page_Visualizar PRODUCTOS/button_CancelarClonarProduct' is present

27-11-2024T16:12:59 - [TEST_STEP][PASSED] - doubleClick(findTestObject("Pricing-Test Plan Regresión Core/Page_Visualizar PRODUCTOS/button_CancelarClonarProduct")): Object: 'Object Repository/Pricing-Test Plan Regresión Core/Page_Visualizar PRODUCTOS/button_CancelarClonarProduct' is double clicked on

27-11-2024T16:13:03 - [MESSAGE][PASSED] - Object: 'Object Repository/Pricing-Test Plan Regresión Core/Page_Visualizar PRODUCTOS/button_CancelarClonarProduct' is double clicked on

27-11-2024T16:13:03 - [TEST_STEP][PASSED] - waitForElementPresent(findTestObject("Pricing-Test Plan Regresión Core/Page_Visualizar PRODUCTOS/h1_Registros totales"), 5): Object 'Object Repository/Pricing-Test Plan Regresión Core/Page_Visualizar PRODUCTOS/h1_Registros totales' is present

27-11-2024T16:13:04 - [MESSAGE][PASSED] - Object 'Object Repository/Pricing-Test Plan Regresión Core/Page_Visualizar PRODUCTOS/h1_Registros totales' is present

27-11-2024T16:13:04 - [TEST_STEP][PASSED] - verifyElementPresent(findTestObject("Pricing-Test Plan Regresión Core/Page_Visualizar PRODUCTOS/h1_Registros totales"), 5): Object 'Object Repository/Pricing-Test Plan Regresión Core/Page_Visualizar PRODUCTOS/h1_Registros totales' is present

27-11-2024T16:13:04 - [MESSAGE][PASSED] - Object 'Object Repository/Pricing-Test Plan Regresión Core/Page_Visualizar PRODUCTOS/h1_Registros totales' is present

27-11-2024T16:13:04 - [TEST_STEP][PASSED] - closeBrowser(): Browser is closed

27-11-2024T16:13:04 - [MESSAGE][PASSED] - Browser is closed]]></system-out>
         <system-err><![CDATA[]]></system-err>
      </testcase>
      <testcase name="Test Cases/PRICING-Test Plan Regresión Core/P25-2173-COMPLEMENTOS-Visualizar Hoja Detalle de complemento" time="80.056" classname="Test Cases/PRICING-Test Plan Regresión Core/P25-2173-COMPLEMENTOS-Visualizar Hoja Detalle de complemento" status="FAILED">
         <failure type="FAILED" message="Test Cases/PRICING-Test Plan Regresión Core/P25-2173-COMPLEMENTOS-Visualizar Hoja Detalle de complemento FAILED.&#xa;Reason:&#xa;com.kms.katalon.core.exception.StepFailedException: Unable to verify object 'Object Repository/Pricing-Test Plan Regresión Core/Page_Visualizar COMPLEMENTOS/modalBodyInfoComplemento' is visible&#xa;	at com.kms.katalon.core.webui.keyword.internal.WebUIKeywordMain.stepFailed(WebUIKeywordMain.groovy:64)&#xa;	at com.kms.katalon.core.webui.keyword.internal.WebUIKeywordMain.runKeyword(WebUIKeywordMain.groovy:26)&#xa;	at com.kms.katalon.core.webui.keyword.builtin.VerifyElementVisibleKeyword.verifyElementVisible(VerifyElementVisibleKeyword.groovy:97)&#xa;	at com.kms.katalon.core.webui.keyword.builtin.VerifyElementVisibleKeyword.execute(VerifyElementVisibleKeyword.groovy:67)&#xa;	at com.kms.katalon.core.keyword.internal.KeywordExecutor.executeKeywordForPlatform(KeywordExecutor.groovy:74)&#xa;	at com.kms.katalon.core.webui.keyword.WebUiBuiltInKeywords.verifyElementVisible(WebUiBuiltInKeywords.groovy:401)&#xa;	at P25-2173-COMPLEMENTOS-Visualizar Hoja Detalle de complemento.run(P25-2173-COMPLEMENTOS-Visualizar Hoja Detalle de complemento:90)&#xa;	at com.kms.katalon.core.main.ScriptEngine.run(ScriptEngine.java:194)&#xa;	at com.kms.katalon.core.main.ScriptEngine.runScriptAsRawText(ScriptEngine.java:119)&#xa;	at com.kms.katalon.core.main.TestCaseExecutor.runScript(TestCaseExecutor.java:448)&#xa;	at com.kms.katalon.core.main.TestCaseExecutor.doExecute(TestCaseExecutor.java:439)&#xa;	at com.kms.katalon.core.main.TestCaseExecutor.processExecutionPhase(TestCaseExecutor.java:418)&#xa;	at com.kms.katalon.core.main.TestCaseExecutor.accessMainPhase(TestCaseExecutor.java:410)&#xa;	at com.kms.katalon.core.main.TestCaseExecutor.execute(TestCaseExecutor.java:285)&#xa;	at com.kms.katalon.core.main.TestCaseExecutor.execute(TestCaseExecutor.java:369)&#xa;	at com.kms.katalon.core.main.TestCaseExecutor.execute(TestCaseExecutor.java:369)&#xa;	at com.kms.katalon.core.main.TestCaseExecutor.execute(TestCaseExecutor.java:369)&#xa;	at com.kms.katalon.core.common.CommonExecutor.accessTestCaseMainPhase(CommonExecutor.java:65)&#xa;	at com.kms.katalon.core.main.TestSuiteExecutor.accessTestSuiteMainPhase(TestSuiteExecutor.java:150)&#xa;	at com.kms.katalon.core.main.TestSuiteExecutor.execute(TestSuiteExecutor.java:106)&#xa;	at com.kms.katalon.core.main.TestCaseMain.startTestSuite(TestCaseMain.java:180)&#xa;	at TempTestSuite1732719871317.run(TempTestSuite1732719871317.groovy:35)&#xa;	at java.base/jdk.internal.reflect.NativeMethodAccessorImpl.invoke0(Native Method)&#xa;	at java.base/jdk.internal.reflect.NativeMethodAccessorImpl.invoke(NativeMethodAccessorImpl.java:77)&#xa;	at java.base/jdk.internal.reflect.DelegatingMethodAccessorImpl.invoke(DelegatingMethodAccessorImpl.java:43)&#xa;Caused by: com.kms.katalon.core.exception.StepFailedException: Web element with id: 'Object Repository/Pricing-Test Plan Regresión Core/Page_Visualizar COMPLEMENTOS/modalBodyInfoComplemento' located by '//*[@div = 'data-v-b62db878' and @class = 'modal-body' and @id = 'complementView']' not found&#xa;	at com.kms.katalon.core.webui.keyword.internal.WebUIKeywordMain.stepFailed(WebUIKeywordMain.groovy:64)&#xa;	at com.kms.katalon.core.webui.keyword.builtin.VerifyElementVisibleKeyword$_verifyElementVisible_closure1.doCall(VerifyElementVisibleKeyword.groovy:89)&#xa;	at com.kms.katalon.core.webui.keyword.builtin.VerifyElementVisibleKeyword$_verifyElementVisible_closure1.call(VerifyElementVisibleKeyword.groovy)&#xa;	at com.kms.katalon.core.webui.keyword.internal.WebUIKeywordMain.runKeyword(WebUIKeywordMain.groovy:20)&#xa;	... 23 more&#xa;"/>
         <system-out><![CDATA[27-11-2024T16:17:54 - [TEST_CASE][FAILED] - Test Cases/PRICING-Test Plan Regresión Core/P25-2173-COMPLEMENTOS-Visualizar Hoja Detalle de complemento: Test Cases/PRICING-Test Plan Regresión Core/P25-2173-COMPLEMENTOS-Visualizar Hoja Detalle de complemento FAILED.
Reason:
com.kms.katalon.core.exception.StepFailedException: Unable to verify object 'Object Repository/Pricing-Test Plan Regresión Core/Page_Visualizar COMPLEMENTOS/modalBodyInfoComplemento' is visible
	at com.kms.katalon.core.webui.keyword.internal.WebUIKeywordMain.stepFailed(WebUIKeywordMain.groovy:64)
	at com.kms.katalon.core.webui.keyword.internal.WebUIKeywordMain.runKeyword(WebUIKeywordMain.groovy:26)
	at com.kms.katalon.core.webui.keyword.builtin.VerifyElementVisibleKeyword.verifyElementVisible(VerifyElementVisibleKeyword.groovy:97)
	at com.kms.katalon.core.webui.keyword.builtin.VerifyElementVisibleKeyword.execute(VerifyElementVisibleKeyword.groovy:67)
	at com.kms.katalon.core.keyword.internal.KeywordExecutor.executeKeywordForPlatform(KeywordExecutor.groovy:74)
	at com.kms.katalon.core.webui.keyword.WebUiBuiltInKeywords.verifyElementVisible(WebUiBuiltInKeywords.groovy:401)
	at P25-2173-COMPLEMENTOS-Visualizar Hoja Detalle de complemento.run(P25-2173-COMPLEMENTOS-Visualizar Hoja Detalle de complemento:90)
	at com.kms.katalon.core.main.ScriptEngine.run(ScriptEngine.java:194)
	at com.kms.katalon.core.main.ScriptEngine.runScriptAsRawText(ScriptEngine.java:119)
	at com.kms.katalon.core.main.TestCaseExecutor.runScript(TestCaseExecutor.java:448)
	at com.kms.katalon.core.main.TestCaseExecutor.doExecute(TestCaseExecutor.java:439)
	at com.kms.katalon.core.main.TestCaseExecutor.processExecutionPhase(TestCaseExecutor.java:418)
	at com.kms.katalon.core.main.TestCaseExecutor.accessMainPhase(TestCaseExecutor.java:410)
	at com.kms.katalon.core.main.TestCaseExecutor.execute(TestCaseExecutor.java:285)
	at com.kms.katalon.core.main.TestCaseExecutor.execute(TestCaseExecutor.java:369)
	at com.kms.katalon.core.main.TestCaseExecutor.execute(TestCaseExecutor.java:369)
	at com.kms.katalon.core.main.TestCaseExecutor.execute(TestCaseExecutor.java:369)
	at com.kms.katalon.core.common.CommonExecutor.accessTestCaseMainPhase(CommonExecutor.java:65)
	at com.kms.katalon.core.main.TestSuiteExecutor.accessTestSuiteMainPhase(TestSuiteExecutor.java:150)
	at com.kms.katalon.core.main.TestSuiteExecutor.execute(TestSuiteExecutor.java:106)
	at com.kms.katalon.core.main.TestCaseMain.startTestSuite(TestCaseMain.java:180)
	at TempTestSuite1732719871317.run(TempTestSuite1732719871317.groovy:35)
	at java.base/jdk.internal.reflect.NativeMethodAccessorImpl.invoke0(Native Method)
	at java.base/jdk.internal.reflect.NativeMethodAccessorImpl.invoke(NativeMethodAccessorImpl.java:77)
	at java.base/jdk.internal.reflect.DelegatingMethodAccessorImpl.invoke(DelegatingMethodAccessorImpl.java:43)
Caused by: com.kms.katalon.core.exception.StepFailedException: Web element with id: 'Object Repository/Pricing-Test Plan Regresión Core/Page_Visualizar COMPLEMENTOS/modalBodyInfoComplemento' located by '//*[@div = 'data-v-b62db878' and @class = 'modal-body' and @id = 'complementView']' not found
	at com.kms.katalon.core.webui.keyword.internal.WebUIKeywordMain.stepFailed(WebUIKeywordMain.groovy:64)
	at com.kms.katalon.core.webui.keyword.builtin.VerifyElementVisibleKeyword$_verifyElementVisible_closure1.doCall(VerifyElementVisibleKeyword.groovy:89)
	at com.kms.katalon.core.webui.keyword.builtin.VerifyElementVisibleKeyword$_verifyElementVisible_closure1.call(VerifyElementVisibleKeyword.groovy)
	at com.kms.katalon.core.webui.keyword.internal.WebUIKeywordMain.runKeyword(WebUIKeywordMain.groovy:20)
	... 23 more


27-11-2024T16:17:54 - [TEST_STEP][PASSED] - openBrowser(""): Browser is opened with url: ''

27-11-2024T16:17:54 - [MESSAGE][WARNING] - A browser is already opened. Closing browser and opening a new one

27-11-2024T16:17:54 - [MESSAGE][INFO] - Starting 'Chrome' driver

27-11-2024T16:17:54 - [MESSAGE][INFO] - Action delay is set to 0 milliseconds

27-11-2024T16:17:55 - [MESSAGE][PASSED] - Browser is opened with url: ''

27-11-2024T16:17:55 - [TEST_STEP][PASSED] - navigateToUrl("https://pre-sales.recordgo.cloud/login"): Navigate to 'https://pre-sales.recordgo.cloud/login' successfully

27-11-2024T16:18:01 - [MESSAGE][PASSED] - Navigate to 'https://pre-sales.recordgo.cloud/login' successfully

27-11-2024T16:18:01 - [TEST_STEP][PASSED] - maximizeWindow(): Current window maximized

27-11-2024T16:18:01 - [MESSAGE][PASSED] - Current window maximized

27-11-2024T16:18:01 - [TEST_STEP][PASSED] - setText(findTestObject("Pricing-Test Plan Regresión Core/Page_Login/input_Log in to your account__username"), "antonio.diego"): Text 'antonio.diego' is set on object 'Object Repository/Pricing-Test Plan Regresión Core/Page_Login/input_Log in to your account__username'

27-11-2024T16:18:02 - [MESSAGE][PASSED] - Text 'antonio.diego' is set on object 'Object Repository/Pricing-Test Plan Regresión Core/Page_Login/input_Log in to your account__username'

27-11-2024T16:18:02 - [TEST_STEP][PASSED] - setEncryptedText(findTestObject("Object Repository/Pricing-Test Plan Regresión Core/Page_Login/input_Log in to your account__password"), "4WoE78dHD36JvULd0ZrVWg=="): Text ****** has been set on object 'Object Repository/Pricing-Test Plan Regresión Core/Page_Login/input_Log in to your account__password'

27-11-2024T16:18:02 - [MESSAGE][PASSED] - Text ****** has been set on object 'Object Repository/Pricing-Test Plan Regresión Core/Page_Login/input_Log in to your account__password'

27-11-2024T16:18:02 - [TEST_STEP][PASSED] - selectOptionByValue(findTestObject("Object Repository/Pricing-Test Plan Regresión Core/Page_Login/select_Select an option CANARY ISLAND"), "IC", true): All options with value 'IC' are selected in object 'Object Repository/Pricing-Test Plan Regresión Core/Page_Login/select_Select an option CANARY ISLAND'  using regular expression

27-11-2024T16:18:03 - [MESSAGE][PASSED] - All options with value 'IC' are selected in object 'Object Repository/Pricing-Test Plan Regresión Core/Page_Login/select_Select an option CANARY ISLAND'  using regular expression

27-11-2024T16:18:03 - [TEST_STEP][PASSED] - click(findTestObject("Pricing-Test Plan Regresión Core/Page_Login/button_Login")): Object: 'Object Repository/Pricing-Test Plan Regresión Core/Page_Login/button_Login' is clicked on

27-11-2024T16:18:15 - [MESSAGE][PASSED] - Object: 'Object Repository/Pricing-Test Plan Regresión Core/Page_Login/button_Login' is clicked on

27-11-2024T16:18:15 - [TEST_STEP][PASSED] - waitForElementVisible(findTestObject("Pricing-Test Plan Regresión Core/Page_PRICING/img"), 5): Object 'Object Repository/Pricing-Test Plan Regresión Core/Page_PRICING/img' is visible

27-11-2024T16:18:15 - [MESSAGE][PASSED] - Object 'Object Repository/Pricing-Test Plan Regresión Core/Page_PRICING/img' is visible

27-11-2024T16:18:15 - [TEST_STEP][PASSED] - waitForElementPresent(findTestObject("Pricing-Test Plan Regresión Core/Page_Visualizar COMPLEMENTOS/span_COMPLEMENTOS"), 5): Object 'Object Repository/Pricing-Test Plan Regresión Core/Page_Visualizar COMPLEMENTOS/span_COMPLEMENTOS' is present

27-11-2024T16:18:15 - [MESSAGE][PASSED] - Object 'Object Repository/Pricing-Test Plan Regresión Core/Page_Visualizar COMPLEMENTOS/span_COMPLEMENTOS' is present

27-11-2024T16:18:15 - [TEST_STEP][PASSED] - click(findTestObject("Object Repository/Pricing-Test Plan Regresión Core/Page_Visualizar COMPLEMENTOS/span_COMPLEMENTOS")): Object: 'Object Repository/Pricing-Test Plan Regresión Core/Page_Visualizar COMPLEMENTOS/span_COMPLEMENTOS' is clicked on

27-11-2024T16:18:16 - [MESSAGE][PASSED] - Object: 'Object Repository/Pricing-Test Plan Regresión Core/Page_Visualizar COMPLEMENTOS/span_COMPLEMENTOS' is clicked on

27-11-2024T16:18:16 - [TEST_STEP][PASSED] - waitForElementPresent(findTestObject("Pricing-Test Plan Regresión Core/Page_Visualizar COMPLEMENTOS/span_Complemento"), 5): Object 'Object Repository/Pricing-Test Plan Regresión Core/Page_Visualizar COMPLEMENTOS/span_Complemento' is present

27-11-2024T16:18:16 - [MESSAGE][PASSED] - Object 'Object Repository/Pricing-Test Plan Regresión Core/Page_Visualizar COMPLEMENTOS/span_Complemento' is present

27-11-2024T16:18:16 - [TEST_STEP][PASSED] - click(findTestObject("Object Repository/Pricing-Test Plan Regresión Core/Page_Visualizar COMPLEMENTOS/span_Complemento")): Object: 'Object Repository/Pricing-Test Plan Regresión Core/Page_Visualizar COMPLEMENTOS/span_Complemento' is clicked on

27-11-2024T16:18:16 - [MESSAGE][PASSED] - Object: 'Object Repository/Pricing-Test Plan Regresión Core/Page_Visualizar COMPLEMENTOS/span_Complemento' is clicked on

27-11-2024T16:18:16 - [TEST_STEP][PASSED] - waitForElementPresent(findTestObject("Pricing-Test Plan Regresión Core/Page_Visualizar COMPLEMENTOS/span_Visualizarmodificarclonar"), 5): Object 'Object Repository/Pricing-Test Plan Regresión Core/Page_Visualizar COMPLEMENTOS/span_Visualizarmodificarclonar' is present

27-11-2024T16:18:16 - [MESSAGE][PASSED] - Object 'Object Repository/Pricing-Test Plan Regresión Core/Page_Visualizar COMPLEMENTOS/span_Visualizarmodificarclonar' is present

27-11-2024T16:18:16 - [TEST_STEP][PASSED] - click(findTestObject("Object Repository/Pricing-Test Plan Regresión Core/Page_Visualizar COMPLEMENTOS/span_Visualizarmodificarclonar")): Object: 'Object Repository/Pricing-Test Plan Regresión Core/Page_Visualizar COMPLEMENTOS/span_Visualizarmodificarclonar' is clicked on

27-11-2024T16:18:33 - [MESSAGE][PASSED] - Object: 'Object Repository/Pricing-Test Plan Regresión Core/Page_Visualizar COMPLEMENTOS/span_Visualizarmodificarclonar' is clicked on

27-11-2024T16:18:33 - [TEST_STEP][PASSED] - waitForElementPresent(findTestObject("Pricing-Test Plan Regresión Core/Page_Visualizar COMPLEMENTOS/IconoHojaDetalleComplemento"), 5): Object 'Object Repository/Pricing-Test Plan Regresión Core/Page_Visualizar COMPLEMENTOS/IconoHojaDetalleComplemento' is present

27-11-2024T16:18:33 - [MESSAGE][PASSED] - Object 'Object Repository/Pricing-Test Plan Regresión Core/Page_Visualizar COMPLEMENTOS/IconoHojaDetalleComplemento' is present

27-11-2024T16:18:33 - [TEST_STEP][PASSED] - verifyElementPresent(findTestObject("Pricing-Test Plan Regresión Core/Page_Visualizar COMPLEMENTOS/IconoHojaDetalleComplemento"), 5): Object 'Object Repository/Pricing-Test Plan Regresión Core/Page_Visualizar COMPLEMENTOS/IconoHojaDetalleComplemento' is present

27-11-2024T16:18:33 - [MESSAGE][PASSED] - Object 'Object Repository/Pricing-Test Plan Regresión Core/Page_Visualizar COMPLEMENTOS/IconoHojaDetalleComplemento' is present

27-11-2024T16:18:33 - [TEST_STEP][PASSED] - doubleClick(findTestObject("Pricing-Test Plan Regresión Core/Page_Visualizar COMPLEMENTOS/IconoHojaDetalleComplemento")): Object: 'Object Repository/Pricing-Test Plan Regresión Core/Page_Visualizar COMPLEMENTOS/IconoHojaDetalleComplemento' is double clicked on

27-11-2024T16:18:33 - [MESSAGE][PASSED] - Object: 'Object Repository/Pricing-Test Plan Regresión Core/Page_Visualizar COMPLEMENTOS/IconoHojaDetalleComplemento' is double clicked on

27-11-2024T16:18:33 - [TEST_STEP][PASSED] - waitForElementPresent(findTestObject("Pricing-Test Plan Regresión Core/Page_Visualizar COMPLEMENTOS/h5_Histrico del complemento"), 5): Object 'Object Repository/Pricing-Test Plan Regresión Core/Page_Visualizar COMPLEMENTOS/h5_Histrico del complemento' is present

27-11-2024T16:18:35 - [MESSAGE][PASSED] - Object 'Object Repository/Pricing-Test Plan Regresión Core/Page_Visualizar COMPLEMENTOS/h5_Histrico del complemento' is present

27-11-2024T16:18:35 - [TEST_STEP][PASSED] - verifyElementPresent(findTestObject("Object Repository/Pricing-Test Plan Regresión Core/Page_Visualizar COMPLEMENTOS/h5_Histrico del complemento"), 5): Object 'Object Repository/Pricing-Test Plan Regresión Core/Page_Visualizar COMPLEMENTOS/h5_Histrico del complemento' is present

27-11-2024T16:18:35 - [MESSAGE][PASSED] - Object 'Object Repository/Pricing-Test Plan Regresión Core/Page_Visualizar COMPLEMENTOS/h5_Histrico del complemento' is present

27-11-2024T16:18:35 - [TEST_STEP][PASSED] - waitForElementPresent(findTestObject("Object Repository/Pricing-Test Plan Regresión Core/Page_Visualizar COMPLEMENTOS/div_id Complemento"), 5): Object 'Object Repository/Pricing-Test Plan Regresión Core/Page_Visualizar COMPLEMENTOS/div_id Complemento' is present

27-11-2024T16:18:35 - [MESSAGE][PASSED] - Object 'Object Repository/Pricing-Test Plan Regresión Core/Page_Visualizar COMPLEMENTOS/div_id Complemento' is present

27-11-2024T16:18:35 - [TEST_STEP][PASSED] - verifyElementPresent(findTestObject("Object Repository/Pricing-Test Plan Regresión Core/Page_Visualizar COMPLEMENTOS/div_id Complemento"), 5): Object 'Object Repository/Pricing-Test Plan Regresión Core/Page_Visualizar COMPLEMENTOS/div_id Complemento' is present

27-11-2024T16:18:35 - [MESSAGE][PASSED] - Object 'Object Repository/Pricing-Test Plan Regresión Core/Page_Visualizar COMPLEMENTOS/div_id Complemento' is present

27-11-2024T16:18:35 - [TEST_STEP][PASSED] - verifyElementPresent(findTestObject("Pricing-Test Plan Regresión Core/Page_Visualizar COMPLEMENTOS/IconoOjoHistoricoComplemento"), 5): Object 'Object Repository/Pricing-Test Plan Regresión Core/Page_Visualizar COMPLEMENTOS/IconoOjoHistoricoComplemento' is present

27-11-2024T16:18:36 - [MESSAGE][PASSED] - Object 'Object Repository/Pricing-Test Plan Regresión Core/Page_Visualizar COMPLEMENTOS/IconoOjoHistoricoComplemento' is present

27-11-2024T16:18:36 - [TEST_STEP][PASSED] - waitForElementPresent(findTestObject("Pricing-Test Plan Regresión Core/Page_Visualizar COMPLEMENTOS/IconoOjoHistoricoComplemento"), 5): Object 'Object Repository/Pricing-Test Plan Regresión Core/Page_Visualizar COMPLEMENTOS/IconoOjoHistoricoComplemento' is present

27-11-2024T16:18:36 - [MESSAGE][PASSED] - Object 'Object Repository/Pricing-Test Plan Regresión Core/Page_Visualizar COMPLEMENTOS/IconoOjoHistoricoComplemento' is present

27-11-2024T16:18:36 - [TEST_STEP][PASSED] - click(findTestObject("Pricing-Test Plan Regresión Core/Page_Visualizar COMPLEMENTOS/IconoOjoHistoricoComplemento")): Object: 'Object Repository/Pricing-Test Plan Regresión Core/Page_Visualizar COMPLEMENTOS/IconoOjoHistoricoComplemento' is clicked on

27-11-2024T16:18:36 - [MESSAGE][PASSED] - Object: 'Object Repository/Pricing-Test Plan Regresión Core/Page_Visualizar COMPLEMENTOS/IconoOjoHistoricoComplemento' is clicked on

27-11-2024T16:18:36 - [TEST_STEP][PASSED] - waitForElementPresent(findTestObject("Object Repository/Pricing-Test Plan Regresión Core/Page_Visualizar COMPLEMENTOS/h5_Versin seleccionada de complemento"), 5): Object 'Object Repository/Pricing-Test Plan Regresión Core/Page_Visualizar COMPLEMENTOS/h5_Versin seleccionada de complemento' is present

27-11-2024T16:18:36 - [MESSAGE][PASSED] - Object 'Object Repository/Pricing-Test Plan Regresión Core/Page_Visualizar COMPLEMENTOS/h5_Versin seleccionada de complemento' is present

27-11-2024T16:18:36 - [TEST_STEP][PASSED] - verifyElementPresent(findTestObject("Object Repository/Pricing-Test Plan Regresión Core/Page_Visualizar COMPLEMENTOS/h5_Versin seleccionada de complemento"), 5): Object 'Object Repository/Pricing-Test Plan Regresión Core/Page_Visualizar COMPLEMENTOS/h5_Versin seleccionada de complemento' is present

27-11-2024T16:18:37 - [MESSAGE][PASSED] - Object 'Object Repository/Pricing-Test Plan Regresión Core/Page_Visualizar COMPLEMENTOS/h5_Versin seleccionada de complemento' is present

27-11-2024T16:18:37 - [TEST_STEP][PASSED] - waitForElementPresent(findTestObject("Object Repository/Pricing-Test Plan Regresión Core/Page_Visualizar COMPLEMENTOS/modalBodyInfoComplemento"), 5): Object 'Object Repository/Pricing-Test Plan Regresión Core/Page_Visualizar COMPLEMENTOS/modalBodyInfoComplemento' is not present after 5 second(s)

27-11-2024T16:18:43 - [MESSAGE][INFO] - Unable to find the element located by 'By.xpath: //*[@div = 'data-v-b62db878' and @class = 'modal-body' and @id = 'complementView']'. Please recheck the objects properties to make sure the desired element is located. 

27-11-2024T16:18:43 - [MESSAGE][WARNING] - Object 'Object Repository/Pricing-Test Plan Regresión Core/Page_Visualizar COMPLEMENTOS/modalBodyInfoComplemento' is not present after 5 second(s)

27-11-2024T16:18:43 - [TEST_STEP][FAILED] - verifyElementVisible(findTestObject("Object Repository/Pricing-Test Plan Regresión Core/Page_Visualizar COMPLEMENTOS/modalBodyInfoComplemento"), STOP_ON_FAILURE): Unable to verify object 'Object Repository/Pricing-Test Plan Regresión Core/Page_Visualizar COMPLEMENTOS/modalBodyInfoComplemento' is visible (Root cause: com.kms.katalon.core.exception.StepFailedException: Unable to verify object 'Object Repository/Pricing-Test Plan Regresión Core/Page_Visualizar COMPLEMENTOS/modalBodyInfoComplemento' is visible
	at com.kms.katalon.core.webui.keyword.internal.WebUIKeywordMain.stepFailed(WebUIKeywordMain.groovy:64)
	at com.kms.katalon.core.webui.keyword.internal.WebUIKeywordMain.runKeyword(WebUIKeywordMain.groovy:26)
	at com.kms.katalon.core.webui.keyword.builtin.VerifyElementVisibleKeyword.verifyElementVisible(VerifyElementVisibleKeyword.groovy:97)
	at com.kms.katalon.core.webui.keyword.builtin.VerifyElementVisibleKeyword.execute(VerifyElementVisibleKeyword.groovy:67)
	at com.kms.katalon.core.keyword.internal.KeywordExecutor.executeKeywordForPlatform(KeywordExecutor.groovy:74)
	at com.kms.katalon.core.webui.keyword.WebUiBuiltInKeywords.verifyElementVisible(WebUiBuiltInKeywords.groovy:401)
	at P25-2173-COMPLEMENTOS-Visualizar Hoja Detalle de complemento.run(P25-2173-COMPLEMENTOS-Visualizar Hoja Detalle de complemento:90)
	at com.kms.katalon.core.main.ScriptEngine.run(ScriptEngine.java:194)
	at com.kms.katalon.core.main.ScriptEngine.runScriptAsRawText(ScriptEngine.java:119)
	at com.kms.katalon.core.main.TestCaseExecutor.runScript(TestCaseExecutor.java:448)
	at com.kms.katalon.core.main.TestCaseExecutor.doExecute(TestCaseExecutor.java:439)
	at com.kms.katalon.core.main.TestCaseExecutor.processExecutionPhase(TestCaseExecutor.java:418)
	at com.kms.katalon.core.main.TestCaseExecutor.accessMainPhase(TestCaseExecutor.java:410)
	at com.kms.katalon.core.main.TestCaseExecutor.execute(TestCaseExecutor.java:285)
	at com.kms.katalon.core.main.TestCaseExecutor.execute(TestCaseExecutor.java:369)
	at com.kms.katalon.core.main.TestCaseExecutor.execute(TestCaseExecutor.java:369)
	at com.kms.katalon.core.main.TestCaseExecutor.execute(TestCaseExecutor.java:369)
	at com.kms.katalon.core.common.CommonExecutor.accessTestCaseMainPhase(CommonExecutor.java:65)
	at com.kms.katalon.core.main.TestSuiteExecutor.accessTestSuiteMainPhase(TestSuiteExecutor.java:150)
	at com.kms.katalon.core.main.TestSuiteExecutor.execute(TestSuiteExecutor.java:106)
	at com.kms.katalon.core.main.TestCaseMain.startTestSuite(TestCaseMain.java:180)
	at TempTestSuite1732719871317.run(TempTestSuite1732719871317.groovy:35)
	at java.base/jdk.internal.reflect.NativeMethodAccessorImpl.invoke0(Native Method)
	at java.base/jdk.internal.reflect.NativeMethodAccessorImpl.invoke(NativeMethodAccessorImpl.java:77)
	at java.base/jdk.internal.reflect.DelegatingMethodAccessorImpl.invoke(DelegatingMethodAccessorImpl.java:43)
Caused by: com.kms.katalon.core.exception.StepFailedException: Web element with id: 'Object Repository/Pricing-Test Plan Regresión Core/Page_Visualizar COMPLEMENTOS/modalBodyInfoComplemento' located by '//*[@div = 'data-v-b62db878' and @class = 'modal-body' and @id = 'complementView']' not found
	at com.kms.katalon.core.webui.keyword.internal.WebUIKeywordMain.stepFailed(WebUIKeywordMain.groovy:64)
	at com.kms.katalon.core.webui.keyword.builtin.VerifyElementVisibleKeyword$_verifyElementVisible_closure1.doCall(VerifyElementVisibleKeyword.groovy:89)
	at com.kms.katalon.core.webui.keyword.builtin.VerifyElementVisibleKeyword$_verifyElementVisible_closure1.call(VerifyElementVisibleKeyword.groovy)
	at com.kms.katalon.core.webui.keyword.internal.WebUIKeywordMain.runKeyword(WebUIKeywordMain.groovy:20)
	... 23 more
)

27-11-2024T16:19:14 - [MESSAGE][INFO] - Unable to find the element located by 'By.xpath: //*[@div = 'data-v-b62db878' and @class = 'modal-body' and @id = 'complementView']'. Please recheck the objects properties to make sure the desired element is located. 

27-11-2024T16:19:14 - [MESSAGE][FAILED] - Web element with id: 'Object Repository/Pricing-Test Plan Regresión Core/Page_Visualizar COMPLEMENTOS/modalBodyInfoComplemento' located by '//*[@div = 'data-v-b62db878' and @class = 'modal-body' and @id = 'complementView']' not found (Root cause: com.kms.katalon.core.exception.StepFailedException: Web element with id: 'Object Repository/Pricing-Test Plan Regresión Core/Page_Visualizar COMPLEMENTOS/modalBodyInfoComplemento' located by '//*[@div = 'data-v-b62db878' and @class = 'modal-body' and @id = 'complementView']' not found
	at com.kms.katalon.core.webui.keyword.internal.WebUIKeywordMain.stepFailed(WebUIKeywordMain.groovy:64)
	at com.kms.katalon.core.webui.keyword.builtin.VerifyElementVisibleKeyword$_verifyElementVisible_closure1.doCall(VerifyElementVisibleKeyword.groovy:89)
	at com.kms.katalon.core.webui.keyword.builtin.VerifyElementVisibleKeyword$_verifyElementVisible_closure1.call(VerifyElementVisibleKeyword.groovy)
	at com.kms.katalon.core.webui.keyword.internal.WebUIKeywordMain.runKeyword(WebUIKeywordMain.groovy:20)
	at com.kms.katalon.core.webui.keyword.builtin.VerifyElementVisibleKeyword.verifyElementVisible(VerifyElementVisibleKeyword.groovy:97)
	at com.kms.katalon.core.webui.keyword.builtin.VerifyElementVisibleKeyword.execute(VerifyElementVisibleKeyword.groovy:67)
	at com.kms.katalon.core.keyword.internal.KeywordExecutor.executeKeywordForPlatform(KeywordExecutor.groovy:74)
	at com.kms.katalon.core.webui.keyword.WebUiBuiltInKeywords.verifyElementVisible(WebUiBuiltInKeywords.groovy:401)
	at P25-2173-COMPLEMENTOS-Visualizar Hoja Detalle de complemento.run(P25-2173-COMPLEMENTOS-Visualizar Hoja Detalle de complemento:90)
	at com.kms.katalon.core.main.ScriptEngine.run(ScriptEngine.java:194)
	at com.kms.katalon.core.main.ScriptEngine.runScriptAsRawText(ScriptEngine.java:119)
	at com.kms.katalon.core.main.TestCaseExecutor.runScript(TestCaseExecutor.java:448)
	at com.kms.katalon.core.main.TestCaseExecutor.doExecute(TestCaseExecutor.java:439)
	at com.kms.katalon.core.main.TestCaseExecutor.processExecutionPhase(TestCaseExecutor.java:418)
	at com.kms.katalon.core.main.TestCaseExecutor.accessMainPhase(TestCaseExecutor.java:410)
	at com.kms.katalon.core.main.TestCaseExecutor.execute(TestCaseExecutor.java:285)
	at com.kms.katalon.core.main.TestCaseExecutor.execute(TestCaseExecutor.java:369)
	at com.kms.katalon.core.main.TestCaseExecutor.execute(TestCaseExecutor.java:369)
	at com.kms.katalon.core.main.TestCaseExecutor.execute(TestCaseExecutor.java:369)
	at com.kms.katalon.core.common.CommonExecutor.accessTestCaseMainPhase(CommonExecutor.java:65)
	at com.kms.katalon.core.main.TestSuiteExecutor.accessTestSuiteMainPhase(TestSuiteExecutor.java:150)
	at com.kms.katalon.core.main.TestSuiteExecutor.execute(TestSuiteExecutor.java:106)
	at com.kms.katalon.core.main.TestCaseMain.startTestSuite(TestCaseMain.java:180)
	at TempTestSuite1732719871317.run(TempTestSuite1732719871317.groovy:35)
	at java.base/jdk.internal.reflect.NativeMethodAccessorImpl.invoke0(Native Method)
	at java.base/jdk.internal.reflect.NativeMethodAccessorImpl.invoke(NativeMethodAccessorImpl.java:77)
	at java.base/jdk.internal.reflect.DelegatingMethodAccessorImpl.invoke(DelegatingMethodAccessorImpl.java:43)
)
[[ATTACHMENT|/Users/afernandezd/Katalon Studio/Pricing-PrimeraPrueba/Reports/20241127_160430/PRICING-Test Plan Regresi\u00F3n Core/20241127_160431/1732720754365.png]]

27-11-2024T16:19:14 - [MESSAGE][FAILED] - Unable to verify object 'Object Repository/Pricing-Test Plan Regresión Core/Page_Visualizar COMPLEMENTOS/modalBodyInfoComplemento' is visible (Root cause: com.kms.katalon.core.exception.StepFailedException: Unable to verify object 'Object Repository/Pricing-Test Plan Regresión Core/Page_Visualizar COMPLEMENTOS/modalBodyInfoComplemento' is visible
	at com.kms.katalon.core.webui.keyword.internal.WebUIKeywordMain.stepFailed(WebUIKeywordMain.groovy:64)
	at com.kms.katalon.core.webui.keyword.internal.WebUIKeywordMain.runKeyword(WebUIKeywordMain.groovy:26)
	at com.kms.katalon.core.webui.keyword.builtin.VerifyElementVisibleKeyword.verifyElementVisible(VerifyElementVisibleKeyword.groovy:97)
	at com.kms.katalon.core.webui.keyword.builtin.VerifyElementVisibleKeyword.execute(VerifyElementVisibleKeyword.groovy:67)
	at com.kms.katalon.core.keyword.internal.KeywordExecutor.executeKeywordForPlatform(KeywordExecutor.groovy:74)
	at com.kms.katalon.core.webui.keyword.WebUiBuiltInKeywords.verifyElementVisible(WebUiBuiltInKeywords.groovy:401)
	at P25-2173-COMPLEMENTOS-Visualizar Hoja Detalle de complemento.run(P25-2173-COMPLEMENTOS-Visualizar Hoja Detalle de complemento:90)
	at com.kms.katalon.core.main.ScriptEngine.run(ScriptEngine.java:194)
	at com.kms.katalon.core.main.ScriptEngine.runScriptAsRawText(ScriptEngine.java:119)
	at com.kms.katalon.core.main.TestCaseExecutor.runScript(TestCaseExecutor.java:448)
	at com.kms.katalon.core.main.TestCaseExecutor.doExecute(TestCaseExecutor.java:439)
	at com.kms.katalon.core.main.TestCaseExecutor.processExecutionPhase(TestCaseExecutor.java:418)
	at com.kms.katalon.core.main.TestCaseExecutor.accessMainPhase(TestCaseExecutor.java:410)
	at com.kms.katalon.core.main.TestCaseExecutor.execute(TestCaseExecutor.java:285)
	at com.kms.katalon.core.main.TestCaseExecutor.execute(TestCaseExecutor.java:369)
	at com.kms.katalon.core.main.TestCaseExecutor.execute(TestCaseExecutor.java:369)
	at com.kms.katalon.core.main.TestCaseExecutor.execute(TestCaseExecutor.java:369)
	at com.kms.katalon.core.common.CommonExecutor.accessTestCaseMainPhase(CommonExecutor.java:65)
	at com.kms.katalon.core.main.TestSuiteExecutor.accessTestSuiteMainPhase(TestSuiteExecutor.java:150)
	at com.kms.katalon.core.main.TestSuiteExecutor.execute(TestSuiteExecutor.java:106)
	at com.kms.katalon.core.main.TestCaseMain.startTestSuite(TestCaseMain.java:180)
	at TempTestSuite1732719871317.run(TempTestSuite1732719871317.groovy:35)
	at java.base/jdk.internal.reflect.NativeMethodAccessorImpl.invoke0(Native Method)
	at java.base/jdk.internal.reflect.NativeMethodAccessorImpl.invoke(NativeMethodAccessorImpl.java:77)
	at java.base/jdk.internal.reflect.DelegatingMethodAccessorImpl.invoke(DelegatingMethodAccessorImpl.java:43)
Caused by: com.kms.katalon.core.exception.StepFailedException: Web element with id: 'Object Repository/Pricing-Test Plan Regresión Core/Page_Visualizar COMPLEMENTOS/modalBodyInfoComplemento' located by '//*[@div = 'data-v-b62db878' and @class = 'modal-body' and @id = 'complementView']' not found
	at com.kms.katalon.core.webui.keyword.internal.WebUIKeywordMain.stepFailed(WebUIKeywordMain.groovy:64)
	at com.kms.katalon.core.webui.keyword.builtin.VerifyElementVisibleKeyword$_verifyElementVisible_closure1.doCall(VerifyElementVisibleKeyword.groovy:89)
	at com.kms.katalon.core.webui.keyword.builtin.VerifyElementVisibleKeyword$_verifyElementVisible_closure1.call(VerifyElementVisibleKeyword.groovy)
	at com.kms.katalon.core.webui.keyword.internal.WebUIKeywordMain.runKeyword(WebUIKeywordMain.groovy:20)
	... 23 more
)
[[ATTACHMENT|/Users/afernandezd/Katalon Studio/Pricing-PrimeraPrueba/Reports/20241127_160430/PRICING-Test Plan Regresi\u00F3n Core/20241127_160431/1732720754524.png]]]]></system-out>
         <system-err><![CDATA[27-11-2024T16:17:54 - [TEST_CASE][FAILED] - Test Cases/PRICING-Test Plan Regresión Core/P25-2173-COMPLEMENTOS-Visualizar Hoja Detalle de complemento: Test Cases/PRICING-Test Plan Regresión Core/P25-2173-COMPLEMENTOS-Visualizar Hoja Detalle de complemento FAILED.
Reason:
com.kms.katalon.core.exception.StepFailedException: Unable to verify object 'Object Repository/Pricing-Test Plan Regresión Core/Page_Visualizar COMPLEMENTOS/modalBodyInfoComplemento' is visible
	at com.kms.katalon.core.webui.keyword.internal.WebUIKeywordMain.stepFailed(WebUIKeywordMain.groovy:64)
	at com.kms.katalon.core.webui.keyword.internal.WebUIKeywordMain.runKeyword(WebUIKeywordMain.groovy:26)
	at com.kms.katalon.core.webui.keyword.builtin.VerifyElementVisibleKeyword.verifyElementVisible(VerifyElementVisibleKeyword.groovy:97)
	at com.kms.katalon.core.webui.keyword.builtin.VerifyElementVisibleKeyword.execute(VerifyElementVisibleKeyword.groovy:67)
	at com.kms.katalon.core.keyword.internal.KeywordExecutor.executeKeywordForPlatform(KeywordExecutor.groovy:74)
	at com.kms.katalon.core.webui.keyword.WebUiBuiltInKeywords.verifyElementVisible(WebUiBuiltInKeywords.groovy:401)
	at P25-2173-COMPLEMENTOS-Visualizar Hoja Detalle de complemento.run(P25-2173-COMPLEMENTOS-Visualizar Hoja Detalle de complemento:90)
	at com.kms.katalon.core.main.ScriptEngine.run(ScriptEngine.java:194)
	at com.kms.katalon.core.main.ScriptEngine.runScriptAsRawText(ScriptEngine.java:119)
	at com.kms.katalon.core.main.TestCaseExecutor.runScript(TestCaseExecutor.java:448)
	at com.kms.katalon.core.main.TestCaseExecutor.doExecute(TestCaseExecutor.java:439)
	at com.kms.katalon.core.main.TestCaseExecutor.processExecutionPhase(TestCaseExecutor.java:418)
	at com.kms.katalon.core.main.TestCaseExecutor.accessMainPhase(TestCaseExecutor.java:410)
	at com.kms.katalon.core.main.TestCaseExecutor.execute(TestCaseExecutor.java:285)
	at com.kms.katalon.core.main.TestCaseExecutor.execute(TestCaseExecutor.java:369)
	at com.kms.katalon.core.main.TestCaseExecutor.execute(TestCaseExecutor.java:369)
	at com.kms.katalon.core.main.TestCaseExecutor.execute(TestCaseExecutor.java:369)
	at com.kms.katalon.core.common.CommonExecutor.accessTestCaseMainPhase(CommonExecutor.java:65)
	at com.kms.katalon.core.main.TestSuiteExecutor.accessTestSuiteMainPhase(TestSuiteExecutor.java:150)
	at com.kms.katalon.core.main.TestSuiteExecutor.execute(TestSuiteExecutor.java:106)
	at com.kms.katalon.core.main.TestCaseMain.startTestSuite(TestCaseMain.java:180)
	at TempTestSuite1732719871317.run(TempTestSuite1732719871317.groovy:35)
	at java.base/jdk.internal.reflect.NativeMethodAccessorImpl.invoke0(Native Method)
	at java.base/jdk.internal.reflect.NativeMethodAccessorImpl.invoke(NativeMethodAccessorImpl.java:77)
	at java.base/jdk.internal.reflect.DelegatingMethodAccessorImpl.invoke(DelegatingMethodAccessorImpl.java:43)
Caused by: com.kms.katalon.core.exception.StepFailedException: Web element with id: 'Object Repository/Pricing-Test Plan Regresión Core/Page_Visualizar COMPLEMENTOS/modalBodyInfoComplemento' located by '//*[@div = 'data-v-b62db878' and @class = 'modal-body' and @id = 'complementView']' not found
	at com.kms.katalon.core.webui.keyword.internal.WebUIKeywordMain.stepFailed(WebUIKeywordMain.groovy:64)
	at com.kms.katalon.core.webui.keyword.builtin.VerifyElementVisibleKeyword$_verifyElementVisible_closure1.doCall(VerifyElementVisibleKeyword.groovy:89)
	at com.kms.katalon.core.webui.keyword.builtin.VerifyElementVisibleKeyword$_verifyElementVisible_closure1.call(VerifyElementVisibleKeyword.groovy)
	at com.kms.katalon.core.webui.keyword.internal.WebUIKeywordMain.runKeyword(WebUIKeywordMain.groovy:20)
	... 23 more]]></system-err>
      </testcase>
      <testcase name="Test Cases/PRICING-Test Plan Regresión Core/P25-2248-COMPLEMENTOS-Visualizar Detalle de complemento" time="53.721" classname="Test Cases/PRICING-Test Plan Regresión Core/P25-2248-COMPLEMENTOS-Visualizar Detalle de complemento" status="PASSED">
         <system-out><![CDATA[27-11-2024T16:19:14 - [TEST_CASE][PASSED] - Test Cases/PRICING-Test Plan Regresión Core/P25-2248-COMPLEMENTOS-Visualizar Detalle de complemento: Test Cases/PRICING-Test Plan Regresión Core/P25-2248-COMPLEMENTOS-Visualizar Detalle de complemento

27-11-2024T16:19:14 - [TEST_STEP][PASSED] - openBrowser(""): Browser is opened with url: ''

27-11-2024T16:19:14 - [MESSAGE][WARNING] - A browser is already opened. Closing browser and opening a new one

27-11-2024T16:19:14 - [MESSAGE][INFO] - Starting 'Chrome' driver

27-11-2024T16:19:14 - [MESSAGE][INFO] - Action delay is set to 0 milliseconds

27-11-2024T16:19:15 - [MESSAGE][PASSED] - Browser is opened with url: ''

27-11-2024T16:19:15 - [TEST_STEP][PASSED] - navigateToUrl("https://pre-sales.recordgo.cloud/login"): Navigate to 'https://pre-sales.recordgo.cloud/login' successfully

27-11-2024T16:19:21 - [MESSAGE][PASSED] - Navigate to 'https://pre-sales.recordgo.cloud/login' successfully

27-11-2024T16:19:21 - [TEST_STEP][PASSED] - maximizeWindow(): Current window maximized

27-11-2024T16:19:21 - [MESSAGE][PASSED] - Current window maximized

27-11-2024T16:19:21 - [TEST_STEP][PASSED] - setText(findTestObject("Pricing-Test Plan Regresión Core/Page_Login/input_Log in to your account__username"), "antonio.diego"): Text 'antonio.diego' is set on object 'Object Repository/Pricing-Test Plan Regresión Core/Page_Login/input_Log in to your account__username'

27-11-2024T16:19:22 - [MESSAGE][PASSED] - Text 'antonio.diego' is set on object 'Object Repository/Pricing-Test Plan Regresión Core/Page_Login/input_Log in to your account__username'

27-11-2024T16:19:22 - [TEST_STEP][PASSED] - setEncryptedText(findTestObject("Object Repository/Pricing-Test Plan Regresión Core/Page_Login/input_Log in to your account__password"), "4WoE78dHD36JvULd0ZrVWg=="): Text ****** has been set on object 'Object Repository/Pricing-Test Plan Regresión Core/Page_Login/input_Log in to your account__password'

27-11-2024T16:19:22 - [MESSAGE][PASSED] - Text ****** has been set on object 'Object Repository/Pricing-Test Plan Regresión Core/Page_Login/input_Log in to your account__password'

27-11-2024T16:19:22 - [TEST_STEP][PASSED] - selectOptionByValue(findTestObject("Object Repository/Pricing-Test Plan Regresión Core/Page_Login/select_Select an option CANARY ISLAND"), "IC", true): All options with value 'IC' are selected in object 'Object Repository/Pricing-Test Plan Regresión Core/Page_Login/select_Select an option CANARY ISLAND'  using regular expression

27-11-2024T16:19:23 - [MESSAGE][PASSED] - All options with value 'IC' are selected in object 'Object Repository/Pricing-Test Plan Regresión Core/Page_Login/select_Select an option CANARY ISLAND'  using regular expression

27-11-2024T16:19:23 - [TEST_STEP][PASSED] - click(findTestObject("Pricing-Test Plan Regresión Core/Page_Login/button_Login")): Object: 'Object Repository/Pricing-Test Plan Regresión Core/Page_Login/button_Login' is clicked on

27-11-2024T16:19:54 - [MESSAGE][PASSED] - Object: 'Object Repository/Pricing-Test Plan Regresión Core/Page_Login/button_Login' is clicked on

27-11-2024T16:19:54 - [TEST_STEP][PASSED] - waitForElementVisible(findTestObject("Pricing-Test Plan Regresión Core/Page_PRICING/img"), 5): Object 'Object Repository/Pricing-Test Plan Regresión Core/Page_PRICING/img' is visible

27-11-2024T16:19:55 - [MESSAGE][PASSED] - Object 'Object Repository/Pricing-Test Plan Regresión Core/Page_PRICING/img' is visible

27-11-2024T16:19:55 - [TEST_STEP][PASSED] - verifyElementVisible(findTestObject("Object Repository/Pricing-Test Plan Regresión Core/Page_PRICING/img")): Object 'Object Repository/Pricing-Test Plan Regresión Core/Page_PRICING/img' is visible

27-11-2024T16:19:55 - [MESSAGE][PASSED] - Object 'Object Repository/Pricing-Test Plan Regresión Core/Page_PRICING/img' is visible

27-11-2024T16:19:55 - [TEST_STEP][PASSED] - waitForElementPresent(findTestObject("Pricing-Test Plan Regresión Core/Page_Visualizar COMPLEMENTOS/span_COMPLEMENTOS"), 5): Object 'Object Repository/Pricing-Test Plan Regresión Core/Page_Visualizar COMPLEMENTOS/span_COMPLEMENTOS' is present

27-11-2024T16:19:55 - [MESSAGE][PASSED] - Object 'Object Repository/Pricing-Test Plan Regresión Core/Page_Visualizar COMPLEMENTOS/span_COMPLEMENTOS' is present

27-11-2024T16:19:55 - [TEST_STEP][PASSED] - click(findTestObject("Object Repository/Pricing-Test Plan Regresión Core/Page_Visualizar COMPLEMENTOS/span_COMPLEMENTOS")): Object: 'Object Repository/Pricing-Test Plan Regresión Core/Page_Visualizar COMPLEMENTOS/span_COMPLEMENTOS' is clicked on

27-11-2024T16:19:55 - [MESSAGE][PASSED] - Object: 'Object Repository/Pricing-Test Plan Regresión Core/Page_Visualizar COMPLEMENTOS/span_COMPLEMENTOS' is clicked on

27-11-2024T16:19:55 - [TEST_STEP][PASSED] - waitForElementPresent(findTestObject("Pricing-Test Plan Regresión Core/Page_Visualizar COMPLEMENTOS/span_Complemento"), 5): Object 'Object Repository/Pricing-Test Plan Regresión Core/Page_Visualizar COMPLEMENTOS/span_Complemento' is present

27-11-2024T16:19:55 - [MESSAGE][PASSED] - Object 'Object Repository/Pricing-Test Plan Regresión Core/Page_Visualizar COMPLEMENTOS/span_Complemento' is present

27-11-2024T16:19:55 - [TEST_STEP][PASSED] - click(findTestObject("Object Repository/Pricing-Test Plan Regresión Core/Page_Visualizar COMPLEMENTOS/span_Complemento")): Object: 'Object Repository/Pricing-Test Plan Regresión Core/Page_Visualizar COMPLEMENTOS/span_Complemento' is clicked on

27-11-2024T16:19:56 - [MESSAGE][PASSED] - Object: 'Object Repository/Pricing-Test Plan Regresión Core/Page_Visualizar COMPLEMENTOS/span_Complemento' is clicked on

27-11-2024T16:19:56 - [TEST_STEP][PASSED] - waitForElementPresent(findTestObject("Pricing-Test Plan Regresión Core/Page_Visualizar COMPLEMENTOS/span_Visualizarmodificarclonar"), 5): Object 'Object Repository/Pricing-Test Plan Regresión Core/Page_Visualizar COMPLEMENTOS/span_Visualizarmodificarclonar' is present

27-11-2024T16:19:56 - [MESSAGE][PASSED] - Object 'Object Repository/Pricing-Test Plan Regresión Core/Page_Visualizar COMPLEMENTOS/span_Visualizarmodificarclonar' is present

27-11-2024T16:19:56 - [TEST_STEP][PASSED] - click(findTestObject("Object Repository/Pricing-Test Plan Regresión Core/Page_Visualizar COMPLEMENTOS/span_Visualizarmodificarclonar")): Object: 'Object Repository/Pricing-Test Plan Regresión Core/Page_Visualizar COMPLEMENTOS/span_Visualizarmodificarclonar' is clicked on

27-11-2024T16:20:00 - [MESSAGE][PASSED] - Object: 'Object Repository/Pricing-Test Plan Regresión Core/Page_Visualizar COMPLEMENTOS/span_Visualizarmodificarclonar' is clicked on

27-11-2024T16:20:00 - [TEST_STEP][PASSED] - waitForElementPresent(findTestObject("Pricing-Test Plan Regresión Core/Page_Visualizar COMPLEMENTOS/Button_Filtros_Desplegable"), 5): Object 'Object Repository/Pricing-Test Plan Regresión Core/Page_Visualizar COMPLEMENTOS/Button_Filtros_Desplegable' is present

27-11-2024T16:20:00 - [MESSAGE][PASSED] - Object 'Object Repository/Pricing-Test Plan Regresión Core/Page_Visualizar COMPLEMENTOS/Button_Filtros_Desplegable' is present

27-11-2024T16:20:00 - [TEST_STEP][PASSED] - verifyElementPresent(findTestObject("Pricing-Test Plan Regresión Core/Page_Visualizar COMPLEMENTOS/Button_Filtros_Desplegable"), 5): Object 'Object Repository/Pricing-Test Plan Regresión Core/Page_Visualizar COMPLEMENTOS/Button_Filtros_Desplegable' is present

27-11-2024T16:20:01 - [MESSAGE][PASSED] - Object 'Object Repository/Pricing-Test Plan Regresión Core/Page_Visualizar COMPLEMENTOS/Button_Filtros_Desplegable' is present

27-11-2024T16:20:01 - [TEST_STEP][PASSED] - waitForElementPresent(findTestObject("Pricing-Test Plan Regresión Core/Page_Visualizar COMPLEMENTOS/i_active_flaticon-eye"), 5): Object 'Object Repository/Pricing-Test Plan Regresión Core/Page_Visualizar COMPLEMENTOS/i_active_flaticon-eye' is present

27-11-2024T16:20:01 - [MESSAGE][PASSED] - Object 'Object Repository/Pricing-Test Plan Regresión Core/Page_Visualizar COMPLEMENTOS/i_active_flaticon-eye' is present

27-11-2024T16:20:01 - [TEST_STEP][PASSED] - verifyElementPresent(findTestObject("Pricing-Test Plan Regresión Core/Page_Visualizar COMPLEMENTOS/i_active_flaticon-eye"), 5): Object 'Object Repository/Pricing-Test Plan Regresión Core/Page_Visualizar COMPLEMENTOS/i_active_flaticon-eye' is present

27-11-2024T16:20:01 - [MESSAGE][PASSED] - Object 'Object Repository/Pricing-Test Plan Regresión Core/Page_Visualizar COMPLEMENTOS/i_active_flaticon-eye' is present

27-11-2024T16:20:01 - [TEST_STEP][PASSED] - doubleClick(findTestObject("Pricing-Test Plan Regresión Core/Page_Visualizar COMPLEMENTOS/i_active_flaticon-eye")): Object: 'Object Repository/Pricing-Test Plan Regresión Core/Page_Visualizar COMPLEMENTOS/i_active_flaticon-eye' is double clicked on

27-11-2024T16:20:03 - [MESSAGE][PASSED] - Object: 'Object Repository/Pricing-Test Plan Regresión Core/Page_Visualizar COMPLEMENTOS/i_active_flaticon-eye' is double clicked on

27-11-2024T16:20:03 - [TEST_STEP][PASSED] - waitForElementPresent(findTestObject("Pricing-Test Plan Regresión Core/Page_Visualizar COMPLEMENTOS/h3_Complemento"), 5): Object 'Object Repository/Pricing-Test Plan Regresión Core/Page_Visualizar COMPLEMENTOS/h3_Complemento' is present

27-11-2024T16:20:04 - [MESSAGE][PASSED] - Object 'Object Repository/Pricing-Test Plan Regresión Core/Page_Visualizar COMPLEMENTOS/h3_Complemento' is present

27-11-2024T16:20:04 - [TEST_STEP][PASSED] - verifyElementPresent(findTestObject("Pricing-Test Plan Regresión Core/Page_Visualizar COMPLEMENTOS/h3_Complemento"), 5): Object 'Object Repository/Pricing-Test Plan Regresión Core/Page_Visualizar COMPLEMENTOS/h3_Complemento' is present

27-11-2024T16:20:04 - [MESSAGE][PASSED] - Object 'Object Repository/Pricing-Test Plan Regresión Core/Page_Visualizar COMPLEMENTOS/h3_Complemento' is present

27-11-2024T16:20:04 - [TEST_STEP][PASSED] - waitForElementPresent(findTestObject("Object Repository/Pricing-Test Plan Regresión Core/Page_Visualizar COMPLEMENTOS/a_Ir al listado"), 5): Object 'Object Repository/Pricing-Test Plan Regresión Core/Page_Visualizar COMPLEMENTOS/a_Ir al listado' is present

27-11-2024T16:20:04 - [MESSAGE][PASSED] - Object 'Object Repository/Pricing-Test Plan Regresión Core/Page_Visualizar COMPLEMENTOS/a_Ir al listado' is present

27-11-2024T16:20:04 - [TEST_STEP][PASSED] - verifyElementPresent(findTestObject("Object Repository/Pricing-Test Plan Regresión Core/Page_Visualizar COMPLEMENTOS/a_Ir al listado"), 5): Object 'Object Repository/Pricing-Test Plan Regresión Core/Page_Visualizar COMPLEMENTOS/a_Ir al listado' is present

27-11-2024T16:20:04 - [MESSAGE][PASSED] - Object 'Object Repository/Pricing-Test Plan Regresión Core/Page_Visualizar COMPLEMENTOS/a_Ir al listado' is present

27-11-2024T16:20:04 - [TEST_STEP][PASSED] - focus(findTestObject("Pricing-Test Plan Regresión Core/Page_Visualizar COMPLEMENTOS/a_Ir al listado")): Object: 'Object Repository/Pricing-Test Plan Regresión Core/Page_Visualizar COMPLEMENTOS/a_Ir al listado' is focused

27-11-2024T16:20:05 - [MESSAGE][PASSED] - Object: 'Object Repository/Pricing-Test Plan Regresión Core/Page_Visualizar COMPLEMENTOS/a_Ir al listado' is focused

27-11-2024T16:20:05 - [TEST_STEP][PASSED] - click(findTestObject("Object Repository/Pricing-Test Plan Regresión Core/Page_Visualizar COMPLEMENTOS/a_Ir al listado")): Object: 'Object Repository/Pricing-Test Plan Regresión Core/Page_Visualizar COMPLEMENTOS/a_Ir al listado' is clicked on

27-11-2024T16:20:06 - [MESSAGE][PASSED] - Object: 'Object Repository/Pricing-Test Plan Regresión Core/Page_Visualizar COMPLEMENTOS/a_Ir al listado' is clicked on

27-11-2024T16:20:06 - [TEST_STEP][PASSED] - waitForElementPresent(findTestObject("Pricing-Test Plan Regresión Core/Page_Visualizar PRODUCTOS/h1_Registros totales"), 5): Object 'Object Repository/Pricing-Test Plan Regresión Core/Page_Visualizar PRODUCTOS/h1_Registros totales' is present

27-11-2024T16:20:07 - [MESSAGE][PASSED] - Object 'Object Repository/Pricing-Test Plan Regresión Core/Page_Visualizar PRODUCTOS/h1_Registros totales' is present

27-11-2024T16:20:07 - [TEST_STEP][PASSED] - takeScreenshot("P25-2248"): Taking screenshot successfully

27-11-2024T16:20:08 - [MESSAGE][PASSED] - Taking screenshot successfully
[[ATTACHMENT|/Users/afernandezd/Katalon Studio/Pricing-PrimeraPrueba/Reports/20241127_160430/PRICING-Test Plan Regresi\u00F3n Core/20241127_160431/P25-2248]]

27-11-2024T16:20:08 - [TEST_STEP][PASSED] - verifyElementPresent(findTestObject("Pricing-Test Plan Regresión Core/Page_Visualizar PRODUCTOS/h1_Registros totales"), 5): Object 'Object Repository/Pricing-Test Plan Regresión Core/Page_Visualizar PRODUCTOS/h1_Registros totales' is present

27-11-2024T16:20:08 - [MESSAGE][PASSED] - Object 'Object Repository/Pricing-Test Plan Regresión Core/Page_Visualizar PRODUCTOS/h1_Registros totales' is present

27-11-2024T16:20:08 - [TEST_STEP][PASSED] - closeBrowser(): Browser is closed

27-11-2024T16:20:08 - [MESSAGE][PASSED] - Browser is closed]]></system-out>
         <system-err><![CDATA[]]></system-err>
      </testcase>
      <testcase name="Test Cases/PRICING-Test Plan Regresión Core/P25-2175-COMPLEMENTOS-Visualizar tarifa de complementos" time="34.302" classname="Test Cases/PRICING-Test Plan Regresión Core/P25-2175-COMPLEMENTOS-Visualizar tarifa de complementos" status="PASSED">
         <system-out><![CDATA[27-11-2024T16:20:08 - [TEST_CASE][PASSED] - Test Cases/PRICING-Test Plan Regresión Core/P25-2175-COMPLEMENTOS-Visualizar tarifa de complementos: Test Cases/PRICING-Test Plan Regresión Core/P25-2175-COMPLEMENTOS-Visualizar tarifa de complementos

27-11-2024T16:20:08 - [TEST_STEP][PASSED] - openBrowser(""): Browser is opened with url: ''

27-11-2024T16:20:08 - [MESSAGE][INFO] - Starting 'Chrome' driver

27-11-2024T16:20:08 - [MESSAGE][INFO] - Action delay is set to 0 milliseconds

27-11-2024T16:20:08 - [MESSAGE][PASSED] - Browser is opened with url: ''

27-11-2024T16:20:08 - [TEST_STEP][PASSED] - navigateToUrl("https://pre-sales.recordgo.cloud/login"): Navigate to 'https://pre-sales.recordgo.cloud/login' successfully

27-11-2024T16:20:14 - [MESSAGE][PASSED] - Navigate to 'https://pre-sales.recordgo.cloud/login' successfully

27-11-2024T16:20:14 - [TEST_STEP][PASSED] - maximizeWindow(): Current window maximized

27-11-2024T16:20:14 - [MESSAGE][PASSED] - Current window maximized

27-11-2024T16:20:14 - [TEST_STEP][PASSED] - setText(findTestObject("Pricing-Test Plan Regresión Core/Page_Login/input_Log in to your account__username"), "antonio.diego"): Text 'antonio.diego' is set on object 'Object Repository/Pricing-Test Plan Regresión Core/Page_Login/input_Log in to your account__username'

27-11-2024T16:20:15 - [MESSAGE][PASSED] - Text 'antonio.diego' is set on object 'Object Repository/Pricing-Test Plan Regresión Core/Page_Login/input_Log in to your account__username'

27-11-2024T16:20:15 - [TEST_STEP][PASSED] - setEncryptedText(findTestObject("Object Repository/Pricing-Test Plan Regresión Core/Page_Login/input_Log in to your account__password"), "4WoE78dHD36JvULd0ZrVWg=="): Text ****** has been set on object 'Object Repository/Pricing-Test Plan Regresión Core/Page_Login/input_Log in to your account__password'

27-11-2024T16:20:15 - [MESSAGE][PASSED] - Text ****** has been set on object 'Object Repository/Pricing-Test Plan Regresión Core/Page_Login/input_Log in to your account__password'

27-11-2024T16:20:15 - [TEST_STEP][PASSED] - selectOptionByValue(findTestObject("Object Repository/Pricing-Test Plan Regresión Core/Page_Login/select_Select an option CANARY ISLAND"), "IC", true): All options with value 'IC' are selected in object 'Object Repository/Pricing-Test Plan Regresión Core/Page_Login/select_Select an option CANARY ISLAND'  using regular expression

27-11-2024T16:20:16 - [MESSAGE][PASSED] - All options with value 'IC' are selected in object 'Object Repository/Pricing-Test Plan Regresión Core/Page_Login/select_Select an option CANARY ISLAND'  using regular expression

27-11-2024T16:20:16 - [TEST_STEP][PASSED] - click(findTestObject("Pricing-Test Plan Regresión Core/Page_Login/button_Login")): Object: 'Object Repository/Pricing-Test Plan Regresión Core/Page_Login/button_Login' is clicked on

27-11-2024T16:20:27 - [MESSAGE][PASSED] - Object: 'Object Repository/Pricing-Test Plan Regresión Core/Page_Login/button_Login' is clicked on

27-11-2024T16:20:27 - [TEST_STEP][PASSED] - waitForElementVisible(findTestObject("Pricing-Test Plan Regresión Core/Page_PRICING/img"), 5): Object 'Object Repository/Pricing-Test Plan Regresión Core/Page_PRICING/img' is visible

27-11-2024T16:20:28 - [MESSAGE][PASSED] - Object 'Object Repository/Pricing-Test Plan Regresión Core/Page_PRICING/img' is visible

27-11-2024T16:20:28 - [TEST_STEP][PASSED] - waitForElementPresent(findTestObject("Pricing-Test Plan Regresión Core/Page_Visualizar COMPLEMENTOS/span_COMPLEMENTOS"), 5): Object 'Object Repository/Pricing-Test Plan Regresión Core/Page_Visualizar COMPLEMENTOS/span_COMPLEMENTOS' is present

27-11-2024T16:20:28 - [MESSAGE][PASSED] - Object 'Object Repository/Pricing-Test Plan Regresión Core/Page_Visualizar COMPLEMENTOS/span_COMPLEMENTOS' is present

27-11-2024T16:20:28 - [TEST_STEP][PASSED] - verifyElementPresent(findTestObject("Object Repository/Pricing-Test Plan Regresión Core/Page_Visualizar COMPLEMENTOS/span_COMPLEMENTOS"), 5): Object 'Object Repository/Pricing-Test Plan Regresión Core/Page_Visualizar COMPLEMENTOS/span_COMPLEMENTOS' is present

27-11-2024T16:20:28 - [MESSAGE][PASSED] - Object 'Object Repository/Pricing-Test Plan Regresión Core/Page_Visualizar COMPLEMENTOS/span_COMPLEMENTOS' is present

27-11-2024T16:20:28 - [TEST_STEP][PASSED] - click(findTestObject("Object Repository/Pricing-Test Plan Regresión Core/Page_Visualizar COMPLEMENTOS/span_COMPLEMENTOS")): Object: 'Object Repository/Pricing-Test Plan Regresión Core/Page_Visualizar COMPLEMENTOS/span_COMPLEMENTOS' is clicked on

27-11-2024T16:20:28 - [MESSAGE][PASSED] - Object: 'Object Repository/Pricing-Test Plan Regresión Core/Page_Visualizar COMPLEMENTOS/span_COMPLEMENTOS' is clicked on

27-11-2024T16:20:28 - [TEST_STEP][PASSED] - waitForElementPresent(findTestObject("Object Repository/Pricing-Test Plan Regresión Core/Page_Visualizar COMPLEMENTOS/span_Tarifa de complemento"), 5): Object 'Object Repository/Pricing-Test Plan Regresión Core/Page_Visualizar COMPLEMENTOS/span_Tarifa de complemento' is present

27-11-2024T16:20:29 - [MESSAGE][PASSED] - Object 'Object Repository/Pricing-Test Plan Regresión Core/Page_Visualizar COMPLEMENTOS/span_Tarifa de complemento' is present

27-11-2024T16:20:29 - [TEST_STEP][PASSED] - verifyElementPresent(findTestObject("Object Repository/Pricing-Test Plan Regresión Core/Page_Visualizar COMPLEMENTOS/span_Tarifa de complemento"), 5): Object 'Object Repository/Pricing-Test Plan Regresión Core/Page_Visualizar COMPLEMENTOS/span_Tarifa de complemento' is present

27-11-2024T16:20:29 - [MESSAGE][PASSED] - Object 'Object Repository/Pricing-Test Plan Regresión Core/Page_Visualizar COMPLEMENTOS/span_Tarifa de complemento' is present

27-11-2024T16:20:29 - [TEST_STEP][PASSED] - click(findTestObject("Object Repository/Pricing-Test Plan Regresión Core/Page_Visualizar COMPLEMENTOS/span_Tarifa de complemento")): Object: 'Object Repository/Pricing-Test Plan Regresión Core/Page_Visualizar COMPLEMENTOS/span_Tarifa de complemento' is clicked on

27-11-2024T16:20:29 - [MESSAGE][PASSED] - Object: 'Object Repository/Pricing-Test Plan Regresión Core/Page_Visualizar COMPLEMENTOS/span_Tarifa de complemento' is clicked on

27-11-2024T16:20:29 - [TEST_STEP][PASSED] - waitForElementPresent(findTestObject("Object Repository/Pricing-Test Plan Regresión Core/Page_Visualizar COMPLEMENTOS/span_Visualizarmodificar_TarifaCompl"), 5): Object 'Object Repository/Pricing-Test Plan Regresión Core/Page_Visualizar COMPLEMENTOS/span_Visualizarmodificar_TarifaCompl' is present

27-11-2024T16:20:29 - [MESSAGE][PASSED] - Object 'Object Repository/Pricing-Test Plan Regresión Core/Page_Visualizar COMPLEMENTOS/span_Visualizarmodificar_TarifaCompl' is present

27-11-2024T16:20:29 - [TEST_STEP][PASSED] - verifyElementPresent(findTestObject("Object Repository/Pricing-Test Plan Regresión Core/Page_Visualizar COMPLEMENTOS/span_Visualizarmodificar_TarifaCompl"), 5): Object 'Object Repository/Pricing-Test Plan Regresión Core/Page_Visualizar COMPLEMENTOS/span_Visualizarmodificar_TarifaCompl' is present

27-11-2024T16:20:29 - [MESSAGE][PASSED] - Object 'Object Repository/Pricing-Test Plan Regresión Core/Page_Visualizar COMPLEMENTOS/span_Visualizarmodificar_TarifaCompl' is present

27-11-2024T16:20:29 - [TEST_STEP][PASSED] - click(findTestObject("Object Repository/Pricing-Test Plan Regresión Core/Page_Visualizar COMPLEMENTOS/span_Visualizarmodificar_TarifaCompl")): Object: 'Object Repository/Pricing-Test Plan Regresión Core/Page_Visualizar COMPLEMENTOS/span_Visualizarmodificar_TarifaCompl' is clicked on

27-11-2024T16:20:41 - [MESSAGE][PASSED] - Object: 'Object Repository/Pricing-Test Plan Regresión Core/Page_Visualizar COMPLEMENTOS/span_Visualizarmodificar_TarifaCompl' is clicked on

27-11-2024T16:20:41 - [TEST_STEP][PASSED] - waitForElementPresent(findTestObject("Pricing-Test Plan Regresión Core/Page_Visualizar PRODUCTOS/h1_Registros totales"), 5): Object 'Object Repository/Pricing-Test Plan Regresión Core/Page_Visualizar PRODUCTOS/h1_Registros totales' is present

27-11-2024T16:20:41 - [MESSAGE][PASSED] - Object 'Object Repository/Pricing-Test Plan Regresión Core/Page_Visualizar PRODUCTOS/h1_Registros totales' is present

27-11-2024T16:20:41 - [TEST_STEP][PASSED] - verifyElementPresent(findTestObject("Pricing-Test Plan Regresión Core/Page_Visualizar PRODUCTOS/h1_Registros totales"), 5): Object 'Object Repository/Pricing-Test Plan Regresión Core/Page_Visualizar PRODUCTOS/h1_Registros totales' is present

27-11-2024T16:20:41 - [MESSAGE][PASSED] - Object 'Object Repository/Pricing-Test Plan Regresión Core/Page_Visualizar PRODUCTOS/h1_Registros totales' is present

27-11-2024T16:20:41 - [TEST_STEP][PASSED] - verifyElementPresent(findTestObject("Object Repository/Pricing-Test Plan Regresión Core/Page_Visualizar COMPLEMENTOS/button_Filtros"), 5): Object 'Object Repository/Pricing-Test Plan Regresión Core/Page_Visualizar COMPLEMENTOS/button_Filtros' is present

27-11-2024T16:20:41 - [MESSAGE][PASSED] - Object 'Object Repository/Pricing-Test Plan Regresión Core/Page_Visualizar COMPLEMENTOS/button_Filtros' is present

27-11-2024T16:20:41 - [TEST_STEP][PASSED] - waitForElementPresent(findTestObject("Pricing-Test Plan Regresión Core/Page_Visualizar COMPLEMENTOS/Button_Filtros_Desplegable"), 5): Object 'Object Repository/Pricing-Test Plan Regresión Core/Page_Visualizar COMPLEMENTOS/Button_Filtros_Desplegable' is present

27-11-2024T16:20:42 - [MESSAGE][PASSED] - Object 'Object Repository/Pricing-Test Plan Regresión Core/Page_Visualizar COMPLEMENTOS/Button_Filtros_Desplegable' is present

27-11-2024T16:20:42 - [TEST_STEP][PASSED] - takeScreenshot("P-25-2175"): Taking screenshot successfully

27-11-2024T16:20:42 - [MESSAGE][PASSED] - Taking screenshot successfully
[[ATTACHMENT|/Users/afernandezd/Katalon Studio/Pricing-PrimeraPrueba/Reports/20241127_160430/PRICING-Test Plan Regresi\u00F3n Core/20241127_160431/P-25-2175]]

27-11-2024T16:20:42 - [TEST_STEP][PASSED] - waitForElementPresent(findTestObject("Pricing-Test Plan Regresión Core/Page_Visualizar COMPLEMENTOS/button_Filtros"), 5): Object 'Object Repository/Pricing-Test Plan Regresión Core/Page_Visualizar COMPLEMENTOS/button_Filtros' is present

27-11-2024T16:20:42 - [MESSAGE][PASSED] - Object 'Object Repository/Pricing-Test Plan Regresión Core/Page_Visualizar COMPLEMENTOS/button_Filtros' is present

27-11-2024T16:20:42 - [TEST_STEP][PASSED] - closeBrowser(): Browser is closed

27-11-2024T16:20:42 - [MESSAGE][PASSED] - Browser is closed]]></system-out>
         <system-err><![CDATA[]]></system-err>
      </testcase>
      <testcase name="Test Cases/PRICING-Test Plan Regresión Core/P25-2177-COMPLEMENTOS-Clonar tarifa de complementos-Cancelar" time="48.133" classname="Test Cases/PRICING-Test Plan Regresión Core/P25-2177-COMPLEMENTOS-Clonar tarifa de complementos-Cancelar" status="PASSED">
         <system-out><![CDATA[27-11-2024T16:20:42 - [TEST_CASE][PASSED] - Test Cases/PRICING-Test Plan Regresión Core/P25-2177-COMPLEMENTOS-Clonar tarifa de complementos-Cancelar: Test Cases/PRICING-Test Plan Regresión Core/P25-2177-COMPLEMENTOS-Clonar tarifa de complementos-Cancelar

27-11-2024T16:20:42 - [TEST_STEP][PASSED] - openBrowser(""): Browser is opened with url: ''

27-11-2024T16:20:42 - [MESSAGE][INFO] - Starting 'Chrome' driver

27-11-2024T16:20:42 - [MESSAGE][INFO] - Action delay is set to 0 milliseconds

27-11-2024T16:20:43 - [MESSAGE][PASSED] - Browser is opened with url: ''

27-11-2024T16:20:43 - [TEST_STEP][PASSED] - navigateToUrl("https://pre-sales.recordgo.cloud/login"): Navigate to 'https://pre-sales.recordgo.cloud/login' successfully

27-11-2024T16:20:48 - [MESSAGE][PASSED] - Navigate to 'https://pre-sales.recordgo.cloud/login' successfully

27-11-2024T16:20:48 - [TEST_STEP][PASSED] - maximizeWindow(): Current window maximized

27-11-2024T16:20:48 - [MESSAGE][PASSED] - Current window maximized

27-11-2024T16:20:48 - [TEST_STEP][PASSED] - setText(findTestObject("Pricing-Test Plan Regresión Core/Page_Login/input_Log in to your account__username"), "antonio.diego"): Text 'antonio.diego' is set on object 'Object Repository/Pricing-Test Plan Regresión Core/Page_Login/input_Log in to your account__username'

27-11-2024T16:20:48 - [MESSAGE][PASSED] - Text 'antonio.diego' is set on object 'Object Repository/Pricing-Test Plan Regresión Core/Page_Login/input_Log in to your account__username'

27-11-2024T16:20:48 - [TEST_STEP][PASSED] - setEncryptedText(findTestObject("Object Repository/Pricing-Test Plan Regresión Core/Page_Login/input_Log in to your account__password"), "4WoE78dHD36JvULd0ZrVWg=="): Text ****** has been set on object 'Object Repository/Pricing-Test Plan Regresión Core/Page_Login/input_Log in to your account__password'

27-11-2024T16:20:49 - [MESSAGE][PASSED] - Text ****** has been set on object 'Object Repository/Pricing-Test Plan Regresión Core/Page_Login/input_Log in to your account__password'

27-11-2024T16:20:49 - [TEST_STEP][PASSED] - selectOptionByValue(findTestObject("Object Repository/Pricing-Test Plan Regresión Core/Page_Login/select_Select an option CANARY ISLAND"), "IC", true): All options with value 'IC' are selected in object 'Object Repository/Pricing-Test Plan Regresión Core/Page_Login/select_Select an option CANARY ISLAND'  using regular expression

27-11-2024T16:20:49 - [MESSAGE][PASSED] - All options with value 'IC' are selected in object 'Object Repository/Pricing-Test Plan Regresión Core/Page_Login/select_Select an option CANARY ISLAND'  using regular expression

27-11-2024T16:20:49 - [TEST_STEP][PASSED] - click(findTestObject("Pricing-Test Plan Regresión Core/Page_Login/button_Login")): Object: 'Object Repository/Pricing-Test Plan Regresión Core/Page_Login/button_Login' is clicked on

27-11-2024T16:21:01 - [MESSAGE][PASSED] - Object: 'Object Repository/Pricing-Test Plan Regresión Core/Page_Login/button_Login' is clicked on

27-11-2024T16:21:01 - [TEST_STEP][PASSED] - waitForElementVisible(findTestObject("Pricing-Test Plan Regresión Core/Page_PRICING/img"), 5): Object 'Object Repository/Pricing-Test Plan Regresión Core/Page_PRICING/img' is visible

27-11-2024T16:21:01 - [MESSAGE][PASSED] - Object 'Object Repository/Pricing-Test Plan Regresión Core/Page_PRICING/img' is visible

27-11-2024T16:21:01 - [TEST_STEP][PASSED] - waitForElementPresent(findTestObject("Pricing-Test Plan Regresión Core/Page_Visualizar COMPLEMENTOS/span_COMPLEMENTOS"), 5): Object 'Object Repository/Pricing-Test Plan Regresión Core/Page_Visualizar COMPLEMENTOS/span_COMPLEMENTOS' is present

27-11-2024T16:21:02 - [MESSAGE][PASSED] - Object 'Object Repository/Pricing-Test Plan Regresión Core/Page_Visualizar COMPLEMENTOS/span_COMPLEMENTOS' is present

27-11-2024T16:21:02 - [TEST_STEP][PASSED] - verifyElementPresent(findTestObject("Object Repository/Pricing-Test Plan Regresión Core/Page_Visualizar COMPLEMENTOS/span_COMPLEMENTOS"), 5): Object 'Object Repository/Pricing-Test Plan Regresión Core/Page_Visualizar COMPLEMENTOS/span_COMPLEMENTOS' is present

27-11-2024T16:21:02 - [MESSAGE][PASSED] - Object 'Object Repository/Pricing-Test Plan Regresión Core/Page_Visualizar COMPLEMENTOS/span_COMPLEMENTOS' is present

27-11-2024T16:21:02 - [TEST_STEP][PASSED] - click(findTestObject("Object Repository/Pricing-Test Plan Regresión Core/Page_Visualizar COMPLEMENTOS/span_COMPLEMENTOS")): Object: 'Object Repository/Pricing-Test Plan Regresión Core/Page_Visualizar COMPLEMENTOS/span_COMPLEMENTOS' is clicked on

27-11-2024T16:21:02 - [MESSAGE][PASSED] - Object: 'Object Repository/Pricing-Test Plan Regresión Core/Page_Visualizar COMPLEMENTOS/span_COMPLEMENTOS' is clicked on

27-11-2024T16:21:02 - [TEST_STEP][PASSED] - waitForElementPresent(findTestObject("Object Repository/Pricing-Test Plan Regresión Core/Page_Visualizar COMPLEMENTOS/span_Tarifa de complemento"), 5): Object 'Object Repository/Pricing-Test Plan Regresión Core/Page_Visualizar COMPLEMENTOS/span_Tarifa de complemento' is present

27-11-2024T16:21:02 - [MESSAGE][PASSED] - Object 'Object Repository/Pricing-Test Plan Regresión Core/Page_Visualizar COMPLEMENTOS/span_Tarifa de complemento' is present

27-11-2024T16:21:02 - [TEST_STEP][PASSED] - verifyElementPresent(findTestObject("Object Repository/Pricing-Test Plan Regresión Core/Page_Visualizar COMPLEMENTOS/span_Tarifa de complemento"), 5): Object 'Object Repository/Pricing-Test Plan Regresión Core/Page_Visualizar COMPLEMENTOS/span_Tarifa de complemento' is present

27-11-2024T16:21:03 - [MESSAGE][PASSED] - Object 'Object Repository/Pricing-Test Plan Regresión Core/Page_Visualizar COMPLEMENTOS/span_Tarifa de complemento' is present

27-11-2024T16:21:03 - [TEST_STEP][PASSED] - click(findTestObject("Object Repository/Pricing-Test Plan Regresión Core/Page_Visualizar COMPLEMENTOS/span_Tarifa de complemento")): Object: 'Object Repository/Pricing-Test Plan Regresión Core/Page_Visualizar COMPLEMENTOS/span_Tarifa de complemento' is clicked on

27-11-2024T16:21:03 - [MESSAGE][PASSED] - Object: 'Object Repository/Pricing-Test Plan Regresión Core/Page_Visualizar COMPLEMENTOS/span_Tarifa de complemento' is clicked on

27-11-2024T16:21:03 - [TEST_STEP][PASSED] - waitForElementPresent(findTestObject("Object Repository/Pricing-Test Plan Regresión Core/Page_Visualizar COMPLEMENTOS/span_Visualizarmodificar_TarifaCompl"), 5): Object 'Object Repository/Pricing-Test Plan Regresión Core/Page_Visualizar COMPLEMENTOS/span_Visualizarmodificar_TarifaCompl' is present

27-11-2024T16:21:03 - [MESSAGE][PASSED] - Object 'Object Repository/Pricing-Test Plan Regresión Core/Page_Visualizar COMPLEMENTOS/span_Visualizarmodificar_TarifaCompl' is present

27-11-2024T16:21:03 - [TEST_STEP][PASSED] - verifyElementPresent(findTestObject("Object Repository/Pricing-Test Plan Regresión Core/Page_Visualizar COMPLEMENTOS/span_Visualizarmodificar_TarifaCompl"), 5): Object 'Object Repository/Pricing-Test Plan Regresión Core/Page_Visualizar COMPLEMENTOS/span_Visualizarmodificar_TarifaCompl' is present

27-11-2024T16:21:03 - [MESSAGE][PASSED] - Object 'Object Repository/Pricing-Test Plan Regresión Core/Page_Visualizar COMPLEMENTOS/span_Visualizarmodificar_TarifaCompl' is present

27-11-2024T16:21:03 - [TEST_STEP][PASSED] - click(findTestObject("Object Repository/Pricing-Test Plan Regresión Core/Page_Visualizar COMPLEMENTOS/span_Visualizarmodificar_TarifaCompl")): Object: 'Object Repository/Pricing-Test Plan Regresión Core/Page_Visualizar COMPLEMENTOS/span_Visualizarmodificar_TarifaCompl' is clicked on

27-11-2024T16:21:14 - [MESSAGE][PASSED] - Object: 'Object Repository/Pricing-Test Plan Regresión Core/Page_Visualizar COMPLEMENTOS/span_Visualizarmodificar_TarifaCompl' is clicked on

27-11-2024T16:21:14 - [TEST_STEP][PASSED] - waitForElementPresent(findTestObject("Pricing-Test Plan Regresión Core/Page_Visualizar PRODUCTOS/h1_Registros totales"), 5): Object 'Object Repository/Pricing-Test Plan Regresión Core/Page_Visualizar PRODUCTOS/h1_Registros totales' is present

27-11-2024T16:21:14 - [MESSAGE][PASSED] - Object 'Object Repository/Pricing-Test Plan Regresión Core/Page_Visualizar PRODUCTOS/h1_Registros totales' is present

27-11-2024T16:21:14 - [TEST_STEP][PASSED] - verifyElementPresent(findTestObject("Pricing-Test Plan Regresión Core/Page_Visualizar PRODUCTOS/h1_Registros totales"), 5): Object 'Object Repository/Pricing-Test Plan Regresión Core/Page_Visualizar PRODUCTOS/h1_Registros totales' is present

27-11-2024T16:21:15 - [MESSAGE][PASSED] - Object 'Object Repository/Pricing-Test Plan Regresión Core/Page_Visualizar PRODUCTOS/h1_Registros totales' is present

27-11-2024T16:21:15 - [TEST_STEP][PASSED] - verifyElementPresent(findTestObject("Object Repository/Pricing-Test Plan Regresión Core/Page_Visualizar COMPLEMENTOS/button_Filtros"), 5): Object 'Object Repository/Pricing-Test Plan Regresión Core/Page_Visualizar COMPLEMENTOS/button_Filtros' is present

27-11-2024T16:21:15 - [MESSAGE][PASSED] - Object 'Object Repository/Pricing-Test Plan Regresión Core/Page_Visualizar COMPLEMENTOS/button_Filtros' is present

27-11-2024T16:21:15 - [TEST_STEP][PASSED] - waitForElementPresent(findTestObject("Pricing-Test Plan Regresión Core/Page_Visualizar COMPLEMENTOS/Button_Filtros_Desplegable"), 5): Object 'Object Repository/Pricing-Test Plan Regresión Core/Page_Visualizar COMPLEMENTOS/Button_Filtros_Desplegable' is present

27-11-2024T16:21:15 - [MESSAGE][PASSED] - Object 'Object Repository/Pricing-Test Plan Regresión Core/Page_Visualizar COMPLEMENTOS/Button_Filtros_Desplegable' is present

27-11-2024T16:21:15 - [TEST_STEP][PASSED] - waitForElementPresent(findTestObject("Pricing-Test Plan Regresión Core/Page_Visualizar COMPLEMENTOS/button_Filtros"), 5): Object 'Object Repository/Pricing-Test Plan Regresión Core/Page_Visualizar COMPLEMENTOS/button_Filtros' is present

27-11-2024T16:21:15 - [MESSAGE][PASSED] - Object 'Object Repository/Pricing-Test Plan Regresión Core/Page_Visualizar COMPLEMENTOS/button_Filtros' is present

27-11-2024T16:21:15 - [TEST_STEP][PASSED] - waitForElementPresent(findTestObject("Pricing-Test Plan Regresión Core/Page_Visualizar COMPLEMENTOS/IconoHojaClonarComplemento"), 5): Object 'Object Repository/Pricing-Test Plan Regresión Core/Page_Visualizar COMPLEMENTOS/IconoHojaClonarComplemento' is present

27-11-2024T16:21:16 - [MESSAGE][PASSED] - Object 'Object Repository/Pricing-Test Plan Regresión Core/Page_Visualizar COMPLEMENTOS/IconoHojaClonarComplemento' is present

27-11-2024T16:21:16 - [TEST_STEP][PASSED] - verifyElementPresent(findTestObject("Pricing-Test Plan Regresión Core/Page_Visualizar COMPLEMENTOS/IconoHojaClonarComplemento"), 5): Object 'Object Repository/Pricing-Test Plan Regresión Core/Page_Visualizar COMPLEMENTOS/IconoHojaClonarComplemento' is present

27-11-2024T16:21:16 - [MESSAGE][PASSED] - Object 'Object Repository/Pricing-Test Plan Regresión Core/Page_Visualizar COMPLEMENTOS/IconoHojaClonarComplemento' is present

27-11-2024T16:21:16 - [TEST_STEP][PASSED] - doubleClick(findTestObject("Pricing-Test Plan Regresión Core/Page_Visualizar COMPLEMENTOS/IconoHojaClonarComplemento")): Object: 'Object Repository/Pricing-Test Plan Regresión Core/Page_Visualizar COMPLEMENTOS/IconoHojaClonarComplemento' is double clicked on

27-11-2024T16:21:28 - [MESSAGE][PASSED] - Object: 'Object Repository/Pricing-Test Plan Regresión Core/Page_Visualizar COMPLEMENTOS/IconoHojaClonarComplemento' is double clicked on

27-11-2024T16:21:28 - [TEST_STEP][PASSED] - waitForElementPresent(findTestObject("Pricing-Test Plan Regresión Core/Page_Visualizar COMPLEMENTOS/button_CancelarClonar"), 5): Object 'Object Repository/Pricing-Test Plan Regresión Core/Page_Visualizar COMPLEMENTOS/button_CancelarClonar' is present

27-11-2024T16:21:28 - [MESSAGE][PASSED] - Object 'Object Repository/Pricing-Test Plan Regresión Core/Page_Visualizar COMPLEMENTOS/button_CancelarClonar' is present

27-11-2024T16:21:28 - [TEST_STEP][PASSED] - verifyElementPresent(findTestObject("Pricing-Test Plan Regresión Core/Page_Visualizar COMPLEMENTOS/button_CancelarClonar"), 5): Object 'Object Repository/Pricing-Test Plan Regresión Core/Page_Visualizar COMPLEMENTOS/button_CancelarClonar' is present

27-11-2024T16:21:29 - [MESSAGE][PASSED] - Object 'Object Repository/Pricing-Test Plan Regresión Core/Page_Visualizar COMPLEMENTOS/button_CancelarClonar' is present

27-11-2024T16:21:29 - [TEST_STEP][PASSED] - takeScreenshot("P-25-2175"): Taking screenshot successfully

27-11-2024T16:21:29 - [MESSAGE][PASSED] - Taking screenshot successfully
[[ATTACHMENT|/Users/afernandezd/Katalon Studio/Pricing-PrimeraPrueba/Reports/20241127_160430/PRICING-Test Plan Regresi\u00F3n Core/20241127_160431/P-25-2175]]

27-11-2024T16:21:29 - [TEST_STEP][PASSED] - doubleClick(findTestObject("Pricing-Test Plan Regresión Core/Page_Visualizar COMPLEMENTOS/button_CancelarClonar")): Object: 'Object Repository/Pricing-Test Plan Regresión Core/Page_Visualizar COMPLEMENTOS/button_CancelarClonar' is double clicked on

27-11-2024T16:21:30 - [MESSAGE][PASSED] - Object: 'Object Repository/Pricing-Test Plan Regresión Core/Page_Visualizar COMPLEMENTOS/button_CancelarClonar' is double clicked on

27-11-2024T16:21:30 - [TEST_STEP][PASSED] - closeBrowser(): Browser is closed

27-11-2024T16:21:30 - [MESSAGE][PASSED] - Browser is closed]]></system-out>
         <system-err><![CDATA[]]></system-err>
      </testcase>
      <testcase name="Test Cases/PRICING-Test Plan Regresión Core/P25-2179-COMPLEMENTOS-Visualizar-Articulo de complemento-Detalle" time="50.326" classname="Test Cases/PRICING-Test Plan Regresión Core/P25-2179-COMPLEMENTOS-Visualizar-Articulo de complemento-Detalle" status="PASSED">
         <system-out><![CDATA[27-11-2024T16:21:30 - [TEST_CASE][PASSED] - Test Cases/PRICING-Test Plan Regresión Core/P25-2179-COMPLEMENTOS-Visualizar-Articulo de complemento-Detalle: Test Cases/PRICING-Test Plan Regresión Core/P25-2179-COMPLEMENTOS-Visualizar-Articulo de complemento-Detalle

27-11-2024T16:21:30 - [TEST_STEP][PASSED] - openBrowser(""): Browser is opened with url: ''

27-11-2024T16:21:30 - [MESSAGE][INFO] - Starting 'Chrome' driver

27-11-2024T16:21:30 - [MESSAGE][INFO] - Action delay is set to 0 milliseconds

27-11-2024T16:21:31 - [MESSAGE][PASSED] - Browser is opened with url: ''

27-11-2024T16:21:31 - [TEST_STEP][PASSED] - navigateToUrl("https://pre-sales.recordgo.cloud/login"): Navigate to 'https://pre-sales.recordgo.cloud/login' successfully

27-11-2024T16:21:37 - [MESSAGE][PASSED] - Navigate to 'https://pre-sales.recordgo.cloud/login' successfully

27-11-2024T16:21:37 - [TEST_STEP][PASSED] - maximizeWindow(): Current window maximized

27-11-2024T16:21:37 - [MESSAGE][PASSED] - Current window maximized

27-11-2024T16:21:37 - [TEST_STEP][PASSED] - setText(findTestObject("Pricing-Test Plan Regresión Core/Page_Login/input_Log in to your account__username"), "antonio.diego"): Text 'antonio.diego' is set on object 'Object Repository/Pricing-Test Plan Regresión Core/Page_Login/input_Log in to your account__username'

27-11-2024T16:21:38 - [MESSAGE][PASSED] - Text 'antonio.diego' is set on object 'Object Repository/Pricing-Test Plan Regresión Core/Page_Login/input_Log in to your account__username'

27-11-2024T16:21:38 - [TEST_STEP][PASSED] - setEncryptedText(findTestObject("Object Repository/Pricing-Test Plan Regresión Core/Page_Login/input_Log in to your account__password"), "4WoE78dHD36JvULd0ZrVWg=="): Text ****** has been set on object 'Object Repository/Pricing-Test Plan Regresión Core/Page_Login/input_Log in to your account__password'

27-11-2024T16:21:38 - [MESSAGE][PASSED] - Text ****** has been set on object 'Object Repository/Pricing-Test Plan Regresión Core/Page_Login/input_Log in to your account__password'

27-11-2024T16:21:38 - [TEST_STEP][PASSED] - selectOptionByValue(findTestObject("Object Repository/Pricing-Test Plan Regresión Core/Page_Login/select_Select an option CANARY ISLAND"), "IC", true): All options with value 'IC' are selected in object 'Object Repository/Pricing-Test Plan Regresión Core/Page_Login/select_Select an option CANARY ISLAND'  using regular expression

27-11-2024T16:21:39 - [MESSAGE][PASSED] - All options with value 'IC' are selected in object 'Object Repository/Pricing-Test Plan Regresión Core/Page_Login/select_Select an option CANARY ISLAND'  using regular expression

27-11-2024T16:21:39 - [TEST_STEP][PASSED] - click(findTestObject("Pricing-Test Plan Regresión Core/Page_Login/button_Login")): Object: 'Object Repository/Pricing-Test Plan Regresión Core/Page_Login/button_Login' is clicked on

27-11-2024T16:21:51 - [MESSAGE][PASSED] - Object: 'Object Repository/Pricing-Test Plan Regresión Core/Page_Login/button_Login' is clicked on

27-11-2024T16:21:51 - [TEST_STEP][PASSED] - waitForElementVisible(findTestObject("Pricing-Test Plan Regresión Core/Page_PRICING/img"), 5): Object 'Object Repository/Pricing-Test Plan Regresión Core/Page_PRICING/img' is visible

27-11-2024T16:21:51 - [MESSAGE][PASSED] - Object 'Object Repository/Pricing-Test Plan Regresión Core/Page_PRICING/img' is visible

27-11-2024T16:21:51 - [TEST_STEP][PASSED] - waitForElementPresent(findTestObject("Pricing-Test Plan Regresión Core/Page_Visualizar COMPLEMENTOS/span_COMPLEMENTOS"), 5): Object 'Object Repository/Pricing-Test Plan Regresión Core/Page_Visualizar COMPLEMENTOS/span_COMPLEMENTOS' is present

27-11-2024T16:21:51 - [MESSAGE][PASSED] - Object 'Object Repository/Pricing-Test Plan Regresión Core/Page_Visualizar COMPLEMENTOS/span_COMPLEMENTOS' is present

27-11-2024T16:21:51 - [TEST_STEP][PASSED] - verifyElementPresent(findTestObject("Object Repository/Pricing-Test Plan Regresión Core/Page_Visualizar COMPLEMENTOS/span_COMPLEMENTOS"), 5): Object 'Object Repository/Pricing-Test Plan Regresión Core/Page_Visualizar COMPLEMENTOS/span_COMPLEMENTOS' is present

27-11-2024T16:21:51 - [MESSAGE][PASSED] - Object 'Object Repository/Pricing-Test Plan Regresión Core/Page_Visualizar COMPLEMENTOS/span_COMPLEMENTOS' is present

27-11-2024T16:21:51 - [TEST_STEP][PASSED] - click(findTestObject("Object Repository/Pricing-Test Plan Regresión Core/Page_Visualizar COMPLEMENTOS/span_COMPLEMENTOS")): Object: 'Object Repository/Pricing-Test Plan Regresión Core/Page_Visualizar COMPLEMENTOS/span_COMPLEMENTOS' is clicked on

27-11-2024T16:21:52 - [MESSAGE][PASSED] - Object: 'Object Repository/Pricing-Test Plan Regresión Core/Page_Visualizar COMPLEMENTOS/span_COMPLEMENTOS' is clicked on

27-11-2024T16:21:52 - [TEST_STEP][PASSED] - waitForElementPresent(findTestObject("Pricing-Test Plan Regresión Core/Page_Visualizar COMPLEMENTOS/span_Articulo de Complemento"), 3): Object 'Object Repository/Pricing-Test Plan Regresión Core/Page_Visualizar COMPLEMENTOS/span_Articulo de Complemento' is present

27-11-2024T16:21:52 - [MESSAGE][PASSED] - Object 'Object Repository/Pricing-Test Plan Regresión Core/Page_Visualizar COMPLEMENTOS/span_Articulo de Complemento' is present

27-11-2024T16:21:52 - [TEST_STEP][PASSED] - verifyElementPresent(findTestObject("Pricing-Test Plan Regresión Core/Page_Visualizar COMPLEMENTOS/span_Articulo de Complemento"), 3): Object 'Object Repository/Pricing-Test Plan Regresión Core/Page_Visualizar COMPLEMENTOS/span_Articulo de Complemento' is present

27-11-2024T16:21:52 - [MESSAGE][PASSED] - Object 'Object Repository/Pricing-Test Plan Regresión Core/Page_Visualizar COMPLEMENTOS/span_Articulo de Complemento' is present

27-11-2024T16:21:52 - [TEST_STEP][PASSED] - click(findTestObject("Pricing-Test Plan Regresión Core/Page_Visualizar COMPLEMENTOS/span_Articulo de Complemento")): Object: 'Object Repository/Pricing-Test Plan Regresión Core/Page_Visualizar COMPLEMENTOS/span_Articulo de Complemento' is clicked on

27-11-2024T16:21:52 - [MESSAGE][PASSED] - Object: 'Object Repository/Pricing-Test Plan Regresión Core/Page_Visualizar COMPLEMENTOS/span_Articulo de Complemento' is clicked on

27-11-2024T16:21:52 - [TEST_STEP][PASSED] - waitForElementPresent(findTestObject("Pricing-Test Plan Regresión Core/Page_Visualizar COMPLEMENTOS/span_Visualizarmodificar_ArtCompl"), 5): Object 'Object Repository/Pricing-Test Plan Regresión Core/Page_Visualizar COMPLEMENTOS/span_Visualizarmodificar_ArtCompl' is present

27-11-2024T16:21:52 - [MESSAGE][PASSED] - Object 'Object Repository/Pricing-Test Plan Regresión Core/Page_Visualizar COMPLEMENTOS/span_Visualizarmodificar_ArtCompl' is present

27-11-2024T16:21:52 - [TEST_STEP][PASSED] - verifyElementPresent(findTestObject("Pricing-Test Plan Regresión Core/Page_Visualizar COMPLEMENTOS/span_Visualizarmodificar_ArtCompl"), 5): Object 'Object Repository/Pricing-Test Plan Regresión Core/Page_Visualizar COMPLEMENTOS/span_Visualizarmodificar_ArtCompl' is present

27-11-2024T16:21:53 - [MESSAGE][PASSED] - Object 'Object Repository/Pricing-Test Plan Regresión Core/Page_Visualizar COMPLEMENTOS/span_Visualizarmodificar_ArtCompl' is present

27-11-2024T16:21:53 - [TEST_STEP][PASSED] - click(findTestObject("Pricing-Test Plan Regresión Core/Page_Visualizar COMPLEMENTOS/span_Visualizarmodificar_ArtCompl")): Object: 'Object Repository/Pricing-Test Plan Regresión Core/Page_Visualizar COMPLEMENTOS/span_Visualizarmodificar_ArtCompl' is clicked on

27-11-2024T16:22:04 - [MESSAGE][PASSED] - Object: 'Object Repository/Pricing-Test Plan Regresión Core/Page_Visualizar COMPLEMENTOS/span_Visualizarmodificar_ArtCompl' is clicked on

27-11-2024T16:22:04 - [TEST_STEP][PASSED] - waitForElementPresent(findTestObject("Pricing-Test Plan Regresión Core/Page_Visualizar COMPLEMENTOS/i_active_flaticon-eye"), 5): Object 'Object Repository/Pricing-Test Plan Regresión Core/Page_Visualizar COMPLEMENTOS/i_active_flaticon-eye' is present

27-11-2024T16:22:04 - [MESSAGE][PASSED] - Object 'Object Repository/Pricing-Test Plan Regresión Core/Page_Visualizar COMPLEMENTOS/i_active_flaticon-eye' is present

27-11-2024T16:22:04 - [TEST_STEP][PASSED] - verifyElementPresent(findTestObject("Pricing-Test Plan Regresión Core/Page_Visualizar COMPLEMENTOS/i_active_flaticon-eye"), 5): Object 'Object Repository/Pricing-Test Plan Regresión Core/Page_Visualizar COMPLEMENTOS/i_active_flaticon-eye' is present

27-11-2024T16:22:05 - [MESSAGE][PASSED] - Object 'Object Repository/Pricing-Test Plan Regresión Core/Page_Visualizar COMPLEMENTOS/i_active_flaticon-eye' is present

27-11-2024T16:22:05 - [TEST_STEP][PASSED] - doubleClick(findTestObject("Pricing-Test Plan Regresión Core/Page_Visualizar COMPLEMENTOS/i_active_flaticon-eye")): Object: 'Object Repository/Pricing-Test Plan Regresión Core/Page_Visualizar COMPLEMENTOS/i_active_flaticon-eye' is double clicked on

27-11-2024T16:22:16 - [MESSAGE][PASSED] - Object: 'Object Repository/Pricing-Test Plan Regresión Core/Page_Visualizar COMPLEMENTOS/i_active_flaticon-eye' is double clicked on

27-11-2024T16:22:16 - [TEST_STEP][PASSED] - waitForElementPresent(findTestObject("Pricing-Test Plan Regresión Core/Page_Visualizar COMPLEMENTOS/h3_MostrarArtículoComplemento"), 5): Object 'Object Repository/Pricing-Test Plan Regresión Core/Page_Visualizar COMPLEMENTOS/h3_MostrarArtículoComplemento' is present

27-11-2024T16:22:16 - [MESSAGE][PASSED] - Object 'Object Repository/Pricing-Test Plan Regresión Core/Page_Visualizar COMPLEMENTOS/h3_MostrarArtículoComplemento' is present

27-11-2024T16:22:16 - [TEST_STEP][PASSED] - verifyElementPresent(findTestObject("Pricing-Test Plan Regresión Core/Page_Visualizar COMPLEMENTOS/h3_MostrarArtículoComplemento"), 5): Object 'Object Repository/Pricing-Test Plan Regresión Core/Page_Visualizar COMPLEMENTOS/h3_MostrarArtículoComplemento' is present

27-11-2024T16:22:17 - [MESSAGE][PASSED] - Object 'Object Repository/Pricing-Test Plan Regresión Core/Page_Visualizar COMPLEMENTOS/h3_MostrarArtículoComplemento' is present

27-11-2024T16:22:17 - [TEST_STEP][PASSED] - waitForElementPresent(findTestObject("Pricing-Test Plan Regresión Core/Page_Visualizar COMPLEMENTOS/button_Listado"), 5): Object 'Object Repository/Pricing-Test Plan Regresión Core/Page_Visualizar COMPLEMENTOS/button_Listado' is present

27-11-2024T16:22:17 - [MESSAGE][PASSED] - Object 'Object Repository/Pricing-Test Plan Regresión Core/Page_Visualizar COMPLEMENTOS/button_Listado' is present

27-11-2024T16:22:17 - [TEST_STEP][PASSED] - doubleClick(findTestObject("Pricing-Test Plan Regresión Core/Page_Visualizar COMPLEMENTOS/button_Listado")): Object: 'Object Repository/Pricing-Test Plan Regresión Core/Page_Visualizar COMPLEMENTOS/button_Listado' is double clicked on

27-11-2024T16:22:19 - [MESSAGE][PASSED] - Object: 'Object Repository/Pricing-Test Plan Regresión Core/Page_Visualizar COMPLEMENTOS/button_Listado' is double clicked on

27-11-2024T16:22:19 - [TEST_STEP][PASSED] - waitForElementPresent(findTestObject("Pricing-Test Plan Regresión Core/Page_Visualizar PRODUCTOS/h1_Registros totales"), 5): Object 'Object Repository/Pricing-Test Plan Regresión Core/Page_Visualizar PRODUCTOS/h1_Registros totales' is present

27-11-2024T16:22:20 - [MESSAGE][PASSED] - Object 'Object Repository/Pricing-Test Plan Regresión Core/Page_Visualizar PRODUCTOS/h1_Registros totales' is present

27-11-2024T16:22:20 - [TEST_STEP][PASSED] - takeScreenshot(): Taking screenshot successfully

27-11-2024T16:22:20 - [MESSAGE][PASSED] - Taking screenshot successfully
[[ATTACHMENT|/Users/afernandezd/Katalon Studio/Pricing-PrimeraPrueba/Reports/20241127_160430/PRICING-Test Plan Regresi\u00F3n Core/20241127_160431/1732720940684.png]]

27-11-2024T16:22:20 - [TEST_STEP][PASSED] - verifyElementPresent(findTestObject("Pricing-Test Plan Regresión Core/Page_Visualizar PRODUCTOS/h1_Registros totales"), 5): Object 'Object Repository/Pricing-Test Plan Regresión Core/Page_Visualizar PRODUCTOS/h1_Registros totales' is present

27-11-2024T16:22:21 - [MESSAGE][PASSED] - Object 'Object Repository/Pricing-Test Plan Regresión Core/Page_Visualizar PRODUCTOS/h1_Registros totales' is present

27-11-2024T16:22:21 - [TEST_STEP][PASSED] - closeBrowser(): Browser is closed

27-11-2024T16:22:21 - [MESSAGE][PASSED] - Browser is closed]]></system-out>
         <system-err><![CDATA[]]></system-err>
      </testcase>
      <testcase name="Test Cases/PRICING-Test Plan Regresión Core/P25-2182-COMPLEMENTOS-Visualizar-Agrupación de artículos-Detalle" time="87.274" classname="Test Cases/PRICING-Test Plan Regresión Core/P25-2182-COMPLEMENTOS-Visualizar-Agrupación de artículos-Detalle" status="FAILED">
         <failure type="FAILED" message="Test Cases/PRICING-Test Plan Regresión Core/P25-2182-COMPLEMENTOS-Visualizar-Agrupación de artículos-Detalle FAILED.&#xa;Reason:&#xa;com.kms.katalon.core.exception.StepFailedException: Unable to double click on object 'Object Repository/Pricing-Test Plan Regresión Core/Page_Visualizar COMPLEMENTOS/button_Listado'&#xa;	at com.kms.katalon.core.webui.keyword.internal.WebUIKeywordMain.stepFailed(WebUIKeywordMain.groovy:64)&#xa;	at com.kms.katalon.core.webui.keyword.internal.WebUIKeywordMain.runKeyword(WebUIKeywordMain.groovy:26)&#xa;	at com.kms.katalon.core.webui.keyword.builtin.DoubleClickKeyword.doubleClick(DoubleClickKeyword.groovy:87)&#xa;	at com.kms.katalon.core.webui.keyword.builtin.DoubleClickKeyword.execute(DoubleClickKeyword.groovy:67)&#xa;	at com.kms.katalon.core.keyword.internal.KeywordExecutor.executeKeywordForPlatform(KeywordExecutor.groovy:74)&#xa;	at com.kms.katalon.core.webui.keyword.WebUiBuiltInKeywords.doubleClick(WebUiBuiltInKeywords.groovy:766)&#xa;	at P25-2182-COMPLEMENTOS-Visualizar-Agrupación de artículos-Detalle.run(P25-2182-COMPLEMENTOS-Visualizar-Agrupación de artículos-Detalle:79)&#xa;	at com.kms.katalon.core.main.ScriptEngine.run(ScriptEngine.java:194)&#xa;	at com.kms.katalon.core.main.ScriptEngine.runScriptAsRawText(ScriptEngine.java:119)&#xa;	at com.kms.katalon.core.main.TestCaseExecutor.runScript(TestCaseExecutor.java:448)&#xa;	at com.kms.katalon.core.main.TestCaseExecutor.doExecute(TestCaseExecutor.java:439)&#xa;	at com.kms.katalon.core.main.TestCaseExecutor.processExecutionPhase(TestCaseExecutor.java:418)&#xa;	at com.kms.katalon.core.main.TestCaseExecutor.accessMainPhase(TestCaseExecutor.java:410)&#xa;	at com.kms.katalon.core.main.TestCaseExecutor.execute(TestCaseExecutor.java:285)&#xa;	at com.kms.katalon.core.main.TestCaseExecutor.execute(TestCaseExecutor.java:369)&#xa;	at com.kms.katalon.core.main.TestCaseExecutor.execute(TestCaseExecutor.java:369)&#xa;	at com.kms.katalon.core.main.TestCaseExecutor.execute(TestCaseExecutor.java:369)&#xa;	at com.kms.katalon.core.common.CommonExecutor.accessTestCaseMainPhase(CommonExecutor.java:65)&#xa;	at com.kms.katalon.core.main.TestSuiteExecutor.accessTestSuiteMainPhase(TestSuiteExecutor.java:150)&#xa;	at com.kms.katalon.core.main.TestSuiteExecutor.execute(TestSuiteExecutor.java:106)&#xa;	at com.kms.katalon.core.main.TestCaseMain.startTestSuite(TestCaseMain.java:180)&#xa;	at TempTestSuite1732719871317.run(TempTestSuite1732719871317.groovy:35)&#xa;	at java.base/jdk.internal.reflect.NativeMethodAccessorImpl.invoke0(Native Method)&#xa;	at java.base/jdk.internal.reflect.NativeMethodAccessorImpl.invoke(NativeMethodAccessorImpl.java:77)&#xa;	at java.base/jdk.internal.reflect.DelegatingMethodAccessorImpl.invoke(DelegatingMethodAccessorImpl.java:43)&#xa;Caused by: com.kms.katalon.core.webui.exception.WebElementNotFoundException: Web element with id: 'Object Repository/Pricing-Test Plan Regresión Core/Page_Visualizar COMPLEMENTOS/button_Listado' located by '//a[@class = 'btn btn-secondary' and (contains(text(), 'Listado') or contains(., 'Listado'))]' not found&#xa;	at com.kms.katalon.core.webui.common.WebUiCommonHelper.findWebElement(WebUiCommonHelper.java:1426)&#xa;	at com.kms.katalon.core.webui.keyword.internal.WebUIAbstractKeyword.findWebElement(WebUIAbstractKeyword.groovy:27)&#xa;	at com.kms.katalon.core.webui.keyword.internal.WebUIAbstractKeyword.findWebElement(WebUIAbstractKeyword.groovy:26)&#xa;	at com.kms.katalon.core.webui.keyword.builtin.DoubleClickKeyword$_doubleClick_closure1.doCall(DoubleClickKeyword.groovy:77)&#xa;	at com.kms.katalon.core.webui.keyword.builtin.DoubleClickKeyword$_doubleClick_closure1.call(DoubleClickKeyword.groovy)&#xa;	at com.kms.katalon.core.webui.keyword.internal.WebUIKeywordMain.runKeyword(WebUIKeywordMain.groovy:20)&#xa;	... 23 more&#xa;"/>
         <system-out><![CDATA[27-11-2024T16:26:04 - [TEST_CASE][FAILED] - Test Cases/PRICING-Test Plan Regresión Core/P25-2182-COMPLEMENTOS-Visualizar-Agrupación de artículos-Detalle: Test Cases/PRICING-Test Plan Regresión Core/P25-2182-COMPLEMENTOS-Visualizar-Agrupación de artículos-Detalle FAILED.
Reason:
com.kms.katalon.core.exception.StepFailedException: Unable to double click on object 'Object Repository/Pricing-Test Plan Regresión Core/Page_Visualizar COMPLEMENTOS/button_Listado'
	at com.kms.katalon.core.webui.keyword.internal.WebUIKeywordMain.stepFailed(WebUIKeywordMain.groovy:64)
	at com.kms.katalon.core.webui.keyword.internal.WebUIKeywordMain.runKeyword(WebUIKeywordMain.groovy:26)
	at com.kms.katalon.core.webui.keyword.builtin.DoubleClickKeyword.doubleClick(DoubleClickKeyword.groovy:87)
	at com.kms.katalon.core.webui.keyword.builtin.DoubleClickKeyword.execute(DoubleClickKeyword.groovy:67)
	at com.kms.katalon.core.keyword.internal.KeywordExecutor.executeKeywordForPlatform(KeywordExecutor.groovy:74)
	at com.kms.katalon.core.webui.keyword.WebUiBuiltInKeywords.doubleClick(WebUiBuiltInKeywords.groovy:766)
	at P25-2182-COMPLEMENTOS-Visualizar-Agrupación de artículos-Detalle.run(P25-2182-COMPLEMENTOS-Visualizar-Agrupación de artículos-Detalle:79)
	at com.kms.katalon.core.main.ScriptEngine.run(ScriptEngine.java:194)
	at com.kms.katalon.core.main.ScriptEngine.runScriptAsRawText(ScriptEngine.java:119)
	at com.kms.katalon.core.main.TestCaseExecutor.runScript(TestCaseExecutor.java:448)
	at com.kms.katalon.core.main.TestCaseExecutor.doExecute(TestCaseExecutor.java:439)
	at com.kms.katalon.core.main.TestCaseExecutor.processExecutionPhase(TestCaseExecutor.java:418)
	at com.kms.katalon.core.main.TestCaseExecutor.accessMainPhase(TestCaseExecutor.java:410)
	at com.kms.katalon.core.main.TestCaseExecutor.execute(TestCaseExecutor.java:285)
	at com.kms.katalon.core.main.TestCaseExecutor.execute(TestCaseExecutor.java:369)
	at com.kms.katalon.core.main.TestCaseExecutor.execute(TestCaseExecutor.java:369)
	at com.kms.katalon.core.main.TestCaseExecutor.execute(TestCaseExecutor.java:369)
	at com.kms.katalon.core.common.CommonExecutor.accessTestCaseMainPhase(CommonExecutor.java:65)
	at com.kms.katalon.core.main.TestSuiteExecutor.accessTestSuiteMainPhase(TestSuiteExecutor.java:150)
	at com.kms.katalon.core.main.TestSuiteExecutor.execute(TestSuiteExecutor.java:106)
	at com.kms.katalon.core.main.TestCaseMain.startTestSuite(TestCaseMain.java:180)
	at TempTestSuite1732719871317.run(TempTestSuite1732719871317.groovy:35)
	at java.base/jdk.internal.reflect.NativeMethodAccessorImpl.invoke0(Native Method)
	at java.base/jdk.internal.reflect.NativeMethodAccessorImpl.invoke(NativeMethodAccessorImpl.java:77)
	at java.base/jdk.internal.reflect.DelegatingMethodAccessorImpl.invoke(DelegatingMethodAccessorImpl.java:43)
Caused by: com.kms.katalon.core.webui.exception.WebElementNotFoundException: Web element with id: 'Object Repository/Pricing-Test Plan Regresión Core/Page_Visualizar COMPLEMENTOS/button_Listado' located by '//a[@class = 'btn btn-secondary' and (contains(text(), 'Listado') or contains(., 'Listado'))]' not found
	at com.kms.katalon.core.webui.common.WebUiCommonHelper.findWebElement(WebUiCommonHelper.java:1426)
	at com.kms.katalon.core.webui.keyword.internal.WebUIAbstractKeyword.findWebElement(WebUIAbstractKeyword.groovy:27)
	at com.kms.katalon.core.webui.keyword.internal.WebUIAbstractKeyword.findWebElement(WebUIAbstractKeyword.groovy:26)
	at com.kms.katalon.core.webui.keyword.builtin.DoubleClickKeyword$_doubleClick_closure1.doCall(DoubleClickKeyword.groovy:77)
	at com.kms.katalon.core.webui.keyword.builtin.DoubleClickKeyword$_doubleClick_closure1.call(DoubleClickKeyword.groovy)
	at com.kms.katalon.core.webui.keyword.internal.WebUIKeywordMain.runKeyword(WebUIKeywordMain.groovy:20)
	... 23 more


27-11-2024T16:26:04 - [TEST_STEP][PASSED] - openBrowser(""): Browser is opened with url: ''

27-11-2024T16:26:04 - [MESSAGE][WARNING] - A browser is already opened. Closing browser and opening a new one

27-11-2024T16:26:04 - [MESSAGE][INFO] - Starting 'Chrome' driver

27-11-2024T16:26:04 - [MESSAGE][INFO] - Action delay is set to 0 milliseconds

27-11-2024T16:26:05 - [MESSAGE][PASSED] - Browser is opened with url: ''

27-11-2024T16:26:05 - [TEST_STEP][PASSED] - navigateToUrl("https://pre-sales.recordgo.cloud/login"): Navigate to 'https://pre-sales.recordgo.cloud/login' successfully

27-11-2024T16:26:15 - [MESSAGE][PASSED] - Navigate to 'https://pre-sales.recordgo.cloud/login' successfully

27-11-2024T16:26:15 - [TEST_STEP][PASSED] - maximizeWindow(): Current window maximized

27-11-2024T16:26:15 - [MESSAGE][PASSED] - Current window maximized

27-11-2024T16:26:15 - [TEST_STEP][PASSED] - setText(findTestObject("Pricing-Test Plan Regresión Core/Page_Login/input_Log in to your account__username"), "antonio.diego"): Text 'antonio.diego' is set on object 'Object Repository/Pricing-Test Plan Regresión Core/Page_Login/input_Log in to your account__username'

27-11-2024T16:26:16 - [MESSAGE][PASSED] - Text 'antonio.diego' is set on object 'Object Repository/Pricing-Test Plan Regresión Core/Page_Login/input_Log in to your account__username'

27-11-2024T16:26:16 - [TEST_STEP][PASSED] - setEncryptedText(findTestObject("Object Repository/Pricing-Test Plan Regresión Core/Page_Login/input_Log in to your account__password"), "4WoE78dHD36JvULd0ZrVWg=="): Text ****** has been set on object 'Object Repository/Pricing-Test Plan Regresión Core/Page_Login/input_Log in to your account__password'

27-11-2024T16:26:16 - [MESSAGE][PASSED] - Text ****** has been set on object 'Object Repository/Pricing-Test Plan Regresión Core/Page_Login/input_Log in to your account__password'

27-11-2024T16:26:16 - [TEST_STEP][PASSED] - selectOptionByValue(findTestObject("Object Repository/Pricing-Test Plan Regresión Core/Page_Login/select_Select an option CANARY ISLAND"), "IC", true): All options with value 'IC' are selected in object 'Object Repository/Pricing-Test Plan Regresión Core/Page_Login/select_Select an option CANARY ISLAND'  using regular expression

27-11-2024T16:26:17 - [MESSAGE][PASSED] - All options with value 'IC' are selected in object 'Object Repository/Pricing-Test Plan Regresión Core/Page_Login/select_Select an option CANARY ISLAND'  using regular expression

27-11-2024T16:26:17 - [TEST_STEP][PASSED] - click(findTestObject("Pricing-Test Plan Regresión Core/Page_Login/button_Login")): Object: 'Object Repository/Pricing-Test Plan Regresión Core/Page_Login/button_Login' is clicked on

27-11-2024T16:26:29 - [MESSAGE][PASSED] - Object: 'Object Repository/Pricing-Test Plan Regresión Core/Page_Login/button_Login' is clicked on

27-11-2024T16:26:29 - [TEST_STEP][PASSED] - waitForElementVisible(findTestObject("Pricing-Test Plan Regresión Core/Page_PRICING/img"), 5): Object 'Object Repository/Pricing-Test Plan Regresión Core/Page_PRICING/img' is visible

27-11-2024T16:26:29 - [MESSAGE][PASSED] - Object 'Object Repository/Pricing-Test Plan Regresión Core/Page_PRICING/img' is visible

27-11-2024T16:26:29 - [TEST_STEP][PASSED] - waitForElementPresent(findTestObject("Pricing-Test Plan Regresión Core/Page_Visualizar COMPLEMENTOS/span_COMPLEMENTOS"), 5): Object 'Object Repository/Pricing-Test Plan Regresión Core/Page_Visualizar COMPLEMENTOS/span_COMPLEMENTOS' is present

27-11-2024T16:26:29 - [MESSAGE][PASSED] - Object 'Object Repository/Pricing-Test Plan Regresión Core/Page_Visualizar COMPLEMENTOS/span_COMPLEMENTOS' is present

27-11-2024T16:26:29 - [TEST_STEP][PASSED] - verifyElementPresent(findTestObject("Object Repository/Pricing-Test Plan Regresión Core/Page_Visualizar COMPLEMENTOS/span_COMPLEMENTOS"), 5): Object 'Object Repository/Pricing-Test Plan Regresión Core/Page_Visualizar COMPLEMENTOS/span_COMPLEMENTOS' is present

27-11-2024T16:26:29 - [MESSAGE][PASSED] - Object 'Object Repository/Pricing-Test Plan Regresión Core/Page_Visualizar COMPLEMENTOS/span_COMPLEMENTOS' is present

27-11-2024T16:26:29 - [TEST_STEP][PASSED] - click(findTestObject("Object Repository/Pricing-Test Plan Regresión Core/Page_Visualizar COMPLEMENTOS/span_COMPLEMENTOS")): Object: 'Object Repository/Pricing-Test Plan Regresión Core/Page_Visualizar COMPLEMENTOS/span_COMPLEMENTOS' is clicked on

27-11-2024T16:26:30 - [MESSAGE][PASSED] - Object: 'Object Repository/Pricing-Test Plan Regresión Core/Page_Visualizar COMPLEMENTOS/span_COMPLEMENTOS' is clicked on

27-11-2024T16:26:30 - [TEST_STEP][PASSED] - waitForElementPresent(findTestObject("Pricing-Test Plan Regresión Core/Page_Visualizar COMPLEMENTOS/span_Agrupación de artículos"), 3): Object 'Object Repository/Pricing-Test Plan Regresión Core/Page_Visualizar COMPLEMENTOS/span_Agrupación de artículos' is present

27-11-2024T16:26:30 - [MESSAGE][PASSED] - Object 'Object Repository/Pricing-Test Plan Regresión Core/Page_Visualizar COMPLEMENTOS/span_Agrupación de artículos' is present

27-11-2024T16:26:30 - [TEST_STEP][PASSED] - verifyElementPresent(findTestObject("Pricing-Test Plan Regresión Core/Page_Visualizar COMPLEMENTOS/span_Agrupación de artículos"), 3): Object 'Object Repository/Pricing-Test Plan Regresión Core/Page_Visualizar COMPLEMENTOS/span_Agrupación de artículos' is present

27-11-2024T16:26:30 - [MESSAGE][PASSED] - Object 'Object Repository/Pricing-Test Plan Regresión Core/Page_Visualizar COMPLEMENTOS/span_Agrupación de artículos' is present

27-11-2024T16:26:30 - [TEST_STEP][PASSED] - click(findTestObject("Pricing-Test Plan Regresión Core/Page_Visualizar COMPLEMENTOS/span_Agrupación de artículos")): Object: 'Object Repository/Pricing-Test Plan Regresión Core/Page_Visualizar COMPLEMENTOS/span_Agrupación de artículos' is clicked on

27-11-2024T16:26:30 - [MESSAGE][PASSED] - Object: 'Object Repository/Pricing-Test Plan Regresión Core/Page_Visualizar COMPLEMENTOS/span_Agrupación de artículos' is clicked on

27-11-2024T16:26:30 - [TEST_STEP][PASSED] - waitForElementPresent(findTestObject("Pricing-Test Plan Regresión Core/Page_Visualizar COMPLEMENTOS/span_Visualizarmodificar_AgrupArtículos"), 5): Object 'Object Repository/Pricing-Test Plan Regresión Core/Page_Visualizar COMPLEMENTOS/span_Visualizarmodificar_AgrupArtículos' is present

27-11-2024T16:26:31 - [MESSAGE][PASSED] - Object 'Object Repository/Pricing-Test Plan Regresión Core/Page_Visualizar COMPLEMENTOS/span_Visualizarmodificar_AgrupArtículos' is present

27-11-2024T16:26:31 - [TEST_STEP][PASSED] - verifyElementPresent(findTestObject("Pricing-Test Plan Regresión Core/Page_Visualizar COMPLEMENTOS/span_Visualizarmodificar_AgrupArtículos"), 5): Object 'Object Repository/Pricing-Test Plan Regresión Core/Page_Visualizar COMPLEMENTOS/span_Visualizarmodificar_AgrupArtículos' is present

27-11-2024T16:26:31 - [MESSAGE][PASSED] - Object 'Object Repository/Pricing-Test Plan Regresión Core/Page_Visualizar COMPLEMENTOS/span_Visualizarmodificar_AgrupArtículos' is present

27-11-2024T16:26:31 - [TEST_STEP][PASSED] - click(findTestObject("Pricing-Test Plan Regresión Core/Page_Visualizar COMPLEMENTOS/span_Visualizarmodificar_AgrupArtículos")): Object: 'Object Repository/Pricing-Test Plan Regresión Core/Page_Visualizar COMPLEMENTOS/span_Visualizarmodificar_AgrupArtículos' is clicked on

27-11-2024T16:26:42 - [MESSAGE][PASSED] - Object: 'Object Repository/Pricing-Test Plan Regresión Core/Page_Visualizar COMPLEMENTOS/span_Visualizarmodificar_AgrupArtículos' is clicked on

27-11-2024T16:26:42 - [TEST_STEP][PASSED] - waitForElementPresent(findTestObject("Pricing-Test Plan Regresión Core/Page_Visualizar COMPLEMENTOS/i_active_flaticon-eye"), 5): Object 'Object Repository/Pricing-Test Plan Regresión Core/Page_Visualizar COMPLEMENTOS/i_active_flaticon-eye' is present

27-11-2024T16:26:42 - [MESSAGE][PASSED] - Object 'Object Repository/Pricing-Test Plan Regresión Core/Page_Visualizar COMPLEMENTOS/i_active_flaticon-eye' is present

27-11-2024T16:26:42 - [TEST_STEP][PASSED] - verifyElementPresent(findTestObject("Pricing-Test Plan Regresión Core/Page_Visualizar COMPLEMENTOS/i_active_flaticon-eye"), 5): Object 'Object Repository/Pricing-Test Plan Regresión Core/Page_Visualizar COMPLEMENTOS/i_active_flaticon-eye' is present

27-11-2024T16:26:42 - [MESSAGE][PASSED] - Object 'Object Repository/Pricing-Test Plan Regresión Core/Page_Visualizar COMPLEMENTOS/i_active_flaticon-eye' is present

27-11-2024T16:26:42 - [TEST_STEP][PASSED] - doubleClick(findTestObject("Pricing-Test Plan Regresión Core/Page_Visualizar COMPLEMENTOS/i_active_flaticon-eye")): Object: 'Object Repository/Pricing-Test Plan Regresión Core/Page_Visualizar COMPLEMENTOS/i_active_flaticon-eye' is double clicked on

27-11-2024T16:26:53 - [MESSAGE][PASSED] - Object: 'Object Repository/Pricing-Test Plan Regresión Core/Page_Visualizar COMPLEMENTOS/i_active_flaticon-eye' is double clicked on

27-11-2024T16:26:53 - [TEST_STEP][PASSED] - waitForElementPresent(findTestObject("Pricing-Test Plan Regresión Core/Page_Visualizar COMPLEMENTOS/h3_Mostrar agrupación de articulos"), 5): Object 'Object Repository/Pricing-Test Plan Regresión Core/Page_Visualizar COMPLEMENTOS/h3_Mostrar agrupación de articulos' is present

27-11-2024T16:26:54 - [MESSAGE][PASSED] - Object 'Object Repository/Pricing-Test Plan Regresión Core/Page_Visualizar COMPLEMENTOS/h3_Mostrar agrupación de articulos' is present

27-11-2024T16:26:54 - [TEST_STEP][PASSED] - verifyElementPresent(findTestObject("Pricing-Test Plan Regresión Core/Page_Visualizar COMPLEMENTOS/h3_Mostrar agrupación de articulos"), 5): Object 'Object Repository/Pricing-Test Plan Regresión Core/Page_Visualizar COMPLEMENTOS/h3_Mostrar agrupación de articulos' is present

27-11-2024T16:26:54 - [MESSAGE][PASSED] - Object 'Object Repository/Pricing-Test Plan Regresión Core/Page_Visualizar COMPLEMENTOS/h3_Mostrar agrupación de articulos' is present

27-11-2024T16:26:54 - [TEST_STEP][PASSED] - waitForElementPresent(findTestObject("Pricing-Test Plan Regresión Core/Page_Visualizar COMPLEMENTOS/button_Listado"), 5): Object 'Object Repository/Pricing-Test Plan Regresión Core/Page_Visualizar COMPLEMENTOS/button_Listado' is not present after 5 second(s)

27-11-2024T16:27:00 - [MESSAGE][INFO] - Unable to find the element located by 'By.xpath: //a[@class = 'btn btn-secondary' and (contains(text(), 'Listado') or contains(., 'Listado'))]'. Please recheck the objects properties to make sure the desired element is located. 

27-11-2024T16:27:00 - [MESSAGE][WARNING] - Object 'Object Repository/Pricing-Test Plan Regresión Core/Page_Visualizar COMPLEMENTOS/button_Listado' is not present after 5 second(s)

27-11-2024T16:27:00 - [TEST_STEP][FAILED] - doubleClick(findTestObject("Pricing-Test Plan Regresión Core/Page_Visualizar COMPLEMENTOS/button_Listado")): Unable to double click on object 'Object Repository/Pricing-Test Plan Regresión Core/Page_Visualizar COMPLEMENTOS/button_Listado' (Root cause: com.kms.katalon.core.exception.StepFailedException: Unable to double click on object 'Object Repository/Pricing-Test Plan Regresión Core/Page_Visualizar COMPLEMENTOS/button_Listado'
	at com.kms.katalon.core.webui.keyword.internal.WebUIKeywordMain.stepFailed(WebUIKeywordMain.groovy:64)
	at com.kms.katalon.core.webui.keyword.internal.WebUIKeywordMain.runKeyword(WebUIKeywordMain.groovy:26)
	at com.kms.katalon.core.webui.keyword.builtin.DoubleClickKeyword.doubleClick(DoubleClickKeyword.groovy:87)
	at com.kms.katalon.core.webui.keyword.builtin.DoubleClickKeyword.execute(DoubleClickKeyword.groovy:67)
	at com.kms.katalon.core.keyword.internal.KeywordExecutor.executeKeywordForPlatform(KeywordExecutor.groovy:74)
	at com.kms.katalon.core.webui.keyword.WebUiBuiltInKeywords.doubleClick(WebUiBuiltInKeywords.groovy:766)
	at P25-2182-COMPLEMENTOS-Visualizar-Agrupación de artículos-Detalle.run(P25-2182-COMPLEMENTOS-Visualizar-Agrupación de artículos-Detalle:79)
	at com.kms.katalon.core.main.ScriptEngine.run(ScriptEngine.java:194)
	at com.kms.katalon.core.main.ScriptEngine.runScriptAsRawText(ScriptEngine.java:119)
	at com.kms.katalon.core.main.TestCaseExecutor.runScript(TestCaseExecutor.java:448)
	at com.kms.katalon.core.main.TestCaseExecutor.doExecute(TestCaseExecutor.java:439)
	at com.kms.katalon.core.main.TestCaseExecutor.processExecutionPhase(TestCaseExecutor.java:418)
	at com.kms.katalon.core.main.TestCaseExecutor.accessMainPhase(TestCaseExecutor.java:410)
	at com.kms.katalon.core.main.TestCaseExecutor.execute(TestCaseExecutor.java:285)
	at com.kms.katalon.core.main.TestCaseExecutor.execute(TestCaseExecutor.java:369)
	at com.kms.katalon.core.main.TestCaseExecutor.execute(TestCaseExecutor.java:369)
	at com.kms.katalon.core.main.TestCaseExecutor.execute(TestCaseExecutor.java:369)
	at com.kms.katalon.core.common.CommonExecutor.accessTestCaseMainPhase(CommonExecutor.java:65)
	at com.kms.katalon.core.main.TestSuiteExecutor.accessTestSuiteMainPhase(TestSuiteExecutor.java:150)
	at com.kms.katalon.core.main.TestSuiteExecutor.execute(TestSuiteExecutor.java:106)
	at com.kms.katalon.core.main.TestCaseMain.startTestSuite(TestCaseMain.java:180)
	at TempTestSuite1732719871317.run(TempTestSuite1732719871317.groovy:35)
	at java.base/jdk.internal.reflect.NativeMethodAccessorImpl.invoke0(Native Method)
	at java.base/jdk.internal.reflect.NativeMethodAccessorImpl.invoke(NativeMethodAccessorImpl.java:77)
	at java.base/jdk.internal.reflect.DelegatingMethodAccessorImpl.invoke(DelegatingMethodAccessorImpl.java:43)
Caused by: com.kms.katalon.core.webui.exception.WebElementNotFoundException: Web element with id: 'Object Repository/Pricing-Test Plan Regresión Core/Page_Visualizar COMPLEMENTOS/button_Listado' located by '//a[@class = 'btn btn-secondary' and (contains(text(), 'Listado') or contains(., 'Listado'))]' not found
	at com.kms.katalon.core.webui.common.WebUiCommonHelper.findWebElement(WebUiCommonHelper.java:1426)
	at com.kms.katalon.core.webui.keyword.internal.WebUIAbstractKeyword.findWebElement(WebUIAbstractKeyword.groovy:27)
	at com.kms.katalon.core.webui.keyword.internal.WebUIAbstractKeyword.findWebElement(WebUIAbstractKeyword.groovy:26)
	at com.kms.katalon.core.webui.keyword.builtin.DoubleClickKeyword$_doubleClick_closure1.doCall(DoubleClickKeyword.groovy:77)
	at com.kms.katalon.core.webui.keyword.builtin.DoubleClickKeyword$_doubleClick_closure1.call(DoubleClickKeyword.groovy)
	at com.kms.katalon.core.webui.keyword.internal.WebUIKeywordMain.runKeyword(WebUIKeywordMain.groovy:20)
	at com.kms.katalon.core.webui.keyword.builtin.DoubleClickKeyword.doubleClick(DoubleClickKeyword.groovy:87)
	at com.kms.katalon.core.webui.keyword.builtin.DoubleClickKeyword.execute(DoubleClickKeyword.groovy:67)
	at com.kms.katalon.core.keyword.internal.KeywordExecutor.executeKeywordForPlatform(KeywordExecutor.groovy:74)
	at com.kms.katalon.core.webui.keyword.WebUiBuiltInKeywords.doubleClick(WebUiBuiltInKeywords.groovy:766)
	at Script1711446028000.run(Script1711446028000.groovy:79)
	... 18 more
)

27-11-2024T16:27:31 - [MESSAGE][INFO] - Unable to find the element located by 'By.xpath: //a[@class = 'btn btn-secondary' and (contains(text(), 'Listado') or contains(., 'Listado'))]'. Please recheck the objects properties to make sure the desired element is located. 

27-11-2024T16:27:31 - [MESSAGE][FAILED] - Unable to double click on object 'Object Repository/Pricing-Test Plan Regresión Core/Page_Visualizar COMPLEMENTOS/button_Listado' (Root cause: com.kms.katalon.core.exception.StepFailedException: Unable to double click on object 'Object Repository/Pricing-Test Plan Regresión Core/Page_Visualizar COMPLEMENTOS/button_Listado'
	at com.kms.katalon.core.webui.keyword.internal.WebUIKeywordMain.stepFailed(WebUIKeywordMain.groovy:64)
	at com.kms.katalon.core.webui.keyword.internal.WebUIKeywordMain.runKeyword(WebUIKeywordMain.groovy:26)
	at com.kms.katalon.core.webui.keyword.builtin.DoubleClickKeyword.doubleClick(DoubleClickKeyword.groovy:87)
	at com.kms.katalon.core.webui.keyword.builtin.DoubleClickKeyword.execute(DoubleClickKeyword.groovy:67)
	at com.kms.katalon.core.keyword.internal.KeywordExecutor.executeKeywordForPlatform(KeywordExecutor.groovy:74)
	at com.kms.katalon.core.webui.keyword.WebUiBuiltInKeywords.doubleClick(WebUiBuiltInKeywords.groovy:766)
	at P25-2182-COMPLEMENTOS-Visualizar-Agrupación de artículos-Detalle.run(P25-2182-COMPLEMENTOS-Visualizar-Agrupación de artículos-Detalle:79)
	at com.kms.katalon.core.main.ScriptEngine.run(ScriptEngine.java:194)
	at com.kms.katalon.core.main.ScriptEngine.runScriptAsRawText(ScriptEngine.java:119)
	at com.kms.katalon.core.main.TestCaseExecutor.runScript(TestCaseExecutor.java:448)
	at com.kms.katalon.core.main.TestCaseExecutor.doExecute(TestCaseExecutor.java:439)
	at com.kms.katalon.core.main.TestCaseExecutor.processExecutionPhase(TestCaseExecutor.java:418)
	at com.kms.katalon.core.main.TestCaseExecutor.accessMainPhase(TestCaseExecutor.java:410)
	at com.kms.katalon.core.main.TestCaseExecutor.execute(TestCaseExecutor.java:285)
	at com.kms.katalon.core.main.TestCaseExecutor.execute(TestCaseExecutor.java:369)
	at com.kms.katalon.core.main.TestCaseExecutor.execute(TestCaseExecutor.java:369)
	at com.kms.katalon.core.main.TestCaseExecutor.execute(TestCaseExecutor.java:369)
	at com.kms.katalon.core.common.CommonExecutor.accessTestCaseMainPhase(CommonExecutor.java:65)
	at com.kms.katalon.core.main.TestSuiteExecutor.accessTestSuiteMainPhase(TestSuiteExecutor.java:150)
	at com.kms.katalon.core.main.TestSuiteExecutor.execute(TestSuiteExecutor.java:106)
	at com.kms.katalon.core.main.TestCaseMain.startTestSuite(TestCaseMain.java:180)
	at TempTestSuite1732719871317.run(TempTestSuite1732719871317.groovy:35)
	at java.base/jdk.internal.reflect.NativeMethodAccessorImpl.invoke0(Native Method)
	at java.base/jdk.internal.reflect.NativeMethodAccessorImpl.invoke(NativeMethodAccessorImpl.java:77)
	at java.base/jdk.internal.reflect.DelegatingMethodAccessorImpl.invoke(DelegatingMethodAccessorImpl.java:43)
Caused by: com.kms.katalon.core.webui.exception.WebElementNotFoundException: Web element with id: 'Object Repository/Pricing-Test Plan Regresión Core/Page_Visualizar COMPLEMENTOS/button_Listado' located by '//a[@class = 'btn btn-secondary' and (contains(text(), 'Listado') or contains(., 'Listado'))]' not found
	at com.kms.katalon.core.webui.common.WebUiCommonHelper.findWebElement(WebUiCommonHelper.java:1426)
	at com.kms.katalon.core.webui.keyword.internal.WebUIAbstractKeyword.findWebElement(WebUIAbstractKeyword.groovy:27)
	at com.kms.katalon.core.webui.keyword.internal.WebUIAbstractKeyword.findWebElement(WebUIAbstractKeyword.groovy:26)
	at com.kms.katalon.core.webui.keyword.builtin.DoubleClickKeyword$_doubleClick_closure1.doCall(DoubleClickKeyword.groovy:77)
	at com.kms.katalon.core.webui.keyword.builtin.DoubleClickKeyword$_doubleClick_closure1.call(DoubleClickKeyword.groovy)
	at com.kms.katalon.core.webui.keyword.internal.WebUIKeywordMain.runKeyword(WebUIKeywordMain.groovy:20)
	at com.kms.katalon.core.webui.keyword.builtin.DoubleClickKeyword.doubleClick(DoubleClickKeyword.groovy:87)
	at com.kms.katalon.core.webui.keyword.builtin.DoubleClickKeyword.execute(DoubleClickKeyword.groovy:67)
	at com.kms.katalon.core.keyword.internal.KeywordExecutor.executeKeywordForPlatform(KeywordExecutor.groovy:74)
	at com.kms.katalon.core.webui.keyword.WebUiBuiltInKeywords.doubleClick(WebUiBuiltInKeywords.groovy:766)
	at Script1711446028000.run(Script1711446028000.groovy:79)
	... 18 more
)
[[ATTACHMENT|/Users/afernandezd/Katalon Studio/Pricing-PrimeraPrueba/Reports/20241127_160430/PRICING-Test Plan Regresi\u00F3n Core/20241127_160431/1732721251600.png]]]]></system-out>
         <system-err><![CDATA[27-11-2024T16:26:04 - [TEST_CASE][FAILED] - Test Cases/PRICING-Test Plan Regresión Core/P25-2182-COMPLEMENTOS-Visualizar-Agrupación de artículos-Detalle: Test Cases/PRICING-Test Plan Regresión Core/P25-2182-COMPLEMENTOS-Visualizar-Agrupación de artículos-Detalle FAILED.
Reason:
com.kms.katalon.core.exception.StepFailedException: Unable to double click on object 'Object Repository/Pricing-Test Plan Regresión Core/Page_Visualizar COMPLEMENTOS/button_Listado'
	at com.kms.katalon.core.webui.keyword.internal.WebUIKeywordMain.stepFailed(WebUIKeywordMain.groovy:64)
	at com.kms.katalon.core.webui.keyword.internal.WebUIKeywordMain.runKeyword(WebUIKeywordMain.groovy:26)
	at com.kms.katalon.core.webui.keyword.builtin.DoubleClickKeyword.doubleClick(DoubleClickKeyword.groovy:87)
	at com.kms.katalon.core.webui.keyword.builtin.DoubleClickKeyword.execute(DoubleClickKeyword.groovy:67)
	at com.kms.katalon.core.keyword.internal.KeywordExecutor.executeKeywordForPlatform(KeywordExecutor.groovy:74)
	at com.kms.katalon.core.webui.keyword.WebUiBuiltInKeywords.doubleClick(WebUiBuiltInKeywords.groovy:766)
	at P25-2182-COMPLEMENTOS-Visualizar-Agrupación de artículos-Detalle.run(P25-2182-COMPLEMENTOS-Visualizar-Agrupación de artículos-Detalle:79)
	at com.kms.katalon.core.main.ScriptEngine.run(ScriptEngine.java:194)
	at com.kms.katalon.core.main.ScriptEngine.runScriptAsRawText(ScriptEngine.java:119)
	at com.kms.katalon.core.main.TestCaseExecutor.runScript(TestCaseExecutor.java:448)
	at com.kms.katalon.core.main.TestCaseExecutor.doExecute(TestCaseExecutor.java:439)
	at com.kms.katalon.core.main.TestCaseExecutor.processExecutionPhase(TestCaseExecutor.java:418)
	at com.kms.katalon.core.main.TestCaseExecutor.accessMainPhase(TestCaseExecutor.java:410)
	at com.kms.katalon.core.main.TestCaseExecutor.execute(TestCaseExecutor.java:285)
	at com.kms.katalon.core.main.TestCaseExecutor.execute(TestCaseExecutor.java:369)
	at com.kms.katalon.core.main.TestCaseExecutor.execute(TestCaseExecutor.java:369)
	at com.kms.katalon.core.main.TestCaseExecutor.execute(TestCaseExecutor.java:369)
	at com.kms.katalon.core.common.CommonExecutor.accessTestCaseMainPhase(CommonExecutor.java:65)
	at com.kms.katalon.core.main.TestSuiteExecutor.accessTestSuiteMainPhase(TestSuiteExecutor.java:150)
	at com.kms.katalon.core.main.TestSuiteExecutor.execute(TestSuiteExecutor.java:106)
	at com.kms.katalon.core.main.TestCaseMain.startTestSuite(TestCaseMain.java:180)
	at TempTestSuite1732719871317.run(TempTestSuite1732719871317.groovy:35)
	at java.base/jdk.internal.reflect.NativeMethodAccessorImpl.invoke0(Native Method)
	at java.base/jdk.internal.reflect.NativeMethodAccessorImpl.invoke(NativeMethodAccessorImpl.java:77)
	at java.base/jdk.internal.reflect.DelegatingMethodAccessorImpl.invoke(DelegatingMethodAccessorImpl.java:43)
Caused by: com.kms.katalon.core.webui.exception.WebElementNotFoundException: Web element with id: 'Object Repository/Pricing-Test Plan Regresión Core/Page_Visualizar COMPLEMENTOS/button_Listado' located by '//a[@class = 'btn btn-secondary' and (contains(text(), 'Listado') or contains(., 'Listado'))]' not found
	at com.kms.katalon.core.webui.common.WebUiCommonHelper.findWebElement(WebUiCommonHelper.java:1426)
	at com.kms.katalon.core.webui.keyword.internal.WebUIAbstractKeyword.findWebElement(WebUIAbstractKeyword.groovy:27)
	at com.kms.katalon.core.webui.keyword.internal.WebUIAbstractKeyword.findWebElement(WebUIAbstractKeyword.groovy:26)
	at com.kms.katalon.core.webui.keyword.builtin.DoubleClickKeyword$_doubleClick_closure1.doCall(DoubleClickKeyword.groovy:77)
	at com.kms.katalon.core.webui.keyword.builtin.DoubleClickKeyword$_doubleClick_closure1.call(DoubleClickKeyword.groovy)
	at com.kms.katalon.core.webui.keyword.internal.WebUIKeywordMain.runKeyword(WebUIKeywordMain.groovy:20)
	... 23 more]]></system-err>
      </testcase>
      <testcase name="Test Cases/PRICING-Test Plan Regresión Core/P25-2172-COMPLEMENTOS-Clonar complemento" time="33.644" classname="Test Cases/PRICING-Test Plan Regresión Core/P25-2172-COMPLEMENTOS-Clonar complemento" status="PASSED">
         <system-out><![CDATA[27-11-2024T16:27:31 - [TEST_CASE][PASSED] - Test Cases/PRICING-Test Plan Regresión Core/P25-2172-COMPLEMENTOS-Clonar complemento: Test Cases/PRICING-Test Plan Regresión Core/P25-2172-COMPLEMENTOS-Clonar complemento

27-11-2024T16:27:31 - [TEST_STEP][PASSED] - openBrowser(""): Browser is opened with url: ''

27-11-2024T16:27:31 - [MESSAGE][WARNING] - A browser is already opened. Closing browser and opening a new one

27-11-2024T16:27:31 - [MESSAGE][INFO] - Starting 'Chrome' driver

27-11-2024T16:27:31 - [MESSAGE][INFO] - Action delay is set to 0 milliseconds

27-11-2024T16:27:32 - [MESSAGE][PASSED] - Browser is opened with url: ''

27-11-2024T16:27:32 - [TEST_STEP][PASSED] - navigateToUrl("https://pre-sales.recordgo.cloud/login"): Navigate to 'https://pre-sales.recordgo.cloud/login' successfully

27-11-2024T16:27:38 - [MESSAGE][PASSED] - Navigate to 'https://pre-sales.recordgo.cloud/login' successfully

27-11-2024T16:27:38 - [TEST_STEP][PASSED] - maximizeWindow(): Current window maximized

27-11-2024T16:27:38 - [MESSAGE][PASSED] - Current window maximized

27-11-2024T16:27:38 - [TEST_STEP][PASSED] - setText(findTestObject("Pricing-Test Plan Regresión Core/Page_Login/input_Log in to your account__username"), "antonio.diego"): Text 'antonio.diego' is set on object 'Object Repository/Pricing-Test Plan Regresión Core/Page_Login/input_Log in to your account__username'

27-11-2024T16:27:39 - [MESSAGE][PASSED] - Text 'antonio.diego' is set on object 'Object Repository/Pricing-Test Plan Regresión Core/Page_Login/input_Log in to your account__username'

27-11-2024T16:27:39 - [TEST_STEP][PASSED] - setEncryptedText(findTestObject("Object Repository/Pricing-Test Plan Regresión Core/Page_Login/input_Log in to your account__password"), "4WoE78dHD36JvULd0ZrVWg=="): Text ****** has been set on object 'Object Repository/Pricing-Test Plan Regresión Core/Page_Login/input_Log in to your account__password'

27-11-2024T16:27:39 - [MESSAGE][PASSED] - Text ****** has been set on object 'Object Repository/Pricing-Test Plan Regresión Core/Page_Login/input_Log in to your account__password'

27-11-2024T16:27:39 - [TEST_STEP][PASSED] - selectOptionByValue(findTestObject("Object Repository/Pricing-Test Plan Regresión Core/Page_Login/select_Select an option CANARY ISLAND"), "IC", true): All options with value 'IC' are selected in object 'Object Repository/Pricing-Test Plan Regresión Core/Page_Login/select_Select an option CANARY ISLAND'  using regular expression

27-11-2024T16:27:40 - [MESSAGE][PASSED] - All options with value 'IC' are selected in object 'Object Repository/Pricing-Test Plan Regresión Core/Page_Login/select_Select an option CANARY ISLAND'  using regular expression

27-11-2024T16:27:40 - [TEST_STEP][PASSED] - click(findTestObject("Pricing-Test Plan Regresión Core/Page_Login/button_Login")): Object: 'Object Repository/Pricing-Test Plan Regresión Core/Page_Login/button_Login' is clicked on

27-11-2024T16:27:52 - [MESSAGE][PASSED] - Object: 'Object Repository/Pricing-Test Plan Regresión Core/Page_Login/button_Login' is clicked on

27-11-2024T16:27:52 - [TEST_STEP][PASSED] - waitForElementVisible(findTestObject("Pricing-Test Plan Regresión Core/Page_PRICING/img"), 5): Object 'Object Repository/Pricing-Test Plan Regresión Core/Page_PRICING/img' is visible

27-11-2024T16:27:52 - [MESSAGE][PASSED] - Object 'Object Repository/Pricing-Test Plan Regresión Core/Page_PRICING/img' is visible

27-11-2024T16:27:52 - [TEST_STEP][PASSED] - waitForElementPresent(findTestObject("Pricing-Test Plan Regresión Core/Page_Visualizar COMPLEMENTOS/span_COMPLEMENTOS"), 5): Object 'Object Repository/Pricing-Test Plan Regresión Core/Page_Visualizar COMPLEMENTOS/span_COMPLEMENTOS' is present

27-11-2024T16:27:52 - [MESSAGE][PASSED] - Object 'Object Repository/Pricing-Test Plan Regresión Core/Page_Visualizar COMPLEMENTOS/span_COMPLEMENTOS' is present

27-11-2024T16:27:52 - [TEST_STEP][PASSED] - verifyElementPresent(findTestObject("Object Repository/Pricing-Test Plan Regresión Core/Page_Visualizar COMPLEMENTOS/span_COMPLEMENTOS"), 5): Object 'Object Repository/Pricing-Test Plan Regresión Core/Page_Visualizar COMPLEMENTOS/span_COMPLEMENTOS' is present

27-11-2024T16:27:52 - [MESSAGE][PASSED] - Object 'Object Repository/Pricing-Test Plan Regresión Core/Page_Visualizar COMPLEMENTOS/span_COMPLEMENTOS' is present

27-11-2024T16:27:52 - [TEST_STEP][PASSED] - click(findTestObject("Object Repository/Pricing-Test Plan Regresión Core/Page_Visualizar COMPLEMENTOS/span_COMPLEMENTOS")): Object: 'Object Repository/Pricing-Test Plan Regresión Core/Page_Visualizar COMPLEMENTOS/span_COMPLEMENTOS' is clicked on

27-11-2024T16:27:53 - [MESSAGE][PASSED] - Object: 'Object Repository/Pricing-Test Plan Regresión Core/Page_Visualizar COMPLEMENTOS/span_COMPLEMENTOS' is clicked on

27-11-2024T16:27:53 - [TEST_STEP][PASSED] - waitForElementPresent(findTestObject("Pricing-Test Plan Regresión Core/Page_Visualizar COMPLEMENTOS/span_Complemento"), 5): Object 'Object Repository/Pricing-Test Plan Regresión Core/Page_Visualizar COMPLEMENTOS/span_Complemento' is present

27-11-2024T16:27:53 - [MESSAGE][PASSED] - Object 'Object Repository/Pricing-Test Plan Regresión Core/Page_Visualizar COMPLEMENTOS/span_Complemento' is present

27-11-2024T16:27:53 - [TEST_STEP][PASSED] - verifyElementPresent(findTestObject("Pricing-Test Plan Regresión Core/Page_Visualizar COMPLEMENTOS/span_Complemento"), 5): Object 'Object Repository/Pricing-Test Plan Regresión Core/Page_Visualizar COMPLEMENTOS/span_Complemento' is present

27-11-2024T16:27:53 - [MESSAGE][PASSED] - Object 'Object Repository/Pricing-Test Plan Regresión Core/Page_Visualizar COMPLEMENTOS/span_Complemento' is present

27-11-2024T16:27:53 - [TEST_STEP][PASSED] - click(findTestObject("Pricing-Test Plan Regresión Core/Page_Visualizar COMPLEMENTOS/span_Complemento")): Object: 'Object Repository/Pricing-Test Plan Regresión Core/Page_Visualizar COMPLEMENTOS/span_Complemento' is clicked on

27-11-2024T16:27:53 - [MESSAGE][PASSED] - Object: 'Object Repository/Pricing-Test Plan Regresión Core/Page_Visualizar COMPLEMENTOS/span_Complemento' is clicked on

27-11-2024T16:27:53 - [TEST_STEP][PASSED] - waitForElementPresent(findTestObject("Pricing-Test Plan Regresión Core/Page_Visualizar COMPLEMENTOS/span_Visualizarmodificarclonar"), 5): Object 'Object Repository/Pricing-Test Plan Regresión Core/Page_Visualizar COMPLEMENTOS/span_Visualizarmodificarclonar' is present

27-11-2024T16:27:54 - [MESSAGE][PASSED] - Object 'Object Repository/Pricing-Test Plan Regresión Core/Page_Visualizar COMPLEMENTOS/span_Visualizarmodificarclonar' is present

27-11-2024T16:27:54 - [TEST_STEP][PASSED] - verifyElementPresent(findTestObject("Pricing-Test Plan Regresión Core/Page_Visualizar COMPLEMENTOS/span_Visualizarmodificarclonar"), 5): Object 'Object Repository/Pricing-Test Plan Regresión Core/Page_Visualizar COMPLEMENTOS/span_Visualizarmodificarclonar' is present

27-11-2024T16:27:54 - [MESSAGE][PASSED] - Object 'Object Repository/Pricing-Test Plan Regresión Core/Page_Visualizar COMPLEMENTOS/span_Visualizarmodificarclonar' is present

27-11-2024T16:27:54 - [TEST_STEP][PASSED] - click(findTestObject("Pricing-Test Plan Regresión Core/Page_Visualizar COMPLEMENTOS/span_Visualizarmodificarclonar")): Object: 'Object Repository/Pricing-Test Plan Regresión Core/Page_Visualizar COMPLEMENTOS/span_Visualizarmodificarclonar' is clicked on

27-11-2024T16:27:58 - [MESSAGE][PASSED] - Object: 'Object Repository/Pricing-Test Plan Regresión Core/Page_Visualizar COMPLEMENTOS/span_Visualizarmodificarclonar' is clicked on

27-11-2024T16:27:58 - [TEST_STEP][PASSED] - waitForElementPresent(findTestObject("Pricing-Test Plan Regresión Core/Page_Visualizar PRODUCTOS/h1_Registros totales"), 5): Object 'Object Repository/Pricing-Test Plan Regresión Core/Page_Visualizar PRODUCTOS/h1_Registros totales' is present

27-11-2024T16:27:58 - [MESSAGE][PASSED] - Object 'Object Repository/Pricing-Test Plan Regresión Core/Page_Visualizar PRODUCTOS/h1_Registros totales' is present

27-11-2024T16:27:58 - [TEST_STEP][PASSED] - verifyElementPresent(findTestObject("Pricing-Test Plan Regresión Core/Page_Visualizar PRODUCTOS/h1_Registros totales"), 5): Object 'Object Repository/Pricing-Test Plan Regresión Core/Page_Visualizar PRODUCTOS/h1_Registros totales' is present

27-11-2024T16:27:58 - [MESSAGE][PASSED] - Object 'Object Repository/Pricing-Test Plan Regresión Core/Page_Visualizar PRODUCTOS/h1_Registros totales' is present

27-11-2024T16:27:58 - [TEST_STEP][PASSED] - verifyElementPresent(findTestObject("Object Repository/Pricing-Test Plan Regresión Core/Page_Visualizar COMPLEMENTOS/button_Filtros"), 5): Object 'Object Repository/Pricing-Test Plan Regresión Core/Page_Visualizar COMPLEMENTOS/button_Filtros' is present

27-11-2024T16:27:58 - [MESSAGE][PASSED] - Object 'Object Repository/Pricing-Test Plan Regresión Core/Page_Visualizar COMPLEMENTOS/button_Filtros' is present

27-11-2024T16:27:58 - [TEST_STEP][PASSED] - waitForElementPresent(findTestObject("Pricing-Test Plan Regresión Core/Page_Visualizar COMPLEMENTOS/Button_Filtros_Desplegable"), 5): Object 'Object Repository/Pricing-Test Plan Regresión Core/Page_Visualizar COMPLEMENTOS/Button_Filtros_Desplegable' is present

27-11-2024T16:27:58 - [MESSAGE][PASSED] - Object 'Object Repository/Pricing-Test Plan Regresión Core/Page_Visualizar COMPLEMENTOS/Button_Filtros_Desplegable' is present

27-11-2024T16:27:58 - [TEST_STEP][PASSED] - waitForElementPresent(findTestObject("Pricing-Test Plan Regresión Core/Page_Visualizar COMPLEMENTOS/button_Filtros"), 5): Object 'Object Repository/Pricing-Test Plan Regresión Core/Page_Visualizar COMPLEMENTOS/button_Filtros' is present

27-11-2024T16:27:59 - [MESSAGE][PASSED] - Object 'Object Repository/Pricing-Test Plan Regresión Core/Page_Visualizar COMPLEMENTOS/button_Filtros' is present

27-11-2024T16:27:59 - [TEST_STEP][PASSED] - waitForElementPresent(findTestObject("Pricing-Test Plan Regresión Core/Page_Visualizar COMPLEMENTOS/IconoHojaClonarComplemento"), 5): Object 'Object Repository/Pricing-Test Plan Regresión Core/Page_Visualizar COMPLEMENTOS/IconoHojaClonarComplemento' is present

27-11-2024T16:27:59 - [MESSAGE][PASSED] - Object 'Object Repository/Pricing-Test Plan Regresión Core/Page_Visualizar COMPLEMENTOS/IconoHojaClonarComplemento' is present

27-11-2024T16:27:59 - [TEST_STEP][PASSED] - verifyElementPresent(findTestObject("Pricing-Test Plan Regresión Core/Page_Visualizar COMPLEMENTOS/IconoHojaClonarComplemento"), 5): Object 'Object Repository/Pricing-Test Plan Regresión Core/Page_Visualizar COMPLEMENTOS/IconoHojaClonarComplemento' is present

27-11-2024T16:27:59 - [MESSAGE][PASSED] - Object 'Object Repository/Pricing-Test Plan Regresión Core/Page_Visualizar COMPLEMENTOS/IconoHojaClonarComplemento' is present

27-11-2024T16:27:59 - [TEST_STEP][PASSED] - doubleClick(findTestObject("Pricing-Test Plan Regresión Core/Page_Visualizar COMPLEMENTOS/IconoHojaClonarComplemento")): Object: 'Object Repository/Pricing-Test Plan Regresión Core/Page_Visualizar COMPLEMENTOS/IconoHojaClonarComplemento' is double clicked on

27-11-2024T16:28:02 - [MESSAGE][PASSED] - Object: 'Object Repository/Pricing-Test Plan Regresión Core/Page_Visualizar COMPLEMENTOS/IconoHojaClonarComplemento' is double clicked on

27-11-2024T16:28:02 - [TEST_STEP][PASSED] - focus(findTestObject("Pricing-Test Plan Regresión Core/Page_Visualizar COMPLEMENTOS/button_CancelarClonar")): Object: 'Object Repository/Pricing-Test Plan Regresión Core/Page_Visualizar COMPLEMENTOS/button_CancelarClonar' is focused

27-11-2024T16:28:02 - [MESSAGE][PASSED] - Object: 'Object Repository/Pricing-Test Plan Regresión Core/Page_Visualizar COMPLEMENTOS/button_CancelarClonar' is focused

27-11-2024T16:28:02 - [TEST_STEP][PASSED] - waitForElementPresent(findTestObject("Pricing-Test Plan Regresión Core/Page_Visualizar COMPLEMENTOS/button_CancelarClonar"), 5): Object 'Object Repository/Pricing-Test Plan Regresión Core/Page_Visualizar COMPLEMENTOS/button_CancelarClonar' is present

27-11-2024T16:28:03 - [MESSAGE][PASSED] - Object 'Object Repository/Pricing-Test Plan Regresión Core/Page_Visualizar COMPLEMENTOS/button_CancelarClonar' is present

27-11-2024T16:28:03 - [TEST_STEP][PASSED] - verifyElementPresent(findTestObject("Pricing-Test Plan Regresión Core/Page_Visualizar COMPLEMENTOS/button_CancelarClonar"), 5): Object 'Object Repository/Pricing-Test Plan Regresión Core/Page_Visualizar COMPLEMENTOS/button_CancelarClonar' is present

27-11-2024T16:28:03 - [MESSAGE][PASSED] - Object 'Object Repository/Pricing-Test Plan Regresión Core/Page_Visualizar COMPLEMENTOS/button_CancelarClonar' is present

27-11-2024T16:28:03 - [TEST_STEP][PASSED] - takeScreenshot("P-25-2172"): Taking screenshot successfully

27-11-2024T16:28:03 - [MESSAGE][PASSED] - Taking screenshot successfully
[[ATTACHMENT|/Users/afernandezd/Katalon Studio/Pricing-PrimeraPrueba/Reports/20241127_160430/PRICING-Test Plan Regresi\u00F3n Core/20241127_160431/P-25-2172]]

27-11-2024T16:28:03 - [TEST_STEP][PASSED] - doubleClick(findTestObject("Pricing-Test Plan Regresión Core/Page_Visualizar COMPLEMENTOS/button_CancelarClonar")): Object: 'Object Repository/Pricing-Test Plan Regresión Core/Page_Visualizar COMPLEMENTOS/button_CancelarClonar' is double clicked on

27-11-2024T16:28:05 - [MESSAGE][PASSED] - Object: 'Object Repository/Pricing-Test Plan Regresión Core/Page_Visualizar COMPLEMENTOS/button_CancelarClonar' is double clicked on

27-11-2024T16:28:05 - [TEST_STEP][PASSED] - closeBrowser(): Browser is closed

27-11-2024T16:28:05 - [MESSAGE][PASSED] - Browser is closed]]></system-out>
         <system-err><![CDATA[]]></system-err>
      </testcase>
      <testcase name="Test Cases/PRICING-Test Plan Regresión Core/P25-2186-POLITICAS-Visualizar Politica Combustible" time="63.475" classname="Test Cases/PRICING-Test Plan Regresión Core/P25-2186-POLITICAS-Visualizar Politica Combustible" status="FAILED">
         <failure type="FAILED" message="Test Cases/PRICING-Test Plan Regresión Core/P25-2186-POLITICAS-Visualizar Politica Combustible FAILED.&#xa;Reason:&#xa;com.kms.katalon.core.exception.StepFailedException: Unable to double click on object 'Object Repository/Pricing-Test Plan Regresión Core/Page_Visualizar COMPLEMENTOS/button_Listado'&#xa;	at com.kms.katalon.core.webui.keyword.internal.WebUIKeywordMain.stepFailed(WebUIKeywordMain.groovy:64)&#xa;	at com.kms.katalon.core.webui.keyword.internal.WebUIKeywordMain.runKeyword(WebUIKeywordMain.groovy:26)&#xa;	at com.kms.katalon.core.webui.keyword.builtin.DoubleClickKeyword.doubleClick(DoubleClickKeyword.groovy:87)&#xa;	at com.kms.katalon.core.webui.keyword.builtin.DoubleClickKeyword.execute(DoubleClickKeyword.groovy:67)&#xa;	at com.kms.katalon.core.keyword.internal.KeywordExecutor.executeKeywordForPlatform(KeywordExecutor.groovy:74)&#xa;	at com.kms.katalon.core.webui.keyword.WebUiBuiltInKeywords.doubleClick(WebUiBuiltInKeywords.groovy:766)&#xa;	at P25-2186-POLITICAS-Visualizar Politica Combustible.run(P25-2186-POLITICAS-Visualizar Politica Combustible:95)&#xa;	at com.kms.katalon.core.main.ScriptEngine.run(ScriptEngine.java:194)&#xa;	at com.kms.katalon.core.main.ScriptEngine.runScriptAsRawText(ScriptEngine.java:119)&#xa;	at com.kms.katalon.core.main.TestCaseExecutor.runScript(TestCaseExecutor.java:448)&#xa;	at com.kms.katalon.core.main.TestCaseExecutor.doExecute(TestCaseExecutor.java:439)&#xa;	at com.kms.katalon.core.main.TestCaseExecutor.processExecutionPhase(TestCaseExecutor.java:418)&#xa;	at com.kms.katalon.core.main.TestCaseExecutor.accessMainPhase(TestCaseExecutor.java:410)&#xa;	at com.kms.katalon.core.main.TestCaseExecutor.execute(TestCaseExecutor.java:285)&#xa;	at com.kms.katalon.core.main.TestCaseExecutor.execute(TestCaseExecutor.java:369)&#xa;	at com.kms.katalon.core.main.TestCaseExecutor.execute(TestCaseExecutor.java:369)&#xa;	at com.kms.katalon.core.main.TestCaseExecutor.execute(TestCaseExecutor.java:369)&#xa;	at com.kms.katalon.core.common.CommonExecutor.accessTestCaseMainPhase(CommonExecutor.java:65)&#xa;	at com.kms.katalon.core.main.TestSuiteExecutor.accessTestSuiteMainPhase(TestSuiteExecutor.java:150)&#xa;	at com.kms.katalon.core.main.TestSuiteExecutor.execute(TestSuiteExecutor.java:106)&#xa;	at com.kms.katalon.core.main.TestCaseMain.startTestSuite(TestCaseMain.java:180)&#xa;	at TempTestSuite1732719871317.run(TempTestSuite1732719871317.groovy:35)&#xa;	at java.base/jdk.internal.reflect.NativeMethodAccessorImpl.invoke0(Native Method)&#xa;	at java.base/jdk.internal.reflect.NativeMethodAccessorImpl.invoke(NativeMethodAccessorImpl.java:77)&#xa;	at java.base/jdk.internal.reflect.DelegatingMethodAccessorImpl.invoke(DelegatingMethodAccessorImpl.java:43)&#xa;Caused by: com.kms.katalon.core.webui.exception.WebElementNotFoundException: Web element with id: 'Object Repository/Pricing-Test Plan Regresión Core/Page_Visualizar COMPLEMENTOS/button_Listado' located by '//a[@class = 'btn btn-secondary' and (contains(text(), 'Listado') or contains(., 'Listado'))]' not found&#xa;	at com.kms.katalon.core.webui.common.WebUiCommonHelper.findWebElement(WebUiCommonHelper.java:1426)&#xa;	at com.kms.katalon.core.webui.keyword.internal.WebUIAbstractKeyword.findWebElement(WebUIAbstractKeyword.groovy:27)&#xa;	at com.kms.katalon.core.webui.keyword.internal.WebUIAbstractKeyword.findWebElement(WebUIAbstractKeyword.groovy:26)&#xa;	at com.kms.katalon.core.webui.keyword.builtin.DoubleClickKeyword$_doubleClick_closure1.doCall(DoubleClickKeyword.groovy:77)&#xa;	at com.kms.katalon.core.webui.keyword.builtin.DoubleClickKeyword$_doubleClick_closure1.call(DoubleClickKeyword.groovy)&#xa;	at com.kms.katalon.core.webui.keyword.internal.WebUIKeywordMain.runKeyword(WebUIKeywordMain.groovy:20)&#xa;	... 23 more&#xa;"/>
         <system-out><![CDATA[27-11-2024T16:32:18 - [TEST_CASE][FAILED] - Test Cases/PRICING-Test Plan Regresión Core/P25-2186-POLITICAS-Visualizar Politica Combustible: Test Cases/PRICING-Test Plan Regresión Core/P25-2186-POLITICAS-Visualizar Politica Combustible FAILED.
Reason:
com.kms.katalon.core.exception.StepFailedException: Unable to double click on object 'Object Repository/Pricing-Test Plan Regresión Core/Page_Visualizar COMPLEMENTOS/button_Listado'
	at com.kms.katalon.core.webui.keyword.internal.WebUIKeywordMain.stepFailed(WebUIKeywordMain.groovy:64)
	at com.kms.katalon.core.webui.keyword.internal.WebUIKeywordMain.runKeyword(WebUIKeywordMain.groovy:26)
	at com.kms.katalon.core.webui.keyword.builtin.DoubleClickKeyword.doubleClick(DoubleClickKeyword.groovy:87)
	at com.kms.katalon.core.webui.keyword.builtin.DoubleClickKeyword.execute(DoubleClickKeyword.groovy:67)
	at com.kms.katalon.core.keyword.internal.KeywordExecutor.executeKeywordForPlatform(KeywordExecutor.groovy:74)
	at com.kms.katalon.core.webui.keyword.WebUiBuiltInKeywords.doubleClick(WebUiBuiltInKeywords.groovy:766)
	at P25-2186-POLITICAS-Visualizar Politica Combustible.run(P25-2186-POLITICAS-Visualizar Politica Combustible:95)
	at com.kms.katalon.core.main.ScriptEngine.run(ScriptEngine.java:194)
	at com.kms.katalon.core.main.ScriptEngine.runScriptAsRawText(ScriptEngine.java:119)
	at com.kms.katalon.core.main.TestCaseExecutor.runScript(TestCaseExecutor.java:448)
	at com.kms.katalon.core.main.TestCaseExecutor.doExecute(TestCaseExecutor.java:439)
	at com.kms.katalon.core.main.TestCaseExecutor.processExecutionPhase(TestCaseExecutor.java:418)
	at com.kms.katalon.core.main.TestCaseExecutor.accessMainPhase(TestCaseExecutor.java:410)
	at com.kms.katalon.core.main.TestCaseExecutor.execute(TestCaseExecutor.java:285)
	at com.kms.katalon.core.main.TestCaseExecutor.execute(TestCaseExecutor.java:369)
	at com.kms.katalon.core.main.TestCaseExecutor.execute(TestCaseExecutor.java:369)
	at com.kms.katalon.core.main.TestCaseExecutor.execute(TestCaseExecutor.java:369)
	at com.kms.katalon.core.common.CommonExecutor.accessTestCaseMainPhase(CommonExecutor.java:65)
	at com.kms.katalon.core.main.TestSuiteExecutor.accessTestSuiteMainPhase(TestSuiteExecutor.java:150)
	at com.kms.katalon.core.main.TestSuiteExecutor.execute(TestSuiteExecutor.java:106)
	at com.kms.katalon.core.main.TestCaseMain.startTestSuite(TestCaseMain.java:180)
	at TempTestSuite1732719871317.run(TempTestSuite1732719871317.groovy:35)
	at java.base/jdk.internal.reflect.NativeMethodAccessorImpl.invoke0(Native Method)
	at java.base/jdk.internal.reflect.NativeMethodAccessorImpl.invoke(NativeMethodAccessorImpl.java:77)
	at java.base/jdk.internal.reflect.DelegatingMethodAccessorImpl.invoke(DelegatingMethodAccessorImpl.java:43)
Caused by: com.kms.katalon.core.webui.exception.WebElementNotFoundException: Web element with id: 'Object Repository/Pricing-Test Plan Regresión Core/Page_Visualizar COMPLEMENTOS/button_Listado' located by '//a[@class = 'btn btn-secondary' and (contains(text(), 'Listado') or contains(., 'Listado'))]' not found
	at com.kms.katalon.core.webui.common.WebUiCommonHelper.findWebElement(WebUiCommonHelper.java:1426)
	at com.kms.katalon.core.webui.keyword.internal.WebUIAbstractKeyword.findWebElement(WebUIAbstractKeyword.groovy:27)
	at com.kms.katalon.core.webui.keyword.internal.WebUIAbstractKeyword.findWebElement(WebUIAbstractKeyword.groovy:26)
	at com.kms.katalon.core.webui.keyword.builtin.DoubleClickKeyword$_doubleClick_closure1.doCall(DoubleClickKeyword.groovy:77)
	at com.kms.katalon.core.webui.keyword.builtin.DoubleClickKeyword$_doubleClick_closure1.call(DoubleClickKeyword.groovy)
	at com.kms.katalon.core.webui.keyword.internal.WebUIKeywordMain.runKeyword(WebUIKeywordMain.groovy:20)
	... 23 more


27-11-2024T16:32:18 - [TEST_STEP][PASSED] - openBrowser(""): Browser is opened with url: ''

27-11-2024T16:32:18 - [MESSAGE][WARNING] - A browser is already opened. Closing browser and opening a new one

27-11-2024T16:32:19 - [MESSAGE][INFO] - Starting 'Chrome' driver

27-11-2024T16:32:19 - [MESSAGE][INFO] - Action delay is set to 0 milliseconds

27-11-2024T16:32:19 - [MESSAGE][PASSED] - Browser is opened with url: ''

27-11-2024T16:32:19 - [TEST_STEP][PASSED] - navigateToUrl("https://pre-sales.recordgo.cloud/login"): Navigate to 'https://pre-sales.recordgo.cloud/login' successfully

27-11-2024T16:32:25 - [MESSAGE][PASSED] - Navigate to 'https://pre-sales.recordgo.cloud/login' successfully

27-11-2024T16:32:25 - [TEST_STEP][PASSED] - maximizeWindow(): Current window maximized

27-11-2024T16:32:26 - [MESSAGE][PASSED] - Current window maximized

27-11-2024T16:32:26 - [TEST_STEP][PASSED] - setText(findTestObject("Pricing-Test Plan Regresión Core/Page_Login/input_Log in to your account__username"), "antonio.diego"): Text 'antonio.diego' is set on object 'Object Repository/Pricing-Test Plan Regresión Core/Page_Login/input_Log in to your account__username'

27-11-2024T16:32:26 - [MESSAGE][PASSED] - Text 'antonio.diego' is set on object 'Object Repository/Pricing-Test Plan Regresión Core/Page_Login/input_Log in to your account__username'

27-11-2024T16:32:26 - [TEST_STEP][PASSED] - setEncryptedText(findTestObject("Object Repository/Pricing-Test Plan Regresión Core/Page_Login/input_Log in to your account__password"), "4WoE78dHD36JvULd0ZrVWg=="): Text ****** has been set on object 'Object Repository/Pricing-Test Plan Regresión Core/Page_Login/input_Log in to your account__password'

27-11-2024T16:32:26 - [MESSAGE][PASSED] - Text ****** has been set on object 'Object Repository/Pricing-Test Plan Regresión Core/Page_Login/input_Log in to your account__password'

27-11-2024T16:32:26 - [TEST_STEP][PASSED] - selectOptionByValue(findTestObject("Object Repository/Pricing-Test Plan Regresión Core/Page_Login/select_Select an option CANARY ISLAND"), "IC", true): All options with value 'IC' are selected in object 'Object Repository/Pricing-Test Plan Regresión Core/Page_Login/select_Select an option CANARY ISLAND'  using regular expression

27-11-2024T16:32:27 - [MESSAGE][PASSED] - All options with value 'IC' are selected in object 'Object Repository/Pricing-Test Plan Regresión Core/Page_Login/select_Select an option CANARY ISLAND'  using regular expression

27-11-2024T16:32:27 - [TEST_STEP][PASSED] - click(findTestObject("Pricing-Test Plan Regresión Core/Page_Login/button_Login")): Object: 'Object Repository/Pricing-Test Plan Regresión Core/Page_Login/button_Login' is clicked on

27-11-2024T16:32:31 - [MESSAGE][PASSED] - Object: 'Object Repository/Pricing-Test Plan Regresión Core/Page_Login/button_Login' is clicked on

27-11-2024T16:32:31 - [TEST_STEP][PASSED] - waitForElementVisible(findTestObject("Pricing-Test Plan Regresión Core/Page_PRICING/img"), 5): Object 'Object Repository/Pricing-Test Plan Regresión Core/Page_PRICING/img' is visible

27-11-2024T16:32:31 - [MESSAGE][PASSED] - Object 'Object Repository/Pricing-Test Plan Regresión Core/Page_PRICING/img' is visible

27-11-2024T16:32:31 - [TEST_STEP][PASSED] - waitForElementPresent(findTestObject("Pricing-Test Plan Regresión Core/Page_POLITICAS/span_POLITICAS"), 5): Object 'Object Repository/Pricing-Test Plan Regresión Core/Page_POLITICAS/span_POLITICAS' is present

27-11-2024T16:32:31 - [MESSAGE][PASSED] - Object 'Object Repository/Pricing-Test Plan Regresión Core/Page_POLITICAS/span_POLITICAS' is present

27-11-2024T16:32:31 - [TEST_STEP][PASSED] - verifyElementPresent(findTestObject("Pricing-Test Plan Regresión Core/Page_POLITICAS/span_POLITICAS"), 5): Object 'Object Repository/Pricing-Test Plan Regresión Core/Page_POLITICAS/span_POLITICAS' is present

27-11-2024T16:32:32 - [MESSAGE][PASSED] - Object 'Object Repository/Pricing-Test Plan Regresión Core/Page_POLITICAS/span_POLITICAS' is present

27-11-2024T16:32:32 - [TEST_STEP][PASSED] - click(findTestObject("Pricing-Test Plan Regresión Core/Page_POLITICAS/span_POLITICAS")): Object: 'Object Repository/Pricing-Test Plan Regresión Core/Page_POLITICAS/span_POLITICAS' is clicked on

27-11-2024T16:32:32 - [MESSAGE][PASSED] - Object: 'Object Repository/Pricing-Test Plan Regresión Core/Page_POLITICAS/span_POLITICAS' is clicked on

27-11-2024T16:32:32 - [TEST_STEP][PASSED] - waitForElementPresent(findTestObject("Pricing-Test Plan Regresión Core/Page_POLITICAS/span_Combustible"), 5): Object 'Object Repository/Pricing-Test Plan Regresión Core/Page_POLITICAS/span_Combustible' is present

27-11-2024T16:32:32 - [MESSAGE][PASSED] - Object 'Object Repository/Pricing-Test Plan Regresión Core/Page_POLITICAS/span_Combustible' is present

27-11-2024T16:32:32 - [TEST_STEP][PASSED] - verifyElementPresent(findTestObject("Pricing-Test Plan Regresión Core/Page_POLITICAS/span_Combustible"), 5): Object 'Object Repository/Pricing-Test Plan Regresión Core/Page_POLITICAS/span_Combustible' is present

27-11-2024T16:32:32 - [MESSAGE][PASSED] - Object 'Object Repository/Pricing-Test Plan Regresión Core/Page_POLITICAS/span_Combustible' is present

27-11-2024T16:32:32 - [TEST_STEP][PASSED] - click(findTestObject("Pricing-Test Plan Regresión Core/Page_POLITICAS/span_Combustible")): Object: 'Object Repository/Pricing-Test Plan Regresión Core/Page_POLITICAS/span_Combustible' is clicked on

27-11-2024T16:32:32 - [MESSAGE][PASSED] - Object: 'Object Repository/Pricing-Test Plan Regresión Core/Page_POLITICAS/span_Combustible' is clicked on

27-11-2024T16:32:32 - [TEST_STEP][PASSED] - waitForElementPresent(findTestObject("Pricing-Test Plan Regresión Core/Page_POLITICAS/span_Visualizarmodificar_Combustible"), 5): Object 'Object Repository/Pricing-Test Plan Regresión Core/Page_POLITICAS/span_Visualizarmodificar_Combustible' is present

27-11-2024T16:32:33 - [MESSAGE][PASSED] - Object 'Object Repository/Pricing-Test Plan Regresión Core/Page_POLITICAS/span_Visualizarmodificar_Combustible' is present

27-11-2024T16:32:33 - [TEST_STEP][PASSED] - verifyElementPresent(findTestObject("Pricing-Test Plan Regresión Core/Page_POLITICAS/span_Visualizarmodificar_Combustible"), 5): Object 'Object Repository/Pricing-Test Plan Regresión Core/Page_POLITICAS/span_Visualizarmodificar_Combustible' is present

27-11-2024T16:32:33 - [MESSAGE][PASSED] - Object 'Object Repository/Pricing-Test Plan Regresión Core/Page_POLITICAS/span_Visualizarmodificar_Combustible' is present

27-11-2024T16:32:33 - [TEST_STEP][PASSED] - click(findTestObject("Pricing-Test Plan Regresión Core/Page_POLITICAS/span_Visualizarmodificar_Combustible")): Object: 'Object Repository/Pricing-Test Plan Regresión Core/Page_POLITICAS/span_Visualizarmodificar_Combustible' is clicked on

27-11-2024T16:32:34 - [MESSAGE][PASSED] - Object: 'Object Repository/Pricing-Test Plan Regresión Core/Page_POLITICAS/span_Visualizarmodificar_Combustible' is clicked on

27-11-2024T16:32:34 - [TEST_STEP][PASSED] - waitForElementPresent(findTestObject("Pricing-Test Plan Regresión Core/Page_Visualizar PRODUCTOS/h1_Registros totales"), 5): Object 'Object Repository/Pricing-Test Plan Regresión Core/Page_Visualizar PRODUCTOS/h1_Registros totales' is present

27-11-2024T16:32:35 - [MESSAGE][PASSED] - Object 'Object Repository/Pricing-Test Plan Regresión Core/Page_Visualizar PRODUCTOS/h1_Registros totales' is present

27-11-2024T16:32:35 - [TEST_STEP][PASSED] - verifyElementPresent(findTestObject("Pricing-Test Plan Regresión Core/Page_Visualizar PRODUCTOS/h1_Registros totales"), 5): Object 'Object Repository/Pricing-Test Plan Regresión Core/Page_Visualizar PRODUCTOS/h1_Registros totales' is present

27-11-2024T16:32:35 - [MESSAGE][PASSED] - Object 'Object Repository/Pricing-Test Plan Regresión Core/Page_Visualizar PRODUCTOS/h1_Registros totales' is present

27-11-2024T16:32:35 - [TEST_STEP][PASSED] - verifyElementPresent(findTestObject("Object Repository/Pricing-Test Plan Regresión Core/Page_Visualizar COMPLEMENTOS/button_Filtros"), 5): Object 'Object Repository/Pricing-Test Plan Regresión Core/Page_Visualizar COMPLEMENTOS/button_Filtros' is present

27-11-2024T16:32:35 - [MESSAGE][PASSED] - Object 'Object Repository/Pricing-Test Plan Regresión Core/Page_Visualizar COMPLEMENTOS/button_Filtros' is present

27-11-2024T16:32:35 - [TEST_STEP][PASSED] - waitForElementPresent(findTestObject("Pricing-Test Plan Regresión Core/Page_Visualizar COMPLEMENTOS/Button_Filtros_Desplegable"), 5): Object 'Object Repository/Pricing-Test Plan Regresión Core/Page_Visualizar COMPLEMENTOS/Button_Filtros_Desplegable' is present

27-11-2024T16:32:35 - [MESSAGE][PASSED] - Object 'Object Repository/Pricing-Test Plan Regresión Core/Page_Visualizar COMPLEMENTOS/Button_Filtros_Desplegable' is present

27-11-2024T16:32:35 - [TEST_STEP][PASSED] - takeScreenshot("P-25-2186"): Taking screenshot successfully

27-11-2024T16:32:36 - [MESSAGE][PASSED] - Taking screenshot successfully
[[ATTACHMENT|/Users/afernandezd/Katalon Studio/Pricing-PrimeraPrueba/Reports/20241127_160430/PRICING-Test Plan Regresi\u00F3n Core/20241127_160431/P-25-2186]]

27-11-2024T16:32:36 - [TEST_STEP][PASSED] - waitForElementPresent(findTestObject("Pricing-Test Plan Regresión Core/Page_Visualizar COMPLEMENTOS/button_Filtros"), 5): Object 'Object Repository/Pricing-Test Plan Regresión Core/Page_Visualizar COMPLEMENTOS/button_Filtros' is present

27-11-2024T16:32:36 - [MESSAGE][PASSED] - Object 'Object Repository/Pricing-Test Plan Regresión Core/Page_Visualizar COMPLEMENTOS/button_Filtros' is present

27-11-2024T16:32:36 - [TEST_STEP][PASSED] - waitForElementPresent(findTestObject("Pricing-Test Plan Regresión Core/Page_Visualizar COMPLEMENTOS/i_active_flaticon-eye"), 5): Object 'Object Repository/Pricing-Test Plan Regresión Core/Page_Visualizar COMPLEMENTOS/i_active_flaticon-eye' is present

27-11-2024T16:32:36 - [MESSAGE][PASSED] - Object 'Object Repository/Pricing-Test Plan Regresión Core/Page_Visualizar COMPLEMENTOS/i_active_flaticon-eye' is present

27-11-2024T16:32:36 - [TEST_STEP][PASSED] - verifyElementClickable(findTestObject("Pricing-Test Plan Regresión Core/Page_Visualizar COMPLEMENTOS/i_active_flaticon-eye"), STOP_ON_FAILURE): Object 'Object Repository/Pricing-Test Plan Regresión Core/Page_Visualizar COMPLEMENTOS/i_active_flaticon-eye' is clickable

27-11-2024T16:32:36 - [MESSAGE][PASSED] - Object 'Object Repository/Pricing-Test Plan Regresión Core/Page_Visualizar COMPLEMENTOS/i_active_flaticon-eye' is clickable

27-11-2024T16:32:36 - [TEST_STEP][PASSED] - doubleClick(findTestObject("Pricing-Test Plan Regresión Core/Page_Visualizar COMPLEMENTOS/i_active_flaticon-eye")): Object: 'Object Repository/Pricing-Test Plan Regresión Core/Page_Visualizar COMPLEMENTOS/i_active_flaticon-eye' is double clicked on

27-11-2024T16:32:37 - [MESSAGE][PASSED] - Object: 'Object Repository/Pricing-Test Plan Regresión Core/Page_Visualizar COMPLEMENTOS/i_active_flaticon-eye' is double clicked on

27-11-2024T16:32:37 - [TEST_STEP][PASSED] - waitForElementPresent(findTestObject("Pricing-Test Plan Regresión Core/Page_POLITICAS/h3_Política de combustible"), 5): Object 'Object Repository/Pricing-Test Plan Regresión Core/Page_POLITICAS/h3_Política de combustible' is present

27-11-2024T16:32:38 - [MESSAGE][PASSED] - Object 'Object Repository/Pricing-Test Plan Regresión Core/Page_POLITICAS/h3_Política de combustible' is present

27-11-2024T16:32:38 - [TEST_STEP][PASSED] - verifyElementPresent(findTestObject("Pricing-Test Plan Regresión Core/Page_POLITICAS/h3_Política de combustible"), 5): Object 'Object Repository/Pricing-Test Plan Regresión Core/Page_POLITICAS/h3_Política de combustible' is present

27-11-2024T16:32:38 - [MESSAGE][PASSED] - Object 'Object Repository/Pricing-Test Plan Regresión Core/Page_POLITICAS/h3_Política de combustible' is present

27-11-2024T16:32:38 - [TEST_STEP][PASSED] - waitForElementPresent(findTestObject("Pricing-Test Plan Regresión Core/Page_Visualizar COMPLEMENTOS/button_Listado"), 5): Object 'Object Repository/Pricing-Test Plan Regresión Core/Page_Visualizar COMPLEMENTOS/button_Listado' is not present after 5 second(s)

27-11-2024T16:32:44 - [MESSAGE][INFO] - Unable to find the element located by 'By.xpath: //a[@class = 'btn btn-secondary' and (contains(text(), 'Listado') or contains(., 'Listado'))]'. Please recheck the objects properties to make sure the desired element is located. 

27-11-2024T16:32:44 - [MESSAGE][WARNING] - Object 'Object Repository/Pricing-Test Plan Regresión Core/Page_Visualizar COMPLEMENTOS/button_Listado' is not present after 5 second(s)

27-11-2024T16:32:44 - [TEST_STEP][PASSED] - waitForElementClickable(findTestObject("Pricing-Test Plan Regresión Core/Page_Visualizar COMPLEMENTOS/button_Listado"), 5): Web element with id: 'Object Repository/Pricing-Test Plan Regresión Core/Page_Visualizar COMPLEMENTOS/button_Listado' located by '//a[@class = 'btn btn-secondary' and (contains(text(), 'Listado') or contains(., 'Listado'))]' not found

27-11-2024T16:32:51 - [MESSAGE][INFO] - Unable to find the element located by 'By.xpath: //a[@class = 'btn btn-secondary' and (contains(text(), 'Listado') or contains(., 'Listado'))]'. Please recheck the objects properties to make sure the desired element is located. 

27-11-2024T16:32:51 - [MESSAGE][WARNING] - Web element with id: 'Object Repository/Pricing-Test Plan Regresión Core/Page_Visualizar COMPLEMENTOS/button_Listado' located by '//a[@class = 'btn btn-secondary' and (contains(text(), 'Listado') or contains(., 'Listado'))]' not found

27-11-2024T16:32:51 - [TEST_STEP][FAILED] - doubleClick(findTestObject("Pricing-Test Plan Regresión Core/Page_Visualizar COMPLEMENTOS/button_Listado")): Unable to double click on object 'Object Repository/Pricing-Test Plan Regresión Core/Page_Visualizar COMPLEMENTOS/button_Listado' (Root cause: com.kms.katalon.core.exception.StepFailedException: Unable to double click on object 'Object Repository/Pricing-Test Plan Regresión Core/Page_Visualizar COMPLEMENTOS/button_Listado'
	at com.kms.katalon.core.webui.keyword.internal.WebUIKeywordMain.stepFailed(WebUIKeywordMain.groovy:64)
	at com.kms.katalon.core.webui.keyword.internal.WebUIKeywordMain.runKeyword(WebUIKeywordMain.groovy:26)
	at com.kms.katalon.core.webui.keyword.builtin.DoubleClickKeyword.doubleClick(DoubleClickKeyword.groovy:87)
	at com.kms.katalon.core.webui.keyword.builtin.DoubleClickKeyword.execute(DoubleClickKeyword.groovy:67)
	at com.kms.katalon.core.keyword.internal.KeywordExecutor.executeKeywordForPlatform(KeywordExecutor.groovy:74)
	at com.kms.katalon.core.webui.keyword.WebUiBuiltInKeywords.doubleClick(WebUiBuiltInKeywords.groovy:766)
	at P25-2186-POLITICAS-Visualizar Politica Combustible.run(P25-2186-POLITICAS-Visualizar Politica Combustible:95)
	at com.kms.katalon.core.main.ScriptEngine.run(ScriptEngine.java:194)
	at com.kms.katalon.core.main.ScriptEngine.runScriptAsRawText(ScriptEngine.java:119)
	at com.kms.katalon.core.main.TestCaseExecutor.runScript(TestCaseExecutor.java:448)
	at com.kms.katalon.core.main.TestCaseExecutor.doExecute(TestCaseExecutor.java:439)
	at com.kms.katalon.core.main.TestCaseExecutor.processExecutionPhase(TestCaseExecutor.java:418)
	at com.kms.katalon.core.main.TestCaseExecutor.accessMainPhase(TestCaseExecutor.java:410)
	at com.kms.katalon.core.main.TestCaseExecutor.execute(TestCaseExecutor.java:285)
	at com.kms.katalon.core.main.TestCaseExecutor.execute(TestCaseExecutor.java:369)
	at com.kms.katalon.core.main.TestCaseExecutor.execute(TestCaseExecutor.java:369)
	at com.kms.katalon.core.main.TestCaseExecutor.execute(TestCaseExecutor.java:369)
	at com.kms.katalon.core.common.CommonExecutor.accessTestCaseMainPhase(CommonExecutor.java:65)
	at com.kms.katalon.core.main.TestSuiteExecutor.accessTestSuiteMainPhase(TestSuiteExecutor.java:150)
	at com.kms.katalon.core.main.TestSuiteExecutor.execute(TestSuiteExecutor.java:106)
	at com.kms.katalon.core.main.TestCaseMain.startTestSuite(TestCaseMain.java:180)
	at TempTestSuite1732719871317.run(TempTestSuite1732719871317.groovy:35)
	at java.base/jdk.internal.reflect.NativeMethodAccessorImpl.invoke0(Native Method)
	at java.base/jdk.internal.reflect.NativeMethodAccessorImpl.invoke(NativeMethodAccessorImpl.java:77)
	at java.base/jdk.internal.reflect.DelegatingMethodAccessorImpl.invoke(DelegatingMethodAccessorImpl.java:43)
Caused by: com.kms.katalon.core.webui.exception.WebElementNotFoundException: Web element with id: 'Object Repository/Pricing-Test Plan Regresión Core/Page_Visualizar COMPLEMENTOS/button_Listado' located by '//a[@class = 'btn btn-secondary' and (contains(text(), 'Listado') or contains(., 'Listado'))]' not found
	at com.kms.katalon.core.webui.common.WebUiCommonHelper.findWebElement(WebUiCommonHelper.java:1426)
	at com.kms.katalon.core.webui.keyword.internal.WebUIAbstractKeyword.findWebElement(WebUIAbstractKeyword.groovy:27)
	at com.kms.katalon.core.webui.keyword.internal.WebUIAbstractKeyword.findWebElement(WebUIAbstractKeyword.groovy:26)
	at com.kms.katalon.core.webui.keyword.builtin.DoubleClickKeyword$_doubleClick_closure1.doCall(DoubleClickKeyword.groovy:77)
	at com.kms.katalon.core.webui.keyword.builtin.DoubleClickKeyword$_doubleClick_closure1.call(DoubleClickKeyword.groovy)
	at com.kms.katalon.core.webui.keyword.internal.WebUIKeywordMain.runKeyword(WebUIKeywordMain.groovy:20)
	at com.kms.katalon.core.webui.keyword.builtin.DoubleClickKeyword.doubleClick(DoubleClickKeyword.groovy:87)
	at com.kms.katalon.core.webui.keyword.builtin.DoubleClickKeyword.execute(DoubleClickKeyword.groovy:67)
	at com.kms.katalon.core.keyword.internal.KeywordExecutor.executeKeywordForPlatform(KeywordExecutor.groovy:74)
	at com.kms.katalon.core.webui.keyword.WebUiBuiltInKeywords.doubleClick(WebUiBuiltInKeywords.groovy:766)
	at Script1712139102343.run(Script1712139102343.groovy:95)
	... 18 more
)

27-11-2024T16:33:22 - [MESSAGE][INFO] - Unable to find the element located by 'By.xpath: //a[@class = 'btn btn-secondary' and (contains(text(), 'Listado') or contains(., 'Listado'))]'. Please recheck the objects properties to make sure the desired element is located. 

27-11-2024T16:33:22 - [MESSAGE][FAILED] - Unable to double click on object 'Object Repository/Pricing-Test Plan Regresión Core/Page_Visualizar COMPLEMENTOS/button_Listado' (Root cause: com.kms.katalon.core.exception.StepFailedException: Unable to double click on object 'Object Repository/Pricing-Test Plan Regresión Core/Page_Visualizar COMPLEMENTOS/button_Listado'
	at com.kms.katalon.core.webui.keyword.internal.WebUIKeywordMain.stepFailed(WebUIKeywordMain.groovy:64)
	at com.kms.katalon.core.webui.keyword.internal.WebUIKeywordMain.runKeyword(WebUIKeywordMain.groovy:26)
	at com.kms.katalon.core.webui.keyword.builtin.DoubleClickKeyword.doubleClick(DoubleClickKeyword.groovy:87)
	at com.kms.katalon.core.webui.keyword.builtin.DoubleClickKeyword.execute(DoubleClickKeyword.groovy:67)
	at com.kms.katalon.core.keyword.internal.KeywordExecutor.executeKeywordForPlatform(KeywordExecutor.groovy:74)
	at com.kms.katalon.core.webui.keyword.WebUiBuiltInKeywords.doubleClick(WebUiBuiltInKeywords.groovy:766)
	at P25-2186-POLITICAS-Visualizar Politica Combustible.run(P25-2186-POLITICAS-Visualizar Politica Combustible:95)
	at com.kms.katalon.core.main.ScriptEngine.run(ScriptEngine.java:194)
	at com.kms.katalon.core.main.ScriptEngine.runScriptAsRawText(ScriptEngine.java:119)
	at com.kms.katalon.core.main.TestCaseExecutor.runScript(TestCaseExecutor.java:448)
	at com.kms.katalon.core.main.TestCaseExecutor.doExecute(TestCaseExecutor.java:439)
	at com.kms.katalon.core.main.TestCaseExecutor.processExecutionPhase(TestCaseExecutor.java:418)
	at com.kms.katalon.core.main.TestCaseExecutor.accessMainPhase(TestCaseExecutor.java:410)
	at com.kms.katalon.core.main.TestCaseExecutor.execute(TestCaseExecutor.java:285)
	at com.kms.katalon.core.main.TestCaseExecutor.execute(TestCaseExecutor.java:369)
	at com.kms.katalon.core.main.TestCaseExecutor.execute(TestCaseExecutor.java:369)
	at com.kms.katalon.core.main.TestCaseExecutor.execute(TestCaseExecutor.java:369)
	at com.kms.katalon.core.common.CommonExecutor.accessTestCaseMainPhase(CommonExecutor.java:65)
	at com.kms.katalon.core.main.TestSuiteExecutor.accessTestSuiteMainPhase(TestSuiteExecutor.java:150)
	at com.kms.katalon.core.main.TestSuiteExecutor.execute(TestSuiteExecutor.java:106)
	at com.kms.katalon.core.main.TestCaseMain.startTestSuite(TestCaseMain.java:180)
	at TempTestSuite1732719871317.run(TempTestSuite1732719871317.groovy:35)
	at java.base/jdk.internal.reflect.NativeMethodAccessorImpl.invoke0(Native Method)
	at java.base/jdk.internal.reflect.NativeMethodAccessorImpl.invoke(NativeMethodAccessorImpl.java:77)
	at java.base/jdk.internal.reflect.DelegatingMethodAccessorImpl.invoke(DelegatingMethodAccessorImpl.java:43)
Caused by: com.kms.katalon.core.webui.exception.WebElementNotFoundException: Web element with id: 'Object Repository/Pricing-Test Plan Regresión Core/Page_Visualizar COMPLEMENTOS/button_Listado' located by '//a[@class = 'btn btn-secondary' and (contains(text(), 'Listado') or contains(., 'Listado'))]' not found
	at com.kms.katalon.core.webui.common.WebUiCommonHelper.findWebElement(WebUiCommonHelper.java:1426)
	at com.kms.katalon.core.webui.keyword.internal.WebUIAbstractKeyword.findWebElement(WebUIAbstractKeyword.groovy:27)
	at com.kms.katalon.core.webui.keyword.internal.WebUIAbstractKeyword.findWebElement(WebUIAbstractKeyword.groovy:26)
	at com.kms.katalon.core.webui.keyword.builtin.DoubleClickKeyword$_doubleClick_closure1.doCall(DoubleClickKeyword.groovy:77)
	at com.kms.katalon.core.webui.keyword.builtin.DoubleClickKeyword$_doubleClick_closure1.call(DoubleClickKeyword.groovy)
	at com.kms.katalon.core.webui.keyword.internal.WebUIKeywordMain.runKeyword(WebUIKeywordMain.groovy:20)
	at com.kms.katalon.core.webui.keyword.builtin.DoubleClickKeyword.doubleClick(DoubleClickKeyword.groovy:87)
	at com.kms.katalon.core.webui.keyword.builtin.DoubleClickKeyword.execute(DoubleClickKeyword.groovy:67)
	at com.kms.katalon.core.keyword.internal.KeywordExecutor.executeKeywordForPlatform(KeywordExecutor.groovy:74)
	at com.kms.katalon.core.webui.keyword.WebUiBuiltInKeywords.doubleClick(WebUiBuiltInKeywords.groovy:766)
	at Script1712139102343.run(Script1712139102343.groovy:95)
	... 18 more
)
[[ATTACHMENT|/Users/afernandezd/Katalon Studio/Pricing-PrimeraPrueba/Reports/20241127_160430/PRICING-Test Plan Regresi\u00F3n Core/20241127_160431/1732721602179.png]]]]></system-out>
         <system-err><![CDATA[27-11-2024T16:32:18 - [TEST_CASE][FAILED] - Test Cases/PRICING-Test Plan Regresión Core/P25-2186-POLITICAS-Visualizar Politica Combustible: Test Cases/PRICING-Test Plan Regresión Core/P25-2186-POLITICAS-Visualizar Politica Combustible FAILED.
Reason:
com.kms.katalon.core.exception.StepFailedException: Unable to double click on object 'Object Repository/Pricing-Test Plan Regresión Core/Page_Visualizar COMPLEMENTOS/button_Listado'
	at com.kms.katalon.core.webui.keyword.internal.WebUIKeywordMain.stepFailed(WebUIKeywordMain.groovy:64)
	at com.kms.katalon.core.webui.keyword.internal.WebUIKeywordMain.runKeyword(WebUIKeywordMain.groovy:26)
	at com.kms.katalon.core.webui.keyword.builtin.DoubleClickKeyword.doubleClick(DoubleClickKeyword.groovy:87)
	at com.kms.katalon.core.webui.keyword.builtin.DoubleClickKeyword.execute(DoubleClickKeyword.groovy:67)
	at com.kms.katalon.core.keyword.internal.KeywordExecutor.executeKeywordForPlatform(KeywordExecutor.groovy:74)
	at com.kms.katalon.core.webui.keyword.WebUiBuiltInKeywords.doubleClick(WebUiBuiltInKeywords.groovy:766)
	at P25-2186-POLITICAS-Visualizar Politica Combustible.run(P25-2186-POLITICAS-Visualizar Politica Combustible:95)
	at com.kms.katalon.core.main.ScriptEngine.run(ScriptEngine.java:194)
	at com.kms.katalon.core.main.ScriptEngine.runScriptAsRawText(ScriptEngine.java:119)
	at com.kms.katalon.core.main.TestCaseExecutor.runScript(TestCaseExecutor.java:448)
	at com.kms.katalon.core.main.TestCaseExecutor.doExecute(TestCaseExecutor.java:439)
	at com.kms.katalon.core.main.TestCaseExecutor.processExecutionPhase(TestCaseExecutor.java:418)
	at com.kms.katalon.core.main.TestCaseExecutor.accessMainPhase(TestCaseExecutor.java:410)
	at com.kms.katalon.core.main.TestCaseExecutor.execute(TestCaseExecutor.java:285)
	at com.kms.katalon.core.main.TestCaseExecutor.execute(TestCaseExecutor.java:369)
	at com.kms.katalon.core.main.TestCaseExecutor.execute(TestCaseExecutor.java:369)
	at com.kms.katalon.core.main.TestCaseExecutor.execute(TestCaseExecutor.java:369)
	at com.kms.katalon.core.common.CommonExecutor.accessTestCaseMainPhase(CommonExecutor.java:65)
	at com.kms.katalon.core.main.TestSuiteExecutor.accessTestSuiteMainPhase(TestSuiteExecutor.java:150)
	at com.kms.katalon.core.main.TestSuiteExecutor.execute(TestSuiteExecutor.java:106)
	at com.kms.katalon.core.main.TestCaseMain.startTestSuite(TestCaseMain.java:180)
	at TempTestSuite1732719871317.run(TempTestSuite1732719871317.groovy:35)
	at java.base/jdk.internal.reflect.NativeMethodAccessorImpl.invoke0(Native Method)
	at java.base/jdk.internal.reflect.NativeMethodAccessorImpl.invoke(NativeMethodAccessorImpl.java:77)
	at java.base/jdk.internal.reflect.DelegatingMethodAccessorImpl.invoke(DelegatingMethodAccessorImpl.java:43)
Caused by: com.kms.katalon.core.webui.exception.WebElementNotFoundException: Web element with id: 'Object Repository/Pricing-Test Plan Regresión Core/Page_Visualizar COMPLEMENTOS/button_Listado' located by '//a[@class = 'btn btn-secondary' and (contains(text(), 'Listado') or contains(., 'Listado'))]' not found
	at com.kms.katalon.core.webui.common.WebUiCommonHelper.findWebElement(WebUiCommonHelper.java:1426)
	at com.kms.katalon.core.webui.keyword.internal.WebUIAbstractKeyword.findWebElement(WebUIAbstractKeyword.groovy:27)
	at com.kms.katalon.core.webui.keyword.internal.WebUIAbstractKeyword.findWebElement(WebUIAbstractKeyword.groovy:26)
	at com.kms.katalon.core.webui.keyword.builtin.DoubleClickKeyword$_doubleClick_closure1.doCall(DoubleClickKeyword.groovy:77)
	at com.kms.katalon.core.webui.keyword.builtin.DoubleClickKeyword$_doubleClick_closure1.call(DoubleClickKeyword.groovy)
	at com.kms.katalon.core.webui.keyword.internal.WebUIKeywordMain.runKeyword(WebUIKeywordMain.groovy:20)
	... 23 more]]></system-err>
      </testcase>
      <system-out><![CDATA[27-11-2024T16:04:32 - [TEST_SUITE][FAILED] - PRICING-Test Plan Regresión Core: Test Cases/PRICING-Test Plan Regresión Core/P25-2244-PRODUCTOS-Visualizar productos-Ver detalle FAILED.
Reason:
com.kms.katalon.core.exception.StepFailedException: Unable to click on object 'Object Repository/Pricing-Test Plan Regresión Core/Page_Visualizar PRODUCTOS/ExpandDatosBasicosProduct'
	at com.kms.katalon.core.webui.keyword.internal.WebUIKeywordMain.stepFailed(WebUIKeywordMain.groovy:64)
	at com.kms.katalon.core.webui.keyword.internal.WebUIKeywordMain.runKeyword(WebUIKeywordMain.groovy:26)
	at com.kms.katalon.core.webui.keyword.builtin.ClickKeyword.click(ClickKeyword.groovy:74)
	at com.kms.katalon.core.webui.keyword.builtin.ClickKeyword.execute(ClickKeyword.groovy:40)
	at com.kms.katalon.core.keyword.internal.KeywordExecutor.executeKeywordForPlatform(KeywordExecutor.groovy:74)
	at com.kms.katalon.core.webui.keyword.WebUiBuiltInKeywords.click(WebUiBuiltInKeywords.groovy:659)
	at P25-2244-PRODUCTOS-Visualizar productos-Ver detalle.run(P25-2244-PRODUCTOS-Visualizar productos-Ver detalle:67)
	at com.kms.katalon.core.main.ScriptEngine.run(ScriptEngine.java:194)
	at com.kms.katalon.core.main.ScriptEngine.runScriptAsRawText(ScriptEngine.java:119)
	at com.kms.katalon.core.main.TestCaseExecutor.runScript(TestCaseExecutor.java:448)
	at com.kms.katalon.core.main.TestCaseExecutor.doExecute(TestCaseExecutor.java:439)
	at com.kms.katalon.core.main.TestCaseExecutor.processExecutionPhase(TestCaseExecutor.java:418)
	at com.kms.katalon.core.main.TestCaseExecutor.accessMainPhase(TestCaseExecutor.java:410)
	at com.kms.katalon.core.main.TestCaseExecutor.execute(TestCaseExecutor.java:285)
	at com.kms.katalon.core.common.CommonExecutor.accessTestCaseMainPhase(CommonExecutor.java:65)
	at com.kms.katalon.core.main.TestSuiteExecutor.accessTestSuiteMainPhase(TestSuiteExecutor.java:150)
	at com.kms.katalon.core.main.TestSuiteExecutor.execute(TestSuiteExecutor.java:106)
	at com.kms.katalon.core.main.TestCaseMain.startTestSuite(TestCaseMain.java:180)
	at TempTestSuite1732719871317.run(TempTestSuite1732719871317.groovy:35)
	at java.base/jdk.internal.reflect.NativeMethodAccessorImpl.invoke0(Native Method)
	at java.base/jdk.internal.reflect.NativeMethodAccessorImpl.invoke(NativeMethodAccessorImpl.java:77)
	at java.base/jdk.internal.reflect.DelegatingMethodAccessorImpl.invoke(DelegatingMethodAccessorImpl.java:43)
Caused by: com.kms.katalon.core.webui.exception.WebElementNotFoundException: Web element with id: 'Object Repository/Pricing-Test Plan Regresión Core/Page_Visualizar PRODUCTOS/ExpandDatosBasicosProduct' located by '//div[@id='basicData']/div/div[2]/div/a' not found
	at com.kms.katalon.core.webui.common.WebUiCommonHelper.findWebElement(WebUiCommonHelper.java:1426)
	at com.kms.katalon.core.webui.keyword.internal.WebUIAbstractKeyword.findWebElement(WebUIAbstractKeyword.groovy:27)
	at com.kms.katalon.core.webui.keyword.builtin.ClickKeyword$_click_closure1.doCall(ClickKeyword.groovy:65)
	at com.kms.katalon.core.webui.keyword.builtin.ClickKeyword$_click_closure1.call(ClickKeyword.groovy)
	at com.kms.katalon.core.webui.keyword.internal.WebUIKeywordMain.runKeyword(WebUIKeywordMain.groovy:20)
	... 20 more]]></system-out>
      <system-err><![CDATA[27-11-2024T16:04:32 - [TEST_SUITE][FAILED] - PRICING-Test Plan Regresión Core: Test Cases/PRICING-Test Plan Regresión Core/P25-2244-PRODUCTOS-Visualizar productos-Ver detalle FAILED.
Reason:
com.kms.katalon.core.exception.StepFailedException: Unable to click on object 'Object Repository/Pricing-Test Plan Regresión Core/Page_Visualizar PRODUCTOS/ExpandDatosBasicosProduct'
	at com.kms.katalon.core.webui.keyword.internal.WebUIKeywordMain.stepFailed(WebUIKeywordMain.groovy:64)
	at com.kms.katalon.core.webui.keyword.internal.WebUIKeywordMain.runKeyword(WebUIKeywordMain.groovy:26)
	at com.kms.katalon.core.webui.keyword.builtin.ClickKeyword.click(ClickKeyword.groovy:74)
	at com.kms.katalon.core.webui.keyword.builtin.ClickKeyword.execute(ClickKeyword.groovy:40)
	at com.kms.katalon.core.keyword.internal.KeywordExecutor.executeKeywordForPlatform(KeywordExecutor.groovy:74)
	at com.kms.katalon.core.webui.keyword.WebUiBuiltInKeywords.click(WebUiBuiltInKeywords.groovy:659)
	at P25-2244-PRODUCTOS-Visualizar productos-Ver detalle.run(P25-2244-PRODUCTOS-Visualizar productos-Ver detalle:67)
	at com.kms.katalon.core.main.ScriptEngine.run(ScriptEngine.java:194)
	at com.kms.katalon.core.main.ScriptEngine.runScriptAsRawText(ScriptEngine.java:119)
	at com.kms.katalon.core.main.TestCaseExecutor.runScript(TestCaseExecutor.java:448)
	at com.kms.katalon.core.main.TestCaseExecutor.doExecute(TestCaseExecutor.java:439)
	at com.kms.katalon.core.main.TestCaseExecutor.processExecutionPhase(TestCaseExecutor.java:418)
	at com.kms.katalon.core.main.TestCaseExecutor.accessMainPhase(TestCaseExecutor.java:410)
	at com.kms.katalon.core.main.TestCaseExecutor.execute(TestCaseExecutor.java:285)
	at com.kms.katalon.core.common.CommonExecutor.accessTestCaseMainPhase(CommonExecutor.java:65)
	at com.kms.katalon.core.main.TestSuiteExecutor.accessTestSuiteMainPhase(TestSuiteExecutor.java:150)
	at com.kms.katalon.core.main.TestSuiteExecutor.execute(TestSuiteExecutor.java:106)
	at com.kms.katalon.core.main.TestCaseMain.startTestSuite(TestCaseMain.java:180)
	at TempTestSuite1732719871317.run(TempTestSuite1732719871317.groovy:35)
	at java.base/jdk.internal.reflect.NativeMethodAccessorImpl.invoke0(Native Method)
	at java.base/jdk.internal.reflect.NativeMethodAccessorImpl.invoke(NativeMethodAccessorImpl.java:77)
	at java.base/jdk.internal.reflect.DelegatingMethodAccessorImpl.invoke(DelegatingMethodAccessorImpl.java:43)
Caused by: com.kms.katalon.core.webui.exception.WebElementNotFoundException: Web element with id: 'Object Repository/Pricing-Test Plan Regresión Core/Page_Visualizar PRODUCTOS/ExpandDatosBasicosProduct' located by '//div[@id='basicData']/div/div[2]/div/a' not found
	at com.kms.katalon.core.webui.common.WebUiCommonHelper.findWebElement(WebUiCommonHelper.java:1426)
	at com.kms.katalon.core.webui.keyword.internal.WebUIAbstractKeyword.findWebElement(WebUIAbstractKeyword.groovy:27)
	at com.kms.katalon.core.webui.keyword.builtin.ClickKeyword$_click_closure1.doCall(ClickKeyword.groovy:65)
	at com.kms.katalon.core.webui.keyword.builtin.ClickKeyword$_click_closure1.call(ClickKeyword.groovy)
	at com.kms.katalon.core.webui.keyword.internal.WebUIKeywordMain.runKeyword(WebUIKeywordMain.groovy:20)
	... 20 more]]></system-err>
   </testsuite>
</testsuites>
